[0.133s] Invoking command in '/home/pi/ugv_ws/build/vizanti_server': CMAKE_PREFIX_PATH=/home/pi/ugv_ws/install/vizanti_msgs:/home/pi/ugv_ws/install/vizanti:/home/pi/ugv_ws/install/vizanti_server:/home/pi/ugv_ws/install/vizanti_demos:/home/pi/ugv_ws/install/vizanti_cpp:/home/pi/ugv_ws/install/ugv_slam:/home/pi/ugv_ws/install/ugv_nav:/home/pi/ugv_ws/install/ugv_interface:/home/pi/ugv_ws/install/ugv_gazebo:/home/pi/ugv_ws/install/ugv_description:/home/pi/ugv_ws/install/ugv_base_node:/home/pi/ugv_ws/install/teb_local_planner:/home/pi/ugv_ws/install/teb_msgs:/home/pi/ugv_ws/install/sllidar_ros2:/home/pi/ugv_ws/install/slam_gmapping:/home/pi/ugv_ws/install/robot_pose_publisher:/home/pi/ugv_ws/install/rf2o_laser_odometry:/home/pi/ugv_ws/install/openslam_gmapping:/home/pi/ugv_ws/install/ldlidar:/home/pi/ugv_ws/install/explore_lite:/home/pi/ugv_ws/install/emcl2:/home/pi/ugv_ws/install/costmap_converter:/home/pi/ugv_ws/install/costmap_converter_msgs:/home/pi/ugv_ws/install/cartographer:/home/pi/ugv_ws/install/apriltag_ros:/home/pi/ugv_ws/install/apriltag_msgs:/home/pi/ugv_ws/install/apriltag:/home/pi/ugv_ws/install/ugv_web_app:/home/pi/ugv_ws/install/ugv_vision:/home/pi/ugv_ws/install/ugv_tools:/home/pi/ugv_ws/install/ugv_chat_ai:/home/pi/ugv_ws/install/ugv_bringup:/opt/ros/humble /usr/bin/cmake --build /home/pi/ugv_ws/build/vizanti_server -- -j4 -l4
[0.543s] Invoked command in '/home/pi/ugv_ws/build/vizanti_server' returned '0': CMAKE_PREFIX_PATH=/home/pi/ugv_ws/install/vizanti_msgs:/home/pi/ugv_ws/install/vizanti:/home/pi/ugv_ws/install/vizanti_server:/home/pi/ugv_ws/install/vizanti_demos:/home/pi/ugv_ws/install/vizanti_cpp:/home/pi/ugv_ws/install/ugv_slam:/home/pi/ugv_ws/install/ugv_nav:/home/pi/ugv_ws/install/ugv_interface:/home/pi/ugv_ws/install/ugv_gazebo:/home/pi/ugv_ws/install/ugv_description:/home/pi/ugv_ws/install/ugv_base_node:/home/pi/ugv_ws/install/teb_local_planner:/home/pi/ugv_ws/install/teb_msgs:/home/pi/ugv_ws/install/sllidar_ros2:/home/pi/ugv_ws/install/slam_gmapping:/home/pi/ugv_ws/install/robot_pose_publisher:/home/pi/ugv_ws/install/rf2o_laser_odometry:/home/pi/ugv_ws/install/openslam_gmapping:/home/pi/ugv_ws/install/ldlidar:/home/pi/ugv_ws/install/explore_lite:/home/pi/ugv_ws/install/emcl2:/home/pi/ugv_ws/install/costmap_converter:/home/pi/ugv_ws/install/costmap_converter_msgs:/home/pi/ugv_ws/install/cartographer:/home/pi/ugv_ws/install/apriltag_ros:/home/pi/ugv_ws/install/apriltag_msgs:/home/pi/ugv_ws/install/apriltag:/home/pi/ugv_ws/install/ugv_web_app:/home/pi/ugv_ws/install/ugv_vision:/home/pi/ugv_ws/install/ugv_tools:/home/pi/ugv_ws/install/ugv_chat_ai:/home/pi/ugv_ws/install/ugv_bringup:/opt/ros/humble /usr/bin/cmake --build /home/pi/ugv_ws/build/vizanti_server -- -j4 -l4
[0.559s] Invoking command in '/home/pi/ugv_ws/build/vizanti_server': CMAKE_PREFIX_PATH=/home/pi/ugv_ws/install/vizanti_msgs:/home/pi/ugv_ws/install/vizanti:/home/pi/ugv_ws/install/vizanti_server:/home/pi/ugv_ws/install/vizanti_demos:/home/pi/ugv_ws/install/vizanti_cpp:/home/pi/ugv_ws/install/ugv_slam:/home/pi/ugv_ws/install/ugv_nav:/home/pi/ugv_ws/install/ugv_interface:/home/pi/ugv_ws/install/ugv_gazebo:/home/pi/ugv_ws/install/ugv_description:/home/pi/ugv_ws/install/ugv_base_node:/home/pi/ugv_ws/install/teb_local_planner:/home/pi/ugv_ws/install/teb_msgs:/home/pi/ugv_ws/install/sllidar_ros2:/home/pi/ugv_ws/install/slam_gmapping:/home/pi/ugv_ws/install/robot_pose_publisher:/home/pi/ugv_ws/install/rf2o_laser_odometry:/home/pi/ugv_ws/install/openslam_gmapping:/home/pi/ugv_ws/install/ldlidar:/home/pi/ugv_ws/install/explore_lite:/home/pi/ugv_ws/install/emcl2:/home/pi/ugv_ws/install/costmap_converter:/home/pi/ugv_ws/install/costmap_converter_msgs:/home/pi/ugv_ws/install/cartographer:/home/pi/ugv_ws/install/apriltag_ros:/home/pi/ugv_ws/install/apriltag_msgs:/home/pi/ugv_ws/install/apriltag:/home/pi/ugv_ws/install/ugv_web_app:/home/pi/ugv_ws/install/ugv_vision:/home/pi/ugv_ws/install/ugv_tools:/home/pi/ugv_ws/install/ugv_chat_ai:/home/pi/ugv_ws/install/ugv_bringup:/opt/ros/humble /usr/bin/cmake --install /home/pi/ugv_ws/build/vizanti_server
[0.673s] -- Install configuration: ""
[0.677s] -- Execute custom install script
[0.681s] -- Up-to-date symlink: /home/pi/ugv_ws/install/vizanti_server/share/vizanti_server//launch/vizanti_rws.launch.py
[0.683s] -- Up-to-date symlink: /home/pi/ugv_ws/install/vizanti_server/share/vizanti_server//launch/vizanti_server.launch.py
[0.712s] -- Up-to-date symlink: /home/pi/ugv_ws/install/vizanti_server/share/vizanti_server//public/assets/add.svg
[0.714s] -- Up-to-date symlink: /home/pi/ugv_ws/install/vizanti_server/share/vizanti_server//public/assets/altimeter.svg
[0.722s] -- Up-to-date symlink: /home/pi/ugv_ws/install/vizanti_server/share/vizanti_server//public/assets/altimeter_arrow.svg
[0.725s] -- Up-to-date symlink: /home/pi/ugv_ws/install/vizanti_server/share/vizanti_server//public/assets/altimeter_arrow_green.svg
[0.729s] -- Up-to-date symlink: /home/pi/ugv_ws/install/vizanti_server/share/vizanti_server//public/assets/altimeter_green.svg
[0.731s] -- Up-to-date symlink: /home/pi/ugv_ws/install/vizanti_server/share/vizanti_server//public/assets/area.svg
[0.734s] -- Up-to-date symlink: /home/pi/ugv_ws/install/vizanti_server/share/vizanti_server//public/assets/battery_100.svg
[0.739s] -- Up-to-date symlink: /home/pi/ugv_ws/install/vizanti_server/share/vizanti_server//public/assets/battery_20.svg
[0.743s] -- Up-to-date symlink: /home/pi/ugv_ws/install/vizanti_server/share/vizanti_server//public/assets/battery_40.svg
[0.743s] -- Up-to-date symlink: /home/pi/ugv_ws/install/vizanti_server/share/vizanti_server//public/assets/battery_60.svg
[0.748s] -- Up-to-date symlink: /home/pi/ugv_ws/install/vizanti_server/share/vizanti_server//public/assets/battery_80.svg
[0.751s] -- Up-to-date symlink: /home/pi/ugv_ws/install/vizanti_server/share/vizanti_server//public/assets/battery_unknown.svg
[0.754s] -- Up-to-date symlink: /home/pi/ugv_ws/install/vizanti_server/share/vizanti_server//public/assets/button.svg
[0.756s] -- Up-to-date symlink: /home/pi/ugv_ws/install/vizanti_server/share/vizanti_server//public/assets/button_false.svg
[0.757s] -- Up-to-date symlink: /home/pi/ugv_ws/install/vizanti_server/share/vizanti_server//public/assets/button_true.svg
[0.760s] -- Up-to-date symlink: /home/pi/ugv_ws/install/vizanti_server/share/vizanti_server//public/assets/costmap.svg
[0.764s] -- Up-to-date symlink: /home/pi/ugv_ws/install/vizanti_server/share/vizanti_server//public/assets/default_layout.json
[0.764s] -- Up-to-date symlink: /home/pi/ugv_ws/install/vizanti_server/share/vizanti_server//public/assets/folder.svg
[0.765s] -- Up-to-date symlink: /home/pi/ugv_ws/install/vizanti_server/share/vizanti_server//public/assets/grid.svg
[0.767s] -- Up-to-date symlink: /home/pi/ugv_ws/install/vizanti_server/share/vizanti_server//public/assets/gridcells.svg
[0.769s] -- Up-to-date symlink: /home/pi/ugv_ws/install/vizanti_server/share/vizanti_server//public/assets/icon/152.png
[0.772s] -- Up-to-date symlink: /home/pi/ugv_ws/install/vizanti_server/share/vizanti_server//public/assets/icon/16.png
[0.773s] -- Up-to-date symlink: /home/pi/ugv_ws/install/vizanti_server/share/vizanti_server//public/assets/icon/192.png
[0.775s] -- Up-to-date symlink: /home/pi/ugv_ws/install/vizanti_server/share/vizanti_server//public/assets/icon/32.png
[0.778s] -- Up-to-date symlink: /home/pi/ugv_ws/install/vizanti_server/share/vizanti_server//public/assets/icon/512.png
[0.781s] -- Up-to-date symlink: /home/pi/ugv_ws/install/vizanti_server/share/vizanti_server//public/assets/icon/96.png
[0.782s] -- Up-to-date symlink: /home/pi/ugv_ws/install/vizanti_server/share/vizanti_server//public/assets/icon/icon.svg
[0.788s] -- Up-to-date symlink: /home/pi/ugv_ws/install/vizanti_server/share/vizanti_server//public/assets/icon/manifest.json
[0.793s] -- Up-to-date symlink: /home/pi/ugv_ws/install/vizanti_server/share/vizanti_server//public/assets/icon/preview.jpg
[0.794s] -- Up-to-date symlink: /home/pi/ugv_ws/install/vizanti_server/share/vizanti_server//public/assets/image.svg
[0.795s] -- Up-to-date symlink: /home/pi/ugv_ws/install/vizanti_server/share/vizanti_server//public/assets/initialpose.png
[0.798s] -- Up-to-date symlink: /home/pi/ugv_ws/install/vizanti_server/share/vizanti_server//public/assets/initialpose.svg
[0.799s] -- Up-to-date symlink: /home/pi/ugv_ws/install/vizanti_server/share/vizanti_server//public/assets/joypos.svg
[0.799s] -- Up-to-date symlink: /home/pi/ugv_ws/install/vizanti_server/share/vizanti_server//public/assets/joystick.svg
[0.800s] -- Up-to-date symlink: /home/pi/ugv_ws/install/vizanti_server/share/vizanti_server//public/assets/map.svg
[0.800s] -- Up-to-date symlink: /home/pi/ugv_ws/install/vizanti_server/share/vizanti_server//public/assets/marker.svg
[0.805s] -- Up-to-date symlink: /home/pi/ugv_ws/install/vizanti_server/share/vizanti_server//public/assets/markerarray.svg
[0.806s] -- Up-to-date symlink: /home/pi/ugv_ws/install/vizanti_server/share/vizanti_server//public/assets/node_kill.svg
[0.809s] -- Up-to-date symlink: /home/pi/ugv_ws/install/vizanti_server/share/vizanti_server//public/assets/node_restart.svg
[0.810s] -- Up-to-date symlink: /home/pi/ugv_ws/install/vizanti_server/share/vizanti_server//public/assets/nodemgr.svg
[0.811s] -- Up-to-date symlink: /home/pi/ugv_ws/install/vizanti_server/share/vizanti_server//public/assets/path.svg
[0.813s] -- Up-to-date symlink: /home/pi/ugv_ws/install/vizanti_server/share/vizanti_server//public/assets/pointcloud.svg
[0.813s] -- Up-to-date symlink: /home/pi/ugv_ws/install/vizanti_server/share/vizanti_server//public/assets/posearray.svg
[0.816s] -- Up-to-date symlink: /home/pi/ugv_ws/install/vizanti_server/share/vizanti_server//public/assets/posewithcovariancestamped.svg
[0.821s] -- Up-to-date symlink: /home/pi/ugv_ws/install/vizanti_server/share/vizanti_server//public/assets/range.svg
[0.822s] -- Up-to-date symlink: /home/pi/ugv_ws/install/vizanti_server/share/vizanti_server//public/assets/rawmap.svg
[0.822s] -- Up-to-date symlink: /home/pi/ugv_ws/install/vizanti_server/share/vizanti_server//public/assets/reconfigure.svg
[0.824s] -- Up-to-date symlink: /home/pi/ugv_ws/install/vizanti_server/share/vizanti_server//public/assets/robot_model/_2wd.png
[0.824s] -- Up-to-date symlink: /home/pi/ugv_ws/install/vizanti_server/share/vizanti_server//public/assets/robot_model/_4wd.png
[0.824s] -- Up-to-date symlink: /home/pi/ugv_ws/install/vizanti_server/share/vizanti_server//public/assets/robot_model/_arrow.png
[0.825s] -- Up-to-date symlink: /home/pi/ugv_ws/install/vizanti_server/share/vizanti_server//public/assets/robot_model/_dog.png
[0.825s] -- Up-to-date symlink: /home/pi/ugv_ws/install/vizanti_server/share/vizanti_server//public/assets/robot_model/_hatchback.png
[0.826s] -- Up-to-date symlink: /home/pi/ugv_ws/install/vizanti_server/share/vizanti_server//public/assets/robot_model/_orca.png
[0.829s] -- Up-to-date symlink: /home/pi/ugv_ws/install/vizanti_server/share/vizanti_server//public/assets/robot_model/_pancake.png
[0.830s] -- Up-to-date symlink: /home/pi/ugv_ws/install/vizanti_server/share/vizanti_server//public/assets/robot_model/_rccar.png
[0.831s] -- Up-to-date symlink: /home/pi/ugv_ws/install/vizanti_server/share/vizanti_server//public/assets/robot_model/_sandwich.png
[0.831s] -- Up-to-date symlink: /home/pi/ugv_ws/install/vizanti_server/share/vizanti_server//public/assets/robot_model/_tortoise.png
[0.831s] -- Up-to-date symlink: /home/pi/ugv_ws/install/vizanti_server/share/vizanti_server//public/assets/robot_model/_tuna.png
[0.832s] -- Up-to-date symlink: /home/pi/ugv_ws/install/vizanti_server/share/vizanti_server//public/assets/robotmodel.svg
[0.835s] -- Up-to-date symlink: /home/pi/ugv_ws/install/vizanti_server/share/vizanti_server//public/assets/rosbag.svg
[0.835s] -- Up-to-date symlink: /home/pi/ugv_ws/install/vizanti_server/share/vizanti_server//public/assets/rosbag_active.svg
[0.844s] -- Up-to-date symlink: /home/pi/ugv_ws/install/vizanti_server/share/vizanti_server//public/assets/rosbridge_connected.svg
[0.846s] -- Up-to-date symlink: /home/pi/ugv_ws/install/vizanti_server/share/vizanti_server//public/assets/rosbridge_disconnected.svg
[0.846s] -- Up-to-date symlink: /home/pi/ugv_ws/install/vizanti_server/share/vizanti_server//public/assets/rosbridge_reconnect.svg
[0.847s] -- Up-to-date symlink: /home/pi/ugv_ws/install/vizanti_server/share/vizanti_server//public/assets/satelite.svg
[0.847s] -- Up-to-date symlink: /home/pi/ugv_ws/install/vizanti_server/share/vizanti_server//public/assets/scan.svg
[0.848s] -- Up-to-date symlink: /home/pi/ugv_ws/install/vizanti_server/share/vizanti_server//public/assets/settings.svg
[0.848s] -- Up-to-date symlink: /home/pi/ugv_ws/install/vizanti_server/share/vizanti_server//public/assets/simplegoal.png
[0.849s] -- Up-to-date symlink: /home/pi/ugv_ws/install/vizanti_server/share/vizanti_server//public/assets/simplegoal.svg
[0.857s] -- Up-to-date symlink: /home/pi/ugv_ws/install/vizanti_server/share/vizanti_server//public/assets/temp_cold.svg
[0.858s] -- Up-to-date symlink: /home/pi/ugv_ws/install/vizanti_server/share/vizanti_server//public/assets/temp_hot.svg
[0.861s] -- Up-to-date symlink: /home/pi/ugv_ws/install/vizanti_server/share/vizanti_server//public/assets/temp_unknown.svg
[0.861s] -- Up-to-date symlink: /home/pi/ugv_ws/install/vizanti_server/share/vizanti_server//public/assets/temp_warm.svg
[0.867s] -- Up-to-date symlink: /home/pi/ugv_ws/install/vizanti_server/share/vizanti_server//public/assets/tf.svg
[0.868s] -- Up-to-date symlink: /home/pi/ugv_ws/install/vizanti_server/share/vizanti_server//public/assets/tile_error.png
[0.869s] -- Up-to-date symlink: /home/pi/ugv_ws/install/vizanti_server/share/vizanti_server//public/assets/tile_loading.png
[0.870s] -- Up-to-date symlink: /home/pi/ugv_ws/install/vizanti_server/share/vizanti_server//public/assets/waypoints.svg
[0.871s] -- Up-to-date symlink: /home/pi/ugv_ws/install/vizanti_server/share/vizanti_server//public/css/style.css
[0.872s] -- Up-to-date symlink: /home/pi/ugv_ws/install/vizanti_server/share/vizanti_server//public/head.html
[0.874s] -- Up-to-date symlink: /home/pi/ugv_ws/install/vizanti_server/share/vizanti_server//public/iconbar.html
[0.875s] -- Up-to-date symlink: /home/pi/ugv_ws/install/vizanti_server/share/vizanti_server//public/index.html
[0.876s] -- Up-to-date symlink: /home/pi/ugv_ws/install/vizanti_server/share/vizanti_server//public/js/lib/nipplejs.js
[0.876s] -- Up-to-date symlink: /home/pi/ugv_ws/install/vizanti_server/share/vizanti_server//public/js/lib/nipplejs.min.js
[0.877s] -- Up-to-date symlink: /home/pi/ugv_ws/install/vizanti_server/share/vizanti_server//public/js/lib/nipplejs_LICENSE.txt
[0.878s] -- Up-to-date symlink: /home/pi/ugv_ws/install/vizanti_server/share/vizanti_server//public/js/lib/quaternion.min.js
[0.879s] -- Up-to-date symlink: /home/pi/ugv_ws/install/vizanti_server/share/vizanti_server//public/js/lib/quaternionjs_LICENSE.txt
[0.879s] -- Up-to-date symlink: /home/pi/ugv_ws/install/vizanti_server/share/vizanti_server//public/js/lib/roslib.min.js
[0.880s] -- Up-to-date symlink: /home/pi/ugv_ws/install/vizanti_server/share/vizanti_server//public/js/lib/roslibjs_LICENSE.txt
[0.882s] -- Up-to-date symlink: /home/pi/ugv_ws/install/vizanti_server/share/vizanti_server//public/js/main.js
[0.889s] -- Up-to-date symlink: /home/pi/ugv_ws/install/vizanti_server/share/vizanti_server//public/js/modules/database.js
[0.890s] -- Up-to-date symlink: /home/pi/ugv_ws/install/vizanti_server/share/vizanti_server//public/js/modules/elements.js
[0.891s] -- Up-to-date symlink: /home/pi/ugv_ws/install/vizanti_server/share/vizanti_server//public/js/modules/joystick.js
[0.891s] -- Up-to-date symlink: /home/pi/ugv_ws/install/vizanti_server/share/vizanti_server//public/js/modules/navsat.js
[0.892s] -- Up-to-date symlink: /home/pi/ugv_ws/install/vizanti_server/share/vizanti_server//public/js/modules/persistent.js
[0.893s] -- Up-to-date symlink: /home/pi/ugv_ws/install/vizanti_server/share/vizanti_server//public/js/modules/rosbridge.js
[0.893s] -- Up-to-date symlink: /home/pi/ugv_ws/install/vizanti_server/share/vizanti_server//public/js/modules/status.js
[0.894s] -- Up-to-date symlink: /home/pi/ugv_ws/install/vizanti_server/share/vizanti_server//public/js/modules/tf.js
[0.894s] -- Up-to-date symlink: /home/pi/ugv_ws/install/vizanti_server/share/vizanti_server//public/js/modules/util.js
[0.903s] -- Up-to-date symlink: /home/pi/ugv_ws/install/vizanti_server/share/vizanti_server//public/js/modules/view.js
[0.904s] -- Up-to-date symlink: /home/pi/ugv_ws/install/vizanti_server/share/vizanti_server//public/js/setup.js
[0.907s] -- Up-to-date symlink: /home/pi/ugv_ws/install/vizanti_server/share/vizanti_server//public/templates/add/add_icon.html
[0.909s] -- Up-to-date symlink: /home/pi/ugv_ws/install/vizanti_server/share/vizanti_server//public/templates/add/add_modal.html
[0.909s] -- Up-to-date symlink: /home/pi/ugv_ws/install/vizanti_server/share/vizanti_server//public/templates/add/add_script.js
[0.911s] -- Up-to-date symlink: /home/pi/ugv_ws/install/vizanti_server/share/vizanti_server//public/templates/altimeter/altimeter_icon.html
[0.913s] -- Up-to-date symlink: /home/pi/ugv_ws/install/vizanti_server/share/vizanti_server//public/templates/altimeter/altimeter_modal.html
[0.913s] -- Up-to-date symlink: /home/pi/ugv_ws/install/vizanti_server/share/vizanti_server//public/templates/altimeter/altimeter_script.js
[0.914s] -- Up-to-date symlink: /home/pi/ugv_ws/install/vizanti_server/share/vizanti_server//public/templates/altimeter/altimeter_view.html
[0.914s] -- Up-to-date symlink: /home/pi/ugv_ws/install/vizanti_server/share/vizanti_server//public/templates/area/area_icon.html
[0.915s] -- Up-to-date symlink: /home/pi/ugv_ws/install/vizanti_server/share/vizanti_server//public/templates/area/area_modal.html
[0.915s] -- Up-to-date symlink: /home/pi/ugv_ws/install/vizanti_server/share/vizanti_server//public/templates/area/area_script.js
[0.915s] -- Up-to-date symlink: /home/pi/ugv_ws/install/vizanti_server/share/vizanti_server//public/templates/area/area_view.html
[0.916s] -- Up-to-date symlink: /home/pi/ugv_ws/install/vizanti_server/share/vizanti_server//public/templates/battery/battery_icon.html
[0.916s] -- Up-to-date symlink: /home/pi/ugv_ws/install/vizanti_server/share/vizanti_server//public/templates/battery/battery_modal.html
[0.916s] -- Up-to-date symlink: /home/pi/ugv_ws/install/vizanti_server/share/vizanti_server//public/templates/battery/battery_script.js
[0.917s] -- Up-to-date symlink: /home/pi/ugv_ws/install/vizanti_server/share/vizanti_server//public/templates/button/button_icon.html
[0.918s] -- Up-to-date symlink: /home/pi/ugv_ws/install/vizanti_server/share/vizanti_server//public/templates/button/button_modal.html
[0.919s] -- Up-to-date symlink: /home/pi/ugv_ws/install/vizanti_server/share/vizanti_server//public/templates/button/button_script.js
[0.921s] -- Up-to-date symlink: /home/pi/ugv_ws/install/vizanti_server/share/vizanti_server//public/templates/compressedimage/compressedimage_icon.html
[0.922s] -- Up-to-date symlink: /home/pi/ugv_ws/install/vizanti_server/share/vizanti_server//public/templates/compressedimage/compressedimage_modal.html
[0.923s] -- Up-to-date symlink: /home/pi/ugv_ws/install/vizanti_server/share/vizanti_server//public/templates/compressedimage/compressedimage_script.js
[0.925s] -- Up-to-date symlink: /home/pi/ugv_ws/install/vizanti_server/share/vizanti_server//public/templates/compressedimage/compressedimage_view.html
[0.926s] -- Up-to-date symlink: /home/pi/ugv_ws/install/vizanti_server/share/vizanti_server//public/templates/folder/folder_icon.html
[0.927s] -- Up-to-date symlink: /home/pi/ugv_ws/install/vizanti_server/share/vizanti_server//public/templates/folder/folder_modal.html
[0.928s] -- Up-to-date symlink: /home/pi/ugv_ws/install/vizanti_server/share/vizanti_server//public/templates/folder/folder_script.js
[0.930s] -- Up-to-date symlink: /home/pi/ugv_ws/install/vizanti_server/share/vizanti_server//public/templates/grid/grid_icon.html
[0.931s] -- Up-to-date symlink: /home/pi/ugv_ws/install/vizanti_server/share/vizanti_server//public/templates/grid/grid_modal.html
[0.931s] -- Up-to-date symlink: /home/pi/ugv_ws/install/vizanti_server/share/vizanti_server//public/templates/grid/grid_script.js
[0.932s] -- Up-to-date symlink: /home/pi/ugv_ws/install/vizanti_server/share/vizanti_server//public/templates/grid/grid_view.html
[0.933s] -- Up-to-date symlink: /home/pi/ugv_ws/install/vizanti_server/share/vizanti_server//public/templates/gridcells/gridcells_icon.html
[0.934s] -- Up-to-date symlink: /home/pi/ugv_ws/install/vizanti_server/share/vizanti_server//public/templates/gridcells/gridcells_modal.html
[0.935s] -- Up-to-date symlink: /home/pi/ugv_ws/install/vizanti_server/share/vizanti_server//public/templates/gridcells/gridcells_script.js
[0.935s] -- Up-to-date symlink: /home/pi/ugv_ws/install/vizanti_server/share/vizanti_server//public/templates/gridcells/gridcells_view.html
[0.936s] -- Up-to-date symlink: /home/pi/ugv_ws/install/vizanti_server/share/vizanti_server//public/templates/initialpose/initialpose_icon.html
[0.937s] -- Up-to-date symlink: /home/pi/ugv_ws/install/vizanti_server/share/vizanti_server//public/templates/initialpose/initialpose_modal.html
[0.939s] -- Up-to-date symlink: /home/pi/ugv_ws/install/vizanti_server/share/vizanti_server//public/templates/initialpose/initialpose_script.js
[0.940s] -- Up-to-date symlink: /home/pi/ugv_ws/install/vizanti_server/share/vizanti_server//public/templates/initialpose/initialpose_view.html
[0.940s] -- Up-to-date symlink: /home/pi/ugv_ws/install/vizanti_server/share/vizanti_server//public/templates/map/map_icon.html
[0.942s] -- Up-to-date symlink: /home/pi/ugv_ws/install/vizanti_server/share/vizanti_server//public/templates/map/map_modal.html
[0.953s] -- Up-to-date symlink: /home/pi/ugv_ws/install/vizanti_server/share/vizanti_server//public/templates/map/map_script.js
[0.954s] -- Up-to-date symlink: /home/pi/ugv_ws/install/vizanti_server/share/vizanti_server//public/templates/map/map_view.html
[0.955s] -- Up-to-date symlink: /home/pi/ugv_ws/install/vizanti_server/share/vizanti_server//public/templates/map/map_worker.js
[0.955s] -- Up-to-date symlink: /home/pi/ugv_ws/install/vizanti_server/share/vizanti_server//public/templates/markerarray/markerarray_icon.html
[0.956s] -- Up-to-date symlink: /home/pi/ugv_ws/install/vizanti_server/share/vizanti_server//public/templates/markerarray/markerarray_modal.html
[0.957s] -- Up-to-date symlink: /home/pi/ugv_ws/install/vizanti_server/share/vizanti_server//public/templates/markerarray/markerarray_script.js
[0.957s] -- Up-to-date symlink: /home/pi/ugv_ws/install/vizanti_server/share/vizanti_server//public/templates/markerarray/markerarray_view.html
[0.958s] -- Up-to-date symlink: /home/pi/ugv_ws/install/vizanti_server/share/vizanti_server//public/templates/nodemgr/nodemgr_icon.html
[0.958s] -- Up-to-date symlink: /home/pi/ugv_ws/install/vizanti_server/share/vizanti_server//public/templates/nodemgr/nodemgr_modal.html
[0.959s] -- Up-to-date symlink: /home/pi/ugv_ws/install/vizanti_server/share/vizanti_server//public/templates/nodemgr/nodemgr_script.js
[0.959s] -- Up-to-date symlink: /home/pi/ugv_ws/install/vizanti_server/share/vizanti_server//public/templates/path/path_icon.html
[0.960s] -- Up-to-date symlink: /home/pi/ugv_ws/install/vizanti_server/share/vizanti_server//public/templates/path/path_modal.html
[0.960s] -- Up-to-date symlink: /home/pi/ugv_ws/install/vizanti_server/share/vizanti_server//public/templates/path/path_script.js
[0.961s] -- Up-to-date symlink: /home/pi/ugv_ws/install/vizanti_server/share/vizanti_server//public/templates/path/path_view.html
[0.970s] -- Up-to-date symlink: /home/pi/ugv_ws/install/vizanti_server/share/vizanti_server//public/templates/pointcloud/pointcloud_icon.html
[0.971s] -- Up-to-date symlink: /home/pi/ugv_ws/install/vizanti_server/share/vizanti_server//public/templates/pointcloud/pointcloud_modal.html
[0.972s] -- Up-to-date symlink: /home/pi/ugv_ws/install/vizanti_server/share/vizanti_server//public/templates/pointcloud/pointcloud_script.js
[0.973s] -- Up-to-date symlink: /home/pi/ugv_ws/install/vizanti_server/share/vizanti_server//public/templates/pointcloud/pointcloud_view.html
[0.974s] -- Up-to-date symlink: /home/pi/ugv_ws/install/vizanti_server/share/vizanti_server//public/templates/posearray/posearray_icon.html
[0.974s] -- Up-to-date symlink: /home/pi/ugv_ws/install/vizanti_server/share/vizanti_server//public/templates/posearray/posearray_modal.html
[0.975s] -- Up-to-date symlink: /home/pi/ugv_ws/install/vizanti_server/share/vizanti_server//public/templates/posearray/posearray_script.js
[0.976s] -- Up-to-date symlink: /home/pi/ugv_ws/install/vizanti_server/share/vizanti_server//public/templates/posearray/posearray_view.html
[0.992s] -- Up-to-date symlink: /home/pi/ugv_ws/install/vizanti_server/share/vizanti_server//public/templates/posewithcovariancestamped/posewithcovariancestamped_icon.html
[0.993s] -- Up-to-date symlink: /home/pi/ugv_ws/install/vizanti_server/share/vizanti_server//public/templates/posewithcovariancestamped/posewithcovariancestamped_modal.html
[0.994s] -- Up-to-date symlink: /home/pi/ugv_ws/install/vizanti_server/share/vizanti_server//public/templates/posewithcovariancestamped/posewithcovariancestamped_script.js
[0.996s] -- Up-to-date symlink: /home/pi/ugv_ws/install/vizanti_server/share/vizanti_server//public/templates/posewithcovariancestamped/posewithcovariancestamped_view.html
[1.001s] -- Up-to-date symlink: /home/pi/ugv_ws/install/vizanti_server/share/vizanti_server//public/templates/range/range_icon.html
[1.002s] -- Up-to-date symlink: /home/pi/ugv_ws/install/vizanti_server/share/vizanti_server//public/templates/range/range_modal.html
[1.003s] -- Up-to-date symlink: /home/pi/ugv_ws/install/vizanti_server/share/vizanti_server//public/templates/range/range_script.js
[1.004s] -- Up-to-date symlink: /home/pi/ugv_ws/install/vizanti_server/share/vizanti_server//public/templates/range/range_view.html
[1.005s] -- Up-to-date symlink: /home/pi/ugv_ws/install/vizanti_server/share/vizanti_server//public/templates/reconfigure/reconfigure_icon.html
[1.005s] -- Up-to-date symlink: /home/pi/ugv_ws/install/vizanti_server/share/vizanti_server//public/templates/reconfigure/reconfigure_modal.html
[1.006s] -- Up-to-date symlink: /home/pi/ugv_ws/install/vizanti_server/share/vizanti_server//public/templates/reconfigure/reconfigure_script.js
[1.006s] -- Up-to-date symlink: /home/pi/ugv_ws/install/vizanti_server/share/vizanti_server//public/templates/robotmodel/robotmodel_icon.html
[1.019s] -- Up-to-date symlink: /home/pi/ugv_ws/install/vizanti_server/share/vizanti_server//public/templates/robotmodel/robotmodel_modal.html
[1.027s] -- Up-to-date symlink: /home/pi/ugv_ws/install/vizanti_server/share/vizanti_server//public/templates/robotmodel/robotmodel_script.js
[1.027s] -- Up-to-date symlink: /home/pi/ugv_ws/install/vizanti_server/share/vizanti_server//public/templates/robotmodel/robotmodel_view.html
[1.028s] -- Up-to-date symlink: /home/pi/ugv_ws/install/vizanti_server/share/vizanti_server//public/templates/rosbag/rosbag_icon.html
[1.029s] -- Up-to-date symlink: /home/pi/ugv_ws/install/vizanti_server/share/vizanti_server//public/templates/rosbag/rosbag_modal.html
[1.030s] -- Up-to-date symlink: /home/pi/ugv_ws/install/vizanti_server/share/vizanti_server//public/templates/rosbag/rosbag_script.js
[1.031s] -- Up-to-date symlink: /home/pi/ugv_ws/install/vizanti_server/share/vizanti_server//public/templates/rosbridge/rosbridge_icon.html
[1.031s] -- Up-to-date symlink: /home/pi/ugv_ws/install/vizanti_server/share/vizanti_server//public/templates/rosbridge/rosbridge_modal.html
[1.032s] -- Up-to-date symlink: /home/pi/ugv_ws/install/vizanti_server/share/vizanti_server//public/templates/rosbridge/rosbridge_script.js
[1.036s] -- Up-to-date symlink: /home/pi/ugv_ws/install/vizanti_server/share/vizanti_server//public/templates/satelite/satelite_icon.html
[1.039s] -- Up-to-date symlink: /home/pi/ugv_ws/install/vizanti_server/share/vizanti_server//public/templates/satelite/satelite_modal.html
[1.046s] -- Up-to-date symlink: /home/pi/ugv_ws/install/vizanti_server/share/vizanti_server//public/templates/satelite/satelite_script.js
[1.053s] -- Up-to-date symlink: /home/pi/ugv_ws/install/vizanti_server/share/vizanti_server//public/templates/satelite/satelite_view.html
[1.053s] -- Up-to-date symlink: /home/pi/ugv_ws/install/vizanti_server/share/vizanti_server//public/templates/scan/scan_icon.html
[1.054s] -- Up-to-date symlink: /home/pi/ugv_ws/install/vizanti_server/share/vizanti_server//public/templates/scan/scan_modal.html
[1.054s] -- Up-to-date symlink: /home/pi/ugv_ws/install/vizanti_server/share/vizanti_server//public/templates/scan/scan_script.js
[1.055s] -- Up-to-date symlink: /home/pi/ugv_ws/install/vizanti_server/share/vizanti_server//public/templates/scan/scan_view.html
[1.056s] -- Up-to-date symlink: /home/pi/ugv_ws/install/vizanti_server/share/vizanti_server//public/templates/settings/settings_icon.html
[1.060s] -- Up-to-date symlink: /home/pi/ugv_ws/install/vizanti_server/share/vizanti_server//public/templates/settings/settings_modal.html
[1.070s] -- Up-to-date symlink: /home/pi/ugv_ws/install/vizanti_server/share/vizanti_server//public/templates/settings/settings_script.js
[1.073s] -- Up-to-date symlink: /home/pi/ugv_ws/install/vizanti_server/share/vizanti_server//public/templates/simplegoal/simplegoal_icon.html
[1.074s] -- Up-to-date symlink: /home/pi/ugv_ws/install/vizanti_server/share/vizanti_server//public/templates/simplegoal/simplegoal_modal.html
[1.075s] -- Up-to-date symlink: /home/pi/ugv_ws/install/vizanti_server/share/vizanti_server//public/templates/simplegoal/simplegoal_script.js
[1.075s] -- Up-to-date symlink: /home/pi/ugv_ws/install/vizanti_server/share/vizanti_server//public/templates/simplegoal/simplegoal_view.html
[1.126s] -- Up-to-date symlink: /home/pi/ugv_ws/install/vizanti_server/share/vizanti_server//public/templates/teleop/teleop_icon.html
[1.128s] -- Up-to-date symlink: /home/pi/ugv_ws/install/vizanti_server/share/vizanti_server//public/templates/teleop/teleop_modal.html
[1.129s] -- Up-to-date symlink: /home/pi/ugv_ws/install/vizanti_server/share/vizanti_server//public/templates/teleop/teleop_script.js
[1.132s] -- Up-to-date symlink: /home/pi/ugv_ws/install/vizanti_server/share/vizanti_server//public/templates/teleop/teleop_view.html
[1.141s] -- Up-to-date symlink: /home/pi/ugv_ws/install/vizanti_server/share/vizanti_server//public/templates/temperature/temperature_icon.html
[1.143s] -- Up-to-date symlink: /home/pi/ugv_ws/install/vizanti_server/share/vizanti_server//public/templates/temperature/temperature_modal.html
[1.144s] -- Up-to-date symlink: /home/pi/ugv_ws/install/vizanti_server/share/vizanti_server//public/templates/temperature/temperature_script.js
[1.145s] -- Up-to-date symlink: /home/pi/ugv_ws/install/vizanti_server/share/vizanti_server//public/templates/tf/tf_icon.html
[1.145s] -- Up-to-date symlink: /home/pi/ugv_ws/install/vizanti_server/share/vizanti_server//public/templates/tf/tf_modal.html
[1.146s] -- Up-to-date symlink: /home/pi/ugv_ws/install/vizanti_server/share/vizanti_server//public/templates/tf/tf_script.js
[1.146s] -- Up-to-date symlink: /home/pi/ugv_ws/install/vizanti_server/share/vizanti_server//public/templates/tf/tf_view.html
[1.146s] -- Up-to-date symlink: /home/pi/ugv_ws/install/vizanti_server/share/vizanti_server//public/templates/waypoints/waypoints_icon.html
[1.147s] -- Up-to-date symlink: /home/pi/ugv_ws/install/vizanti_server/share/vizanti_server//public/templates/waypoints/waypoints_modal.html
[1.147s] -- Up-to-date symlink: /home/pi/ugv_ws/install/vizanti_server/share/vizanti_server//public/templates/waypoints/waypoints_script.js
[1.147s] -- Up-to-date symlink: /home/pi/ugv_ws/install/vizanti_server/share/vizanti_server//public/templates/waypoints/waypoints_view.html
[1.147s] -- Up-to-date symlink: /home/pi/ugv_ws/install/vizanti_server/lib/vizanti_server/server.py
[1.148s] -- Up-to-date symlink: /home/pi/ugv_ws/install/vizanti_server/lib/vizanti_server/service_handler.py
[1.149s] -- Up-to-date symlink: /home/pi/ugv_ws/install/vizanti_server/lib/vizanti_server/rosapi_launch.py
[1.151s] -- Up-to-date symlink: /home/pi/ugv_ws/install/vizanti_server/share/ament_index/resource_index/package_run_dependencies/vizanti_server
[1.152s] -- Up-to-date symlink: /home/pi/ugv_ws/install/vizanti_server/share/ament_index/resource_index/parent_prefix_path/vizanti_server
[1.157s] -- Up-to-date symlink: /home/pi/ugv_ws/install/vizanti_server/share/vizanti_server/environment/ament_prefix_path.sh
[1.158s] -- Up-to-date symlink: /home/pi/ugv_ws/install/vizanti_server/share/vizanti_server/environment/ament_prefix_path.dsv
[1.158s] -- Up-to-date symlink: /home/pi/ugv_ws/install/vizanti_server/share/vizanti_server/environment/path.sh
[1.159s] -- Up-to-date symlink: /home/pi/ugv_ws/install/vizanti_server/share/vizanti_server/environment/path.dsv
[1.159s] -- Up-to-date symlink: /home/pi/ugv_ws/install/vizanti_server/share/vizanti_server/local_setup.bash
[1.160s] -- Up-to-date symlink: /home/pi/ugv_ws/install/vizanti_server/share/vizanti_server/local_setup.sh
[1.161s] -- Up-to-date symlink: /home/pi/ugv_ws/install/vizanti_server/share/vizanti_server/local_setup.zsh
[1.161s] -- Up-to-date symlink: /home/pi/ugv_ws/install/vizanti_server/share/vizanti_server/local_setup.dsv
[1.162s] -- Symlinking: /home/pi/ugv_ws/install/vizanti_server/share/vizanti_server/package.dsv
[1.165s] -- Up-to-date symlink: /home/pi/ugv_ws/install/vizanti_server/share/ament_index/resource_index/packages/vizanti_server
[1.168s] -- Up-to-date symlink: /home/pi/ugv_ws/install/vizanti_server/share/vizanti_server/cmake/vizanti_serverConfig.cmake
[1.168s] -- Up-to-date symlink: /home/pi/ugv_ws/install/vizanti_server/share/vizanti_server/cmake/vizanti_serverConfig-version.cmake
[1.169s] -- Up-to-date symlink: /home/pi/ugv_ws/install/vizanti_server/share/vizanti_server/package.xml
[1.170s] Invoked command in '/home/pi/ugv_ws/build/vizanti_server' returned '0': CMAKE_PREFIX_PATH=/home/pi/ugv_ws/install/vizanti_msgs:/home/pi/ugv_ws/install/vizanti:/home/pi/ugv_ws/install/vizanti_server:/home/pi/ugv_ws/install/vizanti_demos:/home/pi/ugv_ws/install/vizanti_cpp:/home/pi/ugv_ws/install/ugv_slam:/home/pi/ugv_ws/install/ugv_nav:/home/pi/ugv_ws/install/ugv_interface:/home/pi/ugv_ws/install/ugv_gazebo:/home/pi/ugv_ws/install/ugv_description:/home/pi/ugv_ws/install/ugv_base_node:/home/pi/ugv_ws/install/teb_local_planner:/home/pi/ugv_ws/install/teb_msgs:/home/pi/ugv_ws/install/sllidar_ros2:/home/pi/ugv_ws/install/slam_gmapping:/home/pi/ugv_ws/install/robot_pose_publisher:/home/pi/ugv_ws/install/rf2o_laser_odometry:/home/pi/ugv_ws/install/openslam_gmapping:/home/pi/ugv_ws/install/ldlidar:/home/pi/ugv_ws/install/explore_lite:/home/pi/ugv_ws/install/emcl2:/home/pi/ugv_ws/install/costmap_converter:/home/pi/ugv_ws/install/costmap_converter_msgs:/home/pi/ugv_ws/install/cartographer:/home/pi/ugv_ws/install/apriltag_ros:/home/pi/ugv_ws/install/apriltag_msgs:/home/pi/ugv_ws/install/apriltag:/home/pi/ugv_ws/install/ugv_web_app:/home/pi/ugv_ws/install/ugv_vision:/home/pi/ugv_ws/install/ugv_tools:/home/pi/ugv_ws/install/ugv_chat_ai:/home/pi/ugv_ws/install/ugv_bringup:/opt/ros/humble /usr/bin/cmake --install /home/pi/ugv_ws/build/vizanti_server
