[0.200s] Invoking command in '/home/pi/ugv_ws/build/ugv_interface': CMAKE_PREFIX_PATH=${CMAKE_PREFIX_PATH}:/home/pi/ugv_ws/install/ugv_web_app:/home/pi/ugv_ws/install/ugv_vision:/home/pi/ugv_ws/install/ugv_tools:/home/pi/ugv_ws/install/ugv_chat_ai:/home/pi/ugv_ws/install/ugv_bringup:/opt/ros/humble /usr/bin/cmake --build /home/pi/ugv_ws/build/ugv_interface -- -j4 -l4
[0.879s] [ 10%] Built target ugv_interface__rosidl_generator_c
[0.882s] [ 12%] Built target ugv_interface__cpp
[0.922s] [ 12%] Built target ament_cmake_python_symlink_ugv_interface
[1.145s] [ 23%] Built target ugv_interface__rosidl_typesupport_introspection_c
[1.206s] [ 33%] Built target ugv_interface__rosidl_typesupport_fastrtps_cpp
[1.213s] [ 43%] Built target ugv_interface__rosidl_typesupport_c
[1.221s] [ 53%] Built target ugv_interface__rosidl_typesupport_fastrtps_c
[1.436s] [ 64%] Built target ugv_interface__rosidl_typesupport_introspection_cpp
[1.507s] [ 74%] Built target ugv_interface__rosidl_typesupport_cpp
[1.708s] [ 74%] Built target ugv_interface
[1.902s] [ 76%] Built target ugv_interface__py
[2.124s] [ 84%] Built target ugv_interface__rosidl_generator_py
[2.435s] [ 89%] Built target ugv_interface__rosidl_typesupport_fastrtps_c__pyext
[2.477s] [ 94%] Built target ugv_interface__rosidl_typesupport_c__pyext
[2.496s] [100%] Built target ugv_interface__rosidl_typesupport_introspection_c__pyext
[3.242s] running egg_info
[3.245s] writing ugv_interface.egg-info/PKG-INFO
[3.246s] writing dependency_links to ugv_interface.egg-info/dependency_links.txt
[3.248s] writing top-level names to ugv_interface.egg-info/top_level.txt
[3.260s] reading manifest file 'ugv_interface.egg-info/SOURCES.txt'
[3.263s] writing manifest file 'ugv_interface.egg-info/SOURCES.txt'
[3.415s] [100%] Built target ament_cmake_python_build_ugv_interface_egg
[3.869s] Invoked command in '/home/pi/ugv_ws/build/ugv_interface' returned '0': CMAKE_PREFIX_PATH=${CMAKE_PREFIX_PATH}:/home/pi/ugv_ws/install/ugv_web_app:/home/pi/ugv_ws/install/ugv_vision:/home/pi/ugv_ws/install/ugv_tools:/home/pi/ugv_ws/install/ugv_chat_ai:/home/pi/ugv_ws/install/ugv_bringup:/opt/ros/humble /usr/bin/cmake --build /home/pi/ugv_ws/build/ugv_interface -- -j4 -l4
[3.878s] Invoking command in '/home/pi/ugv_ws/build/ugv_interface': CMAKE_PREFIX_PATH=${CMAKE_PREFIX_PATH}:/home/pi/ugv_ws/install/ugv_web_app:/home/pi/ugv_ws/install/ugv_vision:/home/pi/ugv_ws/install/ugv_tools:/home/pi/ugv_ws/install/ugv_chat_ai:/home/pi/ugv_ws/install/ugv_bringup:/opt/ros/humble /usr/bin/cmake --install /home/pi/ugv_ws/build/ugv_interface
[3.935s] -- Install configuration: ""
[3.940s] -- Execute custom install script
[3.945s] -- Up-to-date symlink: /home/pi/ugv_ws/install/ugv_interface/share/ament_index/resource_index/rosidl_interfaces/ugv_interface
[3.956s] -- Up-to-date symlink: /home/pi/ugv_ws/install/ugv_interface/include/ugv_interface/ugv_interface/action/behavior.h
[3.960s] -- Up-to-date symlink: /home/pi/ugv_ws/install/ugv_interface/include/ugv_interface/ugv_interface/action/detail/behavior__functions.h
[3.963s] -- Up-to-date symlink: /home/pi/ugv_ws/install/ugv_interface/include/ugv_interface/ugv_interface/action/detail/behavior__struct.h
[3.966s] -- Up-to-date symlink: /home/pi/ugv_ws/install/ugv_interface/include/ugv_interface/ugv_interface/action/detail/behavior__type_support.h
[3.970s] -- Up-to-date symlink: /home/pi/ugv_ws/install/ugv_interface/include/ugv_interface/ugv_interface/msg/rosidl_generator_c__visibility_control.h
[3.975s] -- Up-to-date symlink: /home/pi/ugv_ws/install/ugv_interface/include/ugv_interface/ugv_interface/srv/detail/map_save__functions.h
[3.978s] -- Up-to-date symlink: /home/pi/ugv_ws/install/ugv_interface/include/ugv_interface/ugv_interface/srv/detail/map_save__struct.h
[3.981s] -- Up-to-date symlink: /home/pi/ugv_ws/install/ugv_interface/include/ugv_interface/ugv_interface/srv/detail/map_save__type_support.h
[3.985s] -- Up-to-date symlink: /home/pi/ugv_ws/install/ugv_interface/include/ugv_interface/ugv_interface/srv/map_save.h
[3.989s] -- Up-to-date symlink: /home/pi/ugv_ws/install/ugv_interface/share/ugv_interface/environment/library_path.sh
[3.991s] -- Up-to-date symlink: /home/pi/ugv_ws/install/ugv_interface/share/ugv_interface/environment/library_path.dsv
[3.998s] -- Up-to-date symlink: /home/pi/ugv_ws/install/ugv_interface/include/ugv_interface/ugv_interface/action/detail/behavior__rosidl_typesupport_fastrtps_c.h
[4.001s] -- Up-to-date symlink: /home/pi/ugv_ws/install/ugv_interface/include/ugv_interface/ugv_interface/msg/rosidl_typesupport_fastrtps_c__visibility_control.h
[4.004s] -- Up-to-date symlink: /home/pi/ugv_ws/install/ugv_interface/include/ugv_interface/ugv_interface/srv/detail/map_save__rosidl_typesupport_fastrtps_c.h
[4.009s] -- Up-to-date symlink: /home/pi/ugv_ws/install/ugv_interface/include/ugv_interface/ugv_interface/action/detail/behavior__rosidl_typesupport_introspection_c.h
[4.013s] -- Up-to-date symlink: /home/pi/ugv_ws/install/ugv_interface/include/ugv_interface/ugv_interface/msg/rosidl_typesupport_introspection_c__visibility_control.h
[4.016s] -- Up-to-date symlink: /home/pi/ugv_ws/install/ugv_interface/include/ugv_interface/ugv_interface/srv/detail/map_save__rosidl_typesupport_introspection_c.h
[4.021s] -- Up-to-date symlink: /home/pi/ugv_ws/install/ugv_interface/include/ugv_interface/ugv_interface/action/behavior.hpp
[4.024s] -- Up-to-date symlink: /home/pi/ugv_ws/install/ugv_interface/include/ugv_interface/ugv_interface/action/detail/behavior__builder.hpp
[4.028s] -- Up-to-date symlink: /home/pi/ugv_ws/install/ugv_interface/include/ugv_interface/ugv_interface/action/detail/behavior__struct.hpp
[4.031s] -- Up-to-date symlink: /home/pi/ugv_ws/install/ugv_interface/include/ugv_interface/ugv_interface/action/detail/behavior__traits.hpp
[4.035s] -- Up-to-date symlink: /home/pi/ugv_ws/install/ugv_interface/include/ugv_interface/ugv_interface/action/detail/behavior__type_support.hpp
[4.038s] -- Up-to-date symlink: /home/pi/ugv_ws/install/ugv_interface/include/ugv_interface/ugv_interface/msg/rosidl_generator_cpp__visibility_control.hpp
[4.041s] -- Up-to-date symlink: /home/pi/ugv_ws/install/ugv_interface/include/ugv_interface/ugv_interface/srv/detail/map_save__builder.hpp
[4.044s] -- Up-to-date symlink: /home/pi/ugv_ws/install/ugv_interface/include/ugv_interface/ugv_interface/srv/detail/map_save__struct.hpp
[4.047s] -- Up-to-date symlink: /home/pi/ugv_ws/install/ugv_interface/include/ugv_interface/ugv_interface/srv/detail/map_save__traits.hpp
[4.050s] -- Up-to-date symlink: /home/pi/ugv_ws/install/ugv_interface/include/ugv_interface/ugv_interface/srv/detail/map_save__type_support.hpp
[4.055s] -- Up-to-date symlink: /home/pi/ugv_ws/install/ugv_interface/include/ugv_interface/ugv_interface/srv/map_save.hpp
[4.062s] -- Up-to-date symlink: /home/pi/ugv_ws/install/ugv_interface/include/ugv_interface/ugv_interface/action/detail/behavior__rosidl_typesupport_fastrtps_cpp.hpp
[4.066s] -- Up-to-date symlink: /home/pi/ugv_ws/install/ugv_interface/include/ugv_interface/ugv_interface/msg/rosidl_typesupport_fastrtps_cpp__visibility_control.h
[4.069s] -- Up-to-date symlink: /home/pi/ugv_ws/install/ugv_interface/include/ugv_interface/ugv_interface/srv/detail/map_save__rosidl_typesupport_fastrtps_cpp.hpp
[4.074s] -- Up-to-date symlink: /home/pi/ugv_ws/install/ugv_interface/include/ugv_interface/ugv_interface/action/detail/behavior__rosidl_typesupport_introspection_cpp.hpp
[4.077s] -- Up-to-date symlink: /home/pi/ugv_ws/install/ugv_interface/include/ugv_interface/ugv_interface/srv/detail/map_save__rosidl_typesupport_introspection_cpp.hpp
[4.081s] -- Up-to-date symlink: /home/pi/ugv_ws/install/ugv_interface/share/ugv_interface/environment/pythonpath.sh
[4.083s] -- Up-to-date symlink: /home/pi/ugv_ws/install/ugv_interface/share/ugv_interface/environment/pythonpath.dsv
[4.087s] -- Up-to-date symlink: /home/pi/ugv_ws/install/ugv_interface/local/lib/python3.10/dist-packages/ugv_interface-0.0.0-py3.10.egg-info/PKG-INFO
[4.091s] -- Up-to-date symlink: /home/pi/ugv_ws/install/ugv_interface/local/lib/python3.10/dist-packages/ugv_interface-0.0.0-py3.10.egg-info/SOURCES.txt
[4.094s] -- Up-to-date symlink: /home/pi/ugv_ws/install/ugv_interface/local/lib/python3.10/dist-packages/ugv_interface-0.0.0-py3.10.egg-info/dependency_links.txt
[4.097s] -- Up-to-date symlink: /home/pi/ugv_ws/install/ugv_interface/local/lib/python3.10/dist-packages/ugv_interface-0.0.0-py3.10.egg-info/top_level.txt
[4.106s] -- Up-to-date symlink: /home/pi/ugv_ws/install/ugv_interface/local/lib/python3.10/dist-packages/ugv_interface/__init__.py
[4.110s] -- Up-to-date symlink: /home/pi/ugv_ws/install/ugv_interface/local/lib/python3.10/dist-packages/ugv_interface/_ugv_interface_s.ep.rosidl_typesupport_c.c
[4.114s] -- Up-to-date symlink: /home/pi/ugv_ws/install/ugv_interface/local/lib/python3.10/dist-packages/ugv_interface/_ugv_interface_s.ep.rosidl_typesupport_fastrtps_c.c
[4.118s] -- Up-to-date symlink: /home/pi/ugv_ws/install/ugv_interface/local/lib/python3.10/dist-packages/ugv_interface/_ugv_interface_s.ep.rosidl_typesupport_introspection_c.c
[4.122s] -- Up-to-date symlink: /home/pi/ugv_ws/install/ugv_interface/local/lib/python3.10/dist-packages/ugv_interface/action/__init__.py
[4.125s] -- Up-to-date symlink: /home/pi/ugv_ws/install/ugv_interface/local/lib/python3.10/dist-packages/ugv_interface/action/_behavior.py
[4.129s] -- Up-to-date symlink: /home/pi/ugv_ws/install/ugv_interface/local/lib/python3.10/dist-packages/ugv_interface/action/_behavior_s.c
[4.132s] -- Up-to-date symlink: /home/pi/ugv_ws/install/ugv_interface/local/lib/python3.10/dist-packages/ugv_interface/libugv_interface__rosidl_generator_py.so
[4.136s] -- Up-to-date symlink: /home/pi/ugv_ws/install/ugv_interface/local/lib/python3.10/dist-packages/ugv_interface/srv/__init__.py
[4.139s] -- Up-to-date symlink: /home/pi/ugv_ws/install/ugv_interface/local/lib/python3.10/dist-packages/ugv_interface/srv/_map_save.py
[4.144s] -- Up-to-date symlink: /home/pi/ugv_ws/install/ugv_interface/local/lib/python3.10/dist-packages/ugv_interface/srv/_map_save_s.c
[4.148s] -- Up-to-date symlink: /home/pi/ugv_ws/install/ugv_interface/local/lib/python3.10/dist-packages/ugv_interface/ugv_interface_s__rosidl_typesupport_c.cpython-310-aarch64-linux-gnu.so
[4.153s] -- Up-to-date symlink: /home/pi/ugv_ws/install/ugv_interface/local/lib/python3.10/dist-packages/ugv_interface/ugv_interface_s__rosidl_typesupport_fastrtps_c.cpython-310-aarch64-linux-gnu.so
[4.156s] -- Up-to-date symlink: /home/pi/ugv_ws/install/ugv_interface/local/lib/python3.10/dist-packages/ugv_interface/ugv_interface_s__rosidl_typesupport_introspection_c.cpython-310-aarch64-linux-gnu.so
[4.160s] -- Up-to-date symlink: /home/pi/ugv_ws/install/ugv_interface/local/lib/python3.10/dist-packages/ugv_interface/ugv_interface_s__rosidl_typesupport_fastrtps_c.cpython-310-aarch64-linux-gnu.so
[4.164s] -- Up-to-date symlink: /home/pi/ugv_ws/install/ugv_interface/local/lib/python3.10/dist-packages/ugv_interface/ugv_interface_s__rosidl_typesupport_introspection_c.cpython-310-aarch64-linux-gnu.so
[4.168s] -- Up-to-date symlink: /home/pi/ugv_ws/install/ugv_interface/local/lib/python3.10/dist-packages/ugv_interface/ugv_interface_s__rosidl_typesupport_c.cpython-310-aarch64-linux-gnu.so
[4.173s] -- Up-to-date symlink: /home/pi/ugv_ws/install/ugv_interface/share/ugv_interface/srv/MapSave.idl
[4.179s] -- Up-to-date symlink: /home/pi/ugv_ws/install/ugv_interface/share/ugv_interface/action/Behavior.idl
[4.181s] -- Up-to-date symlink: /home/pi/ugv_ws/install/ugv_interface/share/ugv_interface/srv/MapSave.srv
[4.185s] -- Up-to-date symlink: /home/pi/ugv_ws/install/ugv_interface/share/ugv_interface/srv/MapSave_Request.msg
[4.189s] -- Up-to-date symlink: /home/pi/ugv_ws/install/ugv_interface/share/ugv_interface/srv/MapSave_Response.msg
[4.192s] -- Up-to-date symlink: /home/pi/ugv_ws/install/ugv_interface/share/ugv_interface/action/Behavior.action
[4.195s] -- Up-to-date symlink: /home/pi/ugv_ws/install/ugv_interface/share/ugv_interface/srv/MapSave.srv
[4.197s] -- Up-to-date symlink: /home/pi/ugv_ws/install/ugv_interface/share/ugv_interface/action/Behavior.action
[4.198s] -- Up-to-date symlink: /home/pi/ugv_ws/install/ugv_interface/share/ament_index/resource_index/package_run_dependencies/ugv_interface
[4.201s] -- Up-to-date symlink: /home/pi/ugv_ws/install/ugv_interface/share/ament_index/resource_index/parent_prefix_path/ugv_interface
[4.203s] -- Up-to-date symlink: /home/pi/ugv_ws/install/ugv_interface/share/ugv_interface/environment/ament_prefix_path.sh
[4.205s] -- Up-to-date symlink: /home/pi/ugv_ws/install/ugv_interface/share/ugv_interface/environment/ament_prefix_path.dsv
[4.207s] -- Up-to-date symlink: /home/pi/ugv_ws/install/ugv_interface/share/ugv_interface/environment/path.sh
[4.208s] -- Up-to-date symlink: /home/pi/ugv_ws/install/ugv_interface/share/ugv_interface/environment/path.dsv
[4.211s] -- Up-to-date symlink: /home/pi/ugv_ws/install/ugv_interface/share/ugv_interface/local_setup.bash
[4.213s] -- Up-to-date symlink: /home/pi/ugv_ws/install/ugv_interface/share/ugv_interface/local_setup.sh
[4.215s] -- Up-to-date symlink: /home/pi/ugv_ws/install/ugv_interface/share/ugv_interface/local_setup.zsh
[4.216s] -- Up-to-date symlink: /home/pi/ugv_ws/install/ugv_interface/share/ugv_interface/local_setup.dsv
[4.217s] -- Symlinking: /home/pi/ugv_ws/install/ugv_interface/share/ugv_interface/package.dsv
[4.277s] -- Up-to-date symlink: /home/pi/ugv_ws/install/ugv_interface/share/ament_index/resource_index/packages/ugv_interface
[4.279s] -- Up-to-date symlink: /home/pi/ugv_ws/install/ugv_interface/share/ugv_interface/cmake/rosidl_cmake-extras.cmake
[4.282s] -- Up-to-date symlink: /home/pi/ugv_ws/install/ugv_interface/share/ugv_interface/cmake/ament_cmake_export_dependencies-extras.cmake
[4.284s] -- Up-to-date symlink: /home/pi/ugv_ws/install/ugv_interface/share/ugv_interface/cmake/ament_cmake_export_include_directories-extras.cmake
[4.287s] -- Up-to-date symlink: /home/pi/ugv_ws/install/ugv_interface/share/ugv_interface/cmake/ament_cmake_export_libraries-extras.cmake
[4.289s] -- Up-to-date symlink: /home/pi/ugv_ws/install/ugv_interface/share/ugv_interface/cmake/ament_cmake_export_targets-extras.cmake
[4.291s] -- Up-to-date symlink: /home/pi/ugv_ws/install/ugv_interface/share/ugv_interface/cmake/rosidl_cmake_export_typesupport_targets-extras.cmake
[4.294s] -- Up-to-date symlink: /home/pi/ugv_ws/install/ugv_interface/share/ugv_interface/cmake/rosidl_cmake_export_typesupport_libraries-extras.cmake
[4.296s] -- Up-to-date symlink: /home/pi/ugv_ws/install/ugv_interface/share/ugv_interface/cmake/ugv_interfaceConfig.cmake
[4.298s] -- Up-to-date symlink: /home/pi/ugv_ws/install/ugv_interface/share/ugv_interface/cmake/ugv_interfaceConfig-version.cmake
[4.299s] -- Up-to-date symlink: /home/pi/ugv_ws/install/ugv_interface/share/ugv_interface/package.xml
[4.303s] -- Up-to-date: /home/pi/ugv_ws/install/ugv_interface/lib/libugv_interface__rosidl_generator_c.so
[4.309s] -- Up-to-date: /home/pi/ugv_ws/install/ugv_interface/lib/libugv_interface__rosidl_typesupport_fastrtps_c.so
[4.315s] -- Up-to-date: /home/pi/ugv_ws/install/ugv_interface/lib/libugv_interface__rosidl_typesupport_introspection_c.so
[4.320s] -- Up-to-date: /home/pi/ugv_ws/install/ugv_interface/lib/libugv_interface__rosidl_typesupport_c.so
[4.326s] -- Up-to-date: /home/pi/ugv_ws/install/ugv_interface/lib/libugv_interface__rosidl_typesupport_fastrtps_cpp.so
[4.331s] -- Up-to-date: /home/pi/ugv_ws/install/ugv_interface/lib/libugv_interface__rosidl_typesupport_introspection_cpp.so
[4.336s] -- Up-to-date: /home/pi/ugv_ws/install/ugv_interface/lib/libugv_interface__rosidl_typesupport_cpp.so
[4.600s] Listing '/home/pi/ugv_ws/install/ugv_interface/local/lib/python3.10/dist-packages/ugv_interface'...
[4.601s] Listing '/home/pi/ugv_ws/install/ugv_interface/local/lib/python3.10/dist-packages/ugv_interface/action'...
[4.602s] Listing '/home/pi/ugv_ws/install/ugv_interface/local/lib/python3.10/dist-packages/ugv_interface/srv'...
[4.638s] -- Up-to-date: /home/pi/ugv_ws/install/ugv_interface/lib/libugv_interface__rosidl_generator_py.so
[4.643s] -- Up-to-date: /home/pi/ugv_ws/install/ugv_interface/share/ugv_interface/cmake/export_ugv_interface__rosidl_generator_cExport.cmake
[4.644s] -- Up-to-date: /home/pi/ugv_ws/install/ugv_interface/share/ugv_interface/cmake/export_ugv_interface__rosidl_generator_cExport-noconfig.cmake
[4.647s] -- Up-to-date: /home/pi/ugv_ws/install/ugv_interface/share/ugv_interface/cmake/export_ugv_interface__rosidl_typesupport_fastrtps_cExport.cmake
[4.647s] -- Up-to-date: /home/pi/ugv_ws/install/ugv_interface/share/ugv_interface/cmake/export_ugv_interface__rosidl_typesupport_fastrtps_cExport-noconfig.cmake
[4.650s] -- Up-to-date: /home/pi/ugv_ws/install/ugv_interface/share/ugv_interface/cmake/ugv_interface__rosidl_typesupport_introspection_cExport.cmake
[4.651s] -- Up-to-date: /home/pi/ugv_ws/install/ugv_interface/share/ugv_interface/cmake/ugv_interface__rosidl_typesupport_introspection_cExport-noconfig.cmake
[4.653s] -- Up-to-date: /home/pi/ugv_ws/install/ugv_interface/share/ugv_interface/cmake/ugv_interface__rosidl_typesupport_cExport.cmake
[4.654s] -- Up-to-date: /home/pi/ugv_ws/install/ugv_interface/share/ugv_interface/cmake/ugv_interface__rosidl_typesupport_cExport-noconfig.cmake
[4.657s] -- Up-to-date: /home/pi/ugv_ws/install/ugv_interface/share/ugv_interface/cmake/export_ugv_interface__rosidl_generator_cppExport.cmake
[4.659s] -- Up-to-date: /home/pi/ugv_ws/install/ugv_interface/share/ugv_interface/cmake/export_ugv_interface__rosidl_typesupport_fastrtps_cppExport.cmake
[4.660s] -- Up-to-date: /home/pi/ugv_ws/install/ugv_interface/share/ugv_interface/cmake/export_ugv_interface__rosidl_typesupport_fastrtps_cppExport-noconfig.cmake
[4.662s] -- Up-to-date: /home/pi/ugv_ws/install/ugv_interface/share/ugv_interface/cmake/ugv_interface__rosidl_typesupport_introspection_cppExport.cmake
[4.663s] -- Up-to-date: /home/pi/ugv_ws/install/ugv_interface/share/ugv_interface/cmake/ugv_interface__rosidl_typesupport_introspection_cppExport-noconfig.cmake
[4.666s] -- Up-to-date: /home/pi/ugv_ws/install/ugv_interface/share/ugv_interface/cmake/ugv_interface__rosidl_typesupport_cppExport.cmake
[4.666s] -- Up-to-date: /home/pi/ugv_ws/install/ugv_interface/share/ugv_interface/cmake/ugv_interface__rosidl_typesupport_cppExport-noconfig.cmake
[4.669s] -- Up-to-date: /home/pi/ugv_ws/install/ugv_interface/share/ugv_interface/cmake/export_ugv_interface__rosidl_generator_pyExport.cmake
[4.670s] -- Up-to-date: /home/pi/ugv_ws/install/ugv_interface/share/ugv_interface/cmake/export_ugv_interface__rosidl_generator_pyExport-noconfig.cmake
[4.683s] Invoked command in '/home/pi/ugv_ws/build/ugv_interface' returned '0': CMAKE_PREFIX_PATH=${CMAKE_PREFIX_PATH}:/home/pi/ugv_ws/install/ugv_web_app:/home/pi/ugv_ws/install/ugv_vision:/home/pi/ugv_ws/install/ugv_tools:/home/pi/ugv_ws/install/ugv_chat_ai:/home/pi/ugv_ws/install/ugv_bringup:/opt/ros/humble /usr/bin/cmake --install /home/pi/ugv_ws/build/ugv_interface
