[0.116s] Invoking command in '/home/pi/ugv_ws/build/ugv_slam': CMAKE_PREFIX_PATH=${CMAKE_PREFIX_PATH}:/home/pi/ugv_ws/install/ugv_web_app:/home/pi/ugv_ws/install/ugv_vision:/home/pi/ugv_ws/install/ugv_tools:/home/pi/ugv_ws/install/ugv_chat_ai:/home/pi/ugv_ws/install/ugv_bringup:/opt/ros/humble /usr/bin/cmake --build /home/pi/ugv_ws/build/ugv_slam -- -j4 -l4
[0.585s] Invoked command in '/home/pi/ugv_ws/build/ugv_slam' returned '0': CMAKE_PREFIX_PATH=${CMAKE_PREFIX_PATH}:/home/pi/ugv_ws/install/ugv_web_app:/home/pi/ugv_ws/install/ugv_vision:/home/pi/ugv_ws/install/ugv_tools:/home/pi/ugv_ws/install/ugv_chat_ai:/home/pi/ugv_ws/install/ugv_bringup:/opt/ros/humble /usr/bin/cmake --build /home/pi/ugv_ws/build/ugv_slam -- -j4 -l4
[0.588s] Invoking command in '/home/pi/ugv_ws/build/ugv_slam': CMAKE_PREFIX_PATH=${CMAKE_PREFIX_PATH}:/home/pi/ugv_ws/install/ugv_web_app:/home/pi/ugv_ws/install/ugv_vision:/home/pi/ugv_ws/install/ugv_tools:/home/pi/ugv_ws/install/ugv_chat_ai:/home/pi/ugv_ws/install/ugv_bringup:/opt/ros/humble /usr/bin/cmake --install /home/pi/ugv_ws/build/ugv_slam
[0.686s] -- Install configuration: ""
[0.701s] -- Execute custom install script
[0.709s] -- Up-to-date symlink: /home/pi/ugv_ws/install/ugv_slam/share/ugv_slam/launch/cartographer.launch.py
[0.713s] -- Up-to-date symlink: /home/pi/ugv_ws/install/ugv_slam/share/ugv_slam/launch/gmapping.launch.py
[0.716s] -- Up-to-date symlink: /home/pi/ugv_ws/install/ugv_slam/share/ugv_slam/launch/rtabmap_rgbd.launch.py
[0.721s] -- Up-to-date symlink: /home/pi/ugv_ws/install/ugv_slam/share/ugv_slam/rviz/view_slam_2d.rviz
[0.728s] -- Up-to-date symlink: /home/pi/ugv_ws/install/ugv_slam/share/ugv_slam/rviz/view_slam_3d.rviz
[0.732s] -- Up-to-date symlink: /home/pi/ugv_ws/install/ugv_slam/share/ament_index/resource_index/package_run_dependencies/ugv_slam
[0.736s] -- Up-to-date symlink: /home/pi/ugv_ws/install/ugv_slam/share/ament_index/resource_index/parent_prefix_path/ugv_slam
[0.740s] -- Up-to-date symlink: /home/pi/ugv_ws/install/ugv_slam/share/ugv_slam/environment/ament_prefix_path.sh
[0.744s] -- Up-to-date symlink: /home/pi/ugv_ws/install/ugv_slam/share/ugv_slam/environment/ament_prefix_path.dsv
[0.748s] -- Up-to-date symlink: /home/pi/ugv_ws/install/ugv_slam/share/ugv_slam/environment/path.sh
[0.754s] -- Up-to-date symlink: /home/pi/ugv_ws/install/ugv_slam/share/ugv_slam/environment/path.dsv
[0.757s] -- Up-to-date symlink: /home/pi/ugv_ws/install/ugv_slam/share/ugv_slam/local_setup.bash
[0.761s] -- Up-to-date symlink: /home/pi/ugv_ws/install/ugv_slam/share/ugv_slam/local_setup.sh
[0.765s] -- Up-to-date symlink: /home/pi/ugv_ws/install/ugv_slam/share/ugv_slam/local_setup.zsh
[0.768s] -- Up-to-date symlink: /home/pi/ugv_ws/install/ugv_slam/share/ugv_slam/local_setup.dsv
[0.771s] -- Symlinking: /home/pi/ugv_ws/install/ugv_slam/share/ugv_slam/package.dsv
[0.823s] -- Up-to-date symlink: /home/pi/ugv_ws/install/ugv_slam/share/ament_index/resource_index/packages/ugv_slam
[0.826s] -- Up-to-date symlink: /home/pi/ugv_ws/install/ugv_slam/share/ugv_slam/cmake/ugv_slamConfig.cmake
[0.829s] -- Up-to-date symlink: /home/pi/ugv_ws/install/ugv_slam/share/ugv_slam/cmake/ugv_slamConfig-version.cmake
[0.832s] -- Up-to-date symlink: /home/pi/ugv_ws/install/ugv_slam/share/ugv_slam/package.xml
[0.853s] Invoked command in '/home/pi/ugv_ws/build/ugv_slam' returned '0': CMAKE_PREFIX_PATH=${CMAKE_PREFIX_PATH}:/home/pi/ugv_ws/install/ugv_web_app:/home/pi/ugv_ws/install/ugv_vision:/home/pi/ugv_ws/install/ugv_tools:/home/pi/ugv_ws/install/ugv_chat_ai:/home/pi/ugv_ws/install/ugv_bringup:/opt/ros/humble /usr/bin/cmake --install /home/pi/ugv_ws/build/ugv_slam
