[0.174s] Invoking command in '/home/pi/ugv_ws/build/costmap_converter_msgs': CMAKE_PREFIX_PATH=${CMAKE_PREFIX_PATH}:/home/pi/ugv_ws/install/ugv_web_app:/home/pi/ugv_ws/install/ugv_vision:/home/pi/ugv_ws/install/ugv_tools:/home/pi/ugv_ws/install/ugv_chat_ai:/home/pi/ugv_ws/install/ugv_bringup:/opt/ros/humble /usr/bin/cmake --build /home/pi/ugv_ws/build/costmap_converter_msgs -- -j4 -l4
[0.727s] [ 10%] Built target costmap_converter_msgs__rosidl_generator_c
[0.944s] [ 10%] Built target ament_cmake_python_symlink_costmap_converter_msgs
[1.165s] [ 20%] Built target costmap_converter_msgs__rosidl_typesupport_introspection_c
[1.367s] [ 30%] Built target costmap_converter_msgs__rosidl_typesupport_c
[4.020s] running egg_info
[4.026s] writing costmap_converter_msgs.egg-info/PKG-INFO
[4.027s] writing dependency_links to costmap_converter_msgs.egg-info/dependency_links.txt
[4.028s] writing top-level names to costmap_converter_msgs.egg-info/top_level.txt
[4.053s] reading manifest file 'costmap_converter_msgs.egg-info/SOURCES.txt'
[4.084s] writing manifest file 'costmap_converter_msgs.egg-info/SOURCES.txt'
[4.312s] [ 30%] Built target ament_cmake_python_build_costmap_converter_msgs_egg
[4.689s] [ 41%] Built target costmap_converter_msgs__rosidl_typesupport_fastrtps_c
[5.129s] [ 43%] Built target costmap_converter_msgs__cpp
[5.242s] [ 53%] Built target costmap_converter_msgs__rosidl_typesupport_fastrtps_cpp
[5.689s] [ 64%] Built target costmap_converter_msgs__rosidl_typesupport_cpp
[6.013s] [ 74%] Built target costmap_converter_msgs__rosidl_typesupport_introspection_cpp
[6.307s] [ 74%] Built target costmap_converter_msgs
[6.628s] [ 76%] Built target costmap_converter_msgs__py
[6.896s] [ 84%] Built target costmap_converter_msgs__rosidl_generator_py
[7.237s] [ 89%] Built target costmap_converter_msgs__rosidl_typesupport_fastrtps_c__pyext
[7.520s] [ 94%] Built target costmap_converter_msgs__rosidl_typesupport_c__pyext
[7.802s] [100%] Built target costmap_converter_msgs__rosidl_typesupport_introspection_c__pyext
[8.037s] Invoked command in '/home/pi/ugv_ws/build/costmap_converter_msgs' returned '0': CMAKE_PREFIX_PATH=${CMAKE_PREFIX_PATH}:/home/pi/ugv_ws/install/ugv_web_app:/home/pi/ugv_ws/install/ugv_vision:/home/pi/ugv_ws/install/ugv_tools:/home/pi/ugv_ws/install/ugv_chat_ai:/home/pi/ugv_ws/install/ugv_bringup:/opt/ros/humble /usr/bin/cmake --build /home/pi/ugv_ws/build/costmap_converter_msgs -- -j4 -l4
[8.049s] Invoking command in '/home/pi/ugv_ws/build/costmap_converter_msgs': CMAKE_PREFIX_PATH=${CMAKE_PREFIX_PATH}:/home/pi/ugv_ws/install/ugv_web_app:/home/pi/ugv_ws/install/ugv_vision:/home/pi/ugv_ws/install/ugv_tools:/home/pi/ugv_ws/install/ugv_chat_ai:/home/pi/ugv_ws/install/ugv_bringup:/opt/ros/humble /usr/bin/cmake --install /home/pi/ugv_ws/build/costmap_converter_msgs
[8.134s] -- Install configuration: ""
[8.135s] -- Execute custom install script
[8.136s] -- Up-to-date symlink: /home/pi/ugv_ws/install/costmap_converter_msgs/share/ament_index/resource_index/rosidl_interfaces/costmap_converter_msgs
[8.137s] -- Up-to-date symlink: /home/pi/ugv_ws/install/costmap_converter_msgs/include/costmap_converter_msgs/costmap_converter_msgs/msg/detail/obstacle_array_msg__functions.h
[8.144s] -- Up-to-date symlink: /home/pi/ugv_ws/install/costmap_converter_msgs/include/costmap_converter_msgs/costmap_converter_msgs/msg/detail/obstacle_array_msg__struct.h
[8.145s] -- Up-to-date symlink: /home/pi/ugv_ws/install/costmap_converter_msgs/include/costmap_converter_msgs/costmap_converter_msgs/msg/detail/obstacle_array_msg__type_support.h
[8.145s] -- Up-to-date symlink: /home/pi/ugv_ws/install/costmap_converter_msgs/include/costmap_converter_msgs/costmap_converter_msgs/msg/detail/obstacle_msg__functions.h
[8.146s] -- Up-to-date symlink: /home/pi/ugv_ws/install/costmap_converter_msgs/include/costmap_converter_msgs/costmap_converter_msgs/msg/detail/obstacle_msg__struct.h
[8.147s] -- Up-to-date symlink: /home/pi/ugv_ws/install/costmap_converter_msgs/include/costmap_converter_msgs/costmap_converter_msgs/msg/detail/obstacle_msg__type_support.h
[8.147s] -- Up-to-date symlink: /home/pi/ugv_ws/install/costmap_converter_msgs/include/costmap_converter_msgs/costmap_converter_msgs/msg/obstacle_array_msg.h
[8.148s] -- Up-to-date symlink: /home/pi/ugv_ws/install/costmap_converter_msgs/include/costmap_converter_msgs/costmap_converter_msgs/msg/obstacle_msg.h
[8.150s] -- Up-to-date symlink: /home/pi/ugv_ws/install/costmap_converter_msgs/include/costmap_converter_msgs/costmap_converter_msgs/msg/rosidl_generator_c__visibility_control.h
[8.157s] -- Up-to-date symlink: /home/pi/ugv_ws/install/costmap_converter_msgs/share/costmap_converter_msgs/environment/library_path.sh
[8.159s] -- Up-to-date symlink: /home/pi/ugv_ws/install/costmap_converter_msgs/share/costmap_converter_msgs/environment/library_path.dsv
[8.169s] -- Up-to-date symlink: /home/pi/ugv_ws/install/costmap_converter_msgs/include/costmap_converter_msgs/costmap_converter_msgs/msg/detail/obstacle_array_msg__rosidl_typesupport_fastrtps_c.h
[8.170s] -- Up-to-date symlink: /home/pi/ugv_ws/install/costmap_converter_msgs/include/costmap_converter_msgs/costmap_converter_msgs/msg/detail/obstacle_msg__rosidl_typesupport_fastrtps_c.h
[8.170s] -- Up-to-date symlink: /home/pi/ugv_ws/install/costmap_converter_msgs/include/costmap_converter_msgs/costmap_converter_msgs/msg/rosidl_typesupport_fastrtps_c__visibility_control.h
[8.171s] -- Up-to-date symlink: /home/pi/ugv_ws/install/costmap_converter_msgs/include/costmap_converter_msgs/costmap_converter_msgs/msg/detail/obstacle_array_msg__builder.hpp
[8.172s] -- Up-to-date symlink: /home/pi/ugv_ws/install/costmap_converter_msgs/include/costmap_converter_msgs/costmap_converter_msgs/msg/detail/obstacle_array_msg__struct.hpp
[8.172s] -- Up-to-date symlink: /home/pi/ugv_ws/install/costmap_converter_msgs/include/costmap_converter_msgs/costmap_converter_msgs/msg/detail/obstacle_array_msg__traits.hpp
[8.173s] -- Up-to-date symlink: /home/pi/ugv_ws/install/costmap_converter_msgs/include/costmap_converter_msgs/costmap_converter_msgs/msg/detail/obstacle_array_msg__type_support.hpp
[8.175s] -- Up-to-date symlink: /home/pi/ugv_ws/install/costmap_converter_msgs/include/costmap_converter_msgs/costmap_converter_msgs/msg/detail/obstacle_msg__builder.hpp
[8.175s] -- Up-to-date symlink: /home/pi/ugv_ws/install/costmap_converter_msgs/include/costmap_converter_msgs/costmap_converter_msgs/msg/detail/obstacle_msg__struct.hpp
[8.176s] -- Up-to-date symlink: /home/pi/ugv_ws/install/costmap_converter_msgs/include/costmap_converter_msgs/costmap_converter_msgs/msg/detail/obstacle_msg__traits.hpp
[8.176s] -- Up-to-date symlink: /home/pi/ugv_ws/install/costmap_converter_msgs/include/costmap_converter_msgs/costmap_converter_msgs/msg/detail/obstacle_msg__type_support.hpp
[8.177s] -- Up-to-date symlink: /home/pi/ugv_ws/install/costmap_converter_msgs/include/costmap_converter_msgs/costmap_converter_msgs/msg/obstacle_array_msg.hpp
[8.177s] -- Up-to-date symlink: /home/pi/ugv_ws/install/costmap_converter_msgs/include/costmap_converter_msgs/costmap_converter_msgs/msg/obstacle_msg.hpp
[8.192s] -- Up-to-date symlink: /home/pi/ugv_ws/install/costmap_converter_msgs/include/costmap_converter_msgs/costmap_converter_msgs/msg/rosidl_generator_cpp__visibility_control.hpp
[8.198s] -- Up-to-date symlink: /home/pi/ugv_ws/install/costmap_converter_msgs/include/costmap_converter_msgs/costmap_converter_msgs/msg/detail/obstacle_array_msg__rosidl_typesupport_fastrtps_cpp.hpp
[8.199s] -- Up-to-date symlink: /home/pi/ugv_ws/install/costmap_converter_msgs/include/costmap_converter_msgs/costmap_converter_msgs/msg/detail/obstacle_msg__rosidl_typesupport_fastrtps_cpp.hpp
[8.199s] -- Up-to-date symlink: /home/pi/ugv_ws/install/costmap_converter_msgs/include/costmap_converter_msgs/costmap_converter_msgs/msg/rosidl_typesupport_fastrtps_cpp__visibility_control.h
[8.200s] -- Up-to-date symlink: /home/pi/ugv_ws/install/costmap_converter_msgs/include/costmap_converter_msgs/costmap_converter_msgs/msg/detail/obstacle_array_msg__rosidl_typesupport_introspection_c.h
[8.204s] -- Up-to-date symlink: /home/pi/ugv_ws/install/costmap_converter_msgs/include/costmap_converter_msgs/costmap_converter_msgs/msg/detail/obstacle_msg__rosidl_typesupport_introspection_c.h
[8.205s] -- Up-to-date symlink: /home/pi/ugv_ws/install/costmap_converter_msgs/include/costmap_converter_msgs/costmap_converter_msgs/msg/rosidl_typesupport_introspection_c__visibility_control.h
[8.209s] -- Up-to-date symlink: /home/pi/ugv_ws/install/costmap_converter_msgs/include/costmap_converter_msgs/costmap_converter_msgs/msg/detail/obstacle_array_msg__rosidl_typesupport_introspection_cpp.hpp
[8.211s] -- Up-to-date symlink: /home/pi/ugv_ws/install/costmap_converter_msgs/include/costmap_converter_msgs/costmap_converter_msgs/msg/detail/obstacle_msg__rosidl_typesupport_introspection_cpp.hpp
[8.215s] -- Up-to-date symlink: /home/pi/ugv_ws/install/costmap_converter_msgs/share/costmap_converter_msgs/environment/pythonpath.sh
[8.223s] -- Up-to-date symlink: /home/pi/ugv_ws/install/costmap_converter_msgs/share/costmap_converter_msgs/environment/pythonpath.dsv
[8.228s] -- Up-to-date symlink: /home/pi/ugv_ws/install/costmap_converter_msgs/local/lib/python3.10/dist-packages/costmap_converter_msgs-0.1.2-py3.10.egg-info/PKG-INFO
[8.232s] -- Up-to-date symlink: /home/pi/ugv_ws/install/costmap_converter_msgs/local/lib/python3.10/dist-packages/costmap_converter_msgs-0.1.2-py3.10.egg-info/SOURCES.txt
[8.237s] -- Up-to-date symlink: /home/pi/ugv_ws/install/costmap_converter_msgs/local/lib/python3.10/dist-packages/costmap_converter_msgs-0.1.2-py3.10.egg-info/dependency_links.txt
[8.241s] -- Up-to-date symlink: /home/pi/ugv_ws/install/costmap_converter_msgs/local/lib/python3.10/dist-packages/costmap_converter_msgs-0.1.2-py3.10.egg-info/top_level.txt
[8.250s] -- Up-to-date symlink: /home/pi/ugv_ws/install/costmap_converter_msgs/local/lib/python3.10/dist-packages/costmap_converter_msgs/__init__.py
[8.254s] -- Up-to-date symlink: /home/pi/ugv_ws/install/costmap_converter_msgs/local/lib/python3.10/dist-packages/costmap_converter_msgs/_costmap_converter_msgs_s.ep.rosidl_typesupport_c.c
[8.258s] -- Up-to-date symlink: /home/pi/ugv_ws/install/costmap_converter_msgs/local/lib/python3.10/dist-packages/costmap_converter_msgs/_costmap_converter_msgs_s.ep.rosidl_typesupport_fastrtps_c.c
[8.273s] -- Up-to-date symlink: /home/pi/ugv_ws/install/costmap_converter_msgs/local/lib/python3.10/dist-packages/costmap_converter_msgs/_costmap_converter_msgs_s.ep.rosidl_typesupport_introspection_c.c
[8.277s] -- Up-to-date symlink: /home/pi/ugv_ws/install/costmap_converter_msgs/local/lib/python3.10/dist-packages/costmap_converter_msgs/costmap_converter_msgs_s__rosidl_typesupport_c.cpython-310-aarch64-linux-gnu.so
[8.281s] -- Up-to-date symlink: /home/pi/ugv_ws/install/costmap_converter_msgs/local/lib/python3.10/dist-packages/costmap_converter_msgs/costmap_converter_msgs_s__rosidl_typesupport_fastrtps_c.cpython-310-aarch64-linux-gnu.so
[8.285s] -- Up-to-date symlink: /home/pi/ugv_ws/install/costmap_converter_msgs/local/lib/python3.10/dist-packages/costmap_converter_msgs/costmap_converter_msgs_s__rosidl_typesupport_introspection_c.cpython-310-aarch64-linux-gnu.so
[8.290s] -- Up-to-date symlink: /home/pi/ugv_ws/install/costmap_converter_msgs/local/lib/python3.10/dist-packages/costmap_converter_msgs/libcostmap_converter_msgs__rosidl_generator_py.so
[8.298s] -- Up-to-date symlink: /home/pi/ugv_ws/install/costmap_converter_msgs/local/lib/python3.10/dist-packages/costmap_converter_msgs/msg/__init__.py
[8.302s] -- Up-to-date symlink: /home/pi/ugv_ws/install/costmap_converter_msgs/local/lib/python3.10/dist-packages/costmap_converter_msgs/msg/_obstacle_array_msg.py
[8.319s] -- Up-to-date symlink: /home/pi/ugv_ws/install/costmap_converter_msgs/local/lib/python3.10/dist-packages/costmap_converter_msgs/msg/_obstacle_array_msg_s.c
[8.320s] -- Up-to-date symlink: /home/pi/ugv_ws/install/costmap_converter_msgs/local/lib/python3.10/dist-packages/costmap_converter_msgs/msg/_obstacle_msg.py
[8.320s] -- Up-to-date symlink: /home/pi/ugv_ws/install/costmap_converter_msgs/local/lib/python3.10/dist-packages/costmap_converter_msgs/msg/_obstacle_msg_s.c
[8.338s] -- Up-to-date symlink: /home/pi/ugv_ws/install/costmap_converter_msgs/local/lib/python3.10/dist-packages/costmap_converter_msgs/costmap_converter_msgs_s__rosidl_typesupport_fastrtps_c.cpython-310-aarch64-linux-gnu.so
[8.340s] -- Up-to-date symlink: /home/pi/ugv_ws/install/costmap_converter_msgs/local/lib/python3.10/dist-packages/costmap_converter_msgs/costmap_converter_msgs_s__rosidl_typesupport_introspection_c.cpython-310-aarch64-linux-gnu.so
[8.344s] -- Up-to-date symlink: /home/pi/ugv_ws/install/costmap_converter_msgs/local/lib/python3.10/dist-packages/costmap_converter_msgs/costmap_converter_msgs_s__rosidl_typesupport_c.cpython-310-aarch64-linux-gnu.so
[8.351s] -- Up-to-date symlink: /home/pi/ugv_ws/install/costmap_converter_msgs/share/costmap_converter_msgs/msg/ObstacleMsg.idl
[8.361s] -- Up-to-date symlink: /home/pi/ugv_ws/install/costmap_converter_msgs/share/costmap_converter_msgs/msg/ObstacleArrayMsg.idl
[8.365s] -- Up-to-date symlink: /home/pi/ugv_ws/install/costmap_converter_msgs/share/costmap_converter_msgs/msg/ObstacleMsg.msg
[8.371s] -- Up-to-date symlink: /home/pi/ugv_ws/install/costmap_converter_msgs/share/costmap_converter_msgs/msg/ObstacleArrayMsg.msg
[8.381s] -- Up-to-date symlink: /home/pi/ugv_ws/install/costmap_converter_msgs/share/ament_index/resource_index/package_run_dependencies/costmap_converter_msgs
[8.386s] -- Up-to-date symlink: /home/pi/ugv_ws/install/costmap_converter_msgs/share/ament_index/resource_index/parent_prefix_path/costmap_converter_msgs
[8.390s] -- Up-to-date symlink: /home/pi/ugv_ws/install/costmap_converter_msgs/share/costmap_converter_msgs/environment/ament_prefix_path.sh
[8.397s] -- Up-to-date symlink: /home/pi/ugv_ws/install/costmap_converter_msgs/share/costmap_converter_msgs/environment/ament_prefix_path.dsv
[8.408s] -- Up-to-date symlink: /home/pi/ugv_ws/install/costmap_converter_msgs/share/costmap_converter_msgs/environment/path.sh
[8.412s] -- Up-to-date symlink: /home/pi/ugv_ws/install/costmap_converter_msgs/share/costmap_converter_msgs/environment/path.dsv
[8.418s] -- Up-to-date symlink: /home/pi/ugv_ws/install/costmap_converter_msgs/share/costmap_converter_msgs/local_setup.bash
[8.421s] -- Up-to-date symlink: /home/pi/ugv_ws/install/costmap_converter_msgs/share/costmap_converter_msgs/local_setup.sh
[8.444s] -- Up-to-date symlink: /home/pi/ugv_ws/install/costmap_converter_msgs/share/costmap_converter_msgs/local_setup.zsh
[8.444s] -- Up-to-date symlink: /home/pi/ugv_ws/install/costmap_converter_msgs/share/costmap_converter_msgs/local_setup.dsv
[8.445s] -- Symlinking: /home/pi/ugv_ws/install/costmap_converter_msgs/share/costmap_converter_msgs/package.dsv
[8.570s] -- Up-to-date symlink: /home/pi/ugv_ws/install/costmap_converter_msgs/share/ament_index/resource_index/packages/costmap_converter_msgs
[8.570s] -- Up-to-date symlink: /home/pi/ugv_ws/install/costmap_converter_msgs/share/costmap_converter_msgs/cmake/rosidl_cmake-extras.cmake
[8.571s] -- Up-to-date symlink: /home/pi/ugv_ws/install/costmap_converter_msgs/share/costmap_converter_msgs/cmake/ament_cmake_export_dependencies-extras.cmake
[8.573s] -- Up-to-date symlink: /home/pi/ugv_ws/install/costmap_converter_msgs/share/costmap_converter_msgs/cmake/ament_cmake_export_include_directories-extras.cmake
[8.576s] -- Up-to-date symlink: /home/pi/ugv_ws/install/costmap_converter_msgs/share/costmap_converter_msgs/cmake/ament_cmake_export_libraries-extras.cmake
[8.579s] -- Up-to-date symlink: /home/pi/ugv_ws/install/costmap_converter_msgs/share/costmap_converter_msgs/cmake/ament_cmake_export_targets-extras.cmake
[8.581s] -- Up-to-date symlink: /home/pi/ugv_ws/install/costmap_converter_msgs/share/costmap_converter_msgs/cmake/rosidl_cmake_export_typesupport_targets-extras.cmake
[8.586s] -- Up-to-date symlink: /home/pi/ugv_ws/install/costmap_converter_msgs/share/costmap_converter_msgs/cmake/rosidl_cmake_export_typesupport_libraries-extras.cmake
[8.589s] -- Up-to-date symlink: /home/pi/ugv_ws/install/costmap_converter_msgs/share/costmap_converter_msgs/cmake/costmap_converter_msgsConfig.cmake
[8.591s] -- Up-to-date symlink: /home/pi/ugv_ws/install/costmap_converter_msgs/share/costmap_converter_msgs/cmake/costmap_converter_msgsConfig-version.cmake
[8.593s] -- Up-to-date symlink: /home/pi/ugv_ws/install/costmap_converter_msgs/share/costmap_converter_msgs/package.xml
[8.598s] -- Up-to-date: /home/pi/ugv_ws/install/costmap_converter_msgs/lib/libcostmap_converter_msgs__rosidl_generator_c.so
[8.602s] -- Up-to-date: /home/pi/ugv_ws/install/costmap_converter_msgs/lib/libcostmap_converter_msgs__rosidl_typesupport_fastrtps_c.so
[8.612s] -- Up-to-date: /home/pi/ugv_ws/install/costmap_converter_msgs/lib/libcostmap_converter_msgs__rosidl_typesupport_fastrtps_cpp.so
[8.613s] -- Up-to-date: /home/pi/ugv_ws/install/costmap_converter_msgs/lib/libcostmap_converter_msgs__rosidl_typesupport_introspection_c.so
[8.643s] -- Up-to-date: /home/pi/ugv_ws/install/costmap_converter_msgs/lib/libcostmap_converter_msgs__rosidl_typesupport_c.so
[8.644s] -- Up-to-date: /home/pi/ugv_ws/install/costmap_converter_msgs/lib/libcostmap_converter_msgs__rosidl_typesupport_introspection_cpp.so
[8.644s] -- Up-to-date: /home/pi/ugv_ws/install/costmap_converter_msgs/lib/libcostmap_converter_msgs__rosidl_typesupport_cpp.so
[9.075s] Listing '/home/pi/ugv_ws/install/costmap_converter_msgs/local/lib/python3.10/dist-packages/costmap_converter_msgs'...
[9.076s] Listing '/home/pi/ugv_ws/install/costmap_converter_msgs/local/lib/python3.10/dist-packages/costmap_converter_msgs/msg'...
[9.126s] -- Up-to-date: /home/pi/ugv_ws/install/costmap_converter_msgs/lib/libcostmap_converter_msgs__rosidl_generator_py.so
[9.127s] -- Up-to-date: /home/pi/ugv_ws/install/costmap_converter_msgs/share/costmap_converter_msgs/cmake/export_costmap_converter_msgs__rosidl_generator_cExport.cmake
[9.127s] -- Up-to-date: /home/pi/ugv_ws/install/costmap_converter_msgs/share/costmap_converter_msgs/cmake/export_costmap_converter_msgs__rosidl_generator_cExport-noconfig.cmake
[9.128s] -- Up-to-date: /home/pi/ugv_ws/install/costmap_converter_msgs/share/costmap_converter_msgs/cmake/export_costmap_converter_msgs__rosidl_typesupport_fastrtps_cExport.cmake
[9.129s] -- Up-to-date: /home/pi/ugv_ws/install/costmap_converter_msgs/share/costmap_converter_msgs/cmake/export_costmap_converter_msgs__rosidl_typesupport_fastrtps_cExport-noconfig.cmake
[9.130s] -- Up-to-date: /home/pi/ugv_ws/install/costmap_converter_msgs/share/costmap_converter_msgs/cmake/export_costmap_converter_msgs__rosidl_generator_cppExport.cmake
[9.131s] -- Up-to-date: /home/pi/ugv_ws/install/costmap_converter_msgs/share/costmap_converter_msgs/cmake/export_costmap_converter_msgs__rosidl_typesupport_fastrtps_cppExport.cmake
[9.133s] -- Up-to-date: /home/pi/ugv_ws/install/costmap_converter_msgs/share/costmap_converter_msgs/cmake/export_costmap_converter_msgs__rosidl_typesupport_fastrtps_cppExport-noconfig.cmake
[9.134s] -- Up-to-date: /home/pi/ugv_ws/install/costmap_converter_msgs/share/costmap_converter_msgs/cmake/costmap_converter_msgs__rosidl_typesupport_introspection_cExport.cmake
[9.134s] -- Up-to-date: /home/pi/ugv_ws/install/costmap_converter_msgs/share/costmap_converter_msgs/cmake/costmap_converter_msgs__rosidl_typesupport_introspection_cExport-noconfig.cmake
[9.147s] -- Up-to-date: /home/pi/ugv_ws/install/costmap_converter_msgs/share/costmap_converter_msgs/cmake/costmap_converter_msgs__rosidl_typesupport_cExport.cmake
[9.147s] -- Up-to-date: /home/pi/ugv_ws/install/costmap_converter_msgs/share/costmap_converter_msgs/cmake/costmap_converter_msgs__rosidl_typesupport_cExport-noconfig.cmake
[9.150s] -- Up-to-date: /home/pi/ugv_ws/install/costmap_converter_msgs/share/costmap_converter_msgs/cmake/costmap_converter_msgs__rosidl_typesupport_introspection_cppExport.cmake
[9.151s] -- Up-to-date: /home/pi/ugv_ws/install/costmap_converter_msgs/share/costmap_converter_msgs/cmake/costmap_converter_msgs__rosidl_typesupport_introspection_cppExport-noconfig.cmake
[9.152s] -- Up-to-date: /home/pi/ugv_ws/install/costmap_converter_msgs/share/costmap_converter_msgs/cmake/costmap_converter_msgs__rosidl_typesupport_cppExport.cmake
[9.152s] -- Up-to-date: /home/pi/ugv_ws/install/costmap_converter_msgs/share/costmap_converter_msgs/cmake/costmap_converter_msgs__rosidl_typesupport_cppExport-noconfig.cmake
[9.153s] -- Up-to-date: /home/pi/ugv_ws/install/costmap_converter_msgs/share/costmap_converter_msgs/cmake/export_costmap_converter_msgs__rosidl_generator_pyExport.cmake
[9.154s] -- Up-to-date: /home/pi/ugv_ws/install/costmap_converter_msgs/share/costmap_converter_msgs/cmake/export_costmap_converter_msgs__rosidl_generator_pyExport-noconfig.cmake
[9.166s] Invoked command in '/home/pi/ugv_ws/build/costmap_converter_msgs' returned '0': CMAKE_PREFIX_PATH=${CMAKE_PREFIX_PATH}:/home/pi/ugv_ws/install/ugv_web_app:/home/pi/ugv_ws/install/ugv_vision:/home/pi/ugv_ws/install/ugv_tools:/home/pi/ugv_ws/install/ugv_chat_ai:/home/pi/ugv_ws/install/ugv_bringup:/opt/ros/humble /usr/bin/cmake --install /home/pi/ugv_ws/build/costmap_converter_msgs
