[0.141s] Invoking command in '/home/pi/ugv_ws/build/apriltag_msgs': CMAKE_PREFIX_PATH=${CMAKE_PREFIX_PATH}:/home/pi/ugv_ws/install/ugv_web_app:/home/pi/ugv_ws/install/ugv_vision:/home/pi/ugv_ws/install/ugv_tools:/home/pi/ugv_ws/install/ugv_chat_ai:/home/pi/ugv_ws/install/ugv_bringup:/opt/ros/humble /usr/bin/cmake --build /home/pi/ugv_ws/build/apriltag_msgs -- -j4 -l4
[0.457s] [  2%] Built target apriltag_msgs__cpp
[0.653s] [  2%] Built target ament_cmake_python_symlink_apriltag_msgs
[0.798s] [ 12%] Built target apriltag_msgs__rosidl_typesupport_fastrtps_cpp
[0.954s] [ 23%] Built target apriltag_msgs__rosidl_typesupport_introspection_cpp
[3.276s] running egg_info
[3.281s] writing apriltag_msgs.egg-info/PKG-INFO
[3.286s] writing dependency_links to apriltag_msgs.egg-info/dependency_links.txt
[3.287s] writing top-level names to apriltag_msgs.egg-info/top_level.txt
[3.303s] reading manifest file 'apriltag_msgs.egg-info/SOURCES.txt'
[3.312s] writing manifest file 'apriltag_msgs.egg-info/SOURCES.txt'
[3.584s] [ 23%] Built target ament_cmake_python_build_apriltag_msgs_egg
[3.903s] [ 33%] Built target apriltag_msgs__rosidl_typesupport_cpp
[4.063s] [ 43%] Built target apriltag_msgs__rosidl_generator_c
[4.317s] [ 53%] Built target apriltag_msgs__rosidl_typesupport_fastrtps_c
[4.499s] [ 64%] Built target apriltag_msgs__rosidl_typesupport_c
[4.664s] [ 74%] Built target apriltag_msgs__rosidl_typesupport_introspection_c
[4.864s] [ 74%] Built target apriltag_msgs
[5.029s] [ 76%] Built target apriltag_msgs__py
[5.277s] [ 84%] Built target apriltag_msgs__rosidl_generator_py
[5.489s] [ 89%] Built target apriltag_msgs__rosidl_typesupport_fastrtps_c__pyext
[5.708s] [ 94%] Built target apriltag_msgs__rosidl_typesupport_c__pyext
[5.929s] [100%] Built target apriltag_msgs__rosidl_typesupport_introspection_c__pyext
[6.054s] Invoked command in '/home/pi/ugv_ws/build/apriltag_msgs' returned '0': CMAKE_PREFIX_PATH=${CMAKE_PREFIX_PATH}:/home/pi/ugv_ws/install/ugv_web_app:/home/pi/ugv_ws/install/ugv_vision:/home/pi/ugv_ws/install/ugv_tools:/home/pi/ugv_ws/install/ugv_chat_ai:/home/pi/ugv_ws/install/ugv_bringup:/opt/ros/humble /usr/bin/cmake --build /home/pi/ugv_ws/build/apriltag_msgs -- -j4 -l4
[6.056s] Invoking command in '/home/pi/ugv_ws/build/apriltag_msgs': CMAKE_PREFIX_PATH=${CMAKE_PREFIX_PATH}:/home/pi/ugv_ws/install/ugv_web_app:/home/pi/ugv_ws/install/ugv_vision:/home/pi/ugv_ws/install/ugv_tools:/home/pi/ugv_ws/install/ugv_chat_ai:/home/pi/ugv_ws/install/ugv_bringup:/opt/ros/humble /usr/bin/cmake --install /home/pi/ugv_ws/build/apriltag_msgs
[6.117s] -- Install configuration: ""
[6.134s] -- Execute custom install script
[6.135s] -- Up-to-date symlink: /home/pi/ugv_ws/install/apriltag_msgs/share/ament_index/resource_index/rosidl_interfaces/apriltag_msgs
[6.135s] -- Up-to-date symlink: /home/pi/ugv_ws/install/apriltag_msgs/include/apriltag_msgs/apriltag_msgs/msg/april_tag_detection.h
[6.135s] -- Up-to-date symlink: /home/pi/ugv_ws/install/apriltag_msgs/include/apriltag_msgs/apriltag_msgs/msg/april_tag_detection_array.h
[6.136s] -- Up-to-date symlink: /home/pi/ugv_ws/install/apriltag_msgs/include/apriltag_msgs/apriltag_msgs/msg/detail/april_tag_detection__functions.h
[6.136s] -- Up-to-date symlink: /home/pi/ugv_ws/install/apriltag_msgs/include/apriltag_msgs/apriltag_msgs/msg/detail/april_tag_detection__struct.h
[6.137s] -- Up-to-date symlink: /home/pi/ugv_ws/install/apriltag_msgs/include/apriltag_msgs/apriltag_msgs/msg/detail/april_tag_detection__type_support.h
[6.137s] -- Up-to-date symlink: /home/pi/ugv_ws/install/apriltag_msgs/include/apriltag_msgs/apriltag_msgs/msg/detail/april_tag_detection_array__functions.h
[6.145s] -- Up-to-date symlink: /home/pi/ugv_ws/install/apriltag_msgs/include/apriltag_msgs/apriltag_msgs/msg/detail/april_tag_detection_array__struct.h
[6.150s] -- Up-to-date symlink: /home/pi/ugv_ws/install/apriltag_msgs/include/apriltag_msgs/apriltag_msgs/msg/detail/april_tag_detection_array__type_support.h
[6.151s] -- Up-to-date symlink: /home/pi/ugv_ws/install/apriltag_msgs/include/apriltag_msgs/apriltag_msgs/msg/rosidl_generator_c__visibility_control.h
[6.151s] -- Up-to-date symlink: /home/pi/ugv_ws/install/apriltag_msgs/share/apriltag_msgs/environment/library_path.sh
[6.152s] -- Up-to-date symlink: /home/pi/ugv_ws/install/apriltag_msgs/share/apriltag_msgs/environment/library_path.dsv
[6.158s] -- Up-to-date symlink: /home/pi/ugv_ws/install/apriltag_msgs/include/apriltag_msgs/apriltag_msgs/msg/detail/april_tag_detection__rosidl_typesupport_fastrtps_c.h
[6.159s] -- Up-to-date symlink: /home/pi/ugv_ws/install/apriltag_msgs/include/apriltag_msgs/apriltag_msgs/msg/detail/april_tag_detection_array__rosidl_typesupport_fastrtps_c.h
[6.163s] -- Up-to-date symlink: /home/pi/ugv_ws/install/apriltag_msgs/include/apriltag_msgs/apriltag_msgs/msg/rosidl_typesupport_fastrtps_c__visibility_control.h
[6.163s] -- Up-to-date symlink: /home/pi/ugv_ws/install/apriltag_msgs/include/apriltag_msgs/apriltag_msgs/msg/april_tag_detection.hpp
[6.164s] -- Up-to-date symlink: /home/pi/ugv_ws/install/apriltag_msgs/include/apriltag_msgs/apriltag_msgs/msg/april_tag_detection_array.hpp
[6.164s] -- Up-to-date symlink: /home/pi/ugv_ws/install/apriltag_msgs/include/apriltag_msgs/apriltag_msgs/msg/detail/april_tag_detection__builder.hpp
[6.170s] -- Up-to-date symlink: /home/pi/ugv_ws/install/apriltag_msgs/include/apriltag_msgs/apriltag_msgs/msg/detail/april_tag_detection__struct.hpp
[6.178s] -- Up-to-date symlink: /home/pi/ugv_ws/install/apriltag_msgs/include/apriltag_msgs/apriltag_msgs/msg/detail/april_tag_detection__traits.hpp
[6.179s] -- Up-to-date symlink: /home/pi/ugv_ws/install/apriltag_msgs/include/apriltag_msgs/apriltag_msgs/msg/detail/april_tag_detection__type_support.hpp
[6.179s] -- Up-to-date symlink: /home/pi/ugv_ws/install/apriltag_msgs/include/apriltag_msgs/apriltag_msgs/msg/detail/april_tag_detection_array__builder.hpp
[6.180s] -- Up-to-date symlink: /home/pi/ugv_ws/install/apriltag_msgs/include/apriltag_msgs/apriltag_msgs/msg/detail/april_tag_detection_array__struct.hpp
[6.180s] -- Up-to-date symlink: /home/pi/ugv_ws/install/apriltag_msgs/include/apriltag_msgs/apriltag_msgs/msg/detail/april_tag_detection_array__traits.hpp
[6.180s] -- Up-to-date symlink: /home/pi/ugv_ws/install/apriltag_msgs/include/apriltag_msgs/apriltag_msgs/msg/detail/april_tag_detection_array__type_support.hpp
[6.181s] -- Up-to-date symlink: /home/pi/ugv_ws/install/apriltag_msgs/include/apriltag_msgs/apriltag_msgs/msg/rosidl_generator_cpp__visibility_control.hpp
[6.181s] -- Up-to-date symlink: /home/pi/ugv_ws/install/apriltag_msgs/include/apriltag_msgs/apriltag_msgs/msg/detail/april_tag_detection__rosidl_typesupport_fastrtps_cpp.hpp
[6.182s] -- Up-to-date symlink: /home/pi/ugv_ws/install/apriltag_msgs/include/apriltag_msgs/apriltag_msgs/msg/detail/april_tag_detection_array__rosidl_typesupport_fastrtps_cpp.hpp
[6.190s] -- Up-to-date symlink: /home/pi/ugv_ws/install/apriltag_msgs/include/apriltag_msgs/apriltag_msgs/msg/rosidl_typesupport_fastrtps_cpp__visibility_control.h
[6.191s] -- Up-to-date symlink: /home/pi/ugv_ws/install/apriltag_msgs/include/apriltag_msgs/apriltag_msgs/msg/detail/april_tag_detection__rosidl_typesupport_introspection_c.h
[6.192s] -- Up-to-date symlink: /home/pi/ugv_ws/install/apriltag_msgs/include/apriltag_msgs/apriltag_msgs/msg/detail/april_tag_detection_array__rosidl_typesupport_introspection_c.h
[6.195s] -- Up-to-date symlink: /home/pi/ugv_ws/install/apriltag_msgs/include/apriltag_msgs/apriltag_msgs/msg/rosidl_typesupport_introspection_c__visibility_control.h
[6.202s] -- Up-to-date symlink: /home/pi/ugv_ws/install/apriltag_msgs/include/apriltag_msgs/apriltag_msgs/msg/detail/april_tag_detection__rosidl_typesupport_introspection_cpp.hpp
[6.203s] -- Up-to-date symlink: /home/pi/ugv_ws/install/apriltag_msgs/include/apriltag_msgs/apriltag_msgs/msg/detail/april_tag_detection_array__rosidl_typesupport_introspection_cpp.hpp
[6.203s] -- Up-to-date symlink: /home/pi/ugv_ws/install/apriltag_msgs/share/apriltag_msgs/environment/pythonpath.sh
[6.204s] -- Up-to-date symlink: /home/pi/ugv_ws/install/apriltag_msgs/share/apriltag_msgs/environment/pythonpath.dsv
[6.210s] -- Up-to-date symlink: /home/pi/ugv_ws/install/apriltag_msgs/local/lib/python3.10/dist-packages/apriltag_msgs-0.0.0-py3.10.egg-info/PKG-INFO
[6.211s] -- Up-to-date symlink: /home/pi/ugv_ws/install/apriltag_msgs/local/lib/python3.10/dist-packages/apriltag_msgs-0.0.0-py3.10.egg-info/SOURCES.txt
[6.211s] -- Up-to-date symlink: /home/pi/ugv_ws/install/apriltag_msgs/local/lib/python3.10/dist-packages/apriltag_msgs-0.0.0-py3.10.egg-info/dependency_links.txt
[6.212s] -- Up-to-date symlink: /home/pi/ugv_ws/install/apriltag_msgs/local/lib/python3.10/dist-packages/apriltag_msgs-0.0.0-py3.10.egg-info/top_level.txt
[6.212s] -- Up-to-date symlink: /home/pi/ugv_ws/install/apriltag_msgs/local/lib/python3.10/dist-packages/apriltag_msgs/__init__.py
[6.213s] -- Up-to-date symlink: /home/pi/ugv_ws/install/apriltag_msgs/local/lib/python3.10/dist-packages/apriltag_msgs/_apriltag_msgs_s.ep.rosidl_typesupport_c.c
[6.213s] -- Up-to-date symlink: /home/pi/ugv_ws/install/apriltag_msgs/local/lib/python3.10/dist-packages/apriltag_msgs/_apriltag_msgs_s.ep.rosidl_typesupport_fastrtps_c.c
[6.214s] -- Up-to-date symlink: /home/pi/ugv_ws/install/apriltag_msgs/local/lib/python3.10/dist-packages/apriltag_msgs/_apriltag_msgs_s.ep.rosidl_typesupport_introspection_c.c
[6.222s] -- Up-to-date symlink: /home/pi/ugv_ws/install/apriltag_msgs/local/lib/python3.10/dist-packages/apriltag_msgs/apriltag_msgs_s__rosidl_typesupport_c.cpython-310-aarch64-linux-gnu.so
[6.223s] -- Up-to-date symlink: /home/pi/ugv_ws/install/apriltag_msgs/local/lib/python3.10/dist-packages/apriltag_msgs/apriltag_msgs_s__rosidl_typesupport_fastrtps_c.cpython-310-aarch64-linux-gnu.so
[6.224s] -- Up-to-date symlink: /home/pi/ugv_ws/install/apriltag_msgs/local/lib/python3.10/dist-packages/apriltag_msgs/apriltag_msgs_s__rosidl_typesupport_introspection_c.cpython-310-aarch64-linux-gnu.so
[6.225s] -- Up-to-date symlink: /home/pi/ugv_ws/install/apriltag_msgs/local/lib/python3.10/dist-packages/apriltag_msgs/libapriltag_msgs__rosidl_generator_py.so
[6.226s] -- Up-to-date symlink: /home/pi/ugv_ws/install/apriltag_msgs/local/lib/python3.10/dist-packages/apriltag_msgs/msg/__init__.py
[6.226s] -- Up-to-date symlink: /home/pi/ugv_ws/install/apriltag_msgs/local/lib/python3.10/dist-packages/apriltag_msgs/msg/_april_tag_detection.py
[6.227s] -- Up-to-date symlink: /home/pi/ugv_ws/install/apriltag_msgs/local/lib/python3.10/dist-packages/apriltag_msgs/msg/_april_tag_detection_array.py
[6.227s] -- Up-to-date symlink: /home/pi/ugv_ws/install/apriltag_msgs/local/lib/python3.10/dist-packages/apriltag_msgs/msg/_april_tag_detection_array_s.c
[6.228s] -- Up-to-date symlink: /home/pi/ugv_ws/install/apriltag_msgs/local/lib/python3.10/dist-packages/apriltag_msgs/msg/_april_tag_detection_s.c
[6.228s] -- Up-to-date symlink: /home/pi/ugv_ws/install/apriltag_msgs/local/lib/python3.10/dist-packages/apriltag_msgs/apriltag_msgs_s__rosidl_typesupport_fastrtps_c.cpython-310-aarch64-linux-gnu.so
[6.229s] -- Up-to-date symlink: /home/pi/ugv_ws/install/apriltag_msgs/local/lib/python3.10/dist-packages/apriltag_msgs/apriltag_msgs_s__rosidl_typesupport_introspection_c.cpython-310-aarch64-linux-gnu.so
[6.229s] -- Up-to-date symlink: /home/pi/ugv_ws/install/apriltag_msgs/local/lib/python3.10/dist-packages/apriltag_msgs/apriltag_msgs_s__rosidl_typesupport_c.cpython-310-aarch64-linux-gnu.so
[6.238s] -- Up-to-date symlink: /home/pi/ugv_ws/install/apriltag_msgs/share/apriltag_msgs/msg/AprilTagDetectionArray.idl
[6.239s] -- Up-to-date symlink: /home/pi/ugv_ws/install/apriltag_msgs/share/apriltag_msgs/msg/AprilTagDetection.idl
[6.240s] -- Up-to-date symlink: /home/pi/ugv_ws/install/apriltag_msgs/share/apriltag_msgs/msg/AprilTagDetectionArray.msg
[6.240s] -- Up-to-date symlink: /home/pi/ugv_ws/install/apriltag_msgs/share/apriltag_msgs/msg/AprilTagDetection.msg
[6.241s] -- Up-to-date symlink: /home/pi/ugv_ws/install/apriltag_msgs/share/ament_index/resource_index/package_run_dependencies/apriltag_msgs
[6.242s] -- Up-to-date symlink: /home/pi/ugv_ws/install/apriltag_msgs/share/ament_index/resource_index/parent_prefix_path/apriltag_msgs
[6.242s] -- Up-to-date symlink: /home/pi/ugv_ws/install/apriltag_msgs/share/apriltag_msgs/environment/ament_prefix_path.sh
[6.243s] -- Up-to-date symlink: /home/pi/ugv_ws/install/apriltag_msgs/share/apriltag_msgs/environment/ament_prefix_path.dsv
[6.258s] -- Up-to-date symlink: /home/pi/ugv_ws/install/apriltag_msgs/share/apriltag_msgs/environment/path.sh
[6.259s] -- Up-to-date symlink: /home/pi/ugv_ws/install/apriltag_msgs/share/apriltag_msgs/environment/path.dsv
[6.259s] -- Up-to-date symlink: /home/pi/ugv_ws/install/apriltag_msgs/share/apriltag_msgs/local_setup.bash
[6.260s] -- Up-to-date symlink: /home/pi/ugv_ws/install/apriltag_msgs/share/apriltag_msgs/local_setup.sh
[6.261s] -- Up-to-date symlink: /home/pi/ugv_ws/install/apriltag_msgs/share/apriltag_msgs/local_setup.zsh
[6.262s] -- Up-to-date symlink: /home/pi/ugv_ws/install/apriltag_msgs/share/apriltag_msgs/local_setup.dsv
[6.262s] -- Symlinking: /home/pi/ugv_ws/install/apriltag_msgs/share/apriltag_msgs/package.dsv
[6.278s] -- Up-to-date symlink: /home/pi/ugv_ws/install/apriltag_msgs/share/ament_index/resource_index/packages/apriltag_msgs
[6.298s] -- Up-to-date symlink: /home/pi/ugv_ws/install/apriltag_msgs/share/apriltag_msgs/cmake/rosidl_cmake-extras.cmake
[6.300s] -- Up-to-date symlink: /home/pi/ugv_ws/install/apriltag_msgs/share/apriltag_msgs/cmake/ament_cmake_export_dependencies-extras.cmake
[6.300s] -- Up-to-date symlink: /home/pi/ugv_ws/install/apriltag_msgs/share/apriltag_msgs/cmake/ament_cmake_export_include_directories-extras.cmake
[6.301s] -- Up-to-date symlink: /home/pi/ugv_ws/install/apriltag_msgs/share/apriltag_msgs/cmake/ament_cmake_export_libraries-extras.cmake
[6.301s] -- Up-to-date symlink: /home/pi/ugv_ws/install/apriltag_msgs/share/apriltag_msgs/cmake/ament_cmake_export_targets-extras.cmake
[6.302s] -- Up-to-date symlink: /home/pi/ugv_ws/install/apriltag_msgs/share/apriltag_msgs/cmake/rosidl_cmake_export_typesupport_targets-extras.cmake
[6.303s] -- Up-to-date symlink: /home/pi/ugv_ws/install/apriltag_msgs/share/apriltag_msgs/cmake/rosidl_cmake_export_typesupport_libraries-extras.cmake
[6.303s] -- Up-to-date symlink: /home/pi/ugv_ws/install/apriltag_msgs/share/apriltag_msgs/cmake/apriltag_msgsConfig.cmake
[6.304s] -- Up-to-date symlink: /home/pi/ugv_ws/install/apriltag_msgs/share/apriltag_msgs/cmake/apriltag_msgsConfig-version.cmake
[6.305s] -- Up-to-date symlink: /home/pi/ugv_ws/install/apriltag_msgs/share/apriltag_msgs/package.xml
[6.305s] -- Up-to-date: /home/pi/ugv_ws/install/apriltag_msgs/lib/libapriltag_msgs__rosidl_generator_c.so
[6.306s] -- Up-to-date: /home/pi/ugv_ws/install/apriltag_msgs/lib/libapriltag_msgs__rosidl_typesupport_fastrtps_c.so
[6.306s] -- Up-to-date: /home/pi/ugv_ws/install/apriltag_msgs/lib/libapriltag_msgs__rosidl_typesupport_fastrtps_cpp.so
[6.307s] -- Up-to-date: /home/pi/ugv_ws/install/apriltag_msgs/lib/libapriltag_msgs__rosidl_typesupport_introspection_c.so
[6.307s] -- Up-to-date: /home/pi/ugv_ws/install/apriltag_msgs/lib/libapriltag_msgs__rosidl_typesupport_c.so
[6.308s] -- Up-to-date: /home/pi/ugv_ws/install/apriltag_msgs/lib/libapriltag_msgs__rosidl_typesupport_introspection_cpp.so
[6.308s] -- Up-to-date: /home/pi/ugv_ws/install/apriltag_msgs/lib/libapriltag_msgs__rosidl_typesupport_cpp.so
[6.679s] Listing '/home/pi/ugv_ws/install/apriltag_msgs/local/lib/python3.10/dist-packages/apriltag_msgs'...
[6.680s] Listing '/home/pi/ugv_ws/install/apriltag_msgs/local/lib/python3.10/dist-packages/apriltag_msgs/msg'...
[6.716s] -- Up-to-date: /home/pi/ugv_ws/install/apriltag_msgs/lib/libapriltag_msgs__rosidl_generator_py.so
[6.718s] -- Up-to-date: /home/pi/ugv_ws/install/apriltag_msgs/share/apriltag_msgs/cmake/export_apriltag_msgs__rosidl_generator_cExport.cmake
[6.718s] -- Up-to-date: /home/pi/ugv_ws/install/apriltag_msgs/share/apriltag_msgs/cmake/export_apriltag_msgs__rosidl_generator_cExport-noconfig.cmake
[6.719s] -- Up-to-date: /home/pi/ugv_ws/install/apriltag_msgs/share/apriltag_msgs/cmake/export_apriltag_msgs__rosidl_typesupport_fastrtps_cExport.cmake
[6.722s] -- Up-to-date: /home/pi/ugv_ws/install/apriltag_msgs/share/apriltag_msgs/cmake/export_apriltag_msgs__rosidl_typesupport_fastrtps_cExport-noconfig.cmake
[6.723s] -- Up-to-date: /home/pi/ugv_ws/install/apriltag_msgs/share/apriltag_msgs/cmake/export_apriltag_msgs__rosidl_generator_cppExport.cmake
[6.724s] -- Up-to-date: /home/pi/ugv_ws/install/apriltag_msgs/share/apriltag_msgs/cmake/export_apriltag_msgs__rosidl_typesupport_fastrtps_cppExport.cmake
[6.726s] -- Up-to-date: /home/pi/ugv_ws/install/apriltag_msgs/share/apriltag_msgs/cmake/export_apriltag_msgs__rosidl_typesupport_fastrtps_cppExport-noconfig.cmake
[6.727s] -- Up-to-date: /home/pi/ugv_ws/install/apriltag_msgs/share/apriltag_msgs/cmake/apriltag_msgs__rosidl_typesupport_introspection_cExport.cmake
[6.728s] -- Up-to-date: /home/pi/ugv_ws/install/apriltag_msgs/share/apriltag_msgs/cmake/apriltag_msgs__rosidl_typesupport_introspection_cExport-noconfig.cmake
[6.728s] -- Up-to-date: /home/pi/ugv_ws/install/apriltag_msgs/share/apriltag_msgs/cmake/apriltag_msgs__rosidl_typesupport_cExport.cmake
[6.729s] -- Up-to-date: /home/pi/ugv_ws/install/apriltag_msgs/share/apriltag_msgs/cmake/apriltag_msgs__rosidl_typesupport_cExport-noconfig.cmake
[6.731s] -- Up-to-date: /home/pi/ugv_ws/install/apriltag_msgs/share/apriltag_msgs/cmake/apriltag_msgs__rosidl_typesupport_introspection_cppExport.cmake
[6.732s] -- Up-to-date: /home/pi/ugv_ws/install/apriltag_msgs/share/apriltag_msgs/cmake/apriltag_msgs__rosidl_typesupport_introspection_cppExport-noconfig.cmake
[6.733s] -- Up-to-date: /home/pi/ugv_ws/install/apriltag_msgs/share/apriltag_msgs/cmake/apriltag_msgs__rosidl_typesupport_cppExport.cmake
[6.733s] -- Up-to-date: /home/pi/ugv_ws/install/apriltag_msgs/share/apriltag_msgs/cmake/apriltag_msgs__rosidl_typesupport_cppExport-noconfig.cmake
[6.734s] -- Up-to-date: /home/pi/ugv_ws/install/apriltag_msgs/share/apriltag_msgs/cmake/export_apriltag_msgs__rosidl_generator_pyExport.cmake
[6.735s] -- Up-to-date: /home/pi/ugv_ws/install/apriltag_msgs/share/apriltag_msgs/cmake/export_apriltag_msgs__rosidl_generator_pyExport-noconfig.cmake
[6.835s] Invoked command in '/home/pi/ugv_ws/build/apriltag_msgs' returned '0': CMAKE_PREFIX_PATH=${CMAKE_PREFIX_PATH}:/home/pi/ugv_ws/install/ugv_web_app:/home/pi/ugv_ws/install/ugv_vision:/home/pi/ugv_ws/install/ugv_tools:/home/pi/ugv_ws/install/ugv_chat_ai:/home/pi/ugv_ws/install/ugv_bringup:/opt/ros/humble /usr/bin/cmake --install /home/pi/ugv_ws/build/apriltag_msgs
