[0.151s] Invoking command in '/home/pi/ugv_ws/build/ugv_base_node': CMAKE_PREFIX_PATH=${CMAKE_PREFIX_PATH}:/home/pi/ugv_ws/install/ugv_web_app:/home/pi/ugv_ws/install/ugv_vision:/home/pi/ugv_ws/install/ugv_tools:/home/pi/ugv_ws/install/ugv_chat_ai:/home/pi/ugv_ws/install/ugv_bringup:/opt/ros/humble /usr/bin/cmake --build /home/pi/ugv_ws/build/ugv_base_node -- -j4 -l4
[0.560s] [ 50%] Built target base_node
[0.582s] [100%] Built target base_node_ekf
[1.721s] Invoked command in '/home/pi/ugv_ws/build/ugv_base_node' returned '0': CMAKE_PREFIX_PATH=${CMAKE_PREFIX_PATH}:/home/pi/ugv_ws/install/ugv_web_app:/home/pi/ugv_ws/install/ugv_vision:/home/pi/ugv_ws/install/ugv_tools:/home/pi/ugv_ws/install/ugv_chat_ai:/home/pi/ugv_ws/install/ugv_bringup:/opt/ros/humble /usr/bin/cmake --build /home/pi/ugv_ws/build/ugv_base_node -- -j4 -l4
[1.733s] Invoking command in '/home/pi/ugv_ws/build/ugv_base_node': CMAKE_PREFIX_PATH=${CMAKE_PREFIX_PATH}:/home/pi/ugv_ws/install/ugv_web_app:/home/pi/ugv_ws/install/ugv_vision:/home/pi/ugv_ws/install/ugv_tools:/home/pi/ugv_ws/install/ugv_chat_ai:/home/pi/ugv_ws/install/ugv_bringup:/opt/ros/humble /usr/bin/cmake --install /home/pi/ugv_ws/build/ugv_base_node
[1.815s] -- Install configuration: ""
[1.815s] -- Execute custom install script
[1.815s] -- Up-to-date symlink: /home/pi/ugv_ws/install/ugv_base_node/lib/ugv_base_node/base_node
[1.816s] -- Up-to-date symlink: /home/pi/ugv_ws/install/ugv_base_node/lib/ugv_base_node/base_node_ekf
[1.816s] -- Up-to-date symlink: /home/pi/ugv_ws/install/ugv_base_node/share/ament_index/resource_index/package_run_dependencies/ugv_base_node
[1.817s] -- Up-to-date symlink: /home/pi/ugv_ws/install/ugv_base_node/share/ament_index/resource_index/parent_prefix_path/ugv_base_node
[1.818s] -- Up-to-date symlink: /home/pi/ugv_ws/install/ugv_base_node/share/ugv_base_node/environment/ament_prefix_path.sh
[1.819s] -- Up-to-date symlink: /home/pi/ugv_ws/install/ugv_base_node/share/ugv_base_node/environment/ament_prefix_path.dsv
[1.820s] -- Up-to-date symlink: /home/pi/ugv_ws/install/ugv_base_node/share/ugv_base_node/environment/path.sh
[1.821s] -- Up-to-date symlink: /home/pi/ugv_ws/install/ugv_base_node/share/ugv_base_node/environment/path.dsv
[1.822s] -- Up-to-date symlink: /home/pi/ugv_ws/install/ugv_base_node/share/ugv_base_node/local_setup.bash
[1.827s] -- Up-to-date symlink: /home/pi/ugv_ws/install/ugv_base_node/share/ugv_base_node/local_setup.sh
[1.828s] -- Up-to-date symlink: /home/pi/ugv_ws/install/ugv_base_node/share/ugv_base_node/local_setup.zsh
[1.829s] -- Up-to-date symlink: /home/pi/ugv_ws/install/ugv_base_node/share/ugv_base_node/local_setup.dsv
[1.830s] -- Symlinking: /home/pi/ugv_ws/install/ugv_base_node/share/ugv_base_node/package.dsv
[1.861s] -- Up-to-date symlink: /home/pi/ugv_ws/install/ugv_base_node/share/ament_index/resource_index/packages/ugv_base_node
[1.862s] -- Up-to-date symlink: /home/pi/ugv_ws/install/ugv_base_node/share/ugv_base_node/cmake/ugv_base_nodeConfig.cmake
[1.862s] -- Up-to-date symlink: /home/pi/ugv_ws/install/ugv_base_node/share/ugv_base_node/cmake/ugv_base_nodeConfig-version.cmake
[1.863s] -- Up-to-date symlink: /home/pi/ugv_ws/install/ugv_base_node/share/ugv_base_node/package.xml
[3.396s] Invoked command in '/home/pi/ugv_ws/build/ugv_base_node' returned '0': CMAKE_PREFIX_PATH=${CMAKE_PREFIX_PATH}:/home/pi/ugv_ws/install/ugv_web_app:/home/pi/ugv_ws/install/ugv_vision:/home/pi/ugv_ws/install/ugv_tools:/home/pi/ugv_ws/install/ugv_chat_ai:/home/pi/ugv_ws/install/ugv_bringup:/opt/ros/humble /usr/bin/cmake --install /home/pi/ugv_ws/build/ugv_base_node
