[  2%] Built target costmap_converter_msgs__cpp
[ 12%] Built target costmap_converter_msgs__rosidl_generator_c
[ 12%] Built target ament_cmake_python_symlink_costmap_converter_msgs
[ 23%] Built target costmap_converter_msgs__rosidl_typesupport_fastrtps_cpp
[ 33%] Built target costmap_converter_msgs__rosidl_typesupport_introspection_cpp
[ 43%] Built target costmap_converter_msgs__rosidl_typesupport_cpp
[ 53%] Built target costmap_converter_msgs__rosidl_typesupport_fastrtps_c
[ 64%] Built target costmap_converter_msgs__rosidl_typesupport_introspection_c
[ 74%] Built target costmap_converter_msgs__rosidl_typesupport_c
[ 74%] Built target costmap_converter_msgs
[ 76%] Built target costmap_converter_msgs__py
[ 84%] Built target costmap_converter_msgs__rosidl_generator_py
[ 89%] Built target costmap_converter_msgs__rosidl_typesupport_fastrtps_c__pyext
[ 94%] Built target costmap_converter_msgs__rosidl_typesupport_introspection_c__pyext
[100%] Built target costmap_converter_msgs__rosidl_typesupport_c__pyext
Traceback (most recent call last):
  File "/home/pi/ugv_ws/build/costmap_converter_msgs/ament_cmake_python/costmap_converter_msgs/setup.py", line 1, in <module>
    from setuptools import find_packages
  File "/usr/lib/python3/dist-packages/setuptools/__init__.py", line 16, in <module>
    import setuptools.version
  File "/usr/lib/python3/dist-packages/setuptools/version.py", line 1, in <module>
    import pkg_resources
  File "/usr/lib/python3/dist-packages/pkg_resources/__init__.py", line 3267, in <module>
    def _initialize_master_working_set():
  File "/usr/lib/python3/dist-packages/pkg_resources/__init__.py", line 3241, in _call_aside
    f(*args, **kwargs)
  File "/usr/lib/python3/dist-packages/pkg_resources/__init__.py", line 3279, in _initialize_master_working_set
    working_set = WorkingSet._build_master()
  File "/usr/lib/python3/dist-packages/pkg_resources/__init__.py", line 564, in _build_master
    ws = cls()
  File "/usr/lib/python3/dist-packages/pkg_resources/__init__.py", line 557, in __init__
    self.add_entry(entry)
  File "/usr/lib/python3/dist-packages/pkg_resources/__init__.py", line 613, in add_entry
    for dist in find_distributions(entry, True):
  File "/usr/lib/python3/dist-packages/pkg_resources/__init__.py", line 2077, in find_on_path
    for dist in factory(fullpath):
  File "/usr/lib/python3/dist-packages/pkg_resources/__init__.py", line 2135, in distributions_from_metadata
    if len(os.listdir(path)) == 0:
KeyboardInterrupt
gmake[2]: *** [CMakeFiles/ament_cmake_python_build_costmap_converter_msgs_egg.dir/build.make:70: CMakeFiles/ament_cmake_python_build_costmap_converter_msgs_egg] Interrupt
gmake[1]: *** [CMakeFiles/Makefile2:447: CMakeFiles/ament_cmake_python_build_costmap_converter_msgs_egg.dir/all] Interrupt
gmake: *** [Makefile:146: all] Interrupt
