[0.155s] Invoking command in '/home/pi/ugv_ws/build/explore_lite': CMAKE_PREFIX_PATH=/opt/ros/humble /usr/bin/cmake --build /home/pi/ugv_ws/build/explore_lite -- -j4 -l4
[0.895s] [ 20%] Built target gtest
[0.896s] [ 40%] Built target gtest_main
[1.027s] [ 80%] Built target explore
[1.093s] [100%] Built target test_explore
[1.400s] Invoked command in '/home/pi/ugv_ws/build/explore_lite' returned '0': CMAKE_PREFIX_PATH=/opt/ros/humble /usr/bin/cmake --build /home/pi/ugv_ws/build/explore_lite -- -j4 -l4
[1.413s] Invoking command in '/home/pi/ugv_ws/build/explore_lite': CMAKE_PREFIX_PATH=/opt/ros/humble /usr/bin/cmake --install /home/pi/ugv_ws/build/explore_lite
[1.512s] -- Install configuration: ""
[1.513s] -- Execute custom install script
[1.514s] -- Up-to-date symlink: /home/pi/ugv_ws/install/explore_lite/include/explore//costmap_client.h
[1.515s] -- Up-to-date symlink: /home/pi/ugv_ws/install/explore_lite/include/explore//costmap_tools.h
[1.549s] -- Up-to-date symlink: /home/pi/ugv_ws/install/explore_lite/include/explore//explore.h
[1.575s] -- Up-to-date symlink: /home/pi/ugv_ws/install/explore_lite/include/explore//frontier_search.h
[1.609s] -- Up-to-date symlink: /home/pi/ugv_ws/install/explore_lite/share/explore_lite/config/params.yaml
[1.633s] -- Up-to-date symlink: /home/pi/ugv_ws/install/explore_lite/share/explore_lite/config/params_costmap.yaml
[1.634s] -- Up-to-date symlink: /home/pi/ugv_ws/install/explore_lite/share/explore_lite/launch/explore.launch.py
[1.635s] -- Up-to-date symlink: /home/pi/ugv_ws/install/explore_lite/lib/explore_lite/explore
[1.642s] -- Up-to-date symlink: /home/pi/ugv_ws/install/explore_lite/share/ament_index/resource_index/package_run_dependencies/explore_lite
[1.643s] -- Up-to-date symlink: /home/pi/ugv_ws/install/explore_lite/share/ament_index/resource_index/parent_prefix_path/explore_lite
[1.644s] -- Up-to-date symlink: /home/pi/ugv_ws/install/explore_lite/share/explore_lite/environment/ament_prefix_path.sh
[1.703s] -- Up-to-date symlink: /home/pi/ugv_ws/install/explore_lite/share/explore_lite/environment/ament_prefix_path.dsv
[1.710s] -- Up-to-date symlink: /home/pi/ugv_ws/install/explore_lite/share/explore_lite/environment/path.sh
[1.737s] -- Up-to-date symlink: /home/pi/ugv_ws/install/explore_lite/share/explore_lite/environment/path.dsv
[1.748s] -- Up-to-date symlink: /home/pi/ugv_ws/install/explore_lite/share/explore_lite/local_setup.bash
[1.756s] -- Up-to-date symlink: /home/pi/ugv_ws/install/explore_lite/share/explore_lite/local_setup.sh
[1.769s] -- Up-to-date symlink: /home/pi/ugv_ws/install/explore_lite/share/explore_lite/local_setup.zsh
[1.774s] -- Up-to-date symlink: /home/pi/ugv_ws/install/explore_lite/share/explore_lite/local_setup.dsv
[1.778s] -- Symlinking: /home/pi/ugv_ws/install/explore_lite/share/explore_lite/package.dsv
[1.988s] -- Up-to-date symlink: /home/pi/ugv_ws/install/explore_lite/share/ament_index/resource_index/packages/explore_lite
[1.994s] -- Up-to-date symlink: /home/pi/ugv_ws/install/explore_lite/share/explore_lite/cmake/ament_cmake_export_include_directories-extras.cmake
[2.028s] -- Up-to-date symlink: /home/pi/ugv_ws/install/explore_lite/share/explore_lite/cmake/explore_liteConfig.cmake
[2.030s] -- Up-to-date symlink: /home/pi/ugv_ws/install/explore_lite/share/explore_lite/cmake/explore_liteConfig-version.cmake
[2.031s] -- Up-to-date symlink: /home/pi/ugv_ws/install/explore_lite/share/explore_lite/package.xml
[2.071s] Invoked command in '/home/pi/ugv_ws/build/explore_lite' returned '0': CMAKE_PREFIX_PATH=/opt/ros/humble /usr/bin/cmake --install /home/pi/ugv_ws/build/explore_lite
