[0.161s] Invoking command in '/home/pi/ugv_ws/build/robot_pose_publisher': CMAKE_PREFIX_PATH=${CMAKE_PREFIX_PATH}:/home/pi/ugv_ws/install/ugv_web_app:/home/pi/ugv_ws/install/ugv_vision:/home/pi/ugv_ws/install/ugv_tools:/home/pi/ugv_ws/install/ugv_chat_ai:/home/pi/ugv_ws/install/ugv_bringup:/opt/ros/humble /usr/bin/cmake --build /home/pi/ugv_ws/build/robot_pose_publisher -- -j4 -l4
[0.557s] [100%] Built target robot_pose_publisher
[0.636s] Invoked command in '/home/pi/ugv_ws/build/robot_pose_publisher' returned '0': CMAKE_PREFIX_PATH=${CMAKE_PREFIX_PATH}:/home/pi/ugv_ws/install/ugv_web_app:/home/pi/ugv_ws/install/ugv_vision:/home/pi/ugv_ws/install/ugv_tools:/home/pi/ugv_ws/install/ugv_chat_ai:/home/pi/ugv_ws/install/ugv_bringup:/opt/ros/humble /usr/bin/cmake --build /home/pi/ugv_ws/build/robot_pose_publisher -- -j4 -l4
[0.638s] Invoking command in '/home/pi/ugv_ws/build/robot_pose_publisher': CMAKE_PREFIX_PATH=${CMAKE_PREFIX_PATH}:/home/pi/ugv_ws/install/ugv_web_app:/home/pi/ugv_ws/install/ugv_vision:/home/pi/ugv_ws/install/ugv_tools:/home/pi/ugv_ws/install/ugv_chat_ai:/home/pi/ugv_ws/install/ugv_bringup:/opt/ros/humble /usr/bin/cmake --install /home/pi/ugv_ws/build/robot_pose_publisher
[0.699s] -- Install configuration: ""
[0.702s] -- Execute custom install script
[0.706s] -- Up-to-date symlink: /home/pi/ugv_ws/install/robot_pose_publisher/lib/robot_pose_publisher/robot_pose_publisher
[0.711s] -- Up-to-date symlink: /home/pi/ugv_ws/install/robot_pose_publisher/share/robot_pose_publisher/launch/robot_pose_publisher_launch.py
[0.714s] -- Up-to-date symlink: /home/pi/ugv_ws/install/robot_pose_publisher/share/ament_index/resource_index/package_run_dependencies/robot_pose_publisher
[0.718s] -- Up-to-date symlink: /home/pi/ugv_ws/install/robot_pose_publisher/share/ament_index/resource_index/parent_prefix_path/robot_pose_publisher
[0.721s] -- Up-to-date symlink: /home/pi/ugv_ws/install/robot_pose_publisher/share/robot_pose_publisher/environment/ament_prefix_path.sh
[0.723s] -- Up-to-date symlink: /home/pi/ugv_ws/install/robot_pose_publisher/share/robot_pose_publisher/environment/ament_prefix_path.dsv
[0.726s] -- Up-to-date symlink: /home/pi/ugv_ws/install/robot_pose_publisher/share/robot_pose_publisher/environment/path.sh
[0.729s] -- Up-to-date symlink: /home/pi/ugv_ws/install/robot_pose_publisher/share/robot_pose_publisher/environment/path.dsv
[0.731s] -- Up-to-date symlink: /home/pi/ugv_ws/install/robot_pose_publisher/share/robot_pose_publisher/local_setup.bash
[0.733s] -- Up-to-date symlink: /home/pi/ugv_ws/install/robot_pose_publisher/share/robot_pose_publisher/local_setup.sh
[0.735s] -- Up-to-date symlink: /home/pi/ugv_ws/install/robot_pose_publisher/share/robot_pose_publisher/local_setup.zsh
[0.738s] -- Up-to-date symlink: /home/pi/ugv_ws/install/robot_pose_publisher/share/robot_pose_publisher/local_setup.dsv
[0.740s] -- Symlinking: /home/pi/ugv_ws/install/robot_pose_publisher/share/robot_pose_publisher/package.dsv
[0.807s] -- Up-to-date symlink: /home/pi/ugv_ws/install/robot_pose_publisher/share/ament_index/resource_index/packages/robot_pose_publisher
[0.809s] -- Up-to-date symlink: /home/pi/ugv_ws/install/robot_pose_publisher/share/robot_pose_publisher/cmake/robot_pose_publisherConfig.cmake
[0.812s] -- Up-to-date symlink: /home/pi/ugv_ws/install/robot_pose_publisher/share/robot_pose_publisher/cmake/robot_pose_publisherConfig-version.cmake
[0.812s] -- Up-to-date symlink: /home/pi/ugv_ws/install/robot_pose_publisher/share/robot_pose_publisher/package.xml
[1.007s] Invoked command in '/home/pi/ugv_ws/build/robot_pose_publisher' returned '0': CMAKE_PREFIX_PATH=${CMAKE_PREFIX_PATH}:/home/pi/ugv_ws/install/ugv_web_app:/home/pi/ugv_ws/install/ugv_vision:/home/pi/ugv_ws/install/ugv_tools:/home/pi/ugv_ws/install/ugv_chat_ai:/home/pi/ugv_ws/install/ugv_bringup:/opt/ros/humble /usr/bin/cmake --install /home/pi/ugv_ws/build/robot_pose_publisher
