[0.450s] Invoking command in '/home/pi/ugv_ws/build/emcl2': CMAKE_PREFIX_PATH=${CMAKE_PREFIX_PATH}:/home/pi/ugv_ws/install/ugv_web_app:/home/pi/ugv_ws/install/ugv_vision:/home/pi/ugv_ws/install/ugv_tools:/home/pi/ugv_ws/install/ugv_chat_ai:/home/pi/ugv_ws/install/ugv_bringup:/opt/ros/humble /usr/bin/cmake --build /home/pi/ugv_ws/build/emcl2 -- -j4 -l4
[0.898s] [100%] Built target emcl2_node
[0.963s] Invoked command in '/home/pi/ugv_ws/build/emcl2' returned '0': CMAKE_PREFIX_PATH=${CMAKE_PREFIX_PATH}:/home/pi/ugv_ws/install/ugv_web_app:/home/pi/ugv_ws/install/ugv_vision:/home/pi/ugv_ws/install/ugv_tools:/home/pi/ugv_ws/install/ugv_chat_ai:/home/pi/ugv_ws/install/ugv_bringup:/opt/ros/humble /usr/bin/cmake --build /home/pi/ugv_ws/build/emcl2 -- -j4 -l4
[0.966s] Invoking command in '/home/pi/ugv_ws/build/emcl2': CMAKE_PREFIX_PATH=${CMAKE_PREFIX_PATH}:/home/pi/ugv_ws/install/ugv_web_app:/home/pi/ugv_ws/install/ugv_vision:/home/pi/ugv_ws/install/ugv_tools:/home/pi/ugv_ws/install/ugv_chat_ai:/home/pi/ugv_ws/install/ugv_bringup:/opt/ros/humble /usr/bin/cmake --install /home/pi/ugv_ws/build/emcl2
[1.071s] -- Install configuration: ""
[1.081s] -- Execute custom install script
[1.089s] -- Up-to-date symlink: /home/pi/ugv_ws/install/emcl2/lib/emcl2/test.bash
[1.101s] -- Up-to-date symlink: /home/pi/ugv_ws/install/emcl2/lib/emcl2/test_gui.bash
[1.118s] -- Up-to-date symlink: /home/pi/ugv_ws/install/emcl2/include/emcl2/ExpResetMcl2.h
[1.119s] -- Up-to-date symlink: /home/pi/ugv_ws/install/emcl2/include/emcl2/LikelihoodFieldMap.h
[1.128s] -- Up-to-date symlink: /home/pi/ugv_ws/install/emcl2/include/emcl2/Mcl.h
[1.144s] -- Up-to-date symlink: /home/pi/ugv_ws/install/emcl2/include/emcl2/OdomModel.h
[1.147s] -- Up-to-date symlink: /home/pi/ugv_ws/install/emcl2/include/emcl2/Particle.h
[1.150s] -- Up-to-date symlink: /home/pi/ugv_ws/install/emcl2/include/emcl2/Pose.h
[1.152s] -- Up-to-date symlink: /home/pi/ugv_ws/install/emcl2/include/emcl2/Scan.h
[1.166s] -- Up-to-date symlink: /home/pi/ugv_ws/install/emcl2/include/emcl2/emcl2_node.h
[1.169s] -- Up-to-date symlink: /home/pi/ugv_ws/install/emcl2/lib/emcl2/emcl2_node
[1.182s] -- Up-to-date symlink: /home/pi/ugv_ws/install/emcl2/share/emcl2/config/emcl2.param.yaml
[1.183s] -- Up-to-date symlink: /home/pi/ugv_ws/install/emcl2/share/emcl2/config/emcl2_quick_start.param.yaml
[1.185s] -- Up-to-date symlink: /home/pi/ugv_ws/install/emcl2/share/emcl2/launch/emcl2.launch.py
[1.190s] -- Up-to-date symlink: /home/pi/ugv_ws/install/emcl2/share/emcl2/test/demo.bash
[1.191s] -- Up-to-date symlink: /home/pi/ugv_ws/install/emcl2/share/emcl2/test/test.bash
[1.201s] -- Up-to-date symlink: /home/pi/ugv_ws/install/emcl2/share/emcl2/test/test.launch.xml
[1.202s] -- Up-to-date symlink: /home/pi/ugv_ws/install/emcl2/share/emcl2/test/test_gui.bash
[1.206s] -- Up-to-date symlink: /home/pi/ugv_ws/install/emcl2/share/ament_index/resource_index/package_run_dependencies/emcl2
[1.213s] -- Up-to-date symlink: /home/pi/ugv_ws/install/emcl2/share/ament_index/resource_index/parent_prefix_path/emcl2
[1.215s] -- Up-to-date symlink: /home/pi/ugv_ws/install/emcl2/share/emcl2/environment/ament_prefix_path.sh
[1.241s] -- Up-to-date symlink: /home/pi/ugv_ws/install/emcl2/share/emcl2/environment/ament_prefix_path.dsv
[1.249s] -- Up-to-date symlink: /home/pi/ugv_ws/install/emcl2/share/emcl2/environment/path.sh
[1.251s] -- Up-to-date symlink: /home/pi/ugv_ws/install/emcl2/share/emcl2/environment/path.dsv
[1.256s] -- Up-to-date symlink: /home/pi/ugv_ws/install/emcl2/share/emcl2/local_setup.bash
[1.266s] -- Up-to-date symlink: /home/pi/ugv_ws/install/emcl2/share/emcl2/local_setup.sh
[1.273s] -- Up-to-date symlink: /home/pi/ugv_ws/install/emcl2/share/emcl2/local_setup.zsh
[1.273s] -- Up-to-date symlink: /home/pi/ugv_ws/install/emcl2/share/emcl2/local_setup.dsv
[1.278s] -- Symlinking: /home/pi/ugv_ws/install/emcl2/share/emcl2/package.dsv
[1.332s] -- Up-to-date symlink: /home/pi/ugv_ws/install/emcl2/share/ament_index/resource_index/packages/emcl2
[1.340s] -- Up-to-date symlink: /home/pi/ugv_ws/install/emcl2/share/emcl2/cmake/ament_cmake_export_dependencies-extras.cmake
[1.350s] -- Up-to-date symlink: /home/pi/ugv_ws/install/emcl2/share/emcl2/cmake/ament_cmake_export_include_directories-extras.cmake
[1.350s] -- Up-to-date symlink: /home/pi/ugv_ws/install/emcl2/share/emcl2/cmake/emcl2Config.cmake
[1.350s] -- Up-to-date symlink: /home/pi/ugv_ws/install/emcl2/share/emcl2/cmake/emcl2Config-version.cmake
[1.351s] -- Up-to-date symlink: /home/pi/ugv_ws/install/emcl2/share/emcl2/package.xml
[1.370s] Invoked command in '/home/pi/ugv_ws/build/emcl2' returned '0': CMAKE_PREFIX_PATH=${CMAKE_PREFIX_PATH}:/home/pi/ugv_ws/install/ugv_web_app:/home/pi/ugv_ws/install/ugv_vision:/home/pi/ugv_ws/install/ugv_tools:/home/pi/ugv_ws/install/ugv_chat_ai:/home/pi/ugv_ws/install/ugv_bringup:/opt/ros/humble /usr/bin/cmake --install /home/pi/ugv_ws/build/emcl2
