[0.168s] Invoking command in '/home/pi/ugv_ws/build/vizanti_msgs': CMAKE_PREFIX_PATH=${CMAKE_PREFIX_PATH}:/home/pi/ugv_ws/install/ugv_web_app:/home/pi/ugv_ws/install/ugv_vision:/home/pi/ugv_ws/install/ugv_tools:/home/pi/ugv_ws/install/ugv_chat_ai:/home/pi/ugv_ws/install/ugv_bringup:/opt/ros/humble /usr/bin/cmake --build /home/pi/ugv_ws/build/vizanti_msgs -- -j4 -l4
[0.524s] [  0%] Built target vizanti_msgs__cpp
[0.692s] [  0%] Built target ament_cmake_python_symlink_vizanti_msgs
[0.872s] [ 11%] Built target vizanti_msgs__rosidl_typesupport_fastrtps_cpp
[1.047s] [ 23%] Built target vizanti_msgs__rosidl_typesupport_introspection_cpp
[3.207s] running egg_info
[3.211s] writing vizanti_msgs.egg-info/PKG-INFO
[3.217s] writing dependency_links to vizanti_msgs.egg-info/dependency_links.txt
[3.218s] writing top-level names to vizanti_msgs.egg-info/top_level.txt
[3.232s] reading manifest file 'vizanti_msgs.egg-info/SOURCES.txt'
[3.239s] writing manifest file 'vizanti_msgs.egg-info/SOURCES.txt'
[3.527s] [ 23%] Built target ament_cmake_python_build_vizanti_msgs_egg
[3.754s] [ 35%] Built target vizanti_msgs__rosidl_typesupport_cpp
[3.919s] [ 47%] Built target vizanti_msgs__rosidl_generator_c
[4.123s] [ 59%] Built target vizanti_msgs__rosidl_typesupport_fastrtps_c
[4.291s] [ 70%] Built target vizanti_msgs__rosidl_typesupport_c
[4.439s] [ 82%] Built target vizanti_msgs__rosidl_typesupport_introspection_c
[4.589s] [ 82%] Built target vizanti_msgs
[4.737s] [ 83%] Built target vizanti_msgs__py
[4.972s] [ 94%] Built target vizanti_msgs__rosidl_generator_py
[5.141s] [ 96%] Built target vizanti_msgs__rosidl_typesupport_fastrtps_c__pyext
[5.343s] [ 98%] Built target vizanti_msgs__rosidl_typesupport_c__pyext
[5.575s] [100%] Built target vizanti_msgs__rosidl_typesupport_introspection_c__pyext
[5.638s] Invoked command in '/home/pi/ugv_ws/build/vizanti_msgs' returned '0': CMAKE_PREFIX_PATH=${CMAKE_PREFIX_PATH}:/home/pi/ugv_ws/install/ugv_web_app:/home/pi/ugv_ws/install/ugv_vision:/home/pi/ugv_ws/install/ugv_tools:/home/pi/ugv_ws/install/ugv_chat_ai:/home/pi/ugv_ws/install/ugv_bringup:/opt/ros/humble /usr/bin/cmake --build /home/pi/ugv_ws/build/vizanti_msgs -- -j4 -l4
[5.659s] Invoking command in '/home/pi/ugv_ws/build/vizanti_msgs': CMAKE_PREFIX_PATH=${CMAKE_PREFIX_PATH}:/home/pi/ugv_ws/install/ugv_web_app:/home/pi/ugv_ws/install/ugv_vision:/home/pi/ugv_ws/install/ugv_tools:/home/pi/ugv_ws/install/ugv_chat_ai:/home/pi/ugv_ws/install/ugv_bringup:/opt/ros/humble /usr/bin/cmake --install /home/pi/ugv_ws/build/vizanti_msgs
[5.708s] -- Install configuration: ""
[5.711s] -- Execute custom install script
[5.713s] -- Up-to-date symlink: /home/pi/ugv_ws/install/vizanti_msgs/share/ament_index/resource_index/rosidl_interfaces/vizanti_msgs
[5.721s] -- Up-to-date symlink: /home/pi/ugv_ws/install/vizanti_msgs/include/vizanti_msgs/vizanti_msgs/msg/rosidl_generator_c__visibility_control.h
[5.722s] -- Up-to-date symlink: /home/pi/ugv_ws/install/vizanti_msgs/include/vizanti_msgs/vizanti_msgs/srv/detail/get_node_parameters__functions.h
[5.724s] -- Up-to-date symlink: /home/pi/ugv_ws/install/vizanti_msgs/include/vizanti_msgs/vizanti_msgs/srv/detail/get_node_parameters__struct.h
[5.727s] -- Up-to-date symlink: /home/pi/ugv_ws/install/vizanti_msgs/include/vizanti_msgs/vizanti_msgs/srv/detail/get_node_parameters__type_support.h
[5.729s] -- Up-to-date symlink: /home/pi/ugv_ws/install/vizanti_msgs/include/vizanti_msgs/vizanti_msgs/srv/detail/launches__functions.h
[5.730s] -- Up-to-date symlink: /home/pi/ugv_ws/install/vizanti_msgs/include/vizanti_msgs/vizanti_msgs/srv/detail/launches__struct.h
[5.731s] -- Up-to-date symlink: /home/pi/ugv_ws/install/vizanti_msgs/include/vizanti_msgs/vizanti_msgs/srv/detail/launches__type_support.h
[5.733s] -- Up-to-date symlink: /home/pi/ugv_ws/install/vizanti_msgs/include/vizanti_msgs/vizanti_msgs/srv/detail/list_executables__functions.h
[5.738s] -- Up-to-date symlink: /home/pi/ugv_ws/install/vizanti_msgs/include/vizanti_msgs/vizanti_msgs/srv/detail/list_executables__struct.h
[5.741s] -- Up-to-date symlink: /home/pi/ugv_ws/install/vizanti_msgs/include/vizanti_msgs/vizanti_msgs/srv/detail/list_executables__type_support.h
[5.742s] -- Up-to-date symlink: /home/pi/ugv_ws/install/vizanti_msgs/include/vizanti_msgs/vizanti_msgs/srv/detail/list_packages__functions.h
[5.744s] -- Up-to-date symlink: /home/pi/ugv_ws/install/vizanti_msgs/include/vizanti_msgs/vizanti_msgs/srv/detail/list_packages__struct.h
[5.745s] -- Up-to-date symlink: /home/pi/ugv_ws/install/vizanti_msgs/include/vizanti_msgs/vizanti_msgs/srv/detail/list_packages__type_support.h
[5.747s] -- Up-to-date symlink: /home/pi/ugv_ws/install/vizanti_msgs/include/vizanti_msgs/vizanti_msgs/srv/detail/load_map__functions.h
[5.748s] -- Up-to-date symlink: /home/pi/ugv_ws/install/vizanti_msgs/include/vizanti_msgs/vizanti_msgs/srv/detail/load_map__struct.h
[5.750s] -- Up-to-date symlink: /home/pi/ugv_ws/install/vizanti_msgs/include/vizanti_msgs/vizanti_msgs/srv/detail/load_map__type_support.h
[5.751s] -- Up-to-date symlink: /home/pi/ugv_ws/install/vizanti_msgs/include/vizanti_msgs/vizanti_msgs/srv/detail/manage_launch__functions.h
[5.752s] -- Up-to-date symlink: /home/pi/ugv_ws/install/vizanti_msgs/include/vizanti_msgs/vizanti_msgs/srv/detail/manage_launch__struct.h
[5.754s] -- Up-to-date symlink: /home/pi/ugv_ws/install/vizanti_msgs/include/vizanti_msgs/vizanti_msgs/srv/detail/manage_launch__type_support.h
[5.755s] -- Up-to-date symlink: /home/pi/ugv_ws/install/vizanti_msgs/include/vizanti_msgs/vizanti_msgs/srv/detail/manage_node__functions.h
[5.757s] -- Up-to-date symlink: /home/pi/ugv_ws/install/vizanti_msgs/include/vizanti_msgs/vizanti_msgs/srv/detail/manage_node__struct.h
[5.758s] -- Up-to-date symlink: /home/pi/ugv_ws/install/vizanti_msgs/include/vizanti_msgs/vizanti_msgs/srv/detail/manage_node__type_support.h
[5.783s] -- Up-to-date symlink: /home/pi/ugv_ws/install/vizanti_msgs/include/vizanti_msgs/vizanti_msgs/srv/detail/record_rosbag__functions.h
[5.793s] -- Up-to-date symlink: /home/pi/ugv_ws/install/vizanti_msgs/include/vizanti_msgs/vizanti_msgs/srv/detail/record_rosbag__struct.h
[5.795s] -- Up-to-date symlink: /home/pi/ugv_ws/install/vizanti_msgs/include/vizanti_msgs/vizanti_msgs/srv/detail/record_rosbag__type_support.h
[5.795s] -- Up-to-date symlink: /home/pi/ugv_ws/install/vizanti_msgs/include/vizanti_msgs/vizanti_msgs/srv/detail/save_map__functions.h
[5.798s] -- Up-to-date symlink: /home/pi/ugv_ws/install/vizanti_msgs/include/vizanti_msgs/vizanti_msgs/srv/detail/save_map__struct.h
[5.799s] -- Up-to-date symlink: /home/pi/ugv_ws/install/vizanti_msgs/include/vizanti_msgs/vizanti_msgs/srv/detail/save_map__type_support.h
[5.800s] -- Up-to-date symlink: /home/pi/ugv_ws/install/vizanti_msgs/include/vizanti_msgs/vizanti_msgs/srv/detail/set_node_parameter__functions.h
[5.800s] -- Up-to-date symlink: /home/pi/ugv_ws/install/vizanti_msgs/include/vizanti_msgs/vizanti_msgs/srv/detail/set_node_parameter__struct.h
[5.801s] -- Up-to-date symlink: /home/pi/ugv_ws/install/vizanti_msgs/include/vizanti_msgs/vizanti_msgs/srv/detail/set_node_parameter__type_support.h
[5.801s] -- Up-to-date symlink: /home/pi/ugv_ws/install/vizanti_msgs/include/vizanti_msgs/vizanti_msgs/srv/get_node_parameters.h
[5.801s] -- Up-to-date symlink: /home/pi/ugv_ws/install/vizanti_msgs/include/vizanti_msgs/vizanti_msgs/srv/launches.h
[5.802s] -- Up-to-date symlink: /home/pi/ugv_ws/install/vizanti_msgs/include/vizanti_msgs/vizanti_msgs/srv/list_executables.h
[5.802s] -- Up-to-date symlink: /home/pi/ugv_ws/install/vizanti_msgs/include/vizanti_msgs/vizanti_msgs/srv/list_packages.h
[5.803s] -- Up-to-date symlink: /home/pi/ugv_ws/install/vizanti_msgs/include/vizanti_msgs/vizanti_msgs/srv/load_map.h
[5.804s] -- Up-to-date symlink: /home/pi/ugv_ws/install/vizanti_msgs/include/vizanti_msgs/vizanti_msgs/srv/manage_launch.h
[5.804s] -- Up-to-date symlink: /home/pi/ugv_ws/install/vizanti_msgs/include/vizanti_msgs/vizanti_msgs/srv/manage_node.h
[5.805s] -- Up-to-date symlink: /home/pi/ugv_ws/install/vizanti_msgs/include/vizanti_msgs/vizanti_msgs/srv/record_rosbag.h
[5.805s] -- Up-to-date symlink: /home/pi/ugv_ws/install/vizanti_msgs/include/vizanti_msgs/vizanti_msgs/srv/save_map.h
[5.820s] -- Up-to-date symlink: /home/pi/ugv_ws/install/vizanti_msgs/include/vizanti_msgs/vizanti_msgs/srv/set_node_parameter.h
[5.822s] -- Up-to-date symlink: /home/pi/ugv_ws/install/vizanti_msgs/share/vizanti_msgs/environment/library_path.sh
[5.827s] -- Up-to-date symlink: /home/pi/ugv_ws/install/vizanti_msgs/share/vizanti_msgs/environment/library_path.dsv
[5.831s] -- Up-to-date symlink: /home/pi/ugv_ws/install/vizanti_msgs/include/vizanti_msgs/vizanti_msgs/msg/rosidl_typesupport_fastrtps_c__visibility_control.h
[5.834s] -- Up-to-date symlink: /home/pi/ugv_ws/install/vizanti_msgs/include/vizanti_msgs/vizanti_msgs/srv/detail/get_node_parameters__rosidl_typesupport_fastrtps_c.h
[5.835s] -- Up-to-date symlink: /home/pi/ugv_ws/install/vizanti_msgs/include/vizanti_msgs/vizanti_msgs/srv/detail/launches__rosidl_typesupport_fastrtps_c.h
[5.836s] -- Up-to-date symlink: /home/pi/ugv_ws/install/vizanti_msgs/include/vizanti_msgs/vizanti_msgs/srv/detail/list_executables__rosidl_typesupport_fastrtps_c.h
[5.839s] -- Up-to-date symlink: /home/pi/ugv_ws/install/vizanti_msgs/include/vizanti_msgs/vizanti_msgs/srv/detail/list_packages__rosidl_typesupport_fastrtps_c.h
[5.839s] -- Up-to-date symlink: /home/pi/ugv_ws/install/vizanti_msgs/include/vizanti_msgs/vizanti_msgs/srv/detail/load_map__rosidl_typesupport_fastrtps_c.h
[5.840s] -- Up-to-date symlink: /home/pi/ugv_ws/install/vizanti_msgs/include/vizanti_msgs/vizanti_msgs/srv/detail/manage_launch__rosidl_typesupport_fastrtps_c.h
[5.844s] -- Up-to-date symlink: /home/pi/ugv_ws/install/vizanti_msgs/include/vizanti_msgs/vizanti_msgs/srv/detail/manage_node__rosidl_typesupport_fastrtps_c.h
[5.844s] -- Up-to-date symlink: /home/pi/ugv_ws/install/vizanti_msgs/include/vizanti_msgs/vizanti_msgs/srv/detail/record_rosbag__rosidl_typesupport_fastrtps_c.h
[5.846s] -- Up-to-date symlink: /home/pi/ugv_ws/install/vizanti_msgs/include/vizanti_msgs/vizanti_msgs/srv/detail/save_map__rosidl_typesupport_fastrtps_c.h
[5.848s] -- Up-to-date symlink: /home/pi/ugv_ws/install/vizanti_msgs/include/vizanti_msgs/vizanti_msgs/srv/detail/set_node_parameter__rosidl_typesupport_fastrtps_c.h
[5.850s] -- Up-to-date symlink: /home/pi/ugv_ws/install/vizanti_msgs/include/vizanti_msgs/vizanti_msgs/msg/rosidl_typesupport_introspection_c__visibility_control.h
[5.855s] -- Up-to-date symlink: /home/pi/ugv_ws/install/vizanti_msgs/include/vizanti_msgs/vizanti_msgs/srv/detail/get_node_parameters__rosidl_typesupport_introspection_c.h
[5.855s] -- Up-to-date symlink: /home/pi/ugv_ws/install/vizanti_msgs/include/vizanti_msgs/vizanti_msgs/srv/detail/launches__rosidl_typesupport_introspection_c.h
[5.858s] -- Up-to-date symlink: /home/pi/ugv_ws/install/vizanti_msgs/include/vizanti_msgs/vizanti_msgs/srv/detail/list_executables__rosidl_typesupport_introspection_c.h
[5.864s] -- Up-to-date symlink: /home/pi/ugv_ws/install/vizanti_msgs/include/vizanti_msgs/vizanti_msgs/srv/detail/list_packages__rosidl_typesupport_introspection_c.h
[5.865s] -- Up-to-date symlink: /home/pi/ugv_ws/install/vizanti_msgs/include/vizanti_msgs/vizanti_msgs/srv/detail/load_map__rosidl_typesupport_introspection_c.h
[5.868s] -- Up-to-date symlink: /home/pi/ugv_ws/install/vizanti_msgs/include/vizanti_msgs/vizanti_msgs/srv/detail/manage_launch__rosidl_typesupport_introspection_c.h
[5.874s] -- Up-to-date symlink: /home/pi/ugv_ws/install/vizanti_msgs/include/vizanti_msgs/vizanti_msgs/srv/detail/manage_node__rosidl_typesupport_introspection_c.h
[5.882s] -- Up-to-date symlink: /home/pi/ugv_ws/install/vizanti_msgs/include/vizanti_msgs/vizanti_msgs/srv/detail/record_rosbag__rosidl_typesupport_introspection_c.h
[5.883s] -- Up-to-date symlink: /home/pi/ugv_ws/install/vizanti_msgs/include/vizanti_msgs/vizanti_msgs/srv/detail/save_map__rosidl_typesupport_introspection_c.h
[5.890s] -- Up-to-date symlink: /home/pi/ugv_ws/install/vizanti_msgs/include/vizanti_msgs/vizanti_msgs/srv/detail/set_node_parameter__rosidl_typesupport_introspection_c.h
[5.904s] -- Up-to-date symlink: /home/pi/ugv_ws/install/vizanti_msgs/include/vizanti_msgs/vizanti_msgs/msg/rosidl_generator_cpp__visibility_control.hpp
[5.907s] -- Up-to-date symlink: /home/pi/ugv_ws/install/vizanti_msgs/include/vizanti_msgs/vizanti_msgs/srv/detail/get_node_parameters__builder.hpp
[5.909s] -- Up-to-date symlink: /home/pi/ugv_ws/install/vizanti_msgs/include/vizanti_msgs/vizanti_msgs/srv/detail/get_node_parameters__struct.hpp
[5.915s] -- Up-to-date symlink: /home/pi/ugv_ws/install/vizanti_msgs/include/vizanti_msgs/vizanti_msgs/srv/detail/get_node_parameters__traits.hpp
[5.916s] -- Up-to-date symlink: /home/pi/ugv_ws/install/vizanti_msgs/include/vizanti_msgs/vizanti_msgs/srv/detail/get_node_parameters__type_support.hpp
[5.922s] -- Up-to-date symlink: /home/pi/ugv_ws/install/vizanti_msgs/include/vizanti_msgs/vizanti_msgs/srv/detail/launches__builder.hpp
[5.928s] -- Up-to-date symlink: /home/pi/ugv_ws/install/vizanti_msgs/include/vizanti_msgs/vizanti_msgs/srv/detail/launches__struct.hpp
[5.937s] -- Up-to-date symlink: /home/pi/ugv_ws/install/vizanti_msgs/include/vizanti_msgs/vizanti_msgs/srv/detail/launches__traits.hpp
[5.940s] -- Up-to-date symlink: /home/pi/ugv_ws/install/vizanti_msgs/include/vizanti_msgs/vizanti_msgs/srv/detail/launches__type_support.hpp
[5.940s] -- Up-to-date symlink: /home/pi/ugv_ws/install/vizanti_msgs/include/vizanti_msgs/vizanti_msgs/srv/detail/list_executables__builder.hpp
[5.942s] -- Up-to-date symlink: /home/pi/ugv_ws/install/vizanti_msgs/include/vizanti_msgs/vizanti_msgs/srv/detail/list_executables__struct.hpp
[5.943s] -- Up-to-date symlink: /home/pi/ugv_ws/install/vizanti_msgs/include/vizanti_msgs/vizanti_msgs/srv/detail/list_executables__traits.hpp
[5.944s] -- Up-to-date symlink: /home/pi/ugv_ws/install/vizanti_msgs/include/vizanti_msgs/vizanti_msgs/srv/detail/list_executables__type_support.hpp
[5.950s] -- Up-to-date symlink: /home/pi/ugv_ws/install/vizanti_msgs/include/vizanti_msgs/vizanti_msgs/srv/detail/list_packages__builder.hpp
[5.952s] -- Up-to-date symlink: /home/pi/ugv_ws/install/vizanti_msgs/include/vizanti_msgs/vizanti_msgs/srv/detail/list_packages__struct.hpp
[5.955s] -- Up-to-date symlink: /home/pi/ugv_ws/install/vizanti_msgs/include/vizanti_msgs/vizanti_msgs/srv/detail/list_packages__traits.hpp
[5.959s] -- Up-to-date symlink: /home/pi/ugv_ws/install/vizanti_msgs/include/vizanti_msgs/vizanti_msgs/srv/detail/list_packages__type_support.hpp
[5.962s] -- Up-to-date symlink: /home/pi/ugv_ws/install/vizanti_msgs/include/vizanti_msgs/vizanti_msgs/srv/detail/load_map__builder.hpp
[5.963s] -- Up-to-date symlink: /home/pi/ugv_ws/install/vizanti_msgs/include/vizanti_msgs/vizanti_msgs/srv/detail/load_map__struct.hpp
[5.967s] -- Up-to-date symlink: /home/pi/ugv_ws/install/vizanti_msgs/include/vizanti_msgs/vizanti_msgs/srv/detail/load_map__traits.hpp
[5.969s] -- Up-to-date symlink: /home/pi/ugv_ws/install/vizanti_msgs/include/vizanti_msgs/vizanti_msgs/srv/detail/load_map__type_support.hpp
[5.970s] -- Up-to-date symlink: /home/pi/ugv_ws/install/vizanti_msgs/include/vizanti_msgs/vizanti_msgs/srv/detail/manage_launch__builder.hpp
[5.974s] -- Up-to-date symlink: /home/pi/ugv_ws/install/vizanti_msgs/include/vizanti_msgs/vizanti_msgs/srv/detail/manage_launch__struct.hpp
[5.976s] -- Up-to-date symlink: /home/pi/ugv_ws/install/vizanti_msgs/include/vizanti_msgs/vizanti_msgs/srv/detail/manage_launch__traits.hpp
[5.979s] -- Up-to-date symlink: /home/pi/ugv_ws/install/vizanti_msgs/include/vizanti_msgs/vizanti_msgs/srv/detail/manage_launch__type_support.hpp
[5.979s] -- Up-to-date symlink: /home/pi/ugv_ws/install/vizanti_msgs/include/vizanti_msgs/vizanti_msgs/srv/detail/manage_node__builder.hpp
[5.980s] -- Up-to-date symlink: /home/pi/ugv_ws/install/vizanti_msgs/include/vizanti_msgs/vizanti_msgs/srv/detail/manage_node__struct.hpp
[5.982s] -- Up-to-date symlink: /home/pi/ugv_ws/install/vizanti_msgs/include/vizanti_msgs/vizanti_msgs/srv/detail/manage_node__traits.hpp
[5.983s] -- Up-to-date symlink: /home/pi/ugv_ws/install/vizanti_msgs/include/vizanti_msgs/vizanti_msgs/srv/detail/manage_node__type_support.hpp
[5.983s] -- Up-to-date symlink: /home/pi/ugv_ws/install/vizanti_msgs/include/vizanti_msgs/vizanti_msgs/srv/detail/record_rosbag__builder.hpp
[5.984s] -- Up-to-date symlink: /home/pi/ugv_ws/install/vizanti_msgs/include/vizanti_msgs/vizanti_msgs/srv/detail/record_rosbag__struct.hpp
[5.985s] -- Up-to-date symlink: /home/pi/ugv_ws/install/vizanti_msgs/include/vizanti_msgs/vizanti_msgs/srv/detail/record_rosbag__traits.hpp
[5.986s] -- Up-to-date symlink: /home/pi/ugv_ws/install/vizanti_msgs/include/vizanti_msgs/vizanti_msgs/srv/detail/record_rosbag__type_support.hpp
[5.987s] -- Up-to-date symlink: /home/pi/ugv_ws/install/vizanti_msgs/include/vizanti_msgs/vizanti_msgs/srv/detail/save_map__builder.hpp
[5.988s] -- Up-to-date symlink: /home/pi/ugv_ws/install/vizanti_msgs/include/vizanti_msgs/vizanti_msgs/srv/detail/save_map__struct.hpp
[5.988s] -- Up-to-date symlink: /home/pi/ugv_ws/install/vizanti_msgs/include/vizanti_msgs/vizanti_msgs/srv/detail/save_map__traits.hpp
[5.991s] -- Up-to-date symlink: /home/pi/ugv_ws/install/vizanti_msgs/include/vizanti_msgs/vizanti_msgs/srv/detail/save_map__type_support.hpp
[5.992s] -- Up-to-date symlink: /home/pi/ugv_ws/install/vizanti_msgs/include/vizanti_msgs/vizanti_msgs/srv/detail/set_node_parameter__builder.hpp
[5.993s] -- Up-to-date symlink: /home/pi/ugv_ws/install/vizanti_msgs/include/vizanti_msgs/vizanti_msgs/srv/detail/set_node_parameter__struct.hpp
[5.994s] -- Up-to-date symlink: /home/pi/ugv_ws/install/vizanti_msgs/include/vizanti_msgs/vizanti_msgs/srv/detail/set_node_parameter__traits.hpp
[5.994s] -- Up-to-date symlink: /home/pi/ugv_ws/install/vizanti_msgs/include/vizanti_msgs/vizanti_msgs/srv/detail/set_node_parameter__type_support.hpp
[5.995s] -- Up-to-date symlink: /home/pi/ugv_ws/install/vizanti_msgs/include/vizanti_msgs/vizanti_msgs/srv/get_node_parameters.hpp
[5.996s] -- Up-to-date symlink: /home/pi/ugv_ws/install/vizanti_msgs/include/vizanti_msgs/vizanti_msgs/srv/launches.hpp
[5.996s] -- Up-to-date symlink: /home/pi/ugv_ws/install/vizanti_msgs/include/vizanti_msgs/vizanti_msgs/srv/list_executables.hpp
[5.997s] -- Up-to-date symlink: /home/pi/ugv_ws/install/vizanti_msgs/include/vizanti_msgs/vizanti_msgs/srv/list_packages.hpp
[5.998s] -- Up-to-date symlink: /home/pi/ugv_ws/install/vizanti_msgs/include/vizanti_msgs/vizanti_msgs/srv/load_map.hpp
[5.999s] -- Up-to-date symlink: /home/pi/ugv_ws/install/vizanti_msgs/include/vizanti_msgs/vizanti_msgs/srv/manage_launch.hpp
[6.000s] -- Up-to-date symlink: /home/pi/ugv_ws/install/vizanti_msgs/include/vizanti_msgs/vizanti_msgs/srv/manage_node.hpp
[6.000s] -- Up-to-date symlink: /home/pi/ugv_ws/install/vizanti_msgs/include/vizanti_msgs/vizanti_msgs/srv/record_rosbag.hpp
[6.001s] -- Up-to-date symlink: /home/pi/ugv_ws/install/vizanti_msgs/include/vizanti_msgs/vizanti_msgs/srv/save_map.hpp
[6.002s] -- Up-to-date symlink: /home/pi/ugv_ws/install/vizanti_msgs/include/vizanti_msgs/vizanti_msgs/srv/set_node_parameter.hpp
[6.003s] -- Up-to-date symlink: /home/pi/ugv_ws/install/vizanti_msgs/include/vizanti_msgs/vizanti_msgs/msg/rosidl_typesupport_fastrtps_cpp__visibility_control.h
[6.004s] -- Up-to-date symlink: /home/pi/ugv_ws/install/vizanti_msgs/include/vizanti_msgs/vizanti_msgs/srv/detail/get_node_parameters__rosidl_typesupport_fastrtps_cpp.hpp
[6.004s] -- Up-to-date symlink: /home/pi/ugv_ws/install/vizanti_msgs/include/vizanti_msgs/vizanti_msgs/srv/detail/launches__rosidl_typesupport_fastrtps_cpp.hpp
[6.005s] -- Up-to-date symlink: /home/pi/ugv_ws/install/vizanti_msgs/include/vizanti_msgs/vizanti_msgs/srv/detail/list_executables__rosidl_typesupport_fastrtps_cpp.hpp
[6.005s] -- Up-to-date symlink: /home/pi/ugv_ws/install/vizanti_msgs/include/vizanti_msgs/vizanti_msgs/srv/detail/list_packages__rosidl_typesupport_fastrtps_cpp.hpp
[6.006s] -- Up-to-date symlink: /home/pi/ugv_ws/install/vizanti_msgs/include/vizanti_msgs/vizanti_msgs/srv/detail/load_map__rosidl_typesupport_fastrtps_cpp.hpp
[6.006s] -- Up-to-date symlink: /home/pi/ugv_ws/install/vizanti_msgs/include/vizanti_msgs/vizanti_msgs/srv/detail/manage_launch__rosidl_typesupport_fastrtps_cpp.hpp
[6.014s] -- Up-to-date symlink: /home/pi/ugv_ws/install/vizanti_msgs/include/vizanti_msgs/vizanti_msgs/srv/detail/manage_node__rosidl_typesupport_fastrtps_cpp.hpp
[6.018s] -- Up-to-date symlink: /home/pi/ugv_ws/install/vizanti_msgs/include/vizanti_msgs/vizanti_msgs/srv/detail/record_rosbag__rosidl_typesupport_fastrtps_cpp.hpp
[6.023s] -- Up-to-date symlink: /home/pi/ugv_ws/install/vizanti_msgs/include/vizanti_msgs/vizanti_msgs/srv/detail/save_map__rosidl_typesupport_fastrtps_cpp.hpp
[6.029s] -- Up-to-date symlink: /home/pi/ugv_ws/install/vizanti_msgs/include/vizanti_msgs/vizanti_msgs/srv/detail/set_node_parameter__rosidl_typesupport_fastrtps_cpp.hpp
[6.032s] -- Up-to-date symlink: /home/pi/ugv_ws/install/vizanti_msgs/include/vizanti_msgs/vizanti_msgs/srv/detail/get_node_parameters__rosidl_typesupport_introspection_cpp.hpp
[6.035s] -- Up-to-date symlink: /home/pi/ugv_ws/install/vizanti_msgs/include/vizanti_msgs/vizanti_msgs/srv/detail/launches__rosidl_typesupport_introspection_cpp.hpp
[6.037s] -- Up-to-date symlink: /home/pi/ugv_ws/install/vizanti_msgs/include/vizanti_msgs/vizanti_msgs/srv/detail/list_executables__rosidl_typesupport_introspection_cpp.hpp
[6.037s] -- Up-to-date symlink: /home/pi/ugv_ws/install/vizanti_msgs/include/vizanti_msgs/vizanti_msgs/srv/detail/list_packages__rosidl_typesupport_introspection_cpp.hpp
[6.038s] -- Up-to-date symlink: /home/pi/ugv_ws/install/vizanti_msgs/include/vizanti_msgs/vizanti_msgs/srv/detail/load_map__rosidl_typesupport_introspection_cpp.hpp
[6.038s] -- Up-to-date symlink: /home/pi/ugv_ws/install/vizanti_msgs/include/vizanti_msgs/vizanti_msgs/srv/detail/manage_launch__rosidl_typesupport_introspection_cpp.hpp
[6.039s] -- Up-to-date symlink: /home/pi/ugv_ws/install/vizanti_msgs/include/vizanti_msgs/vizanti_msgs/srv/detail/manage_node__rosidl_typesupport_introspection_cpp.hpp
[6.040s] -- Up-to-date symlink: /home/pi/ugv_ws/install/vizanti_msgs/include/vizanti_msgs/vizanti_msgs/srv/detail/record_rosbag__rosidl_typesupport_introspection_cpp.hpp
[6.041s] -- Up-to-date symlink: /home/pi/ugv_ws/install/vizanti_msgs/include/vizanti_msgs/vizanti_msgs/srv/detail/save_map__rosidl_typesupport_introspection_cpp.hpp
[6.042s] -- Up-to-date symlink: /home/pi/ugv_ws/install/vizanti_msgs/include/vizanti_msgs/vizanti_msgs/srv/detail/set_node_parameter__rosidl_typesupport_introspection_cpp.hpp
[6.042s] -- Up-to-date symlink: /home/pi/ugv_ws/install/vizanti_msgs/share/vizanti_msgs/environment/pythonpath.sh
[6.043s] -- Up-to-date symlink: /home/pi/ugv_ws/install/vizanti_msgs/share/vizanti_msgs/environment/pythonpath.dsv
[6.044s] -- Up-to-date symlink: /home/pi/ugv_ws/install/vizanti_msgs/local/lib/python3.10/dist-packages/vizanti_msgs-0.1.0-py3.10.egg-info/PKG-INFO
[6.045s] -- Up-to-date symlink: /home/pi/ugv_ws/install/vizanti_msgs/local/lib/python3.10/dist-packages/vizanti_msgs-0.1.0-py3.10.egg-info/SOURCES.txt
[6.046s] -- Up-to-date symlink: /home/pi/ugv_ws/install/vizanti_msgs/local/lib/python3.10/dist-packages/vizanti_msgs-0.1.0-py3.10.egg-info/dependency_links.txt
[6.047s] -- Up-to-date symlink: /home/pi/ugv_ws/install/vizanti_msgs/local/lib/python3.10/dist-packages/vizanti_msgs-0.1.0-py3.10.egg-info/top_level.txt
[6.048s] -- Up-to-date symlink: /home/pi/ugv_ws/install/vizanti_msgs/local/lib/python3.10/dist-packages/vizanti_msgs/__init__.py
[6.048s] -- Up-to-date symlink: /home/pi/ugv_ws/install/vizanti_msgs/local/lib/python3.10/dist-packages/vizanti_msgs/_vizanti_msgs_s.ep.rosidl_typesupport_c.c
[6.049s] -- Up-to-date symlink: /home/pi/ugv_ws/install/vizanti_msgs/local/lib/python3.10/dist-packages/vizanti_msgs/_vizanti_msgs_s.ep.rosidl_typesupport_fastrtps_c.c
[6.050s] -- Up-to-date symlink: /home/pi/ugv_ws/install/vizanti_msgs/local/lib/python3.10/dist-packages/vizanti_msgs/_vizanti_msgs_s.ep.rosidl_typesupport_introspection_c.c
[6.051s] -- Up-to-date symlink: /home/pi/ugv_ws/install/vizanti_msgs/local/lib/python3.10/dist-packages/vizanti_msgs/libvizanti_msgs__rosidl_generator_py.so
[6.052s] -- Up-to-date symlink: /home/pi/ugv_ws/install/vizanti_msgs/local/lib/python3.10/dist-packages/vizanti_msgs/srv/__init__.py
[6.053s] -- Up-to-date symlink: /home/pi/ugv_ws/install/vizanti_msgs/local/lib/python3.10/dist-packages/vizanti_msgs/srv/_get_node_parameters.py
[6.054s] -- Up-to-date symlink: /home/pi/ugv_ws/install/vizanti_msgs/local/lib/python3.10/dist-packages/vizanti_msgs/srv/_get_node_parameters_s.c
[6.054s] -- Up-to-date symlink: /home/pi/ugv_ws/install/vizanti_msgs/local/lib/python3.10/dist-packages/vizanti_msgs/srv/_launches.py
[6.055s] -- Up-to-date symlink: /home/pi/ugv_ws/install/vizanti_msgs/local/lib/python3.10/dist-packages/vizanti_msgs/srv/_launches_s.c
[6.056s] -- Up-to-date symlink: /home/pi/ugv_ws/install/vizanti_msgs/local/lib/python3.10/dist-packages/vizanti_msgs/srv/_list_executables.py
[6.057s] -- Up-to-date symlink: /home/pi/ugv_ws/install/vizanti_msgs/local/lib/python3.10/dist-packages/vizanti_msgs/srv/_list_executables_s.c
[6.057s] -- Up-to-date symlink: /home/pi/ugv_ws/install/vizanti_msgs/local/lib/python3.10/dist-packages/vizanti_msgs/srv/_list_packages.py
[6.058s] -- Up-to-date symlink: /home/pi/ugv_ws/install/vizanti_msgs/local/lib/python3.10/dist-packages/vizanti_msgs/srv/_list_packages_s.c
[6.059s] -- Up-to-date symlink: /home/pi/ugv_ws/install/vizanti_msgs/local/lib/python3.10/dist-packages/vizanti_msgs/srv/_load_map.py
[6.060s] -- Up-to-date symlink: /home/pi/ugv_ws/install/vizanti_msgs/local/lib/python3.10/dist-packages/vizanti_msgs/srv/_load_map_s.c
[6.060s] -- Up-to-date symlink: /home/pi/ugv_ws/install/vizanti_msgs/local/lib/python3.10/dist-packages/vizanti_msgs/srv/_manage_launch.py
[6.061s] -- Up-to-date symlink: /home/pi/ugv_ws/install/vizanti_msgs/local/lib/python3.10/dist-packages/vizanti_msgs/srv/_manage_launch_s.c
[6.062s] -- Up-to-date symlink: /home/pi/ugv_ws/install/vizanti_msgs/local/lib/python3.10/dist-packages/vizanti_msgs/srv/_manage_node.py
[6.063s] -- Up-to-date symlink: /home/pi/ugv_ws/install/vizanti_msgs/local/lib/python3.10/dist-packages/vizanti_msgs/srv/_manage_node_s.c
[6.064s] -- Up-to-date symlink: /home/pi/ugv_ws/install/vizanti_msgs/local/lib/python3.10/dist-packages/vizanti_msgs/srv/_record_rosbag.py
[6.066s] -- Up-to-date symlink: /home/pi/ugv_ws/install/vizanti_msgs/local/lib/python3.10/dist-packages/vizanti_msgs/srv/_record_rosbag_s.c
[6.067s] -- Up-to-date symlink: /home/pi/ugv_ws/install/vizanti_msgs/local/lib/python3.10/dist-packages/vizanti_msgs/srv/_save_map.py
[6.068s] -- Up-to-date symlink: /home/pi/ugv_ws/install/vizanti_msgs/local/lib/python3.10/dist-packages/vizanti_msgs/srv/_save_map_s.c
[6.068s] -- Up-to-date symlink: /home/pi/ugv_ws/install/vizanti_msgs/local/lib/python3.10/dist-packages/vizanti_msgs/srv/_set_node_parameter.py
[6.069s] -- Up-to-date symlink: /home/pi/ugv_ws/install/vizanti_msgs/local/lib/python3.10/dist-packages/vizanti_msgs/srv/_set_node_parameter_s.c
[6.073s] -- Up-to-date symlink: /home/pi/ugv_ws/install/vizanti_msgs/local/lib/python3.10/dist-packages/vizanti_msgs/vizanti_msgs_s__rosidl_typesupport_c.cpython-310-aarch64-linux-gnu.so
[6.076s] -- Up-to-date symlink: /home/pi/ugv_ws/install/vizanti_msgs/local/lib/python3.10/dist-packages/vizanti_msgs/vizanti_msgs_s__rosidl_typesupport_fastrtps_c.cpython-310-aarch64-linux-gnu.so
[6.077s] -- Up-to-date symlink: /home/pi/ugv_ws/install/vizanti_msgs/local/lib/python3.10/dist-packages/vizanti_msgs/vizanti_msgs_s__rosidl_typesupport_introspection_c.cpython-310-aarch64-linux-gnu.so
[6.079s] -- Up-to-date symlink: /home/pi/ugv_ws/install/vizanti_msgs/local/lib/python3.10/dist-packages/vizanti_msgs/vizanti_msgs_s__rosidl_typesupport_fastrtps_c.cpython-310-aarch64-linux-gnu.so
[6.083s] -- Up-to-date symlink: /home/pi/ugv_ws/install/vizanti_msgs/local/lib/python3.10/dist-packages/vizanti_msgs/vizanti_msgs_s__rosidl_typesupport_introspection_c.cpython-310-aarch64-linux-gnu.so
[6.083s] -- Up-to-date symlink: /home/pi/ugv_ws/install/vizanti_msgs/local/lib/python3.10/dist-packages/vizanti_msgs/vizanti_msgs_s__rosidl_typesupport_c.cpython-310-aarch64-linux-gnu.so
[6.084s] -- Up-to-date symlink: /home/pi/ugv_ws/install/vizanti_msgs/share/vizanti_msgs/srv/GetNodeParameters.idl
[6.084s] -- Up-to-date symlink: /home/pi/ugv_ws/install/vizanti_msgs/share/vizanti_msgs/srv/SetNodeParameter.idl
[6.085s] -- Up-to-date symlink: /home/pi/ugv_ws/install/vizanti_msgs/share/vizanti_msgs/srv/SaveMap.idl
[6.087s] -- Up-to-date symlink: /home/pi/ugv_ws/install/vizanti_msgs/share/vizanti_msgs/srv/LoadMap.idl
[6.087s] -- Up-to-date symlink: /home/pi/ugv_ws/install/vizanti_msgs/share/vizanti_msgs/srv/Launches.idl
[6.087s] -- Up-to-date symlink: /home/pi/ugv_ws/install/vizanti_msgs/share/vizanti_msgs/srv/RecordRosbag.idl
[6.088s] -- Up-to-date symlink: /home/pi/ugv_ws/install/vizanti_msgs/share/vizanti_msgs/srv/ManageNode.idl
[6.088s] -- Up-to-date symlink: /home/pi/ugv_ws/install/vizanti_msgs/share/vizanti_msgs/srv/ManageLaunch.idl
[6.089s] -- Up-to-date symlink: /home/pi/ugv_ws/install/vizanti_msgs/share/vizanti_msgs/srv/ListPackages.idl
[6.089s] -- Up-to-date symlink: /home/pi/ugv_ws/install/vizanti_msgs/share/vizanti_msgs/srv/ListExecutables.idl
[6.090s] -- Up-to-date symlink: /home/pi/ugv_ws/install/vizanti_msgs/share/vizanti_msgs/srv/GetNodeParameters.srv
[6.090s] -- Up-to-date symlink: /home/pi/ugv_ws/install/vizanti_msgs/share/vizanti_msgs/srv/GetNodeParameters_Request.msg
[6.091s] -- Up-to-date symlink: /home/pi/ugv_ws/install/vizanti_msgs/share/vizanti_msgs/srv/GetNodeParameters_Response.msg
[6.091s] -- Up-to-date symlink: /home/pi/ugv_ws/install/vizanti_msgs/share/vizanti_msgs/srv/SetNodeParameter.srv
[6.092s] -- Up-to-date symlink: /home/pi/ugv_ws/install/vizanti_msgs/share/vizanti_msgs/srv/SetNodeParameter_Request.msg
[6.092s] -- Up-to-date symlink: /home/pi/ugv_ws/install/vizanti_msgs/share/vizanti_msgs/srv/SetNodeParameter_Response.msg
[6.092s] -- Up-to-date symlink: /home/pi/ugv_ws/install/vizanti_msgs/share/vizanti_msgs/srv/SaveMap.srv
[6.093s] -- Up-to-date symlink: /home/pi/ugv_ws/install/vizanti_msgs/share/vizanti_msgs/srv/SaveMap_Request.msg
[6.093s] -- Up-to-date symlink: /home/pi/ugv_ws/install/vizanti_msgs/share/vizanti_msgs/srv/SaveMap_Response.msg
[6.098s] -- Up-to-date symlink: /home/pi/ugv_ws/install/vizanti_msgs/share/vizanti_msgs/srv/LoadMap.srv
[6.098s] -- Up-to-date symlink: /home/pi/ugv_ws/install/vizanti_msgs/share/vizanti_msgs/srv/LoadMap_Request.msg
[6.099s] -- Up-to-date symlink: /home/pi/ugv_ws/install/vizanti_msgs/share/vizanti_msgs/srv/LoadMap_Response.msg
[6.100s] -- Up-to-date symlink: /home/pi/ugv_ws/install/vizanti_msgs/share/vizanti_msgs/srv/Launches.srv
[6.101s] -- Up-to-date symlink: /home/pi/ugv_ws/install/vizanti_msgs/share/vizanti_msgs/srv/Launches_Request.msg
[6.102s] -- Up-to-date symlink: /home/pi/ugv_ws/install/vizanti_msgs/share/vizanti_msgs/srv/Launches_Response.msg
[6.102s] -- Up-to-date symlink: /home/pi/ugv_ws/install/vizanti_msgs/share/vizanti_msgs/srv/RecordRosbag.srv
[6.103s] -- Up-to-date symlink: /home/pi/ugv_ws/install/vizanti_msgs/share/vizanti_msgs/srv/RecordRosbag_Request.msg
[6.104s] -- Up-to-date symlink: /home/pi/ugv_ws/install/vizanti_msgs/share/vizanti_msgs/srv/RecordRosbag_Response.msg
[6.105s] -- Up-to-date symlink: /home/pi/ugv_ws/install/vizanti_msgs/share/vizanti_msgs/srv/ManageNode.srv
[6.106s] -- Up-to-date symlink: /home/pi/ugv_ws/install/vizanti_msgs/share/vizanti_msgs/srv/ManageNode_Request.msg
[6.107s] -- Up-to-date symlink: /home/pi/ugv_ws/install/vizanti_msgs/share/vizanti_msgs/srv/ManageNode_Response.msg
[6.107s] -- Up-to-date symlink: /home/pi/ugv_ws/install/vizanti_msgs/share/vizanti_msgs/srv/ManageLaunch.srv
[6.108s] -- Up-to-date symlink: /home/pi/ugv_ws/install/vizanti_msgs/share/vizanti_msgs/srv/ManageLaunch_Request.msg
[6.109s] -- Up-to-date symlink: /home/pi/ugv_ws/install/vizanti_msgs/share/vizanti_msgs/srv/ManageLaunch_Response.msg
[6.109s] -- Up-to-date symlink: /home/pi/ugv_ws/install/vizanti_msgs/share/vizanti_msgs/srv/ListPackages.srv
[6.111s] -- Up-to-date symlink: /home/pi/ugv_ws/install/vizanti_msgs/share/vizanti_msgs/srv/ListPackages_Request.msg
[6.112s] -- Up-to-date symlink: /home/pi/ugv_ws/install/vizanti_msgs/share/vizanti_msgs/srv/ListPackages_Response.msg
[6.113s] -- Up-to-date symlink: /home/pi/ugv_ws/install/vizanti_msgs/share/vizanti_msgs/srv/ListExecutables.srv
[6.114s] -- Up-to-date symlink: /home/pi/ugv_ws/install/vizanti_msgs/share/vizanti_msgs/srv/ListExecutables_Request.msg
[6.115s] -- Up-to-date symlink: /home/pi/ugv_ws/install/vizanti_msgs/share/vizanti_msgs/srv/ListExecutables_Response.msg
[6.115s] -- Up-to-date symlink: /home/pi/ugv_ws/install/vizanti_msgs/share/ament_index/resource_index/package_run_dependencies/vizanti_msgs
[6.116s] -- Up-to-date symlink: /home/pi/ugv_ws/install/vizanti_msgs/share/ament_index/resource_index/parent_prefix_path/vizanti_msgs
[6.117s] -- Up-to-date symlink: /home/pi/ugv_ws/install/vizanti_msgs/share/vizanti_msgs/environment/ament_prefix_path.sh
[6.118s] -- Up-to-date symlink: /home/pi/ugv_ws/install/vizanti_msgs/share/vizanti_msgs/environment/ament_prefix_path.dsv
[6.118s] -- Up-to-date symlink: /home/pi/ugv_ws/install/vizanti_msgs/share/vizanti_msgs/environment/path.sh
[6.120s] -- Up-to-date symlink: /home/pi/ugv_ws/install/vizanti_msgs/share/vizanti_msgs/environment/path.dsv
[6.120s] -- Up-to-date symlink: /home/pi/ugv_ws/install/vizanti_msgs/share/vizanti_msgs/local_setup.bash
[6.121s] -- Up-to-date symlink: /home/pi/ugv_ws/install/vizanti_msgs/share/vizanti_msgs/local_setup.sh
[6.122s] -- Up-to-date symlink: /home/pi/ugv_ws/install/vizanti_msgs/share/vizanti_msgs/local_setup.zsh
[6.123s] -- Up-to-date symlink: /home/pi/ugv_ws/install/vizanti_msgs/share/vizanti_msgs/local_setup.dsv
[6.124s] -- Symlinking: /home/pi/ugv_ws/install/vizanti_msgs/share/vizanti_msgs/package.dsv
[6.128s] -- Up-to-date symlink: /home/pi/ugv_ws/install/vizanti_msgs/share/ament_index/resource_index/packages/vizanti_msgs
[6.129s] -- Up-to-date symlink: /home/pi/ugv_ws/install/vizanti_msgs/share/vizanti_msgs/cmake/rosidl_cmake-extras.cmake
[6.130s] -- Up-to-date symlink: /home/pi/ugv_ws/install/vizanti_msgs/share/vizanti_msgs/cmake/ament_cmake_export_dependencies-extras.cmake
[6.131s] -- Up-to-date symlink: /home/pi/ugv_ws/install/vizanti_msgs/share/vizanti_msgs/cmake/ament_cmake_export_include_directories-extras.cmake
[6.132s] -- Up-to-date symlink: /home/pi/ugv_ws/install/vizanti_msgs/share/vizanti_msgs/cmake/ament_cmake_export_libraries-extras.cmake
[6.133s] -- Up-to-date symlink: /home/pi/ugv_ws/install/vizanti_msgs/share/vizanti_msgs/cmake/ament_cmake_export_targets-extras.cmake
[6.135s] -- Up-to-date symlink: /home/pi/ugv_ws/install/vizanti_msgs/share/vizanti_msgs/cmake/rosidl_cmake_export_typesupport_targets-extras.cmake
[6.136s] -- Up-to-date symlink: /home/pi/ugv_ws/install/vizanti_msgs/share/vizanti_msgs/cmake/rosidl_cmake_export_typesupport_libraries-extras.cmake
[6.138s] -- Up-to-date symlink: /home/pi/ugv_ws/install/vizanti_msgs/share/vizanti_msgs/cmake/vizanti_msgsConfig.cmake
[6.139s] -- Up-to-date symlink: /home/pi/ugv_ws/install/vizanti_msgs/share/vizanti_msgs/cmake/vizanti_msgsConfig-version.cmake
[6.139s] -- Up-to-date symlink: /home/pi/ugv_ws/install/vizanti_msgs/share/vizanti_msgs/package.xml
[6.141s] -- Up-to-date: /home/pi/ugv_ws/install/vizanti_msgs/lib/libvizanti_msgs__rosidl_generator_c.so
[6.142s] -- Up-to-date: /home/pi/ugv_ws/install/vizanti_msgs/lib/libvizanti_msgs__rosidl_typesupport_fastrtps_c.so
[6.143s] -- Up-to-date: /home/pi/ugv_ws/install/vizanti_msgs/lib/libvizanti_msgs__rosidl_typesupport_introspection_c.so
[6.145s] -- Up-to-date: /home/pi/ugv_ws/install/vizanti_msgs/lib/libvizanti_msgs__rosidl_typesupport_c.so
[6.146s] -- Up-to-date: /home/pi/ugv_ws/install/vizanti_msgs/lib/libvizanti_msgs__rosidl_typesupport_fastrtps_cpp.so
[6.147s] -- Up-to-date: /home/pi/ugv_ws/install/vizanti_msgs/lib/libvizanti_msgs__rosidl_typesupport_introspection_cpp.so
[6.148s] -- Up-to-date: /home/pi/ugv_ws/install/vizanti_msgs/lib/libvizanti_msgs__rosidl_typesupport_cpp.so
[6.384s] Listing '/home/pi/ugv_ws/install/vizanti_msgs/local/lib/python3.10/dist-packages/vizanti_msgs'...
[6.385s] Listing '/home/pi/ugv_ws/install/vizanti_msgs/local/lib/python3.10/dist-packages/vizanti_msgs/srv'...
[6.412s] -- Up-to-date: /home/pi/ugv_ws/install/vizanti_msgs/lib/libvizanti_msgs__rosidl_generator_py.so
[6.414s] -- Up-to-date: /home/pi/ugv_ws/install/vizanti_msgs/share/vizanti_msgs/cmake/export_vizanti_msgs__rosidl_generator_cExport.cmake
[6.416s] -- Up-to-date: /home/pi/ugv_ws/install/vizanti_msgs/share/vizanti_msgs/cmake/export_vizanti_msgs__rosidl_generator_cExport-noconfig.cmake
[6.417s] -- Up-to-date: /home/pi/ugv_ws/install/vizanti_msgs/share/vizanti_msgs/cmake/export_vizanti_msgs__rosidl_typesupport_fastrtps_cExport.cmake
[6.417s] -- Up-to-date: /home/pi/ugv_ws/install/vizanti_msgs/share/vizanti_msgs/cmake/export_vizanti_msgs__rosidl_typesupport_fastrtps_cExport-noconfig.cmake
[6.418s] -- Up-to-date: /home/pi/ugv_ws/install/vizanti_msgs/share/vizanti_msgs/cmake/vizanti_msgs__rosidl_typesupport_introspection_cExport.cmake
[6.419s] -- Up-to-date: /home/pi/ugv_ws/install/vizanti_msgs/share/vizanti_msgs/cmake/vizanti_msgs__rosidl_typesupport_introspection_cExport-noconfig.cmake
[6.420s] -- Up-to-date: /home/pi/ugv_ws/install/vizanti_msgs/share/vizanti_msgs/cmake/vizanti_msgs__rosidl_typesupport_cExport.cmake
[6.420s] -- Up-to-date: /home/pi/ugv_ws/install/vizanti_msgs/share/vizanti_msgs/cmake/vizanti_msgs__rosidl_typesupport_cExport-noconfig.cmake
[6.421s] -- Up-to-date: /home/pi/ugv_ws/install/vizanti_msgs/share/vizanti_msgs/cmake/export_vizanti_msgs__rosidl_generator_cppExport.cmake
[6.421s] -- Up-to-date: /home/pi/ugv_ws/install/vizanti_msgs/share/vizanti_msgs/cmake/export_vizanti_msgs__rosidl_typesupport_fastrtps_cppExport.cmake
[6.422s] -- Up-to-date: /home/pi/ugv_ws/install/vizanti_msgs/share/vizanti_msgs/cmake/export_vizanti_msgs__rosidl_typesupport_fastrtps_cppExport-noconfig.cmake
[6.424s] -- Up-to-date: /home/pi/ugv_ws/install/vizanti_msgs/share/vizanti_msgs/cmake/vizanti_msgs__rosidl_typesupport_introspection_cppExport.cmake
[6.425s] -- Up-to-date: /home/pi/ugv_ws/install/vizanti_msgs/share/vizanti_msgs/cmake/vizanti_msgs__rosidl_typesupport_introspection_cppExport-noconfig.cmake
[6.425s] -- Up-to-date: /home/pi/ugv_ws/install/vizanti_msgs/share/vizanti_msgs/cmake/vizanti_msgs__rosidl_typesupport_cppExport.cmake
[6.426s] -- Up-to-date: /home/pi/ugv_ws/install/vizanti_msgs/share/vizanti_msgs/cmake/vizanti_msgs__rosidl_typesupport_cppExport-noconfig.cmake
[6.426s] -- Up-to-date: /home/pi/ugv_ws/install/vizanti_msgs/share/vizanti_msgs/cmake/export_vizanti_msgs__rosidl_generator_pyExport.cmake
[6.426s] -- Up-to-date: /home/pi/ugv_ws/install/vizanti_msgs/share/vizanti_msgs/cmake/export_vizanti_msgs__rosidl_generator_pyExport-noconfig.cmake
[6.479s] Invoked command in '/home/pi/ugv_ws/build/vizanti_msgs' returned '0': CMAKE_PREFIX_PATH=${CMAKE_PREFIX_PATH}:/home/pi/ugv_ws/install/ugv_web_app:/home/pi/ugv_ws/install/ugv_vision:/home/pi/ugv_ws/install/ugv_tools:/home/pi/ugv_ws/install/ugv_chat_ai:/home/pi/ugv_ws/install/ugv_bringup:/opt/ros/humble /usr/bin/cmake --install /home/pi/ugv_ws/build/vizanti_msgs
