[0.256s] Invoking command in '/home/pi/ugv_ws/build/costmap_converter': CMAKE_PREFIX_PATH=/home/pi/ugv_ws/install/costmap_converter_msgs:/home/pi/ugv_ws/install/vizanti:/home/pi/ugv_ws/install/vizanti_server:/home/pi/ugv_ws/install/vizanti_demos:/home/pi/ugv_ws/install/vizanti_msgs:/home/pi/ugv_ws/install/vizanti_cpp:/home/pi/ugv_ws/install/ugv_slam:/home/pi/ugv_ws/install/ugv_nav:/home/pi/ugv_ws/install/ugv_interface:/home/pi/ugv_ws/install/ugv_gazebo:/home/pi/ugv_ws/install/ugv_description:/home/pi/ugv_ws/install/ugv_base_node:/home/pi/ugv_ws/install/teb_local_planner:/home/pi/ugv_ws/install/teb_msgs:/home/pi/ugv_ws/install/sllidar_ros2:/home/pi/ugv_ws/install/slam_gmapping:/home/pi/ugv_ws/install/robot_pose_publisher:/home/pi/ugv_ws/install/rf2o_laser_odometry:/home/pi/ugv_ws/install/openslam_gmapping:/home/pi/ugv_ws/install/ldlidar:/home/pi/ugv_ws/install/explore_lite:/home/pi/ugv_ws/install/emcl2:/home/pi/ugv_ws/install/costmap_converter:/home/pi/ugv_ws/install/cartographer:/home/pi/ugv_ws/install/apriltag_ros:/home/pi/ugv_ws/install/apriltag_msgs:/home/pi/ugv_ws/install/apriltag:/home/pi/ugv_ws/install/ugv_web_app:/home/pi/ugv_ws/install/ugv_vision:/home/pi/ugv_ws/install/ugv_tools:/home/pi/ugv_ws/install/ugv_chat_ai:/home/pi/ugv_ws/install/ugv_bringup:/opt/ros/humble LD_LIBRARY_PATH=/home/pi/ugv_ws/install/costmap_converter_msgs/lib:/home/pi/ugv_ws/install/vizanti_msgs/lib:/home/pi/ugv_ws/install/ugv_interface/lib:/home/pi/ugv_ws/install/teb_local_planner/lib:/home/pi/ugv_ws/install/teb_msgs/lib:/home/pi/ugv_ws/install/openslam_gmapping/lib:/home/pi/ugv_ws/install/costmap_converter/lib:/home/pi/ugv_ws/install/apriltag_ros/lib:/home/pi/ugv_ws/install/apriltag_msgs/lib:/home/pi/ugv_ws/install/apriltag/lib:/opt/ros/humble/opt/rviz_ogre_vendor/lib:/opt/ros/humble/lib/aarch64-linux-gnu:/opt/ros/humble/lib /usr/bin/cmake /home/pi/ugv_ws/src/ugv_else/costmap_converter/costmap_converter -DAMENT_CMAKE_SYMLINK_INSTALL=1 -DCMAKE_INSTALL_PREFIX=/home/pi/ugv_ws/install/costmap_converter
[0.384s] -- Found ament_cmake: 1.3.11 (/opt/ros/humble/share/ament_cmake/cmake)
[1.636s] -- Override CMake install command with custom implementation using symlinks instead of copying resources
[1.747s] -- Found class_loader: 2.2.0 (/opt/ros/humble/share/class_loader/cmake)
[1.960s] -- Found costmap_converter_msgs: 0.1.2 (/home/pi/ugv_ws/install/costmap_converter_msgs/share/costmap_converter_msgs/cmake)
[2.069s] -- Found rosidl_generator_c: 3.1.6 (/opt/ros/humble/share/rosidl_generator_c/cmake)
[2.084s] -- Found rosidl_adapter: 3.1.6 (/opt/ros/humble/share/rosidl_adapter/cmake)
[2.111s] -- Found rosidl_generator_cpp: 3.1.6 (/opt/ros/humble/share/rosidl_generator_cpp/cmake)
[2.166s] -- Using all available rosidl_typesupport_c: rosidl_typesupport_fastrtps_c;rosidl_typesupport_introspection_c
[2.221s] -- Using all available rosidl_typesupport_cpp: rosidl_typesupport_fastrtps_cpp;rosidl_typesupport_introspection_cpp
[2.482s] -- Found cv_bridge: 3.2.1 (/opt/ros/humble/share/cv_bridge/cmake)
[2.630s] -- Found nav2_costmap_2d: 1.1.17 (/opt/ros/humble/share/nav2_costmap_2d/cmake)
[2.793s] -- Found rmw_implementation_cmake: 6.1.2 (/opt/ros/humble/share/rmw_implementation_cmake/cmake)
[2.804s] -- Found rmw_fastrtps_cpp: 6.2.7 (/opt/ros/humble/share/rmw_fastrtps_cpp/cmake)
[4.051s] -- Using RMW implementation 'rmw_fastrtps_cpp' as default
[4.988s] -- Ensuring Eigen3 include directory is part of orocos-kdl CMake target
[5.875s] -- Found ament_cmake_gtest: 1.3.11 (/opt/ros/humble/share/ament_cmake_gtest/cmake)
[5.879s] -- Found gtest sources under '/opt/ros/humble/src/gtest_vendor': C++ tests using 'Google Test' will be built
[7.181s] -- Configuring done
[8.388s] -- Generating done
[8.478s] -- Build files have been written to: /home/pi/ugv_ws/build/costmap_converter
[8.539s] Invoked command in '/home/pi/ugv_ws/build/costmap_converter' returned '0': CMAKE_PREFIX_PATH=/home/pi/ugv_ws/install/costmap_converter_msgs:/home/pi/ugv_ws/install/vizanti:/home/pi/ugv_ws/install/vizanti_server:/home/pi/ugv_ws/install/vizanti_demos:/home/pi/ugv_ws/install/vizanti_msgs:/home/pi/ugv_ws/install/vizanti_cpp:/home/pi/ugv_ws/install/ugv_slam:/home/pi/ugv_ws/install/ugv_nav:/home/pi/ugv_ws/install/ugv_interface:/home/pi/ugv_ws/install/ugv_gazebo:/home/pi/ugv_ws/install/ugv_description:/home/pi/ugv_ws/install/ugv_base_node:/home/pi/ugv_ws/install/teb_local_planner:/home/pi/ugv_ws/install/teb_msgs:/home/pi/ugv_ws/install/sllidar_ros2:/home/pi/ugv_ws/install/slam_gmapping:/home/pi/ugv_ws/install/robot_pose_publisher:/home/pi/ugv_ws/install/rf2o_laser_odometry:/home/pi/ugv_ws/install/openslam_gmapping:/home/pi/ugv_ws/install/ldlidar:/home/pi/ugv_ws/install/explore_lite:/home/pi/ugv_ws/install/emcl2:/home/pi/ugv_ws/install/costmap_converter:/home/pi/ugv_ws/install/cartographer:/home/pi/ugv_ws/install/apriltag_ros:/home/pi/ugv_ws/install/apriltag_msgs:/home/pi/ugv_ws/install/apriltag:/home/pi/ugv_ws/install/ugv_web_app:/home/pi/ugv_ws/install/ugv_vision:/home/pi/ugv_ws/install/ugv_tools:/home/pi/ugv_ws/install/ugv_chat_ai:/home/pi/ugv_ws/install/ugv_bringup:/opt/ros/humble LD_LIBRARY_PATH=/home/pi/ugv_ws/install/costmap_converter_msgs/lib:/home/pi/ugv_ws/install/vizanti_msgs/lib:/home/pi/ugv_ws/install/ugv_interface/lib:/home/pi/ugv_ws/install/teb_local_planner/lib:/home/pi/ugv_ws/install/teb_msgs/lib:/home/pi/ugv_ws/install/openslam_gmapping/lib:/home/pi/ugv_ws/install/costmap_converter/lib:/home/pi/ugv_ws/install/apriltag_ros/lib:/home/pi/ugv_ws/install/apriltag_msgs/lib:/home/pi/ugv_ws/install/apriltag/lib:/opt/ros/humble/opt/rviz_ogre_vendor/lib:/opt/ros/humble/lib/aarch64-linux-gnu:/opt/ros/humble/lib /usr/bin/cmake /home/pi/ugv_ws/src/ugv_else/costmap_converter/costmap_converter -DAMENT_CMAKE_SYMLINK_INSTALL=1 -DCMAKE_INSTALL_PREFIX=/home/pi/ugv_ws/install/costmap_converter
[8.548s] Invoking command in '/home/pi/ugv_ws/build/costmap_converter': CMAKE_PREFIX_PATH=/home/pi/ugv_ws/install/costmap_converter_msgs:/home/pi/ugv_ws/install/vizanti:/home/pi/ugv_ws/install/vizanti_server:/home/pi/ugv_ws/install/vizanti_demos:/home/pi/ugv_ws/install/vizanti_msgs:/home/pi/ugv_ws/install/vizanti_cpp:/home/pi/ugv_ws/install/ugv_slam:/home/pi/ugv_ws/install/ugv_nav:/home/pi/ugv_ws/install/ugv_interface:/home/pi/ugv_ws/install/ugv_gazebo:/home/pi/ugv_ws/install/ugv_description:/home/pi/ugv_ws/install/ugv_base_node:/home/pi/ugv_ws/install/teb_local_planner:/home/pi/ugv_ws/install/teb_msgs:/home/pi/ugv_ws/install/sllidar_ros2:/home/pi/ugv_ws/install/slam_gmapping:/home/pi/ugv_ws/install/robot_pose_publisher:/home/pi/ugv_ws/install/rf2o_laser_odometry:/home/pi/ugv_ws/install/openslam_gmapping:/home/pi/ugv_ws/install/ldlidar:/home/pi/ugv_ws/install/explore_lite:/home/pi/ugv_ws/install/emcl2:/home/pi/ugv_ws/install/costmap_converter:/home/pi/ugv_ws/install/cartographer:/home/pi/ugv_ws/install/apriltag_ros:/home/pi/ugv_ws/install/apriltag_msgs:/home/pi/ugv_ws/install/apriltag:/home/pi/ugv_ws/install/ugv_web_app:/home/pi/ugv_ws/install/ugv_vision:/home/pi/ugv_ws/install/ugv_tools:/home/pi/ugv_ws/install/ugv_chat_ai:/home/pi/ugv_ws/install/ugv_bringup:/opt/ros/humble LD_LIBRARY_PATH=/home/pi/ugv_ws/install/costmap_converter_msgs/lib:/home/pi/ugv_ws/install/vizanti_msgs/lib:/home/pi/ugv_ws/install/ugv_interface/lib:/home/pi/ugv_ws/install/teb_local_planner/lib:/home/pi/ugv_ws/install/teb_msgs/lib:/home/pi/ugv_ws/install/openslam_gmapping/lib:/home/pi/ugv_ws/install/costmap_converter/lib:/home/pi/ugv_ws/install/apriltag_ros/lib:/home/pi/ugv_ws/install/apriltag_msgs/lib:/home/pi/ugv_ws/install/apriltag/lib:/opt/ros/humble/opt/rviz_ogre_vendor/lib:/opt/ros/humble/lib/aarch64-linux-gnu:/opt/ros/humble/lib /usr/bin/cmake --build /home/pi/ugv_ws/build/costmap_converter -- -j4 -l4
[8.833s] [35m[1mConsolidate compiler generated dependencies of target costmap_converter[0m
[9.124s] [ 57%] Built target costmap_converter
[9.185s] [35m[1mConsolidate compiler generated dependencies of target gtest[0m
[9.272s] [ 68%] Built target gtest
[9.336s] [35m[1mConsolidate compiler generated dependencies of target standalone_converter[0m
[9.478s] [ 78%] Built target standalone_converter
[9.538s] [35m[1mConsolidate compiler generated dependencies of target gtest_main[0m
[9.618s] [ 89%] Built target gtest_main
[9.688s] [35m[1mConsolidate compiler generated dependencies of target test_costmap_polygons[0m
[9.840s] [100%] Built target test_costmap_polygons
[9.892s] Invoked command in '/home/pi/ugv_ws/build/costmap_converter' returned '0': CMAKE_PREFIX_PATH=/home/pi/ugv_ws/install/costmap_converter_msgs:/home/pi/ugv_ws/install/vizanti:/home/pi/ugv_ws/install/vizanti_server:/home/pi/ugv_ws/install/vizanti_demos:/home/pi/ugv_ws/install/vizanti_msgs:/home/pi/ugv_ws/install/vizanti_cpp:/home/pi/ugv_ws/install/ugv_slam:/home/pi/ugv_ws/install/ugv_nav:/home/pi/ugv_ws/install/ugv_interface:/home/pi/ugv_ws/install/ugv_gazebo:/home/pi/ugv_ws/install/ugv_description:/home/pi/ugv_ws/install/ugv_base_node:/home/pi/ugv_ws/install/teb_local_planner:/home/pi/ugv_ws/install/teb_msgs:/home/pi/ugv_ws/install/sllidar_ros2:/home/pi/ugv_ws/install/slam_gmapping:/home/pi/ugv_ws/install/robot_pose_publisher:/home/pi/ugv_ws/install/rf2o_laser_odometry:/home/pi/ugv_ws/install/openslam_gmapping:/home/pi/ugv_ws/install/ldlidar:/home/pi/ugv_ws/install/explore_lite:/home/pi/ugv_ws/install/emcl2:/home/pi/ugv_ws/install/costmap_converter:/home/pi/ugv_ws/install/cartographer:/home/pi/ugv_ws/install/apriltag_ros:/home/pi/ugv_ws/install/apriltag_msgs:/home/pi/ugv_ws/install/apriltag:/home/pi/ugv_ws/install/ugv_web_app:/home/pi/ugv_ws/install/ugv_vision:/home/pi/ugv_ws/install/ugv_tools:/home/pi/ugv_ws/install/ugv_chat_ai:/home/pi/ugv_ws/install/ugv_bringup:/opt/ros/humble LD_LIBRARY_PATH=/home/pi/ugv_ws/install/costmap_converter_msgs/lib:/home/pi/ugv_ws/install/vizanti_msgs/lib:/home/pi/ugv_ws/install/ugv_interface/lib:/home/pi/ugv_ws/install/teb_local_planner/lib:/home/pi/ugv_ws/install/teb_msgs/lib:/home/pi/ugv_ws/install/openslam_gmapping/lib:/home/pi/ugv_ws/install/costmap_converter/lib:/home/pi/ugv_ws/install/apriltag_ros/lib:/home/pi/ugv_ws/install/apriltag_msgs/lib:/home/pi/ugv_ws/install/apriltag/lib:/opt/ros/humble/opt/rviz_ogre_vendor/lib:/opt/ros/humble/lib/aarch64-linux-gnu:/opt/ros/humble/lib /usr/bin/cmake --build /home/pi/ugv_ws/build/costmap_converter -- -j4 -l4
[9.903s] Invoking command in '/home/pi/ugv_ws/build/costmap_converter': CMAKE_PREFIX_PATH=/home/pi/ugv_ws/install/costmap_converter_msgs:/home/pi/ugv_ws/install/vizanti:/home/pi/ugv_ws/install/vizanti_server:/home/pi/ugv_ws/install/vizanti_demos:/home/pi/ugv_ws/install/vizanti_msgs:/home/pi/ugv_ws/install/vizanti_cpp:/home/pi/ugv_ws/install/ugv_slam:/home/pi/ugv_ws/install/ugv_nav:/home/pi/ugv_ws/install/ugv_interface:/home/pi/ugv_ws/install/ugv_gazebo:/home/pi/ugv_ws/install/ugv_description:/home/pi/ugv_ws/install/ugv_base_node:/home/pi/ugv_ws/install/teb_local_planner:/home/pi/ugv_ws/install/teb_msgs:/home/pi/ugv_ws/install/sllidar_ros2:/home/pi/ugv_ws/install/slam_gmapping:/home/pi/ugv_ws/install/robot_pose_publisher:/home/pi/ugv_ws/install/rf2o_laser_odometry:/home/pi/ugv_ws/install/openslam_gmapping:/home/pi/ugv_ws/install/ldlidar:/home/pi/ugv_ws/install/explore_lite:/home/pi/ugv_ws/install/emcl2:/home/pi/ugv_ws/install/costmap_converter:/home/pi/ugv_ws/install/cartographer:/home/pi/ugv_ws/install/apriltag_ros:/home/pi/ugv_ws/install/apriltag_msgs:/home/pi/ugv_ws/install/apriltag:/home/pi/ugv_ws/install/ugv_web_app:/home/pi/ugv_ws/install/ugv_vision:/home/pi/ugv_ws/install/ugv_tools:/home/pi/ugv_ws/install/ugv_chat_ai:/home/pi/ugv_ws/install/ugv_bringup:/opt/ros/humble LD_LIBRARY_PATH=/home/pi/ugv_ws/install/costmap_converter_msgs/lib:/home/pi/ugv_ws/install/vizanti_msgs/lib:/home/pi/ugv_ws/install/ugv_interface/lib:/home/pi/ugv_ws/install/teb_local_planner/lib:/home/pi/ugv_ws/install/teb_msgs/lib:/home/pi/ugv_ws/install/openslam_gmapping/lib:/home/pi/ugv_ws/install/costmap_converter/lib:/home/pi/ugv_ws/install/apriltag_ros/lib:/home/pi/ugv_ws/install/apriltag_msgs/lib:/home/pi/ugv_ws/install/apriltag/lib:/opt/ros/humble/opt/rviz_ogre_vendor/lib:/opt/ros/humble/lib/aarch64-linux-gnu:/opt/ros/humble/lib /usr/bin/cmake --install /home/pi/ugv_ws/build/costmap_converter
[9.943s] -- Install configuration: "Release"
[9.945s] -- Execute custom install script
[9.946s] -- Up-to-date symlink: /home/pi/ugv_ws/install/costmap_converter/lib/libcostmap_converter.so
[9.947s] -- Up-to-date symlink: /home/pi/ugv_ws/install/costmap_converter/bin/standalone_converter
[9.951s] -- Up-to-date symlink: /home/pi/ugv_ws/install/costmap_converter/include//costmap_converter/costmap_converter_interface.h
[9.951s] -- Up-to-date symlink: /home/pi/ugv_ws/install/costmap_converter/include//costmap_converter/costmap_to_dynamic_obstacles/background_subtractor.h
[9.952s] -- Up-to-date symlink: /home/pi/ugv_ws/install/costmap_converter/include//costmap_converter/costmap_to_dynamic_obstacles/blob_detector.h
[9.953s] -- Up-to-date symlink: /home/pi/ugv_ws/install/costmap_converter/include//costmap_converter/costmap_to_dynamic_obstacles/costmap_to_dynamic_obstacles.h
[9.954s] -- Up-to-date symlink: /home/pi/ugv_ws/install/costmap_converter/include//costmap_converter/costmap_to_dynamic_obstacles/multitarget_tracker/Ctracker.h
[9.955s] -- Up-to-date symlink: /home/pi/ugv_ws/install/costmap_converter/include//costmap_converter/costmap_to_dynamic_obstacles/multitarget_tracker/HungarianAlg.h
[9.956s] -- Up-to-date symlink: /home/pi/ugv_ws/install/costmap_converter/include//costmap_converter/costmap_to_dynamic_obstacles/multitarget_tracker/Kalman.h
[9.957s] -- Up-to-date symlink: /home/pi/ugv_ws/install/costmap_converter/include//costmap_converter/costmap_to_dynamic_obstacles/multitarget_tracker/README.md
[9.958s] -- Up-to-date symlink: /home/pi/ugv_ws/install/costmap_converter/include//costmap_converter/costmap_to_dynamic_obstacles/multitarget_tracker/defines.h
[9.959s] -- Up-to-date symlink: /home/pi/ugv_ws/install/costmap_converter/include//costmap_converter/costmap_to_lines_convex_hull.h
[9.960s] -- Up-to-date symlink: /home/pi/ugv_ws/install/costmap_converter/include//costmap_converter/costmap_to_lines_ransac.h
[9.961s] -- Up-to-date symlink: /home/pi/ugv_ws/install/costmap_converter/include//costmap_converter/costmap_to_polygons.h
[9.962s] -- Up-to-date symlink: /home/pi/ugv_ws/install/costmap_converter/include//costmap_converter/costmap_to_polygons_concave.h
[9.963s] -- Up-to-date symlink: /home/pi/ugv_ws/install/costmap_converter/include//costmap_converter/misc.h
[9.964s] -- Up-to-date symlink: /home/pi/ugv_ws/install/costmap_converter/share/costmap_converter/environment/library_path.sh
[9.965s] -- Up-to-date symlink: /home/pi/ugv_ws/install/costmap_converter/share/costmap_converter/environment/library_path.dsv
[9.966s] -- Up-to-date symlink: /home/pi/ugv_ws/install/costmap_converter/share/costmap_converter//costmap_converter_plugins.xml
[9.967s] -- Up-to-date symlink: /home/pi/ugv_ws/install/costmap_converter/share/ament_index/resource_index/package_run_dependencies/costmap_converter
[9.968s] -- Up-to-date symlink: /home/pi/ugv_ws/install/costmap_converter/share/ament_index/resource_index/parent_prefix_path/costmap_converter
[9.969s] -- Up-to-date symlink: /home/pi/ugv_ws/install/costmap_converter/share/costmap_converter/environment/ament_prefix_path.sh
[9.970s] -- Up-to-date symlink: /home/pi/ugv_ws/install/costmap_converter/share/costmap_converter/environment/ament_prefix_path.dsv
[9.971s] -- Up-to-date symlink: /home/pi/ugv_ws/install/costmap_converter/share/costmap_converter/environment/path.sh
[9.972s] -- Up-to-date symlink: /home/pi/ugv_ws/install/costmap_converter/share/costmap_converter/environment/path.dsv
[9.973s] -- Up-to-date symlink: /home/pi/ugv_ws/install/costmap_converter/share/costmap_converter/local_setup.bash
[9.973s] -- Up-to-date symlink: /home/pi/ugv_ws/install/costmap_converter/share/costmap_converter/local_setup.sh
[9.974s] -- Up-to-date symlink: /home/pi/ugv_ws/install/costmap_converter/share/costmap_converter/local_setup.zsh
[9.975s] -- Up-to-date symlink: /home/pi/ugv_ws/install/costmap_converter/share/costmap_converter/local_setup.dsv
[9.976s] -- Symlinking: /home/pi/ugv_ws/install/costmap_converter/share/costmap_converter/package.dsv
[10.020s] -- Up-to-date symlink: /home/pi/ugv_ws/install/costmap_converter/share/ament_index/resource_index/packages/costmap_converter
[10.022s] -- Up-to-date symlink: /home/pi/ugv_ws/install/costmap_converter/share/ament_index/resource_index/costmap_converter__pluginlib__plugin/costmap_converter
[10.023s] -- Up-to-date symlink: /home/pi/ugv_ws/install/costmap_converter/share/costmap_converter/cmake/ament_cmake_export_include_directories-extras.cmake
[10.024s] -- Up-to-date symlink: /home/pi/ugv_ws/install/costmap_converter/share/costmap_converter/cmake/ament_cmake_export_libraries-extras.cmake
[10.025s] -- Up-to-date symlink: /home/pi/ugv_ws/install/costmap_converter/share/costmap_converter/cmake/ament_cmake_export_dependencies-extras.cmake
[10.026s] -- Up-to-date symlink: /home/pi/ugv_ws/install/costmap_converter/share/costmap_converter/cmake/costmap_converterConfig.cmake
[10.027s] -- Up-to-date symlink: /home/pi/ugv_ws/install/costmap_converter/share/costmap_converter/cmake/costmap_converterConfig-version.cmake
[10.028s] -- Up-to-date symlink: /home/pi/ugv_ws/install/costmap_converter/share/costmap_converter/package.xml
[10.039s] Invoked command in '/home/pi/ugv_ws/build/costmap_converter' returned '0': CMAKE_PREFIX_PATH=/home/pi/ugv_ws/install/costmap_converter_msgs:/home/pi/ugv_ws/install/vizanti:/home/pi/ugv_ws/install/vizanti_server:/home/pi/ugv_ws/install/vizanti_demos:/home/pi/ugv_ws/install/vizanti_msgs:/home/pi/ugv_ws/install/vizanti_cpp:/home/pi/ugv_ws/install/ugv_slam:/home/pi/ugv_ws/install/ugv_nav:/home/pi/ugv_ws/install/ugv_interface:/home/pi/ugv_ws/install/ugv_gazebo:/home/pi/ugv_ws/install/ugv_description:/home/pi/ugv_ws/install/ugv_base_node:/home/pi/ugv_ws/install/teb_local_planner:/home/pi/ugv_ws/install/teb_msgs:/home/pi/ugv_ws/install/sllidar_ros2:/home/pi/ugv_ws/install/slam_gmapping:/home/pi/ugv_ws/install/robot_pose_publisher:/home/pi/ugv_ws/install/rf2o_laser_odometry:/home/pi/ugv_ws/install/openslam_gmapping:/home/pi/ugv_ws/install/ldlidar:/home/pi/ugv_ws/install/explore_lite:/home/pi/ugv_ws/install/emcl2:/home/pi/ugv_ws/install/costmap_converter:/home/pi/ugv_ws/install/cartographer:/home/pi/ugv_ws/install/apriltag_ros:/home/pi/ugv_ws/install/apriltag_msgs:/home/pi/ugv_ws/install/apriltag:/home/pi/ugv_ws/install/ugv_web_app:/home/pi/ugv_ws/install/ugv_vision:/home/pi/ugv_ws/install/ugv_tools:/home/pi/ugv_ws/install/ugv_chat_ai:/home/pi/ugv_ws/install/ugv_bringup:/opt/ros/humble LD_LIBRARY_PATH=/home/pi/ugv_ws/install/costmap_converter_msgs/lib:/home/pi/ugv_ws/install/vizanti_msgs/lib:/home/pi/ugv_ws/install/ugv_interface/lib:/home/pi/ugv_ws/install/teb_local_planner/lib:/home/pi/ugv_ws/install/teb_msgs/lib:/home/pi/ugv_ws/install/openslam_gmapping/lib:/home/pi/ugv_ws/install/costmap_converter/lib:/home/pi/ugv_ws/install/apriltag_ros/lib:/home/pi/ugv_ws/install/apriltag_msgs/lib:/home/pi/ugv_ws/install/apriltag/lib:/opt/ros/humble/opt/rviz_ogre_vendor/lib:/opt/ros/humble/lib/aarch64-linux-gnu:/opt/ros/humble/lib /usr/bin/cmake --install /home/pi/ugv_ws/build/costmap_converter
