[0.137s] Invoking command in '/home/pi/ugv_ws/build/apriltag_msgs': CMAKE_PREFIX_PATH=${CMAKE_PREFIX_PATH}:/home/pi/ugv_ws/install/ugv_web_app:/home/pi/ugv_ws/install/ugv_vision:/home/pi/ugv_ws/install/ugv_tools:/home/pi/ugv_ws/install/ugv_chat_ai:/home/pi/ugv_ws/install/ugv_bringup:/opt/ros/humble /usr/bin/cmake /home/pi/ugv_ws/src/ugv_else/apriltag_ros/apriltag_msgs -DCMAKE_INSTALL_PREFIX=/home/pi/ugv_ws/install/apriltag_msgs
[0.215s] -- Found std_msgs: 4.2.4 (/opt/ros/humble/share/std_msgs/cmake)
[1.214s] -- Override CMake install command with custom implementation using symlinks instead of copying resources
[1.558s] -- Found rosidl_generator_c: 3.1.6 (/opt/ros/humble/share/rosidl_generator_c/cmake)
[1.574s] -- Found rosidl_adapter: 3.1.6 (/opt/ros/humble/share/rosidl_adapter/cmake)
[1.607s] -- Found rosidl_generator_cpp: 3.1.6 (/opt/ros/humble/share/rosidl_generator_cpp/cmake)
[1.672s] -- Using all available rosidl_typesupport_c: rosidl_typesupport_fastrtps_c;rosidl_typesupport_introspection_c
[1.748s] -- Using all available rosidl_typesupport_cpp: rosidl_typesupport_fastrtps_cpp;rosidl_typesupport_introspection_cpp
[1.932s] -- Found rosidl_default_generators: 1.2.0 (/opt/ros/humble/share/rosidl_default_generators/cmake)
[1.986s] -- Found geometry_msgs: 4.2.4 (/opt/ros/humble/share/geometry_msgs/cmake)
[6.306s] -- Found ament_cmake_cppcheck: 0.12.11 (/opt/ros/humble/share/ament_cmake_cppcheck/cmake)
[6.411s] -- Found ament_cmake_cpplint: 0.12.11 (/opt/ros/humble/share/ament_cmake_cpplint/cmake)
[6.555s] -- Found ament_cmake_uncrustify: 0.12.11 (/opt/ros/humble/share/ament_cmake_uncrustify/cmake)
[6.608s] -- Found ament_cmake_ros: 0.10.0 (/opt/ros/humble/share/ament_cmake_ros/cmake)
[10.122s] -- Using all available rosidl_typesupport_c: rosidl_typesupport_fastrtps_c;rosidl_typesupport_introspection_c
[11.415s] -- Using all available rosidl_typesupport_cpp: rosidl_typesupport_fastrtps_cpp;rosidl_typesupport_introspection_cpp
[11.622s] -- Found python_cmake_module: 0.10.0 (/opt/ros/humble/share/python_cmake_module/cmake)
[11.814s] -- Using PYTHON_EXECUTABLE: /usr/bin/python3
[11.817s] -- Using PYTHON_INCLUDE_DIRS: /usr/include/python3.10
[11.819s] -- Using PYTHON_LIBRARIES: /usr/lib/aarch64-linux-gnu/libpython3.10.so
[12.254s] -- Found ament_cmake_flake8: 0.12.11 (/opt/ros/humble/share/ament_cmake_flake8/cmake)
[12.257s] -- Found ament_cmake_pep257: 0.12.11 (/opt/ros/humble/share/ament_cmake_pep257/cmake)
[12.270s] -- Found ament_lint_auto: 0.12.11 (/opt/ros/humble/share/ament_lint_auto/cmake)
[12.568s] -- Added test 'copyright' to check source files copyright and LICENSE
[12.569s] -- Added test 'lint_cmake' to check CMake code style
[12.572s] -- Added test 'xmllint' to check XML markup files
[12.738s] -- Configuring done
[13.605s] -- Generating done
[13.685s] -- Build files have been written to: /home/pi/ugv_ws/build/apriltag_msgs
[13.731s] Invoked command in '/home/pi/ugv_ws/build/apriltag_msgs' returned '0': CMAKE_PREFIX_PATH=${CMAKE_PREFIX_PATH}:/home/pi/ugv_ws/install/ugv_web_app:/home/pi/ugv_ws/install/ugv_vision:/home/pi/ugv_ws/install/ugv_tools:/home/pi/ugv_ws/install/ugv_chat_ai:/home/pi/ugv_ws/install/ugv_bringup:/opt/ros/humble /usr/bin/cmake /home/pi/ugv_ws/src/ugv_else/apriltag_ros/apriltag_msgs -DCMAKE_INSTALL_PREFIX=/home/pi/ugv_ws/install/apriltag_msgs
[13.733s] Invoking command in '/home/pi/ugv_ws/build/apriltag_msgs': CMAKE_PREFIX_PATH=${CMAKE_PREFIX_PATH}:/home/pi/ugv_ws/install/ugv_web_app:/home/pi/ugv_ws/install/ugv_vision:/home/pi/ugv_ws/install/ugv_tools:/home/pi/ugv_ws/install/ugv_chat_ai:/home/pi/ugv_ws/install/ugv_bringup:/opt/ros/humble /usr/bin/cmake --build /home/pi/ugv_ws/build/apriltag_msgs -- -j4 -l4
[14.108s] [  2%] Built target apriltag_msgs__cpp
[14.273s] [  2%] Built target ament_cmake_python_symlink_apriltag_msgs
[14.460s] [35m[1mConsolidate compiler generated dependencies of target apriltag_msgs__rosidl_typesupport_fastrtps_cpp[0m
[14.572s] [ 12%] Built target apriltag_msgs__rosidl_typesupport_fastrtps_cpp
[14.689s] [35m[1mConsolidate compiler generated dependencies of target apriltag_msgs__rosidl_typesupport_introspection_cpp[0m
[14.775s] [ 23%] Built target apriltag_msgs__rosidl_typesupport_introspection_cpp
[16.937s] running egg_info
[16.945s] writing apriltag_msgs.egg-info/PKG-INFO
[16.953s] writing dependency_links to apriltag_msgs.egg-info/dependency_links.txt
[16.955s] writing top-level names to apriltag_msgs.egg-info/top_level.txt
[16.969s] reading manifest file 'apriltag_msgs.egg-info/SOURCES.txt'
[16.972s] writing manifest file 'apriltag_msgs.egg-info/SOURCES.txt'
[17.162s] [ 23%] Built target ament_cmake_python_build_apriltag_msgs_egg
[17.287s] [35m[1mConsolidate compiler generated dependencies of target apriltag_msgs__rosidl_typesupport_cpp[0m
[17.374s] [ 33%] Built target apriltag_msgs__rosidl_typesupport_cpp
[17.502s] [35m[1mConsolidate compiler generated dependencies of target apriltag_msgs__rosidl_generator_c[0m
[17.581s] [ 43%] Built target apriltag_msgs__rosidl_generator_c
[17.698s] [35m[1mConsolidate compiler generated dependencies of target apriltag_msgs__rosidl_typesupport_fastrtps_c[0m
[17.867s] [ 53%] Built target apriltag_msgs__rosidl_typesupport_fastrtps_c
[18.022s] [35m[1mConsolidate compiler generated dependencies of target apriltag_msgs__rosidl_typesupport_c[0m
[18.110s] [ 64%] Built target apriltag_msgs__rosidl_typesupport_c
[18.247s] [35m[1mConsolidate compiler generated dependencies of target apriltag_msgs__rosidl_typesupport_introspection_c[0m
[18.396s] [ 74%] Built target apriltag_msgs__rosidl_typesupport_introspection_c
[18.657s] [ 74%] Built target apriltag_msgs
[18.919s] [ 76%] Built target apriltag_msgs__py
[19.064s] [35m[1mConsolidate compiler generated dependencies of target apriltag_msgs__rosidl_generator_py[0m
[19.286s] [ 84%] Built target apriltag_msgs__rosidl_generator_py
[19.430s] [35m[1mConsolidate compiler generated dependencies of target apriltag_msgs__rosidl_typesupport_fastrtps_c__pyext[0m
[19.631s] [ 89%] Built target apriltag_msgs__rosidl_typesupport_fastrtps_c__pyext
[19.887s] [35m[1mConsolidate compiler generated dependencies of target apriltag_msgs__rosidl_typesupport_c__pyext[0m
[19.989s] [ 94%] Built target apriltag_msgs__rosidl_typesupport_c__pyext
[20.111s] [35m[1mConsolidate compiler generated dependencies of target apriltag_msgs__rosidl_typesupport_introspection_c__pyext[0m
[20.260s] [100%] Built target apriltag_msgs__rosidl_typesupport_introspection_c__pyext
[20.522s] Invoked command in '/home/pi/ugv_ws/build/apriltag_msgs' returned '0': CMAKE_PREFIX_PATH=${CMAKE_PREFIX_PATH}:/home/pi/ugv_ws/install/ugv_web_app:/home/pi/ugv_ws/install/ugv_vision:/home/pi/ugv_ws/install/ugv_tools:/home/pi/ugv_ws/install/ugv_chat_ai:/home/pi/ugv_ws/install/ugv_bringup:/opt/ros/humble /usr/bin/cmake --build /home/pi/ugv_ws/build/apriltag_msgs -- -j4 -l4
[20.528s] Invoking command in '/home/pi/ugv_ws/build/apriltag_msgs': CMAKE_PREFIX_PATH=${CMAKE_PREFIX_PATH}:/home/pi/ugv_ws/install/ugv_web_app:/home/pi/ugv_ws/install/ugv_vision:/home/pi/ugv_ws/install/ugv_tools:/home/pi/ugv_ws/install/ugv_chat_ai:/home/pi/ugv_ws/install/ugv_bringup:/opt/ros/humble /usr/bin/cmake --install /home/pi/ugv_ws/build/apriltag_msgs
[20.709s] -- Install configuration: ""
[20.717s] -- Execute custom install script
[20.721s] -- Up-to-date symlink: /home/pi/ugv_ws/install/apriltag_msgs/share/ament_index/resource_index/rosidl_interfaces/apriltag_msgs
[20.727s] -- Up-to-date symlink: /home/pi/ugv_ws/install/apriltag_msgs/include/apriltag_msgs/apriltag_msgs/msg/april_tag_detection.h
[20.730s] -- Up-to-date symlink: /home/pi/ugv_ws/install/apriltag_msgs/include/apriltag_msgs/apriltag_msgs/msg/april_tag_detection_array.h
[20.736s] -- Up-to-date symlink: /home/pi/ugv_ws/install/apriltag_msgs/include/apriltag_msgs/apriltag_msgs/msg/detail/april_tag_detection__functions.h
[20.740s] -- Up-to-date symlink: /home/pi/ugv_ws/install/apriltag_msgs/include/apriltag_msgs/apriltag_msgs/msg/detail/april_tag_detection__struct.h
[20.744s] -- Up-to-date symlink: /home/pi/ugv_ws/install/apriltag_msgs/include/apriltag_msgs/apriltag_msgs/msg/detail/april_tag_detection__type_support.h
[20.747s] -- Up-to-date symlink: /home/pi/ugv_ws/install/apriltag_msgs/include/apriltag_msgs/apriltag_msgs/msg/detail/april_tag_detection_array__functions.h
[20.751s] -- Up-to-date symlink: /home/pi/ugv_ws/install/apriltag_msgs/include/apriltag_msgs/apriltag_msgs/msg/detail/april_tag_detection_array__struct.h
[20.755s] -- Up-to-date symlink: /home/pi/ugv_ws/install/apriltag_msgs/include/apriltag_msgs/apriltag_msgs/msg/detail/april_tag_detection_array__type_support.h
[20.768s] -- Up-to-date symlink: /home/pi/ugv_ws/install/apriltag_msgs/include/apriltag_msgs/apriltag_msgs/msg/rosidl_generator_c__visibility_control.h
[20.770s] -- Up-to-date symlink: /home/pi/ugv_ws/install/apriltag_msgs/share/apriltag_msgs/environment/library_path.sh
[20.771s] -- Up-to-date symlink: /home/pi/ugv_ws/install/apriltag_msgs/share/apriltag_msgs/environment/library_path.dsv
[20.774s] -- Up-to-date symlink: /home/pi/ugv_ws/install/apriltag_msgs/include/apriltag_msgs/apriltag_msgs/msg/detail/april_tag_detection__rosidl_typesupport_fastrtps_c.h
[20.776s] -- Up-to-date symlink: /home/pi/ugv_ws/install/apriltag_msgs/include/apriltag_msgs/apriltag_msgs/msg/detail/april_tag_detection_array__rosidl_typesupport_fastrtps_c.h
[20.776s] -- Up-to-date symlink: /home/pi/ugv_ws/install/apriltag_msgs/include/apriltag_msgs/apriltag_msgs/msg/rosidl_typesupport_fastrtps_c__visibility_control.h
[20.791s] -- Up-to-date symlink: /home/pi/ugv_ws/install/apriltag_msgs/include/apriltag_msgs/apriltag_msgs/msg/april_tag_detection.hpp
[20.793s] -- Up-to-date symlink: /home/pi/ugv_ws/install/apriltag_msgs/include/apriltag_msgs/apriltag_msgs/msg/april_tag_detection_array.hpp
[20.795s] -- Up-to-date symlink: /home/pi/ugv_ws/install/apriltag_msgs/include/apriltag_msgs/apriltag_msgs/msg/detail/april_tag_detection__builder.hpp
[20.797s] -- Up-to-date symlink: /home/pi/ugv_ws/install/apriltag_msgs/include/apriltag_msgs/apriltag_msgs/msg/detail/april_tag_detection__struct.hpp
[20.799s] -- Up-to-date symlink: /home/pi/ugv_ws/install/apriltag_msgs/include/apriltag_msgs/apriltag_msgs/msg/detail/april_tag_detection__traits.hpp
[20.801s] -- Up-to-date symlink: /home/pi/ugv_ws/install/apriltag_msgs/include/apriltag_msgs/apriltag_msgs/msg/detail/april_tag_detection__type_support.hpp
[20.803s] -- Up-to-date symlink: /home/pi/ugv_ws/install/apriltag_msgs/include/apriltag_msgs/apriltag_msgs/msg/detail/april_tag_detection_array__builder.hpp
[20.804s] -- Up-to-date symlink: /home/pi/ugv_ws/install/apriltag_msgs/include/apriltag_msgs/apriltag_msgs/msg/detail/april_tag_detection_array__struct.hpp
[20.805s] -- Up-to-date symlink: /home/pi/ugv_ws/install/apriltag_msgs/include/apriltag_msgs/apriltag_msgs/msg/detail/april_tag_detection_array__traits.hpp
[20.806s] -- Up-to-date symlink: /home/pi/ugv_ws/install/apriltag_msgs/include/apriltag_msgs/apriltag_msgs/msg/detail/april_tag_detection_array__type_support.hpp
[20.807s] -- Up-to-date symlink: /home/pi/ugv_ws/install/apriltag_msgs/include/apriltag_msgs/apriltag_msgs/msg/rosidl_generator_cpp__visibility_control.hpp
[20.819s] -- Up-to-date symlink: /home/pi/ugv_ws/install/apriltag_msgs/include/apriltag_msgs/apriltag_msgs/msg/detail/april_tag_detection__rosidl_typesupport_fastrtps_cpp.hpp
[20.821s] -- Up-to-date symlink: /home/pi/ugv_ws/install/apriltag_msgs/include/apriltag_msgs/apriltag_msgs/msg/detail/april_tag_detection_array__rosidl_typesupport_fastrtps_cpp.hpp
[20.822s] -- Up-to-date symlink: /home/pi/ugv_ws/install/apriltag_msgs/include/apriltag_msgs/apriltag_msgs/msg/rosidl_typesupport_fastrtps_cpp__visibility_control.h
[20.836s] -- Up-to-date symlink: /home/pi/ugv_ws/install/apriltag_msgs/include/apriltag_msgs/apriltag_msgs/msg/detail/april_tag_detection__rosidl_typesupport_introspection_c.h
[20.839s] -- Up-to-date symlink: /home/pi/ugv_ws/install/apriltag_msgs/include/apriltag_msgs/apriltag_msgs/msg/detail/april_tag_detection_array__rosidl_typesupport_introspection_c.h
[20.839s] -- Up-to-date symlink: /home/pi/ugv_ws/install/apriltag_msgs/include/apriltag_msgs/apriltag_msgs/msg/rosidl_typesupport_introspection_c__visibility_control.h
[20.843s] -- Up-to-date symlink: /home/pi/ugv_ws/install/apriltag_msgs/include/apriltag_msgs/apriltag_msgs/msg/detail/april_tag_detection__rosidl_typesupport_introspection_cpp.hpp
[20.845s] -- Up-to-date symlink: /home/pi/ugv_ws/install/apriltag_msgs/include/apriltag_msgs/apriltag_msgs/msg/detail/april_tag_detection_array__rosidl_typesupport_introspection_cpp.hpp
[20.846s] -- Up-to-date symlink: /home/pi/ugv_ws/install/apriltag_msgs/share/apriltag_msgs/environment/pythonpath.sh
[20.847s] -- Up-to-date symlink: /home/pi/ugv_ws/install/apriltag_msgs/share/apriltag_msgs/environment/pythonpath.dsv
[20.852s] -- Up-to-date symlink: /home/pi/ugv_ws/install/apriltag_msgs/local/lib/python3.10/dist-packages/apriltag_msgs-0.0.0-py3.10.egg-info/PKG-INFO
[20.860s] -- Up-to-date symlink: /home/pi/ugv_ws/install/apriltag_msgs/local/lib/python3.10/dist-packages/apriltag_msgs-0.0.0-py3.10.egg-info/SOURCES.txt
[20.864s] -- Up-to-date symlink: /home/pi/ugv_ws/install/apriltag_msgs/local/lib/python3.10/dist-packages/apriltag_msgs-0.0.0-py3.10.egg-info/dependency_links.txt
[20.867s] -- Up-to-date symlink: /home/pi/ugv_ws/install/apriltag_msgs/local/lib/python3.10/dist-packages/apriltag_msgs-0.0.0-py3.10.egg-info/top_level.txt
[20.871s] -- Up-to-date symlink: /home/pi/ugv_ws/install/apriltag_msgs/local/lib/python3.10/dist-packages/apriltag_msgs/__init__.py
[20.875s] -- Up-to-date symlink: /home/pi/ugv_ws/install/apriltag_msgs/local/lib/python3.10/dist-packages/apriltag_msgs/_apriltag_msgs_s.ep.rosidl_typesupport_c.c
[20.882s] -- Up-to-date symlink: /home/pi/ugv_ws/install/apriltag_msgs/local/lib/python3.10/dist-packages/apriltag_msgs/_apriltag_msgs_s.ep.rosidl_typesupport_fastrtps_c.c
[20.886s] -- Up-to-date symlink: /home/pi/ugv_ws/install/apriltag_msgs/local/lib/python3.10/dist-packages/apriltag_msgs/_apriltag_msgs_s.ep.rosidl_typesupport_introspection_c.c
[20.891s] -- Up-to-date symlink: /home/pi/ugv_ws/install/apriltag_msgs/local/lib/python3.10/dist-packages/apriltag_msgs/apriltag_msgs_s__rosidl_typesupport_c.cpython-310-aarch64-linux-gnu.so
[20.897s] -- Up-to-date symlink: /home/pi/ugv_ws/install/apriltag_msgs/local/lib/python3.10/dist-packages/apriltag_msgs/apriltag_msgs_s__rosidl_typesupport_fastrtps_c.cpython-310-aarch64-linux-gnu.so
[20.901s] -- Up-to-date symlink: /home/pi/ugv_ws/install/apriltag_msgs/local/lib/python3.10/dist-packages/apriltag_msgs/apriltag_msgs_s__rosidl_typesupport_introspection_c.cpython-310-aarch64-linux-gnu.so
[20.915s] -- Up-to-date symlink: /home/pi/ugv_ws/install/apriltag_msgs/local/lib/python3.10/dist-packages/apriltag_msgs/libapriltag_msgs__rosidl_generator_py.so
[20.916s] -- Up-to-date symlink: /home/pi/ugv_ws/install/apriltag_msgs/local/lib/python3.10/dist-packages/apriltag_msgs/msg/__init__.py
[20.916s] -- Up-to-date symlink: /home/pi/ugv_ws/install/apriltag_msgs/local/lib/python3.10/dist-packages/apriltag_msgs/msg/_april_tag_detection.py
[20.917s] -- Up-to-date symlink: /home/pi/ugv_ws/install/apriltag_msgs/local/lib/python3.10/dist-packages/apriltag_msgs/msg/_april_tag_detection_array.py
[20.917s] -- Up-to-date symlink: /home/pi/ugv_ws/install/apriltag_msgs/local/lib/python3.10/dist-packages/apriltag_msgs/msg/_april_tag_detection_array_s.c
[20.918s] -- Up-to-date symlink: /home/pi/ugv_ws/install/apriltag_msgs/local/lib/python3.10/dist-packages/apriltag_msgs/msg/_april_tag_detection_s.c
[20.919s] -- Up-to-date symlink: /home/pi/ugv_ws/install/apriltag_msgs/local/lib/python3.10/dist-packages/apriltag_msgs/apriltag_msgs_s__rosidl_typesupport_fastrtps_c.cpython-310-aarch64-linux-gnu.so
[20.920s] -- Up-to-date symlink: /home/pi/ugv_ws/install/apriltag_msgs/local/lib/python3.10/dist-packages/apriltag_msgs/apriltag_msgs_s__rosidl_typesupport_introspection_c.cpython-310-aarch64-linux-gnu.so
[20.920s] -- Up-to-date symlink: /home/pi/ugv_ws/install/apriltag_msgs/local/lib/python3.10/dist-packages/apriltag_msgs/apriltag_msgs_s__rosidl_typesupport_c.cpython-310-aarch64-linux-gnu.so
[20.921s] -- Up-to-date symlink: /home/pi/ugv_ws/install/apriltag_msgs/share/apriltag_msgs/msg/AprilTagDetectionArray.idl
[20.949s] -- Up-to-date symlink: /home/pi/ugv_ws/install/apriltag_msgs/share/apriltag_msgs/msg/AprilTagDetection.idl
[20.952s] -- Up-to-date symlink: /home/pi/ugv_ws/install/apriltag_msgs/share/apriltag_msgs/msg/AprilTagDetectionArray.msg
[20.957s] -- Up-to-date symlink: /home/pi/ugv_ws/install/apriltag_msgs/share/apriltag_msgs/msg/AprilTagDetection.msg
[20.957s] -- Up-to-date symlink: /home/pi/ugv_ws/install/apriltag_msgs/share/ament_index/resource_index/package_run_dependencies/apriltag_msgs
[20.958s] -- Up-to-date symlink: /home/pi/ugv_ws/install/apriltag_msgs/share/ament_index/resource_index/parent_prefix_path/apriltag_msgs
[20.959s] -- Up-to-date symlink: /home/pi/ugv_ws/install/apriltag_msgs/share/apriltag_msgs/environment/ament_prefix_path.sh
[20.960s] -- Up-to-date symlink: /home/pi/ugv_ws/install/apriltag_msgs/share/apriltag_msgs/environment/ament_prefix_path.dsv
[20.960s] -- Up-to-date symlink: /home/pi/ugv_ws/install/apriltag_msgs/share/apriltag_msgs/environment/path.sh
[20.961s] -- Up-to-date symlink: /home/pi/ugv_ws/install/apriltag_msgs/share/apriltag_msgs/environment/path.dsv
[20.962s] -- Up-to-date symlink: /home/pi/ugv_ws/install/apriltag_msgs/share/apriltag_msgs/local_setup.bash
[20.985s] -- Up-to-date symlink: /home/pi/ugv_ws/install/apriltag_msgs/share/apriltag_msgs/local_setup.sh
[21.007s] -- Up-to-date symlink: /home/pi/ugv_ws/install/apriltag_msgs/share/apriltag_msgs/local_setup.zsh
[21.007s] -- Up-to-date symlink: /home/pi/ugv_ws/install/apriltag_msgs/share/apriltag_msgs/local_setup.dsv
[21.008s] -- Symlinking: /home/pi/ugv_ws/install/apriltag_msgs/share/apriltag_msgs/package.dsv
[21.042s] -- Up-to-date symlink: /home/pi/ugv_ws/install/apriltag_msgs/share/ament_index/resource_index/packages/apriltag_msgs
[21.043s] -- Up-to-date symlink: /home/pi/ugv_ws/install/apriltag_msgs/share/apriltag_msgs/cmake/rosidl_cmake-extras.cmake
[21.043s] -- Up-to-date symlink: /home/pi/ugv_ws/install/apriltag_msgs/share/apriltag_msgs/cmake/ament_cmake_export_dependencies-extras.cmake
[21.044s] -- Up-to-date symlink: /home/pi/ugv_ws/install/apriltag_msgs/share/apriltag_msgs/cmake/ament_cmake_export_include_directories-extras.cmake
[21.044s] -- Up-to-date symlink: /home/pi/ugv_ws/install/apriltag_msgs/share/apriltag_msgs/cmake/ament_cmake_export_libraries-extras.cmake
[21.045s] -- Up-to-date symlink: /home/pi/ugv_ws/install/apriltag_msgs/share/apriltag_msgs/cmake/ament_cmake_export_targets-extras.cmake
[21.082s] -- Up-to-date symlink: /home/pi/ugv_ws/install/apriltag_msgs/share/apriltag_msgs/cmake/rosidl_cmake_export_typesupport_targets-extras.cmake
[21.083s] -- Up-to-date symlink: /home/pi/ugv_ws/install/apriltag_msgs/share/apriltag_msgs/cmake/rosidl_cmake_export_typesupport_libraries-extras.cmake
[21.084s] -- Up-to-date symlink: /home/pi/ugv_ws/install/apriltag_msgs/share/apriltag_msgs/cmake/apriltag_msgsConfig.cmake
[21.085s] -- Up-to-date symlink: /home/pi/ugv_ws/install/apriltag_msgs/share/apriltag_msgs/cmake/apriltag_msgsConfig-version.cmake
[21.085s] -- Up-to-date symlink: /home/pi/ugv_ws/install/apriltag_msgs/share/apriltag_msgs/package.xml
[21.086s] -- Up-to-date: /home/pi/ugv_ws/install/apriltag_msgs/lib/libapriltag_msgs__rosidl_generator_c.so
[21.086s] -- Up-to-date: /home/pi/ugv_ws/install/apriltag_msgs/lib/libapriltag_msgs__rosidl_typesupport_fastrtps_c.so
[21.087s] -- Up-to-date: /home/pi/ugv_ws/install/apriltag_msgs/lib/libapriltag_msgs__rosidl_typesupport_fastrtps_cpp.so
[21.087s] -- Up-to-date: /home/pi/ugv_ws/install/apriltag_msgs/lib/libapriltag_msgs__rosidl_typesupport_introspection_c.so
[21.088s] -- Up-to-date: /home/pi/ugv_ws/install/apriltag_msgs/lib/libapriltag_msgs__rosidl_typesupport_c.so
[21.088s] -- Up-to-date: /home/pi/ugv_ws/install/apriltag_msgs/lib/libapriltag_msgs__rosidl_typesupport_introspection_cpp.so
[21.089s] -- Up-to-date: /home/pi/ugv_ws/install/apriltag_msgs/lib/libapriltag_msgs__rosidl_typesupport_cpp.so
[21.275s] Listing '/home/pi/ugv_ws/install/apriltag_msgs/local/lib/python3.10/dist-packages/apriltag_msgs'...
[21.277s] Compiling '/home/pi/ugv_ws/install/apriltag_msgs/local/lib/python3.10/dist-packages/apriltag_msgs/__init__.py'...
[21.279s] Listing '/home/pi/ugv_ws/install/apriltag_msgs/local/lib/python3.10/dist-packages/apriltag_msgs/msg'...
[21.317s] -- Up-to-date: /home/pi/ugv_ws/install/apriltag_msgs/lib/libapriltag_msgs__rosidl_generator_py.so
[21.326s] -- Up-to-date: /home/pi/ugv_ws/install/apriltag_msgs/share/apriltag_msgs/cmake/export_apriltag_msgs__rosidl_generator_cExport.cmake
[21.331s] -- Up-to-date: /home/pi/ugv_ws/install/apriltag_msgs/share/apriltag_msgs/cmake/export_apriltag_msgs__rosidl_generator_cExport-noconfig.cmake
[21.332s] -- Up-to-date: /home/pi/ugv_ws/install/apriltag_msgs/share/apriltag_msgs/cmake/export_apriltag_msgs__rosidl_typesupport_fastrtps_cExport.cmake
[21.334s] -- Up-to-date: /home/pi/ugv_ws/install/apriltag_msgs/share/apriltag_msgs/cmake/export_apriltag_msgs__rosidl_typesupport_fastrtps_cExport-noconfig.cmake
[21.334s] -- Up-to-date: /home/pi/ugv_ws/install/apriltag_msgs/share/apriltag_msgs/cmake/export_apriltag_msgs__rosidl_generator_cppExport.cmake
[21.335s] -- Up-to-date: /home/pi/ugv_ws/install/apriltag_msgs/share/apriltag_msgs/cmake/export_apriltag_msgs__rosidl_typesupport_fastrtps_cppExport.cmake
[21.337s] -- Up-to-date: /home/pi/ugv_ws/install/apriltag_msgs/share/apriltag_msgs/cmake/export_apriltag_msgs__rosidl_typesupport_fastrtps_cppExport-noconfig.cmake
[21.358s] -- Up-to-date: /home/pi/ugv_ws/install/apriltag_msgs/share/apriltag_msgs/cmake/apriltag_msgs__rosidl_typesupport_introspection_cExport.cmake
[21.358s] -- Up-to-date: /home/pi/ugv_ws/install/apriltag_msgs/share/apriltag_msgs/cmake/apriltag_msgs__rosidl_typesupport_introspection_cExport-noconfig.cmake
[21.359s] -- Up-to-date: /home/pi/ugv_ws/install/apriltag_msgs/share/apriltag_msgs/cmake/apriltag_msgs__rosidl_typesupport_cExport.cmake
[21.359s] -- Up-to-date: /home/pi/ugv_ws/install/apriltag_msgs/share/apriltag_msgs/cmake/apriltag_msgs__rosidl_typesupport_cExport-noconfig.cmake
[21.360s] -- Up-to-date: /home/pi/ugv_ws/install/apriltag_msgs/share/apriltag_msgs/cmake/apriltag_msgs__rosidl_typesupport_introspection_cppExport.cmake
[21.360s] -- Up-to-date: /home/pi/ugv_ws/install/apriltag_msgs/share/apriltag_msgs/cmake/apriltag_msgs__rosidl_typesupport_introspection_cppExport-noconfig.cmake
[21.361s] -- Up-to-date: /home/pi/ugv_ws/install/apriltag_msgs/share/apriltag_msgs/cmake/apriltag_msgs__rosidl_typesupport_cppExport.cmake
[21.361s] -- Up-to-date: /home/pi/ugv_ws/install/apriltag_msgs/share/apriltag_msgs/cmake/apriltag_msgs__rosidl_typesupport_cppExport-noconfig.cmake
[21.362s] -- Up-to-date: /home/pi/ugv_ws/install/apriltag_msgs/share/apriltag_msgs/cmake/export_apriltag_msgs__rosidl_generator_pyExport.cmake
[21.363s] -- Up-to-date: /home/pi/ugv_ws/install/apriltag_msgs/share/apriltag_msgs/cmake/export_apriltag_msgs__rosidl_generator_pyExport-noconfig.cmake
[21.363s] Invoked command in '/home/pi/ugv_ws/build/apriltag_msgs' returned '0': CMAKE_PREFIX_PATH=${CMAKE_PREFIX_PATH}:/home/pi/ugv_ws/install/ugv_web_app:/home/pi/ugv_ws/install/ugv_vision:/home/pi/ugv_ws/install/ugv_tools:/home/pi/ugv_ws/install/ugv_chat_ai:/home/pi/ugv_ws/install/ugv_bringup:/opt/ros/humble /usr/bin/cmake --install /home/pi/ugv_ws/build/apriltag_msgs
