[0.089s] Invoking command in '/home/pi/ugv_ws/build/ugv_gazebo': CMAKE_PREFIX_PATH=${CMAKE_PREFIX_PATH}:/home/pi/ugv_ws/install/ugv_web_app:/home/pi/ugv_ws/install/ugv_vision:/home/pi/ugv_ws/install/ugv_tools:/home/pi/ugv_ws/install/ugv_chat_ai:/home/pi/ugv_ws/install/ugv_bringup:/opt/ros/humble /usr/bin/cmake /home/pi/ugv_ws/src/ugv_main/ugv_gazebo -DCMAKE_INSTALL_PREFIX=/home/pi/ugv_ws/install/ugv_gazebo
[0.179s] -- Found ament_cmake: 1.3.11 (/opt/ros/humble/share/ament_cmake/cmake)
[1.094s] -- Override CMake install command with custom implementation using symlinks instead of copying resources
[1.174s] -- Found rosidl_default_generators: 1.2.0 (/opt/ros/humble/share/rosidl_default_generators/cmake)
[1.204s] -- Using all available rosidl_typesupport_c: rosidl_typesupport_fastrtps_c;rosidl_typesupport_introspection_c
[1.224s] -- Found rosidl_adapter: 3.1.6 (/opt/ros/humble/share/rosidl_adapter/cmake)
[1.482s] -- Using all available rosidl_typesupport_cpp: rosidl_typesupport_fastrtps_cpp;rosidl_typesupport_introspection_cpp
[2.883s] -- Configuring done
[3.290s] -- Generating done
[3.302s] -- Build files have been written to: /home/pi/ugv_ws/build/ugv_gazebo
[3.341s] Invoked command in '/home/pi/ugv_ws/build/ugv_gazebo' returned '0': CMAKE_PREFIX_PATH=${CMAKE_PREFIX_PATH}:/home/pi/ugv_ws/install/ugv_web_app:/home/pi/ugv_ws/install/ugv_vision:/home/pi/ugv_ws/install/ugv_tools:/home/pi/ugv_ws/install/ugv_chat_ai:/home/pi/ugv_ws/install/ugv_bringup:/opt/ros/humble /usr/bin/cmake /home/pi/ugv_ws/src/ugv_main/ugv_gazebo -DCMAKE_INSTALL_PREFIX=/home/pi/ugv_ws/install/ugv_gazebo
[3.343s] Invoking command in '/home/pi/ugv_ws/build/ugv_gazebo': CMAKE_PREFIX_PATH=${CMAKE_PREFIX_PATH}:/home/pi/ugv_ws/install/ugv_web_app:/home/pi/ugv_ws/install/ugv_vision:/home/pi/ugv_ws/install/ugv_tools:/home/pi/ugv_ws/install/ugv_chat_ai:/home/pi/ugv_ws/install/ugv_bringup:/opt/ros/humble /usr/bin/cmake --build /home/pi/ugv_ws/build/ugv_gazebo -- -j4 -l4
[3.602s] Invoked command in '/home/pi/ugv_ws/build/ugv_gazebo' returned '0': CMAKE_PREFIX_PATH=${CMAKE_PREFIX_PATH}:/home/pi/ugv_ws/install/ugv_web_app:/home/pi/ugv_ws/install/ugv_vision:/home/pi/ugv_ws/install/ugv_tools:/home/pi/ugv_ws/install/ugv_chat_ai:/home/pi/ugv_ws/install/ugv_bringup:/opt/ros/humble /usr/bin/cmake --build /home/pi/ugv_ws/build/ugv_gazebo -- -j4 -l4
[3.617s] Invoking command in '/home/pi/ugv_ws/build/ugv_gazebo': CMAKE_PREFIX_PATH=${CMAKE_PREFIX_PATH}:/home/pi/ugv_ws/install/ugv_web_app:/home/pi/ugv_ws/install/ugv_vision:/home/pi/ugv_ws/install/ugv_tools:/home/pi/ugv_ws/install/ugv_chat_ai:/home/pi/ugv_ws/install/ugv_bringup:/opt/ros/humble /usr/bin/cmake --install /home/pi/ugv_ws/build/ugv_gazebo
[3.663s] -- Install configuration: ""
[3.666s] -- Execute custom install script
[3.668s] -- Up-to-date symlink: /home/pi/ugv_ws/install/ugv_gazebo/share/ugv_gazebo/rviz/display.rviz
[3.671s] -- Up-to-date symlink: /home/pi/ugv_ws/install/ugv_gazebo/share/ugv_gazebo/rviz/view_nav_2d.rviz
[3.673s] -- Up-to-date symlink: /home/pi/ugv_ws/install/ugv_gazebo/share/ugv_gazebo/rviz/view_nav_3d.rviz
[3.675s] -- Up-to-date symlink: /home/pi/ugv_ws/install/ugv_gazebo/share/ugv_gazebo/rviz/view_slam_2d.rviz
[3.676s] -- Up-to-date symlink: /home/pi/ugv_ws/install/ugv_gazebo/share/ugv_gazebo/rviz/view_slam_3d.rviz
[3.678s] -- Up-to-date symlink: /home/pi/ugv_ws/install/ugv_gazebo/share/ugv_gazebo/launch/bringup/bringup.launch.py
[3.681s] -- Up-to-date symlink: /home/pi/ugv_ws/install/ugv_gazebo/share/ugv_gazebo/launch/bringup/bringup_test.launch.py
[3.681s] -- Up-to-date symlink: /home/pi/ugv_ws/install/ugv_gazebo/share/ugv_gazebo/launch/bringup/robot_state_publisher.launch.py
[3.682s] -- Up-to-date symlink: /home/pi/ugv_ws/install/ugv_gazebo/share/ugv_gazebo/launch/bringup/spawn_ugv.launch.py
[3.685s] -- Up-to-date symlink: /home/pi/ugv_ws/install/ugv_gazebo/share/ugv_gazebo/launch/display.launch.py
[3.686s] -- Up-to-date symlink: /home/pi/ugv_ws/install/ugv_gazebo/share/ugv_gazebo/launch/nav/nav.launch.py
[3.688s] -- Up-to-date symlink: /home/pi/ugv_ws/install/ugv_gazebo/share/ugv_gazebo/launch/nav/nav_rtabmap.launch.py
[3.690s] -- Up-to-date symlink: /home/pi/ugv_ws/install/ugv_gazebo/share/ugv_gazebo/launch/nav/rtabmap_localization_launch.py
[3.691s] -- Up-to-date symlink: /home/pi/ugv_ws/install/ugv_gazebo/share/ugv_gazebo/launch/nav_bringup/bringup_launch_cartographer.launch.py
[3.693s] -- Up-to-date symlink: /home/pi/ugv_ws/install/ugv_gazebo/share/ugv_gazebo/launch/nav_bringup/localization_launch.py
[3.695s] -- Up-to-date symlink: /home/pi/ugv_ws/install/ugv_gazebo/share/ugv_gazebo/launch/nav_bringup/nav2_bringup.launch.py
[3.696s] -- Up-to-date symlink: /home/pi/ugv_ws/install/ugv_gazebo/share/ugv_gazebo/launch/nav_bringup/navigation_launch.py
[3.698s] -- Up-to-date symlink: /home/pi/ugv_ws/install/ugv_gazebo/share/ugv_gazebo/launch/slam/cartographer.launch.py
[3.699s] -- Up-to-date symlink: /home/pi/ugv_ws/install/ugv_gazebo/share/ugv_gazebo/launch/slam/gmapping.launch.py
[3.702s] -- Up-to-date symlink: /home/pi/ugv_ws/install/ugv_gazebo/share/ugv_gazebo/launch/slam/rtabmap_rgbd.launch.py
[3.702s] -- Up-to-date symlink: /home/pi/ugv_ws/install/ugv_gazebo/share/ugv_gazebo/launch/slam_nav/slam_nav.launch.py
[3.704s] -- Up-to-date symlink: /home/pi/ugv_ws/install/ugv_gazebo/share/ugv_gazebo/urdf/rasp_rover.urdf
[3.705s] -- Up-to-date symlink: /home/pi/ugv_ws/install/ugv_gazebo/share/ugv_gazebo/urdf/ugv_beast.urdf
[3.707s] -- Up-to-date symlink: /home/pi/ugv_ws/install/ugv_gazebo/share/ugv_gazebo/urdf/ugv_rover.urdf
[3.708s] -- Up-to-date symlink: /home/pi/ugv_ws/install/ugv_gazebo/share/ugv_gazebo/worlds/ugv_world.world
[3.709s] -- Up-to-date symlink: /home/pi/ugv_ws/install/ugv_gazebo/share/ugv_gazebo/models/rasp_rover/model.config
[3.712s] -- Up-to-date symlink: /home/pi/ugv_ws/install/ugv_gazebo/share/ugv_gazebo/models/rasp_rover/model.sdf
[3.712s] -- Up-to-date symlink: /home/pi/ugv_ws/install/ugv_gazebo/share/ugv_gazebo/models/ugv_beast/model.config
[3.715s] -- Up-to-date symlink: /home/pi/ugv_ws/install/ugv_gazebo/share/ugv_gazebo/models/ugv_beast/model.sdf
[3.715s] -- Up-to-date symlink: /home/pi/ugv_ws/install/ugv_gazebo/share/ugv_gazebo/models/ugv_rover/model.config
[3.718s] -- Up-to-date symlink: /home/pi/ugv_ws/install/ugv_gazebo/share/ugv_gazebo/models/ugv_rover/model.sdf
[3.719s] -- Up-to-date symlink: /home/pi/ugv_ws/install/ugv_gazebo/share/ugv_gazebo/models/world/model.config
[3.721s] -- Up-to-date symlink: /home/pi/ugv_ws/install/ugv_gazebo/share/ugv_gazebo/models/world/model.sdf
[3.723s] -- Up-to-date symlink: /home/pi/ugv_ws/install/ugv_gazebo/share/ugv_gazebo/param/amcl_dwa.yaml
[3.724s] -- Up-to-date symlink: /home/pi/ugv_ws/install/ugv_gazebo/share/ugv_gazebo/param/amcl_teb.yaml
[3.724s] -- Up-to-date symlink: /home/pi/ugv_ws/install/ugv_gazebo/share/ugv_gazebo/param/emcl_dwa.yaml
[3.727s] -- Up-to-date symlink: /home/pi/ugv_ws/install/ugv_gazebo/share/ugv_gazebo/param/emcl_teb.yaml
[3.728s] -- Up-to-date symlink: /home/pi/ugv_ws/install/ugv_gazebo/share/ugv_gazebo/param/rtabmap_dwa.yaml
[3.732s] -- Up-to-date symlink: /home/pi/ugv_ws/install/ugv_gazebo/share/ugv_gazebo/param/rtabmap_teb.yaml
[3.733s] -- Up-to-date symlink: /home/pi/ugv_ws/install/ugv_gazebo/share/ugv_gazebo/param/slam_nav.yaml
[3.733s] -- Up-to-date symlink: /home/pi/ugv_ws/install/ugv_gazebo/share/ugv_gazebo/maps/map.pbstream
[3.736s] -- Up-to-date symlink: /home/pi/ugv_ws/install/ugv_gazebo/share/ugv_gazebo/maps/map.pgm
[3.736s] -- Up-to-date symlink: /home/pi/ugv_ws/install/ugv_gazebo/share/ugv_gazebo/maps/map.yaml
[3.739s] -- Up-to-date symlink: /home/pi/ugv_ws/install/ugv_gazebo/share/ament_index/resource_index/package_run_dependencies/ugv_gazebo
[3.741s] -- Up-to-date symlink: /home/pi/ugv_ws/install/ugv_gazebo/share/ament_index/resource_index/parent_prefix_path/ugv_gazebo
[3.742s] -- Up-to-date symlink: /home/pi/ugv_ws/install/ugv_gazebo/share/ugv_gazebo/environment/ament_prefix_path.sh
[3.742s] -- Up-to-date symlink: /home/pi/ugv_ws/install/ugv_gazebo/share/ugv_gazebo/environment/ament_prefix_path.dsv
[3.743s] -- Up-to-date symlink: /home/pi/ugv_ws/install/ugv_gazebo/share/ugv_gazebo/environment/path.sh
[3.743s] -- Up-to-date symlink: /home/pi/ugv_ws/install/ugv_gazebo/share/ugv_gazebo/environment/path.dsv
[3.747s] -- Up-to-date symlink: /home/pi/ugv_ws/install/ugv_gazebo/share/ugv_gazebo/local_setup.bash
[3.747s] -- Up-to-date symlink: /home/pi/ugv_ws/install/ugv_gazebo/share/ugv_gazebo/local_setup.sh
[3.748s] -- Up-to-date symlink: /home/pi/ugv_ws/install/ugv_gazebo/share/ugv_gazebo/local_setup.zsh
[3.749s] -- Up-to-date symlink: /home/pi/ugv_ws/install/ugv_gazebo/share/ugv_gazebo/local_setup.dsv
[3.749s] -- Symlinking: /home/pi/ugv_ws/install/ugv_gazebo/share/ugv_gazebo/package.dsv
[3.801s] -- Up-to-date symlink: /home/pi/ugv_ws/install/ugv_gazebo/share/ament_index/resource_index/packages/ugv_gazebo
[3.802s] -- Up-to-date symlink: /home/pi/ugv_ws/install/ugv_gazebo/share/ugv_gazebo/cmake/ament_cmake_export_dependencies-extras.cmake
[3.803s] -- Up-to-date symlink: /home/pi/ugv_ws/install/ugv_gazebo/share/ugv_gazebo/cmake/ugv_gazeboConfig.cmake
[3.804s] -- Up-to-date symlink: /home/pi/ugv_ws/install/ugv_gazebo/share/ugv_gazebo/cmake/ugv_gazeboConfig-version.cmake
[3.805s] -- Up-to-date symlink: /home/pi/ugv_ws/install/ugv_gazebo/share/ugv_gazebo/package.xml
[3.814s] Invoked command in '/home/pi/ugv_ws/build/ugv_gazebo' returned '0': CMAKE_PREFIX_PATH=${CMAKE_PREFIX_PATH}:/home/pi/ugv_ws/install/ugv_web_app:/home/pi/ugv_ws/install/ugv_vision:/home/pi/ugv_ws/install/ugv_tools:/home/pi/ugv_ws/install/ugv_chat_ai:/home/pi/ugv_ws/install/ugv_bringup:/opt/ros/humble /usr/bin/cmake --install /home/pi/ugv_ws/build/ugv_gazebo
