[0.130s] Invoking command in '/home/pi/ugv_ws/build/ldlidar': CMAKE_PREFIX_PATH=${CMAKE_PREFIX_PATH}:/home/pi/ugv_ws/install/ugv_web_app:/home/pi/ugv_ws/install/ugv_vision:/home/pi/ugv_ws/install/ugv_tools:/home/pi/ugv_ws/install/ugv_chat_ai:/home/pi/ugv_ws/install/ugv_bringup:/opt/ros/humble /usr/bin/cmake --build /home/pi/ugv_ws/build/ldlidar -- -j4 -l4
[0.693s] [100%] Built target ldlidar_node
[0.766s] Invoked command in '/home/pi/ugv_ws/build/ldlidar' returned '0': CMAKE_PREFIX_PATH=${CMAKE_PREFIX_PATH}:/home/pi/ugv_ws/install/ugv_web_app:/home/pi/ugv_ws/install/ugv_vision:/home/pi/ugv_ws/install/ugv_tools:/home/pi/ugv_ws/install/ugv_chat_ai:/home/pi/ugv_ws/install/ugv_bringup:/opt/ros/humble /usr/bin/cmake --build /home/pi/ugv_ws/build/ldlidar -- -j4 -l4
[0.796s] Invoking command in '/home/pi/ugv_ws/build/ldlidar': CMAKE_PREFIX_PATH=${CMAKE_PREFIX_PATH}:/home/pi/ugv_ws/install/ugv_web_app:/home/pi/ugv_ws/install/ugv_vision:/home/pi/ugv_ws/install/ugv_tools:/home/pi/ugv_ws/install/ugv_chat_ai:/home/pi/ugv_ws/install/ugv_bringup:/opt/ros/humble /usr/bin/cmake --install /home/pi/ugv_ws/build/ldlidar
[0.844s] -- Install configuration: ""
[0.847s] -- Execute custom install script
[0.850s] -- Up-to-date symlink: /home/pi/ugv_ws/install/ldlidar/lib/ldlidar/ldlidar_node
[0.851s] -- Up-to-date symlink: /home/pi/ugv_ws/install/ldlidar/share/ldlidar//launch/ld06.launch.py
[0.852s] -- Up-to-date symlink: /home/pi/ugv_ws/install/ldlidar/share/ldlidar//launch/ld19.launch.py
[0.855s] -- Up-to-date symlink: /home/pi/ugv_ws/install/ldlidar/share/ldlidar//launch/ldlidar.launch.py
[0.860s] -- Up-to-date symlink: /home/pi/ugv_ws/install/ldlidar/share/ldlidar//launch/stl27l.launch.py
[0.861s] -- Up-to-date symlink: /home/pi/ugv_ws/install/ldlidar/share/ldlidar//launch/viewer_ld06.launch.py
[0.863s] -- Up-to-date symlink: /home/pi/ugv_ws/install/ldlidar/share/ldlidar//launch/viewer_ld19.launch.py
[0.864s] -- Up-to-date symlink: /home/pi/ugv_ws/install/ldlidar/share/ldlidar//launch/viewer_ldlidar.launch.py
[0.877s] -- Up-to-date symlink: /home/pi/ugv_ws/install/ldlidar/share/ldlidar//launch/viewer_stl27l.launch.py
[0.880s] -- Up-to-date symlink: /home/pi/ugv_ws/install/ldlidar/share/ldlidar//rviz/view.rviz
[0.882s] -- Up-to-date symlink: /home/pi/ugv_ws/install/ldlidar/share/ament_index/resource_index/package_run_dependencies/ldlidar
[0.885s] -- Up-to-date symlink: /home/pi/ugv_ws/install/ldlidar/share/ament_index/resource_index/parent_prefix_path/ldlidar
[0.888s] -- Up-to-date symlink: /home/pi/ugv_ws/install/ldlidar/share/ldlidar/environment/ament_prefix_path.sh
[0.888s] -- Up-to-date symlink: /home/pi/ugv_ws/install/ldlidar/share/ldlidar/environment/ament_prefix_path.dsv
[0.893s] -- Up-to-date symlink: /home/pi/ugv_ws/install/ldlidar/share/ldlidar/environment/path.sh
[0.896s] -- Up-to-date symlink: /home/pi/ugv_ws/install/ldlidar/share/ldlidar/environment/path.dsv
[0.897s] -- Up-to-date symlink: /home/pi/ugv_ws/install/ldlidar/share/ldlidar/local_setup.bash
[0.900s] -- Up-to-date symlink: /home/pi/ugv_ws/install/ldlidar/share/ldlidar/local_setup.sh
[0.901s] -- Up-to-date symlink: /home/pi/ugv_ws/install/ldlidar/share/ldlidar/local_setup.zsh
[0.910s] -- Up-to-date symlink: /home/pi/ugv_ws/install/ldlidar/share/ldlidar/local_setup.dsv
[0.912s] -- Symlinking: /home/pi/ugv_ws/install/ldlidar/share/ldlidar/package.dsv
[0.973s] -- Up-to-date symlink: /home/pi/ugv_ws/install/ldlidar/share/ament_index/resource_index/packages/ldlidar
[0.974s] -- Up-to-date symlink: /home/pi/ugv_ws/install/ldlidar/share/ldlidar/cmake/ldlidarConfig.cmake
[0.978s] -- Up-to-date symlink: /home/pi/ugv_ws/install/ldlidar/share/ldlidar/cmake/ldlidarConfig-version.cmake
[0.979s] -- Up-to-date symlink: /home/pi/ugv_ws/install/ldlidar/share/ldlidar/package.xml
[0.990s] Invoked command in '/home/pi/ugv_ws/build/ldlidar' returned '0': CMAKE_PREFIX_PATH=${CMAKE_PREFIX_PATH}:/home/pi/ugv_ws/install/ugv_web_app:/home/pi/ugv_ws/install/ugv_vision:/home/pi/ugv_ws/install/ugv_tools:/home/pi/ugv_ws/install/ugv_chat_ai:/home/pi/ugv_ws/install/ugv_bringup:/opt/ros/humble /usr/bin/cmake --install /home/pi/ugv_ws/build/ldlidar
