[0.153s] Invoking command in '/home/pi/ugv_ws/build/openslam_gmapping': CMAKE_PREFIX_PATH=${CMAKE_PREFIX_PATH}:/home/pi/ugv_ws/install/ugv_web_app:/home/pi/ugv_ws/install/ugv_vision:/home/pi/ugv_ws/install/ugv_tools:/home/pi/ugv_ws/install/ugv_chat_ai:/home/pi/ugv_ws/install/ugv_bringup:/opt/ros/humble /usr/bin/cmake --build /home/pi/ugv_ws/build/openslam_gmapping -- -j4 -l4
[1.293s] [ 13%] Built target utils
[1.367s] [ 27%] Built target sensor_base
[1.669s] [ 40%] Built target sensor_range
[1.958s] [ 54%] Built target sensor_odometry
[2.296s] [ 77%] Built target scanmatcher
[2.519s] [100%] Built target gridfastslam
[2.916s] Invoked command in '/home/pi/ugv_ws/build/openslam_gmapping' returned '0': CMAKE_PREFIX_PATH=${CMAKE_PREFIX_PATH}:/home/pi/ugv_ws/install/ugv_web_app:/home/pi/ugv_ws/install/ugv_vision:/home/pi/ugv_ws/install/ugv_tools:/home/pi/ugv_ws/install/ugv_chat_ai:/home/pi/ugv_ws/install/ugv_bringup:/opt/ros/humble /usr/bin/cmake --build /home/pi/ugv_ws/build/openslam_gmapping -- -j4 -l4
[2.918s] Invoking command in '/home/pi/ugv_ws/build/openslam_gmapping': CMAKE_PREFIX_PATH=${CMAKE_PREFIX_PATH}:/home/pi/ugv_ws/install/ugv_web_app:/home/pi/ugv_ws/install/ugv_vision:/home/pi/ugv_ws/install/ugv_tools:/home/pi/ugv_ws/install/ugv_chat_ai:/home/pi/ugv_ws/install/ugv_bringup:/opt/ros/humble /usr/bin/cmake --install /home/pi/ugv_ws/build/openslam_gmapping
[3.031s] -- Install configuration: ""
[3.032s] -- Execute custom install script
[3.042s] -- Up-to-date symlink: /home/pi/ugv_ws/install/openslam_gmapping/lib/libgridfastslam.a
[3.044s] -- Up-to-date symlink: /home/pi/ugv_ws/install/openslam_gmapping/lib/libscanmatcher.a
[3.047s] -- Up-to-date symlink: /home/pi/ugv_ws/install/openslam_gmapping/lib/libsensor_base.a
[3.050s] -- Up-to-date symlink: /home/pi/ugv_ws/install/openslam_gmapping/share/openslam_gmapping/environment/library_path.sh
[3.061s] -- Up-to-date symlink: /home/pi/ugv_ws/install/openslam_gmapping/share/openslam_gmapping/environment/library_path.dsv
[3.063s] -- Up-to-date symlink: /home/pi/ugv_ws/install/openslam_gmapping/share/openslam_gmapping/environment/library_path.sh
[3.069s] -- Up-to-date symlink: /home/pi/ugv_ws/install/openslam_gmapping/share/openslam_gmapping/environment/library_path.dsv
[3.079s] -- Up-to-date symlink: /home/pi/ugv_ws/install/openslam_gmapping/lib/libsensor_odometry.a
[3.092s] -- Up-to-date symlink: /home/pi/ugv_ws/install/openslam_gmapping/lib/libsensor_range.a
[3.104s] -- Up-to-date symlink: /home/pi/ugv_ws/install/openslam_gmapping/lib/libutils.a
[3.108s] -- Up-to-date symlink: /home/pi/ugv_ws/install/openslam_gmapping/share/openslam_gmapping/environment/library_path.sh
[3.118s] -- Up-to-date symlink: /home/pi/ugv_ws/install/openslam_gmapping/share/openslam_gmapping/environment/library_path.dsv
[3.121s] -- Up-to-date symlink: /home/pi/ugv_ws/install/openslam_gmapping/share/openslam_gmapping/environment/library_path.sh
[3.137s] -- Up-to-date symlink: /home/pi/ugv_ws/install/openslam_gmapping/share/openslam_gmapping/environment/library_path.dsv
[3.149s] -- Up-to-date symlink: /home/pi/ugv_ws/install/openslam_gmapping/include//gmapping/grid/accessstate.h
[3.161s] -- Up-to-date symlink: /home/pi/ugv_ws/install/openslam_gmapping/include//gmapping/grid/array2d.h
[3.164s] -- Up-to-date symlink: /home/pi/ugv_ws/install/openslam_gmapping/include//gmapping/grid/harray2d.h
[3.170s] -- Up-to-date symlink: /home/pi/ugv_ws/install/openslam_gmapping/include//gmapping/grid/map.h
[3.179s] -- Up-to-date symlink: /home/pi/ugv_ws/install/openslam_gmapping/include//gmapping/gridfastslam/gridslamprocessor.h
[3.191s] -- Up-to-date symlink: /home/pi/ugv_ws/install/openslam_gmapping/include//gmapping/gridfastslam/gridslamprocessor.hxx
[3.208s] -- Up-to-date symlink: /home/pi/ugv_ws/install/openslam_gmapping/include//gmapping/gridfastslam/motionmodel.h
[3.229s] -- Up-to-date symlink: /home/pi/ugv_ws/install/openslam_gmapping/include//gmapping/log/configuration.h
[3.230s] -- Up-to-date symlink: /home/pi/ugv_ws/install/openslam_gmapping/include//gmapping/log/sensorlog.h
[3.231s] -- Up-to-date symlink: /home/pi/ugv_ws/install/openslam_gmapping/include//gmapping/particlefilter/particlefilter.h
[3.231s] -- Up-to-date symlink: /home/pi/ugv_ws/install/openslam_gmapping/include//gmapping/scanmatcher/icp.h
[3.232s] -- Up-to-date symlink: /home/pi/ugv_ws/install/openslam_gmapping/include//gmapping/scanmatcher/scanmatcher.h
[3.232s] -- Up-to-date symlink: /home/pi/ugv_ws/install/openslam_gmapping/include//gmapping/scanmatcher/smmap.h
[3.233s] -- Up-to-date symlink: /home/pi/ugv_ws/install/openslam_gmapping/include//gmapping/sensor/sensor_base/sensor.h
[3.249s] -- Up-to-date symlink: /home/pi/ugv_ws/install/openslam_gmapping/include//gmapping/sensor/sensor_base/sensorreading.h
[3.252s] -- Up-to-date symlink: /home/pi/ugv_ws/install/openslam_gmapping/include//gmapping/sensor/sensor_odometry/odometryreading.h
[3.255s] -- Up-to-date symlink: /home/pi/ugv_ws/install/openslam_gmapping/include//gmapping/sensor/sensor_odometry/odometrysensor.h
[3.259s] -- Up-to-date symlink: /home/pi/ugv_ws/install/openslam_gmapping/include//gmapping/sensor/sensor_range/rangereading.h
[3.262s] -- Up-to-date symlink: /home/pi/ugv_ws/install/openslam_gmapping/include//gmapping/sensor/sensor_range/rangesensor.h
[3.266s] -- Up-to-date symlink: /home/pi/ugv_ws/install/openslam_gmapping/include//gmapping/utils/autoptr.h
[3.269s] -- Up-to-date symlink: /home/pi/ugv_ws/install/openslam_gmapping/include//gmapping/utils/commandline.h
[3.278s] -- Up-to-date symlink: /home/pi/ugv_ws/install/openslam_gmapping/include//gmapping/utils/gvalues.h
[3.282s] -- Up-to-date symlink: /home/pi/ugv_ws/install/openslam_gmapping/include//gmapping/utils/macro_params.h
[3.298s] -- Up-to-date symlink: /home/pi/ugv_ws/install/openslam_gmapping/include//gmapping/utils/point.h
[3.302s] -- Up-to-date symlink: /home/pi/ugv_ws/install/openslam_gmapping/include//gmapping/utils/stat.h
[3.307s] -- Up-to-date symlink: /home/pi/ugv_ws/install/openslam_gmapping/share/ament_index/resource_index/package_run_dependencies/openslam_gmapping
[3.311s] -- Up-to-date symlink: /home/pi/ugv_ws/install/openslam_gmapping/share/ament_index/resource_index/parent_prefix_path/openslam_gmapping
[3.316s] -- Up-to-date symlink: /home/pi/ugv_ws/install/openslam_gmapping/share/openslam_gmapping/environment/ament_prefix_path.sh
[3.321s] -- Up-to-date symlink: /home/pi/ugv_ws/install/openslam_gmapping/share/openslam_gmapping/environment/ament_prefix_path.dsv
[3.325s] -- Up-to-date symlink: /home/pi/ugv_ws/install/openslam_gmapping/share/openslam_gmapping/environment/path.sh
[3.341s] -- Up-to-date symlink: /home/pi/ugv_ws/install/openslam_gmapping/share/openslam_gmapping/environment/path.dsv
[3.347s] -- Up-to-date symlink: /home/pi/ugv_ws/install/openslam_gmapping/share/openslam_gmapping/local_setup.bash
[3.350s] -- Up-to-date symlink: /home/pi/ugv_ws/install/openslam_gmapping/share/openslam_gmapping/local_setup.sh
[3.354s] -- Up-to-date symlink: /home/pi/ugv_ws/install/openslam_gmapping/share/openslam_gmapping/local_setup.zsh
[3.367s] -- Up-to-date symlink: /home/pi/ugv_ws/install/openslam_gmapping/share/openslam_gmapping/local_setup.dsv
[3.367s] -- Symlinking: /home/pi/ugv_ws/install/openslam_gmapping/share/openslam_gmapping/package.dsv
[3.450s] -- Up-to-date symlink: /home/pi/ugv_ws/install/openslam_gmapping/share/ament_index/resource_index/packages/openslam_gmapping
[3.454s] -- Up-to-date symlink: /home/pi/ugv_ws/install/openslam_gmapping/share/openslam_gmapping/cmake/ament_cmake_export_libraries-extras.cmake
[3.458s] -- Up-to-date symlink: /home/pi/ugv_ws/install/openslam_gmapping/share/openslam_gmapping/cmake/ament_cmake_export_include_directories-extras.cmake
[3.462s] -- Up-to-date symlink: /home/pi/ugv_ws/install/openslam_gmapping/share/openslam_gmapping/cmake/openslam_gmappingConfig.cmake
[3.466s] -- Up-to-date symlink: /home/pi/ugv_ws/install/openslam_gmapping/share/openslam_gmapping/cmake/openslam_gmappingConfig-version.cmake
[3.467s] -- Up-to-date symlink: /home/pi/ugv_ws/install/openslam_gmapping/share/openslam_gmapping/package.xml
[3.608s] Invoked command in '/home/pi/ugv_ws/build/openslam_gmapping' returned '0': CMAKE_PREFIX_PATH=${CMAKE_PREFIX_PATH}:/home/pi/ugv_ws/install/ugv_web_app:/home/pi/ugv_ws/install/ugv_vision:/home/pi/ugv_ws/install/ugv_tools:/home/pi/ugv_ws/install/ugv_chat_ai:/home/pi/ugv_ws/install/ugv_bringup:/opt/ros/humble /usr/bin/cmake --install /home/pi/ugv_ws/build/openslam_gmapping
