[0.321s] Invoking command in '/home/pi/ugv_ws/build/rf2o_laser_odometry': CMAKE_PREFIX_PATH=${CMAKE_PREFIX_PATH}:/home/pi/ugv_ws/install/ugv_web_app:/home/pi/ugv_ws/install/ugv_vision:/home/pi/ugv_ws/install/ugv_tools:/home/pi/ugv_ws/install/ugv_chat_ai:/home/pi/ugv_ws/install/ugv_bringup:/opt/ros/humble /usr/bin/cmake --build /home/pi/ugv_ws/build/rf2o_laser_odometry -- -j4 -l4
[0.872s] [ 60%] Built target rf2o_laser_odometry_node
[0.888s] [100%] Built target rf2o_laser_odometry
[1.108s] Invoked command in '/home/pi/ugv_ws/build/rf2o_laser_odometry' returned '0': CMAKE_PREFIX_PATH=${CMAKE_PREFIX_PATH}:/home/pi/ugv_ws/install/ugv_web_app:/home/pi/ugv_ws/install/ugv_vision:/home/pi/ugv_ws/install/ugv_tools:/home/pi/ugv_ws/install/ugv_chat_ai:/home/pi/ugv_ws/install/ugv_bringup:/opt/ros/humble /usr/bin/cmake --build /home/pi/ugv_ws/build/rf2o_laser_odometry -- -j4 -l4
[1.120s] Invoking command in '/home/pi/ugv_ws/build/rf2o_laser_odometry': CMAKE_PREFIX_PATH=${CMAKE_PREFIX_PATH}:/home/pi/ugv_ws/install/ugv_web_app:/home/pi/ugv_ws/install/ugv_vision:/home/pi/ugv_ws/install/ugv_tools:/home/pi/ugv_ws/install/ugv_chat_ai:/home/pi/ugv_ws/install/ugv_bringup:/opt/ros/humble /usr/bin/cmake --install /home/pi/ugv_ws/build/rf2o_laser_odometry
[1.183s] -- Install configuration: ""
[1.183s] -- Execute custom install script
[1.184s] -- Up-to-date symlink: /home/pi/ugv_ws/install/rf2o_laser_odometry/lib/rf2o_laser_odometry/rf2o_laser_odometry_node
[1.184s] -- Up-to-date symlink: /home/pi/ugv_ws/install/rf2o_laser_odometry/share/rf2o_laser_odometry/launch/rf2o_laser_odometry.launch.py
[1.184s] -- Up-to-date symlink: /home/pi/ugv_ws/install/rf2o_laser_odometry/share/ament_index/resource_index/package_run_dependencies/rf2o_laser_odometry
[1.185s] -- Up-to-date symlink: /home/pi/ugv_ws/install/rf2o_laser_odometry/share/ament_index/resource_index/parent_prefix_path/rf2o_laser_odometry
[1.185s] -- Up-to-date symlink: /home/pi/ugv_ws/install/rf2o_laser_odometry/share/rf2o_laser_odometry/environment/ament_prefix_path.sh
[1.186s] -- Up-to-date symlink: /home/pi/ugv_ws/install/rf2o_laser_odometry/share/rf2o_laser_odometry/environment/ament_prefix_path.dsv
[1.187s] -- Up-to-date symlink: /home/pi/ugv_ws/install/rf2o_laser_odometry/share/rf2o_laser_odometry/environment/path.sh
[1.188s] -- Up-to-date symlink: /home/pi/ugv_ws/install/rf2o_laser_odometry/share/rf2o_laser_odometry/environment/path.dsv
[1.188s] -- Up-to-date symlink: /home/pi/ugv_ws/install/rf2o_laser_odometry/share/rf2o_laser_odometry/local_setup.bash
[1.188s] -- Up-to-date symlink: /home/pi/ugv_ws/install/rf2o_laser_odometry/share/rf2o_laser_odometry/local_setup.sh
[1.189s] -- Up-to-date symlink: /home/pi/ugv_ws/install/rf2o_laser_odometry/share/rf2o_laser_odometry/local_setup.zsh
[1.189s] -- Up-to-date symlink: /home/pi/ugv_ws/install/rf2o_laser_odometry/share/rf2o_laser_odometry/local_setup.dsv
[1.189s] -- Symlinking: /home/pi/ugv_ws/install/rf2o_laser_odometry/share/rf2o_laser_odometry/package.dsv
[1.226s] -- Up-to-date symlink: /home/pi/ugv_ws/install/rf2o_laser_odometry/share/ament_index/resource_index/packages/rf2o_laser_odometry
[1.227s] -- Up-to-date symlink: /home/pi/ugv_ws/install/rf2o_laser_odometry/share/rf2o_laser_odometry/cmake/rf2o_laser_odometryConfig.cmake
[1.227s] -- Up-to-date symlink: /home/pi/ugv_ws/install/rf2o_laser_odometry/share/rf2o_laser_odometry/cmake/rf2o_laser_odometryConfig-version.cmake
[1.228s] -- Up-to-date symlink: /home/pi/ugv_ws/install/rf2o_laser_odometry/share/rf2o_laser_odometry/package.xml
[1.386s] Invoked command in '/home/pi/ugv_ws/build/rf2o_laser_odometry' returned '0': CMAKE_PREFIX_PATH=${CMAKE_PREFIX_PATH}:/home/pi/ugv_ws/install/ugv_web_app:/home/pi/ugv_ws/install/ugv_vision:/home/pi/ugv_ws/install/ugv_tools:/home/pi/ugv_ws/install/ugv_chat_ai:/home/pi/ugv_ws/install/ugv_bringup:/opt/ros/humble /usr/bin/cmake --install /home/pi/ugv_ws/build/rf2o_laser_odometry
