[0.185s] Invoking command in '/home/pi/ugv_ws/build/costmap_converter': AMENT_PREFIX_PATH=/home/pi/ugv_ws/install/costmap_converter_msgs:${AMENT_PREFIX_PATH} CMAKE_PREFIX_PATH=/home/pi/ugv_ws/install/costmap_converter_msgs:/opt/ros/humble LD_LIBRARY_PATH=/home/pi/ugv_ws/install/costmap_converter_msgs/lib:${LD_LIBRARY_PATH} PYTHONPATH=/home/pi/ugv_ws/install/costmap_converter_msgs/local/lib/python3.10/dist-packages:${PYTHONPATH} /usr/bin/cmake --build /home/pi/ugv_ws/build/costmap_converter -- -j4 -l4
[0.636s] [ 10%] Built target gtest_main
[0.812s] [ 68%] Built target costmap_converter
[0.947s] [ 78%] Built target gtest
[1.265s] [ 89%] Built target standalone_converter
[1.681s] [100%] Built target test_costmap_polygons
[1.830s] Invoked command in '/home/pi/ugv_ws/build/costmap_converter' returned '0': AMENT_PREFIX_PATH=/home/pi/ugv_ws/install/costmap_converter_msgs:${AMENT_PREFIX_PATH} CMAKE_PREFIX_PATH=/home/pi/ugv_ws/install/costmap_converter_msgs:/opt/ros/humble LD_LIBRARY_PATH=/home/pi/ugv_ws/install/costmap_converter_msgs/lib:${LD_LIBRARY_PATH} PYTHONPATH=/home/pi/ugv_ws/install/costmap_converter_msgs/local/lib/python3.10/dist-packages:${PYTHONPATH} /usr/bin/cmake --build /home/pi/ugv_ws/build/costmap_converter -- -j4 -l4
[1.833s] Invoking command in '/home/pi/ugv_ws/build/costmap_converter': AMENT_PREFIX_PATH=/home/pi/ugv_ws/install/costmap_converter_msgs:${AMENT_PREFIX_PATH} CMAKE_PREFIX_PATH=/home/pi/ugv_ws/install/costmap_converter_msgs:/opt/ros/humble LD_LIBRARY_PATH=/home/pi/ugv_ws/install/costmap_converter_msgs/lib:${LD_LIBRARY_PATH} PYTHONPATH=/home/pi/ugv_ws/install/costmap_converter_msgs/local/lib/python3.10/dist-packages:${PYTHONPATH} /usr/bin/cmake --install /home/pi/ugv_ws/build/costmap_converter
[1.958s] -- Install configuration: "Release"
[1.961s] -- Execute custom install script
[1.965s] -- Up-to-date symlink: /home/pi/ugv_ws/install/costmap_converter/lib/libcostmap_converter.so
[1.980s] -- Up-to-date symlink: /home/pi/ugv_ws/install/costmap_converter/bin/standalone_converter
[1.984s] -- Up-to-date symlink: /home/pi/ugv_ws/install/costmap_converter/include//costmap_converter/costmap_converter_interface.h
[1.987s] -- Up-to-date symlink: /home/pi/ugv_ws/install/costmap_converter/include//costmap_converter/costmap_to_dynamic_obstacles/background_subtractor.h
[1.988s] -- Up-to-date symlink: /home/pi/ugv_ws/install/costmap_converter/include//costmap_converter/costmap_to_dynamic_obstacles/blob_detector.h
[2.000s] -- Up-to-date symlink: /home/pi/ugv_ws/install/costmap_converter/include//costmap_converter/costmap_to_dynamic_obstacles/costmap_to_dynamic_obstacles.h
[2.003s] -- Up-to-date symlink: /home/pi/ugv_ws/install/costmap_converter/include//costmap_converter/costmap_to_dynamic_obstacles/multitarget_tracker/Ctracker.h
[2.004s] -- Up-to-date symlink: /home/pi/ugv_ws/install/costmap_converter/include//costmap_converter/costmap_to_dynamic_obstacles/multitarget_tracker/HungarianAlg.h
[2.006s] -- Up-to-date symlink: /home/pi/ugv_ws/install/costmap_converter/include//costmap_converter/costmap_to_dynamic_obstacles/multitarget_tracker/Kalman.h
[2.008s] -- Up-to-date symlink: /home/pi/ugv_ws/install/costmap_converter/include//costmap_converter/costmap_to_dynamic_obstacles/multitarget_tracker/README.md
[2.010s] -- Up-to-date symlink: /home/pi/ugv_ws/install/costmap_converter/include//costmap_converter/costmap_to_dynamic_obstacles/multitarget_tracker/defines.h
[2.013s] -- Up-to-date symlink: /home/pi/ugv_ws/install/costmap_converter/include//costmap_converter/costmap_to_lines_convex_hull.h
[2.014s] -- Up-to-date symlink: /home/pi/ugv_ws/install/costmap_converter/include//costmap_converter/costmap_to_lines_ransac.h
[2.016s] -- Up-to-date symlink: /home/pi/ugv_ws/install/costmap_converter/include//costmap_converter/costmap_to_polygons.h
[2.029s] -- Up-to-date symlink: /home/pi/ugv_ws/install/costmap_converter/include//costmap_converter/costmap_to_polygons_concave.h
[2.031s] -- Up-to-date symlink: /home/pi/ugv_ws/install/costmap_converter/include//costmap_converter/misc.h
[2.033s] -- Up-to-date symlink: /home/pi/ugv_ws/install/costmap_converter/share/costmap_converter/environment/library_path.sh
[2.036s] -- Up-to-date symlink: /home/pi/ugv_ws/install/costmap_converter/share/costmap_converter/environment/library_path.dsv
[2.037s] -- Up-to-date symlink: /home/pi/ugv_ws/install/costmap_converter/share/costmap_converter//costmap_converter_plugins.xml
[2.039s] -- Up-to-date symlink: /home/pi/ugv_ws/install/costmap_converter/share/ament_index/resource_index/package_run_dependencies/costmap_converter
[2.049s] -- Up-to-date symlink: /home/pi/ugv_ws/install/costmap_converter/share/ament_index/resource_index/parent_prefix_path/costmap_converter
[2.051s] -- Up-to-date symlink: /home/pi/ugv_ws/install/costmap_converter/share/costmap_converter/environment/ament_prefix_path.sh
[2.061s] -- Up-to-date symlink: /home/pi/ugv_ws/install/costmap_converter/share/costmap_converter/environment/ament_prefix_path.dsv
[2.063s] -- Up-to-date symlink: /home/pi/ugv_ws/install/costmap_converter/share/costmap_converter/environment/path.sh
[2.065s] -- Up-to-date symlink: /home/pi/ugv_ws/install/costmap_converter/share/costmap_converter/environment/path.dsv
[2.067s] -- Up-to-date symlink: /home/pi/ugv_ws/install/costmap_converter/share/costmap_converter/local_setup.bash
[2.077s] -- Up-to-date symlink: /home/pi/ugv_ws/install/costmap_converter/share/costmap_converter/local_setup.sh
[2.079s] -- Up-to-date symlink: /home/pi/ugv_ws/install/costmap_converter/share/costmap_converter/local_setup.zsh
[2.084s] -- Up-to-date symlink: /home/pi/ugv_ws/install/costmap_converter/share/costmap_converter/local_setup.dsv
[2.086s] -- Symlinking: /home/pi/ugv_ws/install/costmap_converter/share/costmap_converter/package.dsv
[2.542s] -- Up-to-date symlink: /home/pi/ugv_ws/install/costmap_converter/share/ament_index/resource_index/packages/costmap_converter
[2.547s] -- Up-to-date symlink: /home/pi/ugv_ws/install/costmap_converter/share/ament_index/resource_index/costmap_converter__pluginlib__plugin/costmap_converter
[2.552s] -- Up-to-date symlink: /home/pi/ugv_ws/install/costmap_converter/share/costmap_converter/cmake/ament_cmake_export_include_directories-extras.cmake
[2.557s] -- Up-to-date symlink: /home/pi/ugv_ws/install/costmap_converter/share/costmap_converter/cmake/ament_cmake_export_libraries-extras.cmake
[2.561s] -- Up-to-date symlink: /home/pi/ugv_ws/install/costmap_converter/share/costmap_converter/cmake/ament_cmake_export_dependencies-extras.cmake
[2.566s] -- Up-to-date symlink: /home/pi/ugv_ws/install/costmap_converter/share/costmap_converter/cmake/costmap_converterConfig.cmake
[2.570s] -- Up-to-date symlink: /home/pi/ugv_ws/install/costmap_converter/share/costmap_converter/cmake/costmap_converterConfig-version.cmake
[2.574s] -- Up-to-date symlink: /home/pi/ugv_ws/install/costmap_converter/share/costmap_converter/package.xml
[2.590s] Invoked command in '/home/pi/ugv_ws/build/costmap_converter' returned '0': AMENT_PREFIX_PATH=/home/pi/ugv_ws/install/costmap_converter_msgs:${AMENT_PREFIX_PATH} CMAKE_PREFIX_PATH=/home/pi/ugv_ws/install/costmap_converter_msgs:/opt/ros/humble LD_LIBRARY_PATH=/home/pi/ugv_ws/install/costmap_converter_msgs/lib:${LD_LIBRARY_PATH} PYTHONPATH=/home/pi/ugv_ws/install/costmap_converter_msgs/local/lib/python3.10/dist-packages:${PYTHONPATH} /usr/bin/cmake --install /home/pi/ugv_ws/build/costmap_converter
