[0.150s] Invoking command in '/home/pi/ugv_ws/build/apriltag_msgs': CMAKE_PREFIX_PATH=${CMAKE_PREFIX_PATH}:/home/pi/ugv_ws/install/ugv_web_app:/home/pi/ugv_ws/install/ugv_vision:/home/pi/ugv_ws/install/ugv_tools:/home/pi/ugv_ws/install/ugv_chat_ai:/home/pi/ugv_ws/install/ugv_bringup:/opt/ros/humble /usr/bin/cmake --build /home/pi/ugv_ws/build/apriltag_msgs -- -j4 -l4
[1.021s] [  2%] Built target apriltag_msgs__cpp
[1.097s] [ 12%] Built target apriltag_msgs__rosidl_generator_c
[1.107s] [ 12%] Built target ament_cmake_python_symlink_apriltag_msgs
[1.458s] [ 23%] Built target apriltag_msgs__rosidl_typesupport_fastrtps_cpp
[1.495s] [ 33%] Built target apriltag_msgs__rosidl_typesupport_cpp
[1.670s] [ 43%] Built target apriltag_msgs__rosidl_typesupport_fastrtps_c
[1.737s] [ 53%] Built target apriltag_msgs__rosidl_typesupport_introspection_cpp
[1.761s] [ 64%] Built target apriltag_msgs__rosidl_typesupport_introspection_c
[1.912s] [ 74%] Built target apriltag_msgs__rosidl_typesupport_c
[2.267s] [ 74%] Built target apriltag_msgs
[2.601s] [ 76%] Built target apriltag_msgs__py
[2.960s] [ 84%] Built target apriltag_msgs__rosidl_generator_py
[3.450s] [ 89%] Built target apriltag_msgs__rosidl_typesupport_fastrtps_c__pyext
[3.455s] [ 94%] Built target apriltag_msgs__rosidl_typesupport_c__pyext
[3.478s] [100%] Built target apriltag_msgs__rosidl_typesupport_introspection_c__pyext
[5.356s] running egg_info
[5.366s] writing apriltag_msgs.egg-info/PKG-INFO
[5.370s] writing dependency_links to apriltag_msgs.egg-info/dependency_links.txt
[5.372s] writing top-level names to apriltag_msgs.egg-info/top_level.txt
[5.420s] reading manifest file 'apriltag_msgs.egg-info/SOURCES.txt'
[5.435s] writing manifest file 'apriltag_msgs.egg-info/SOURCES.txt'
[5.753s] [100%] Built target ament_cmake_python_build_apriltag_msgs_egg
[5.890s] Invoked command in '/home/pi/ugv_ws/build/apriltag_msgs' returned '0': CMAKE_PREFIX_PATH=${CMAKE_PREFIX_PATH}:/home/pi/ugv_ws/install/ugv_web_app:/home/pi/ugv_ws/install/ugv_vision:/home/pi/ugv_ws/install/ugv_tools:/home/pi/ugv_ws/install/ugv_chat_ai:/home/pi/ugv_ws/install/ugv_bringup:/opt/ros/humble /usr/bin/cmake --build /home/pi/ugv_ws/build/apriltag_msgs -- -j4 -l4
[5.903s] Invoking command in '/home/pi/ugv_ws/build/apriltag_msgs': CMAKE_PREFIX_PATH=${CMAKE_PREFIX_PATH}:/home/pi/ugv_ws/install/ugv_web_app:/home/pi/ugv_ws/install/ugv_vision:/home/pi/ugv_ws/install/ugv_tools:/home/pi/ugv_ws/install/ugv_chat_ai:/home/pi/ugv_ws/install/ugv_bringup:/opt/ros/humble /usr/bin/cmake --install /home/pi/ugv_ws/build/apriltag_msgs
[5.973s] -- Install configuration: ""
[5.988s] -- Execute custom install script
[5.991s] -- Up-to-date symlink: /home/pi/ugv_ws/install/apriltag_msgs/share/ament_index/resource_index/rosidl_interfaces/apriltag_msgs
[5.995s] -- Up-to-date symlink: /home/pi/ugv_ws/install/apriltag_msgs/include/apriltag_msgs/apriltag_msgs/msg/april_tag_detection.h
[5.995s] -- Up-to-date symlink: /home/pi/ugv_ws/install/apriltag_msgs/include/apriltag_msgs/apriltag_msgs/msg/april_tag_detection_array.h
[5.998s] -- Up-to-date symlink: /home/pi/ugv_ws/install/apriltag_msgs/include/apriltag_msgs/apriltag_msgs/msg/detail/april_tag_detection__functions.h
[5.998s] -- Up-to-date symlink: /home/pi/ugv_ws/install/apriltag_msgs/include/apriltag_msgs/apriltag_msgs/msg/detail/april_tag_detection__struct.h
[5.999s] -- Up-to-date symlink: /home/pi/ugv_ws/install/apriltag_msgs/include/apriltag_msgs/apriltag_msgs/msg/detail/april_tag_detection__type_support.h
[5.999s] -- Up-to-date symlink: /home/pi/ugv_ws/install/apriltag_msgs/include/apriltag_msgs/apriltag_msgs/msg/detail/april_tag_detection_array__functions.h
[6.014s] -- Up-to-date symlink: /home/pi/ugv_ws/install/apriltag_msgs/include/apriltag_msgs/apriltag_msgs/msg/detail/april_tag_detection_array__struct.h
[6.018s] -- Up-to-date symlink: /home/pi/ugv_ws/install/apriltag_msgs/include/apriltag_msgs/apriltag_msgs/msg/detail/april_tag_detection_array__type_support.h
[6.026s] -- Up-to-date symlink: /home/pi/ugv_ws/install/apriltag_msgs/include/apriltag_msgs/apriltag_msgs/msg/rosidl_generator_c__visibility_control.h
[6.049s] -- Up-to-date symlink: /home/pi/ugv_ws/install/apriltag_msgs/share/apriltag_msgs/environment/library_path.sh
[6.050s] -- Up-to-date symlink: /home/pi/ugv_ws/install/apriltag_msgs/share/apriltag_msgs/environment/library_path.dsv
[6.054s] -- Up-to-date symlink: /home/pi/ugv_ws/install/apriltag_msgs/include/apriltag_msgs/apriltag_msgs/msg/detail/april_tag_detection__rosidl_typesupport_fastrtps_c.h
[6.058s] -- Up-to-date symlink: /home/pi/ugv_ws/install/apriltag_msgs/include/apriltag_msgs/apriltag_msgs/msg/detail/april_tag_detection_array__rosidl_typesupport_fastrtps_c.h
[6.060s] -- Up-to-date symlink: /home/pi/ugv_ws/install/apriltag_msgs/include/apriltag_msgs/apriltag_msgs/msg/rosidl_typesupport_fastrtps_c__visibility_control.h
[6.061s] -- Up-to-date symlink: /home/pi/ugv_ws/install/apriltag_msgs/include/apriltag_msgs/apriltag_msgs/msg/april_tag_detection.hpp
[6.062s] -- Up-to-date symlink: /home/pi/ugv_ws/install/apriltag_msgs/include/apriltag_msgs/apriltag_msgs/msg/april_tag_detection_array.hpp
[6.063s] -- Up-to-date symlink: /home/pi/ugv_ws/install/apriltag_msgs/include/apriltag_msgs/apriltag_msgs/msg/detail/april_tag_detection__builder.hpp
[6.064s] -- Up-to-date symlink: /home/pi/ugv_ws/install/apriltag_msgs/include/apriltag_msgs/apriltag_msgs/msg/detail/april_tag_detection__struct.hpp
[6.069s] -- Up-to-date symlink: /home/pi/ugv_ws/install/apriltag_msgs/include/apriltag_msgs/apriltag_msgs/msg/detail/april_tag_detection__traits.hpp
[6.070s] -- Up-to-date symlink: /home/pi/ugv_ws/install/apriltag_msgs/include/apriltag_msgs/apriltag_msgs/msg/detail/april_tag_detection__type_support.hpp
[6.071s] -- Up-to-date symlink: /home/pi/ugv_ws/install/apriltag_msgs/include/apriltag_msgs/apriltag_msgs/msg/detail/april_tag_detection_array__builder.hpp
[6.072s] -- Up-to-date symlink: /home/pi/ugv_ws/install/apriltag_msgs/include/apriltag_msgs/apriltag_msgs/msg/detail/april_tag_detection_array__struct.hpp
[6.074s] -- Up-to-date symlink: /home/pi/ugv_ws/install/apriltag_msgs/include/apriltag_msgs/apriltag_msgs/msg/detail/april_tag_detection_array__traits.hpp
[6.077s] -- Up-to-date symlink: /home/pi/ugv_ws/install/apriltag_msgs/include/apriltag_msgs/apriltag_msgs/msg/detail/april_tag_detection_array__type_support.hpp
[6.078s] -- Up-to-date symlink: /home/pi/ugv_ws/install/apriltag_msgs/include/apriltag_msgs/apriltag_msgs/msg/rosidl_generator_cpp__visibility_control.hpp
[6.081s] -- Up-to-date symlink: /home/pi/ugv_ws/install/apriltag_msgs/include/apriltag_msgs/apriltag_msgs/msg/detail/april_tag_detection__rosidl_typesupport_fastrtps_cpp.hpp
[6.082s] -- Up-to-date symlink: /home/pi/ugv_ws/install/apriltag_msgs/include/apriltag_msgs/apriltag_msgs/msg/detail/april_tag_detection_array__rosidl_typesupport_fastrtps_cpp.hpp
[6.097s] -- Up-to-date symlink: /home/pi/ugv_ws/install/apriltag_msgs/include/apriltag_msgs/apriltag_msgs/msg/rosidl_typesupport_fastrtps_cpp__visibility_control.h
[6.114s] -- Up-to-date symlink: /home/pi/ugv_ws/install/apriltag_msgs/include/apriltag_msgs/apriltag_msgs/msg/detail/april_tag_detection__rosidl_typesupport_introspection_c.h
[6.127s] -- Up-to-date symlink: /home/pi/ugv_ws/install/apriltag_msgs/include/apriltag_msgs/apriltag_msgs/msg/detail/april_tag_detection_array__rosidl_typesupport_introspection_c.h
[6.142s] -- Up-to-date symlink: /home/pi/ugv_ws/install/apriltag_msgs/include/apriltag_msgs/apriltag_msgs/msg/rosidl_typesupport_introspection_c__visibility_control.h
[6.147s] -- Up-to-date symlink: /home/pi/ugv_ws/install/apriltag_msgs/include/apriltag_msgs/apriltag_msgs/msg/detail/april_tag_detection__rosidl_typesupport_introspection_cpp.hpp
[6.151s] -- Up-to-date symlink: /home/pi/ugv_ws/install/apriltag_msgs/include/apriltag_msgs/apriltag_msgs/msg/detail/april_tag_detection_array__rosidl_typesupport_introspection_cpp.hpp
[6.151s] -- Up-to-date symlink: /home/pi/ugv_ws/install/apriltag_msgs/share/apriltag_msgs/environment/pythonpath.sh
[6.157s] -- Up-to-date symlink: /home/pi/ugv_ws/install/apriltag_msgs/share/apriltag_msgs/environment/pythonpath.dsv
[6.175s] -- Up-to-date symlink: /home/pi/ugv_ws/install/apriltag_msgs/local/lib/python3.10/dist-packages/apriltag_msgs-0.0.0-py3.10.egg-info/PKG-INFO
[6.179s] -- Up-to-date symlink: /home/pi/ugv_ws/install/apriltag_msgs/local/lib/python3.10/dist-packages/apriltag_msgs-0.0.0-py3.10.egg-info/SOURCES.txt
[6.206s] -- Up-to-date symlink: /home/pi/ugv_ws/install/apriltag_msgs/local/lib/python3.10/dist-packages/apriltag_msgs-0.0.0-py3.10.egg-info/dependency_links.txt
[6.215s] -- Up-to-date symlink: /home/pi/ugv_ws/install/apriltag_msgs/local/lib/python3.10/dist-packages/apriltag_msgs-0.0.0-py3.10.egg-info/top_level.txt
[6.224s] -- Up-to-date symlink: /home/pi/ugv_ws/install/apriltag_msgs/local/lib/python3.10/dist-packages/apriltag_msgs/__init__.py
[6.226s] -- Up-to-date symlink: /home/pi/ugv_ws/install/apriltag_msgs/local/lib/python3.10/dist-packages/apriltag_msgs/_apriltag_msgs_s.ep.rosidl_typesupport_c.c
[6.227s] -- Up-to-date symlink: /home/pi/ugv_ws/install/apriltag_msgs/local/lib/python3.10/dist-packages/apriltag_msgs/_apriltag_msgs_s.ep.rosidl_typesupport_fastrtps_c.c
[6.252s] -- Up-to-date symlink: /home/pi/ugv_ws/install/apriltag_msgs/local/lib/python3.10/dist-packages/apriltag_msgs/_apriltag_msgs_s.ep.rosidl_typesupport_introspection_c.c
[6.255s] -- Up-to-date symlink: /home/pi/ugv_ws/install/apriltag_msgs/local/lib/python3.10/dist-packages/apriltag_msgs/apriltag_msgs_s__rosidl_typesupport_c.cpython-310-aarch64-linux-gnu.so
[6.256s] -- Up-to-date symlink: /home/pi/ugv_ws/install/apriltag_msgs/local/lib/python3.10/dist-packages/apriltag_msgs/apriltag_msgs_s__rosidl_typesupport_fastrtps_c.cpython-310-aarch64-linux-gnu.so
[6.258s] -- Up-to-date symlink: /home/pi/ugv_ws/install/apriltag_msgs/local/lib/python3.10/dist-packages/apriltag_msgs/apriltag_msgs_s__rosidl_typesupport_introspection_c.cpython-310-aarch64-linux-gnu.so
[6.288s] -- Up-to-date symlink: /home/pi/ugv_ws/install/apriltag_msgs/local/lib/python3.10/dist-packages/apriltag_msgs/libapriltag_msgs__rosidl_generator_py.so
[6.290s] -- Up-to-date symlink: /home/pi/ugv_ws/install/apriltag_msgs/local/lib/python3.10/dist-packages/apriltag_msgs/msg/__init__.py
[6.291s] -- Up-to-date symlink: /home/pi/ugv_ws/install/apriltag_msgs/local/lib/python3.10/dist-packages/apriltag_msgs/msg/_april_tag_detection.py
[6.292s] -- Up-to-date symlink: /home/pi/ugv_ws/install/apriltag_msgs/local/lib/python3.10/dist-packages/apriltag_msgs/msg/_april_tag_detection_array.py
[6.301s] -- Up-to-date symlink: /home/pi/ugv_ws/install/apriltag_msgs/local/lib/python3.10/dist-packages/apriltag_msgs/msg/_april_tag_detection_array_s.c
[6.302s] -- Up-to-date symlink: /home/pi/ugv_ws/install/apriltag_msgs/local/lib/python3.10/dist-packages/apriltag_msgs/msg/_april_tag_detection_s.c
[6.309s] -- Up-to-date symlink: /home/pi/ugv_ws/install/apriltag_msgs/local/lib/python3.10/dist-packages/apriltag_msgs/apriltag_msgs_s__rosidl_typesupport_fastrtps_c.cpython-310-aarch64-linux-gnu.so
[6.329s] -- Up-to-date symlink: /home/pi/ugv_ws/install/apriltag_msgs/local/lib/python3.10/dist-packages/apriltag_msgs/apriltag_msgs_s__rosidl_typesupport_introspection_c.cpython-310-aarch64-linux-gnu.so
[6.331s] -- Up-to-date symlink: /home/pi/ugv_ws/install/apriltag_msgs/local/lib/python3.10/dist-packages/apriltag_msgs/apriltag_msgs_s__rosidl_typesupport_c.cpython-310-aarch64-linux-gnu.so
[6.342s] -- Up-to-date symlink: /home/pi/ugv_ws/install/apriltag_msgs/share/apriltag_msgs/msg/AprilTagDetectionArray.idl
[6.344s] -- Up-to-date symlink: /home/pi/ugv_ws/install/apriltag_msgs/share/apriltag_msgs/msg/AprilTagDetection.idl
[6.365s] -- Up-to-date symlink: /home/pi/ugv_ws/install/apriltag_msgs/share/apriltag_msgs/msg/AprilTagDetectionArray.msg
[6.366s] -- Up-to-date symlink: /home/pi/ugv_ws/install/apriltag_msgs/share/apriltag_msgs/msg/AprilTagDetection.msg
[6.371s] -- Up-to-date symlink: /home/pi/ugv_ws/install/apriltag_msgs/share/ament_index/resource_index/package_run_dependencies/apriltag_msgs
[6.372s] -- Up-to-date symlink: /home/pi/ugv_ws/install/apriltag_msgs/share/ament_index/resource_index/parent_prefix_path/apriltag_msgs
[6.377s] -- Up-to-date symlink: /home/pi/ugv_ws/install/apriltag_msgs/share/apriltag_msgs/environment/ament_prefix_path.sh
[6.380s] -- Up-to-date symlink: /home/pi/ugv_ws/install/apriltag_msgs/share/apriltag_msgs/environment/ament_prefix_path.dsv
[6.381s] -- Up-to-date symlink: /home/pi/ugv_ws/install/apriltag_msgs/share/apriltag_msgs/environment/path.sh
[6.382s] -- Up-to-date symlink: /home/pi/ugv_ws/install/apriltag_msgs/share/apriltag_msgs/environment/path.dsv
[6.390s] -- Up-to-date symlink: /home/pi/ugv_ws/install/apriltag_msgs/share/apriltag_msgs/local_setup.bash
[6.390s] -- Up-to-date symlink: /home/pi/ugv_ws/install/apriltag_msgs/share/apriltag_msgs/local_setup.sh
[6.391s] -- Up-to-date symlink: /home/pi/ugv_ws/install/apriltag_msgs/share/apriltag_msgs/local_setup.zsh
[6.392s] -- Up-to-date symlink: /home/pi/ugv_ws/install/apriltag_msgs/share/apriltag_msgs/local_setup.dsv
[6.392s] -- Symlinking: /home/pi/ugv_ws/install/apriltag_msgs/share/apriltag_msgs/package.dsv
[6.416s] -- Up-to-date symlink: /home/pi/ugv_ws/install/apriltag_msgs/share/ament_index/resource_index/packages/apriltag_msgs
[6.424s] -- Up-to-date symlink: /home/pi/ugv_ws/install/apriltag_msgs/share/apriltag_msgs/cmake/rosidl_cmake-extras.cmake
[6.425s] -- Up-to-date symlink: /home/pi/ugv_ws/install/apriltag_msgs/share/apriltag_msgs/cmake/ament_cmake_export_dependencies-extras.cmake
[6.426s] -- Up-to-date symlink: /home/pi/ugv_ws/install/apriltag_msgs/share/apriltag_msgs/cmake/ament_cmake_export_include_directories-extras.cmake
[6.427s] -- Up-to-date symlink: /home/pi/ugv_ws/install/apriltag_msgs/share/apriltag_msgs/cmake/ament_cmake_export_libraries-extras.cmake
[6.441s] -- Up-to-date symlink: /home/pi/ugv_ws/install/apriltag_msgs/share/apriltag_msgs/cmake/ament_cmake_export_targets-extras.cmake
[6.441s] -- Up-to-date symlink: /home/pi/ugv_ws/install/apriltag_msgs/share/apriltag_msgs/cmake/rosidl_cmake_export_typesupport_targets-extras.cmake
[6.442s] -- Up-to-date symlink: /home/pi/ugv_ws/install/apriltag_msgs/share/apriltag_msgs/cmake/rosidl_cmake_export_typesupport_libraries-extras.cmake
[6.445s] -- Up-to-date symlink: /home/pi/ugv_ws/install/apriltag_msgs/share/apriltag_msgs/cmake/apriltag_msgsConfig.cmake
[6.446s] -- Up-to-date symlink: /home/pi/ugv_ws/install/apriltag_msgs/share/apriltag_msgs/cmake/apriltag_msgsConfig-version.cmake
[6.447s] -- Up-to-date symlink: /home/pi/ugv_ws/install/apriltag_msgs/share/apriltag_msgs/package.xml
[6.451s] -- Up-to-date: /home/pi/ugv_ws/install/apriltag_msgs/lib/libapriltag_msgs__rosidl_generator_c.so
[6.461s] -- Up-to-date: /home/pi/ugv_ws/install/apriltag_msgs/lib/libapriltag_msgs__rosidl_typesupport_fastrtps_c.so
[6.476s] -- Up-to-date: /home/pi/ugv_ws/install/apriltag_msgs/lib/libapriltag_msgs__rosidl_typesupport_fastrtps_cpp.so
[6.479s] -- Up-to-date: /home/pi/ugv_ws/install/apriltag_msgs/lib/libapriltag_msgs__rosidl_typesupport_introspection_c.so
[6.480s] -- Up-to-date: /home/pi/ugv_ws/install/apriltag_msgs/lib/libapriltag_msgs__rosidl_typesupport_c.so
[6.481s] -- Up-to-date: /home/pi/ugv_ws/install/apriltag_msgs/lib/libapriltag_msgs__rosidl_typesupport_introspection_cpp.so
[6.481s] -- Up-to-date: /home/pi/ugv_ws/install/apriltag_msgs/lib/libapriltag_msgs__rosidl_typesupport_cpp.so
[6.583s] Listing '/home/pi/ugv_ws/install/apriltag_msgs/local/lib/python3.10/dist-packages/apriltag_msgs'...
[6.585s] Listing '/home/pi/ugv_ws/install/apriltag_msgs/local/lib/python3.10/dist-packages/apriltag_msgs/msg'...
[6.634s] -- Up-to-date: /home/pi/ugv_ws/install/apriltag_msgs/lib/libapriltag_msgs__rosidl_generator_py.so
[6.640s] -- Up-to-date: /home/pi/ugv_ws/install/apriltag_msgs/share/apriltag_msgs/cmake/export_apriltag_msgs__rosidl_generator_cExport.cmake
[6.642s] -- Up-to-date: /home/pi/ugv_ws/install/apriltag_msgs/share/apriltag_msgs/cmake/export_apriltag_msgs__rosidl_generator_cExport-noconfig.cmake
[6.647s] -- Up-to-date: /home/pi/ugv_ws/install/apriltag_msgs/share/apriltag_msgs/cmake/export_apriltag_msgs__rosidl_typesupport_fastrtps_cExport.cmake
[6.648s] -- Up-to-date: /home/pi/ugv_ws/install/apriltag_msgs/share/apriltag_msgs/cmake/export_apriltag_msgs__rosidl_typesupport_fastrtps_cExport-noconfig.cmake
[6.650s] -- Up-to-date: /home/pi/ugv_ws/install/apriltag_msgs/share/apriltag_msgs/cmake/export_apriltag_msgs__rosidl_generator_cppExport.cmake
[6.655s] -- Up-to-date: /home/pi/ugv_ws/install/apriltag_msgs/share/apriltag_msgs/cmake/export_apriltag_msgs__rosidl_typesupport_fastrtps_cppExport.cmake
[6.655s] -- Up-to-date: /home/pi/ugv_ws/install/apriltag_msgs/share/apriltag_msgs/cmake/export_apriltag_msgs__rosidl_typesupport_fastrtps_cppExport-noconfig.cmake
[6.660s] -- Up-to-date: /home/pi/ugv_ws/install/apriltag_msgs/share/apriltag_msgs/cmake/apriltag_msgs__rosidl_typesupport_introspection_cExport.cmake
[6.661s] -- Up-to-date: /home/pi/ugv_ws/install/apriltag_msgs/share/apriltag_msgs/cmake/apriltag_msgs__rosidl_typesupport_introspection_cExport-noconfig.cmake
[6.669s] -- Up-to-date: /home/pi/ugv_ws/install/apriltag_msgs/share/apriltag_msgs/cmake/apriltag_msgs__rosidl_typesupport_cExport.cmake
[6.669s] -- Up-to-date: /home/pi/ugv_ws/install/apriltag_msgs/share/apriltag_msgs/cmake/apriltag_msgs__rosidl_typesupport_cExport-noconfig.cmake
[6.671s] -- Up-to-date: /home/pi/ugv_ws/install/apriltag_msgs/share/apriltag_msgs/cmake/apriltag_msgs__rosidl_typesupport_introspection_cppExport.cmake
[6.671s] -- Up-to-date: /home/pi/ugv_ws/install/apriltag_msgs/share/apriltag_msgs/cmake/apriltag_msgs__rosidl_typesupport_introspection_cppExport-noconfig.cmake
[6.681s] -- Up-to-date: /home/pi/ugv_ws/install/apriltag_msgs/share/apriltag_msgs/cmake/apriltag_msgs__rosidl_typesupport_cppExport.cmake
[6.684s] -- Up-to-date: /home/pi/ugv_ws/install/apriltag_msgs/share/apriltag_msgs/cmake/apriltag_msgs__rosidl_typesupport_cppExport-noconfig.cmake
[6.690s] -- Up-to-date: /home/pi/ugv_ws/install/apriltag_msgs/share/apriltag_msgs/cmake/export_apriltag_msgs__rosidl_generator_pyExport.cmake
[6.691s] -- Up-to-date: /home/pi/ugv_ws/install/apriltag_msgs/share/apriltag_msgs/cmake/export_apriltag_msgs__rosidl_generator_pyExport-noconfig.cmake
[6.705s] Invoked command in '/home/pi/ugv_ws/build/apriltag_msgs' returned '0': CMAKE_PREFIX_PATH=${CMAKE_PREFIX_PATH}:/home/pi/ugv_ws/install/ugv_web_app:/home/pi/ugv_ws/install/ugv_vision:/home/pi/ugv_ws/install/ugv_tools:/home/pi/ugv_ws/install/ugv_chat_ai:/home/pi/ugv_ws/install/ugv_bringup:/opt/ros/humble /usr/bin/cmake --install /home/pi/ugv_ws/build/apriltag_msgs
