[0.155s] Invoking command in '/home/pi/ugv_ws/build/apriltag': CMAKE_PREFIX_PATH=${CMAKE_PREFIX_PATH}:/home/pi/ugv_ws/install/ugv_web_app:/home/pi/ugv_ws/install/ugv_vision:/home/pi/ugv_ws/install/ugv_tools:/home/pi/ugv_ws/install/ugv_chat_ai:/home/pi/ugv_ws/install/ugv_bringup:/opt/ros/humble /usr/bin/cmake --build /home/pi/ugv_ws/build/apriltag -- -j4 -l4
[0.609s] [  2%] [34m[1mGenerating apriltag_py_type_docstring.h, apriltag_py_type_docstring.cxx[0m
[0.657s] [  4%] [34m[1mGenerating apriltag_detect_docstring.h, apriltag_detect_docstring.cxx[0m
[0.766s] [ 85%] Built target apriltag
[1.244s] [ 90%] Built target apriltag_demo
[1.313s] [ 90%] Built target apriltag_py_docstrings
[1.445s] [35m[1mConsolidate compiler generated dependencies of target apriltag.cpython-310-aarch64-linux-gnu[0m
[1.623s] [ 95%] Built target opencv_demo
[1.757s] [ 97%] [32mBuilding C object CMakeFiles/apriltag.cpython-310-aarch64-linux-gnu.dir/apriltag_pywrap.c.o[0m
[3.921s] [100%] [32m[1mLinking C shared module apriltag.cpython-310-aarch64-linux-gnu.so[0m
[4.361s] [100%] Built target apriltag.cpython-310-aarch64-linux-gnu
[4.499s] Invoked command in '/home/pi/ugv_ws/build/apriltag' returned '0': CMAKE_PREFIX_PATH=${CMAKE_PREFIX_PATH}:/home/pi/ugv_ws/install/ugv_web_app:/home/pi/ugv_ws/install/ugv_vision:/home/pi/ugv_ws/install/ugv_tools:/home/pi/ugv_ws/install/ugv_chat_ai:/home/pi/ugv_ws/install/ugv_bringup:/opt/ros/humble /usr/bin/cmake --build /home/pi/ugv_ws/build/apriltag -- -j4 -l4
[4.615s] Invoking command in '/home/pi/ugv_ws/build/apriltag': CMAKE_PREFIX_PATH=${CMAKE_PREFIX_PATH}:/home/pi/ugv_ws/install/ugv_web_app:/home/pi/ugv_ws/install/ugv_vision:/home/pi/ugv_ws/install/ugv_tools:/home/pi/ugv_ws/install/ugv_chat_ai:/home/pi/ugv_ws/install/ugv_bringup:/opt/ros/humble /usr/bin/cmake --install /home/pi/ugv_ws/build/apriltag
[4.665s] -- Install configuration: "Release"
[4.667s] -- Up-to-date: /home/pi/ugv_ws/install/apriltag/include/apriltag/apriltag.h
[4.669s] -- Up-to-date: /home/pi/ugv_ws/install/apriltag/include/apriltag/apriltag_math.h
[4.671s] -- Up-to-date: /home/pi/ugv_ws/install/apriltag/include/apriltag/apriltag_pose.h
[4.673s] -- Up-to-date: /home/pi/ugv_ws/install/apriltag/include/apriltag/common/debug_print.h
[4.674s] -- Up-to-date: /home/pi/ugv_ws/install/apriltag/include/apriltag/common/doubles.h
[4.676s] -- Up-to-date: /home/pi/ugv_ws/install/apriltag/include/apriltag/common/doubles_floats_impl.h
[4.677s] -- Up-to-date: /home/pi/ugv_ws/install/apriltag/include/apriltag/common/floats.h
[4.679s] -- Up-to-date: /home/pi/ugv_ws/install/apriltag/include/apriltag/common/g2d.h
[4.681s] -- Up-to-date: /home/pi/ugv_ws/install/apriltag/include/apriltag/common/getopt.h
[4.683s] -- Up-to-date: /home/pi/ugv_ws/install/apriltag/include/apriltag/common/homography.h
[4.684s] -- Up-to-date: /home/pi/ugv_ws/install/apriltag/include/apriltag/common/image_types.h
[4.686s] -- Up-to-date: /home/pi/ugv_ws/install/apriltag/include/apriltag/common/image_u8.h
[4.688s] -- Up-to-date: /home/pi/ugv_ws/install/apriltag/include/apriltag/common/image_u8x3.h
[4.689s] -- Up-to-date: /home/pi/ugv_ws/install/apriltag/include/apriltag/common/image_u8x4.h
[4.691s] -- Up-to-date: /home/pi/ugv_ws/install/apriltag/include/apriltag/common/matd.h
[4.693s] -- Up-to-date: /home/pi/ugv_ws/install/apriltag/include/apriltag/common/math_util.h
[4.696s] -- Up-to-date: /home/pi/ugv_ws/install/apriltag/include/apriltag/common/pam.h
[4.697s] -- Up-to-date: /home/pi/ugv_ws/install/apriltag/include/apriltag/common/pjpeg.h
[4.699s] -- Up-to-date: /home/pi/ugv_ws/install/apriltag/include/apriltag/common/pnm.h
[4.701s] -- Up-to-date: /home/pi/ugv_ws/install/apriltag/include/apriltag/common/postscript_utils.h
[4.702s] -- Up-to-date: /home/pi/ugv_ws/install/apriltag/include/apriltag/common/pthreads_cross.h
[4.704s] -- Up-to-date: /home/pi/ugv_ws/install/apriltag/include/apriltag/common/string_util.h
[4.707s] -- Up-to-date: /home/pi/ugv_ws/install/apriltag/include/apriltag/common/svd22.h
[4.709s] -- Up-to-date: /home/pi/ugv_ws/install/apriltag/include/apriltag/common/time_util.h
[4.712s] -- Up-to-date: /home/pi/ugv_ws/install/apriltag/include/apriltag/common/timeprofile.h
[4.717s] -- Up-to-date: /home/pi/ugv_ws/install/apriltag/include/apriltag/common/unionfind.h
[4.717s] -- Up-to-date: /home/pi/ugv_ws/install/apriltag/include/apriltag/common/workerpool.h
[4.718s] -- Up-to-date: /home/pi/ugv_ws/install/apriltag/include/apriltag/common/zarray.h
[4.719s] -- Up-to-date: /home/pi/ugv_ws/install/apriltag/include/apriltag/common/zhash.h
[4.719s] -- Up-to-date: /home/pi/ugv_ws/install/apriltag/include/apriltag/common/zmaxheap.h
[4.726s] -- Up-to-date: /home/pi/ugv_ws/install/apriltag/include/apriltag/tag16h5.h
[4.726s] -- Up-to-date: /home/pi/ugv_ws/install/apriltag/include/apriltag/tag25h9.h
[4.731s] -- Up-to-date: /home/pi/ugv_ws/install/apriltag/include/apriltag/tag36h10.h
[4.733s] -- Up-to-date: /home/pi/ugv_ws/install/apriltag/include/apriltag/tag36h11.h
[4.734s] -- Up-to-date: /home/pi/ugv_ws/install/apriltag/include/apriltag/tagCircle21h7.h
[4.740s] -- Up-to-date: /home/pi/ugv_ws/install/apriltag/include/apriltag/tagCircle49h12.h
[4.743s] -- Up-to-date: /home/pi/ugv_ws/install/apriltag/include/apriltag/tagCustom48h12.h
[4.744s] -- Up-to-date: /home/pi/ugv_ws/install/apriltag/include/apriltag/tagStandard41h12.h
[4.745s] -- Up-to-date: /home/pi/ugv_ws/install/apriltag/include/apriltag/tagStandard52h13.h
[4.747s] -- Up-to-date: /home/pi/ugv_ws/install/apriltag/lib/libapriltag.so.3.4.2
[4.749s] -- Up-to-date: /home/pi/ugv_ws/install/apriltag/lib/libapriltag.so.3
[4.771s] -- Up-to-date: /home/pi/ugv_ws/install/apriltag/lib/libapriltag.so
[4.773s] -- Up-to-date: /home/pi/ugv_ws/install/apriltag/share/apriltag/cmake/apriltagTargets.cmake
[4.774s] -- Up-to-date: /home/pi/ugv_ws/install/apriltag/share/apriltag/cmake/apriltagTargets-release.cmake
[4.775s] -- Up-to-date: /home/pi/ugv_ws/install/apriltag/share/apriltag/cmake/apriltagConfig.cmake
[4.777s] -- Up-to-date: /home/pi/ugv_ws/install/apriltag/share/apriltag/cmake/apriltagConfigVersion.cmake
[4.791s] -- Up-to-date: /home/pi/ugv_ws/install/apriltag/lib/pkgconfig/apriltag.pc
[4.801s] -- Installing: /home/pi/ugv_ws/install/apriltag/lib/python3.10/site-packages/apriltag.cpython-310-aarch64-linux-gnu.so
[4.815s] -- Set runtime path of "/home/pi/ugv_ws/install/apriltag/lib/python3.10/site-packages/apriltag.cpython-310-aarch64-linux-gnu.so" to ""
[4.819s] -- Up-to-date: /home/pi/ugv_ws/install/apriltag/bin/opencv_demo
[4.828s] -- Up-to-date: /home/pi/ugv_ws/install/apriltag/bin/apriltag_demo
[4.831s] Invoked command in '/home/pi/ugv_ws/build/apriltag' returned '0': CMAKE_PREFIX_PATH=${CMAKE_PREFIX_PATH}:/home/pi/ugv_ws/install/ugv_web_app:/home/pi/ugv_ws/install/ugv_vision:/home/pi/ugv_ws/install/ugv_tools:/home/pi/ugv_ws/install/ugv_chat_ai:/home/pi/ugv_ws/install/ugv_bringup:/opt/ros/humble /usr/bin/cmake --install /home/pi/ugv_ws/build/apriltag
