[0.106s] Invoking command in '/home/pi/ugv_ws/build/ugv_gazebo': CMAKE_PREFIX_PATH=${CMAKE_PREFIX_PATH}:/home/pi/ugv_ws/install/ugv_web_app:/home/pi/ugv_ws/install/ugv_vision:/home/pi/ugv_ws/install/ugv_tools:/home/pi/ugv_ws/install/ugv_chat_ai:/home/pi/ugv_ws/install/ugv_bringup:/opt/ros/humble /usr/bin/cmake --build /home/pi/ugv_ws/build/ugv_gazebo -- -j4 -l4
[0.628s] Invoked command in '/home/pi/ugv_ws/build/ugv_gazebo' returned '0': CMAKE_PREFIX_PATH=${CMAKE_PREFIX_PATH}:/home/pi/ugv_ws/install/ugv_web_app:/home/pi/ugv_ws/install/ugv_vision:/home/pi/ugv_ws/install/ugv_tools:/home/pi/ugv_ws/install/ugv_chat_ai:/home/pi/ugv_ws/install/ugv_bringup:/opt/ros/humble /usr/bin/cmake --build /home/pi/ugv_ws/build/ugv_gazebo -- -j4 -l4
[0.631s] Invoking command in '/home/pi/ugv_ws/build/ugv_gazebo': CMAKE_PREFIX_PATH=${CMAKE_PREFIX_PATH}:/home/pi/ugv_ws/install/ugv_web_app:/home/pi/ugv_ws/install/ugv_vision:/home/pi/ugv_ws/install/ugv_tools:/home/pi/ugv_ws/install/ugv_chat_ai:/home/pi/ugv_ws/install/ugv_bringup:/opt/ros/humble /usr/bin/cmake --install /home/pi/ugv_ws/build/ugv_gazebo
[0.734s] -- Install configuration: ""
[0.737s] -- Execute custom install script
[0.741s] -- Up-to-date symlink: /home/pi/ugv_ws/install/ugv_gazebo/share/ugv_gazebo/rviz/display.rviz
[0.743s] -- Up-to-date symlink: /home/pi/ugv_ws/install/ugv_gazebo/share/ugv_gazebo/rviz/view_nav_2d.rviz
[0.746s] -- Up-to-date symlink: /home/pi/ugv_ws/install/ugv_gazebo/share/ugv_gazebo/rviz/view_nav_3d.rviz
[0.748s] -- Up-to-date symlink: /home/pi/ugv_ws/install/ugv_gazebo/share/ugv_gazebo/rviz/view_slam_2d.rviz
[0.750s] -- Up-to-date symlink: /home/pi/ugv_ws/install/ugv_gazebo/share/ugv_gazebo/rviz/view_slam_3d.rviz
[0.756s] -- Up-to-date symlink: /home/pi/ugv_ws/install/ugv_gazebo/share/ugv_gazebo/launch/bringup/bringup.launch.py
[0.759s] -- Up-to-date symlink: /home/pi/ugv_ws/install/ugv_gazebo/share/ugv_gazebo/launch/bringup/bringup_test.launch.py
[0.762s] -- Up-to-date symlink: /home/pi/ugv_ws/install/ugv_gazebo/share/ugv_gazebo/launch/bringup/robot_state_publisher.launch.py
[0.765s] -- Up-to-date symlink: /home/pi/ugv_ws/install/ugv_gazebo/share/ugv_gazebo/launch/bringup/spawn_ugv.launch.py
[0.767s] -- Up-to-date symlink: /home/pi/ugv_ws/install/ugv_gazebo/share/ugv_gazebo/launch/display.launch.py
[0.770s] -- Up-to-date symlink: /home/pi/ugv_ws/install/ugv_gazebo/share/ugv_gazebo/launch/nav/nav.launch.py
[0.772s] -- Up-to-date symlink: /home/pi/ugv_ws/install/ugv_gazebo/share/ugv_gazebo/launch/nav/nav_rtabmap.launch.py
[0.781s] -- Up-to-date symlink: /home/pi/ugv_ws/install/ugv_gazebo/share/ugv_gazebo/launch/nav/rtabmap_localization_launch.py
[0.784s] -- Up-to-date symlink: /home/pi/ugv_ws/install/ugv_gazebo/share/ugv_gazebo/launch/nav_bringup/bringup_launch_cartographer.launch.py
[0.788s] -- Up-to-date symlink: /home/pi/ugv_ws/install/ugv_gazebo/share/ugv_gazebo/launch/nav_bringup/localization_launch.py
[0.791s] -- Up-to-date symlink: /home/pi/ugv_ws/install/ugv_gazebo/share/ugv_gazebo/launch/nav_bringup/nav2_bringup.launch.py
[0.794s] -- Up-to-date symlink: /home/pi/ugv_ws/install/ugv_gazebo/share/ugv_gazebo/launch/nav_bringup/navigation_launch.py
[0.797s] -- Up-to-date symlink: /home/pi/ugv_ws/install/ugv_gazebo/share/ugv_gazebo/launch/slam/cartographer.launch.py
[0.800s] -- Up-to-date symlink: /home/pi/ugv_ws/install/ugv_gazebo/share/ugv_gazebo/launch/slam/gmapping.launch.py
[0.803s] -- Up-to-date symlink: /home/pi/ugv_ws/install/ugv_gazebo/share/ugv_gazebo/launch/slam/rtabmap_rgbd.launch.py
[0.806s] -- Up-to-date symlink: /home/pi/ugv_ws/install/ugv_gazebo/share/ugv_gazebo/launch/slam_nav/slam_nav.launch.py
[0.816s] -- Up-to-date symlink: /home/pi/ugv_ws/install/ugv_gazebo/share/ugv_gazebo/urdf/rasp_rover.urdf
[0.817s] -- Up-to-date symlink: /home/pi/ugv_ws/install/ugv_gazebo/share/ugv_gazebo/urdf/ugv_beast.urdf
[0.817s] -- Up-to-date symlink: /home/pi/ugv_ws/install/ugv_gazebo/share/ugv_gazebo/urdf/ugv_rover.urdf
[0.818s] -- Up-to-date symlink: /home/pi/ugv_ws/install/ugv_gazebo/share/ugv_gazebo/worlds/ugv_world.world
[0.833s] -- Up-to-date symlink: /home/pi/ugv_ws/install/ugv_gazebo/share/ugv_gazebo/models/rasp_rover/model.config
[0.834s] -- Up-to-date symlink: /home/pi/ugv_ws/install/ugv_gazebo/share/ugv_gazebo/models/rasp_rover/model.sdf
[0.834s] -- Up-to-date symlink: /home/pi/ugv_ws/install/ugv_gazebo/share/ugv_gazebo/models/ugv_beast/model.config
[0.835s] -- Up-to-date symlink: /home/pi/ugv_ws/install/ugv_gazebo/share/ugv_gazebo/models/ugv_beast/model.sdf
[0.836s] -- Up-to-date symlink: /home/pi/ugv_ws/install/ugv_gazebo/share/ugv_gazebo/models/ugv_rover/model.config
[0.837s] -- Up-to-date symlink: /home/pi/ugv_ws/install/ugv_gazebo/share/ugv_gazebo/models/ugv_rover/model.sdf
[0.838s] -- Up-to-date symlink: /home/pi/ugv_ws/install/ugv_gazebo/share/ugv_gazebo/models/world/model.config
[0.838s] -- Up-to-date symlink: /home/pi/ugv_ws/install/ugv_gazebo/share/ugv_gazebo/models/world/model.sdf
[0.845s] -- Up-to-date symlink: /home/pi/ugv_ws/install/ugv_gazebo/share/ugv_gazebo/param/amcl_dwa.yaml
[0.846s] -- Up-to-date symlink: /home/pi/ugv_ws/install/ugv_gazebo/share/ugv_gazebo/param/amcl_teb.yaml
[0.846s] -- Up-to-date symlink: /home/pi/ugv_ws/install/ugv_gazebo/share/ugv_gazebo/param/emcl_dwa.yaml
[0.847s] -- Up-to-date symlink: /home/pi/ugv_ws/install/ugv_gazebo/share/ugv_gazebo/param/emcl_teb.yaml
[0.848s] -- Up-to-date symlink: /home/pi/ugv_ws/install/ugv_gazebo/share/ugv_gazebo/param/rtabmap_dwa.yaml
[0.849s] -- Up-to-date symlink: /home/pi/ugv_ws/install/ugv_gazebo/share/ugv_gazebo/param/rtabmap_teb.yaml
[0.849s] -- Up-to-date symlink: /home/pi/ugv_ws/install/ugv_gazebo/share/ugv_gazebo/param/slam_nav.yaml
[0.850s] -- Up-to-date symlink: /home/pi/ugv_ws/install/ugv_gazebo/share/ugv_gazebo/maps/map.pbstream
[0.851s] -- Up-to-date symlink: /home/pi/ugv_ws/install/ugv_gazebo/share/ugv_gazebo/maps/map.pgm
[0.851s] -- Up-to-date symlink: /home/pi/ugv_ws/install/ugv_gazebo/share/ugv_gazebo/maps/map.yaml
[0.852s] -- Up-to-date symlink: /home/pi/ugv_ws/install/ugv_gazebo/share/ament_index/resource_index/package_run_dependencies/ugv_gazebo
[0.862s] -- Up-to-date symlink: /home/pi/ugv_ws/install/ugv_gazebo/share/ament_index/resource_index/parent_prefix_path/ugv_gazebo
[0.863s] -- Up-to-date symlink: /home/pi/ugv_ws/install/ugv_gazebo/share/ugv_gazebo/environment/ament_prefix_path.sh
[0.864s] -- Up-to-date symlink: /home/pi/ugv_ws/install/ugv_gazebo/share/ugv_gazebo/environment/ament_prefix_path.dsv
[0.889s] -- Up-to-date symlink: /home/pi/ugv_ws/install/ugv_gazebo/share/ugv_gazebo/environment/path.sh
[0.892s] -- Up-to-date symlink: /home/pi/ugv_ws/install/ugv_gazebo/share/ugv_gazebo/environment/path.dsv
[0.893s] -- Up-to-date symlink: /home/pi/ugv_ws/install/ugv_gazebo/share/ugv_gazebo/local_setup.bash
[0.894s] -- Up-to-date symlink: /home/pi/ugv_ws/install/ugv_gazebo/share/ugv_gazebo/local_setup.sh
[0.894s] -- Up-to-date symlink: /home/pi/ugv_ws/install/ugv_gazebo/share/ugv_gazebo/local_setup.zsh
[0.895s] -- Up-to-date symlink: /home/pi/ugv_ws/install/ugv_gazebo/share/ugv_gazebo/local_setup.dsv
[0.896s] -- Symlinking: /home/pi/ugv_ws/install/ugv_gazebo/share/ugv_gazebo/package.dsv
[1.004s] -- Up-to-date symlink: /home/pi/ugv_ws/install/ugv_gazebo/share/ament_index/resource_index/packages/ugv_gazebo
[1.005s] -- Up-to-date symlink: /home/pi/ugv_ws/install/ugv_gazebo/share/ugv_gazebo/cmake/ament_cmake_export_dependencies-extras.cmake
[1.006s] -- Up-to-date symlink: /home/pi/ugv_ws/install/ugv_gazebo/share/ugv_gazebo/cmake/ugv_gazeboConfig.cmake
[1.007s] -- Up-to-date symlink: /home/pi/ugv_ws/install/ugv_gazebo/share/ugv_gazebo/cmake/ugv_gazeboConfig-version.cmake
[1.007s] -- Up-to-date symlink: /home/pi/ugv_ws/install/ugv_gazebo/share/ugv_gazebo/package.xml
[1.066s] Invoked command in '/home/pi/ugv_ws/build/ugv_gazebo' returned '0': CMAKE_PREFIX_PATH=${CMAKE_PREFIX_PATH}:/home/pi/ugv_ws/install/ugv_web_app:/home/pi/ugv_ws/install/ugv_vision:/home/pi/ugv_ws/install/ugv_tools:/home/pi/ugv_ws/install/ugv_chat_ai:/home/pi/ugv_ws/install/ugv_bringup:/opt/ros/humble /usr/bin/cmake --install /home/pi/ugv_ws/build/ugv_gazebo
