[0.158s] Invoking command in '/home/pi/ugv_ws/build/ugv_slam': CMAKE_PREFIX_PATH=${CMAKE_PREFIX_PATH}:/home/pi/ugv_ws/install/ugv_web_app:/home/pi/ugv_ws/install/ugv_vision:/home/pi/ugv_ws/install/ugv_tools:/home/pi/ugv_ws/install/ugv_chat_ai:/home/pi/ugv_ws/install/ugv_bringup:/opt/ros/humble /usr/bin/cmake --build /home/pi/ugv_ws/build/ugv_slam -- -j4 -l4
[0.671s] Invoked command in '/home/pi/ugv_ws/build/ugv_slam' returned '0': CMAKE_PREFIX_PATH=${CMAKE_PREFIX_PATH}:/home/pi/ugv_ws/install/ugv_web_app:/home/pi/ugv_ws/install/ugv_vision:/home/pi/ugv_ws/install/ugv_tools:/home/pi/ugv_ws/install/ugv_chat_ai:/home/pi/ugv_ws/install/ugv_bringup:/opt/ros/humble /usr/bin/cmake --build /home/pi/ugv_ws/build/ugv_slam -- -j4 -l4
[0.685s] Invoking command in '/home/pi/ugv_ws/build/ugv_slam': CMAKE_PREFIX_PATH=${CMAKE_PREFIX_PATH}:/home/pi/ugv_ws/install/ugv_web_app:/home/pi/ugv_ws/install/ugv_vision:/home/pi/ugv_ws/install/ugv_tools:/home/pi/ugv_ws/install/ugv_chat_ai:/home/pi/ugv_ws/install/ugv_bringup:/opt/ros/humble /usr/bin/cmake --install /home/pi/ugv_ws/build/ugv_slam
[0.815s] -- Install configuration: ""
[0.817s] -- Execute custom install script
[0.821s] -- Up-to-date symlink: /home/pi/ugv_ws/install/ugv_slam/share/ugv_slam/launch/cartographer.launch.py
[0.824s] -- Up-to-date symlink: /home/pi/ugv_ws/install/ugv_slam/share/ugv_slam/launch/gmapping.launch.py
[0.825s] -- Up-to-date symlink: /home/pi/ugv_ws/install/ugv_slam/share/ugv_slam/launch/rtabmap_rgbd.launch.py
[0.831s] -- Up-to-date symlink: /home/pi/ugv_ws/install/ugv_slam/share/ugv_slam/rviz/view_slam_2d.rviz
[0.833s] -- Up-to-date symlink: /home/pi/ugv_ws/install/ugv_slam/share/ugv_slam/rviz/view_slam_3d.rviz
[0.835s] -- Up-to-date symlink: /home/pi/ugv_ws/install/ugv_slam/share/ament_index/resource_index/package_run_dependencies/ugv_slam
[0.839s] -- Up-to-date symlink: /home/pi/ugv_ws/install/ugv_slam/share/ament_index/resource_index/parent_prefix_path/ugv_slam
[0.848s] -- Up-to-date symlink: /home/pi/ugv_ws/install/ugv_slam/share/ugv_slam/environment/ament_prefix_path.sh
[0.849s] -- Up-to-date symlink: /home/pi/ugv_ws/install/ugv_slam/share/ugv_slam/environment/ament_prefix_path.dsv
[0.850s] -- Up-to-date symlink: /home/pi/ugv_ws/install/ugv_slam/share/ugv_slam/environment/path.sh
[0.851s] -- Up-to-date symlink: /home/pi/ugv_ws/install/ugv_slam/share/ugv_slam/environment/path.dsv
[0.879s] -- Up-to-date symlink: /home/pi/ugv_ws/install/ugv_slam/share/ugv_slam/local_setup.bash
[0.883s] -- Up-to-date symlink: /home/pi/ugv_ws/install/ugv_slam/share/ugv_slam/local_setup.sh
[0.887s] -- Up-to-date symlink: /home/pi/ugv_ws/install/ugv_slam/share/ugv_slam/local_setup.zsh
[0.891s] -- Up-to-date symlink: /home/pi/ugv_ws/install/ugv_slam/share/ugv_slam/local_setup.dsv
[0.895s] -- Symlinking: /home/pi/ugv_ws/install/ugv_slam/share/ugv_slam/package.dsv
[0.980s] -- Up-to-date symlink: /home/pi/ugv_ws/install/ugv_slam/share/ament_index/resource_index/packages/ugv_slam
[0.981s] -- Up-to-date symlink: /home/pi/ugv_ws/install/ugv_slam/share/ugv_slam/cmake/ugv_slamConfig.cmake
[0.981s] -- Up-to-date symlink: /home/pi/ugv_ws/install/ugv_slam/share/ugv_slam/cmake/ugv_slamConfig-version.cmake
[0.982s] -- Up-to-date symlink: /home/pi/ugv_ws/install/ugv_slam/share/ugv_slam/package.xml
[1.008s] Invoked command in '/home/pi/ugv_ws/build/ugv_slam' returned '0': CMAKE_PREFIX_PATH=${CMAKE_PREFIX_PATH}:/home/pi/ugv_ws/install/ugv_web_app:/home/pi/ugv_ws/install/ugv_vision:/home/pi/ugv_ws/install/ugv_tools:/home/pi/ugv_ws/install/ugv_chat_ai:/home/pi/ugv_ws/install/ugv_bringup:/opt/ros/humble /usr/bin/cmake --install /home/pi/ugv_ws/build/ugv_slam
