[0.547s] Invoking command in '/home/pi/ugv_ws/build/vizanti_server': CMAKE_PREFIX_PATH=/home/pi/ugv_ws/install/vizanti_msgs:/home/pi/ugv_ws/install/vizanti:/home/pi/ugv_ws/install/vizanti_server:/home/pi/ugv_ws/install/vizanti_demos:/home/pi/ugv_ws/install/vizanti_cpp:/home/pi/ugv_ws/install/ugv_slam:/home/pi/ugv_ws/install/ugv_nav:/home/pi/ugv_ws/install/ugv_interface:/home/pi/ugv_ws/install/ugv_gazebo:/home/pi/ugv_ws/install/ugv_description:/home/pi/ugv_ws/install/ugv_base_node:/home/pi/ugv_ws/install/teb_local_planner:/home/pi/ugv_ws/install/teb_msgs:/home/pi/ugv_ws/install/sllidar_ros2:/home/pi/ugv_ws/install/slam_gmapping:/home/pi/ugv_ws/install/robot_pose_publisher:/home/pi/ugv_ws/install/rf2o_laser_odometry:/home/pi/ugv_ws/install/openslam_gmapping:/home/pi/ugv_ws/install/ldlidar:/home/pi/ugv_ws/install/explore_lite:/home/pi/ugv_ws/install/emcl2:/home/pi/ugv_ws/install/costmap_converter:/home/pi/ugv_ws/install/costmap_converter_msgs:/home/pi/ugv_ws/install/cartographer:/home/pi/ugv_ws/install/apriltag_ros:/home/pi/ugv_ws/install/apriltag_msgs:/home/pi/ugv_ws/install/apriltag:/home/pi/ugv_ws/install/ugv_web_app:/home/pi/ugv_ws/install/ugv_vision:/home/pi/ugv_ws/install/ugv_tools:/home/pi/ugv_ws/install/ugv_chat_ai:/home/pi/ugv_ws/install/ugv_bringup:/opt/ros/humble /usr/bin/cmake --build /home/pi/ugv_ws/build/vizanti_server -- -j4 -l4
[1.040s] Invoked command in '/home/pi/ugv_ws/build/vizanti_server' returned '0': CMAKE_PREFIX_PATH=/home/pi/ugv_ws/install/vizanti_msgs:/home/pi/ugv_ws/install/vizanti:/home/pi/ugv_ws/install/vizanti_server:/home/pi/ugv_ws/install/vizanti_demos:/home/pi/ugv_ws/install/vizanti_cpp:/home/pi/ugv_ws/install/ugv_slam:/home/pi/ugv_ws/install/ugv_nav:/home/pi/ugv_ws/install/ugv_interface:/home/pi/ugv_ws/install/ugv_gazebo:/home/pi/ugv_ws/install/ugv_description:/home/pi/ugv_ws/install/ugv_base_node:/home/pi/ugv_ws/install/teb_local_planner:/home/pi/ugv_ws/install/teb_msgs:/home/pi/ugv_ws/install/sllidar_ros2:/home/pi/ugv_ws/install/slam_gmapping:/home/pi/ugv_ws/install/robot_pose_publisher:/home/pi/ugv_ws/install/rf2o_laser_odometry:/home/pi/ugv_ws/install/openslam_gmapping:/home/pi/ugv_ws/install/ldlidar:/home/pi/ugv_ws/install/explore_lite:/home/pi/ugv_ws/install/emcl2:/home/pi/ugv_ws/install/costmap_converter:/home/pi/ugv_ws/install/costmap_converter_msgs:/home/pi/ugv_ws/install/cartographer:/home/pi/ugv_ws/install/apriltag_ros:/home/pi/ugv_ws/install/apriltag_msgs:/home/pi/ugv_ws/install/apriltag:/home/pi/ugv_ws/install/ugv_web_app:/home/pi/ugv_ws/install/ugv_vision:/home/pi/ugv_ws/install/ugv_tools:/home/pi/ugv_ws/install/ugv_chat_ai:/home/pi/ugv_ws/install/ugv_bringup:/opt/ros/humble /usr/bin/cmake --build /home/pi/ugv_ws/build/vizanti_server -- -j4 -l4
[1.044s] Invoking command in '/home/pi/ugv_ws/build/vizanti_server': CMAKE_PREFIX_PATH=/home/pi/ugv_ws/install/vizanti_msgs:/home/pi/ugv_ws/install/vizanti:/home/pi/ugv_ws/install/vizanti_server:/home/pi/ugv_ws/install/vizanti_demos:/home/pi/ugv_ws/install/vizanti_cpp:/home/pi/ugv_ws/install/ugv_slam:/home/pi/ugv_ws/install/ugv_nav:/home/pi/ugv_ws/install/ugv_interface:/home/pi/ugv_ws/install/ugv_gazebo:/home/pi/ugv_ws/install/ugv_description:/home/pi/ugv_ws/install/ugv_base_node:/home/pi/ugv_ws/install/teb_local_planner:/home/pi/ugv_ws/install/teb_msgs:/home/pi/ugv_ws/install/sllidar_ros2:/home/pi/ugv_ws/install/slam_gmapping:/home/pi/ugv_ws/install/robot_pose_publisher:/home/pi/ugv_ws/install/rf2o_laser_odometry:/home/pi/ugv_ws/install/openslam_gmapping:/home/pi/ugv_ws/install/ldlidar:/home/pi/ugv_ws/install/explore_lite:/home/pi/ugv_ws/install/emcl2:/home/pi/ugv_ws/install/costmap_converter:/home/pi/ugv_ws/install/costmap_converter_msgs:/home/pi/ugv_ws/install/cartographer:/home/pi/ugv_ws/install/apriltag_ros:/home/pi/ugv_ws/install/apriltag_msgs:/home/pi/ugv_ws/install/apriltag:/home/pi/ugv_ws/install/ugv_web_app:/home/pi/ugv_ws/install/ugv_vision:/home/pi/ugv_ws/install/ugv_tools:/home/pi/ugv_ws/install/ugv_chat_ai:/home/pi/ugv_ws/install/ugv_bringup:/opt/ros/humble /usr/bin/cmake --install /home/pi/ugv_ws/build/vizanti_server
[1.119s] -- Install configuration: ""
[1.122s] -- Execute custom install script
[1.125s] -- Up-to-date symlink: /home/pi/ugv_ws/install/vizanti_server/share/vizanti_server//launch/vizanti_rws.launch.py
[1.126s] -- Up-to-date symlink: /home/pi/ugv_ws/install/vizanti_server/share/vizanti_server//launch/vizanti_server.launch.py
[1.167s] -- Up-to-date symlink: /home/pi/ugv_ws/install/vizanti_server/share/vizanti_server//public/assets/add.svg
[1.170s] -- Up-to-date symlink: /home/pi/ugv_ws/install/vizanti_server/share/vizanti_server//public/assets/altimeter.svg
[1.172s] -- Up-to-date symlink: /home/pi/ugv_ws/install/vizanti_server/share/vizanti_server//public/assets/altimeter_arrow.svg
[1.174s] -- Up-to-date symlink: /home/pi/ugv_ws/install/vizanti_server/share/vizanti_server//public/assets/altimeter_arrow_green.svg
[1.176s] -- Up-to-date symlink: /home/pi/ugv_ws/install/vizanti_server/share/vizanti_server//public/assets/altimeter_green.svg
[1.179s] -- Up-to-date symlink: /home/pi/ugv_ws/install/vizanti_server/share/vizanti_server//public/assets/area.svg
[1.182s] -- Up-to-date symlink: /home/pi/ugv_ws/install/vizanti_server/share/vizanti_server//public/assets/battery_100.svg
[1.183s] -- Up-to-date symlink: /home/pi/ugv_ws/install/vizanti_server/share/vizanti_server//public/assets/battery_20.svg
[1.187s] -- Up-to-date symlink: /home/pi/ugv_ws/install/vizanti_server/share/vizanti_server//public/assets/battery_40.svg
[1.189s] -- Up-to-date symlink: /home/pi/ugv_ws/install/vizanti_server/share/vizanti_server//public/assets/battery_60.svg
[1.192s] -- Up-to-date symlink: /home/pi/ugv_ws/install/vizanti_server/share/vizanti_server//public/assets/battery_80.svg
[1.202s] -- Up-to-date symlink: /home/pi/ugv_ws/install/vizanti_server/share/vizanti_server//public/assets/battery_unknown.svg
[1.203s] -- Up-to-date symlink: /home/pi/ugv_ws/install/vizanti_server/share/vizanti_server//public/assets/button.svg
[1.204s] -- Up-to-date symlink: /home/pi/ugv_ws/install/vizanti_server/share/vizanti_server//public/assets/button_false.svg
[1.204s] -- Up-to-date symlink: /home/pi/ugv_ws/install/vizanti_server/share/vizanti_server//public/assets/button_true.svg
[1.209s] -- Up-to-date symlink: /home/pi/ugv_ws/install/vizanti_server/share/vizanti_server//public/assets/costmap.svg
[1.210s] -- Up-to-date symlink: /home/pi/ugv_ws/install/vizanti_server/share/vizanti_server//public/assets/default_layout.json
[1.211s] -- Up-to-date symlink: /home/pi/ugv_ws/install/vizanti_server/share/vizanti_server//public/assets/folder.svg
[1.212s] -- Up-to-date symlink: /home/pi/ugv_ws/install/vizanti_server/share/vizanti_server//public/assets/grid.svg
[1.214s] -- Up-to-date symlink: /home/pi/ugv_ws/install/vizanti_server/share/vizanti_server//public/assets/gridcells.svg
[1.217s] -- Up-to-date symlink: /home/pi/ugv_ws/install/vizanti_server/share/vizanti_server//public/assets/icon/152.png
[1.219s] -- Up-to-date symlink: /home/pi/ugv_ws/install/vizanti_server/share/vizanti_server//public/assets/icon/16.png
[1.221s] -- Up-to-date symlink: /home/pi/ugv_ws/install/vizanti_server/share/vizanti_server//public/assets/icon/192.png
[1.223s] -- Up-to-date symlink: /home/pi/ugv_ws/install/vizanti_server/share/vizanti_server//public/assets/icon/32.png
[1.225s] -- Up-to-date symlink: /home/pi/ugv_ws/install/vizanti_server/share/vizanti_server//public/assets/icon/512.png
[1.227s] -- Up-to-date symlink: /home/pi/ugv_ws/install/vizanti_server/share/vizanti_server//public/assets/icon/96.png
[1.229s] -- Up-to-date symlink: /home/pi/ugv_ws/install/vizanti_server/share/vizanti_server//public/assets/icon/icon.svg
[1.238s] -- Up-to-date symlink: /home/pi/ugv_ws/install/vizanti_server/share/vizanti_server//public/assets/icon/manifest.json
[1.238s] -- Up-to-date symlink: /home/pi/ugv_ws/install/vizanti_server/share/vizanti_server//public/assets/icon/preview.jpg
[1.239s] -- Up-to-date symlink: /home/pi/ugv_ws/install/vizanti_server/share/vizanti_server//public/assets/image.svg
[1.239s] -- Up-to-date symlink: /home/pi/ugv_ws/install/vizanti_server/share/vizanti_server//public/assets/initialpose.png
[1.242s] -- Up-to-date symlink: /home/pi/ugv_ws/install/vizanti_server/share/vizanti_server//public/assets/initialpose.svg
[1.244s] -- Up-to-date symlink: /home/pi/ugv_ws/install/vizanti_server/share/vizanti_server//public/assets/joypos.svg
[1.246s] -- Up-to-date symlink: /home/pi/ugv_ws/install/vizanti_server/share/vizanti_server//public/assets/joystick.svg
[1.248s] -- Up-to-date symlink: /home/pi/ugv_ws/install/vizanti_server/share/vizanti_server//public/assets/map.svg
[1.250s] -- Up-to-date symlink: /home/pi/ugv_ws/install/vizanti_server/share/vizanti_server//public/assets/marker.svg
[1.253s] -- Up-to-date symlink: /home/pi/ugv_ws/install/vizanti_server/share/vizanti_server//public/assets/markerarray.svg
[1.255s] -- Up-to-date symlink: /home/pi/ugv_ws/install/vizanti_server/share/vizanti_server//public/assets/node_kill.svg
[1.258s] -- Up-to-date symlink: /home/pi/ugv_ws/install/vizanti_server/share/vizanti_server//public/assets/node_restart.svg
[1.260s] -- Up-to-date symlink: /home/pi/ugv_ws/install/vizanti_server/share/vizanti_server//public/assets/nodemgr.svg
[1.262s] -- Up-to-date symlink: /home/pi/ugv_ws/install/vizanti_server/share/vizanti_server//public/assets/path.svg
[1.265s] -- Up-to-date symlink: /home/pi/ugv_ws/install/vizanti_server/share/vizanti_server//public/assets/pointcloud.svg
[1.268s] -- Up-to-date symlink: /home/pi/ugv_ws/install/vizanti_server/share/vizanti_server//public/assets/posearray.svg
[1.270s] -- Up-to-date symlink: /home/pi/ugv_ws/install/vizanti_server/share/vizanti_server//public/assets/posewithcovariancestamped.svg
[1.272s] -- Up-to-date symlink: /home/pi/ugv_ws/install/vizanti_server/share/vizanti_server//public/assets/range.svg
[1.274s] -- Up-to-date symlink: /home/pi/ugv_ws/install/vizanti_server/share/vizanti_server//public/assets/rawmap.svg
[1.277s] -- Up-to-date symlink: /home/pi/ugv_ws/install/vizanti_server/share/vizanti_server//public/assets/reconfigure.svg
[1.279s] -- Up-to-date symlink: /home/pi/ugv_ws/install/vizanti_server/share/vizanti_server//public/assets/robot_model/_2wd.png
[1.286s] -- Up-to-date symlink: /home/pi/ugv_ws/install/vizanti_server/share/vizanti_server//public/assets/robot_model/_4wd.png
[1.290s] -- Up-to-date symlink: /home/pi/ugv_ws/install/vizanti_server/share/vizanti_server//public/assets/robot_model/_arrow.png
[1.290s] -- Up-to-date symlink: /home/pi/ugv_ws/install/vizanti_server/share/vizanti_server//public/assets/robot_model/_dog.png
[1.313s] -- Up-to-date symlink: /home/pi/ugv_ws/install/vizanti_server/share/vizanti_server//public/assets/robot_model/_hatchback.png
[1.318s] -- Up-to-date symlink: /home/pi/ugv_ws/install/vizanti_server/share/vizanti_server//public/assets/robot_model/_orca.png
[1.319s] -- Up-to-date symlink: /home/pi/ugv_ws/install/vizanti_server/share/vizanti_server//public/assets/robot_model/_pancake.png
[1.320s] -- Up-to-date symlink: /home/pi/ugv_ws/install/vizanti_server/share/vizanti_server//public/assets/robot_model/_rccar.png
[1.320s] -- Up-to-date symlink: /home/pi/ugv_ws/install/vizanti_server/share/vizanti_server//public/assets/robot_model/_sandwich.png
[1.326s] -- Up-to-date symlink: /home/pi/ugv_ws/install/vizanti_server/share/vizanti_server//public/assets/robot_model/_tortoise.png
[1.326s] -- Up-to-date symlink: /home/pi/ugv_ws/install/vizanti_server/share/vizanti_server//public/assets/robot_model/_tuna.png
[1.327s] -- Up-to-date symlink: /home/pi/ugv_ws/install/vizanti_server/share/vizanti_server//public/assets/robotmodel.svg
[1.328s] -- Up-to-date symlink: /home/pi/ugv_ws/install/vizanti_server/share/vizanti_server//public/assets/rosbag.svg
[1.339s] -- Up-to-date symlink: /home/pi/ugv_ws/install/vizanti_server/share/vizanti_server//public/assets/rosbag_active.svg
[1.349s] -- Up-to-date symlink: /home/pi/ugv_ws/install/vizanti_server/share/vizanti_server//public/assets/rosbridge_connected.svg
[1.350s] -- Up-to-date symlink: /home/pi/ugv_ws/install/vizanti_server/share/vizanti_server//public/assets/rosbridge_disconnected.svg
[1.351s] -- Up-to-date symlink: /home/pi/ugv_ws/install/vizanti_server/share/vizanti_server//public/assets/rosbridge_reconnect.svg
[1.353s] -- Up-to-date symlink: /home/pi/ugv_ws/install/vizanti_server/share/vizanti_server//public/assets/satelite.svg
[1.353s] -- Up-to-date symlink: /home/pi/ugv_ws/install/vizanti_server/share/vizanti_server//public/assets/scan.svg
[1.362s] -- Up-to-date symlink: /home/pi/ugv_ws/install/vizanti_server/share/vizanti_server//public/assets/settings.svg
[1.365s] -- Up-to-date symlink: /home/pi/ugv_ws/install/vizanti_server/share/vizanti_server//public/assets/simplegoal.png
[1.367s] -- Up-to-date symlink: /home/pi/ugv_ws/install/vizanti_server/share/vizanti_server//public/assets/simplegoal.svg
[1.368s] -- Up-to-date symlink: /home/pi/ugv_ws/install/vizanti_server/share/vizanti_server//public/assets/temp_cold.svg
[1.370s] -- Up-to-date symlink: /home/pi/ugv_ws/install/vizanti_server/share/vizanti_server//public/assets/temp_hot.svg
[1.371s] -- Up-to-date symlink: /home/pi/ugv_ws/install/vizanti_server/share/vizanti_server//public/assets/temp_unknown.svg
[1.385s] -- Up-to-date symlink: /home/pi/ugv_ws/install/vizanti_server/share/vizanti_server//public/assets/temp_warm.svg
[1.388s] -- Up-to-date symlink: /home/pi/ugv_ws/install/vizanti_server/share/vizanti_server//public/assets/tf.svg
[1.389s] -- Up-to-date symlink: /home/pi/ugv_ws/install/vizanti_server/share/vizanti_server//public/assets/tile_error.png
[1.390s] -- Up-to-date symlink: /home/pi/ugv_ws/install/vizanti_server/share/vizanti_server//public/assets/tile_loading.png
[1.391s] -- Up-to-date symlink: /home/pi/ugv_ws/install/vizanti_server/share/vizanti_server//public/assets/waypoints.svg
[1.391s] -- Up-to-date symlink: /home/pi/ugv_ws/install/vizanti_server/share/vizanti_server//public/css/style.css
[1.393s] -- Up-to-date symlink: /home/pi/ugv_ws/install/vizanti_server/share/vizanti_server//public/head.html
[1.394s] -- Up-to-date symlink: /home/pi/ugv_ws/install/vizanti_server/share/vizanti_server//public/iconbar.html
[1.400s] -- Up-to-date symlink: /home/pi/ugv_ws/install/vizanti_server/share/vizanti_server//public/index.html
[1.404s] -- Up-to-date symlink: /home/pi/ugv_ws/install/vizanti_server/share/vizanti_server//public/js/lib/nipplejs.js
[1.408s] -- Up-to-date symlink: /home/pi/ugv_ws/install/vizanti_server/share/vizanti_server//public/js/lib/nipplejs.min.js
[1.410s] -- Up-to-date symlink: /home/pi/ugv_ws/install/vizanti_server/share/vizanti_server//public/js/lib/nipplejs_LICENSE.txt
[1.426s] -- Up-to-date symlink: /home/pi/ugv_ws/install/vizanti_server/share/vizanti_server//public/js/lib/quaternion.min.js
[1.437s] -- Up-to-date symlink: /home/pi/ugv_ws/install/vizanti_server/share/vizanti_server//public/js/lib/quaternionjs_LICENSE.txt
[1.437s] -- Up-to-date symlink: /home/pi/ugv_ws/install/vizanti_server/share/vizanti_server//public/js/lib/roslib.min.js
[1.438s] -- Up-to-date symlink: /home/pi/ugv_ws/install/vizanti_server/share/vizanti_server//public/js/lib/roslibjs_LICENSE.txt
[1.438s] -- Up-to-date symlink: /home/pi/ugv_ws/install/vizanti_server/share/vizanti_server//public/js/main.js
[1.439s] -- Up-to-date symlink: /home/pi/ugv_ws/install/vizanti_server/share/vizanti_server//public/js/modules/database.js
[1.439s] -- Up-to-date symlink: /home/pi/ugv_ws/install/vizanti_server/share/vizanti_server//public/js/modules/elements.js
[1.440s] -- Up-to-date symlink: /home/pi/ugv_ws/install/vizanti_server/share/vizanti_server//public/js/modules/joystick.js
[1.440s] -- Up-to-date symlink: /home/pi/ugv_ws/install/vizanti_server/share/vizanti_server//public/js/modules/navsat.js
[1.440s] -- Up-to-date symlink: /home/pi/ugv_ws/install/vizanti_server/share/vizanti_server//public/js/modules/persistent.js
[1.458s] -- Up-to-date symlink: /home/pi/ugv_ws/install/vizanti_server/share/vizanti_server//public/js/modules/rosbridge.js
[1.458s] -- Up-to-date symlink: /home/pi/ugv_ws/install/vizanti_server/share/vizanti_server//public/js/modules/status.js
[1.459s] -- Up-to-date symlink: /home/pi/ugv_ws/install/vizanti_server/share/vizanti_server//public/js/modules/tf.js
[1.460s] -- Up-to-date symlink: /home/pi/ugv_ws/install/vizanti_server/share/vizanti_server//public/js/modules/util.js
[1.460s] -- Up-to-date symlink: /home/pi/ugv_ws/install/vizanti_server/share/vizanti_server//public/js/modules/view.js
[1.461s] -- Up-to-date symlink: /home/pi/ugv_ws/install/vizanti_server/share/vizanti_server//public/js/setup.js
[1.463s] -- Up-to-date symlink: /home/pi/ugv_ws/install/vizanti_server/share/vizanti_server//public/templates/add/add_icon.html
[1.463s] -- Up-to-date symlink: /home/pi/ugv_ws/install/vizanti_server/share/vizanti_server//public/templates/add/add_modal.html
[1.464s] -- Up-to-date symlink: /home/pi/ugv_ws/install/vizanti_server/share/vizanti_server//public/templates/add/add_script.js
[1.464s] -- Up-to-date symlink: /home/pi/ugv_ws/install/vizanti_server/share/vizanti_server//public/templates/altimeter/altimeter_icon.html
[1.476s] -- Up-to-date symlink: /home/pi/ugv_ws/install/vizanti_server/share/vizanti_server//public/templates/altimeter/altimeter_modal.html
[1.478s] -- Up-to-date symlink: /home/pi/ugv_ws/install/vizanti_server/share/vizanti_server//public/templates/altimeter/altimeter_script.js
[1.479s] -- Up-to-date symlink: /home/pi/ugv_ws/install/vizanti_server/share/vizanti_server//public/templates/altimeter/altimeter_view.html
[1.480s] -- Up-to-date symlink: /home/pi/ugv_ws/install/vizanti_server/share/vizanti_server//public/templates/area/area_icon.html
[1.480s] -- Up-to-date symlink: /home/pi/ugv_ws/install/vizanti_server/share/vizanti_server//public/templates/area/area_modal.html
[1.481s] -- Up-to-date symlink: /home/pi/ugv_ws/install/vizanti_server/share/vizanti_server//public/templates/area/area_script.js
[1.482s] -- Up-to-date symlink: /home/pi/ugv_ws/install/vizanti_server/share/vizanti_server//public/templates/area/area_view.html
[1.482s] -- Up-to-date symlink: /home/pi/ugv_ws/install/vizanti_server/share/vizanti_server//public/templates/battery/battery_icon.html
[1.494s] -- Up-to-date symlink: /home/pi/ugv_ws/install/vizanti_server/share/vizanti_server//public/templates/battery/battery_modal.html
[1.498s] -- Up-to-date symlink: /home/pi/ugv_ws/install/vizanti_server/share/vizanti_server//public/templates/battery/battery_script.js
[1.501s] -- Up-to-date symlink: /home/pi/ugv_ws/install/vizanti_server/share/vizanti_server//public/templates/button/button_icon.html
[1.509s] -- Up-to-date symlink: /home/pi/ugv_ws/install/vizanti_server/share/vizanti_server//public/templates/button/button_modal.html
[1.510s] -- Up-to-date symlink: /home/pi/ugv_ws/install/vizanti_server/share/vizanti_server//public/templates/button/button_script.js
[1.513s] -- Up-to-date symlink: /home/pi/ugv_ws/install/vizanti_server/share/vizanti_server//public/templates/compressedimage/compressedimage_icon.html
[1.514s] -- Up-to-date symlink: /home/pi/ugv_ws/install/vizanti_server/share/vizanti_server//public/templates/compressedimage/compressedimage_modal.html
[1.515s] -- Up-to-date symlink: /home/pi/ugv_ws/install/vizanti_server/share/vizanti_server//public/templates/compressedimage/compressedimage_script.js
[1.516s] -- Up-to-date symlink: /home/pi/ugv_ws/install/vizanti_server/share/vizanti_server//public/templates/compressedimage/compressedimage_view.html
[1.516s] -- Up-to-date symlink: /home/pi/ugv_ws/install/vizanti_server/share/vizanti_server//public/templates/folder/folder_icon.html
[1.522s] -- Up-to-date symlink: /home/pi/ugv_ws/install/vizanti_server/share/vizanti_server//public/templates/folder/folder_modal.html
[1.523s] -- Up-to-date symlink: /home/pi/ugv_ws/install/vizanti_server/share/vizanti_server//public/templates/folder/folder_script.js
[1.536s] -- Up-to-date symlink: /home/pi/ugv_ws/install/vizanti_server/share/vizanti_server//public/templates/grid/grid_icon.html
[1.541s] -- Up-to-date symlink: /home/pi/ugv_ws/install/vizanti_server/share/vizanti_server//public/templates/grid/grid_modal.html
[1.544s] -- Up-to-date symlink: /home/pi/ugv_ws/install/vizanti_server/share/vizanti_server//public/templates/grid/grid_script.js
[1.547s] -- Up-to-date symlink: /home/pi/ugv_ws/install/vizanti_server/share/vizanti_server//public/templates/grid/grid_view.html
[1.567s] -- Up-to-date symlink: /home/pi/ugv_ws/install/vizanti_server/share/vizanti_server//public/templates/gridcells/gridcells_icon.html
[1.575s] -- Up-to-date symlink: /home/pi/ugv_ws/install/vizanti_server/share/vizanti_server//public/templates/gridcells/gridcells_modal.html
[1.577s] -- Up-to-date symlink: /home/pi/ugv_ws/install/vizanti_server/share/vizanti_server//public/templates/gridcells/gridcells_script.js
[1.578s] -- Up-to-date symlink: /home/pi/ugv_ws/install/vizanti_server/share/vizanti_server//public/templates/gridcells/gridcells_view.html
[1.579s] -- Up-to-date symlink: /home/pi/ugv_ws/install/vizanti_server/share/vizanti_server//public/templates/initialpose/initialpose_icon.html
[1.580s] -- Up-to-date symlink: /home/pi/ugv_ws/install/vizanti_server/share/vizanti_server//public/templates/initialpose/initialpose_modal.html
[1.581s] -- Up-to-date symlink: /home/pi/ugv_ws/install/vizanti_server/share/vizanti_server//public/templates/initialpose/initialpose_script.js
[1.595s] -- Up-to-date symlink: /home/pi/ugv_ws/install/vizanti_server/share/vizanti_server//public/templates/initialpose/initialpose_view.html
[1.595s] -- Up-to-date symlink: /home/pi/ugv_ws/install/vizanti_server/share/vizanti_server//public/templates/map/map_icon.html
[1.596s] -- Up-to-date symlink: /home/pi/ugv_ws/install/vizanti_server/share/vizanti_server//public/templates/map/map_modal.html
[1.597s] -- Up-to-date symlink: /home/pi/ugv_ws/install/vizanti_server/share/vizanti_server//public/templates/map/map_script.js
[1.597s] -- Up-to-date symlink: /home/pi/ugv_ws/install/vizanti_server/share/vizanti_server//public/templates/map/map_view.html
[1.598s] -- Up-to-date symlink: /home/pi/ugv_ws/install/vizanti_server/share/vizanti_server//public/templates/map/map_worker.js
[1.599s] -- Up-to-date symlink: /home/pi/ugv_ws/install/vizanti_server/share/vizanti_server//public/templates/markerarray/markerarray_icon.html
[1.600s] -- Up-to-date symlink: /home/pi/ugv_ws/install/vizanti_server/share/vizanti_server//public/templates/markerarray/markerarray_modal.html
[1.601s] -- Up-to-date symlink: /home/pi/ugv_ws/install/vizanti_server/share/vizanti_server//public/templates/markerarray/markerarray_script.js
[1.601s] -- Up-to-date symlink: /home/pi/ugv_ws/install/vizanti_server/share/vizanti_server//public/templates/markerarray/markerarray_view.html
[1.639s] -- Up-to-date symlink: /home/pi/ugv_ws/install/vizanti_server/share/vizanti_server//public/templates/nodemgr/nodemgr_icon.html
[1.640s] -- Up-to-date symlink: /home/pi/ugv_ws/install/vizanti_server/share/vizanti_server//public/templates/nodemgr/nodemgr_modal.html
[1.641s] -- Up-to-date symlink: /home/pi/ugv_ws/install/vizanti_server/share/vizanti_server//public/templates/nodemgr/nodemgr_script.js
[1.641s] -- Up-to-date symlink: /home/pi/ugv_ws/install/vizanti_server/share/vizanti_server//public/templates/path/path_icon.html
[1.642s] -- Up-to-date symlink: /home/pi/ugv_ws/install/vizanti_server/share/vizanti_server//public/templates/path/path_modal.html
[1.642s] -- Up-to-date symlink: /home/pi/ugv_ws/install/vizanti_server/share/vizanti_server//public/templates/path/path_script.js
[1.643s] -- Up-to-date symlink: /home/pi/ugv_ws/install/vizanti_server/share/vizanti_server//public/templates/path/path_view.html
[1.643s] -- Up-to-date symlink: /home/pi/ugv_ws/install/vizanti_server/share/vizanti_server//public/templates/pointcloud/pointcloud_icon.html
[1.644s] -- Up-to-date symlink: /home/pi/ugv_ws/install/vizanti_server/share/vizanti_server//public/templates/pointcloud/pointcloud_modal.html
[1.645s] -- Up-to-date symlink: /home/pi/ugv_ws/install/vizanti_server/share/vizanti_server//public/templates/pointcloud/pointcloud_script.js
[1.666s] -- Up-to-date symlink: /home/pi/ugv_ws/install/vizanti_server/share/vizanti_server//public/templates/pointcloud/pointcloud_view.html
[1.667s] -- Up-to-date symlink: /home/pi/ugv_ws/install/vizanti_server/share/vizanti_server//public/templates/posearray/posearray_icon.html
[1.667s] -- Up-to-date symlink: /home/pi/ugv_ws/install/vizanti_server/share/vizanti_server//public/templates/posearray/posearray_modal.html
[1.668s] -- Up-to-date symlink: /home/pi/ugv_ws/install/vizanti_server/share/vizanti_server//public/templates/posearray/posearray_script.js
[1.668s] -- Up-to-date symlink: /home/pi/ugv_ws/install/vizanti_server/share/vizanti_server//public/templates/posearray/posearray_view.html
[1.669s] -- Up-to-date symlink: /home/pi/ugv_ws/install/vizanti_server/share/vizanti_server//public/templates/posewithcovariancestamped/posewithcovariancestamped_icon.html
[1.670s] -- Up-to-date symlink: /home/pi/ugv_ws/install/vizanti_server/share/vizanti_server//public/templates/posewithcovariancestamped/posewithcovariancestamped_modal.html
[1.670s] -- Up-to-date symlink: /home/pi/ugv_ws/install/vizanti_server/share/vizanti_server//public/templates/posewithcovariancestamped/posewithcovariancestamped_script.js
[1.671s] -- Up-to-date symlink: /home/pi/ugv_ws/install/vizanti_server/share/vizanti_server//public/templates/posewithcovariancestamped/posewithcovariancestamped_view.html
[1.671s] -- Up-to-date symlink: /home/pi/ugv_ws/install/vizanti_server/share/vizanti_server//public/templates/range/range_icon.html
[1.672s] -- Up-to-date symlink: /home/pi/ugv_ws/install/vizanti_server/share/vizanti_server//public/templates/range/range_modal.html
[1.673s] -- Up-to-date symlink: /home/pi/ugv_ws/install/vizanti_server/share/vizanti_server//public/templates/range/range_script.js
[1.724s] -- Up-to-date symlink: /home/pi/ugv_ws/install/vizanti_server/share/vizanti_server//public/templates/range/range_view.html
[1.729s] -- Up-to-date symlink: /home/pi/ugv_ws/install/vizanti_server/share/vizanti_server//public/templates/reconfigure/reconfigure_icon.html
[1.735s] -- Up-to-date symlink: /home/pi/ugv_ws/install/vizanti_server/share/vizanti_server//public/templates/reconfigure/reconfigure_modal.html
[1.741s] -- Up-to-date symlink: /home/pi/ugv_ws/install/vizanti_server/share/vizanti_server//public/templates/reconfigure/reconfigure_script.js
[1.760s] -- Up-to-date symlink: /home/pi/ugv_ws/install/vizanti_server/share/vizanti_server//public/templates/robotmodel/robotmodel_icon.html
[1.765s] -- Up-to-date symlink: /home/pi/ugv_ws/install/vizanti_server/share/vizanti_server//public/templates/robotmodel/robotmodel_modal.html
[1.771s] -- Up-to-date symlink: /home/pi/ugv_ws/install/vizanti_server/share/vizanti_server//public/templates/robotmodel/robotmodel_script.js
[1.782s] -- Up-to-date symlink: /home/pi/ugv_ws/install/vizanti_server/share/vizanti_server//public/templates/robotmodel/robotmodel_view.html
[1.789s] -- Up-to-date symlink: /home/pi/ugv_ws/install/vizanti_server/share/vizanti_server//public/templates/rosbag/rosbag_icon.html
[1.790s] -- Up-to-date symlink: /home/pi/ugv_ws/install/vizanti_server/share/vizanti_server//public/templates/rosbag/rosbag_modal.html
[1.791s] -- Up-to-date symlink: /home/pi/ugv_ws/install/vizanti_server/share/vizanti_server//public/templates/rosbag/rosbag_script.js
[1.791s] -- Up-to-date symlink: /home/pi/ugv_ws/install/vizanti_server/share/vizanti_server//public/templates/rosbridge/rosbridge_icon.html
[1.820s] -- Up-to-date symlink: /home/pi/ugv_ws/install/vizanti_server/share/vizanti_server//public/templates/rosbridge/rosbridge_modal.html
[1.821s] -- Up-to-date symlink: /home/pi/ugv_ws/install/vizanti_server/share/vizanti_server//public/templates/rosbridge/rosbridge_script.js
[1.822s] -- Up-to-date symlink: /home/pi/ugv_ws/install/vizanti_server/share/vizanti_server//public/templates/satelite/satelite_icon.html
[1.823s] -- Up-to-date symlink: /home/pi/ugv_ws/install/vizanti_server/share/vizanti_server//public/templates/satelite/satelite_modal.html
[1.824s] -- Up-to-date symlink: /home/pi/ugv_ws/install/vizanti_server/share/vizanti_server//public/templates/satelite/satelite_script.js
[1.850s] -- Up-to-date symlink: /home/pi/ugv_ws/install/vizanti_server/share/vizanti_server//public/templates/satelite/satelite_view.html
[1.851s] -- Up-to-date symlink: /home/pi/ugv_ws/install/vizanti_server/share/vizanti_server//public/templates/scan/scan_icon.html
[1.852s] -- Up-to-date symlink: /home/pi/ugv_ws/install/vizanti_server/share/vizanti_server//public/templates/scan/scan_modal.html
[1.852s] -- Up-to-date symlink: /home/pi/ugv_ws/install/vizanti_server/share/vizanti_server//public/templates/scan/scan_script.js
[1.854s] -- Up-to-date symlink: /home/pi/ugv_ws/install/vizanti_server/share/vizanti_server//public/templates/scan/scan_view.html
[1.860s] -- Up-to-date symlink: /home/pi/ugv_ws/install/vizanti_server/share/vizanti_server//public/templates/settings/settings_icon.html
[1.871s] -- Up-to-date symlink: /home/pi/ugv_ws/install/vizanti_server/share/vizanti_server//public/templates/settings/settings_modal.html
[1.873s] -- Up-to-date symlink: /home/pi/ugv_ws/install/vizanti_server/share/vizanti_server//public/templates/settings/settings_script.js
[1.876s] -- Up-to-date symlink: /home/pi/ugv_ws/install/vizanti_server/share/vizanti_server//public/templates/simplegoal/simplegoal_icon.html
[1.886s] -- Up-to-date symlink: /home/pi/ugv_ws/install/vizanti_server/share/vizanti_server//public/templates/simplegoal/simplegoal_modal.html
[1.886s] -- Up-to-date symlink: /home/pi/ugv_ws/install/vizanti_server/share/vizanti_server//public/templates/simplegoal/simplegoal_script.js
[1.888s] -- Up-to-date symlink: /home/pi/ugv_ws/install/vizanti_server/share/vizanti_server//public/templates/simplegoal/simplegoal_view.html
[1.909s] -- Up-to-date symlink: /home/pi/ugv_ws/install/vizanti_server/share/vizanti_server//public/templates/teleop/teleop_icon.html
[1.910s] -- Up-to-date symlink: /home/pi/ugv_ws/install/vizanti_server/share/vizanti_server//public/templates/teleop/teleop_modal.html
[1.911s] -- Up-to-date symlink: /home/pi/ugv_ws/install/vizanti_server/share/vizanti_server//public/templates/teleop/teleop_script.js
[1.964s] -- Up-to-date symlink: /home/pi/ugv_ws/install/vizanti_server/share/vizanti_server//public/templates/teleop/teleop_view.html
[1.967s] -- Up-to-date symlink: /home/pi/ugv_ws/install/vizanti_server/share/vizanti_server//public/templates/temperature/temperature_icon.html
[1.967s] -- Up-to-date symlink: /home/pi/ugv_ws/install/vizanti_server/share/vizanti_server//public/templates/temperature/temperature_modal.html
[1.968s] -- Up-to-date symlink: /home/pi/ugv_ws/install/vizanti_server/share/vizanti_server//public/templates/temperature/temperature_script.js
[1.969s] -- Up-to-date symlink: /home/pi/ugv_ws/install/vizanti_server/share/vizanti_server//public/templates/tf/tf_icon.html
[1.969s] -- Up-to-date symlink: /home/pi/ugv_ws/install/vizanti_server/share/vizanti_server//public/templates/tf/tf_modal.html
[1.970s] -- Up-to-date symlink: /home/pi/ugv_ws/install/vizanti_server/share/vizanti_server//public/templates/tf/tf_script.js
[1.971s] -- Up-to-date symlink: /home/pi/ugv_ws/install/vizanti_server/share/vizanti_server//public/templates/tf/tf_view.html
[1.971s] -- Up-to-date symlink: /home/pi/ugv_ws/install/vizanti_server/share/vizanti_server//public/templates/waypoints/waypoints_icon.html
[1.972s] -- Up-to-date symlink: /home/pi/ugv_ws/install/vizanti_server/share/vizanti_server//public/templates/waypoints/waypoints_modal.html
[1.973s] -- Up-to-date symlink: /home/pi/ugv_ws/install/vizanti_server/share/vizanti_server//public/templates/waypoints/waypoints_script.js
[1.974s] -- Up-to-date symlink: /home/pi/ugv_ws/install/vizanti_server/share/vizanti_server//public/templates/waypoints/waypoints_view.html
[1.975s] -- Up-to-date symlink: /home/pi/ugv_ws/install/vizanti_server/lib/vizanti_server/server.py
[1.975s] -- Up-to-date symlink: /home/pi/ugv_ws/install/vizanti_server/lib/vizanti_server/service_handler.py
[1.976s] -- Up-to-date symlink: /home/pi/ugv_ws/install/vizanti_server/lib/vizanti_server/rosapi_launch.py
[1.978s] -- Up-to-date symlink: /home/pi/ugv_ws/install/vizanti_server/share/ament_index/resource_index/package_run_dependencies/vizanti_server
[1.979s] -- Up-to-date symlink: /home/pi/ugv_ws/install/vizanti_server/share/ament_index/resource_index/parent_prefix_path/vizanti_server
[1.979s] -- Up-to-date symlink: /home/pi/ugv_ws/install/vizanti_server/share/vizanti_server/environment/ament_prefix_path.sh
[1.980s] -- Up-to-date symlink: /home/pi/ugv_ws/install/vizanti_server/share/vizanti_server/environment/ament_prefix_path.dsv
[1.981s] -- Up-to-date symlink: /home/pi/ugv_ws/install/vizanti_server/share/vizanti_server/environment/path.sh
[1.982s] -- Up-to-date symlink: /home/pi/ugv_ws/install/vizanti_server/share/vizanti_server/environment/path.dsv
[1.983s] -- Up-to-date symlink: /home/pi/ugv_ws/install/vizanti_server/share/vizanti_server/local_setup.bash
[1.983s] -- Up-to-date symlink: /home/pi/ugv_ws/install/vizanti_server/share/vizanti_server/local_setup.sh
[1.984s] -- Up-to-date symlink: /home/pi/ugv_ws/install/vizanti_server/share/vizanti_server/local_setup.zsh
[1.985s] -- Up-to-date symlink: /home/pi/ugv_ws/install/vizanti_server/share/vizanti_server/local_setup.dsv
[1.986s] -- Symlinking: /home/pi/ugv_ws/install/vizanti_server/share/vizanti_server/package.dsv
[1.992s] -- Up-to-date symlink: /home/pi/ugv_ws/install/vizanti_server/share/ament_index/resource_index/packages/vizanti_server
[1.993s] -- Up-to-date symlink: /home/pi/ugv_ws/install/vizanti_server/share/vizanti_server/cmake/vizanti_serverConfig.cmake
[1.994s] -- Up-to-date symlink: /home/pi/ugv_ws/install/vizanti_server/share/vizanti_server/cmake/vizanti_serverConfig-version.cmake
[1.995s] -- Up-to-date symlink: /home/pi/ugv_ws/install/vizanti_server/share/vizanti_server/package.xml
[1.997s] Invoked command in '/home/pi/ugv_ws/build/vizanti_server' returned '0': CMAKE_PREFIX_PATH=/home/pi/ugv_ws/install/vizanti_msgs:/home/pi/ugv_ws/install/vizanti:/home/pi/ugv_ws/install/vizanti_server:/home/pi/ugv_ws/install/vizanti_demos:/home/pi/ugv_ws/install/vizanti_cpp:/home/pi/ugv_ws/install/ugv_slam:/home/pi/ugv_ws/install/ugv_nav:/home/pi/ugv_ws/install/ugv_interface:/home/pi/ugv_ws/install/ugv_gazebo:/home/pi/ugv_ws/install/ugv_description:/home/pi/ugv_ws/install/ugv_base_node:/home/pi/ugv_ws/install/teb_local_planner:/home/pi/ugv_ws/install/teb_msgs:/home/pi/ugv_ws/install/sllidar_ros2:/home/pi/ugv_ws/install/slam_gmapping:/home/pi/ugv_ws/install/robot_pose_publisher:/home/pi/ugv_ws/install/rf2o_laser_odometry:/home/pi/ugv_ws/install/openslam_gmapping:/home/pi/ugv_ws/install/ldlidar:/home/pi/ugv_ws/install/explore_lite:/home/pi/ugv_ws/install/emcl2:/home/pi/ugv_ws/install/costmap_converter:/home/pi/ugv_ws/install/costmap_converter_msgs:/home/pi/ugv_ws/install/cartographer:/home/pi/ugv_ws/install/apriltag_ros:/home/pi/ugv_ws/install/apriltag_msgs:/home/pi/ugv_ws/install/apriltag:/home/pi/ugv_ws/install/ugv_web_app:/home/pi/ugv_ws/install/ugv_vision:/home/pi/ugv_ws/install/ugv_tools:/home/pi/ugv_ws/install/ugv_chat_ai:/home/pi/ugv_ws/install/ugv_bringup:/opt/ros/humble /usr/bin/cmake --install /home/pi/ugv_ws/build/vizanti_server
