[0.150s] Invoking command in '/home/pi/ugv_ws/build/rf2o_laser_odometry': CMAKE_PREFIX_PATH=/opt/ros/humble /usr/bin/cmake --build /home/pi/ugv_ws/build/rf2o_laser_odometry -- -j4 -l4
[0.694s] [ 60%] Built target rf2o_laser_odometry_node
[0.833s] [100%] Built target rf2o_laser_odometry
[0.929s] Invoked command in '/home/pi/ugv_ws/build/rf2o_laser_odometry' returned '0': CMAKE_PREFIX_PATH=/opt/ros/humble /usr/bin/cmake --build /home/pi/ugv_ws/build/rf2o_laser_odometry -- -j4 -l4
[0.930s] Invoking command in '/home/pi/ugv_ws/build/rf2o_laser_odometry': CMAKE_PREFIX_PATH=/opt/ros/humble /usr/bin/cmake --install /home/pi/ugv_ws/build/rf2o_laser_odometry
[1.060s] -- Install configuration: ""
[1.060s] -- Execute custom install script
[1.070s] -- Up-to-date symlink: /home/pi/ugv_ws/install/rf2o_laser_odometry/lib/rf2o_laser_odometry/rf2o_laser_odometry_node
[1.071s] -- Up-to-date symlink: /home/pi/ugv_ws/install/rf2o_laser_odometry/share/rf2o_laser_odometry/launch/rf2o_laser_odometry.launch.py
[1.073s] -- Up-to-date symlink: /home/pi/ugv_ws/install/rf2o_laser_odometry/share/ament_index/resource_index/package_run_dependencies/rf2o_laser_odometry
[1.074s] -- Up-to-date symlink: /home/pi/ugv_ws/install/rf2o_laser_odometry/share/ament_index/resource_index/parent_prefix_path/rf2o_laser_odometry
[1.075s] -- Up-to-date symlink: /home/pi/ugv_ws/install/rf2o_laser_odometry/share/rf2o_laser_odometry/environment/ament_prefix_path.sh
[1.098s] -- Up-to-date symlink: /home/pi/ugv_ws/install/rf2o_laser_odometry/share/rf2o_laser_odometry/environment/ament_prefix_path.dsv
[1.102s] -- Up-to-date symlink: /home/pi/ugv_ws/install/rf2o_laser_odometry/share/rf2o_laser_odometry/environment/path.sh
[1.114s] -- Up-to-date symlink: /home/pi/ugv_ws/install/rf2o_laser_odometry/share/rf2o_laser_odometry/environment/path.dsv
[1.119s] -- Up-to-date symlink: /home/pi/ugv_ws/install/rf2o_laser_odometry/share/rf2o_laser_odometry/local_setup.bash
[1.122s] -- Up-to-date symlink: /home/pi/ugv_ws/install/rf2o_laser_odometry/share/rf2o_laser_odometry/local_setup.sh
[1.134s] -- Up-to-date symlink: /home/pi/ugv_ws/install/rf2o_laser_odometry/share/rf2o_laser_odometry/local_setup.zsh
[1.146s] -- Up-to-date symlink: /home/pi/ugv_ws/install/rf2o_laser_odometry/share/rf2o_laser_odometry/local_setup.dsv
[1.149s] -- Symlinking: /home/pi/ugv_ws/install/rf2o_laser_odometry/share/rf2o_laser_odometry/package.dsv
[1.212s] -- Up-to-date symlink: /home/pi/ugv_ws/install/rf2o_laser_odometry/share/ament_index/resource_index/packages/rf2o_laser_odometry
[1.215s] -- Up-to-date symlink: /home/pi/ugv_ws/install/rf2o_laser_odometry/share/rf2o_laser_odometry/cmake/rf2o_laser_odometryConfig.cmake
[1.218s] -- Up-to-date symlink: /home/pi/ugv_ws/install/rf2o_laser_odometry/share/rf2o_laser_odometry/cmake/rf2o_laser_odometryConfig-version.cmake
[1.221s] -- Up-to-date symlink: /home/pi/ugv_ws/install/rf2o_laser_odometry/share/rf2o_laser_odometry/package.xml
[1.237s] Invoked command in '/home/pi/ugv_ws/build/rf2o_laser_odometry' returned '0': CMAKE_PREFIX_PATH=/opt/ros/humble /usr/bin/cmake --install /home/pi/ugv_ws/build/rf2o_laser_odometry
