[0.352s] Invoking command in '/home/pi/ugv_ws/build/apriltag_ros': AMENT_PREFIX_PATH=/home/pi/ugv_ws/install/apriltag_msgs:${AMENT_PREFIX_PATH} CMAKE_PREFIX_PATH=/home/pi/ugv_ws/install/apriltag_msgs:/home/pi/ugv_ws/install/apriltag:/opt/ros/humble LD_LIBRARY_PATH=/home/pi/ugv_ws/install/apriltag_msgs/lib:/home/pi/ugv_ws/install/apriltag/lib:${LD_LIBRARY_PATH} PATH=/home/pi/ugv_ws/install/apriltag/bin:${PATH} PKG_CONFIG_PATH=/home/pi/ugv_ws/install/apriltag/lib/aarch64-linux-gnu/pkgconfig:/home/pi/ugv_ws/install/apriltag/lib/pkgconfig PYTHONPATH=/home/pi/ugv_ws/install/apriltag_msgs/local/lib/python3.10/dist-packages:/home/pi/ugv_ws/install/apriltag/lib/python3.10/site-packages:${PYTHONPATH} /usr/bin/cmake --build /home/pi/ugv_ws/build/apriltag_ros -- -j4 -l4
[1.306s] [ 50%] Built target tag_detector
[1.721s] [100%] Built target AprilTagNode
[1.787s] Invoked command in '/home/pi/ugv_ws/build/apriltag_ros' returned '0': AMENT_PREFIX_PATH=/home/pi/ugv_ws/install/apriltag_msgs:${AMENT_PREFIX_PATH} CMAKE_PREFIX_PATH=/home/pi/ugv_ws/install/apriltag_msgs:/home/pi/ugv_ws/install/apriltag:/opt/ros/humble LD_LIBRARY_PATH=/home/pi/ugv_ws/install/apriltag_msgs/lib:/home/pi/ugv_ws/install/apriltag/lib:${LD_LIBRARY_PATH} PATH=/home/pi/ugv_ws/install/apriltag/bin:${PATH} PKG_CONFIG_PATH=/home/pi/ugv_ws/install/apriltag/lib/aarch64-linux-gnu/pkgconfig:/home/pi/ugv_ws/install/apriltag/lib/pkgconfig PYTHONPATH=/home/pi/ugv_ws/install/apriltag_msgs/local/lib/python3.10/dist-packages:/home/pi/ugv_ws/install/apriltag/lib/python3.10/site-packages:${PYTHONPATH} /usr/bin/cmake --build /home/pi/ugv_ws/build/apriltag_ros -- -j4 -l4
[1.789s] Invoking command in '/home/pi/ugv_ws/build/apriltag_ros': AMENT_PREFIX_PATH=/home/pi/ugv_ws/install/apriltag_msgs:${AMENT_PREFIX_PATH} CMAKE_PREFIX_PATH=/home/pi/ugv_ws/install/apriltag_msgs:/home/pi/ugv_ws/install/apriltag:/opt/ros/humble LD_LIBRARY_PATH=/home/pi/ugv_ws/install/apriltag_msgs/lib:/home/pi/ugv_ws/install/apriltag/lib:${LD_LIBRARY_PATH} PATH=/home/pi/ugv_ws/install/apriltag/bin:${PATH} PKG_CONFIG_PATH=/home/pi/ugv_ws/install/apriltag/lib/aarch64-linux-gnu/pkgconfig:/home/pi/ugv_ws/install/apriltag/lib/pkgconfig PYTHONPATH=/home/pi/ugv_ws/install/apriltag_msgs/local/lib/python3.10/dist-packages:/home/pi/ugv_ws/install/apriltag/lib/python3.10/site-packages:${PYTHONPATH} /usr/bin/cmake --install /home/pi/ugv_ws/build/apriltag_ros
[1.886s] -- Install configuration: ""
[1.898s] -- Execute custom install script
[1.904s] -- Up-to-date symlink: /home/pi/ugv_ws/install/apriltag_ros/share/apriltag_ros/environment/library_path.sh
[1.917s] -- Up-to-date symlink: /home/pi/ugv_ws/install/apriltag_ros/share/apriltag_ros/environment/library_path.dsv
[1.924s] -- Up-to-date symlink: /home/pi/ugv_ws/install/apriltag_ros/share/apriltag_ros/cfg/tags_16h5_all.yaml
[1.928s] -- Up-to-date symlink: /home/pi/ugv_ws/install/apriltag_ros/share/apriltag_ros/cfg/tags_16h5_filtered.yaml
[1.931s] -- Up-to-date symlink: /home/pi/ugv_ws/install/apriltag_ros/share/apriltag_ros/cfg/tags_36h11_all.yaml
[1.935s] -- Up-to-date symlink: /home/pi/ugv_ws/install/apriltag_ros/share/apriltag_ros/cfg/tags_36h11_filter.yaml
[1.952s] -- Up-to-date symlink: /home/pi/ugv_ws/install/apriltag_ros/share/apriltag_ros/launch/bringup.launch.py
[1.957s] -- Up-to-date symlink: /home/pi/ugv_ws/install/apriltag_ros/share/apriltag_ros/launch/tag_gazebo.launch.py
[1.961s] -- Up-to-date symlink: /home/pi/ugv_ws/install/apriltag_ros/share/apriltag_ros/launch/tag_realsense.launch.py
[1.972s] -- Up-to-date symlink: /home/pi/ugv_ws/install/apriltag_ros/share/ament_index/resource_index/package_run_dependencies/apriltag_ros
[1.973s] -- Up-to-date symlink: /home/pi/ugv_ws/install/apriltag_ros/share/ament_index/resource_index/parent_prefix_path/apriltag_ros
[1.979s] -- Up-to-date symlink: /home/pi/ugv_ws/install/apriltag_ros/share/apriltag_ros/environment/ament_prefix_path.sh
[1.980s] -- Up-to-date symlink: /home/pi/ugv_ws/install/apriltag_ros/share/apriltag_ros/environment/ament_prefix_path.dsv
[1.993s] -- Up-to-date symlink: /home/pi/ugv_ws/install/apriltag_ros/share/apriltag_ros/environment/path.sh
[1.996s] -- Up-to-date symlink: /home/pi/ugv_ws/install/apriltag_ros/share/apriltag_ros/environment/path.dsv
[2.004s] -- Up-to-date symlink: /home/pi/ugv_ws/install/apriltag_ros/share/apriltag_ros/local_setup.bash
[2.006s] -- Up-to-date symlink: /home/pi/ugv_ws/install/apriltag_ros/share/apriltag_ros/local_setup.sh
[2.015s] -- Up-to-date symlink: /home/pi/ugv_ws/install/apriltag_ros/share/apriltag_ros/local_setup.zsh
[2.024s] -- Up-to-date symlink: /home/pi/ugv_ws/install/apriltag_ros/share/apriltag_ros/local_setup.dsv
[2.025s] -- Symlinking: /home/pi/ugv_ws/install/apriltag_ros/share/apriltag_ros/package.dsv
[2.098s] -- Up-to-date symlink: /home/pi/ugv_ws/install/apriltag_ros/share/ament_index/resource_index/packages/apriltag_ros
[2.101s] -- Up-to-date symlink: /home/pi/ugv_ws/install/apriltag_ros/share/ament_index/resource_index/rclcpp_components/apriltag_ros
[2.105s] -- Up-to-date symlink: /home/pi/ugv_ws/install/apriltag_ros/share/apriltag_ros/cmake/ament_cmake_export_dependencies-extras.cmake
[2.109s] -- Up-to-date symlink: /home/pi/ugv_ws/install/apriltag_ros/share/apriltag_ros/cmake/apriltag_rosConfig.cmake
[2.114s] -- Up-to-date symlink: /home/pi/ugv_ws/install/apriltag_ros/share/apriltag_ros/cmake/apriltag_rosConfig-version.cmake
[2.130s] -- Up-to-date symlink: /home/pi/ugv_ws/install/apriltag_ros/share/apriltag_ros/package.xml
[2.133s] -- Up-to-date: /home/pi/ugv_ws/install/apriltag_ros/lib/libAprilTagNode.so
[2.140s] -- Up-to-date: /home/pi/ugv_ws/install/apriltag_ros/bin/tag_detector
[2.168s] Invoked command in '/home/pi/ugv_ws/build/apriltag_ros' returned '0': AMENT_PREFIX_PATH=/home/pi/ugv_ws/install/apriltag_msgs:${AMENT_PREFIX_PATH} CMAKE_PREFIX_PATH=/home/pi/ugv_ws/install/apriltag_msgs:/home/pi/ugv_ws/install/apriltag:/opt/ros/humble LD_LIBRARY_PATH=/home/pi/ugv_ws/install/apriltag_msgs/lib:/home/pi/ugv_ws/install/apriltag/lib:${LD_LIBRARY_PATH} PATH=/home/pi/ugv_ws/install/apriltag/bin:${PATH} PKG_CONFIG_PATH=/home/pi/ugv_ws/install/apriltag/lib/aarch64-linux-gnu/pkgconfig:/home/pi/ugv_ws/install/apriltag/lib/pkgconfig PYTHONPATH=/home/pi/ugv_ws/install/apriltag_msgs/local/lib/python3.10/dist-packages:/home/pi/ugv_ws/install/apriltag/lib/python3.10/site-packages:${PYTHONPATH} /usr/bin/cmake --install /home/pi/ugv_ws/build/apriltag_ros
