[0.093s] Invoking command in '/home/pi/ugv_ws/build/ugv_nav': CMAKE_PREFIX_PATH=${CMAKE_PREFIX_PATH}:/home/pi/ugv_ws/install/ugv_web_app:/home/pi/ugv_ws/install/ugv_vision:/home/pi/ugv_ws/install/ugv_tools:/home/pi/ugv_ws/install/ugv_chat_ai:/home/pi/ugv_ws/install/ugv_bringup:/opt/ros/humble /usr/bin/cmake --build /home/pi/ugv_ws/build/ugv_nav -- -j4 -l4
[0.587s] Invoked command in '/home/pi/ugv_ws/build/ugv_nav' returned '0': CMAKE_PREFIX_PATH=${CMAKE_PREFIX_PATH}:/home/pi/ugv_ws/install/ugv_web_app:/home/pi/ugv_ws/install/ugv_vision:/home/pi/ugv_ws/install/ugv_tools:/home/pi/ugv_ws/install/ugv_chat_ai:/home/pi/ugv_ws/install/ugv_bringup:/opt/ros/humble /usr/bin/cmake --build /home/pi/ugv_ws/build/ugv_nav -- -j4 -l4
[0.596s] Invoking command in '/home/pi/ugv_ws/build/ugv_nav': CMAKE_PREFIX_PATH=${CMAKE_PREFIX_PATH}:/home/pi/ugv_ws/install/ugv_web_app:/home/pi/ugv_ws/install/ugv_vision:/home/pi/ugv_ws/install/ugv_tools:/home/pi/ugv_ws/install/ugv_chat_ai:/home/pi/ugv_ws/install/ugv_bringup:/opt/ros/humble /usr/bin/cmake --install /home/pi/ugv_ws/build/ugv_nav
[0.670s] -- Install configuration: ""
[0.675s] -- Execute custom install script
[0.691s] -- Up-to-date symlink: /home/pi/ugv_ws/install/ugv_nav/share/ugv_nav/launch/bringup_launch.py
[0.693s] -- Up-to-date symlink: /home/pi/ugv_ws/install/ugv_nav/share/ugv_nav/launch/nav.launch.py
[0.695s] -- Up-to-date symlink: /home/pi/ugv_ws/install/ugv_nav/share/ugv_nav/launch/nav_bringup/bringup_launch_cartographer.launch.py
[0.698s] -- Up-to-date symlink: /home/pi/ugv_ws/install/ugv_nav/share/ugv_nav/launch/nav_bringup/cartographer_localization.launch.py
[0.700s] -- Up-to-date symlink: /home/pi/ugv_ws/install/ugv_nav/share/ugv_nav/launch/nav_bringup/localization_launch.py
[0.702s] -- Up-to-date symlink: /home/pi/ugv_ws/install/ugv_nav/share/ugv_nav/launch/nav_bringup/nav2_bringup.launch.py
[0.704s] -- Up-to-date symlink: /home/pi/ugv_ws/install/ugv_nav/share/ugv_nav/launch/nav_rtabmap.launch.py
[0.707s] -- Up-to-date symlink: /home/pi/ugv_ws/install/ugv_nav/share/ugv_nav/launch/rtabmap_localization_launch.py
[0.709s] -- Up-to-date symlink: /home/pi/ugv_ws/install/ugv_nav/share/ugv_nav/launch/slam_nav.launch.py
[0.712s] -- Up-to-date symlink: /home/pi/ugv_ws/install/ugv_nav/share/ugv_nav/param/amcl_dwa.yaml
[0.716s] -- Up-to-date symlink: /home/pi/ugv_ws/install/ugv_nav/share/ugv_nav/param/amcl_teb.yaml
[0.718s] -- Up-to-date symlink: /home/pi/ugv_ws/install/ugv_nav/share/ugv_nav/param/emcl_dwa.yaml
[0.720s] -- Up-to-date symlink: /home/pi/ugv_ws/install/ugv_nav/share/ugv_nav/param/emcl_teb.yaml
[0.722s] -- Up-to-date symlink: /home/pi/ugv_ws/install/ugv_nav/share/ugv_nav/param/rtabmap_dwa.yaml
[0.727s] -- Up-to-date symlink: /home/pi/ugv_ws/install/ugv_nav/share/ugv_nav/param/rtabmap_teb.yaml
[0.730s] -- Up-to-date symlink: /home/pi/ugv_ws/install/ugv_nav/share/ugv_nav/param/slam_nav.yaml
[0.734s] -- Up-to-date symlink: /home/pi/ugv_ws/install/ugv_nav/share/ugv_nav/maps/map.pbstream
[0.736s] -- Up-to-date symlink: /home/pi/ugv_ws/install/ugv_nav/share/ugv_nav/maps/map.pgm
[0.738s] -- Up-to-date symlink: /home/pi/ugv_ws/install/ugv_nav/share/ugv_nav/maps/map.yaml
[0.741s] -- Up-to-date symlink: /home/pi/ugv_ws/install/ugv_nav/share/ugv_nav/maps/map_server_params.yaml
[0.744s] -- Up-to-date symlink: /home/pi/ugv_ws/install/ugv_nav/share/ugv_nav/rviz/view_nav_2d.rviz
[0.746s] -- Up-to-date symlink: /home/pi/ugv_ws/install/ugv_nav/share/ugv_nav/rviz/view_nav_3d.rviz
[0.749s] -- Up-to-date symlink: /home/pi/ugv_ws/install/ugv_nav/share/ament_index/resource_index/package_run_dependencies/ugv_nav
[0.751s] -- Up-to-date symlink: /home/pi/ugv_ws/install/ugv_nav/share/ament_index/resource_index/parent_prefix_path/ugv_nav
[0.754s] -- Up-to-date symlink: /home/pi/ugv_ws/install/ugv_nav/share/ugv_nav/environment/ament_prefix_path.sh
[0.757s] -- Up-to-date symlink: /home/pi/ugv_ws/install/ugv_nav/share/ugv_nav/environment/ament_prefix_path.dsv
[0.760s] -- Up-to-date symlink: /home/pi/ugv_ws/install/ugv_nav/share/ugv_nav/environment/path.sh
[0.762s] -- Up-to-date symlink: /home/pi/ugv_ws/install/ugv_nav/share/ugv_nav/environment/path.dsv
[0.765s] -- Up-to-date symlink: /home/pi/ugv_ws/install/ugv_nav/share/ugv_nav/local_setup.bash
[0.767s] -- Up-to-date symlink: /home/pi/ugv_ws/install/ugv_nav/share/ugv_nav/local_setup.sh
[0.770s] -- Up-to-date symlink: /home/pi/ugv_ws/install/ugv_nav/share/ugv_nav/local_setup.zsh
[0.772s] -- Up-to-date symlink: /home/pi/ugv_ws/install/ugv_nav/share/ugv_nav/local_setup.dsv
[0.774s] -- Symlinking: /home/pi/ugv_ws/install/ugv_nav/share/ugv_nav/package.dsv
[0.832s] -- Up-to-date symlink: /home/pi/ugv_ws/install/ugv_nav/share/ament_index/resource_index/packages/ugv_nav
[0.834s] -- Up-to-date symlink: /home/pi/ugv_ws/install/ugv_nav/share/ugv_nav/cmake/ugv_navConfig.cmake
[0.838s] -- Up-to-date symlink: /home/pi/ugv_ws/install/ugv_nav/share/ugv_nav/cmake/ugv_navConfig-version.cmake
[0.840s] -- Up-to-date symlink: /home/pi/ugv_ws/install/ugv_nav/share/ugv_nav/package.xml
[0.851s] Invoked command in '/home/pi/ugv_ws/build/ugv_nav' returned '0': CMAKE_PREFIX_PATH=${CMAKE_PREFIX_PATH}:/home/pi/ugv_ws/install/ugv_web_app:/home/pi/ugv_ws/install/ugv_vision:/home/pi/ugv_ws/install/ugv_tools:/home/pi/ugv_ws/install/ugv_chat_ai:/home/pi/ugv_ws/install/ugv_bringup:/opt/ros/humble /usr/bin/cmake --install /home/pi/ugv_ws/build/ugv_nav
