[0.097s] Invoking command in '/home/pi/ugv_ws/build/vizanti_msgs': CMAKE_PREFIX_PATH=/opt/ros/humble /usr/bin/cmake --build /home/pi/ugv_ws/build/vizanti_msgs -- -j4 -l4
[1.231s] [  0%] Built target vizanti_msgs__cpp
[1.232s] [ 12%] Built target vizanti_msgs__rosidl_generator_c
[1.297s] [ 12%] Built target ament_cmake_python_symlink_vizanti_msgs
[1.548s] [ 24%] Built target vizanti_msgs__rosidl_typesupport_introspection_c
[1.673s] [ 35%] Built target vizanti_msgs__rosidl_typesupport_c
[1.693s] [ 46%] Built target vizanti_msgs__rosidl_typesupport_fastrtps_cpp
[1.798s] [ 58%] Built target vizanti_msgs__rosidl_typesupport_fastrtps_c
[2.032s] [ 70%] Built target vizanti_msgs__rosidl_typesupport_introspection_cpp
[2.121s] [ 82%] Built target vizanti_msgs__rosidl_typesupport_cpp
[2.366s] [ 82%] Built target vizanti_msgs
[2.619s] [ 83%] Built target vizanti_msgs__py
[2.806s] [ 94%] Built target vizanti_msgs__rosidl_generator_py
[3.114s] [ 96%] Built target vizanti_msgs__rosidl_typesupport_fastrtps_c__pyext
[3.168s] [ 98%] Built target vizanti_msgs__rosidl_typesupport_c__pyext
[3.175s] [100%] Built target vizanti_msgs__rosidl_typesupport_introspection_c__pyext
[4.414s] running egg_info
[4.430s] writing vizanti_msgs.egg-info/PKG-INFO
[4.449s] writing dependency_links to vizanti_msgs.egg-info/dependency_links.txt
[4.569s] writing top-level names to vizanti_msgs.egg-info/top_level.txt
[4.609s] reading manifest file 'vizanti_msgs.egg-info/SOURCES.txt'
[4.610s] writing manifest file 'vizanti_msgs.egg-info/SOURCES.txt'
[4.728s] [100%] Built target ament_cmake_python_build_vizanti_msgs_egg
[4.926s] Invoked command in '/home/pi/ugv_ws/build/vizanti_msgs' returned '0': CMAKE_PREFIX_PATH=/opt/ros/humble /usr/bin/cmake --build /home/pi/ugv_ws/build/vizanti_msgs -- -j4 -l4
[4.934s] Invoking command in '/home/pi/ugv_ws/build/vizanti_msgs': CMAKE_PREFIX_PATH=/opt/ros/humble /usr/bin/cmake --install /home/pi/ugv_ws/build/vizanti_msgs
[4.966s] -- Install configuration: ""
[4.968s] -- Execute custom install script
[4.970s] -- Up-to-date symlink: /home/pi/ugv_ws/install/vizanti_msgs/share/ament_index/resource_index/rosidl_interfaces/vizanti_msgs
[4.992s] -- Up-to-date symlink: /home/pi/ugv_ws/install/vizanti_msgs/include/vizanti_msgs/vizanti_msgs/msg/rosidl_generator_c__visibility_control.h
[4.994s] -- Up-to-date symlink: /home/pi/ugv_ws/install/vizanti_msgs/include/vizanti_msgs/vizanti_msgs/srv/detail/get_node_parameters__functions.h
[4.995s] -- Up-to-date symlink: /home/pi/ugv_ws/install/vizanti_msgs/include/vizanti_msgs/vizanti_msgs/srv/detail/get_node_parameters__struct.h
[4.998s] -- Up-to-date symlink: /home/pi/ugv_ws/install/vizanti_msgs/include/vizanti_msgs/vizanti_msgs/srv/detail/get_node_parameters__type_support.h
[5.012s] -- Up-to-date symlink: /home/pi/ugv_ws/install/vizanti_msgs/include/vizanti_msgs/vizanti_msgs/srv/detail/launches__functions.h
[5.013s] -- Up-to-date symlink: /home/pi/ugv_ws/install/vizanti_msgs/include/vizanti_msgs/vizanti_msgs/srv/detail/launches__struct.h
[5.014s] -- Up-to-date symlink: /home/pi/ugv_ws/install/vizanti_msgs/include/vizanti_msgs/vizanti_msgs/srv/detail/launches__type_support.h
[5.015s] -- Up-to-date symlink: /home/pi/ugv_ws/install/vizanti_msgs/include/vizanti_msgs/vizanti_msgs/srv/detail/list_executables__functions.h
[5.015s] -- Up-to-date symlink: /home/pi/ugv_ws/install/vizanti_msgs/include/vizanti_msgs/vizanti_msgs/srv/detail/list_executables__struct.h
[5.016s] -- Up-to-date symlink: /home/pi/ugv_ws/install/vizanti_msgs/include/vizanti_msgs/vizanti_msgs/srv/detail/list_executables__type_support.h
[5.016s] -- Up-to-date symlink: /home/pi/ugv_ws/install/vizanti_msgs/include/vizanti_msgs/vizanti_msgs/srv/detail/list_packages__functions.h
[5.017s] -- Up-to-date symlink: /home/pi/ugv_ws/install/vizanti_msgs/include/vizanti_msgs/vizanti_msgs/srv/detail/list_packages__struct.h
[5.024s] -- Up-to-date symlink: /home/pi/ugv_ws/install/vizanti_msgs/include/vizanti_msgs/vizanti_msgs/srv/detail/list_packages__type_support.h
[5.025s] -- Up-to-date symlink: /home/pi/ugv_ws/install/vizanti_msgs/include/vizanti_msgs/vizanti_msgs/srv/detail/load_map__functions.h
[5.026s] -- Up-to-date symlink: /home/pi/ugv_ws/install/vizanti_msgs/include/vizanti_msgs/vizanti_msgs/srv/detail/load_map__struct.h
[5.026s] -- Up-to-date symlink: /home/pi/ugv_ws/install/vizanti_msgs/include/vizanti_msgs/vizanti_msgs/srv/detail/load_map__type_support.h
[5.026s] -- Up-to-date symlink: /home/pi/ugv_ws/install/vizanti_msgs/include/vizanti_msgs/vizanti_msgs/srv/detail/manage_launch__functions.h
[5.027s] -- Up-to-date symlink: /home/pi/ugv_ws/install/vizanti_msgs/include/vizanti_msgs/vizanti_msgs/srv/detail/manage_launch__struct.h
[5.027s] -- Up-to-date symlink: /home/pi/ugv_ws/install/vizanti_msgs/include/vizanti_msgs/vizanti_msgs/srv/detail/manage_launch__type_support.h
[5.028s] -- Up-to-date symlink: /home/pi/ugv_ws/install/vizanti_msgs/include/vizanti_msgs/vizanti_msgs/srv/detail/manage_node__functions.h
[5.029s] -- Up-to-date symlink: /home/pi/ugv_ws/install/vizanti_msgs/include/vizanti_msgs/vizanti_msgs/srv/detail/manage_node__struct.h
[5.029s] -- Up-to-date symlink: /home/pi/ugv_ws/install/vizanti_msgs/include/vizanti_msgs/vizanti_msgs/srv/detail/manage_node__type_support.h
[5.030s] -- Up-to-date symlink: /home/pi/ugv_ws/install/vizanti_msgs/include/vizanti_msgs/vizanti_msgs/srv/detail/record_rosbag__functions.h
[5.047s] -- Up-to-date symlink: /home/pi/ugv_ws/install/vizanti_msgs/include/vizanti_msgs/vizanti_msgs/srv/detail/record_rosbag__struct.h
[5.048s] -- Up-to-date symlink: /home/pi/ugv_ws/install/vizanti_msgs/include/vizanti_msgs/vizanti_msgs/srv/detail/record_rosbag__type_support.h
[5.048s] -- Up-to-date symlink: /home/pi/ugv_ws/install/vizanti_msgs/include/vizanti_msgs/vizanti_msgs/srv/detail/save_map__functions.h
[5.049s] -- Up-to-date symlink: /home/pi/ugv_ws/install/vizanti_msgs/include/vizanti_msgs/vizanti_msgs/srv/detail/save_map__struct.h
[5.051s] -- Up-to-date symlink: /home/pi/ugv_ws/install/vizanti_msgs/include/vizanti_msgs/vizanti_msgs/srv/detail/save_map__type_support.h
[5.052s] -- Up-to-date symlink: /home/pi/ugv_ws/install/vizanti_msgs/include/vizanti_msgs/vizanti_msgs/srv/detail/set_node_parameter__functions.h
[5.063s] -- Up-to-date symlink: /home/pi/ugv_ws/install/vizanti_msgs/include/vizanti_msgs/vizanti_msgs/srv/detail/set_node_parameter__struct.h
[5.064s] -- Up-to-date symlink: /home/pi/ugv_ws/install/vizanti_msgs/include/vizanti_msgs/vizanti_msgs/srv/detail/set_node_parameter__type_support.h
[5.065s] -- Up-to-date symlink: /home/pi/ugv_ws/install/vizanti_msgs/include/vizanti_msgs/vizanti_msgs/srv/get_node_parameters.h
[5.065s] -- Up-to-date symlink: /home/pi/ugv_ws/install/vizanti_msgs/include/vizanti_msgs/vizanti_msgs/srv/launches.h
[5.073s] -- Up-to-date symlink: /home/pi/ugv_ws/install/vizanti_msgs/include/vizanti_msgs/vizanti_msgs/srv/list_executables.h
[5.074s] -- Up-to-date symlink: /home/pi/ugv_ws/install/vizanti_msgs/include/vizanti_msgs/vizanti_msgs/srv/list_packages.h
[5.075s] -- Up-to-date symlink: /home/pi/ugv_ws/install/vizanti_msgs/include/vizanti_msgs/vizanti_msgs/srv/load_map.h
[5.076s] -- Up-to-date symlink: /home/pi/ugv_ws/install/vizanti_msgs/include/vizanti_msgs/vizanti_msgs/srv/manage_launch.h
[5.088s] -- Up-to-date symlink: /home/pi/ugv_ws/install/vizanti_msgs/include/vizanti_msgs/vizanti_msgs/srv/manage_node.h
[5.094s] -- Up-to-date symlink: /home/pi/ugv_ws/install/vizanti_msgs/include/vizanti_msgs/vizanti_msgs/srv/record_rosbag.h
[5.095s] -- Up-to-date symlink: /home/pi/ugv_ws/install/vizanti_msgs/include/vizanti_msgs/vizanti_msgs/srv/save_map.h
[5.095s] -- Up-to-date symlink: /home/pi/ugv_ws/install/vizanti_msgs/include/vizanti_msgs/vizanti_msgs/srv/set_node_parameter.h
[5.096s] -- Up-to-date symlink: /home/pi/ugv_ws/install/vizanti_msgs/share/vizanti_msgs/environment/library_path.sh
[5.097s] -- Up-to-date symlink: /home/pi/ugv_ws/install/vizanti_msgs/share/vizanti_msgs/environment/library_path.dsv
[5.098s] -- Up-to-date symlink: /home/pi/ugv_ws/install/vizanti_msgs/include/vizanti_msgs/vizanti_msgs/msg/rosidl_typesupport_fastrtps_c__visibility_control.h
[5.098s] -- Up-to-date symlink: /home/pi/ugv_ws/install/vizanti_msgs/include/vizanti_msgs/vizanti_msgs/srv/detail/get_node_parameters__rosidl_typesupport_fastrtps_c.h
[5.099s] -- Up-to-date symlink: /home/pi/ugv_ws/install/vizanti_msgs/include/vizanti_msgs/vizanti_msgs/srv/detail/launches__rosidl_typesupport_fastrtps_c.h
[5.100s] -- Up-to-date symlink: /home/pi/ugv_ws/install/vizanti_msgs/include/vizanti_msgs/vizanti_msgs/srv/detail/list_executables__rosidl_typesupport_fastrtps_c.h
[5.103s] -- Up-to-date symlink: /home/pi/ugv_ws/install/vizanti_msgs/include/vizanti_msgs/vizanti_msgs/srv/detail/list_packages__rosidl_typesupport_fastrtps_c.h
[5.103s] -- Up-to-date symlink: /home/pi/ugv_ws/install/vizanti_msgs/include/vizanti_msgs/vizanti_msgs/srv/detail/load_map__rosidl_typesupport_fastrtps_c.h
[5.105s] -- Up-to-date symlink: /home/pi/ugv_ws/install/vizanti_msgs/include/vizanti_msgs/vizanti_msgs/srv/detail/manage_launch__rosidl_typesupport_fastrtps_c.h
[5.109s] -- Up-to-date symlink: /home/pi/ugv_ws/install/vizanti_msgs/include/vizanti_msgs/vizanti_msgs/srv/detail/manage_node__rosidl_typesupport_fastrtps_c.h
[5.110s] -- Up-to-date symlink: /home/pi/ugv_ws/install/vizanti_msgs/include/vizanti_msgs/vizanti_msgs/srv/detail/record_rosbag__rosidl_typesupport_fastrtps_c.h
[5.111s] -- Up-to-date symlink: /home/pi/ugv_ws/install/vizanti_msgs/include/vizanti_msgs/vizanti_msgs/srv/detail/save_map__rosidl_typesupport_fastrtps_c.h
[5.115s] -- Up-to-date symlink: /home/pi/ugv_ws/install/vizanti_msgs/include/vizanti_msgs/vizanti_msgs/srv/detail/set_node_parameter__rosidl_typesupport_fastrtps_c.h
[5.117s] -- Up-to-date symlink: /home/pi/ugv_ws/install/vizanti_msgs/include/vizanti_msgs/vizanti_msgs/msg/rosidl_typesupport_introspection_c__visibility_control.h
[5.118s] -- Up-to-date symlink: /home/pi/ugv_ws/install/vizanti_msgs/include/vizanti_msgs/vizanti_msgs/srv/detail/get_node_parameters__rosidl_typesupport_introspection_c.h
[5.118s] -- Up-to-date symlink: /home/pi/ugv_ws/install/vizanti_msgs/include/vizanti_msgs/vizanti_msgs/srv/detail/launches__rosidl_typesupport_introspection_c.h
[5.119s] -- Up-to-date symlink: /home/pi/ugv_ws/install/vizanti_msgs/include/vizanti_msgs/vizanti_msgs/srv/detail/list_executables__rosidl_typesupport_introspection_c.h
[5.120s] -- Up-to-date symlink: /home/pi/ugv_ws/install/vizanti_msgs/include/vizanti_msgs/vizanti_msgs/srv/detail/list_packages__rosidl_typesupport_introspection_c.h
[5.121s] -- Up-to-date symlink: /home/pi/ugv_ws/install/vizanti_msgs/include/vizanti_msgs/vizanti_msgs/srv/detail/load_map__rosidl_typesupport_introspection_c.h
[5.121s] -- Up-to-date symlink: /home/pi/ugv_ws/install/vizanti_msgs/include/vizanti_msgs/vizanti_msgs/srv/detail/manage_launch__rosidl_typesupport_introspection_c.h
[5.122s] -- Up-to-date symlink: /home/pi/ugv_ws/install/vizanti_msgs/include/vizanti_msgs/vizanti_msgs/srv/detail/manage_node__rosidl_typesupport_introspection_c.h
[5.123s] -- Up-to-date symlink: /home/pi/ugv_ws/install/vizanti_msgs/include/vizanti_msgs/vizanti_msgs/srv/detail/record_rosbag__rosidl_typesupport_introspection_c.h
[5.124s] -- Up-to-date symlink: /home/pi/ugv_ws/install/vizanti_msgs/include/vizanti_msgs/vizanti_msgs/srv/detail/save_map__rosidl_typesupport_introspection_c.h
[5.124s] -- Up-to-date symlink: /home/pi/ugv_ws/install/vizanti_msgs/include/vizanti_msgs/vizanti_msgs/srv/detail/set_node_parameter__rosidl_typesupport_introspection_c.h
[5.125s] -- Up-to-date symlink: /home/pi/ugv_ws/install/vizanti_msgs/include/vizanti_msgs/vizanti_msgs/msg/rosidl_generator_cpp__visibility_control.hpp
[5.126s] -- Up-to-date symlink: /home/pi/ugv_ws/install/vizanti_msgs/include/vizanti_msgs/vizanti_msgs/srv/detail/get_node_parameters__builder.hpp
[5.128s] -- Up-to-date symlink: /home/pi/ugv_ws/install/vizanti_msgs/include/vizanti_msgs/vizanti_msgs/srv/detail/get_node_parameters__struct.hpp
[5.129s] -- Up-to-date symlink: /home/pi/ugv_ws/install/vizanti_msgs/include/vizanti_msgs/vizanti_msgs/srv/detail/get_node_parameters__traits.hpp
[5.131s] -- Up-to-date symlink: /home/pi/ugv_ws/install/vizanti_msgs/include/vizanti_msgs/vizanti_msgs/srv/detail/get_node_parameters__type_support.hpp
[5.131s] -- Up-to-date symlink: /home/pi/ugv_ws/install/vizanti_msgs/include/vizanti_msgs/vizanti_msgs/srv/detail/launches__builder.hpp
[5.132s] -- Up-to-date symlink: /home/pi/ugv_ws/install/vizanti_msgs/include/vizanti_msgs/vizanti_msgs/srv/detail/launches__struct.hpp
[5.132s] -- Up-to-date symlink: /home/pi/ugv_ws/install/vizanti_msgs/include/vizanti_msgs/vizanti_msgs/srv/detail/launches__traits.hpp
[5.133s] -- Up-to-date symlink: /home/pi/ugv_ws/install/vizanti_msgs/include/vizanti_msgs/vizanti_msgs/srv/detail/launches__type_support.hpp
[5.134s] -- Up-to-date symlink: /home/pi/ugv_ws/install/vizanti_msgs/include/vizanti_msgs/vizanti_msgs/srv/detail/list_executables__builder.hpp
[5.134s] -- Up-to-date symlink: /home/pi/ugv_ws/install/vizanti_msgs/include/vizanti_msgs/vizanti_msgs/srv/detail/list_executables__struct.hpp
[5.135s] -- Up-to-date symlink: /home/pi/ugv_ws/install/vizanti_msgs/include/vizanti_msgs/vizanti_msgs/srv/detail/list_executables__traits.hpp
[5.135s] -- Up-to-date symlink: /home/pi/ugv_ws/install/vizanti_msgs/include/vizanti_msgs/vizanti_msgs/srv/detail/list_executables__type_support.hpp
[5.136s] -- Up-to-date symlink: /home/pi/ugv_ws/install/vizanti_msgs/include/vizanti_msgs/vizanti_msgs/srv/detail/list_packages__builder.hpp
[5.137s] -- Up-to-date symlink: /home/pi/ugv_ws/install/vizanti_msgs/include/vizanti_msgs/vizanti_msgs/srv/detail/list_packages__struct.hpp
[5.138s] -- Up-to-date symlink: /home/pi/ugv_ws/install/vizanti_msgs/include/vizanti_msgs/vizanti_msgs/srv/detail/list_packages__traits.hpp
[5.139s] -- Up-to-date symlink: /home/pi/ugv_ws/install/vizanti_msgs/include/vizanti_msgs/vizanti_msgs/srv/detail/list_packages__type_support.hpp
[5.140s] -- Up-to-date symlink: /home/pi/ugv_ws/install/vizanti_msgs/include/vizanti_msgs/vizanti_msgs/srv/detail/load_map__builder.hpp
[5.141s] -- Up-to-date symlink: /home/pi/ugv_ws/install/vizanti_msgs/include/vizanti_msgs/vizanti_msgs/srv/detail/load_map__struct.hpp
[5.143s] -- Up-to-date symlink: /home/pi/ugv_ws/install/vizanti_msgs/include/vizanti_msgs/vizanti_msgs/srv/detail/load_map__traits.hpp
[5.154s] -- Up-to-date symlink: /home/pi/ugv_ws/install/vizanti_msgs/include/vizanti_msgs/vizanti_msgs/srv/detail/load_map__type_support.hpp
[5.154s] -- Up-to-date symlink: /home/pi/ugv_ws/install/vizanti_msgs/include/vizanti_msgs/vizanti_msgs/srv/detail/manage_launch__builder.hpp
[5.155s] -- Up-to-date symlink: /home/pi/ugv_ws/install/vizanti_msgs/include/vizanti_msgs/vizanti_msgs/srv/detail/manage_launch__struct.hpp
[5.156s] -- Up-to-date symlink: /home/pi/ugv_ws/install/vizanti_msgs/include/vizanti_msgs/vizanti_msgs/srv/detail/manage_launch__traits.hpp
[5.157s] -- Up-to-date symlink: /home/pi/ugv_ws/install/vizanti_msgs/include/vizanti_msgs/vizanti_msgs/srv/detail/manage_launch__type_support.hpp
[5.159s] -- Up-to-date symlink: /home/pi/ugv_ws/install/vizanti_msgs/include/vizanti_msgs/vizanti_msgs/srv/detail/manage_node__builder.hpp
[5.170s] -- Up-to-date symlink: /home/pi/ugv_ws/install/vizanti_msgs/include/vizanti_msgs/vizanti_msgs/srv/detail/manage_node__struct.hpp
[5.171s] -- Up-to-date symlink: /home/pi/ugv_ws/install/vizanti_msgs/include/vizanti_msgs/vizanti_msgs/srv/detail/manage_node__traits.hpp
[5.172s] -- Up-to-date symlink: /home/pi/ugv_ws/install/vizanti_msgs/include/vizanti_msgs/vizanti_msgs/srv/detail/manage_node__type_support.hpp
[5.172s] -- Up-to-date symlink: /home/pi/ugv_ws/install/vizanti_msgs/include/vizanti_msgs/vizanti_msgs/srv/detail/record_rosbag__builder.hpp
[5.173s] -- Up-to-date symlink: /home/pi/ugv_ws/install/vizanti_msgs/include/vizanti_msgs/vizanti_msgs/srv/detail/record_rosbag__struct.hpp
[5.173s] -- Up-to-date symlink: /home/pi/ugv_ws/install/vizanti_msgs/include/vizanti_msgs/vizanti_msgs/srv/detail/record_rosbag__traits.hpp
[5.174s] -- Up-to-date symlink: /home/pi/ugv_ws/install/vizanti_msgs/include/vizanti_msgs/vizanti_msgs/srv/detail/record_rosbag__type_support.hpp
[5.175s] -- Up-to-date symlink: /home/pi/ugv_ws/install/vizanti_msgs/include/vizanti_msgs/vizanti_msgs/srv/detail/save_map__builder.hpp
[5.175s] -- Up-to-date symlink: /home/pi/ugv_ws/install/vizanti_msgs/include/vizanti_msgs/vizanti_msgs/srv/detail/save_map__struct.hpp
[5.176s] -- Up-to-date symlink: /home/pi/ugv_ws/install/vizanti_msgs/include/vizanti_msgs/vizanti_msgs/srv/detail/save_map__traits.hpp
[5.177s] -- Up-to-date symlink: /home/pi/ugv_ws/install/vizanti_msgs/include/vizanti_msgs/vizanti_msgs/srv/detail/save_map__type_support.hpp
[5.177s] -- Up-to-date symlink: /home/pi/ugv_ws/install/vizanti_msgs/include/vizanti_msgs/vizanti_msgs/srv/detail/set_node_parameter__builder.hpp
[5.186s] -- Up-to-date symlink: /home/pi/ugv_ws/install/vizanti_msgs/include/vizanti_msgs/vizanti_msgs/srv/detail/set_node_parameter__struct.hpp
[5.187s] -- Up-to-date symlink: /home/pi/ugv_ws/install/vizanti_msgs/include/vizanti_msgs/vizanti_msgs/srv/detail/set_node_parameter__traits.hpp
[5.187s] -- Up-to-date symlink: /home/pi/ugv_ws/install/vizanti_msgs/include/vizanti_msgs/vizanti_msgs/srv/detail/set_node_parameter__type_support.hpp
[5.188s] -- Up-to-date symlink: /home/pi/ugv_ws/install/vizanti_msgs/include/vizanti_msgs/vizanti_msgs/srv/get_node_parameters.hpp
[5.188s] -- Up-to-date symlink: /home/pi/ugv_ws/install/vizanti_msgs/include/vizanti_msgs/vizanti_msgs/srv/launches.hpp
[5.189s] -- Up-to-date symlink: /home/pi/ugv_ws/install/vizanti_msgs/include/vizanti_msgs/vizanti_msgs/srv/list_executables.hpp
[5.190s] -- Up-to-date symlink: /home/pi/ugv_ws/install/vizanti_msgs/include/vizanti_msgs/vizanti_msgs/srv/list_packages.hpp
[5.191s] -- Up-to-date symlink: /home/pi/ugv_ws/install/vizanti_msgs/include/vizanti_msgs/vizanti_msgs/srv/load_map.hpp
[5.192s] -- Up-to-date symlink: /home/pi/ugv_ws/install/vizanti_msgs/include/vizanti_msgs/vizanti_msgs/srv/manage_launch.hpp
[5.202s] -- Up-to-date symlink: /home/pi/ugv_ws/install/vizanti_msgs/include/vizanti_msgs/vizanti_msgs/srv/manage_node.hpp
[5.203s] -- Up-to-date symlink: /home/pi/ugv_ws/install/vizanti_msgs/include/vizanti_msgs/vizanti_msgs/srv/record_rosbag.hpp
[5.203s] -- Up-to-date symlink: /home/pi/ugv_ws/install/vizanti_msgs/include/vizanti_msgs/vizanti_msgs/srv/save_map.hpp
[5.204s] -- Up-to-date symlink: /home/pi/ugv_ws/install/vizanti_msgs/include/vizanti_msgs/vizanti_msgs/srv/set_node_parameter.hpp
[5.205s] -- Up-to-date symlink: /home/pi/ugv_ws/install/vizanti_msgs/include/vizanti_msgs/vizanti_msgs/msg/rosidl_typesupport_fastrtps_cpp__visibility_control.h
[5.205s] -- Up-to-date symlink: /home/pi/ugv_ws/install/vizanti_msgs/include/vizanti_msgs/vizanti_msgs/srv/detail/get_node_parameters__rosidl_typesupport_fastrtps_cpp.hpp
[5.206s] -- Up-to-date symlink: /home/pi/ugv_ws/install/vizanti_msgs/include/vizanti_msgs/vizanti_msgs/srv/detail/launches__rosidl_typesupport_fastrtps_cpp.hpp
[5.208s] -- Up-to-date symlink: /home/pi/ugv_ws/install/vizanti_msgs/include/vizanti_msgs/vizanti_msgs/srv/detail/list_executables__rosidl_typesupport_fastrtps_cpp.hpp
[5.209s] -- Up-to-date symlink: /home/pi/ugv_ws/install/vizanti_msgs/include/vizanti_msgs/vizanti_msgs/srv/detail/list_packages__rosidl_typesupport_fastrtps_cpp.hpp
[5.212s] -- Up-to-date symlink: /home/pi/ugv_ws/install/vizanti_msgs/include/vizanti_msgs/vizanti_msgs/srv/detail/load_map__rosidl_typesupport_fastrtps_cpp.hpp
[5.213s] -- Up-to-date symlink: /home/pi/ugv_ws/install/vizanti_msgs/include/vizanti_msgs/vizanti_msgs/srv/detail/manage_launch__rosidl_typesupport_fastrtps_cpp.hpp
[5.214s] -- Up-to-date symlink: /home/pi/ugv_ws/install/vizanti_msgs/include/vizanti_msgs/vizanti_msgs/srv/detail/manage_node__rosidl_typesupport_fastrtps_cpp.hpp
[5.217s] -- Up-to-date symlink: /home/pi/ugv_ws/install/vizanti_msgs/include/vizanti_msgs/vizanti_msgs/srv/detail/record_rosbag__rosidl_typesupport_fastrtps_cpp.hpp
[5.219s] -- Up-to-date symlink: /home/pi/ugv_ws/install/vizanti_msgs/include/vizanti_msgs/vizanti_msgs/srv/detail/save_map__rosidl_typesupport_fastrtps_cpp.hpp
[5.221s] -- Up-to-date symlink: /home/pi/ugv_ws/install/vizanti_msgs/include/vizanti_msgs/vizanti_msgs/srv/detail/set_node_parameter__rosidl_typesupport_fastrtps_cpp.hpp
[5.223s] -- Up-to-date symlink: /home/pi/ugv_ws/install/vizanti_msgs/include/vizanti_msgs/vizanti_msgs/srv/detail/get_node_parameters__rosidl_typesupport_introspection_cpp.hpp
[5.224s] -- Up-to-date symlink: /home/pi/ugv_ws/install/vizanti_msgs/include/vizanti_msgs/vizanti_msgs/srv/detail/launches__rosidl_typesupport_introspection_cpp.hpp
[5.243s] -- Up-to-date symlink: /home/pi/ugv_ws/install/vizanti_msgs/include/vizanti_msgs/vizanti_msgs/srv/detail/list_executables__rosidl_typesupport_introspection_cpp.hpp
[5.244s] -- Up-to-date symlink: /home/pi/ugv_ws/install/vizanti_msgs/include/vizanti_msgs/vizanti_msgs/srv/detail/list_packages__rosidl_typesupport_introspection_cpp.hpp
[5.245s] -- Up-to-date symlink: /home/pi/ugv_ws/install/vizanti_msgs/include/vizanti_msgs/vizanti_msgs/srv/detail/load_map__rosidl_typesupport_introspection_cpp.hpp
[5.254s] -- Up-to-date symlink: /home/pi/ugv_ws/install/vizanti_msgs/include/vizanti_msgs/vizanti_msgs/srv/detail/manage_launch__rosidl_typesupport_introspection_cpp.hpp
[5.260s] -- Up-to-date symlink: /home/pi/ugv_ws/install/vizanti_msgs/include/vizanti_msgs/vizanti_msgs/srv/detail/manage_node__rosidl_typesupport_introspection_cpp.hpp
[5.269s] -- Up-to-date symlink: /home/pi/ugv_ws/install/vizanti_msgs/include/vizanti_msgs/vizanti_msgs/srv/detail/record_rosbag__rosidl_typesupport_introspection_cpp.hpp
[5.276s] -- Up-to-date symlink: /home/pi/ugv_ws/install/vizanti_msgs/include/vizanti_msgs/vizanti_msgs/srv/detail/save_map__rosidl_typesupport_introspection_cpp.hpp
[5.282s] -- Up-to-date symlink: /home/pi/ugv_ws/install/vizanti_msgs/include/vizanti_msgs/vizanti_msgs/srv/detail/set_node_parameter__rosidl_typesupport_introspection_cpp.hpp
[5.286s] -- Up-to-date symlink: /home/pi/ugv_ws/install/vizanti_msgs/share/vizanti_msgs/environment/pythonpath.sh
[5.299s] -- Up-to-date symlink: /home/pi/ugv_ws/install/vizanti_msgs/share/vizanti_msgs/environment/pythonpath.dsv
[5.303s] -- Up-to-date symlink: /home/pi/ugv_ws/install/vizanti_msgs/local/lib/python3.10/dist-packages/vizanti_msgs-0.1.0-py3.10.egg-info/PKG-INFO
[5.305s] -- Up-to-date symlink: /home/pi/ugv_ws/install/vizanti_msgs/local/lib/python3.10/dist-packages/vizanti_msgs-0.1.0-py3.10.egg-info/SOURCES.txt
[5.308s] -- Up-to-date symlink: /home/pi/ugv_ws/install/vizanti_msgs/local/lib/python3.10/dist-packages/vizanti_msgs-0.1.0-py3.10.egg-info/dependency_links.txt
[5.310s] -- Up-to-date symlink: /home/pi/ugv_ws/install/vizanti_msgs/local/lib/python3.10/dist-packages/vizanti_msgs-0.1.0-py3.10.egg-info/top_level.txt
[5.328s] -- Up-to-date symlink: /home/pi/ugv_ws/install/vizanti_msgs/local/lib/python3.10/dist-packages/vizanti_msgs/__init__.py
[5.329s] -- Up-to-date symlink: /home/pi/ugv_ws/install/vizanti_msgs/local/lib/python3.10/dist-packages/vizanti_msgs/_vizanti_msgs_s.ep.rosidl_typesupport_c.c
[5.330s] -- Up-to-date symlink: /home/pi/ugv_ws/install/vizanti_msgs/local/lib/python3.10/dist-packages/vizanti_msgs/_vizanti_msgs_s.ep.rosidl_typesupport_fastrtps_c.c
[5.332s] -- Up-to-date symlink: /home/pi/ugv_ws/install/vizanti_msgs/local/lib/python3.10/dist-packages/vizanti_msgs/_vizanti_msgs_s.ep.rosidl_typesupport_introspection_c.c
[5.333s] -- Up-to-date symlink: /home/pi/ugv_ws/install/vizanti_msgs/local/lib/python3.10/dist-packages/vizanti_msgs/libvizanti_msgs__rosidl_generator_py.so
[5.334s] -- Up-to-date symlink: /home/pi/ugv_ws/install/vizanti_msgs/local/lib/python3.10/dist-packages/vizanti_msgs/srv/__init__.py
[5.334s] -- Up-to-date symlink: /home/pi/ugv_ws/install/vizanti_msgs/local/lib/python3.10/dist-packages/vizanti_msgs/srv/_get_node_parameters.py
[5.335s] -- Up-to-date symlink: /home/pi/ugv_ws/install/vizanti_msgs/local/lib/python3.10/dist-packages/vizanti_msgs/srv/_get_node_parameters_s.c
[5.336s] -- Up-to-date symlink: /home/pi/ugv_ws/install/vizanti_msgs/local/lib/python3.10/dist-packages/vizanti_msgs/srv/_launches.py
[5.337s] -- Up-to-date symlink: /home/pi/ugv_ws/install/vizanti_msgs/local/lib/python3.10/dist-packages/vizanti_msgs/srv/_launches_s.c
[5.350s] -- Up-to-date symlink: /home/pi/ugv_ws/install/vizanti_msgs/local/lib/python3.10/dist-packages/vizanti_msgs/srv/_list_executables.py
[5.351s] -- Up-to-date symlink: /home/pi/ugv_ws/install/vizanti_msgs/local/lib/python3.10/dist-packages/vizanti_msgs/srv/_list_executables_s.c
[5.356s] -- Up-to-date symlink: /home/pi/ugv_ws/install/vizanti_msgs/local/lib/python3.10/dist-packages/vizanti_msgs/srv/_list_packages.py
[5.358s] -- Up-to-date symlink: /home/pi/ugv_ws/install/vizanti_msgs/local/lib/python3.10/dist-packages/vizanti_msgs/srv/_list_packages_s.c
[5.360s] -- Up-to-date symlink: /home/pi/ugv_ws/install/vizanti_msgs/local/lib/python3.10/dist-packages/vizanti_msgs/srv/_load_map.py
[5.364s] -- Up-to-date symlink: /home/pi/ugv_ws/install/vizanti_msgs/local/lib/python3.10/dist-packages/vizanti_msgs/srv/_load_map_s.c
[5.365s] -- Up-to-date symlink: /home/pi/ugv_ws/install/vizanti_msgs/local/lib/python3.10/dist-packages/vizanti_msgs/srv/_manage_launch.py
[5.367s] -- Up-to-date symlink: /home/pi/ugv_ws/install/vizanti_msgs/local/lib/python3.10/dist-packages/vizanti_msgs/srv/_manage_launch_s.c
[5.375s] -- Up-to-date symlink: /home/pi/ugv_ws/install/vizanti_msgs/local/lib/python3.10/dist-packages/vizanti_msgs/srv/_manage_node.py
[5.377s] -- Up-to-date symlink: /home/pi/ugv_ws/install/vizanti_msgs/local/lib/python3.10/dist-packages/vizanti_msgs/srv/_manage_node_s.c
[5.378s] -- Up-to-date symlink: /home/pi/ugv_ws/install/vizanti_msgs/local/lib/python3.10/dist-packages/vizanti_msgs/srv/_record_rosbag.py
[5.391s] -- Up-to-date symlink: /home/pi/ugv_ws/install/vizanti_msgs/local/lib/python3.10/dist-packages/vizanti_msgs/srv/_record_rosbag_s.c
[5.392s] -- Up-to-date symlink: /home/pi/ugv_ws/install/vizanti_msgs/local/lib/python3.10/dist-packages/vizanti_msgs/srv/_save_map.py
[5.393s] -- Up-to-date symlink: /home/pi/ugv_ws/install/vizanti_msgs/local/lib/python3.10/dist-packages/vizanti_msgs/srv/_save_map_s.c
[5.393s] -- Up-to-date symlink: /home/pi/ugv_ws/install/vizanti_msgs/local/lib/python3.10/dist-packages/vizanti_msgs/srv/_set_node_parameter.py
[5.394s] -- Up-to-date symlink: /home/pi/ugv_ws/install/vizanti_msgs/local/lib/python3.10/dist-packages/vizanti_msgs/srv/_set_node_parameter_s.c
[5.396s] -- Up-to-date symlink: /home/pi/ugv_ws/install/vizanti_msgs/local/lib/python3.10/dist-packages/vizanti_msgs/vizanti_msgs_s__rosidl_typesupport_c.cpython-310-aarch64-linux-gnu.so
[5.397s] -- Up-to-date symlink: /home/pi/ugv_ws/install/vizanti_msgs/local/lib/python3.10/dist-packages/vizanti_msgs/vizanti_msgs_s__rosidl_typesupport_fastrtps_c.cpython-310-aarch64-linux-gnu.so
[5.422s] -- Up-to-date symlink: /home/pi/ugv_ws/install/vizanti_msgs/local/lib/python3.10/dist-packages/vizanti_msgs/vizanti_msgs_s__rosidl_typesupport_introspection_c.cpython-310-aarch64-linux-gnu.so
[5.423s] -- Up-to-date symlink: /home/pi/ugv_ws/install/vizanti_msgs/local/lib/python3.10/dist-packages/vizanti_msgs/vizanti_msgs_s__rosidl_typesupport_fastrtps_c.cpython-310-aarch64-linux-gnu.so
[5.423s] -- Up-to-date symlink: /home/pi/ugv_ws/install/vizanti_msgs/local/lib/python3.10/dist-packages/vizanti_msgs/vizanti_msgs_s__rosidl_typesupport_introspection_c.cpython-310-aarch64-linux-gnu.so
[5.425s] -- Up-to-date symlink: /home/pi/ugv_ws/install/vizanti_msgs/local/lib/python3.10/dist-packages/vizanti_msgs/vizanti_msgs_s__rosidl_typesupport_c.cpython-310-aarch64-linux-gnu.so
[5.425s] -- Up-to-date symlink: /home/pi/ugv_ws/install/vizanti_msgs/share/vizanti_msgs/srv/GetNodeParameters.idl
[5.426s] -- Up-to-date symlink: /home/pi/ugv_ws/install/vizanti_msgs/share/vizanti_msgs/srv/SetNodeParameter.idl
[5.444s] -- Up-to-date symlink: /home/pi/ugv_ws/install/vizanti_msgs/share/vizanti_msgs/srv/SaveMap.idl
[5.445s] -- Up-to-date symlink: /home/pi/ugv_ws/install/vizanti_msgs/share/vizanti_msgs/srv/LoadMap.idl
[5.447s] -- Up-to-date symlink: /home/pi/ugv_ws/install/vizanti_msgs/share/vizanti_msgs/srv/Launches.idl
[5.447s] -- Up-to-date symlink: /home/pi/ugv_ws/install/vizanti_msgs/share/vizanti_msgs/srv/RecordRosbag.idl
[5.448s] -- Up-to-date symlink: /home/pi/ugv_ws/install/vizanti_msgs/share/vizanti_msgs/srv/ManageNode.idl
[5.449s] -- Up-to-date symlink: /home/pi/ugv_ws/install/vizanti_msgs/share/vizanti_msgs/srv/ManageLaunch.idl
[5.452s] -- Up-to-date symlink: /home/pi/ugv_ws/install/vizanti_msgs/share/vizanti_msgs/srv/ListPackages.idl
[5.453s] -- Up-to-date symlink: /home/pi/ugv_ws/install/vizanti_msgs/share/vizanti_msgs/srv/ListExecutables.idl
[5.453s] -- Up-to-date symlink: /home/pi/ugv_ws/install/vizanti_msgs/share/vizanti_msgs/srv/GetNodeParameters.srv
[5.462s] -- Up-to-date symlink: /home/pi/ugv_ws/install/vizanti_msgs/share/vizanti_msgs/srv/GetNodeParameters_Request.msg
[5.463s] -- Up-to-date symlink: /home/pi/ugv_ws/install/vizanti_msgs/share/vizanti_msgs/srv/GetNodeParameters_Response.msg
[5.464s] -- Up-to-date symlink: /home/pi/ugv_ws/install/vizanti_msgs/share/vizanti_msgs/srv/SetNodeParameter.srv
[5.464s] -- Up-to-date symlink: /home/pi/ugv_ws/install/vizanti_msgs/share/vizanti_msgs/srv/SetNodeParameter_Request.msg
[5.469s] -- Up-to-date symlink: /home/pi/ugv_ws/install/vizanti_msgs/share/vizanti_msgs/srv/SetNodeParameter_Response.msg
[5.471s] -- Up-to-date symlink: /home/pi/ugv_ws/install/vizanti_msgs/share/vizanti_msgs/srv/SaveMap.srv
[5.471s] -- Up-to-date symlink: /home/pi/ugv_ws/install/vizanti_msgs/share/vizanti_msgs/srv/SaveMap_Request.msg
[5.475s] -- Up-to-date symlink: /home/pi/ugv_ws/install/vizanti_msgs/share/vizanti_msgs/srv/SaveMap_Response.msg
[5.476s] -- Up-to-date symlink: /home/pi/ugv_ws/install/vizanti_msgs/share/vizanti_msgs/srv/LoadMap.srv
[5.476s] -- Up-to-date symlink: /home/pi/ugv_ws/install/vizanti_msgs/share/vizanti_msgs/srv/LoadMap_Request.msg
[5.477s] -- Up-to-date symlink: /home/pi/ugv_ws/install/vizanti_msgs/share/vizanti_msgs/srv/LoadMap_Response.msg
[5.477s] -- Up-to-date symlink: /home/pi/ugv_ws/install/vizanti_msgs/share/vizanti_msgs/srv/Launches.srv
[5.478s] -- Up-to-date symlink: /home/pi/ugv_ws/install/vizanti_msgs/share/vizanti_msgs/srv/Launches_Request.msg
[5.478s] -- Up-to-date symlink: /home/pi/ugv_ws/install/vizanti_msgs/share/vizanti_msgs/srv/Launches_Response.msg
[5.482s] -- Up-to-date symlink: /home/pi/ugv_ws/install/vizanti_msgs/share/vizanti_msgs/srv/RecordRosbag.srv
[5.482s] -- Up-to-date symlink: /home/pi/ugv_ws/install/vizanti_msgs/share/vizanti_msgs/srv/RecordRosbag_Request.msg
[5.485s] -- Up-to-date symlink: /home/pi/ugv_ws/install/vizanti_msgs/share/vizanti_msgs/srv/RecordRosbag_Response.msg
[5.486s] -- Up-to-date symlink: /home/pi/ugv_ws/install/vizanti_msgs/share/vizanti_msgs/srv/ManageNode.srv
[5.487s] -- Up-to-date symlink: /home/pi/ugv_ws/install/vizanti_msgs/share/vizanti_msgs/srv/ManageNode_Request.msg
[5.488s] -- Up-to-date symlink: /home/pi/ugv_ws/install/vizanti_msgs/share/vizanti_msgs/srv/ManageNode_Response.msg
[5.489s] -- Up-to-date symlink: /home/pi/ugv_ws/install/vizanti_msgs/share/vizanti_msgs/srv/ManageLaunch.srv
[5.490s] -- Up-to-date symlink: /home/pi/ugv_ws/install/vizanti_msgs/share/vizanti_msgs/srv/ManageLaunch_Request.msg
[5.490s] -- Up-to-date symlink: /home/pi/ugv_ws/install/vizanti_msgs/share/vizanti_msgs/srv/ManageLaunch_Response.msg
[5.491s] -- Up-to-date symlink: /home/pi/ugv_ws/install/vizanti_msgs/share/vizanti_msgs/srv/ListPackages.srv
[5.491s] -- Up-to-date symlink: /home/pi/ugv_ws/install/vizanti_msgs/share/vizanti_msgs/srv/ListPackages_Request.msg
[5.492s] -- Up-to-date symlink: /home/pi/ugv_ws/install/vizanti_msgs/share/vizanti_msgs/srv/ListPackages_Response.msg
[5.492s] -- Up-to-date symlink: /home/pi/ugv_ws/install/vizanti_msgs/share/vizanti_msgs/srv/ListExecutables.srv
[5.493s] -- Up-to-date symlink: /home/pi/ugv_ws/install/vizanti_msgs/share/vizanti_msgs/srv/ListExecutables_Request.msg
[5.493s] -- Up-to-date symlink: /home/pi/ugv_ws/install/vizanti_msgs/share/vizanti_msgs/srv/ListExecutables_Response.msg
[5.494s] -- Up-to-date symlink: /home/pi/ugv_ws/install/vizanti_msgs/share/ament_index/resource_index/package_run_dependencies/vizanti_msgs
[5.506s] -- Up-to-date symlink: /home/pi/ugv_ws/install/vizanti_msgs/share/ament_index/resource_index/parent_prefix_path/vizanti_msgs
[5.507s] -- Up-to-date symlink: /home/pi/ugv_ws/install/vizanti_msgs/share/vizanti_msgs/environment/ament_prefix_path.sh
[5.507s] -- Up-to-date symlink: /home/pi/ugv_ws/install/vizanti_msgs/share/vizanti_msgs/environment/ament_prefix_path.dsv
[5.508s] -- Up-to-date symlink: /home/pi/ugv_ws/install/vizanti_msgs/share/vizanti_msgs/environment/path.sh
[5.509s] -- Up-to-date symlink: /home/pi/ugv_ws/install/vizanti_msgs/share/vizanti_msgs/environment/path.dsv
[5.509s] -- Up-to-date symlink: /home/pi/ugv_ws/install/vizanti_msgs/share/vizanti_msgs/local_setup.bash
[5.510s] -- Up-to-date symlink: /home/pi/ugv_ws/install/vizanti_msgs/share/vizanti_msgs/local_setup.sh
[5.511s] -- Up-to-date symlink: /home/pi/ugv_ws/install/vizanti_msgs/share/vizanti_msgs/local_setup.zsh
[5.513s] -- Up-to-date symlink: /home/pi/ugv_ws/install/vizanti_msgs/share/vizanti_msgs/local_setup.dsv
[5.514s] -- Symlinking: /home/pi/ugv_ws/install/vizanti_msgs/share/vizanti_msgs/package.dsv
[5.572s] -- Up-to-date symlink: /home/pi/ugv_ws/install/vizanti_msgs/share/ament_index/resource_index/packages/vizanti_msgs
[5.573s] -- Up-to-date symlink: /home/pi/ugv_ws/install/vizanti_msgs/share/vizanti_msgs/cmake/rosidl_cmake-extras.cmake
[5.573s] -- Up-to-date symlink: /home/pi/ugv_ws/install/vizanti_msgs/share/vizanti_msgs/cmake/ament_cmake_export_dependencies-extras.cmake
[5.574s] -- Up-to-date symlink: /home/pi/ugv_ws/install/vizanti_msgs/share/vizanti_msgs/cmake/ament_cmake_export_include_directories-extras.cmake
[5.574s] -- Up-to-date symlink: /home/pi/ugv_ws/install/vizanti_msgs/share/vizanti_msgs/cmake/ament_cmake_export_libraries-extras.cmake
[5.575s] -- Up-to-date symlink: /home/pi/ugv_ws/install/vizanti_msgs/share/vizanti_msgs/cmake/ament_cmake_export_targets-extras.cmake
[5.576s] -- Up-to-date symlink: /home/pi/ugv_ws/install/vizanti_msgs/share/vizanti_msgs/cmake/rosidl_cmake_export_typesupport_targets-extras.cmake
[5.576s] -- Up-to-date symlink: /home/pi/ugv_ws/install/vizanti_msgs/share/vizanti_msgs/cmake/rosidl_cmake_export_typesupport_libraries-extras.cmake
[5.577s] -- Up-to-date symlink: /home/pi/ugv_ws/install/vizanti_msgs/share/vizanti_msgs/cmake/vizanti_msgsConfig.cmake
[5.577s] -- Up-to-date symlink: /home/pi/ugv_ws/install/vizanti_msgs/share/vizanti_msgs/cmake/vizanti_msgsConfig-version.cmake
[5.577s] -- Up-to-date symlink: /home/pi/ugv_ws/install/vizanti_msgs/share/vizanti_msgs/package.xml
[5.581s] -- Up-to-date: /home/pi/ugv_ws/install/vizanti_msgs/lib/libvizanti_msgs__rosidl_generator_c.so
[5.581s] -- Up-to-date: /home/pi/ugv_ws/install/vizanti_msgs/lib/libvizanti_msgs__rosidl_typesupport_fastrtps_c.so
[5.582s] -- Up-to-date: /home/pi/ugv_ws/install/vizanti_msgs/lib/libvizanti_msgs__rosidl_typesupport_introspection_c.so
[5.583s] -- Up-to-date: /home/pi/ugv_ws/install/vizanti_msgs/lib/libvizanti_msgs__rosidl_typesupport_c.so
[5.583s] -- Up-to-date: /home/pi/ugv_ws/install/vizanti_msgs/lib/libvizanti_msgs__rosidl_typesupport_fastrtps_cpp.so
[5.585s] -- Up-to-date: /home/pi/ugv_ws/install/vizanti_msgs/lib/libvizanti_msgs__rosidl_typesupport_introspection_cpp.so
[5.586s] -- Up-to-date: /home/pi/ugv_ws/install/vizanti_msgs/lib/libvizanti_msgs__rosidl_typesupport_cpp.so
[5.890s] Listing '/home/pi/ugv_ws/install/vizanti_msgs/local/lib/python3.10/dist-packages/vizanti_msgs'...
[5.891s] Listing '/home/pi/ugv_ws/install/vizanti_msgs/local/lib/python3.10/dist-packages/vizanti_msgs/srv'...
[5.921s] -- Up-to-date: /home/pi/ugv_ws/install/vizanti_msgs/lib/libvizanti_msgs__rosidl_generator_py.so
[5.921s] -- Up-to-date: /home/pi/ugv_ws/install/vizanti_msgs/share/vizanti_msgs/cmake/export_vizanti_msgs__rosidl_generator_cExport.cmake
[5.922s] -- Up-to-date: /home/pi/ugv_ws/install/vizanti_msgs/share/vizanti_msgs/cmake/export_vizanti_msgs__rosidl_generator_cExport-noconfig.cmake
[5.946s] -- Up-to-date: /home/pi/ugv_ws/install/vizanti_msgs/share/vizanti_msgs/cmake/export_vizanti_msgs__rosidl_typesupport_fastrtps_cExport.cmake
[5.948s] -- Up-to-date: /home/pi/ugv_ws/install/vizanti_msgs/share/vizanti_msgs/cmake/export_vizanti_msgs__rosidl_typesupport_fastrtps_cExport-noconfig.cmake
[5.949s] -- Up-to-date: /home/pi/ugv_ws/install/vizanti_msgs/share/vizanti_msgs/cmake/vizanti_msgs__rosidl_typesupport_introspection_cExport.cmake
[5.951s] -- Up-to-date: /home/pi/ugv_ws/install/vizanti_msgs/share/vizanti_msgs/cmake/vizanti_msgs__rosidl_typesupport_introspection_cExport-noconfig.cmake
[5.955s] -- Up-to-date: /home/pi/ugv_ws/install/vizanti_msgs/share/vizanti_msgs/cmake/vizanti_msgs__rosidl_typesupport_cExport.cmake
[5.959s] -- Up-to-date: /home/pi/ugv_ws/install/vizanti_msgs/share/vizanti_msgs/cmake/vizanti_msgs__rosidl_typesupport_cExport-noconfig.cmake
[5.961s] -- Up-to-date: /home/pi/ugv_ws/install/vizanti_msgs/share/vizanti_msgs/cmake/export_vizanti_msgs__rosidl_generator_cppExport.cmake
[5.970s] -- Up-to-date: /home/pi/ugv_ws/install/vizanti_msgs/share/vizanti_msgs/cmake/export_vizanti_msgs__rosidl_typesupport_fastrtps_cppExport.cmake
[5.974s] -- Up-to-date: /home/pi/ugv_ws/install/vizanti_msgs/share/vizanti_msgs/cmake/export_vizanti_msgs__rosidl_typesupport_fastrtps_cppExport-noconfig.cmake
[5.975s] -- Up-to-date: /home/pi/ugv_ws/install/vizanti_msgs/share/vizanti_msgs/cmake/vizanti_msgs__rosidl_typesupport_introspection_cppExport.cmake
[5.975s] -- Up-to-date: /home/pi/ugv_ws/install/vizanti_msgs/share/vizanti_msgs/cmake/vizanti_msgs__rosidl_typesupport_introspection_cppExport-noconfig.cmake
[5.976s] -- Up-to-date: /home/pi/ugv_ws/install/vizanti_msgs/share/vizanti_msgs/cmake/vizanti_msgs__rosidl_typesupport_cppExport.cmake
[5.976s] -- Up-to-date: /home/pi/ugv_ws/install/vizanti_msgs/share/vizanti_msgs/cmake/vizanti_msgs__rosidl_typesupport_cppExport-noconfig.cmake
[5.977s] -- Up-to-date: /home/pi/ugv_ws/install/vizanti_msgs/share/vizanti_msgs/cmake/export_vizanti_msgs__rosidl_generator_pyExport.cmake
[5.997s] -- Up-to-date: /home/pi/ugv_ws/install/vizanti_msgs/share/vizanti_msgs/cmake/export_vizanti_msgs__rosidl_generator_pyExport-noconfig.cmake
[6.214s] Invoked command in '/home/pi/ugv_ws/build/vizanti_msgs' returned '0': CMAKE_PREFIX_PATH=/opt/ros/humble /usr/bin/cmake --install /home/pi/ugv_ws/build/vizanti_msgs
