[0.092s] Invoking command in '/home/pi/ugv_ws/build/costmap_converter': CMAKE_PREFIX_PATH=/home/pi/ugv_ws/install/costmap_converter_msgs:/home/pi/ugv_ws/install/vizanti:/home/pi/ugv_ws/install/vizanti_server:/home/pi/ugv_ws/install/vizanti_demos:/home/pi/ugv_ws/install/vizanti_msgs:/home/pi/ugv_ws/install/vizanti_cpp:/home/pi/ugv_ws/install/ugv_slam:/home/pi/ugv_ws/install/ugv_nav:/home/pi/ugv_ws/install/ugv_interface:/home/pi/ugv_ws/install/ugv_gazebo:/home/pi/ugv_ws/install/ugv_description:/home/pi/ugv_ws/install/ugv_base_node:/home/pi/ugv_ws/install/teb_local_planner:/home/pi/ugv_ws/install/teb_msgs:/home/pi/ugv_ws/install/sllidar_ros2:/home/pi/ugv_ws/install/slam_gmapping:/home/pi/ugv_ws/install/robot_pose_publisher:/home/pi/ugv_ws/install/rf2o_laser_odometry:/home/pi/ugv_ws/install/openslam_gmapping:/home/pi/ugv_ws/install/ldlidar:/home/pi/ugv_ws/install/explore_lite:/home/pi/ugv_ws/install/emcl2:/home/pi/ugv_ws/install/costmap_converter:/home/pi/ugv_ws/install/cartographer:/home/pi/ugv_ws/install/apriltag_ros:/home/pi/ugv_ws/install/apriltag_msgs:/home/pi/ugv_ws/install/apriltag:/home/pi/ugv_ws/install/ugv_web_app:/home/pi/ugv_ws/install/ugv_vision:/home/pi/ugv_ws/install/ugv_tools:/home/pi/ugv_ws/install/ugv_chat_ai:/home/pi/ugv_ws/install/ugv_bringup:/opt/ros/humble LD_LIBRARY_PATH=/home/pi/ugv_ws/install/costmap_converter_msgs/lib:/home/pi/ugv_ws/install/vizanti_msgs/lib:/home/pi/ugv_ws/install/ugv_interface/lib:/home/pi/ugv_ws/install/teb_local_planner/lib:/home/pi/ugv_ws/install/teb_msgs/lib:/home/pi/ugv_ws/install/openslam_gmapping/lib:/home/pi/ugv_ws/install/costmap_converter/lib:/home/pi/ugv_ws/install/apriltag_ros/lib:/home/pi/ugv_ws/install/apriltag_msgs/lib:/home/pi/ugv_ws/install/apriltag/lib:/opt/ros/humble/opt/rviz_ogre_vendor/lib:/opt/ros/humble/lib/aarch64-linux-gnu:/opt/ros/humble/lib /usr/bin/cmake --build /home/pi/ugv_ws/build/costmap_converter -- -j4 -l4
[0.621s] [ 10%] Built target gtest_main
[0.694s] [ 21%] Built target gtest
[0.774s] [ 78%] Built target costmap_converter
[1.092s] [ 89%] Built target standalone_converter
[1.110s] [100%] Built target test_costmap_polygons
[1.199s] Invoked command in '/home/pi/ugv_ws/build/costmap_converter' returned '0': CMAKE_PREFIX_PATH=/home/pi/ugv_ws/install/costmap_converter_msgs:/home/pi/ugv_ws/install/vizanti:/home/pi/ugv_ws/install/vizanti_server:/home/pi/ugv_ws/install/vizanti_demos:/home/pi/ugv_ws/install/vizanti_msgs:/home/pi/ugv_ws/install/vizanti_cpp:/home/pi/ugv_ws/install/ugv_slam:/home/pi/ugv_ws/install/ugv_nav:/home/pi/ugv_ws/install/ugv_interface:/home/pi/ugv_ws/install/ugv_gazebo:/home/pi/ugv_ws/install/ugv_description:/home/pi/ugv_ws/install/ugv_base_node:/home/pi/ugv_ws/install/teb_local_planner:/home/pi/ugv_ws/install/teb_msgs:/home/pi/ugv_ws/install/sllidar_ros2:/home/pi/ugv_ws/install/slam_gmapping:/home/pi/ugv_ws/install/robot_pose_publisher:/home/pi/ugv_ws/install/rf2o_laser_odometry:/home/pi/ugv_ws/install/openslam_gmapping:/home/pi/ugv_ws/install/ldlidar:/home/pi/ugv_ws/install/explore_lite:/home/pi/ugv_ws/install/emcl2:/home/pi/ugv_ws/install/costmap_converter:/home/pi/ugv_ws/install/cartographer:/home/pi/ugv_ws/install/apriltag_ros:/home/pi/ugv_ws/install/apriltag_msgs:/home/pi/ugv_ws/install/apriltag:/home/pi/ugv_ws/install/ugv_web_app:/home/pi/ugv_ws/install/ugv_vision:/home/pi/ugv_ws/install/ugv_tools:/home/pi/ugv_ws/install/ugv_chat_ai:/home/pi/ugv_ws/install/ugv_bringup:/opt/ros/humble LD_LIBRARY_PATH=/home/pi/ugv_ws/install/costmap_converter_msgs/lib:/home/pi/ugv_ws/install/vizanti_msgs/lib:/home/pi/ugv_ws/install/ugv_interface/lib:/home/pi/ugv_ws/install/teb_local_planner/lib:/home/pi/ugv_ws/install/teb_msgs/lib:/home/pi/ugv_ws/install/openslam_gmapping/lib:/home/pi/ugv_ws/install/costmap_converter/lib:/home/pi/ugv_ws/install/apriltag_ros/lib:/home/pi/ugv_ws/install/apriltag_msgs/lib:/home/pi/ugv_ws/install/apriltag/lib:/opt/ros/humble/opt/rviz_ogre_vendor/lib:/opt/ros/humble/lib/aarch64-linux-gnu:/opt/ros/humble/lib /usr/bin/cmake --build /home/pi/ugv_ws/build/costmap_converter -- -j4 -l4
[1.202s] Invoking command in '/home/pi/ugv_ws/build/costmap_converter': CMAKE_PREFIX_PATH=/home/pi/ugv_ws/install/costmap_converter_msgs:/home/pi/ugv_ws/install/vizanti:/home/pi/ugv_ws/install/vizanti_server:/home/pi/ugv_ws/install/vizanti_demos:/home/pi/ugv_ws/install/vizanti_msgs:/home/pi/ugv_ws/install/vizanti_cpp:/home/pi/ugv_ws/install/ugv_slam:/home/pi/ugv_ws/install/ugv_nav:/home/pi/ugv_ws/install/ugv_interface:/home/pi/ugv_ws/install/ugv_gazebo:/home/pi/ugv_ws/install/ugv_description:/home/pi/ugv_ws/install/ugv_base_node:/home/pi/ugv_ws/install/teb_local_planner:/home/pi/ugv_ws/install/teb_msgs:/home/pi/ugv_ws/install/sllidar_ros2:/home/pi/ugv_ws/install/slam_gmapping:/home/pi/ugv_ws/install/robot_pose_publisher:/home/pi/ugv_ws/install/rf2o_laser_odometry:/home/pi/ugv_ws/install/openslam_gmapping:/home/pi/ugv_ws/install/ldlidar:/home/pi/ugv_ws/install/explore_lite:/home/pi/ugv_ws/install/emcl2:/home/pi/ugv_ws/install/costmap_converter:/home/pi/ugv_ws/install/cartographer:/home/pi/ugv_ws/install/apriltag_ros:/home/pi/ugv_ws/install/apriltag_msgs:/home/pi/ugv_ws/install/apriltag:/home/pi/ugv_ws/install/ugv_web_app:/home/pi/ugv_ws/install/ugv_vision:/home/pi/ugv_ws/install/ugv_tools:/home/pi/ugv_ws/install/ugv_chat_ai:/home/pi/ugv_ws/install/ugv_bringup:/opt/ros/humble LD_LIBRARY_PATH=/home/pi/ugv_ws/install/costmap_converter_msgs/lib:/home/pi/ugv_ws/install/vizanti_msgs/lib:/home/pi/ugv_ws/install/ugv_interface/lib:/home/pi/ugv_ws/install/teb_local_planner/lib:/home/pi/ugv_ws/install/teb_msgs/lib:/home/pi/ugv_ws/install/openslam_gmapping/lib:/home/pi/ugv_ws/install/costmap_converter/lib:/home/pi/ugv_ws/install/apriltag_ros/lib:/home/pi/ugv_ws/install/apriltag_msgs/lib:/home/pi/ugv_ws/install/apriltag/lib:/opt/ros/humble/opt/rviz_ogre_vendor/lib:/opt/ros/humble/lib/aarch64-linux-gnu:/opt/ros/humble/lib /usr/bin/cmake --install /home/pi/ugv_ws/build/costmap_converter
[1.269s] -- Install configuration: "Release"
[1.277s] -- Execute custom install script
[1.281s] -- Up-to-date symlink: /home/pi/ugv_ws/install/costmap_converter/lib/libcostmap_converter.so
[1.285s] -- Up-to-date symlink: /home/pi/ugv_ws/install/costmap_converter/bin/standalone_converter
[1.291s] -- Up-to-date symlink: /home/pi/ugv_ws/install/costmap_converter/include//costmap_converter/costmap_converter_interface.h
[1.295s] -- Up-to-date symlink: /home/pi/ugv_ws/install/costmap_converter/include//costmap_converter/costmap_to_dynamic_obstacles/background_subtractor.h
[1.298s] -- Up-to-date symlink: /home/pi/ugv_ws/install/costmap_converter/include//costmap_converter/costmap_to_dynamic_obstacles/blob_detector.h
[1.301s] -- Up-to-date symlink: /home/pi/ugv_ws/install/costmap_converter/include//costmap_converter/costmap_to_dynamic_obstacles/costmap_to_dynamic_obstacles.h
[1.305s] -- Up-to-date symlink: /home/pi/ugv_ws/install/costmap_converter/include//costmap_converter/costmap_to_dynamic_obstacles/multitarget_tracker/Ctracker.h
[1.309s] -- Up-to-date symlink: /home/pi/ugv_ws/install/costmap_converter/include//costmap_converter/costmap_to_dynamic_obstacles/multitarget_tracker/HungarianAlg.h
[1.312s] -- Up-to-date symlink: /home/pi/ugv_ws/install/costmap_converter/include//costmap_converter/costmap_to_dynamic_obstacles/multitarget_tracker/Kalman.h
[1.316s] -- Up-to-date symlink: /home/pi/ugv_ws/install/costmap_converter/include//costmap_converter/costmap_to_dynamic_obstacles/multitarget_tracker/README.md
[1.320s] -- Up-to-date symlink: /home/pi/ugv_ws/install/costmap_converter/include//costmap_converter/costmap_to_dynamic_obstacles/multitarget_tracker/defines.h
[1.323s] -- Up-to-date symlink: /home/pi/ugv_ws/install/costmap_converter/include//costmap_converter/costmap_to_lines_convex_hull.h
[1.327s] -- Up-to-date symlink: /home/pi/ugv_ws/install/costmap_converter/include//costmap_converter/costmap_to_lines_ransac.h
[1.331s] -- Up-to-date symlink: /home/pi/ugv_ws/install/costmap_converter/include//costmap_converter/costmap_to_polygons.h
[1.335s] -- Up-to-date symlink: /home/pi/ugv_ws/install/costmap_converter/include//costmap_converter/costmap_to_polygons_concave.h
[1.338s] -- Up-to-date symlink: /home/pi/ugv_ws/install/costmap_converter/include//costmap_converter/misc.h
[1.342s] -- Up-to-date symlink: /home/pi/ugv_ws/install/costmap_converter/share/costmap_converter/environment/library_path.sh
[1.346s] -- Up-to-date symlink: /home/pi/ugv_ws/install/costmap_converter/share/costmap_converter/environment/library_path.dsv
[1.349s] -- Up-to-date symlink: /home/pi/ugv_ws/install/costmap_converter/share/costmap_converter//costmap_converter_plugins.xml
[1.355s] -- Up-to-date symlink: /home/pi/ugv_ws/install/costmap_converter/share/ament_index/resource_index/package_run_dependencies/costmap_converter
[1.359s] -- Up-to-date symlink: /home/pi/ugv_ws/install/costmap_converter/share/ament_index/resource_index/parent_prefix_path/costmap_converter
[1.362s] -- Up-to-date symlink: /home/pi/ugv_ws/install/costmap_converter/share/costmap_converter/environment/ament_prefix_path.sh
[1.366s] -- Up-to-date symlink: /home/pi/ugv_ws/install/costmap_converter/share/costmap_converter/environment/ament_prefix_path.dsv
[1.369s] -- Up-to-date symlink: /home/pi/ugv_ws/install/costmap_converter/share/costmap_converter/environment/path.sh
[1.373s] -- Up-to-date symlink: /home/pi/ugv_ws/install/costmap_converter/share/costmap_converter/environment/path.dsv
[1.377s] -- Up-to-date symlink: /home/pi/ugv_ws/install/costmap_converter/share/costmap_converter/local_setup.bash
[1.381s] -- Up-to-date symlink: /home/pi/ugv_ws/install/costmap_converter/share/costmap_converter/local_setup.sh
[1.384s] -- Up-to-date symlink: /home/pi/ugv_ws/install/costmap_converter/share/costmap_converter/local_setup.zsh
[1.388s] -- Up-to-date symlink: /home/pi/ugv_ws/install/costmap_converter/share/costmap_converter/local_setup.dsv
[1.391s] -- Symlinking: /home/pi/ugv_ws/install/costmap_converter/share/costmap_converter/package.dsv
[1.468s] -- Up-to-date symlink: /home/pi/ugv_ws/install/costmap_converter/share/ament_index/resource_index/packages/costmap_converter
[1.471s] -- Up-to-date symlink: /home/pi/ugv_ws/install/costmap_converter/share/ament_index/resource_index/costmap_converter__pluginlib__plugin/costmap_converter
[1.475s] -- Up-to-date symlink: /home/pi/ugv_ws/install/costmap_converter/share/costmap_converter/cmake/ament_cmake_export_include_directories-extras.cmake
[1.479s] -- Up-to-date symlink: /home/pi/ugv_ws/install/costmap_converter/share/costmap_converter/cmake/ament_cmake_export_libraries-extras.cmake
[1.483s] -- Up-to-date symlink: /home/pi/ugv_ws/install/costmap_converter/share/costmap_converter/cmake/ament_cmake_export_dependencies-extras.cmake
[1.487s] -- Up-to-date symlink: /home/pi/ugv_ws/install/costmap_converter/share/costmap_converter/cmake/costmap_converterConfig.cmake
[1.490s] -- Up-to-date symlink: /home/pi/ugv_ws/install/costmap_converter/share/costmap_converter/cmake/costmap_converterConfig-version.cmake
[1.495s] -- Up-to-date symlink: /home/pi/ugv_ws/install/costmap_converter/share/costmap_converter/package.xml
[1.508s] Invoked command in '/home/pi/ugv_ws/build/costmap_converter' returned '0': CMAKE_PREFIX_PATH=/home/pi/ugv_ws/install/costmap_converter_msgs:/home/pi/ugv_ws/install/vizanti:/home/pi/ugv_ws/install/vizanti_server:/home/pi/ugv_ws/install/vizanti_demos:/home/pi/ugv_ws/install/vizanti_msgs:/home/pi/ugv_ws/install/vizanti_cpp:/home/pi/ugv_ws/install/ugv_slam:/home/pi/ugv_ws/install/ugv_nav:/home/pi/ugv_ws/install/ugv_interface:/home/pi/ugv_ws/install/ugv_gazebo:/home/pi/ugv_ws/install/ugv_description:/home/pi/ugv_ws/install/ugv_base_node:/home/pi/ugv_ws/install/teb_local_planner:/home/pi/ugv_ws/install/teb_msgs:/home/pi/ugv_ws/install/sllidar_ros2:/home/pi/ugv_ws/install/slam_gmapping:/home/pi/ugv_ws/install/robot_pose_publisher:/home/pi/ugv_ws/install/rf2o_laser_odometry:/home/pi/ugv_ws/install/openslam_gmapping:/home/pi/ugv_ws/install/ldlidar:/home/pi/ugv_ws/install/explore_lite:/home/pi/ugv_ws/install/emcl2:/home/pi/ugv_ws/install/costmap_converter:/home/pi/ugv_ws/install/cartographer:/home/pi/ugv_ws/install/apriltag_ros:/home/pi/ugv_ws/install/apriltag_msgs:/home/pi/ugv_ws/install/apriltag:/home/pi/ugv_ws/install/ugv_web_app:/home/pi/ugv_ws/install/ugv_vision:/home/pi/ugv_ws/install/ugv_tools:/home/pi/ugv_ws/install/ugv_chat_ai:/home/pi/ugv_ws/install/ugv_bringup:/opt/ros/humble LD_LIBRARY_PATH=/home/pi/ugv_ws/install/costmap_converter_msgs/lib:/home/pi/ugv_ws/install/vizanti_msgs/lib:/home/pi/ugv_ws/install/ugv_interface/lib:/home/pi/ugv_ws/install/teb_local_planner/lib:/home/pi/ugv_ws/install/teb_msgs/lib:/home/pi/ugv_ws/install/openslam_gmapping/lib:/home/pi/ugv_ws/install/costmap_converter/lib:/home/pi/ugv_ws/install/apriltag_ros/lib:/home/pi/ugv_ws/install/apriltag_msgs/lib:/home/pi/ugv_ws/install/apriltag/lib:/opt/ros/humble/opt/rviz_ogre_vendor/lib:/opt/ros/humble/lib/aarch64-linux-gnu:/opt/ros/humble/lib /usr/bin/cmake --install /home/pi/ugv_ws/build/costmap_converter
