[0.101s] Invoking command in '/home/pi/ugv_ws/build/rf2o_laser_odometry': CMAKE_PREFIX_PATH=${CMAKE_PREFIX_PATH}:/home/pi/ugv_ws/install/ugv_web_app:/home/pi/ugv_ws/install/ugv_vision:/home/pi/ugv_ws/install/ugv_tools:/home/pi/ugv_ws/install/ugv_chat_ai:/home/pi/ugv_ws/install/ugv_bringup:/opt/ros/humble /usr/bin/cmake --build /home/pi/ugv_ws/build/rf2o_laser_odometry -- -j4 -l4
[0.714s] [ 60%] Built target rf2o_laser_odometry_node
[0.726s] [100%] Built target rf2o_laser_odometry
[0.859s] Invoked command in '/home/pi/ugv_ws/build/rf2o_laser_odometry' returned '0': CMAKE_PREFIX_PATH=${CMAKE_PREFIX_PATH}:/home/pi/ugv_ws/install/ugv_web_app:/home/pi/ugv_ws/install/ugv_vision:/home/pi/ugv_ws/install/ugv_tools:/home/pi/ugv_ws/install/ugv_chat_ai:/home/pi/ugv_ws/install/ugv_bringup:/opt/ros/humble /usr/bin/cmake --build /home/pi/ugv_ws/build/rf2o_laser_odometry -- -j4 -l4
[0.874s] Invoking command in '/home/pi/ugv_ws/build/rf2o_laser_odometry': CMAKE_PREFIX_PATH=${CMAKE_PREFIX_PATH}:/home/pi/ugv_ws/install/ugv_web_app:/home/pi/ugv_ws/install/ugv_vision:/home/pi/ugv_ws/install/ugv_tools:/home/pi/ugv_ws/install/ugv_chat_ai:/home/pi/ugv_ws/install/ugv_bringup:/opt/ros/humble /usr/bin/cmake --install /home/pi/ugv_ws/build/rf2o_laser_odometry
[0.970s] -- Install configuration: ""
[0.971s] -- Execute custom install script
[0.971s] -- Up-to-date symlink: /home/pi/ugv_ws/install/rf2o_laser_odometry/lib/rf2o_laser_odometry/rf2o_laser_odometry_node
[0.971s] -- Up-to-date symlink: /home/pi/ugv_ws/install/rf2o_laser_odometry/share/rf2o_laser_odometry/launch/rf2o_laser_odometry.launch.py
[0.972s] -- Up-to-date symlink: /home/pi/ugv_ws/install/rf2o_laser_odometry/share/ament_index/resource_index/package_run_dependencies/rf2o_laser_odometry
[0.972s] -- Up-to-date symlink: /home/pi/ugv_ws/install/rf2o_laser_odometry/share/ament_index/resource_index/parent_prefix_path/rf2o_laser_odometry
[0.973s] -- Up-to-date symlink: /home/pi/ugv_ws/install/rf2o_laser_odometry/share/rf2o_laser_odometry/environment/ament_prefix_path.sh
[0.973s] -- Up-to-date symlink: /home/pi/ugv_ws/install/rf2o_laser_odometry/share/rf2o_laser_odometry/environment/ament_prefix_path.dsv
[0.974s] -- Up-to-date symlink: /home/pi/ugv_ws/install/rf2o_laser_odometry/share/rf2o_laser_odometry/environment/path.sh
[0.974s] -- Up-to-date symlink: /home/pi/ugv_ws/install/rf2o_laser_odometry/share/rf2o_laser_odometry/environment/path.dsv
[0.974s] -- Up-to-date symlink: /home/pi/ugv_ws/install/rf2o_laser_odometry/share/rf2o_laser_odometry/local_setup.bash
[0.975s] -- Up-to-date symlink: /home/pi/ugv_ws/install/rf2o_laser_odometry/share/rf2o_laser_odometry/local_setup.sh
[0.976s] -- Up-to-date symlink: /home/pi/ugv_ws/install/rf2o_laser_odometry/share/rf2o_laser_odometry/local_setup.zsh
[0.977s] -- Up-to-date symlink: /home/pi/ugv_ws/install/rf2o_laser_odometry/share/rf2o_laser_odometry/local_setup.dsv
[0.977s] -- Symlinking: /home/pi/ugv_ws/install/rf2o_laser_odometry/share/rf2o_laser_odometry/package.dsv
[0.996s] -- Up-to-date symlink: /home/pi/ugv_ws/install/rf2o_laser_odometry/share/ament_index/resource_index/packages/rf2o_laser_odometry
[0.997s] -- Up-to-date symlink: /home/pi/ugv_ws/install/rf2o_laser_odometry/share/rf2o_laser_odometry/cmake/rf2o_laser_odometryConfig.cmake
[0.999s] -- Up-to-date symlink: /home/pi/ugv_ws/install/rf2o_laser_odometry/share/rf2o_laser_odometry/cmake/rf2o_laser_odometryConfig-version.cmake
[1.000s] -- Up-to-date symlink: /home/pi/ugv_ws/install/rf2o_laser_odometry/share/rf2o_laser_odometry/package.xml
[1.071s] Invoked command in '/home/pi/ugv_ws/build/rf2o_laser_odometry' returned '0': CMAKE_PREFIX_PATH=${CMAKE_PREFIX_PATH}:/home/pi/ugv_ws/install/ugv_web_app:/home/pi/ugv_ws/install/ugv_vision:/home/pi/ugv_ws/install/ugv_tools:/home/pi/ugv_ws/install/ugv_chat_ai:/home/pi/ugv_ws/install/ugv_bringup:/opt/ros/humble /usr/bin/cmake --install /home/pi/ugv_ws/build/rf2o_laser_odometry
