[0.389s] Invoking command in '/home/pi/ugv_ws/build/ugv_base_node': CMAKE_PREFIX_PATH=${CMAKE_PREFIX_PATH}:/home/pi/ugv_ws/install/ugv_web_app:/home/pi/ugv_ws/install/ugv_vision:/home/pi/ugv_ws/install/ugv_tools:/home/pi/ugv_ws/install/ugv_chat_ai:/home/pi/ugv_ws/install/ugv_bringup:/opt/ros/humble /usr/bin/cmake --build /home/pi/ugv_ws/build/ugv_base_node -- -j4 -l4
[1.035s] [ 50%] Built target base_node
[1.234s] [100%] Built target base_node_ekf
[3.126s] Invoked command in '/home/pi/ugv_ws/build/ugv_base_node' returned '0': CMAKE_PREFIX_PATH=${CMAKE_PREFIX_PATH}:/home/pi/ugv_ws/install/ugv_web_app:/home/pi/ugv_ws/install/ugv_vision:/home/pi/ugv_ws/install/ugv_tools:/home/pi/ugv_ws/install/ugv_chat_ai:/home/pi/ugv_ws/install/ugv_bringup:/opt/ros/humble /usr/bin/cmake --build /home/pi/ugv_ws/build/ugv_base_node -- -j4 -l4
[3.129s] Invoking command in '/home/pi/ugv_ws/build/ugv_base_node': CMAKE_PREFIX_PATH=${CMAKE_PREFIX_PATH}:/home/pi/ugv_ws/install/ugv_web_app:/home/pi/ugv_ws/install/ugv_vision:/home/pi/ugv_ws/install/ugv_tools:/home/pi/ugv_ws/install/ugv_chat_ai:/home/pi/ugv_ws/install/ugv_bringup:/opt/ros/humble /usr/bin/cmake --install /home/pi/ugv_ws/build/ugv_base_node
[3.288s] -- Install configuration: ""
[3.296s] -- Execute custom install script
[3.297s] -- Up-to-date symlink: /home/pi/ugv_ws/install/ugv_base_node/lib/ugv_base_node/base_node
[3.299s] -- Up-to-date symlink: /home/pi/ugv_ws/install/ugv_base_node/lib/ugv_base_node/base_node_ekf
[3.306s] -- Up-to-date symlink: /home/pi/ugv_ws/install/ugv_base_node/share/ament_index/resource_index/package_run_dependencies/ugv_base_node
[3.321s] -- Up-to-date symlink: /home/pi/ugv_ws/install/ugv_base_node/share/ament_index/resource_index/parent_prefix_path/ugv_base_node
[3.347s] -- Up-to-date symlink: /home/pi/ugv_ws/install/ugv_base_node/share/ugv_base_node/environment/ament_prefix_path.sh
[3.348s] -- Up-to-date symlink: /home/pi/ugv_ws/install/ugv_base_node/share/ugv_base_node/environment/ament_prefix_path.dsv
[3.349s] -- Up-to-date symlink: /home/pi/ugv_ws/install/ugv_base_node/share/ugv_base_node/environment/path.sh
[3.358s] -- Up-to-date symlink: /home/pi/ugv_ws/install/ugv_base_node/share/ugv_base_node/environment/path.dsv
[3.358s] -- Up-to-date symlink: /home/pi/ugv_ws/install/ugv_base_node/share/ugv_base_node/local_setup.bash
[3.359s] -- Up-to-date symlink: /home/pi/ugv_ws/install/ugv_base_node/share/ugv_base_node/local_setup.sh
[3.360s] -- Up-to-date symlink: /home/pi/ugv_ws/install/ugv_base_node/share/ugv_base_node/local_setup.zsh
[3.360s] -- Up-to-date symlink: /home/pi/ugv_ws/install/ugv_base_node/share/ugv_base_node/local_setup.dsv
[3.361s] -- Symlinking: /home/pi/ugv_ws/install/ugv_base_node/share/ugv_base_node/package.dsv
[3.586s] -- Up-to-date symlink: /home/pi/ugv_ws/install/ugv_base_node/share/ament_index/resource_index/packages/ugv_base_node
[3.597s] -- Up-to-date symlink: /home/pi/ugv_ws/install/ugv_base_node/share/ugv_base_node/cmake/ugv_base_nodeConfig.cmake
[3.597s] -- Up-to-date symlink: /home/pi/ugv_ws/install/ugv_base_node/share/ugv_base_node/cmake/ugv_base_nodeConfig-version.cmake
[3.598s] -- Up-to-date symlink: /home/pi/ugv_ws/install/ugv_base_node/share/ugv_base_node/package.xml
[6.370s] Invoked command in '/home/pi/ugv_ws/build/ugv_base_node' returned '0': CMAKE_PREFIX_PATH=${CMAKE_PREFIX_PATH}:/home/pi/ugv_ws/install/ugv_web_app:/home/pi/ugv_ws/install/ugv_vision:/home/pi/ugv_ws/install/ugv_tools:/home/pi/ugv_ws/install/ugv_chat_ai:/home/pi/ugv_ws/install/ugv_bringup:/opt/ros/humble /usr/bin/cmake --install /home/pi/ugv_ws/build/ugv_base_node
