[0.273s] Invoking command in '/home/pi/ugv_ws/build/cartographer': CMAKE_PREFIX_PATH=${CMAKE_PREFIX_PATH}:/home/pi/ugv_ws/install/ugv_web_app:/home/pi/ugv_ws/install/ugv_vision:/home/pi/ugv_ws/install/ugv_tools:/home/pi/ugv_ws/install/ugv_chat_ai:/home/pi/ugv_ws/install/ugv_bringup:/opt/ros/humble /usr/bin/cmake --build /home/pi/ugv_ws/build/cartographer -- -j4 -l4
[0.708s] Invoked command in '/home/pi/ugv_ws/build/cartographer' returned '0': CMAKE_PREFIX_PATH=${CMAKE_PREFIX_PATH}:/home/pi/ugv_ws/install/ugv_web_app:/home/pi/ugv_ws/install/ugv_vision:/home/pi/ugv_ws/install/ugv_tools:/home/pi/ugv_ws/install/ugv_chat_ai:/home/pi/ugv_ws/install/ugv_bringup:/opt/ros/humble /usr/bin/cmake --build /home/pi/ugv_ws/build/cartographer -- -j4 -l4
[0.711s] Invoking command in '/home/pi/ugv_ws/build/cartographer': CMAKE_PREFIX_PATH=${CMAKE_PREFIX_PATH}:/home/pi/ugv_ws/install/ugv_web_app:/home/pi/ugv_ws/install/ugv_vision:/home/pi/ugv_ws/install/ugv_tools:/home/pi/ugv_ws/install/ugv_chat_ai:/home/pi/ugv_ws/install/ugv_bringup:/opt/ros/humble /usr/bin/cmake --install /home/pi/ugv_ws/build/cartographer
[0.920s] -- Install configuration: ""
[0.923s] -- Execute custom install script
[0.924s] -- Up-to-date symlink: /home/pi/ugv_ws/install/cartographer/share/cartographer/config/localization_2d.lua
[0.925s] -- Up-to-date symlink: /home/pi/ugv_ws/install/cartographer/share/cartographer/config/mapping_2d.lua
[0.928s] -- Up-to-date symlink: /home/pi/ugv_ws/install/cartographer/share/cartographer/launch/localization.launch.py
[0.931s] -- Up-to-date symlink: /home/pi/ugv_ws/install/cartographer/share/cartographer/launch/mapping.launch.py
[0.932s] -- Up-to-date symlink: /home/pi/ugv_ws/install/cartographer/share/cartographer/launch/occupancy_grid.launch.py
[0.932s] -- Up-to-date symlink: /home/pi/ugv_ws/install/cartographer/share/ament_index/resource_index/package_run_dependencies/cartographer
[1.033s] -- Up-to-date symlink: /home/pi/ugv_ws/install/cartographer/share/ament_index/resource_index/parent_prefix_path/cartographer
[1.053s] -- Up-to-date symlink: /home/pi/ugv_ws/install/cartographer/share/cartographer/environment/ament_prefix_path.sh
[1.086s] -- Up-to-date symlink: /home/pi/ugv_ws/install/cartographer/share/cartographer/environment/ament_prefix_path.dsv
[1.086s] -- Up-to-date symlink: /home/pi/ugv_ws/install/cartographer/share/cartographer/environment/path.sh
[1.114s] -- Up-to-date symlink: /home/pi/ugv_ws/install/cartographer/share/cartographer/environment/path.dsv
[1.117s] -- Up-to-date symlink: /home/pi/ugv_ws/install/cartographer/share/cartographer/local_setup.bash
[1.120s] -- Up-to-date symlink: /home/pi/ugv_ws/install/cartographer/share/cartographer/local_setup.sh
[1.121s] -- Up-to-date symlink: /home/pi/ugv_ws/install/cartographer/share/cartographer/local_setup.zsh
[1.135s] -- Up-to-date symlink: /home/pi/ugv_ws/install/cartographer/share/cartographer/local_setup.dsv
[1.136s] -- Symlinking: /home/pi/ugv_ws/install/cartographer/share/cartographer/package.dsv
[1.260s] -- Up-to-date symlink: /home/pi/ugv_ws/install/cartographer/share/ament_index/resource_index/packages/cartographer
[1.260s] -- Up-to-date symlink: /home/pi/ugv_ws/install/cartographer/share/cartographer/cmake/cartographerConfig.cmake
[1.261s] -- Up-to-date symlink: /home/pi/ugv_ws/install/cartographer/share/cartographer/cmake/cartographerConfig-version.cmake
[1.262s] -- Up-to-date symlink: /home/pi/ugv_ws/install/cartographer/share/cartographer/package.xml
[1.364s] Invoked command in '/home/pi/ugv_ws/build/cartographer' returned '0': CMAKE_PREFIX_PATH=${CMAKE_PREFIX_PATH}:/home/pi/ugv_ws/install/ugv_web_app:/home/pi/ugv_ws/install/ugv_vision:/home/pi/ugv_ws/install/ugv_tools:/home/pi/ugv_ws/install/ugv_chat_ai:/home/pi/ugv_ws/install/ugv_bringup:/opt/ros/humble /usr/bin/cmake --install /home/pi/ugv_ws/build/cartographer
