-- Found ament_cmake_core: 1.3.11 (/opt/ros/humble/share/ament_cmake_core/cmake)
-- Override CMake install command with custom implementation using symlinks instead of copying resources
-- Configuring done
-- Generating done
-- Build files have been written to: /home/pi/ugv_ws/build/vizanti
-- Install configuration: ""
-- Execute custom install script
-- Up-to-date symlink: /home/pi/ugv_ws/install/vizanti/share/ament_index/resource_index/package_run_dependencies/vizanti
-- Up-to-date symlink: /home/pi/ugv_ws/install/vizanti/share/ament_index/resource_index/parent_prefix_path/vizanti
-- Up-to-date symlink: /home/pi/ugv_ws/install/vizanti/share/vizanti/environment/ament_prefix_path.sh
-- Up-to-date symlink: /home/pi/ugv_ws/install/vizanti/share/vizanti/environment/ament_prefix_path.dsv
-- Up-to-date symlink: /home/pi/ugv_ws/install/vizanti/share/vizanti/environment/path.sh
-- Up-to-date symlink: /home/pi/ugv_ws/install/vizanti/share/vizanti/environment/path.dsv
-- Up-to-date symlink: /home/pi/ugv_ws/install/vizanti/share/vizanti/local_setup.bash
-- Up-to-date symlink: /home/pi/ugv_ws/install/vizanti/share/vizanti/local_setup.sh
-- Up-to-date symlink: /home/pi/ugv_ws/install/vizanti/share/vizanti/local_setup.zsh
-- Up-to-date symlink: /home/pi/ugv_ws/install/vizanti/share/vizanti/local_setup.dsv
-- Symlinking: /home/pi/ugv_ws/install/vizanti/share/vizanti/package.dsv
-- Up-to-date symlink: /home/pi/ugv_ws/install/vizanti/share/ament_index/resource_index/packages/vizanti
-- Up-to-date symlink: /home/pi/ugv_ws/install/vizanti/share/vizanti/cmake/vizantiConfig.cmake
-- Up-to-date symlink: /home/pi/ugv_ws/install/vizanti/share/vizanti/cmake/vizantiConfig-version.cmake
-- Up-to-date symlink: /home/pi/ugv_ws/install/vizanti/share/vizanti/package.xml
