[5.951s] Invoking command in '/home/pi/ugv_ws/build/ugv_vision': PYTHONPATH=/home/pi/ugv_ws/build/ugv_vision/prefix_override:/usr/lib/python3/dist-packages/colcon_core/task/python/colcon_distutils_commands:/home/pi/ugv_ws/install/ugv_vision/lib/python3.10/site-packages:${PYTHONPATH} /usr/bin/python3 -W ignore:setup.py install is deprecated -W ignore:easy_install command is deprecated setup.py develop --editable --build-directory /home/pi/ugv_ws/build/ugv_vision/build --no-deps symlink_data
[8.770s] running develop
[10.104s] running egg_info
[10.568s] writing ugv_vision.egg-info/PKG-INFO
[11.553s] writing dependency_links to ugv_vision.egg-info/dependency_links.txt
[11.555s] writing entry points to ugv_vision.egg-info/entry_points.txt
[11.556s] writing requirements to ugv_vision.egg-info/requires.txt
[11.558s] writing top-level names to ugv_vision.egg-info/top_level.txt
[11.570s] reading manifest file 'ugv_vision.egg-info/SOURCES.txt'
[11.899s] writing manifest file 'ugv_vision.egg-info/SOURCES.txt'
[11.906s] running build_ext
[11.907s] Creating /home/pi/ugv_ws/install/ugv_vision/lib/python3.10/site-packages/ugv-vision.egg-link (link to .)
[11.912s] Installing apriltag_ctrl script to /home/pi/ugv_ws/install/ugv_vision/lib/ugv_vision
[11.913s] Installing apriltag_track_0 script to /home/pi/ugv_ws/install/ugv_vision/lib/ugv_vision
[11.914s] Installing apriltag_track_1 script to /home/pi/ugv_ws/install/ugv_vision/lib/ugv_vision
[11.915s] Installing apriltag_track_2 script to /home/pi/ugv_ws/install/ugv_vision/lib/ugv_vision
[11.916s] Installing color_track script to /home/pi/ugv_ws/install/ugv_vision/lib/ugv_vision
[11.917s] Installing gesture_ctrl script to /home/pi/ugv_ws/install/ugv_vision/lib/ugv_vision
[11.918s] Installing kcf_track script to /home/pi/ugv_ws/install/ugv_vision/lib/ugv_vision
[11.933s] 
[11.935s] Installed /home/pi/ugv_ws/build/ugv_vision
[11.936s] running symlink_data
[12.226s] Invoked command in '/home/pi/ugv_ws/build/ugv_vision' returned '0': PYTHONPATH=/home/pi/ugv_ws/build/ugv_vision/prefix_override:/usr/lib/python3/dist-packages/colcon_core/task/python/colcon_distutils_commands:/home/pi/ugv_ws/install/ugv_vision/lib/python3.10/site-packages:${PYTHONPATH} /usr/bin/python3 -W ignore:setup.py install is deprecated -W ignore:easy_install command is deprecated setup.py develop --editable --build-directory /home/pi/ugv_ws/build/ugv_vision/build --no-deps symlink_data
