[0.098s] Invoking command in '/home/pi/ugv_ws/build/vizanti_msgs': CMAKE_PREFIX_PATH=/opt/ros/humble /usr/bin/cmake /home/pi/ugv_ws/src/ugv_else/vizanti/vizanti_msgs -DAMENT_CMAKE_SYMLINK_INSTALL=1 -DCMAKE_INSTALL_PREFIX=/home/pi/ugv_ws/install/vizanti_msgs
[1.496s] -- The C compiler identification is GNU 11.4.0
[5.655s] -- The CXX compiler identification is GNU 11.4.0
[5.688s] -- Detecting C compiler ABI info
[6.100s] -- Detecting C compiler ABI info - done
[6.127s] -- Check for working C compiler: /usr/bin/cc - skipped
[6.128s] -- Detecting C compile features
[6.130s] -- Detecting C compile features - done
[6.143s] -- Detecting CXX compiler ABI info
[6.588s] -- Detecting CXX compiler ABI info - done
[6.623s] -- Check for working CXX compiler: /usr/bin/c++ - skipped
[6.625s] -- Detecting CXX compile features
[6.627s] -- Detecting CXX compile features - done
[6.680s] -- Found ament_cmake: 1.3.11 (/opt/ros/humble/share/ament_cmake/cmake)
[7.847s] -- Found Python3: /usr/bin/python3 (found version "3.10.12") found components: Interpreter 
[8.369s] -- Override CMake install command with custom implementation using symlinks instead of copying resources
[8.786s] -- Found rosidl_default_generators: 1.2.0 (/opt/ros/humble/share/rosidl_default_generators/cmake)
[8.826s] -- Using all available rosidl_typesupport_c: rosidl_typesupport_fastrtps_c;rosidl_typesupport_introspection_c
[8.926s] -- Found rosidl_adapter: 3.1.6 (/opt/ros/humble/share/rosidl_adapter/cmake)
[9.387s] -- Using all available rosidl_typesupport_cpp: rosidl_typesupport_fastrtps_cpp;rosidl_typesupport_introspection_cpp
[9.693s] -- Found std_msgs: 4.2.4 (/opt/ros/humble/share/std_msgs/cmake)
[9.879s] -- Found nav_msgs: 4.2.4 (/opt/ros/humble/share/nav_msgs/cmake)
[10.139s] -- Found actionlib_msgs: 4.2.4 (/opt/ros/humble/share/actionlib_msgs/cmake)
[13.086s] -- Found ament_cmake_ros: 0.10.0 (/opt/ros/humble/share/ament_cmake_ros/cmake)
[17.058s] -- Using all available rosidl_typesupport_c: rosidl_typesupport_fastrtps_c;rosidl_typesupport_introspection_c
[21.400s] -- Using all available rosidl_typesupport_cpp: rosidl_typesupport_fastrtps_cpp;rosidl_typesupport_introspection_cpp
[21.700s] -- Found PythonInterp: /usr/bin/python3 (found suitable version "3.10.12", minimum required is "3.6") 
[21.737s] -- Found python_cmake_module: 0.10.0 (/opt/ros/humble/share/python_cmake_module/cmake)
[22.108s] -- Found PythonLibs: /usr/lib/aarch64-linux-gnu/libpython3.10.so (found suitable version "3.10.12", minimum required is "3.5") 
[22.111s] -- Using PYTHON_EXECUTABLE: /usr/bin/python3
[22.112s] -- Using PYTHON_INCLUDE_DIRS: /usr/include/python3.10
[22.113s] -- Using PYTHON_LIBRARIES: /usr/lib/aarch64-linux-gnu/libpython3.10.so
[22.365s] -- Found PythonExtra: .so  
[23.544s] -- Configuring done
[24.822s] -- Generating done
[25.700s] -- Build files have been written to: /home/pi/ugv_ws/build/vizanti_msgs
[25.875s] Invoked command in '/home/pi/ugv_ws/build/vizanti_msgs' returned '0': CMAKE_PREFIX_PATH=/opt/ros/humble /usr/bin/cmake /home/pi/ugv_ws/src/ugv_else/vizanti/vizanti_msgs -DAMENT_CMAKE_SYMLINK_INSTALL=1 -DCMAKE_INSTALL_PREFIX=/home/pi/ugv_ws/install/vizanti_msgs
[25.878s] Invoking command in '/home/pi/ugv_ws/build/vizanti_msgs': CMAKE_PREFIX_PATH=/opt/ros/humble /usr/bin/cmake --build /home/pi/ugv_ws/build/vizanti_msgs -- -j4 -l4
[26.488s] [  1%] [34m[1mGenerating C code for ROS interfaces[0m
[26.596s] [  1%] [34m[1mGenerating C++ code for ROS interfaces[0m
[26.652s] [  1%] Built target ament_cmake_python_symlink_vizanti_msgs
[31.857s] running egg_info
[31.861s] creating vizanti_msgs.egg-info
[31.863s] writing vizanti_msgs.egg-info/PKG-INFO
[31.866s] writing dependency_links to vizanti_msgs.egg-info/dependency_links.txt
[31.868s] writing top-level names to vizanti_msgs.egg-info/top_level.txt
[31.871s] writing manifest file 'vizanti_msgs.egg-info/SOURCES.txt'
[31.886s] reading manifest file 'vizanti_msgs.egg-info/SOURCES.txt'
[31.890s] writing manifest file 'vizanti_msgs.egg-info/SOURCES.txt'
[32.198s] [  1%] Built target ament_cmake_python_build_vizanti_msgs_egg
[38.046s] [  2%] [32mBuilding C object CMakeFiles/vizanti_msgs__rosidl_generator_c.dir/rosidl_generator_c/vizanti_msgs/srv/detail/get_node_parameters__functions.c.o[0m
[38.178s] [  2%] Built target vizanti_msgs__cpp
[38.509s] [  3%] [32mBuilding C object CMakeFiles/vizanti_msgs__rosidl_generator_c.dir/rosidl_generator_c/vizanti_msgs/srv/detail/load_map__functions.c.o[0m
[38.898s] [  4%] [32mBuilding C object CMakeFiles/vizanti_msgs__rosidl_generator_c.dir/rosidl_generator_c/vizanti_msgs/srv/detail/save_map__functions.c.o[0m
[39.285s] [  5%] [32mBuilding C object CMakeFiles/vizanti_msgs__rosidl_generator_c.dir/rosidl_generator_c/vizanti_msgs/srv/detail/set_node_parameter__functions.c.o[0m
[39.689s] [  6%] [32mBuilding C object CMakeFiles/vizanti_msgs__rosidl_generator_c.dir/rosidl_generator_c/vizanti_msgs/srv/detail/launches__functions.c.o[0m
[40.070s] [  7%] [32mBuilding C object CMakeFiles/vizanti_msgs__rosidl_generator_c.dir/rosidl_generator_c/vizanti_msgs/srv/detail/record_rosbag__functions.c.o[0m
[40.541s] [  8%] [32mBuilding C object CMakeFiles/vizanti_msgs__rosidl_generator_c.dir/rosidl_generator_c/vizanti_msgs/srv/detail/manage_node__functions.c.o[0m
[40.920s] [  9%] [32mBuilding C object CMakeFiles/vizanti_msgs__rosidl_generator_c.dir/rosidl_generator_c/vizanti_msgs/srv/detail/manage_launch__functions.c.o[0m
[41.297s] [ 10%] [32mBuilding C object CMakeFiles/vizanti_msgs__rosidl_generator_c.dir/rosidl_generator_c/vizanti_msgs/srv/detail/list_packages__functions.c.o[0m
[41.725s] [ 11%] [32mBuilding C object CMakeFiles/vizanti_msgs__rosidl_generator_c.dir/rosidl_generator_c/vizanti_msgs/srv/detail/list_executables__functions.c.o[0m
[42.084s] [ 12%] [32m[1mLinking C shared library libvizanti_msgs__rosidl_generator_c.so[0m
[42.328s] [ 12%] Built target vizanti_msgs__rosidl_generator_c
[42.384s] [ 13%] [34m[1mGenerating C++ introspection for ROS interfaces[0m
[48.319s] [ 14%] [32mBuilding CXX object CMakeFiles/vizanti_msgs__rosidl_typesupport_introspection_cpp.dir/rosidl_typesupport_introspection_cpp/vizanti_msgs/srv/detail/get_node_parameters__type_support.cpp.o[0m
[51.233s] [ 15%] [32mBuilding CXX object CMakeFiles/vizanti_msgs__rosidl_typesupport_introspection_cpp.dir/rosidl_typesupport_introspection_cpp/vizanti_msgs/srv/detail/set_node_parameter__type_support.cpp.o[0m
[54.124s] [ 16%] [32mBuilding CXX object CMakeFiles/vizanti_msgs__rosidl_typesupport_introspection_cpp.dir/rosidl_typesupport_introspection_cpp/vizanti_msgs/srv/detail/save_map__type_support.cpp.o[0m
[56.735s] [ 17%] [32mBuilding CXX object CMakeFiles/vizanti_msgs__rosidl_typesupport_introspection_cpp.dir/rosidl_typesupport_introspection_cpp/vizanti_msgs/srv/detail/load_map__type_support.cpp.o[0m
[59.299s] [ 18%] [32mBuilding CXX object CMakeFiles/vizanti_msgs__rosidl_typesupport_introspection_cpp.dir/rosidl_typesupport_introspection_cpp/vizanti_msgs/srv/detail/launches__type_support.cpp.o[0m
[63.224s] [ 19%] [32mBuilding CXX object CMakeFiles/vizanti_msgs__rosidl_typesupport_introspection_cpp.dir/rosidl_typesupport_introspection_cpp/vizanti_msgs/srv/detail/record_rosbag__type_support.cpp.o[0m
[66.059s] [ 20%] [32mBuilding CXX object CMakeFiles/vizanti_msgs__rosidl_typesupport_introspection_cpp.dir/rosidl_typesupport_introspection_cpp/vizanti_msgs/srv/detail/manage_node__type_support.cpp.o[0m
[68.557s] [ 21%] [32mBuilding CXX object CMakeFiles/vizanti_msgs__rosidl_typesupport_introspection_cpp.dir/rosidl_typesupport_introspection_cpp/vizanti_msgs/srv/detail/manage_launch__type_support.cpp.o[0m
[71.085s] [ 22%] [32mBuilding CXX object CMakeFiles/vizanti_msgs__rosidl_typesupport_introspection_cpp.dir/rosidl_typesupport_introspection_cpp/vizanti_msgs/srv/detail/list_packages__type_support.cpp.o[0m
[73.708s] [ 23%] [32mBuilding CXX object CMakeFiles/vizanti_msgs__rosidl_typesupport_introspection_cpp.dir/rosidl_typesupport_introspection_cpp/vizanti_msgs/srv/detail/list_executables__type_support.cpp.o[0m
[77.140s] [ 24%] [32m[1mLinking CXX shared library libvizanti_msgs__rosidl_typesupport_introspection_cpp.so[0m
[77.558s] [ 24%] Built target vizanti_msgs__rosidl_typesupport_introspection_cpp
[77.613s] [ 25%] [34m[1mGenerating C type support for eProsima Fast-RTPS[0m
[82.780s] [ 26%] [32mBuilding CXX object CMakeFiles/vizanti_msgs__rosidl_typesupport_fastrtps_c.dir/rosidl_typesupport_fastrtps_c/vizanti_msgs/srv/detail/get_node_parameters__type_support_c.cpp.o[0m
[85.279s] [ 27%] [32mBuilding CXX object CMakeFiles/vizanti_msgs__rosidl_typesupport_fastrtps_c.dir/rosidl_typesupport_fastrtps_c/vizanti_msgs/srv/detail/set_node_parameter__type_support_c.cpp.o[0m
[87.648s] [ 28%] [32mBuilding CXX object CMakeFiles/vizanti_msgs__rosidl_typesupport_fastrtps_c.dir/rosidl_typesupport_fastrtps_c/vizanti_msgs/srv/detail/save_map__type_support_c.cpp.o[0m
[90.174s] [ 29%] [32mBuilding CXX object CMakeFiles/vizanti_msgs__rosidl_typesupport_fastrtps_c.dir/rosidl_typesupport_fastrtps_c/vizanti_msgs/srv/detail/load_map__type_support_c.cpp.o[0m
[92.659s] [ 30%] [32mBuilding CXX object CMakeFiles/vizanti_msgs__rosidl_typesupport_fastrtps_c.dir/rosidl_typesupport_fastrtps_c/vizanti_msgs/srv/detail/launches__type_support_c.cpp.o[0m
[94.836s] [ 31%] [32mBuilding CXX object CMakeFiles/vizanti_msgs__rosidl_typesupport_fastrtps_c.dir/rosidl_typesupport_fastrtps_c/vizanti_msgs/srv/detail/record_rosbag__type_support_c.cpp.o[0m
[97.326s] [ 32%] [32mBuilding CXX object CMakeFiles/vizanti_msgs__rosidl_typesupport_fastrtps_c.dir/rosidl_typesupport_fastrtps_c/vizanti_msgs/srv/detail/manage_node__type_support_c.cpp.o[0m
[99.654s] [ 33%] [32mBuilding CXX object CMakeFiles/vizanti_msgs__rosidl_typesupport_fastrtps_c.dir/rosidl_typesupport_fastrtps_c/vizanti_msgs/srv/detail/manage_launch__type_support_c.cpp.o[0m
[101.915s] [ 34%] [32mBuilding CXX object CMakeFiles/vizanti_msgs__rosidl_typesupport_fastrtps_c.dir/rosidl_typesupport_fastrtps_c/vizanti_msgs/srv/detail/list_packages__type_support_c.cpp.o[0m
[104.121s] [ 35%] [32mBuilding CXX object CMakeFiles/vizanti_msgs__rosidl_typesupport_fastrtps_c.dir/rosidl_typesupport_fastrtps_c/vizanti_msgs/srv/detail/list_executables__type_support_c.cpp.o[0m
[106.371s] [ 36%] [32m[1mLinking CXX shared library libvizanti_msgs__rosidl_typesupport_fastrtps_c.so[0m
[106.809s] [ 36%] Built target vizanti_msgs__rosidl_typesupport_fastrtps_c
[106.861s] [ 37%] [34m[1mGenerating C introspection for ROS interfaces[0m
[112.864s] [ 38%] [32mBuilding C object CMakeFiles/vizanti_msgs__rosidl_typesupport_introspection_c.dir/rosidl_typesupport_introspection_c/vizanti_msgs/srv/detail/get_node_parameters__type_support.c.o[0m
[113.366s] [ 39%] [32mBuilding C object CMakeFiles/vizanti_msgs__rosidl_typesupport_introspection_c.dir/rosidl_typesupport_introspection_c/vizanti_msgs/srv/detail/set_node_parameter__type_support.c.o[0m
[113.610s] [ 40%] [32mBuilding C object CMakeFiles/vizanti_msgs__rosidl_typesupport_introspection_c.dir/rosidl_typesupport_introspection_c/vizanti_msgs/srv/detail/save_map__type_support.c.o[0m
[113.868s] [ 41%] [32mBuilding C object CMakeFiles/vizanti_msgs__rosidl_typesupport_introspection_c.dir/rosidl_typesupport_introspection_c/vizanti_msgs/srv/detail/load_map__type_support.c.o[0m
[114.137s] [ 42%] [32mBuilding C object CMakeFiles/vizanti_msgs__rosidl_typesupport_introspection_c.dir/rosidl_typesupport_introspection_c/vizanti_msgs/srv/detail/launches__type_support.c.o[0m
[114.413s] [ 43%] [32mBuilding C object CMakeFiles/vizanti_msgs__rosidl_typesupport_introspection_c.dir/rosidl_typesupport_introspection_c/vizanti_msgs/srv/detail/record_rosbag__type_support.c.o[0m
[114.699s] [ 44%] [32mBuilding C object CMakeFiles/vizanti_msgs__rosidl_typesupport_introspection_c.dir/rosidl_typesupport_introspection_c/vizanti_msgs/srv/detail/manage_node__type_support.c.o[0m
[114.956s] [ 45%] [32mBuilding C object CMakeFiles/vizanti_msgs__rosidl_typesupport_introspection_c.dir/rosidl_typesupport_introspection_c/vizanti_msgs/srv/detail/manage_launch__type_support.c.o[0m
[115.214s] [ 46%] [32mBuilding C object CMakeFiles/vizanti_msgs__rosidl_typesupport_introspection_c.dir/rosidl_typesupport_introspection_c/vizanti_msgs/srv/detail/list_packages__type_support.c.o[0m
[115.496s] [ 47%] [32mBuilding C object CMakeFiles/vizanti_msgs__rosidl_typesupport_introspection_c.dir/rosidl_typesupport_introspection_c/vizanti_msgs/srv/detail/list_executables__type_support.c.o[0m
[115.760s] [ 48%] [32m[1mLinking C shared library libvizanti_msgs__rosidl_typesupport_introspection_c.so[0m
[115.966s] [ 48%] Built target vizanti_msgs__rosidl_typesupport_introspection_c
[116.034s] [ 49%] [34m[1mGenerating C type support dispatch for ROS interfaces[0m
[119.180s] [ 50%] [32mBuilding CXX object CMakeFiles/vizanti_msgs__rosidl_typesupport_c.dir/rosidl_typesupport_c/vizanti_msgs/srv/get_node_parameters__type_support.cpp.o[0m
[119.380s] [ 51%] [32mBuilding CXX object CMakeFiles/vizanti_msgs__rosidl_typesupport_c.dir/rosidl_typesupport_c/vizanti_msgs/srv/set_node_parameter__type_support.cpp.o[0m
[119.582s] [ 52%] [32mBuilding CXX object CMakeFiles/vizanti_msgs__rosidl_typesupport_c.dir/rosidl_typesupport_c/vizanti_msgs/srv/save_map__type_support.cpp.o[0m
[119.770s] [ 53%] [32mBuilding CXX object CMakeFiles/vizanti_msgs__rosidl_typesupport_c.dir/rosidl_typesupport_c/vizanti_msgs/srv/load_map__type_support.cpp.o[0m
[119.968s] [ 54%] [32mBuilding CXX object CMakeFiles/vizanti_msgs__rosidl_typesupport_c.dir/rosidl_typesupport_c/vizanti_msgs/srv/launches__type_support.cpp.o[0m
[120.172s] [ 55%] [32mBuilding CXX object CMakeFiles/vizanti_msgs__rosidl_typesupport_c.dir/rosidl_typesupport_c/vizanti_msgs/srv/record_rosbag__type_support.cpp.o[0m
[120.387s] [ 56%] [32mBuilding CXX object CMakeFiles/vizanti_msgs__rosidl_typesupport_c.dir/rosidl_typesupport_c/vizanti_msgs/srv/manage_node__type_support.cpp.o[0m
[120.574s] [ 57%] [32mBuilding CXX object CMakeFiles/vizanti_msgs__rosidl_typesupport_c.dir/rosidl_typesupport_c/vizanti_msgs/srv/manage_launch__type_support.cpp.o[0m
[120.766s] [ 57%] [32mBuilding CXX object CMakeFiles/vizanti_msgs__rosidl_typesupport_c.dir/rosidl_typesupport_c/vizanti_msgs/srv/list_packages__type_support.cpp.o[0m
[120.951s] [ 58%] [32mBuilding CXX object CMakeFiles/vizanti_msgs__rosidl_typesupport_c.dir/rosidl_typesupport_c/vizanti_msgs/srv/list_executables__type_support.cpp.o[0m
[121.140s] [ 59%] [32m[1mLinking CXX shared library libvizanti_msgs__rosidl_typesupport_c.so[0m
[121.363s] [ 59%] Built target vizanti_msgs__rosidl_typesupport_c
[121.417s] [ 60%] [34m[1mGenerating C++ type support for eProsima Fast-RTPS[0m
[126.657s] [ 61%] [32mBuilding CXX object CMakeFiles/vizanti_msgs__rosidl_typesupport_fastrtps_cpp.dir/rosidl_typesupport_fastrtps_cpp/vizanti_msgs/srv/detail/dds_fastrtps/get_node_parameters__type_support.cpp.o[0m
[129.221s] [ 61%] [32mBuilding CXX object CMakeFiles/vizanti_msgs__rosidl_typesupport_fastrtps_cpp.dir/rosidl_typesupport_fastrtps_cpp/vizanti_msgs/srv/detail/dds_fastrtps/save_map__type_support.cpp.o[0m
[131.959s] [ 62%] [32mBuilding CXX object CMakeFiles/vizanti_msgs__rosidl_typesupport_fastrtps_cpp.dir/rosidl_typesupport_fastrtps_cpp/vizanti_msgs/srv/detail/dds_fastrtps/load_map__type_support.cpp.o[0m
[134.606s] [ 63%] [32mBuilding CXX object CMakeFiles/vizanti_msgs__rosidl_typesupport_fastrtps_cpp.dir/rosidl_typesupport_fastrtps_cpp/vizanti_msgs/srv/detail/dds_fastrtps/launches__type_support.cpp.o[0m
[137.571s] [ 64%] [32mBuilding CXX object CMakeFiles/vizanti_msgs__rosidl_typesupport_fastrtps_cpp.dir/rosidl_typesupport_fastrtps_cpp/vizanti_msgs/srv/detail/dds_fastrtps/record_rosbag__type_support.cpp.o[0m
[140.849s] [ 65%] [32mBuilding CXX object CMakeFiles/vizanti_msgs__rosidl_typesupport_fastrtps_cpp.dir/rosidl_typesupport_fastrtps_cpp/vizanti_msgs/srv/detail/dds_fastrtps/manage_node__type_support.cpp.o[0m
[143.690s] [ 66%] [32mBuilding CXX object CMakeFiles/vizanti_msgs__rosidl_typesupport_fastrtps_cpp.dir/rosidl_typesupport_fastrtps_cpp/vizanti_msgs/srv/detail/dds_fastrtps/manage_launch__type_support.cpp.o[0m
[146.518s] [ 67%] [32mBuilding CXX object CMakeFiles/vizanti_msgs__rosidl_typesupport_fastrtps_cpp.dir/rosidl_typesupport_fastrtps_cpp/vizanti_msgs/srv/detail/dds_fastrtps/list_packages__type_support.cpp.o[0m
[149.349s] [ 68%] [32mBuilding CXX object CMakeFiles/vizanti_msgs__rosidl_typesupport_fastrtps_cpp.dir/rosidl_typesupport_fastrtps_cpp/vizanti_msgs/srv/detail/dds_fastrtps/list_executables__type_support.cpp.o[0m
[152.389s] [ 69%] [32mBuilding CXX object CMakeFiles/vizanti_msgs__rosidl_typesupport_fastrtps_cpp.dir/rosidl_typesupport_fastrtps_cpp/vizanti_msgs/srv/detail/dds_fastrtps/set_node_parameter__type_support.cpp.o[0m
[155.100s] [ 70%] [32m[1mLinking CXX shared library libvizanti_msgs__rosidl_typesupport_fastrtps_cpp.so[0m
[155.566s] [ 70%] Built target vizanti_msgs__rosidl_typesupport_fastrtps_cpp
[155.629s] [ 71%] [34m[1mGenerating C++ type support dispatch for ROS interfaces[0m
[158.799s] [ 72%] [32mBuilding CXX object CMakeFiles/vizanti_msgs__rosidl_typesupport_cpp.dir/rosidl_typesupport_cpp/vizanti_msgs/srv/get_node_parameters__type_support.cpp.o[0m
[160.487s] [ 73%] [32mBuilding CXX object CMakeFiles/vizanti_msgs__rosidl_typesupport_cpp.dir/rosidl_typesupport_cpp/vizanti_msgs/srv/load_map__type_support.cpp.o[0m
[162.289s] [ 74%] [32mBuilding CXX object CMakeFiles/vizanti_msgs__rosidl_typesupport_cpp.dir/rosidl_typesupport_cpp/vizanti_msgs/srv/launches__type_support.cpp.o[0m
[164.056s] [ 75%] [32mBuilding CXX object CMakeFiles/vizanti_msgs__rosidl_typesupport_cpp.dir/rosidl_typesupport_cpp/vizanti_msgs/srv/record_rosbag__type_support.cpp.o[0m
[165.848s] [ 76%] [32mBuilding CXX object CMakeFiles/vizanti_msgs__rosidl_typesupport_cpp.dir/rosidl_typesupport_cpp/vizanti_msgs/srv/manage_node__type_support.cpp.o[0m
[167.648s] [ 77%] [32mBuilding CXX object CMakeFiles/vizanti_msgs__rosidl_typesupport_cpp.dir/rosidl_typesupport_cpp/vizanti_msgs/srv/manage_launch__type_support.cpp.o[0m
[169.452s] [ 78%] [32mBuilding CXX object CMakeFiles/vizanti_msgs__rosidl_typesupport_cpp.dir/rosidl_typesupport_cpp/vizanti_msgs/srv/list_packages__type_support.cpp.o[0m
[171.308s] [ 79%] [32mBuilding CXX object CMakeFiles/vizanti_msgs__rosidl_typesupport_cpp.dir/rosidl_typesupport_cpp/vizanti_msgs/srv/list_executables__type_support.cpp.o[0m
[173.236s] [ 80%] [32mBuilding CXX object CMakeFiles/vizanti_msgs__rosidl_typesupport_cpp.dir/rosidl_typesupport_cpp/vizanti_msgs/srv/save_map__type_support.cpp.o[0m
[175.120s] [ 81%] [32mBuilding CXX object CMakeFiles/vizanti_msgs__rosidl_typesupport_cpp.dir/rosidl_typesupport_cpp/vizanti_msgs/srv/set_node_parameter__type_support.cpp.o[0m
[177.026s] [ 82%] [32m[1mLinking CXX shared library libvizanti_msgs__rosidl_typesupport_cpp.so[0m
[177.264s] [ 82%] Built target vizanti_msgs__rosidl_typesupport_cpp
[177.380s] [ 82%] Built target vizanti_msgs
[177.481s] [ 83%] [34m[1mGenerating Python code for ROS interfaces[0m
[187.447s] [ 83%] Built target vizanti_msgs__py
[187.544s] [ 84%] [32mBuilding C object CMakeFiles/vizanti_msgs__rosidl_generator_py.dir/rosidl_generator_py/vizanti_msgs/srv/_get_node_parameters_s.c.o[0m
[188.112s] [ 85%] [32mBuilding C object CMakeFiles/vizanti_msgs__rosidl_generator_py.dir/rosidl_generator_py/vizanti_msgs/srv/_load_map_s.c.o[0m
[188.700s] [ 86%] [32mBuilding C object CMakeFiles/vizanti_msgs__rosidl_generator_py.dir/rosidl_generator_py/vizanti_msgs/srv/_launches_s.c.o[0m
[189.281s] [ 87%] [32mBuilding C object CMakeFiles/vizanti_msgs__rosidl_generator_py.dir/rosidl_generator_py/vizanti_msgs/srv/_record_rosbag_s.c.o[0m
[189.897s] [ 88%] [32mBuilding C object CMakeFiles/vizanti_msgs__rosidl_generator_py.dir/rosidl_generator_py/vizanti_msgs/srv/_manage_node_s.c.o[0m
[190.477s] [ 89%] [32mBuilding C object CMakeFiles/vizanti_msgs__rosidl_generator_py.dir/rosidl_generator_py/vizanti_msgs/srv/_manage_launch_s.c.o[0m
[191.134s] [ 90%] [32mBuilding C object CMakeFiles/vizanti_msgs__rosidl_generator_py.dir/rosidl_generator_py/vizanti_msgs/srv/_list_packages_s.c.o[0m
[191.881s] [ 91%] [32mBuilding C object CMakeFiles/vizanti_msgs__rosidl_generator_py.dir/rosidl_generator_py/vizanti_msgs/srv/_list_executables_s.c.o[0m
[192.616s] [ 92%] [32mBuilding C object CMakeFiles/vizanti_msgs__rosidl_generator_py.dir/rosidl_generator_py/vizanti_msgs/srv/_save_map_s.c.o[0m
[193.334s] [ 93%] [32mBuilding C object CMakeFiles/vizanti_msgs__rosidl_generator_py.dir/rosidl_generator_py/vizanti_msgs/srv/_set_node_parameter_s.c.o[0m
[194.073s] [ 94%] [32m[1mLinking C shared library rosidl_generator_py/vizanti_msgs/libvizanti_msgs__rosidl_generator_py.so[0m
[194.398s] [ 94%] Built target vizanti_msgs__rosidl_generator_py
[194.510s] [ 95%] [32mBuilding C object CMakeFiles/vizanti_msgs__rosidl_typesupport_fastrtps_c__pyext.dir/rosidl_generator_py/vizanti_msgs/_vizanti_msgs_s.ep.rosidl_typesupport_fastrtps_c.c.o[0m
[195.640s] [ 96%] [32m[1mLinking C shared library rosidl_generator_py/vizanti_msgs/vizanti_msgs_s__rosidl_typesupport_fastrtps_c.cpython-310-aarch64-linux-gnu.so[0m
[196.001s] [ 96%] Built target vizanti_msgs__rosidl_typesupport_fastrtps_c__pyext
[196.123s] [ 97%] [32mBuilding C object CMakeFiles/vizanti_msgs__rosidl_typesupport_c__pyext.dir/rosidl_generator_py/vizanti_msgs/_vizanti_msgs_s.ep.rosidl_typesupport_c.c.o[0m
[197.221s] [ 98%] [32m[1mLinking C shared library rosidl_generator_py/vizanti_msgs/vizanti_msgs_s__rosidl_typesupport_c.cpython-310-aarch64-linux-gnu.so[0m
[197.575s] [ 98%] Built target vizanti_msgs__rosidl_typesupport_c__pyext
[197.686s] [ 99%] [32mBuilding C object CMakeFiles/vizanti_msgs__rosidl_typesupport_introspection_c__pyext.dir/rosidl_generator_py/vizanti_msgs/_vizanti_msgs_s.ep.rosidl_typesupport_introspection_c.c.o[0m
[198.805s] [100%] [32m[1mLinking C shared library rosidl_generator_py/vizanti_msgs/vizanti_msgs_s__rosidl_typesupport_introspection_c.cpython-310-aarch64-linux-gnu.so[0m
[199.161s] [100%] Built target vizanti_msgs__rosidl_typesupport_introspection_c__pyext
[199.239s] Invoked command in '/home/pi/ugv_ws/build/vizanti_msgs' returned '0': CMAKE_PREFIX_PATH=/opt/ros/humble /usr/bin/cmake --build /home/pi/ugv_ws/build/vizanti_msgs -- -j4 -l4
[199.246s] Invoking command in '/home/pi/ugv_ws/build/vizanti_msgs': CMAKE_PREFIX_PATH=/opt/ros/humble /usr/bin/cmake --install /home/pi/ugv_ws/build/vizanti_msgs
[199.297s] -- Install configuration: ""
[199.302s] -- Execute custom install script
[199.306s] -- Symlinking: /home/pi/ugv_ws/install/vizanti_msgs/share/ament_index/resource_index/rosidl_interfaces/vizanti_msgs
[199.364s] -- Symlinking: /home/pi/ugv_ws/install/vizanti_msgs/include/vizanti_msgs/vizanti_msgs/msg/rosidl_generator_c__visibility_control.h
[199.412s] -- Symlinking: /home/pi/ugv_ws/install/vizanti_msgs/include/vizanti_msgs/vizanti_msgs/srv/detail/get_node_parameters__functions.h
[199.469s] -- Symlinking: /home/pi/ugv_ws/install/vizanti_msgs/include/vizanti_msgs/vizanti_msgs/srv/detail/get_node_parameters__struct.h
[199.517s] -- Symlinking: /home/pi/ugv_ws/install/vizanti_msgs/include/vizanti_msgs/vizanti_msgs/srv/detail/get_node_parameters__type_support.h
[199.566s] -- Symlinking: /home/pi/ugv_ws/install/vizanti_msgs/include/vizanti_msgs/vizanti_msgs/srv/detail/launches__functions.h
[199.614s] -- Symlinking: /home/pi/ugv_ws/install/vizanti_msgs/include/vizanti_msgs/vizanti_msgs/srv/detail/launches__struct.h
[199.668s] -- Symlinking: /home/pi/ugv_ws/install/vizanti_msgs/include/vizanti_msgs/vizanti_msgs/srv/detail/launches__type_support.h
[199.719s] -- Symlinking: /home/pi/ugv_ws/install/vizanti_msgs/include/vizanti_msgs/vizanti_msgs/srv/detail/list_executables__functions.h
[199.772s] -- Symlinking: /home/pi/ugv_ws/install/vizanti_msgs/include/vizanti_msgs/vizanti_msgs/srv/detail/list_executables__struct.h
[199.820s] -- Symlinking: /home/pi/ugv_ws/install/vizanti_msgs/include/vizanti_msgs/vizanti_msgs/srv/detail/list_executables__type_support.h
[199.874s] -- Symlinking: /home/pi/ugv_ws/install/vizanti_msgs/include/vizanti_msgs/vizanti_msgs/srv/detail/list_packages__functions.h
[199.924s] -- Symlinking: /home/pi/ugv_ws/install/vizanti_msgs/include/vizanti_msgs/vizanti_msgs/srv/detail/list_packages__struct.h
[199.978s] -- Symlinking: /home/pi/ugv_ws/install/vizanti_msgs/include/vizanti_msgs/vizanti_msgs/srv/detail/list_packages__type_support.h
[200.031s] -- Symlinking: /home/pi/ugv_ws/install/vizanti_msgs/include/vizanti_msgs/vizanti_msgs/srv/detail/load_map__functions.h
[200.089s] -- Symlinking: /home/pi/ugv_ws/install/vizanti_msgs/include/vizanti_msgs/vizanti_msgs/srv/detail/load_map__struct.h
[200.145s] -- Symlinking: /home/pi/ugv_ws/install/vizanti_msgs/include/vizanti_msgs/vizanti_msgs/srv/detail/load_map__type_support.h
[200.201s] -- Symlinking: /home/pi/ugv_ws/install/vizanti_msgs/include/vizanti_msgs/vizanti_msgs/srv/detail/manage_launch__functions.h
[200.253s] -- Symlinking: /home/pi/ugv_ws/install/vizanti_msgs/include/vizanti_msgs/vizanti_msgs/srv/detail/manage_launch__struct.h
[200.305s] -- Symlinking: /home/pi/ugv_ws/install/vizanti_msgs/include/vizanti_msgs/vizanti_msgs/srv/detail/manage_launch__type_support.h
[200.354s] -- Symlinking: /home/pi/ugv_ws/install/vizanti_msgs/include/vizanti_msgs/vizanti_msgs/srv/detail/manage_node__functions.h
[200.403s] -- Symlinking: /home/pi/ugv_ws/install/vizanti_msgs/include/vizanti_msgs/vizanti_msgs/srv/detail/manage_node__struct.h
[200.452s] -- Symlinking: /home/pi/ugv_ws/install/vizanti_msgs/include/vizanti_msgs/vizanti_msgs/srv/detail/manage_node__type_support.h
[200.503s] -- Symlinking: /home/pi/ugv_ws/install/vizanti_msgs/include/vizanti_msgs/vizanti_msgs/srv/detail/record_rosbag__functions.h
[200.549s] -- Symlinking: /home/pi/ugv_ws/install/vizanti_msgs/include/vizanti_msgs/vizanti_msgs/srv/detail/record_rosbag__struct.h
[200.595s] -- Symlinking: /home/pi/ugv_ws/install/vizanti_msgs/include/vizanti_msgs/vizanti_msgs/srv/detail/record_rosbag__type_support.h
[200.642s] -- Symlinking: /home/pi/ugv_ws/install/vizanti_msgs/include/vizanti_msgs/vizanti_msgs/srv/detail/save_map__functions.h
[200.693s] -- Symlinking: /home/pi/ugv_ws/install/vizanti_msgs/include/vizanti_msgs/vizanti_msgs/srv/detail/save_map__struct.h
[200.743s] -- Symlinking: /home/pi/ugv_ws/install/vizanti_msgs/include/vizanti_msgs/vizanti_msgs/srv/detail/save_map__type_support.h
[200.792s] -- Symlinking: /home/pi/ugv_ws/install/vizanti_msgs/include/vizanti_msgs/vizanti_msgs/srv/detail/set_node_parameter__functions.h
[200.836s] -- Symlinking: /home/pi/ugv_ws/install/vizanti_msgs/include/vizanti_msgs/vizanti_msgs/srv/detail/set_node_parameter__struct.h
[200.881s] -- Symlinking: /home/pi/ugv_ws/install/vizanti_msgs/include/vizanti_msgs/vizanti_msgs/srv/detail/set_node_parameter__type_support.h
[200.927s] -- Symlinking: /home/pi/ugv_ws/install/vizanti_msgs/include/vizanti_msgs/vizanti_msgs/srv/get_node_parameters.h
[200.971s] -- Symlinking: /home/pi/ugv_ws/install/vizanti_msgs/include/vizanti_msgs/vizanti_msgs/srv/launches.h
[201.015s] -- Symlinking: /home/pi/ugv_ws/install/vizanti_msgs/include/vizanti_msgs/vizanti_msgs/srv/list_executables.h
[201.058s] -- Symlinking: /home/pi/ugv_ws/install/vizanti_msgs/include/vizanti_msgs/vizanti_msgs/srv/list_packages.h
[201.101s] -- Symlinking: /home/pi/ugv_ws/install/vizanti_msgs/include/vizanti_msgs/vizanti_msgs/srv/load_map.h
[201.145s] -- Symlinking: /home/pi/ugv_ws/install/vizanti_msgs/include/vizanti_msgs/vizanti_msgs/srv/manage_launch.h
[201.191s] -- Symlinking: /home/pi/ugv_ws/install/vizanti_msgs/include/vizanti_msgs/vizanti_msgs/srv/manage_node.h
[201.235s] -- Symlinking: /home/pi/ugv_ws/install/vizanti_msgs/include/vizanti_msgs/vizanti_msgs/srv/record_rosbag.h
[201.284s] -- Symlinking: /home/pi/ugv_ws/install/vizanti_msgs/include/vizanti_msgs/vizanti_msgs/srv/save_map.h
[201.329s] -- Symlinking: /home/pi/ugv_ws/install/vizanti_msgs/include/vizanti_msgs/vizanti_msgs/srv/set_node_parameter.h
[201.379s] -- Symlinking: /home/pi/ugv_ws/install/vizanti_msgs/share/vizanti_msgs/environment/library_path.sh
[201.426s] -- Symlinking: /home/pi/ugv_ws/install/vizanti_msgs/share/vizanti_msgs/environment/library_path.dsv
[201.484s] -- Symlinking: /home/pi/ugv_ws/install/vizanti_msgs/include/vizanti_msgs/vizanti_msgs/msg/rosidl_typesupport_fastrtps_c__visibility_control.h
[201.534s] -- Symlinking: /home/pi/ugv_ws/install/vizanti_msgs/include/vizanti_msgs/vizanti_msgs/srv/detail/get_node_parameters__rosidl_typesupport_fastrtps_c.h
[201.583s] -- Symlinking: /home/pi/ugv_ws/install/vizanti_msgs/include/vizanti_msgs/vizanti_msgs/srv/detail/launches__rosidl_typesupport_fastrtps_c.h
[201.628s] -- Symlinking: /home/pi/ugv_ws/install/vizanti_msgs/include/vizanti_msgs/vizanti_msgs/srv/detail/list_executables__rosidl_typesupport_fastrtps_c.h
[201.676s] -- Symlinking: /home/pi/ugv_ws/install/vizanti_msgs/include/vizanti_msgs/vizanti_msgs/srv/detail/list_packages__rosidl_typesupport_fastrtps_c.h
[201.722s] -- Symlinking: /home/pi/ugv_ws/install/vizanti_msgs/include/vizanti_msgs/vizanti_msgs/srv/detail/load_map__rosidl_typesupport_fastrtps_c.h
[201.770s] -- Symlinking: /home/pi/ugv_ws/install/vizanti_msgs/include/vizanti_msgs/vizanti_msgs/srv/detail/manage_launch__rosidl_typesupport_fastrtps_c.h
[201.815s] -- Symlinking: /home/pi/ugv_ws/install/vizanti_msgs/include/vizanti_msgs/vizanti_msgs/srv/detail/manage_node__rosidl_typesupport_fastrtps_c.h
[201.863s] -- Symlinking: /home/pi/ugv_ws/install/vizanti_msgs/include/vizanti_msgs/vizanti_msgs/srv/detail/record_rosbag__rosidl_typesupport_fastrtps_c.h
[201.935s] -- Symlinking: /home/pi/ugv_ws/install/vizanti_msgs/include/vizanti_msgs/vizanti_msgs/srv/detail/save_map__rosidl_typesupport_fastrtps_c.h
[201.985s] -- Symlinking: /home/pi/ugv_ws/install/vizanti_msgs/include/vizanti_msgs/vizanti_msgs/srv/detail/set_node_parameter__rosidl_typesupport_fastrtps_c.h
[202.036s] -- Symlinking: /home/pi/ugv_ws/install/vizanti_msgs/include/vizanti_msgs/vizanti_msgs/msg/rosidl_typesupport_introspection_c__visibility_control.h
[202.084s] -- Symlinking: /home/pi/ugv_ws/install/vizanti_msgs/include/vizanti_msgs/vizanti_msgs/srv/detail/get_node_parameters__rosidl_typesupport_introspection_c.h
[202.129s] -- Symlinking: /home/pi/ugv_ws/install/vizanti_msgs/include/vizanti_msgs/vizanti_msgs/srv/detail/launches__rosidl_typesupport_introspection_c.h
[202.177s] -- Symlinking: /home/pi/ugv_ws/install/vizanti_msgs/include/vizanti_msgs/vizanti_msgs/srv/detail/list_executables__rosidl_typesupport_introspection_c.h
[202.229s] -- Symlinking: /home/pi/ugv_ws/install/vizanti_msgs/include/vizanti_msgs/vizanti_msgs/srv/detail/list_packages__rosidl_typesupport_introspection_c.h
[202.279s] -- Symlinking: /home/pi/ugv_ws/install/vizanti_msgs/include/vizanti_msgs/vizanti_msgs/srv/detail/load_map__rosidl_typesupport_introspection_c.h
[202.323s] -- Symlinking: /home/pi/ugv_ws/install/vizanti_msgs/include/vizanti_msgs/vizanti_msgs/srv/detail/manage_launch__rosidl_typesupport_introspection_c.h
[202.369s] -- Symlinking: /home/pi/ugv_ws/install/vizanti_msgs/include/vizanti_msgs/vizanti_msgs/srv/detail/manage_node__rosidl_typesupport_introspection_c.h
[202.414s] -- Symlinking: /home/pi/ugv_ws/install/vizanti_msgs/include/vizanti_msgs/vizanti_msgs/srv/detail/record_rosbag__rosidl_typesupport_introspection_c.h
[202.464s] -- Symlinking: /home/pi/ugv_ws/install/vizanti_msgs/include/vizanti_msgs/vizanti_msgs/srv/detail/save_map__rosidl_typesupport_introspection_c.h
[202.509s] -- Symlinking: /home/pi/ugv_ws/install/vizanti_msgs/include/vizanti_msgs/vizanti_msgs/srv/detail/set_node_parameter__rosidl_typesupport_introspection_c.h
[202.562s] -- Symlinking: /home/pi/ugv_ws/install/vizanti_msgs/include/vizanti_msgs/vizanti_msgs/msg/rosidl_generator_cpp__visibility_control.hpp
[202.610s] -- Symlinking: /home/pi/ugv_ws/install/vizanti_msgs/include/vizanti_msgs/vizanti_msgs/srv/detail/get_node_parameters__builder.hpp
[202.660s] -- Symlinking: /home/pi/ugv_ws/install/vizanti_msgs/include/vizanti_msgs/vizanti_msgs/srv/detail/get_node_parameters__struct.hpp
[202.708s] -- Symlinking: /home/pi/ugv_ws/install/vizanti_msgs/include/vizanti_msgs/vizanti_msgs/srv/detail/get_node_parameters__traits.hpp
[202.767s] -- Symlinking: /home/pi/ugv_ws/install/vizanti_msgs/include/vizanti_msgs/vizanti_msgs/srv/detail/get_node_parameters__type_support.hpp
[202.823s] -- Symlinking: /home/pi/ugv_ws/install/vizanti_msgs/include/vizanti_msgs/vizanti_msgs/srv/detail/launches__builder.hpp
[202.880s] -- Symlinking: /home/pi/ugv_ws/install/vizanti_msgs/include/vizanti_msgs/vizanti_msgs/srv/detail/launches__struct.hpp
[202.932s] -- Symlinking: /home/pi/ugv_ws/install/vizanti_msgs/include/vizanti_msgs/vizanti_msgs/srv/detail/launches__traits.hpp
[202.983s] -- Symlinking: /home/pi/ugv_ws/install/vizanti_msgs/include/vizanti_msgs/vizanti_msgs/srv/detail/launches__type_support.hpp
[203.030s] -- Symlinking: /home/pi/ugv_ws/install/vizanti_msgs/include/vizanti_msgs/vizanti_msgs/srv/detail/list_executables__builder.hpp
[203.082s] -- Symlinking: /home/pi/ugv_ws/install/vizanti_msgs/include/vizanti_msgs/vizanti_msgs/srv/detail/list_executables__struct.hpp
[203.127s] -- Symlinking: /home/pi/ugv_ws/install/vizanti_msgs/include/vizanti_msgs/vizanti_msgs/srv/detail/list_executables__traits.hpp
[203.175s] -- Symlinking: /home/pi/ugv_ws/install/vizanti_msgs/include/vizanti_msgs/vizanti_msgs/srv/detail/list_executables__type_support.hpp
[203.221s] -- Symlinking: /home/pi/ugv_ws/install/vizanti_msgs/include/vizanti_msgs/vizanti_msgs/srv/detail/list_packages__builder.hpp
[203.270s] -- Symlinking: /home/pi/ugv_ws/install/vizanti_msgs/include/vizanti_msgs/vizanti_msgs/srv/detail/list_packages__struct.hpp
[203.315s] -- Symlinking: /home/pi/ugv_ws/install/vizanti_msgs/include/vizanti_msgs/vizanti_msgs/srv/detail/list_packages__traits.hpp
[203.361s] -- Symlinking: /home/pi/ugv_ws/install/vizanti_msgs/include/vizanti_msgs/vizanti_msgs/srv/detail/list_packages__type_support.hpp
[203.405s] -- Symlinking: /home/pi/ugv_ws/install/vizanti_msgs/include/vizanti_msgs/vizanti_msgs/srv/detail/load_map__builder.hpp
[203.449s] -- Symlinking: /home/pi/ugv_ws/install/vizanti_msgs/include/vizanti_msgs/vizanti_msgs/srv/detail/load_map__struct.hpp
[203.492s] -- Symlinking: /home/pi/ugv_ws/install/vizanti_msgs/include/vizanti_msgs/vizanti_msgs/srv/detail/load_map__traits.hpp
[203.536s] -- Symlinking: /home/pi/ugv_ws/install/vizanti_msgs/include/vizanti_msgs/vizanti_msgs/srv/detail/load_map__type_support.hpp
[203.580s] -- Symlinking: /home/pi/ugv_ws/install/vizanti_msgs/include/vizanti_msgs/vizanti_msgs/srv/detail/manage_launch__builder.hpp
[203.624s] -- Symlinking: /home/pi/ugv_ws/install/vizanti_msgs/include/vizanti_msgs/vizanti_msgs/srv/detail/manage_launch__struct.hpp
[203.668s] -- Symlinking: /home/pi/ugv_ws/install/vizanti_msgs/include/vizanti_msgs/vizanti_msgs/srv/detail/manage_launch__traits.hpp
[203.711s] -- Symlinking: /home/pi/ugv_ws/install/vizanti_msgs/include/vizanti_msgs/vizanti_msgs/srv/detail/manage_launch__type_support.hpp
[203.755s] -- Symlinking: /home/pi/ugv_ws/install/vizanti_msgs/include/vizanti_msgs/vizanti_msgs/srv/detail/manage_node__builder.hpp
[203.799s] -- Symlinking: /home/pi/ugv_ws/install/vizanti_msgs/include/vizanti_msgs/vizanti_msgs/srv/detail/manage_node__struct.hpp
[203.842s] -- Symlinking: /home/pi/ugv_ws/install/vizanti_msgs/include/vizanti_msgs/vizanti_msgs/srv/detail/manage_node__traits.hpp
[203.887s] -- Symlinking: /home/pi/ugv_ws/install/vizanti_msgs/include/vizanti_msgs/vizanti_msgs/srv/detail/manage_node__type_support.hpp
[203.931s] -- Symlinking: /home/pi/ugv_ws/install/vizanti_msgs/include/vizanti_msgs/vizanti_msgs/srv/detail/record_rosbag__builder.hpp
[203.976s] -- Symlinking: /home/pi/ugv_ws/install/vizanti_msgs/include/vizanti_msgs/vizanti_msgs/srv/detail/record_rosbag__struct.hpp
[204.021s] -- Symlinking: /home/pi/ugv_ws/install/vizanti_msgs/include/vizanti_msgs/vizanti_msgs/srv/detail/record_rosbag__traits.hpp
[204.066s] -- Symlinking: /home/pi/ugv_ws/install/vizanti_msgs/include/vizanti_msgs/vizanti_msgs/srv/detail/record_rosbag__type_support.hpp
[204.111s] -- Symlinking: /home/pi/ugv_ws/install/vizanti_msgs/include/vizanti_msgs/vizanti_msgs/srv/detail/save_map__builder.hpp
[204.155s] -- Symlinking: /home/pi/ugv_ws/install/vizanti_msgs/include/vizanti_msgs/vizanti_msgs/srv/detail/save_map__struct.hpp
[204.200s] -- Symlinking: /home/pi/ugv_ws/install/vizanti_msgs/include/vizanti_msgs/vizanti_msgs/srv/detail/save_map__traits.hpp
[204.244s] -- Symlinking: /home/pi/ugv_ws/install/vizanti_msgs/include/vizanti_msgs/vizanti_msgs/srv/detail/save_map__type_support.hpp
[204.288s] -- Symlinking: /home/pi/ugv_ws/install/vizanti_msgs/include/vizanti_msgs/vizanti_msgs/srv/detail/set_node_parameter__builder.hpp
[204.333s] -- Symlinking: /home/pi/ugv_ws/install/vizanti_msgs/include/vizanti_msgs/vizanti_msgs/srv/detail/set_node_parameter__struct.hpp
[204.377s] -- Symlinking: /home/pi/ugv_ws/install/vizanti_msgs/include/vizanti_msgs/vizanti_msgs/srv/detail/set_node_parameter__traits.hpp
[204.422s] -- Symlinking: /home/pi/ugv_ws/install/vizanti_msgs/include/vizanti_msgs/vizanti_msgs/srv/detail/set_node_parameter__type_support.hpp
[204.467s] -- Symlinking: /home/pi/ugv_ws/install/vizanti_msgs/include/vizanti_msgs/vizanti_msgs/srv/get_node_parameters.hpp
[204.512s] -- Symlinking: /home/pi/ugv_ws/install/vizanti_msgs/include/vizanti_msgs/vizanti_msgs/srv/launches.hpp
[204.557s] -- Symlinking: /home/pi/ugv_ws/install/vizanti_msgs/include/vizanti_msgs/vizanti_msgs/srv/list_executables.hpp
[204.603s] -- Symlinking: /home/pi/ugv_ws/install/vizanti_msgs/include/vizanti_msgs/vizanti_msgs/srv/list_packages.hpp
[204.646s] -- Symlinking: /home/pi/ugv_ws/install/vizanti_msgs/include/vizanti_msgs/vizanti_msgs/srv/load_map.hpp
[204.690s] -- Symlinking: /home/pi/ugv_ws/install/vizanti_msgs/include/vizanti_msgs/vizanti_msgs/srv/manage_launch.hpp
[204.734s] -- Symlinking: /home/pi/ugv_ws/install/vizanti_msgs/include/vizanti_msgs/vizanti_msgs/srv/manage_node.hpp
[204.777s] -- Symlinking: /home/pi/ugv_ws/install/vizanti_msgs/include/vizanti_msgs/vizanti_msgs/srv/record_rosbag.hpp
[204.821s] -- Symlinking: /home/pi/ugv_ws/install/vizanti_msgs/include/vizanti_msgs/vizanti_msgs/srv/save_map.hpp
[204.866s] -- Symlinking: /home/pi/ugv_ws/install/vizanti_msgs/include/vizanti_msgs/vizanti_msgs/srv/set_node_parameter.hpp
[204.918s] -- Symlinking: /home/pi/ugv_ws/install/vizanti_msgs/include/vizanti_msgs/vizanti_msgs/msg/rosidl_typesupport_fastrtps_cpp__visibility_control.h
[204.962s] -- Symlinking: /home/pi/ugv_ws/install/vizanti_msgs/include/vizanti_msgs/vizanti_msgs/srv/detail/get_node_parameters__rosidl_typesupport_fastrtps_cpp.hpp
[205.010s] -- Symlinking: /home/pi/ugv_ws/install/vizanti_msgs/include/vizanti_msgs/vizanti_msgs/srv/detail/launches__rosidl_typesupport_fastrtps_cpp.hpp
[205.054s] -- Symlinking: /home/pi/ugv_ws/install/vizanti_msgs/include/vizanti_msgs/vizanti_msgs/srv/detail/list_executables__rosidl_typesupport_fastrtps_cpp.hpp
[205.099s] -- Symlinking: /home/pi/ugv_ws/install/vizanti_msgs/include/vizanti_msgs/vizanti_msgs/srv/detail/list_packages__rosidl_typesupport_fastrtps_cpp.hpp
[205.143s] -- Symlinking: /home/pi/ugv_ws/install/vizanti_msgs/include/vizanti_msgs/vizanti_msgs/srv/detail/load_map__rosidl_typesupport_fastrtps_cpp.hpp
[205.190s] -- Symlinking: /home/pi/ugv_ws/install/vizanti_msgs/include/vizanti_msgs/vizanti_msgs/srv/detail/manage_launch__rosidl_typesupport_fastrtps_cpp.hpp
[205.234s] -- Symlinking: /home/pi/ugv_ws/install/vizanti_msgs/include/vizanti_msgs/vizanti_msgs/srv/detail/manage_node__rosidl_typesupport_fastrtps_cpp.hpp
[205.280s] -- Symlinking: /home/pi/ugv_ws/install/vizanti_msgs/include/vizanti_msgs/vizanti_msgs/srv/detail/record_rosbag__rosidl_typesupport_fastrtps_cpp.hpp
[205.324s] -- Symlinking: /home/pi/ugv_ws/install/vizanti_msgs/include/vizanti_msgs/vizanti_msgs/srv/detail/save_map__rosidl_typesupport_fastrtps_cpp.hpp
[205.368s] -- Symlinking: /home/pi/ugv_ws/install/vizanti_msgs/include/vizanti_msgs/vizanti_msgs/srv/detail/set_node_parameter__rosidl_typesupport_fastrtps_cpp.hpp
[205.416s] -- Symlinking: /home/pi/ugv_ws/install/vizanti_msgs/include/vizanti_msgs/vizanti_msgs/srv/detail/get_node_parameters__rosidl_typesupport_introspection_cpp.hpp
[205.460s] -- Symlinking: /home/pi/ugv_ws/install/vizanti_msgs/include/vizanti_msgs/vizanti_msgs/srv/detail/launches__rosidl_typesupport_introspection_cpp.hpp
[205.504s] -- Symlinking: /home/pi/ugv_ws/install/vizanti_msgs/include/vizanti_msgs/vizanti_msgs/srv/detail/list_executables__rosidl_typesupport_introspection_cpp.hpp
[205.547s] -- Symlinking: /home/pi/ugv_ws/install/vizanti_msgs/include/vizanti_msgs/vizanti_msgs/srv/detail/list_packages__rosidl_typesupport_introspection_cpp.hpp
[205.590s] -- Symlinking: /home/pi/ugv_ws/install/vizanti_msgs/include/vizanti_msgs/vizanti_msgs/srv/detail/load_map__rosidl_typesupport_introspection_cpp.hpp
[205.641s] -- Symlinking: /home/pi/ugv_ws/install/vizanti_msgs/include/vizanti_msgs/vizanti_msgs/srv/detail/manage_launch__rosidl_typesupport_introspection_cpp.hpp
[205.684s] -- Symlinking: /home/pi/ugv_ws/install/vizanti_msgs/include/vizanti_msgs/vizanti_msgs/srv/detail/manage_node__rosidl_typesupport_introspection_cpp.hpp
[205.727s] -- Symlinking: /home/pi/ugv_ws/install/vizanti_msgs/include/vizanti_msgs/vizanti_msgs/srv/detail/record_rosbag__rosidl_typesupport_introspection_cpp.hpp
[205.770s] -- Symlinking: /home/pi/ugv_ws/install/vizanti_msgs/include/vizanti_msgs/vizanti_msgs/srv/detail/save_map__rosidl_typesupport_introspection_cpp.hpp
[205.815s] -- Symlinking: /home/pi/ugv_ws/install/vizanti_msgs/include/vizanti_msgs/vizanti_msgs/srv/detail/set_node_parameter__rosidl_typesupport_introspection_cpp.hpp
[205.859s] -- Symlinking: /home/pi/ugv_ws/install/vizanti_msgs/share/vizanti_msgs/environment/pythonpath.sh
[205.902s] -- Symlinking: /home/pi/ugv_ws/install/vizanti_msgs/share/vizanti_msgs/environment/pythonpath.dsv
[205.948s] -- Symlinking: /home/pi/ugv_ws/install/vizanti_msgs/local/lib/python3.10/dist-packages/vizanti_msgs-0.1.0-py3.10.egg-info/PKG-INFO
[205.992s] -- Symlinking: /home/pi/ugv_ws/install/vizanti_msgs/local/lib/python3.10/dist-packages/vizanti_msgs-0.1.0-py3.10.egg-info/SOURCES.txt
[206.035s] -- Symlinking: /home/pi/ugv_ws/install/vizanti_msgs/local/lib/python3.10/dist-packages/vizanti_msgs-0.1.0-py3.10.egg-info/dependency_links.txt
[206.079s] -- Symlinking: /home/pi/ugv_ws/install/vizanti_msgs/local/lib/python3.10/dist-packages/vizanti_msgs-0.1.0-py3.10.egg-info/top_level.txt
[206.133s] -- Symlinking: /home/pi/ugv_ws/install/vizanti_msgs/local/lib/python3.10/dist-packages/vizanti_msgs/__init__.py
[206.177s] -- Symlinking: /home/pi/ugv_ws/install/vizanti_msgs/local/lib/python3.10/dist-packages/vizanti_msgs/_vizanti_msgs_s.ep.rosidl_typesupport_c.c
[206.221s] -- Symlinking: /home/pi/ugv_ws/install/vizanti_msgs/local/lib/python3.10/dist-packages/vizanti_msgs/_vizanti_msgs_s.ep.rosidl_typesupport_fastrtps_c.c
[206.265s] -- Symlinking: /home/pi/ugv_ws/install/vizanti_msgs/local/lib/python3.10/dist-packages/vizanti_msgs/_vizanti_msgs_s.ep.rosidl_typesupport_introspection_c.c
[206.309s] -- Symlinking: /home/pi/ugv_ws/install/vizanti_msgs/local/lib/python3.10/dist-packages/vizanti_msgs/libvizanti_msgs__rosidl_generator_py.so
[206.356s] -- Symlinking: /home/pi/ugv_ws/install/vizanti_msgs/local/lib/python3.10/dist-packages/vizanti_msgs/srv/__init__.py
[206.404s] -- Symlinking: /home/pi/ugv_ws/install/vizanti_msgs/local/lib/python3.10/dist-packages/vizanti_msgs/srv/_get_node_parameters.py
[206.448s] -- Symlinking: /home/pi/ugv_ws/install/vizanti_msgs/local/lib/python3.10/dist-packages/vizanti_msgs/srv/_get_node_parameters_s.c
[206.493s] -- Symlinking: /home/pi/ugv_ws/install/vizanti_msgs/local/lib/python3.10/dist-packages/vizanti_msgs/srv/_launches.py
[206.536s] -- Symlinking: /home/pi/ugv_ws/install/vizanti_msgs/local/lib/python3.10/dist-packages/vizanti_msgs/srv/_launches_s.c
[206.580s] -- Symlinking: /home/pi/ugv_ws/install/vizanti_msgs/local/lib/python3.10/dist-packages/vizanti_msgs/srv/_list_executables.py
[206.624s] -- Symlinking: /home/pi/ugv_ws/install/vizanti_msgs/local/lib/python3.10/dist-packages/vizanti_msgs/srv/_list_executables_s.c
[206.669s] -- Symlinking: /home/pi/ugv_ws/install/vizanti_msgs/local/lib/python3.10/dist-packages/vizanti_msgs/srv/_list_packages.py
[206.714s] -- Symlinking: /home/pi/ugv_ws/install/vizanti_msgs/local/lib/python3.10/dist-packages/vizanti_msgs/srv/_list_packages_s.c
[206.760s] -- Symlinking: /home/pi/ugv_ws/install/vizanti_msgs/local/lib/python3.10/dist-packages/vizanti_msgs/srv/_load_map.py
[206.807s] -- Symlinking: /home/pi/ugv_ws/install/vizanti_msgs/local/lib/python3.10/dist-packages/vizanti_msgs/srv/_load_map_s.c
[206.852s] -- Symlinking: /home/pi/ugv_ws/install/vizanti_msgs/local/lib/python3.10/dist-packages/vizanti_msgs/srv/_manage_launch.py
[206.900s] -- Symlinking: /home/pi/ugv_ws/install/vizanti_msgs/local/lib/python3.10/dist-packages/vizanti_msgs/srv/_manage_launch_s.c
[206.983s] -- Symlinking: /home/pi/ugv_ws/install/vizanti_msgs/local/lib/python3.10/dist-packages/vizanti_msgs/srv/_manage_node.py
[207.029s] -- Symlinking: /home/pi/ugv_ws/install/vizanti_msgs/local/lib/python3.10/dist-packages/vizanti_msgs/srv/_manage_node_s.c
[207.078s] -- Symlinking: /home/pi/ugv_ws/install/vizanti_msgs/local/lib/python3.10/dist-packages/vizanti_msgs/srv/_record_rosbag.py
[207.123s] -- Symlinking: /home/pi/ugv_ws/install/vizanti_msgs/local/lib/python3.10/dist-packages/vizanti_msgs/srv/_record_rosbag_s.c
[207.170s] -- Symlinking: /home/pi/ugv_ws/install/vizanti_msgs/local/lib/python3.10/dist-packages/vizanti_msgs/srv/_save_map.py
[207.215s] -- Symlinking: /home/pi/ugv_ws/install/vizanti_msgs/local/lib/python3.10/dist-packages/vizanti_msgs/srv/_save_map_s.c
[207.261s] -- Symlinking: /home/pi/ugv_ws/install/vizanti_msgs/local/lib/python3.10/dist-packages/vizanti_msgs/srv/_set_node_parameter.py
[207.317s] -- Symlinking: /home/pi/ugv_ws/install/vizanti_msgs/local/lib/python3.10/dist-packages/vizanti_msgs/srv/_set_node_parameter_s.c
[207.363s] -- Symlinking: /home/pi/ugv_ws/install/vizanti_msgs/local/lib/python3.10/dist-packages/vizanti_msgs/vizanti_msgs_s__rosidl_typesupport_c.cpython-310-aarch64-linux-gnu.so
[207.414s] -- Symlinking: /home/pi/ugv_ws/install/vizanti_msgs/local/lib/python3.10/dist-packages/vizanti_msgs/vizanti_msgs_s__rosidl_typesupport_fastrtps_c.cpython-310-aarch64-linux-gnu.so
[207.460s] -- Symlinking: /home/pi/ugv_ws/install/vizanti_msgs/local/lib/python3.10/dist-packages/vizanti_msgs/vizanti_msgs_s__rosidl_typesupport_introspection_c.cpython-310-aarch64-linux-gnu.so
[207.510s] -- Up-to-date symlink: /home/pi/ugv_ws/install/vizanti_msgs/local/lib/python3.10/dist-packages/vizanti_msgs/vizanti_msgs_s__rosidl_typesupport_fastrtps_c.cpython-310-aarch64-linux-gnu.so
[207.513s] -- Up-to-date symlink: /home/pi/ugv_ws/install/vizanti_msgs/local/lib/python3.10/dist-packages/vizanti_msgs/vizanti_msgs_s__rosidl_typesupport_introspection_c.cpython-310-aarch64-linux-gnu.so
[207.515s] -- Up-to-date symlink: /home/pi/ugv_ws/install/vizanti_msgs/local/lib/python3.10/dist-packages/vizanti_msgs/vizanti_msgs_s__rosidl_typesupport_c.cpython-310-aarch64-linux-gnu.so
[207.517s] -- Symlinking: /home/pi/ugv_ws/install/vizanti_msgs/share/vizanti_msgs/srv/GetNodeParameters.idl
[207.565s] -- Symlinking: /home/pi/ugv_ws/install/vizanti_msgs/share/vizanti_msgs/srv/SetNodeParameter.idl
[207.612s] -- Symlinking: /home/pi/ugv_ws/install/vizanti_msgs/share/vizanti_msgs/srv/SaveMap.idl
[207.658s] -- Symlinking: /home/pi/ugv_ws/install/vizanti_msgs/share/vizanti_msgs/srv/LoadMap.idl
[207.708s] -- Symlinking: /home/pi/ugv_ws/install/vizanti_msgs/share/vizanti_msgs/srv/Launches.idl
[207.756s] -- Symlinking: /home/pi/ugv_ws/install/vizanti_msgs/share/vizanti_msgs/srv/RecordRosbag.idl
[207.805s] -- Symlinking: /home/pi/ugv_ws/install/vizanti_msgs/share/vizanti_msgs/srv/ManageNode.idl
[207.851s] -- Symlinking: /home/pi/ugv_ws/install/vizanti_msgs/share/vizanti_msgs/srv/ManageLaunch.idl
[207.897s] -- Symlinking: /home/pi/ugv_ws/install/vizanti_msgs/share/vizanti_msgs/srv/ListPackages.idl
[207.945s] -- Symlinking: /home/pi/ugv_ws/install/vizanti_msgs/share/vizanti_msgs/srv/ListExecutables.idl
[207.993s] -- Symlinking: /home/pi/ugv_ws/install/vizanti_msgs/share/vizanti_msgs/srv/GetNodeParameters.srv
[208.041s] -- Symlinking: /home/pi/ugv_ws/install/vizanti_msgs/share/vizanti_msgs/srv/GetNodeParameters_Request.msg
[208.090s] -- Symlinking: /home/pi/ugv_ws/install/vizanti_msgs/share/vizanti_msgs/srv/GetNodeParameters_Response.msg
[208.137s] -- Symlinking: /home/pi/ugv_ws/install/vizanti_msgs/share/vizanti_msgs/srv/SetNodeParameter.srv
[208.190s] -- Symlinking: /home/pi/ugv_ws/install/vizanti_msgs/share/vizanti_msgs/srv/SetNodeParameter_Request.msg
[208.240s] -- Symlinking: /home/pi/ugv_ws/install/vizanti_msgs/share/vizanti_msgs/srv/SetNodeParameter_Response.msg
[208.291s] -- Symlinking: /home/pi/ugv_ws/install/vizanti_msgs/share/vizanti_msgs/srv/SaveMap.srv
[208.340s] -- Symlinking: /home/pi/ugv_ws/install/vizanti_msgs/share/vizanti_msgs/srv/SaveMap_Request.msg
[208.386s] -- Symlinking: /home/pi/ugv_ws/install/vizanti_msgs/share/vizanti_msgs/srv/SaveMap_Response.msg
[208.434s] -- Symlinking: /home/pi/ugv_ws/install/vizanti_msgs/share/vizanti_msgs/srv/LoadMap.srv
[208.486s] -- Symlinking: /home/pi/ugv_ws/install/vizanti_msgs/share/vizanti_msgs/srv/LoadMap_Request.msg
[208.530s] -- Symlinking: /home/pi/ugv_ws/install/vizanti_msgs/share/vizanti_msgs/srv/LoadMap_Response.msg
[208.574s] -- Symlinking: /home/pi/ugv_ws/install/vizanti_msgs/share/vizanti_msgs/srv/Launches.srv
[208.618s] -- Symlinking: /home/pi/ugv_ws/install/vizanti_msgs/share/vizanti_msgs/srv/Launches_Request.msg
[208.663s] -- Symlinking: /home/pi/ugv_ws/install/vizanti_msgs/share/vizanti_msgs/srv/Launches_Response.msg
[208.709s] -- Symlinking: /home/pi/ugv_ws/install/vizanti_msgs/share/vizanti_msgs/srv/RecordRosbag.srv
[208.752s] -- Symlinking: /home/pi/ugv_ws/install/vizanti_msgs/share/vizanti_msgs/srv/RecordRosbag_Request.msg
[208.798s] -- Symlinking: /home/pi/ugv_ws/install/vizanti_msgs/share/vizanti_msgs/srv/RecordRosbag_Response.msg
[208.842s] -- Symlinking: /home/pi/ugv_ws/install/vizanti_msgs/share/vizanti_msgs/srv/ManageNode.srv
[208.888s] -- Symlinking: /home/pi/ugv_ws/install/vizanti_msgs/share/vizanti_msgs/srv/ManageNode_Request.msg
[208.932s] -- Symlinking: /home/pi/ugv_ws/install/vizanti_msgs/share/vizanti_msgs/srv/ManageNode_Response.msg
[208.977s] -- Symlinking: /home/pi/ugv_ws/install/vizanti_msgs/share/vizanti_msgs/srv/ManageLaunch.srv
[209.020s] -- Symlinking: /home/pi/ugv_ws/install/vizanti_msgs/share/vizanti_msgs/srv/ManageLaunch_Request.msg
[209.065s] -- Symlinking: /home/pi/ugv_ws/install/vizanti_msgs/share/vizanti_msgs/srv/ManageLaunch_Response.msg
[209.114s] -- Symlinking: /home/pi/ugv_ws/install/vizanti_msgs/share/vizanti_msgs/srv/ListPackages.srv
[209.162s] -- Symlinking: /home/pi/ugv_ws/install/vizanti_msgs/share/vizanti_msgs/srv/ListPackages_Request.msg
[209.208s] -- Symlinking: /home/pi/ugv_ws/install/vizanti_msgs/share/vizanti_msgs/srv/ListPackages_Response.msg
[209.253s] -- Symlinking: /home/pi/ugv_ws/install/vizanti_msgs/share/vizanti_msgs/srv/ListExecutables.srv
[209.297s] -- Symlinking: /home/pi/ugv_ws/install/vizanti_msgs/share/vizanti_msgs/srv/ListExecutables_Request.msg
[209.341s] -- Symlinking: /home/pi/ugv_ws/install/vizanti_msgs/share/vizanti_msgs/srv/ListExecutables_Response.msg
[209.386s] -- Symlinking: /home/pi/ugv_ws/install/vizanti_msgs/share/ament_index/resource_index/package_run_dependencies/vizanti_msgs
[209.435s] -- Symlinking: /home/pi/ugv_ws/install/vizanti_msgs/share/ament_index/resource_index/parent_prefix_path/vizanti_msgs
[209.481s] -- Symlinking: /home/pi/ugv_ws/install/vizanti_msgs/share/vizanti_msgs/environment/ament_prefix_path.sh
[209.525s] -- Symlinking: /home/pi/ugv_ws/install/vizanti_msgs/share/vizanti_msgs/environment/ament_prefix_path.dsv
[209.570s] -- Symlinking: /home/pi/ugv_ws/install/vizanti_msgs/share/vizanti_msgs/environment/path.sh
[209.618s] -- Symlinking: /home/pi/ugv_ws/install/vizanti_msgs/share/vizanti_msgs/environment/path.dsv
[209.664s] -- Symlinking: /home/pi/ugv_ws/install/vizanti_msgs/share/vizanti_msgs/local_setup.bash
[209.708s] -- Symlinking: /home/pi/ugv_ws/install/vizanti_msgs/share/vizanti_msgs/local_setup.sh
[209.753s] -- Symlinking: /home/pi/ugv_ws/install/vizanti_msgs/share/vizanti_msgs/local_setup.zsh
[209.798s] -- Symlinking: /home/pi/ugv_ws/install/vizanti_msgs/share/vizanti_msgs/local_setup.dsv
[209.843s] -- Symlinking: /home/pi/ugv_ws/install/vizanti_msgs/share/vizanti_msgs/package.dsv
[209.890s] -- Symlinking: /home/pi/ugv_ws/install/vizanti_msgs/share/ament_index/resource_index/packages/vizanti_msgs
[209.941s] -- Symlinking: /home/pi/ugv_ws/install/vizanti_msgs/share/vizanti_msgs/cmake/rosidl_cmake-extras.cmake
[209.985s] -- Symlinking: /home/pi/ugv_ws/install/vizanti_msgs/share/vizanti_msgs/cmake/ament_cmake_export_dependencies-extras.cmake
[210.028s] -- Symlinking: /home/pi/ugv_ws/install/vizanti_msgs/share/vizanti_msgs/cmake/ament_cmake_export_include_directories-extras.cmake
[210.072s] -- Symlinking: /home/pi/ugv_ws/install/vizanti_msgs/share/vizanti_msgs/cmake/ament_cmake_export_libraries-extras.cmake
[210.117s] -- Symlinking: /home/pi/ugv_ws/install/vizanti_msgs/share/vizanti_msgs/cmake/ament_cmake_export_targets-extras.cmake
[210.161s] -- Symlinking: /home/pi/ugv_ws/install/vizanti_msgs/share/vizanti_msgs/cmake/rosidl_cmake_export_typesupport_targets-extras.cmake
[210.204s] -- Symlinking: /home/pi/ugv_ws/install/vizanti_msgs/share/vizanti_msgs/cmake/rosidl_cmake_export_typesupport_libraries-extras.cmake
[210.248s] -- Symlinking: /home/pi/ugv_ws/install/vizanti_msgs/share/vizanti_msgs/cmake/vizanti_msgsConfig.cmake
[210.292s] -- Symlinking: /home/pi/ugv_ws/install/vizanti_msgs/share/vizanti_msgs/cmake/vizanti_msgsConfig-version.cmake
[210.335s] -- Symlinking: /home/pi/ugv_ws/install/vizanti_msgs/share/vizanti_msgs/package.xml
[210.378s] -- Installing: /home/pi/ugv_ws/install/vizanti_msgs/lib/libvizanti_msgs__rosidl_generator_c.so
[210.383s] -- Set runtime path of "/home/pi/ugv_ws/install/vizanti_msgs/lib/libvizanti_msgs__rosidl_generator_c.so" to ""
[210.384s] -- Installing: /home/pi/ugv_ws/install/vizanti_msgs/lib/libvizanti_msgs__rosidl_typesupport_fastrtps_c.so
[210.388s] -- Set runtime path of "/home/pi/ugv_ws/install/vizanti_msgs/lib/libvizanti_msgs__rosidl_typesupport_fastrtps_c.so" to ""
[210.389s] -- Installing: /home/pi/ugv_ws/install/vizanti_msgs/lib/libvizanti_msgs__rosidl_typesupport_introspection_c.so
[210.393s] -- Set runtime path of "/home/pi/ugv_ws/install/vizanti_msgs/lib/libvizanti_msgs__rosidl_typesupport_introspection_c.so" to ""
[210.394s] -- Installing: /home/pi/ugv_ws/install/vizanti_msgs/lib/libvizanti_msgs__rosidl_typesupport_c.so
[210.399s] -- Set runtime path of "/home/pi/ugv_ws/install/vizanti_msgs/lib/libvizanti_msgs__rosidl_typesupport_c.so" to ""
[210.401s] -- Installing: /home/pi/ugv_ws/install/vizanti_msgs/lib/libvizanti_msgs__rosidl_typesupport_fastrtps_cpp.so
[210.407s] -- Set runtime path of "/home/pi/ugv_ws/install/vizanti_msgs/lib/libvizanti_msgs__rosidl_typesupport_fastrtps_cpp.so" to ""
[210.410s] -- Installing: /home/pi/ugv_ws/install/vizanti_msgs/lib/libvizanti_msgs__rosidl_typesupport_introspection_cpp.so
[210.416s] -- Set runtime path of "/home/pi/ugv_ws/install/vizanti_msgs/lib/libvizanti_msgs__rosidl_typesupport_introspection_cpp.so" to ""
[210.418s] -- Installing: /home/pi/ugv_ws/install/vizanti_msgs/lib/libvizanti_msgs__rosidl_typesupport_cpp.so
[210.423s] -- Set runtime path of "/home/pi/ugv_ws/install/vizanti_msgs/lib/libvizanti_msgs__rosidl_typesupport_cpp.so" to ""
[210.794s] Listing '/home/pi/ugv_ws/install/vizanti_msgs/local/lib/python3.10/dist-packages/vizanti_msgs'...
[210.795s] Compiling '/home/pi/ugv_ws/install/vizanti_msgs/local/lib/python3.10/dist-packages/vizanti_msgs/__init__.py'...
[210.797s] Listing '/home/pi/ugv_ws/install/vizanti_msgs/local/lib/python3.10/dist-packages/vizanti_msgs/srv'...
[210.799s] Compiling '/home/pi/ugv_ws/install/vizanti_msgs/local/lib/python3.10/dist-packages/vizanti_msgs/srv/__init__.py'...
[210.800s] Compiling '/home/pi/ugv_ws/install/vizanti_msgs/local/lib/python3.10/dist-packages/vizanti_msgs/srv/_get_node_parameters.py'...
[210.801s] Compiling '/home/pi/ugv_ws/install/vizanti_msgs/local/lib/python3.10/dist-packages/vizanti_msgs/srv/_launches.py'...
[210.815s] Compiling '/home/pi/ugv_ws/install/vizanti_msgs/local/lib/python3.10/dist-packages/vizanti_msgs/srv/_list_executables.py'...
[210.816s] Compiling '/home/pi/ugv_ws/install/vizanti_msgs/local/lib/python3.10/dist-packages/vizanti_msgs/srv/_list_packages.py'...
[210.817s] Compiling '/home/pi/ugv_ws/install/vizanti_msgs/local/lib/python3.10/dist-packages/vizanti_msgs/srv/_load_map.py'...
[210.818s] Compiling '/home/pi/ugv_ws/install/vizanti_msgs/local/lib/python3.10/dist-packages/vizanti_msgs/srv/_manage_launch.py'...
[210.819s] Compiling '/home/pi/ugv_ws/install/vizanti_msgs/local/lib/python3.10/dist-packages/vizanti_msgs/srv/_manage_node.py'...
[210.820s] Compiling '/home/pi/ugv_ws/install/vizanti_msgs/local/lib/python3.10/dist-packages/vizanti_msgs/srv/_record_rosbag.py'...
[210.822s] Compiling '/home/pi/ugv_ws/install/vizanti_msgs/local/lib/python3.10/dist-packages/vizanti_msgs/srv/_save_map.py'...
[210.824s] Compiling '/home/pi/ugv_ws/install/vizanti_msgs/local/lib/python3.10/dist-packages/vizanti_msgs/srv/_set_node_parameter.py'...
[210.833s] -- Installing: /home/pi/ugv_ws/install/vizanti_msgs/lib/libvizanti_msgs__rosidl_generator_py.so
[210.837s] -- Set runtime path of "/home/pi/ugv_ws/install/vizanti_msgs/lib/libvizanti_msgs__rosidl_generator_py.so" to ""
[210.838s] -- Installing: /home/pi/ugv_ws/install/vizanti_msgs/share/vizanti_msgs/cmake/export_vizanti_msgs__rosidl_generator_cExport.cmake
[210.839s] -- Installing: /home/pi/ugv_ws/install/vizanti_msgs/share/vizanti_msgs/cmake/export_vizanti_msgs__rosidl_generator_cExport-noconfig.cmake
[210.841s] -- Installing: /home/pi/ugv_ws/install/vizanti_msgs/share/vizanti_msgs/cmake/export_vizanti_msgs__rosidl_typesupport_fastrtps_cExport.cmake
[210.843s] -- Installing: /home/pi/ugv_ws/install/vizanti_msgs/share/vizanti_msgs/cmake/export_vizanti_msgs__rosidl_typesupport_fastrtps_cExport-noconfig.cmake
[210.845s] -- Installing: /home/pi/ugv_ws/install/vizanti_msgs/share/vizanti_msgs/cmake/vizanti_msgs__rosidl_typesupport_introspection_cExport.cmake
[210.847s] -- Installing: /home/pi/ugv_ws/install/vizanti_msgs/share/vizanti_msgs/cmake/vizanti_msgs__rosidl_typesupport_introspection_cExport-noconfig.cmake
[210.850s] -- Installing: /home/pi/ugv_ws/install/vizanti_msgs/share/vizanti_msgs/cmake/vizanti_msgs__rosidl_typesupport_cExport.cmake
[210.852s] -- Installing: /home/pi/ugv_ws/install/vizanti_msgs/share/vizanti_msgs/cmake/vizanti_msgs__rosidl_typesupport_cExport-noconfig.cmake
[210.854s] -- Installing: /home/pi/ugv_ws/install/vizanti_msgs/share/vizanti_msgs/cmake/export_vizanti_msgs__rosidl_generator_cppExport.cmake
[210.856s] -- Installing: /home/pi/ugv_ws/install/vizanti_msgs/share/vizanti_msgs/cmake/export_vizanti_msgs__rosidl_typesupport_fastrtps_cppExport.cmake
[210.859s] -- Installing: /home/pi/ugv_ws/install/vizanti_msgs/share/vizanti_msgs/cmake/export_vizanti_msgs__rosidl_typesupport_fastrtps_cppExport-noconfig.cmake
[210.861s] -- Installing: /home/pi/ugv_ws/install/vizanti_msgs/share/vizanti_msgs/cmake/vizanti_msgs__rosidl_typesupport_introspection_cppExport.cmake
[210.863s] -- Installing: /home/pi/ugv_ws/install/vizanti_msgs/share/vizanti_msgs/cmake/vizanti_msgs__rosidl_typesupport_introspection_cppExport-noconfig.cmake
[210.866s] -- Installing: /home/pi/ugv_ws/install/vizanti_msgs/share/vizanti_msgs/cmake/vizanti_msgs__rosidl_typesupport_cppExport.cmake
[210.868s] -- Installing: /home/pi/ugv_ws/install/vizanti_msgs/share/vizanti_msgs/cmake/vizanti_msgs__rosidl_typesupport_cppExport-noconfig.cmake
[210.871s] -- Installing: /home/pi/ugv_ws/install/vizanti_msgs/share/vizanti_msgs/cmake/export_vizanti_msgs__rosidl_generator_pyExport.cmake
[210.874s] -- Installing: /home/pi/ugv_ws/install/vizanti_msgs/share/vizanti_msgs/cmake/export_vizanti_msgs__rosidl_generator_pyExport-noconfig.cmake
[210.895s] Invoked command in '/home/pi/ugv_ws/build/vizanti_msgs' returned '0': CMAKE_PREFIX_PATH=/opt/ros/humble /usr/bin/cmake --install /home/pi/ugv_ws/build/vizanti_msgs
