[0.203s] Invoking command in '/home/pi/ugv_ws/build/costmap_converter_msgs': CMAKE_PREFIX_PATH=${CMAKE_PREFIX_PATH}:/home/pi/ugv_ws/install/ugv_web_app:/home/pi/ugv_ws/install/ugv_vision:/home/pi/ugv_ws/install/ugv_tools:/home/pi/ugv_ws/install/ugv_chat_ai:/home/pi/ugv_ws/install/ugv_bringup:/opt/ros/humble /usr/bin/cmake /home/pi/ugv_ws/src/ugv_else/costmap_converter/costmap_converter_msgs -DAMENT_CMAKE_SYMLINK_INSTALL=1 -DCMAKE_INSTALL_PREFIX=/home/pi/ugv_ws/install/costmap_converter_msgs
[0.405s] -- Found ament_cmake: 1.3.11 (/opt/ros/humble/share/ament_cmake/cmake)
[1.611s] -- Override CMake install command with custom implementation using symlinks instead of copying resources
[1.821s] -- Found builtin_interfaces: 1.2.1 (/opt/ros/humble/share/builtin_interfaces/cmake)
[2.001s] -- Found rosidl_generator_c: 3.1.6 (/opt/ros/humble/share/rosidl_generator_c/cmake)
[2.012s] -- Found rosidl_adapter: 3.1.6 (/opt/ros/humble/share/rosidl_adapter/cmake)
[2.048s] -- Found rosidl_generator_cpp: 3.1.6 (/opt/ros/humble/share/rosidl_generator_cpp/cmake)
[2.115s] -- Using all available rosidl_typesupport_c: rosidl_typesupport_fastrtps_c;rosidl_typesupport_introspection_c
[2.201s] -- Using all available rosidl_typesupport_cpp: rosidl_typesupport_fastrtps_cpp;rosidl_typesupport_introspection_cpp
[2.321s] -- Found geometry_msgs: 4.2.4 (/opt/ros/humble/share/geometry_msgs/cmake)
[2.495s] -- Found rosidl_default_generators: 1.2.0 (/opt/ros/humble/share/rosidl_default_generators/cmake)
[4.780s] -- Found ament_cmake_ros: 0.10.0 (/opt/ros/humble/share/ament_cmake_ros/cmake)
[7.976s] -- Using all available rosidl_typesupport_c: rosidl_typesupport_fastrtps_c;rosidl_typesupport_introspection_c
[9.412s] -- Using all available rosidl_typesupport_cpp: rosidl_typesupport_fastrtps_cpp;rosidl_typesupport_introspection_cpp
[9.632s] -- Found python_cmake_module: 0.10.0 (/opt/ros/humble/share/python_cmake_module/cmake)
[9.818s] -- Using PYTHON_EXECUTABLE: /usr/bin/python3
[9.819s] -- Using PYTHON_INCLUDE_DIRS: /usr/include/python3.10
[9.819s] -- Using PYTHON_LIBRARIES: /usr/lib/aarch64-linux-gnu/libpython3.10.so
[10.299s] -- Configuring done
[10.917s] -- Generating done
[10.994s] -- Build files have been written to: /home/pi/ugv_ws/build/costmap_converter_msgs
[11.059s] Invoked command in '/home/pi/ugv_ws/build/costmap_converter_msgs' returned '0': CMAKE_PREFIX_PATH=${CMAKE_PREFIX_PATH}:/home/pi/ugv_ws/install/ugv_web_app:/home/pi/ugv_ws/install/ugv_vision:/home/pi/ugv_ws/install/ugv_tools:/home/pi/ugv_ws/install/ugv_chat_ai:/home/pi/ugv_ws/install/ugv_bringup:/opt/ros/humble /usr/bin/cmake /home/pi/ugv_ws/src/ugv_else/costmap_converter/costmap_converter_msgs -DAMENT_CMAKE_SYMLINK_INSTALL=1 -DCMAKE_INSTALL_PREFIX=/home/pi/ugv_ws/install/costmap_converter_msgs
[11.067s] Invoking command in '/home/pi/ugv_ws/build/costmap_converter_msgs': CMAKE_PREFIX_PATH=${CMAKE_PREFIX_PATH}:/home/pi/ugv_ws/install/ugv_web_app:/home/pi/ugv_ws/install/ugv_vision:/home/pi/ugv_ws/install/ugv_tools:/home/pi/ugv_ws/install/ugv_chat_ai:/home/pi/ugv_ws/install/ugv_bringup:/opt/ros/humble /usr/bin/cmake --build /home/pi/ugv_ws/build/costmap_converter_msgs -- -j4 -l4
[11.517s] [35m[1mConsolidate compiler generated dependencies of target costmap_converter_msgs__rosidl_generator_c[0m
[11.606s] [  2%] Built target costmap_converter_msgs__cpp
[11.689s] [35m[1mConsolidate compiler generated dependencies of target costmap_converter_msgs__rosidl_typesupport_cpp[0m
[11.695s] [  2%] Built target ament_cmake_python_symlink_costmap_converter_msgs
[11.704s] [35m[1mConsolidate compiler generated dependencies of target costmap_converter_msgs__rosidl_typesupport_fastrtps_cpp[0m
[11.804s] [35m[1mConsolidate compiler generated dependencies of target costmap_converter_msgs__rosidl_typesupport_introspection_cpp[0m
[11.856s] [ 12%] Built target costmap_converter_msgs__rosidl_generator_c
[11.901s] [ 23%] Built target costmap_converter_msgs__rosidl_typesupport_cpp
[11.907s] [ 33%] Built target costmap_converter_msgs__rosidl_typesupport_fastrtps_cpp
[11.981s] [ 43%] Built target costmap_converter_msgs__rosidl_typesupport_introspection_cpp
[12.062s] [35m[1mConsolidate compiler generated dependencies of target costmap_converter_msgs__rosidl_typesupport_introspection_c[0m
[12.078s] [35m[1mConsolidate compiler generated dependencies of target costmap_converter_msgs__rosidl_typesupport_fastrtps_c[0m
[12.195s] [35m[1mConsolidate compiler generated dependencies of target costmap_converter_msgs__rosidl_typesupport_c[0m
[12.249s] [ 53%] Built target costmap_converter_msgs__rosidl_typesupport_introspection_c
[12.285s] [ 64%] Built target costmap_converter_msgs__rosidl_typesupport_fastrtps_c
[12.422s] [ 74%] Built target costmap_converter_msgs__rosidl_typesupport_c
[12.752s] [ 74%] Built target costmap_converter_msgs
[13.101s] [ 76%] Built target costmap_converter_msgs__py
[13.389s] [35m[1mConsolidate compiler generated dependencies of target costmap_converter_msgs__rosidl_generator_py[0m
[13.759s] [ 84%] Built target costmap_converter_msgs__rosidl_generator_py
[13.938s] [35m[1mConsolidate compiler generated dependencies of target costmap_converter_msgs__rosidl_typesupport_fastrtps_c__pyext[0m
[14.136s] [35m[1mConsolidate compiler generated dependencies of target costmap_converter_msgs__rosidl_typesupport_introspection_c__pyext[0m
[14.176s] [35m[1mConsolidate compiler generated dependencies of target costmap_converter_msgs__rosidl_typesupport_c__pyext[0m
[14.341s] [ 89%] Built target costmap_converter_msgs__rosidl_typesupport_fastrtps_c__pyext
[14.438s] [ 94%] Built target costmap_converter_msgs__rosidl_typesupport_c__pyext
[14.576s] [100%] Built target costmap_converter_msgs__rosidl_typesupport_introspection_c__pyext
[16.105s] running egg_info
[16.109s] writing costmap_converter_msgs.egg-info/PKG-INFO
[16.110s] writing dependency_links to costmap_converter_msgs.egg-info/dependency_links.txt
[16.124s] writing top-level names to costmap_converter_msgs.egg-info/top_level.txt
[16.143s] reading manifest file 'costmap_converter_msgs.egg-info/SOURCES.txt'
[16.147s] writing manifest file 'costmap_converter_msgs.egg-info/SOURCES.txt'
[16.552s] [100%] Built target ament_cmake_python_build_costmap_converter_msgs_egg
[16.673s] Invoked command in '/home/pi/ugv_ws/build/costmap_converter_msgs' returned '0': CMAKE_PREFIX_PATH=${CMAKE_PREFIX_PATH}:/home/pi/ugv_ws/install/ugv_web_app:/home/pi/ugv_ws/install/ugv_vision:/home/pi/ugv_ws/install/ugv_tools:/home/pi/ugv_ws/install/ugv_chat_ai:/home/pi/ugv_ws/install/ugv_bringup:/opt/ros/humble /usr/bin/cmake --build /home/pi/ugv_ws/build/costmap_converter_msgs -- -j4 -l4
[16.720s] Invoking command in '/home/pi/ugv_ws/build/costmap_converter_msgs': CMAKE_PREFIX_PATH=${CMAKE_PREFIX_PATH}:/home/pi/ugv_ws/install/ugv_web_app:/home/pi/ugv_ws/install/ugv_vision:/home/pi/ugv_ws/install/ugv_tools:/home/pi/ugv_ws/install/ugv_chat_ai:/home/pi/ugv_ws/install/ugv_bringup:/opt/ros/humble /usr/bin/cmake --install /home/pi/ugv_ws/build/costmap_converter_msgs
[16.846s] -- Install configuration: ""
[16.859s] -- Execute custom install script
[16.873s] -- Up-to-date symlink: /home/pi/ugv_ws/install/costmap_converter_msgs/share/ament_index/resource_index/rosidl_interfaces/costmap_converter_msgs
[16.891s] -- Up-to-date symlink: /home/pi/ugv_ws/install/costmap_converter_msgs/include/costmap_converter_msgs/costmap_converter_msgs/msg/detail/obstacle_array_msg__functions.h
[16.894s] -- Up-to-date symlink: /home/pi/ugv_ws/install/costmap_converter_msgs/include/costmap_converter_msgs/costmap_converter_msgs/msg/detail/obstacle_array_msg__struct.h
[16.896s] -- Up-to-date symlink: /home/pi/ugv_ws/install/costmap_converter_msgs/include/costmap_converter_msgs/costmap_converter_msgs/msg/detail/obstacle_array_msg__type_support.h
[16.902s] -- Up-to-date symlink: /home/pi/ugv_ws/install/costmap_converter_msgs/include/costmap_converter_msgs/costmap_converter_msgs/msg/detail/obstacle_msg__functions.h
[16.905s] -- Up-to-date symlink: /home/pi/ugv_ws/install/costmap_converter_msgs/include/costmap_converter_msgs/costmap_converter_msgs/msg/detail/obstacle_msg__struct.h
[16.915s] -- Up-to-date symlink: /home/pi/ugv_ws/install/costmap_converter_msgs/include/costmap_converter_msgs/costmap_converter_msgs/msg/detail/obstacle_msg__type_support.h
[16.917s] -- Up-to-date symlink: /home/pi/ugv_ws/install/costmap_converter_msgs/include/costmap_converter_msgs/costmap_converter_msgs/msg/obstacle_array_msg.h
[16.928s] -- Up-to-date symlink: /home/pi/ugv_ws/install/costmap_converter_msgs/include/costmap_converter_msgs/costmap_converter_msgs/msg/obstacle_msg.h
[16.930s] -- Up-to-date symlink: /home/pi/ugv_ws/install/costmap_converter_msgs/include/costmap_converter_msgs/costmap_converter_msgs/msg/rosidl_generator_c__visibility_control.h
[16.933s] -- Up-to-date symlink: /home/pi/ugv_ws/install/costmap_converter_msgs/share/costmap_converter_msgs/environment/library_path.sh
[16.944s] -- Up-to-date symlink: /home/pi/ugv_ws/install/costmap_converter_msgs/share/costmap_converter_msgs/environment/library_path.dsv
[16.958s] -- Up-to-date symlink: /home/pi/ugv_ws/install/costmap_converter_msgs/include/costmap_converter_msgs/costmap_converter_msgs/msg/detail/obstacle_array_msg__rosidl_typesupport_fastrtps_c.h
[16.961s] -- Up-to-date symlink: /home/pi/ugv_ws/install/costmap_converter_msgs/include/costmap_converter_msgs/costmap_converter_msgs/msg/detail/obstacle_msg__rosidl_typesupport_fastrtps_c.h
[16.964s] -- Up-to-date symlink: /home/pi/ugv_ws/install/costmap_converter_msgs/include/costmap_converter_msgs/costmap_converter_msgs/msg/rosidl_typesupport_fastrtps_c__visibility_control.h
[16.979s] -- Up-to-date symlink: /home/pi/ugv_ws/install/costmap_converter_msgs/include/costmap_converter_msgs/costmap_converter_msgs/msg/detail/obstacle_array_msg__builder.hpp
[16.981s] -- Up-to-date symlink: /home/pi/ugv_ws/install/costmap_converter_msgs/include/costmap_converter_msgs/costmap_converter_msgs/msg/detail/obstacle_array_msg__struct.hpp
[16.983s] -- Up-to-date symlink: /home/pi/ugv_ws/install/costmap_converter_msgs/include/costmap_converter_msgs/costmap_converter_msgs/msg/detail/obstacle_array_msg__traits.hpp
[16.985s] -- Up-to-date symlink: /home/pi/ugv_ws/install/costmap_converter_msgs/include/costmap_converter_msgs/costmap_converter_msgs/msg/detail/obstacle_array_msg__type_support.hpp
[16.988s] -- Up-to-date symlink: /home/pi/ugv_ws/install/costmap_converter_msgs/include/costmap_converter_msgs/costmap_converter_msgs/msg/detail/obstacle_msg__builder.hpp
[16.991s] -- Up-to-date symlink: /home/pi/ugv_ws/install/costmap_converter_msgs/include/costmap_converter_msgs/costmap_converter_msgs/msg/detail/obstacle_msg__struct.hpp
[16.993s] -- Up-to-date symlink: /home/pi/ugv_ws/install/costmap_converter_msgs/include/costmap_converter_msgs/costmap_converter_msgs/msg/detail/obstacle_msg__traits.hpp
[16.995s] -- Up-to-date symlink: /home/pi/ugv_ws/install/costmap_converter_msgs/include/costmap_converter_msgs/costmap_converter_msgs/msg/detail/obstacle_msg__type_support.hpp
[16.998s] -- Up-to-date symlink: /home/pi/ugv_ws/install/costmap_converter_msgs/include/costmap_converter_msgs/costmap_converter_msgs/msg/obstacle_array_msg.hpp
[17.003s] -- Up-to-date symlink: /home/pi/ugv_ws/install/costmap_converter_msgs/include/costmap_converter_msgs/costmap_converter_msgs/msg/obstacle_msg.hpp
[17.006s] -- Up-to-date symlink: /home/pi/ugv_ws/install/costmap_converter_msgs/include/costmap_converter_msgs/costmap_converter_msgs/msg/rosidl_generator_cpp__visibility_control.hpp
[17.013s] -- Up-to-date symlink: /home/pi/ugv_ws/install/costmap_converter_msgs/include/costmap_converter_msgs/costmap_converter_msgs/msg/detail/obstacle_array_msg__rosidl_typesupport_fastrtps_cpp.hpp
[17.016s] -- Up-to-date symlink: /home/pi/ugv_ws/install/costmap_converter_msgs/include/costmap_converter_msgs/costmap_converter_msgs/msg/detail/obstacle_msg__rosidl_typesupport_fastrtps_cpp.hpp
[17.019s] -- Up-to-date symlink: /home/pi/ugv_ws/install/costmap_converter_msgs/include/costmap_converter_msgs/costmap_converter_msgs/msg/rosidl_typesupport_fastrtps_cpp__visibility_control.h
[17.024s] -- Up-to-date symlink: /home/pi/ugv_ws/install/costmap_converter_msgs/include/costmap_converter_msgs/costmap_converter_msgs/msg/detail/obstacle_array_msg__rosidl_typesupport_introspection_c.h
[17.026s] -- Up-to-date symlink: /home/pi/ugv_ws/install/costmap_converter_msgs/include/costmap_converter_msgs/costmap_converter_msgs/msg/detail/obstacle_msg__rosidl_typesupport_introspection_c.h
[17.029s] -- Up-to-date symlink: /home/pi/ugv_ws/install/costmap_converter_msgs/include/costmap_converter_msgs/costmap_converter_msgs/msg/rosidl_typesupport_introspection_c__visibility_control.h
[17.033s] -- Up-to-date symlink: /home/pi/ugv_ws/install/costmap_converter_msgs/include/costmap_converter_msgs/costmap_converter_msgs/msg/detail/obstacle_array_msg__rosidl_typesupport_introspection_cpp.hpp
[17.035s] -- Up-to-date symlink: /home/pi/ugv_ws/install/costmap_converter_msgs/include/costmap_converter_msgs/costmap_converter_msgs/msg/detail/obstacle_msg__rosidl_typesupport_introspection_cpp.hpp
[17.038s] -- Up-to-date symlink: /home/pi/ugv_ws/install/costmap_converter_msgs/share/costmap_converter_msgs/environment/pythonpath.sh
[17.040s] -- Up-to-date symlink: /home/pi/ugv_ws/install/costmap_converter_msgs/share/costmap_converter_msgs/environment/pythonpath.dsv
[17.044s] -- Up-to-date symlink: /home/pi/ugv_ws/install/costmap_converter_msgs/local/lib/python3.10/dist-packages/costmap_converter_msgs-0.1.2-py3.10.egg-info/PKG-INFO
[17.046s] -- Up-to-date symlink: /home/pi/ugv_ws/install/costmap_converter_msgs/local/lib/python3.10/dist-packages/costmap_converter_msgs-0.1.2-py3.10.egg-info/SOURCES.txt
[17.049s] -- Up-to-date symlink: /home/pi/ugv_ws/install/costmap_converter_msgs/local/lib/python3.10/dist-packages/costmap_converter_msgs-0.1.2-py3.10.egg-info/dependency_links.txt
[17.051s] -- Up-to-date symlink: /home/pi/ugv_ws/install/costmap_converter_msgs/local/lib/python3.10/dist-packages/costmap_converter_msgs-0.1.2-py3.10.egg-info/top_level.txt
[17.060s] -- Up-to-date symlink: /home/pi/ugv_ws/install/costmap_converter_msgs/local/lib/python3.10/dist-packages/costmap_converter_msgs/__init__.py
[17.063s] -- Up-to-date symlink: /home/pi/ugv_ws/install/costmap_converter_msgs/local/lib/python3.10/dist-packages/costmap_converter_msgs/_costmap_converter_msgs_s.ep.rosidl_typesupport_c.c
[17.065s] -- Up-to-date symlink: /home/pi/ugv_ws/install/costmap_converter_msgs/local/lib/python3.10/dist-packages/costmap_converter_msgs/_costmap_converter_msgs_s.ep.rosidl_typesupport_fastrtps_c.c
[17.068s] -- Up-to-date symlink: /home/pi/ugv_ws/install/costmap_converter_msgs/local/lib/python3.10/dist-packages/costmap_converter_msgs/_costmap_converter_msgs_s.ep.rosidl_typesupport_introspection_c.c
[17.070s] -- Up-to-date symlink: /home/pi/ugv_ws/install/costmap_converter_msgs/local/lib/python3.10/dist-packages/costmap_converter_msgs/costmap_converter_msgs_s__rosidl_typesupport_c.cpython-310-aarch64-linux-gnu.so
[17.074s] -- Up-to-date symlink: /home/pi/ugv_ws/install/costmap_converter_msgs/local/lib/python3.10/dist-packages/costmap_converter_msgs/costmap_converter_msgs_s__rosidl_typesupport_fastrtps_c.cpython-310-aarch64-linux-gnu.so
[17.076s] -- Up-to-date symlink: /home/pi/ugv_ws/install/costmap_converter_msgs/local/lib/python3.10/dist-packages/costmap_converter_msgs/costmap_converter_msgs_s__rosidl_typesupport_introspection_c.cpython-310-aarch64-linux-gnu.so
[17.078s] -- Up-to-date symlink: /home/pi/ugv_ws/install/costmap_converter_msgs/local/lib/python3.10/dist-packages/costmap_converter_msgs/libcostmap_converter_msgs__rosidl_generator_py.so
[17.080s] -- Up-to-date symlink: /home/pi/ugv_ws/install/costmap_converter_msgs/local/lib/python3.10/dist-packages/costmap_converter_msgs/msg/__init__.py
[17.083s] -- Up-to-date symlink: /home/pi/ugv_ws/install/costmap_converter_msgs/local/lib/python3.10/dist-packages/costmap_converter_msgs/msg/_obstacle_array_msg.py
[17.085s] -- Up-to-date symlink: /home/pi/ugv_ws/install/costmap_converter_msgs/local/lib/python3.10/dist-packages/costmap_converter_msgs/msg/_obstacle_array_msg_s.c
[17.088s] -- Up-to-date symlink: /home/pi/ugv_ws/install/costmap_converter_msgs/local/lib/python3.10/dist-packages/costmap_converter_msgs/msg/_obstacle_msg.py
[17.090s] -- Up-to-date symlink: /home/pi/ugv_ws/install/costmap_converter_msgs/local/lib/python3.10/dist-packages/costmap_converter_msgs/msg/_obstacle_msg_s.c
[17.094s] -- Up-to-date symlink: /home/pi/ugv_ws/install/costmap_converter_msgs/local/lib/python3.10/dist-packages/costmap_converter_msgs/costmap_converter_msgs_s__rosidl_typesupport_fastrtps_c.cpython-310-aarch64-linux-gnu.so
[17.097s] -- Up-to-date symlink: /home/pi/ugv_ws/install/costmap_converter_msgs/local/lib/python3.10/dist-packages/costmap_converter_msgs/costmap_converter_msgs_s__rosidl_typesupport_introspection_c.cpython-310-aarch64-linux-gnu.so
[17.101s] -- Up-to-date symlink: /home/pi/ugv_ws/install/costmap_converter_msgs/local/lib/python3.10/dist-packages/costmap_converter_msgs/costmap_converter_msgs_s__rosidl_typesupport_c.cpython-310-aarch64-linux-gnu.so
[17.104s] -- Up-to-date symlink: /home/pi/ugv_ws/install/costmap_converter_msgs/share/costmap_converter_msgs/msg/ObstacleMsg.idl
[17.106s] -- Up-to-date symlink: /home/pi/ugv_ws/install/costmap_converter_msgs/share/costmap_converter_msgs/msg/ObstacleArrayMsg.idl
[17.109s] -- Up-to-date symlink: /home/pi/ugv_ws/install/costmap_converter_msgs/share/costmap_converter_msgs/msg/ObstacleMsg.msg
[17.111s] -- Up-to-date symlink: /home/pi/ugv_ws/install/costmap_converter_msgs/share/costmap_converter_msgs/msg/ObstacleArrayMsg.msg
[17.114s] -- Up-to-date symlink: /home/pi/ugv_ws/install/costmap_converter_msgs/share/ament_index/resource_index/package_run_dependencies/costmap_converter_msgs
[17.118s] -- Up-to-date symlink: /home/pi/ugv_ws/install/costmap_converter_msgs/share/ament_index/resource_index/parent_prefix_path/costmap_converter_msgs
[17.120s] -- Up-to-date symlink: /home/pi/ugv_ws/install/costmap_converter_msgs/share/costmap_converter_msgs/environment/ament_prefix_path.sh
[17.122s] -- Up-to-date symlink: /home/pi/ugv_ws/install/costmap_converter_msgs/share/costmap_converter_msgs/environment/ament_prefix_path.dsv
[17.125s] -- Up-to-date symlink: /home/pi/ugv_ws/install/costmap_converter_msgs/share/costmap_converter_msgs/environment/path.sh
[17.127s] -- Up-to-date symlink: /home/pi/ugv_ws/install/costmap_converter_msgs/share/costmap_converter_msgs/environment/path.dsv
[17.130s] -- Up-to-date symlink: /home/pi/ugv_ws/install/costmap_converter_msgs/share/costmap_converter_msgs/local_setup.bash
[17.132s] -- Up-to-date symlink: /home/pi/ugv_ws/install/costmap_converter_msgs/share/costmap_converter_msgs/local_setup.sh
[17.135s] -- Up-to-date symlink: /home/pi/ugv_ws/install/costmap_converter_msgs/share/costmap_converter_msgs/local_setup.zsh
[17.137s] -- Up-to-date symlink: /home/pi/ugv_ws/install/costmap_converter_msgs/share/costmap_converter_msgs/local_setup.dsv
[17.139s] -- Symlinking: /home/pi/ugv_ws/install/costmap_converter_msgs/share/costmap_converter_msgs/package.dsv
[17.231s] -- Up-to-date symlink: /home/pi/ugv_ws/install/costmap_converter_msgs/share/ament_index/resource_index/packages/costmap_converter_msgs
[17.234s] -- Up-to-date symlink: /home/pi/ugv_ws/install/costmap_converter_msgs/share/costmap_converter_msgs/cmake/rosidl_cmake-extras.cmake
[17.236s] -- Up-to-date symlink: /home/pi/ugv_ws/install/costmap_converter_msgs/share/costmap_converter_msgs/cmake/ament_cmake_export_dependencies-extras.cmake
[17.239s] -- Up-to-date symlink: /home/pi/ugv_ws/install/costmap_converter_msgs/share/costmap_converter_msgs/cmake/ament_cmake_export_include_directories-extras.cmake
[17.242s] -- Up-to-date symlink: /home/pi/ugv_ws/install/costmap_converter_msgs/share/costmap_converter_msgs/cmake/ament_cmake_export_libraries-extras.cmake
[17.245s] -- Up-to-date symlink: /home/pi/ugv_ws/install/costmap_converter_msgs/share/costmap_converter_msgs/cmake/ament_cmake_export_targets-extras.cmake
[17.247s] -- Up-to-date symlink: /home/pi/ugv_ws/install/costmap_converter_msgs/share/costmap_converter_msgs/cmake/rosidl_cmake_export_typesupport_targets-extras.cmake
[17.250s] -- Up-to-date symlink: /home/pi/ugv_ws/install/costmap_converter_msgs/share/costmap_converter_msgs/cmake/rosidl_cmake_export_typesupport_libraries-extras.cmake
[17.253s] -- Up-to-date symlink: /home/pi/ugv_ws/install/costmap_converter_msgs/share/costmap_converter_msgs/cmake/costmap_converter_msgsConfig.cmake
[17.255s] -- Up-to-date symlink: /home/pi/ugv_ws/install/costmap_converter_msgs/share/costmap_converter_msgs/cmake/costmap_converter_msgsConfig-version.cmake
[17.261s] -- Up-to-date symlink: /home/pi/ugv_ws/install/costmap_converter_msgs/share/costmap_converter_msgs/package.xml
[17.342s] -- Up-to-date: /home/pi/ugv_ws/install/costmap_converter_msgs/lib/libcostmap_converter_msgs__rosidl_generator_c.so
[17.420s] -- Up-to-date: /home/pi/ugv_ws/install/costmap_converter_msgs/lib/libcostmap_converter_msgs__rosidl_typesupport_fastrtps_c.so
[17.501s] -- Up-to-date: /home/pi/ugv_ws/install/costmap_converter_msgs/lib/libcostmap_converter_msgs__rosidl_typesupport_fastrtps_cpp.so
[17.555s] -- Up-to-date: /home/pi/ugv_ws/install/costmap_converter_msgs/lib/libcostmap_converter_msgs__rosidl_typesupport_introspection_c.so
[17.602s] -- Up-to-date: /home/pi/ugv_ws/install/costmap_converter_msgs/lib/libcostmap_converter_msgs__rosidl_typesupport_c.so
[17.708s] -- Up-to-date: /home/pi/ugv_ws/install/costmap_converter_msgs/lib/libcostmap_converter_msgs__rosidl_typesupport_introspection_cpp.so
[17.735s] -- Up-to-date: /home/pi/ugv_ws/install/costmap_converter_msgs/lib/libcostmap_converter_msgs__rosidl_typesupport_cpp.so
[18.148s] Listing '/home/pi/ugv_ws/install/costmap_converter_msgs/local/lib/python3.10/dist-packages/costmap_converter_msgs'...
[18.151s] Compiling '/home/pi/ugv_ws/install/costmap_converter_msgs/local/lib/python3.10/dist-packages/costmap_converter_msgs/__init__.py'...
[18.154s] Listing '/home/pi/ugv_ws/install/costmap_converter_msgs/local/lib/python3.10/dist-packages/costmap_converter_msgs/msg'...
[18.398s] -- Up-to-date: /home/pi/ugv_ws/install/costmap_converter_msgs/lib/libcostmap_converter_msgs__rosidl_generator_py.so
[18.403s] -- Up-to-date: /home/pi/ugv_ws/install/costmap_converter_msgs/share/costmap_converter_msgs/cmake/export_costmap_converter_msgs__rosidl_generator_cExport.cmake
[18.404s] -- Up-to-date: /home/pi/ugv_ws/install/costmap_converter_msgs/share/costmap_converter_msgs/cmake/export_costmap_converter_msgs__rosidl_generator_cExport-noconfig.cmake
[18.405s] -- Up-to-date: /home/pi/ugv_ws/install/costmap_converter_msgs/share/costmap_converter_msgs/cmake/export_costmap_converter_msgs__rosidl_typesupport_fastrtps_cExport.cmake
[18.405s] -- Up-to-date: /home/pi/ugv_ws/install/costmap_converter_msgs/share/costmap_converter_msgs/cmake/export_costmap_converter_msgs__rosidl_typesupport_fastrtps_cExport-noconfig.cmake
[18.406s] -- Up-to-date: /home/pi/ugv_ws/install/costmap_converter_msgs/share/costmap_converter_msgs/cmake/export_costmap_converter_msgs__rosidl_generator_cppExport.cmake
[18.414s] -- Up-to-date: /home/pi/ugv_ws/install/costmap_converter_msgs/share/costmap_converter_msgs/cmake/export_costmap_converter_msgs__rosidl_typesupport_fastrtps_cppExport.cmake
[18.415s] -- Up-to-date: /home/pi/ugv_ws/install/costmap_converter_msgs/share/costmap_converter_msgs/cmake/export_costmap_converter_msgs__rosidl_typesupport_fastrtps_cppExport-noconfig.cmake
[18.416s] -- Up-to-date: /home/pi/ugv_ws/install/costmap_converter_msgs/share/costmap_converter_msgs/cmake/costmap_converter_msgs__rosidl_typesupport_introspection_cExport.cmake
[18.416s] -- Up-to-date: /home/pi/ugv_ws/install/costmap_converter_msgs/share/costmap_converter_msgs/cmake/costmap_converter_msgs__rosidl_typesupport_introspection_cExport-noconfig.cmake
[18.417s] -- Up-to-date: /home/pi/ugv_ws/install/costmap_converter_msgs/share/costmap_converter_msgs/cmake/costmap_converter_msgs__rosidl_typesupport_cExport.cmake
[18.418s] -- Up-to-date: /home/pi/ugv_ws/install/costmap_converter_msgs/share/costmap_converter_msgs/cmake/costmap_converter_msgs__rosidl_typesupport_cExport-noconfig.cmake
[18.419s] -- Up-to-date: /home/pi/ugv_ws/install/costmap_converter_msgs/share/costmap_converter_msgs/cmake/costmap_converter_msgs__rosidl_typesupport_introspection_cppExport.cmake
[18.419s] -- Up-to-date: /home/pi/ugv_ws/install/costmap_converter_msgs/share/costmap_converter_msgs/cmake/costmap_converter_msgs__rosidl_typesupport_introspection_cppExport-noconfig.cmake
[18.420s] -- Up-to-date: /home/pi/ugv_ws/install/costmap_converter_msgs/share/costmap_converter_msgs/cmake/costmap_converter_msgs__rosidl_typesupport_cppExport.cmake
[18.420s] -- Up-to-date: /home/pi/ugv_ws/install/costmap_converter_msgs/share/costmap_converter_msgs/cmake/costmap_converter_msgs__rosidl_typesupport_cppExport-noconfig.cmake
[18.447s] -- Up-to-date: /home/pi/ugv_ws/install/costmap_converter_msgs/share/costmap_converter_msgs/cmake/export_costmap_converter_msgs__rosidl_generator_pyExport.cmake
[18.448s] -- Up-to-date: /home/pi/ugv_ws/install/costmap_converter_msgs/share/costmap_converter_msgs/cmake/export_costmap_converter_msgs__rosidl_generator_pyExport-noconfig.cmake
[18.449s] Invoked command in '/home/pi/ugv_ws/build/costmap_converter_msgs' returned '0': CMAKE_PREFIX_PATH=${CMAKE_PREFIX_PATH}:/home/pi/ugv_ws/install/ugv_web_app:/home/pi/ugv_ws/install/ugv_vision:/home/pi/ugv_ws/install/ugv_tools:/home/pi/ugv_ws/install/ugv_chat_ai:/home/pi/ugv_ws/install/ugv_bringup:/opt/ros/humble /usr/bin/cmake --install /home/pi/ugv_ws/build/costmap_converter_msgs
