[5.306s] Invoking command in '/home/pi/ugv_ws/build/ugv_vision': PYTHONPATH=/home/pi/ugv_ws/build/ugv_vision/prefix_override:/usr/lib/python3/dist-packages/colcon_core/task/python/colcon_distutils_commands:/home/pi/ugv_ws/install/ugv_vision/lib/python3.10/site-packages:${PYTHONPATH} /usr/bin/python3 -W ignore:setup.py install is deprecated -W ignore:easy_install command is deprecated setup.py develop --editable --build-directory /home/pi/ugv_ws/build/ugv_vision/build --no-deps symlink_data
[7.404s] running develop
[9.067s] running egg_info
[9.068s] writing ugv_vision.egg-info/PKG-INFO
[9.069s] writing dependency_links to ugv_vision.egg-info/dependency_links.txt
[9.072s] writing entry points to ugv_vision.egg-info/entry_points.txt
[9.073s] writing requirements to ugv_vision.egg-info/requires.txt
[9.073s] writing top-level names to ugv_vision.egg-info/top_level.txt
[9.080s] reading manifest file 'ugv_vision.egg-info/SOURCES.txt'
[9.085s] writing manifest file 'ugv_vision.egg-info/SOURCES.txt'
[9.093s] running build_ext
[9.094s] Creating /home/pi/ugv_ws/install/ugv_vision/lib/python3.10/site-packages/ugv-vision.egg-link (link to .)
[9.098s] Installing apriltag_ctrl script to /home/pi/ugv_ws/install/ugv_vision/lib/ugv_vision
[9.099s] Installing apriltag_track_0 script to /home/pi/ugv_ws/install/ugv_vision/lib/ugv_vision
[9.101s] Installing apriltag_track_1 script to /home/pi/ugv_ws/install/ugv_vision/lib/ugv_vision
[9.101s] Installing apriltag_track_2 script to /home/pi/ugv_ws/install/ugv_vision/lib/ugv_vision
[9.103s] Installing color_track script to /home/pi/ugv_ws/install/ugv_vision/lib/ugv_vision
[9.106s] Installing gesture_ctrl script to /home/pi/ugv_ws/install/ugv_vision/lib/ugv_vision
[9.106s] Installing kcf_track script to /home/pi/ugv_ws/install/ugv_vision/lib/ugv_vision
[9.107s] 
[9.107s] Installed /home/pi/ugv_ws/build/ugv_vision
[9.107s] running symlink_data
[9.270s] Invoked command in '/home/pi/ugv_ws/build/ugv_vision' returned '0': PYTHONPATH=/home/pi/ugv_ws/build/ugv_vision/prefix_override:/usr/lib/python3/dist-packages/colcon_core/task/python/colcon_distutils_commands:/home/pi/ugv_ws/install/ugv_vision/lib/python3.10/site-packages:${PYTHONPATH} /usr/bin/python3 -W ignore:setup.py install is deprecated -W ignore:easy_install command is deprecated setup.py develop --editable --build-directory /home/pi/ugv_ws/build/ugv_vision/build --no-deps symlink_data
