[2.705s] Invoking command in '/home/pi/ugv_ws/build/ugv_description': CMAKE_PREFIX_PATH=${CMAKE_PREFIX_PATH}:/home/pi/ugv_ws/install/ugv_web_app:/home/pi/ugv_ws/install/ugv_vision:/home/pi/ugv_ws/install/ugv_tools:/home/pi/ugv_ws/install/ugv_chat_ai:/home/pi/ugv_ws/install/ugv_bringup:/opt/ros/humble /usr/bin/cmake --build /home/pi/ugv_ws/build/ugv_description -- -j4 -l4
[3.099s] Invoked command in '/home/pi/ugv_ws/build/ugv_description' returned '0': CMAKE_PREFIX_PATH=${CMAKE_PREFIX_PATH}:/home/pi/ugv_ws/install/ugv_web_app:/home/pi/ugv_ws/install/ugv_vision:/home/pi/ugv_ws/install/ugv_tools:/home/pi/ugv_ws/install/ugv_chat_ai:/home/pi/ugv_ws/install/ugv_bringup:/opt/ros/humble /usr/bin/cmake --build /home/pi/ugv_ws/build/ugv_description -- -j4 -l4
[3.113s] Invoking command in '/home/pi/ugv_ws/build/ugv_description': CMAKE_PREFIX_PATH=${CMAKE_PREFIX_PATH}:/home/pi/ugv_ws/install/ugv_web_app:/home/pi/ugv_ws/install/ugv_vision:/home/pi/ugv_ws/install/ugv_tools:/home/pi/ugv_ws/install/ugv_chat_ai:/home/pi/ugv_ws/install/ugv_bringup:/opt/ros/humble /usr/bin/cmake --install /home/pi/ugv_ws/build/ugv_description
[3.204s] -- Install configuration: ""
[3.212s] -- Execute custom install script
[3.224s] -- Up-to-date symlink: /home/pi/ugv_ws/install/ugv_description/share/ugv_description/launch/display.launch.py
[3.234s] -- Up-to-date symlink: /home/pi/ugv_ws/install/ugv_description/share/ugv_description/meshes/rasp_rover/base_lidar_link.stl
[3.236s] -- Up-to-date symlink: /home/pi/ugv_ws/install/ugv_description/share/ugv_description/meshes/rasp_rover/base_link.stl
[3.238s] -- Up-to-date symlink: /home/pi/ugv_ws/install/ugv_description/share/ugv_description/meshes/rasp_rover/left_down_wheel_link.stl
[3.241s] -- Up-to-date symlink: /home/pi/ugv_ws/install/ugv_description/share/ugv_description/meshes/rasp_rover/left_up_wheel_link.stl
[3.242s] -- Up-to-date symlink: /home/pi/ugv_ws/install/ugv_description/share/ugv_description/meshes/rasp_rover/pt_base_link.stl
[3.243s] -- Up-to-date symlink: /home/pi/ugv_ws/install/ugv_description/share/ugv_description/meshes/rasp_rover/pt_camera_link.stl
[3.244s] -- Up-to-date symlink: /home/pi/ugv_ws/install/ugv_description/share/ugv_description/meshes/rasp_rover/pt_link1.stl
[3.248s] -- Up-to-date symlink: /home/pi/ugv_ws/install/ugv_description/share/ugv_description/meshes/rasp_rover/pt_link2.stl
[3.249s] -- Up-to-date symlink: /home/pi/ugv_ws/install/ugv_description/share/ugv_description/meshes/rasp_rover/right_down_wheel_link.stl
[3.251s] -- Up-to-date symlink: /home/pi/ugv_ws/install/ugv_description/share/ugv_description/meshes/rasp_rover/right_up_wheel_link.stl
[3.253s] -- Up-to-date symlink: /home/pi/ugv_ws/install/ugv_description/share/ugv_description/meshes/ugv_beast/3d_camera_link.stl
[3.256s] -- Up-to-date symlink: /home/pi/ugv_ws/install/ugv_description/share/ugv_description/meshes/ugv_beast/base_lidar_link.stl
[3.259s] -- Up-to-date symlink: /home/pi/ugv_ws/install/ugv_description/share/ugv_description/meshes/ugv_beast/base_link.stl
[3.267s] -- Up-to-date symlink: /home/pi/ugv_ws/install/ugv_description/share/ugv_description/meshes/ugv_beast/left_down_wheel_link.stl
[3.268s] -- Up-to-date symlink: /home/pi/ugv_ws/install/ugv_description/share/ugv_description/meshes/ugv_beast/left_up_wheel_link.stl
[3.272s] -- Up-to-date symlink: /home/pi/ugv_ws/install/ugv_description/share/ugv_description/meshes/ugv_beast/pt_base_link.stl
[3.278s] -- Up-to-date symlink: /home/pi/ugv_ws/install/ugv_description/share/ugv_description/meshes/ugv_beast/pt_camera_link.stl
[3.283s] -- Up-to-date symlink: /home/pi/ugv_ws/install/ugv_description/share/ugv_description/meshes/ugv_beast/pt_link1.stl
[3.287s] -- Up-to-date symlink: /home/pi/ugv_ws/install/ugv_description/share/ugv_description/meshes/ugv_beast/pt_link2.stl
[3.290s] -- Up-to-date symlink: /home/pi/ugv_ws/install/ugv_description/share/ugv_description/meshes/ugv_beast/right_down_wheel_link.stl
[3.293s] -- Up-to-date symlink: /home/pi/ugv_ws/install/ugv_description/share/ugv_description/meshes/ugv_beast/right_up_wheel_link.stl
[3.295s] -- Up-to-date symlink: /home/pi/ugv_ws/install/ugv_description/share/ugv_description/meshes/ugv_rover/3d_camera_link.stl
[3.304s] -- Up-to-date symlink: /home/pi/ugv_ws/install/ugv_description/share/ugv_description/meshes/ugv_rover/base_lidar_link.stl
[3.305s] -- Up-to-date symlink: /home/pi/ugv_ws/install/ugv_description/share/ugv_description/meshes/ugv_rover/base_link.stl
[3.306s] -- Up-to-date symlink: /home/pi/ugv_ws/install/ugv_description/share/ugv_description/meshes/ugv_rover/left_down_wheel_link.stl
[3.306s] -- Up-to-date symlink: /home/pi/ugv_ws/install/ugv_description/share/ugv_description/meshes/ugv_rover/left_up_wheel_link.stl
[3.307s] -- Up-to-date symlink: /home/pi/ugv_ws/install/ugv_description/share/ugv_description/meshes/ugv_rover/pt_base_link.stl
[3.308s] -- Up-to-date symlink: /home/pi/ugv_ws/install/ugv_description/share/ugv_description/meshes/ugv_rover/pt_camera_link.stl
[3.318s] -- Up-to-date symlink: /home/pi/ugv_ws/install/ugv_description/share/ugv_description/meshes/ugv_rover/pt_link1.stl
[3.323s] -- Up-to-date symlink: /home/pi/ugv_ws/install/ugv_description/share/ugv_description/meshes/ugv_rover/pt_link2.stl
[3.326s] -- Up-to-date symlink: /home/pi/ugv_ws/install/ugv_description/share/ugv_description/meshes/ugv_rover/right_down_wheel_link.stl
[3.328s] -- Up-to-date symlink: /home/pi/ugv_ws/install/ugv_description/share/ugv_description/meshes/ugv_rover/right_up_wheel_link.stl
[3.329s] -- Up-to-date symlink: /home/pi/ugv_ws/install/ugv_description/share/ugv_description/urdf/rasp_rover.urdf
[3.330s] -- Up-to-date symlink: /home/pi/ugv_ws/install/ugv_description/share/ugv_description/urdf/ugv_beast.urdf
[3.338s] -- Up-to-date symlink: /home/pi/ugv_ws/install/ugv_description/share/ugv_description/urdf/ugv_rover.urdf
[3.342s] -- Up-to-date symlink: /home/pi/ugv_ws/install/ugv_description/share/ugv_description/rviz/view_description.rviz
[3.349s] -- Up-to-date symlink: /home/pi/ugv_ws/install/ugv_description/share/ament_index/resource_index/package_run_dependencies/ugv_description
[3.352s] -- Up-to-date symlink: /home/pi/ugv_ws/install/ugv_description/share/ament_index/resource_index/parent_prefix_path/ugv_description
[3.356s] -- Up-to-date symlink: /home/pi/ugv_ws/install/ugv_description/share/ugv_description/environment/ament_prefix_path.sh
[3.374s] -- Up-to-date symlink: /home/pi/ugv_ws/install/ugv_description/share/ugv_description/environment/ament_prefix_path.dsv
[3.377s] -- Up-to-date symlink: /home/pi/ugv_ws/install/ugv_description/share/ugv_description/environment/path.sh
[3.378s] -- Up-to-date symlink: /home/pi/ugv_ws/install/ugv_description/share/ugv_description/environment/path.dsv
[3.379s] -- Up-to-date symlink: /home/pi/ugv_ws/install/ugv_description/share/ugv_description/local_setup.bash
[3.379s] -- Up-to-date symlink: /home/pi/ugv_ws/install/ugv_description/share/ugv_description/local_setup.sh
[3.380s] -- Up-to-date symlink: /home/pi/ugv_ws/install/ugv_description/share/ugv_description/local_setup.zsh
[3.381s] -- Up-to-date symlink: /home/pi/ugv_ws/install/ugv_description/share/ugv_description/local_setup.dsv
[3.381s] -- Symlinking: /home/pi/ugv_ws/install/ugv_description/share/ugv_description/package.dsv
[3.419s] -- Up-to-date symlink: /home/pi/ugv_ws/install/ugv_description/share/ament_index/resource_index/packages/ugv_description
[3.420s] -- Up-to-date symlink: /home/pi/ugv_ws/install/ugv_description/share/ugv_description/cmake/ament_cmake_export_dependencies-extras.cmake
[3.422s] -- Up-to-date symlink: /home/pi/ugv_ws/install/ugv_description/share/ugv_description/cmake/ugv_descriptionConfig.cmake
[3.423s] -- Up-to-date symlink: /home/pi/ugv_ws/install/ugv_description/share/ugv_description/cmake/ugv_descriptionConfig-version.cmake
[3.425s] -- Up-to-date symlink: /home/pi/ugv_ws/install/ugv_description/share/ugv_description/package.xml
[3.437s] Invoked command in '/home/pi/ugv_ws/build/ugv_description' returned '0': CMAKE_PREFIX_PATH=${CMAKE_PREFIX_PATH}:/home/pi/ugv_ws/install/ugv_web_app:/home/pi/ugv_ws/install/ugv_vision:/home/pi/ugv_ws/install/ugv_tools:/home/pi/ugv_ws/install/ugv_chat_ai:/home/pi/ugv_ws/install/ugv_bringup:/opt/ros/humble /usr/bin/cmake --install /home/pi/ugv_ws/build/ugv_description
