running develop
Removing /home/pi/ugv_ws/install/ugv_bringup/lib/python3.10/site-packages/ugv-bringup.egg-link (link to .)
running egg_info
writing ../../../build/ugv_bringup/ugv_bringup.egg-info/PKG-INFO
writing dependency_links to ../../../build/ugv_bringup/ugv_bringup.egg-info/dependency_links.txt
writing entry points to ../../../build/ugv_bringup/ugv_bringup.egg-info/entry_points.txt
writing requirements to ../../../build/ugv_bringup/ugv_bringup.egg-info/requires.txt
writing top-level names to ../../../build/ugv_bringup/ugv_bringup.egg-info/top_level.txt
reading manifest file '../../../build/ugv_bringup/ugv_bringup.egg-info/SOURCES.txt'
writing manifest file '../../../build/ugv_bringup/ugv_bringup.egg-info/SOURCES.txt'
running build
running build_py
creating /home/pi/ugv_ws/build/ugv_bringup/build
creating /home/pi/ugv_ws/build/ugv_bringup/build/lib
creating /home/pi/ugv_ws/build/ugv_bringup/build/lib/ugv_bringup
copying ugv_bringup/ugv_driver.py -> /home/pi/ugv_ws/build/ugv_bringup/build/lib/ugv_bringup
copying ugv_bringup/__init__.py -> /home/pi/ugv_ws/build/ugv_bringup/build/lib/ugv_bringup
copying ugv_bringup/ugv_bringup.py -> /home/pi/ugv_ws/build/ugv_bringup/build/lib/ugv_bringup
running install
running install_lib
creating /home/pi/ugv_ws/install/ugv_bringup/lib/python3.10/site-packages/ugv_bringup
copying /home/pi/ugv_ws/build/ugv_bringup/build/lib/ugv_bringup/ugv_driver.py -> /home/pi/ugv_ws/install/ugv_bringup/lib/python3.10/site-packages/ugv_bringup
copying /home/pi/ugv_ws/build/ugv_bringup/build/lib/ugv_bringup/__init__.py -> /home/pi/ugv_ws/install/ugv_bringup/lib/python3.10/site-packages/ugv_bringup
copying /home/pi/ugv_ws/build/ugv_bringup/build/lib/ugv_bringup/ugv_bringup.py -> /home/pi/ugv_ws/install/ugv_bringup/lib/python3.10/site-packages/ugv_bringup
byte-compiling /home/pi/ugv_ws/install/ugv_bringup/lib/python3.10/site-packages/ugv_bringup/ugv_driver.py to ugv_driver.cpython-310.pyc
byte-compiling /home/pi/ugv_ws/install/ugv_bringup/lib/python3.10/site-packages/ugv_bringup/__init__.py to __init__.cpython-310.pyc
byte-compiling /home/pi/ugv_ws/install/ugv_bringup/lib/python3.10/site-packages/ugv_bringup/ugv_bringup.py to ugv_bringup.cpython-310.pyc
running install_data
copying resource/ugv_bringup -> /home/pi/ugv_ws/install/ugv_bringup/share/ament_index/resource_index/packages
copying package.xml -> /home/pi/ugv_ws/install/ugv_bringup/share/ugv_bringup
copying launch/bringup_imu_origin.launch.py -> /home/pi/ugv_ws/install/ugv_bringup/share/ugv_bringup/launch
copying launch/bringup_lidar.launch.py -> /home/pi/ugv_ws/install/ugv_bringup/share/ugv_bringup/launch
copying launch/bringup_imu_ekf.launch.py -> /home/pi/ugv_ws/install/ugv_bringup/share/ugv_bringup/launch
copying rviz/view_bringup.rviz -> /home/pi/ugv_ws/install/ugv_bringup/share/ugv_bringup/rviz
copying param/ekf.yaml -> /home/pi/ugv_ws/install/ugv_bringup/share/ugv_bringup/param
copying param/imu_filter_param.yaml -> /home/pi/ugv_ws/install/ugv_bringup/share/ugv_bringup/param
running install_egg_info
Copying ../../../build/ugv_bringup/ugv_bringup.egg-info to /home/pi/ugv_ws/install/ugv_bringup/lib/python3.10/site-packages/ugv_bringup-0.0.0-py3.10.egg-info
running install_scripts
Installing ugv_bringup script to /home/pi/ugv_ws/install/ugv_bringup/lib/ugv_bringup
Installing ugv_driver script to /home/pi/ugv_ws/install/ugv_bringup/lib/ugv_bringup
writing list of installed files to '/home/pi/ugv_ws/build/ugv_bringup/install.log'
