-- Found ament_cmake: 1.3.11 (/opt/ros/humble/share/ament_cmake/cmake)
[0m -fuse-ld=lld -Wl,--disable-new-dtags[0m
-- Override CMake install command with custom implementation using symlinks instead of copying resources
-- Found std_msgs: 4.2.4 (/opt/ros/humble/share/std_msgs/cmake)
-- Found rosidl_generator_c: 3.1.6 (/opt/ros/humble/share/rosidl_generator_c/cmake)
-- Found rosidl_adapter: 3.1.6 (/opt/ros/humble/share/rosidl_adapter/cmake)
-- Found rosidl_generator_cpp: 3.1.6 (/opt/ros/humble/share/rosidl_generator_cpp/cmake)
-- Using all available rosidl_typesupport_c: rosidl_typesupport_fastrtps_c;rosidl_typesupport_introspection_c
-- Using all available rosidl_typesupport_cpp: rosidl_typesupport_fastrtps_cpp;rosidl_typesupport_introspection_cpp
-- Found nav_msgs: 4.2.4 (/opt/ros/humble/share/nav_msgs/cmake)
-- Found tf2: 0.25.11 (/opt/ros/humble/share/tf2/cmake)
-- Found tf2_ros: 0.25.11 (/opt/ros/humble/share/tf2_ros/cmake)
-- Found rmw_implementation_cmake: 6.1.2 (/opt/ros/humble/share/rmw_implementation_cmake/cmake)
-- Found rmw_fastrtps_cpp: 6.2.7 (/opt/ros/humble/share/rmw_fastrtps_cpp/cmake)
-- Using RMW implementation 'rmw_fastrtps_cpp' as default
-- Found tf2_geometry_msgs: 0.25.11 (/opt/ros/humble/share/tf2_geometry_msgs/cmake)
-- Found eigen3_cmake_module: 0.1.1 (/opt/ros/humble/share/eigen3_cmake_module/cmake)
-- Ensuring Eigen3 include directory is part of orocos-kdl CMake target
-- Found sensor_msgs: 4.2.4 (/opt/ros/humble/share/sensor_msgs/cmake)
-- Found visualization_msgs: 4.2.4 (/opt/ros/humble/share/visualization_msgs/cmake)
-- Found openslam_gmapping: 0.1.2 (/home/pi/ugv_ws/install/openslam_gmapping/share/openslam_gmapping/cmake)
-- Found ament_lint_auto: 0.12.11 (/opt/ros/humble/share/ament_lint_auto/cmake)
-- Added test 'cppcheck' to perform static code analysis on C / C++ code
-- Configured cppcheck include dirs: /home/pi/ugv_ws/src/ugv_else/gmapping/slam_gmapping/include
-- Configured cppcheck exclude dirs and/or files: 
-- Added test 'flake8' to check Python code syntax and style conventions
-- Added test 'lint_cmake' to check CMake code style
-- Added test 'pep257' to check Python code against some of the docstring style conventions in PEP 257
-- Added test 'uncrustify' to check C / C++ code style
-- Configured uncrustify additional arguments: 
-- Added test 'xmllint' to check XML markup files
-- Configuring done
-- Generating done
-- Build files have been written to: /home/pi/ugv_ws/build/slam_gmapping
[35m[1mConsolidate compiler generated dependencies of target slam_gmapping[0m
[100%] Built target slam_gmapping
-- Install configuration: ""
-- Execute custom install script
-- Up-to-date symlink: /home/pi/ugv_ws/install/slam_gmapping/lib/slam_gmapping/slam_gmapping
-- Up-to-date symlink: /home/pi/ugv_ws/install/slam_gmapping/share/slam_gmapping/launch/mapping.launch.py
-- Up-to-date symlink: /home/pi/ugv_ws/install/slam_gmapping/share/ament_index/resource_index/package_run_dependencies/slam_gmapping
-- Up-to-date symlink: /home/pi/ugv_ws/install/slam_gmapping/share/ament_index/resource_index/parent_prefix_path/slam_gmapping
-- Up-to-date symlink: /home/pi/ugv_ws/install/slam_gmapping/share/slam_gmapping/environment/ament_prefix_path.sh
-- Up-to-date symlink: /home/pi/ugv_ws/install/slam_gmapping/share/slam_gmapping/environment/ament_prefix_path.dsv
-- Up-to-date symlink: /home/pi/ugv_ws/install/slam_gmapping/share/slam_gmapping/environment/path.sh
-- Up-to-date symlink: /home/pi/ugv_ws/install/slam_gmapping/share/slam_gmapping/environment/path.dsv
-- Up-to-date symlink: /home/pi/ugv_ws/install/slam_gmapping/share/slam_gmapping/local_setup.bash
-- Up-to-date symlink: /home/pi/ugv_ws/install/slam_gmapping/share/slam_gmapping/local_setup.sh
-- Up-to-date symlink: /home/pi/ugv_ws/install/slam_gmapping/share/slam_gmapping/local_setup.zsh
-- Up-to-date symlink: /home/pi/ugv_ws/install/slam_gmapping/share/slam_gmapping/local_setup.dsv
-- Symlinking: /home/pi/ugv_ws/install/slam_gmapping/share/slam_gmapping/package.dsv
-- Up-to-date symlink: /home/pi/ugv_ws/install/slam_gmapping/share/ament_index/resource_index/packages/slam_gmapping
-- Up-to-date symlink: /home/pi/ugv_ws/install/slam_gmapping/share/slam_gmapping/cmake/slam_gmappingConfig.cmake
-- Up-to-date symlink: /home/pi/ugv_ws/install/slam_gmapping/share/slam_gmapping/cmake/slam_gmappingConfig-version.cmake
-- Up-to-date symlink: /home/pi/ugv_ws/install/slam_gmapping/share/slam_gmapping/package.xml
