[0.067s] Invoking command in '/home/pi/ugv_ws/build/vizanti_cpp': CMAKE_PREFIX_PATH=${CMAKE_PREFIX_PATH}:/home/pi/ugv_ws/install/ugv_web_app:/home/pi/ugv_ws/install/ugv_vision:/home/pi/ugv_ws/install/ugv_tools:/home/pi/ugv_ws/install/ugv_chat_ai:/home/pi/ugv_ws/install/ugv_bringup:/opt/ros/humble /usr/bin/cmake --build /home/pi/ugv_ws/build/vizanti_cpp -- -j4 -l4
[0.565s] [100%] Built target tf_consolidator
[0.686s] Invoked command in '/home/pi/ugv_ws/build/vizanti_cpp' returned '0': CMAKE_PREFIX_PATH=${CMAKE_PREFIX_PATH}:/home/pi/ugv_ws/install/ugv_web_app:/home/pi/ugv_ws/install/ugv_vision:/home/pi/ugv_ws/install/ugv_tools:/home/pi/ugv_ws/install/ugv_chat_ai:/home/pi/ugv_ws/install/ugv_bringup:/opt/ros/humble /usr/bin/cmake --build /home/pi/ugv_ws/build/vizanti_cpp -- -j4 -l4
[0.690s] Invoking command in '/home/pi/ugv_ws/build/vizanti_cpp': CMAKE_PREFIX_PATH=${CMAKE_PREFIX_PATH}:/home/pi/ugv_ws/install/ugv_web_app:/home/pi/ugv_ws/install/ugv_vision:/home/pi/ugv_ws/install/ugv_tools:/home/pi/ugv_ws/install/ugv_chat_ai:/home/pi/ugv_ws/install/ugv_bringup:/opt/ros/humble /usr/bin/cmake --install /home/pi/ugv_ws/build/vizanti_cpp
[0.749s] -- Install configuration: ""
[0.752s] -- Execute custom install script
[0.755s] -- Up-to-date symlink: /home/pi/ugv_ws/install/vizanti_cpp/lib/vizanti_cpp/tf_consolidator
[0.758s] -- Up-to-date symlink: /home/pi/ugv_ws/install/vizanti_cpp/share/ament_index/resource_index/package_run_dependencies/vizanti_cpp
[0.762s] -- Up-to-date symlink: /home/pi/ugv_ws/install/vizanti_cpp/share/ament_index/resource_index/parent_prefix_path/vizanti_cpp
[0.766s] -- Up-to-date symlink: /home/pi/ugv_ws/install/vizanti_cpp/share/vizanti_cpp/environment/ament_prefix_path.sh
[0.769s] -- Up-to-date symlink: /home/pi/ugv_ws/install/vizanti_cpp/share/vizanti_cpp/environment/ament_prefix_path.dsv
[0.772s] -- Up-to-date symlink: /home/pi/ugv_ws/install/vizanti_cpp/share/vizanti_cpp/environment/path.sh
[0.775s] -- Up-to-date symlink: /home/pi/ugv_ws/install/vizanti_cpp/share/vizanti_cpp/environment/path.dsv
[0.777s] -- Up-to-date symlink: /home/pi/ugv_ws/install/vizanti_cpp/share/vizanti_cpp/local_setup.bash
[0.780s] -- Up-to-date symlink: /home/pi/ugv_ws/install/vizanti_cpp/share/vizanti_cpp/local_setup.sh
[0.782s] -- Up-to-date symlink: /home/pi/ugv_ws/install/vizanti_cpp/share/vizanti_cpp/local_setup.zsh
[0.784s] -- Up-to-date symlink: /home/pi/ugv_ws/install/vizanti_cpp/share/vizanti_cpp/local_setup.dsv
[0.786s] -- Symlinking: /home/pi/ugv_ws/install/vizanti_cpp/share/vizanti_cpp/package.dsv
[0.847s] -- Up-to-date symlink: /home/pi/ugv_ws/install/vizanti_cpp/share/ament_index/resource_index/packages/vizanti_cpp
[0.849s] -- Up-to-date symlink: /home/pi/ugv_ws/install/vizanti_cpp/share/vizanti_cpp/cmake/vizanti_cppConfig.cmake
[0.852s] -- Up-to-date symlink: /home/pi/ugv_ws/install/vizanti_cpp/share/vizanti_cpp/cmake/vizanti_cppConfig-version.cmake
[0.855s] -- Up-to-date symlink: /home/pi/ugv_ws/install/vizanti_cpp/share/vizanti_cpp/package.xml
[0.871s] Invoked command in '/home/pi/ugv_ws/build/vizanti_cpp' returned '0': CMAKE_PREFIX_PATH=${CMAKE_PREFIX_PATH}:/home/pi/ugv_ws/install/ugv_web_app:/home/pi/ugv_ws/install/ugv_vision:/home/pi/ugv_ws/install/ugv_tools:/home/pi/ugv_ws/install/ugv_chat_ai:/home/pi/ugv_ws/install/ugv_bringup:/opt/ros/humble /usr/bin/cmake --install /home/pi/ugv_ws/build/vizanti_cpp
