[0.221s] Invoking command in '/home/pi/ugv_ws/build/ugv_gazebo': CMAKE_PREFIX_PATH=${CMAKE_PREFIX_PATH}:/home/pi/ugv_ws/install/ugv_web_app:/home/pi/ugv_ws/install/ugv_vision:/home/pi/ugv_ws/install/ugv_tools:/home/pi/ugv_ws/install/ugv_chat_ai:/home/pi/ugv_ws/install/ugv_bringup:/opt/ros/humble /usr/bin/cmake --build /home/pi/ugv_ws/build/ugv_gazebo -- -j4 -l4
[0.509s] Invoked command in '/home/pi/ugv_ws/build/ugv_gazebo' returned '0': CMAKE_PREFIX_PATH=${CMAKE_PREFIX_PATH}:/home/pi/ugv_ws/install/ugv_web_app:/home/pi/ugv_ws/install/ugv_vision:/home/pi/ugv_ws/install/ugv_tools:/home/pi/ugv_ws/install/ugv_chat_ai:/home/pi/ugv_ws/install/ugv_bringup:/opt/ros/humble /usr/bin/cmake --build /home/pi/ugv_ws/build/ugv_gazebo -- -j4 -l4
[0.557s] Invoking command in '/home/pi/ugv_ws/build/ugv_gazebo': CMAKE_PREFIX_PATH=${CMAKE_PREFIX_PATH}:/home/pi/ugv_ws/install/ugv_web_app:/home/pi/ugv_ws/install/ugv_vision:/home/pi/ugv_ws/install/ugv_tools:/home/pi/ugv_ws/install/ugv_chat_ai:/home/pi/ugv_ws/install/ugv_bringup:/opt/ros/humble /usr/bin/cmake --install /home/pi/ugv_ws/build/ugv_gazebo
[0.616s] -- Install configuration: ""
[0.656s] -- Execute custom install script
[0.664s] -- Up-to-date symlink: /home/pi/ugv_ws/install/ugv_gazebo/share/ugv_gazebo/rviz/display.rviz
[0.664s] -- Up-to-date symlink: /home/pi/ugv_ws/install/ugv_gazebo/share/ugv_gazebo/rviz/view_nav_2d.rviz
[0.665s] -- Up-to-date symlink: /home/pi/ugv_ws/install/ugv_gazebo/share/ugv_gazebo/rviz/view_nav_3d.rviz
[0.666s] -- Up-to-date symlink: /home/pi/ugv_ws/install/ugv_gazebo/share/ugv_gazebo/rviz/view_slam_2d.rviz
[0.670s] -- Up-to-date symlink: /home/pi/ugv_ws/install/ugv_gazebo/share/ugv_gazebo/rviz/view_slam_3d.rviz
[0.670s] -- Up-to-date symlink: /home/pi/ugv_ws/install/ugv_gazebo/share/ugv_gazebo/launch/bringup/bringup.launch.py
[0.672s] -- Up-to-date symlink: /home/pi/ugv_ws/install/ugv_gazebo/share/ugv_gazebo/launch/bringup/bringup_test.launch.py
[0.674s] -- Up-to-date symlink: /home/pi/ugv_ws/install/ugv_gazebo/share/ugv_gazebo/launch/bringup/robot_state_publisher.launch.py
[0.676s] -- Up-to-date symlink: /home/pi/ugv_ws/install/ugv_gazebo/share/ugv_gazebo/launch/bringup/spawn_ugv.launch.py
[0.676s] -- Up-to-date symlink: /home/pi/ugv_ws/install/ugv_gazebo/share/ugv_gazebo/launch/display.launch.py
[0.678s] -- Up-to-date symlink: /home/pi/ugv_ws/install/ugv_gazebo/share/ugv_gazebo/launch/nav/nav.launch.py
[0.679s] -- Up-to-date symlink: /home/pi/ugv_ws/install/ugv_gazebo/share/ugv_gazebo/launch/nav/nav_rtabmap.launch.py
[0.681s] -- Up-to-date symlink: /home/pi/ugv_ws/install/ugv_gazebo/share/ugv_gazebo/launch/nav/rtabmap_localization_launch.py
[0.682s] -- Up-to-date symlink: /home/pi/ugv_ws/install/ugv_gazebo/share/ugv_gazebo/launch/nav_bringup/bringup_launch_cartographer.launch.py
[0.684s] -- Up-to-date symlink: /home/pi/ugv_ws/install/ugv_gazebo/share/ugv_gazebo/launch/nav_bringup/localization_launch.py
[0.684s] -- Up-to-date symlink: /home/pi/ugv_ws/install/ugv_gazebo/share/ugv_gazebo/launch/nav_bringup/nav2_bringup.launch.py
[0.685s] -- Up-to-date symlink: /home/pi/ugv_ws/install/ugv_gazebo/share/ugv_gazebo/launch/nav_bringup/navigation_launch.py
[0.685s] -- Up-to-date symlink: /home/pi/ugv_ws/install/ugv_gazebo/share/ugv_gazebo/launch/slam/cartographer.launch.py
[0.686s] -- Up-to-date symlink: /home/pi/ugv_ws/install/ugv_gazebo/share/ugv_gazebo/launch/slam/gmapping.launch.py
[0.687s] -- Up-to-date symlink: /home/pi/ugv_ws/install/ugv_gazebo/share/ugv_gazebo/launch/slam/rtabmap_rgbd.launch.py
[0.688s] -- Up-to-date symlink: /home/pi/ugv_ws/install/ugv_gazebo/share/ugv_gazebo/launch/slam_nav/slam_nav.launch.py
[0.688s] -- Up-to-date symlink: /home/pi/ugv_ws/install/ugv_gazebo/share/ugv_gazebo/urdf/rasp_rover.urdf
[0.689s] -- Up-to-date symlink: /home/pi/ugv_ws/install/ugv_gazebo/share/ugv_gazebo/urdf/ugv_beast.urdf
[0.690s] -- Up-to-date symlink: /home/pi/ugv_ws/install/ugv_gazebo/share/ugv_gazebo/urdf/ugv_rover.urdf
[0.690s] -- Up-to-date symlink: /home/pi/ugv_ws/install/ugv_gazebo/share/ugv_gazebo/worlds/ugv_world.world
[0.691s] -- Up-to-date symlink: /home/pi/ugv_ws/install/ugv_gazebo/share/ugv_gazebo/models/rasp_rover/model.config
[0.692s] -- Up-to-date symlink: /home/pi/ugv_ws/install/ugv_gazebo/share/ugv_gazebo/models/rasp_rover/model.sdf
[0.692s] -- Up-to-date symlink: /home/pi/ugv_ws/install/ugv_gazebo/share/ugv_gazebo/models/ugv_beast/model.config
[0.693s] -- Up-to-date symlink: /home/pi/ugv_ws/install/ugv_gazebo/share/ugv_gazebo/models/ugv_beast/model.sdf
[0.693s] -- Up-to-date symlink: /home/pi/ugv_ws/install/ugv_gazebo/share/ugv_gazebo/models/ugv_rover/model.config
[0.694s] -- Up-to-date symlink: /home/pi/ugv_ws/install/ugv_gazebo/share/ugv_gazebo/models/ugv_rover/model.sdf
[0.694s] -- Up-to-date symlink: /home/pi/ugv_ws/install/ugv_gazebo/share/ugv_gazebo/models/world/model.config
[0.695s] -- Up-to-date symlink: /home/pi/ugv_ws/install/ugv_gazebo/share/ugv_gazebo/models/world/model.sdf
[0.695s] -- Up-to-date symlink: /home/pi/ugv_ws/install/ugv_gazebo/share/ugv_gazebo/param/amcl_dwa.yaml
[0.696s] -- Up-to-date symlink: /home/pi/ugv_ws/install/ugv_gazebo/share/ugv_gazebo/param/amcl_teb.yaml
[0.696s] -- Up-to-date symlink: /home/pi/ugv_ws/install/ugv_gazebo/share/ugv_gazebo/param/emcl_dwa.yaml
[0.697s] -- Up-to-date symlink: /home/pi/ugv_ws/install/ugv_gazebo/share/ugv_gazebo/param/emcl_teb.yaml
[0.698s] -- Up-to-date symlink: /home/pi/ugv_ws/install/ugv_gazebo/share/ugv_gazebo/param/rtabmap_dwa.yaml
[0.699s] -- Up-to-date symlink: /home/pi/ugv_ws/install/ugv_gazebo/share/ugv_gazebo/param/rtabmap_teb.yaml
[0.700s] -- Up-to-date symlink: /home/pi/ugv_ws/install/ugv_gazebo/share/ugv_gazebo/param/slam_nav.yaml
[0.701s] -- Up-to-date symlink: /home/pi/ugv_ws/install/ugv_gazebo/share/ugv_gazebo/maps/map.pbstream
[0.702s] -- Up-to-date symlink: /home/pi/ugv_ws/install/ugv_gazebo/share/ugv_gazebo/maps/map.pgm
[0.703s] -- Up-to-date symlink: /home/pi/ugv_ws/install/ugv_gazebo/share/ugv_gazebo/maps/map.yaml
[0.704s] -- Up-to-date symlink: /home/pi/ugv_ws/install/ugv_gazebo/share/ament_index/resource_index/package_run_dependencies/ugv_gazebo
[0.706s] -- Up-to-date symlink: /home/pi/ugv_ws/install/ugv_gazebo/share/ament_index/resource_index/parent_prefix_path/ugv_gazebo
[0.707s] -- Up-to-date symlink: /home/pi/ugv_ws/install/ugv_gazebo/share/ugv_gazebo/environment/ament_prefix_path.sh
[0.708s] -- Up-to-date symlink: /home/pi/ugv_ws/install/ugv_gazebo/share/ugv_gazebo/environment/ament_prefix_path.dsv
[0.709s] -- Up-to-date symlink: /home/pi/ugv_ws/install/ugv_gazebo/share/ugv_gazebo/environment/path.sh
[0.710s] -- Up-to-date symlink: /home/pi/ugv_ws/install/ugv_gazebo/share/ugv_gazebo/environment/path.dsv
[0.711s] -- Up-to-date symlink: /home/pi/ugv_ws/install/ugv_gazebo/share/ugv_gazebo/local_setup.bash
[0.712s] -- Up-to-date symlink: /home/pi/ugv_ws/install/ugv_gazebo/share/ugv_gazebo/local_setup.sh
[0.713s] -- Up-to-date symlink: /home/pi/ugv_ws/install/ugv_gazebo/share/ugv_gazebo/local_setup.zsh
[0.715s] -- Up-to-date symlink: /home/pi/ugv_ws/install/ugv_gazebo/share/ugv_gazebo/local_setup.dsv
[0.715s] -- Symlinking: /home/pi/ugv_ws/install/ugv_gazebo/share/ugv_gazebo/package.dsv
[0.760s] -- Up-to-date symlink: /home/pi/ugv_ws/install/ugv_gazebo/share/ament_index/resource_index/packages/ugv_gazebo
[0.761s] -- Up-to-date symlink: /home/pi/ugv_ws/install/ugv_gazebo/share/ugv_gazebo/cmake/ament_cmake_export_dependencies-extras.cmake
[0.762s] -- Up-to-date symlink: /home/pi/ugv_ws/install/ugv_gazebo/share/ugv_gazebo/cmake/ugv_gazeboConfig.cmake
[0.763s] -- Up-to-date symlink: /home/pi/ugv_ws/install/ugv_gazebo/share/ugv_gazebo/cmake/ugv_gazeboConfig-version.cmake
[0.766s] -- Up-to-date symlink: /home/pi/ugv_ws/install/ugv_gazebo/share/ugv_gazebo/package.xml
[0.772s] Invoked command in '/home/pi/ugv_ws/build/ugv_gazebo' returned '0': CMAKE_PREFIX_PATH=${CMAKE_PREFIX_PATH}:/home/pi/ugv_ws/install/ugv_web_app:/home/pi/ugv_ws/install/ugv_vision:/home/pi/ugv_ws/install/ugv_tools:/home/pi/ugv_ws/install/ugv_chat_ai:/home/pi/ugv_ws/install/ugv_bringup:/opt/ros/humble /usr/bin/cmake --install /home/pi/ugv_ws/build/ugv_gazebo
