[0.266s] Invoking command in '/home/pi/ugv_ws/build/apriltag': CMAKE_PREFIX_PATH=/opt/ros/humble /usr/bin/cmake --build /home/pi/ugv_ws/build/apriltag -- -j4 -l4
[0.983s] [ 80%] Built target apriltag
[1.029s] [ 82%] [34m[1mGenerating apriltag_detect_docstring.h, apriltag_detect_docstring.cxx[0m
[1.093s] [ 85%] [34m[1mGenerating apriltag_py_type_docstring.h, apriltag_py_type_docstring.cxx[0m
[1.361s] [ 90%] Built target opencv_demo
[1.631s] [ 95%] Built target apriltag_demo
[1.828s] [ 95%] Built target apriltag_py_docstrings
[1.990s] [35m[1mConsolidate compiler generated dependencies of target apriltag.cpython-310-aarch64-linux-gnu[0m
[2.240s] [ 97%] [32mBuilding C object CMakeFiles/apriltag.cpython-310-aarch64-linux-gnu.dir/apriltag_pywrap.c.o[0m
[4.022s] [100%] [32m[1mLinking C shared module apriltag.cpython-310-aarch64-linux-gnu.so[0m
[4.575s] [100%] Built target apriltag.cpython-310-aarch64-linux-gnu
[4.727s] Invoked command in '/home/pi/ugv_ws/build/apriltag' returned '0': CMAKE_PREFIX_PATH=/opt/ros/humble /usr/bin/cmake --build /home/pi/ugv_ws/build/apriltag -- -j4 -l4
[4.806s] Invoking command in '/home/pi/ugv_ws/build/apriltag': CMAKE_PREFIX_PATH=/opt/ros/humble /usr/bin/cmake --install /home/pi/ugv_ws/build/apriltag
[4.867s] -- Install configuration: "Release"
[4.869s] -- Up-to-date: /home/pi/ugv_ws/install/apriltag/include/apriltag/apriltag.h
[4.869s] -- Up-to-date: /home/pi/ugv_ws/install/apriltag/include/apriltag/apriltag_math.h
[4.872s] -- Up-to-date: /home/pi/ugv_ws/install/apriltag/include/apriltag/apriltag_pose.h
[4.872s] -- Up-to-date: /home/pi/ugv_ws/install/apriltag/include/apriltag/common/debug_print.h
[4.880s] -- Up-to-date: /home/pi/ugv_ws/install/apriltag/include/apriltag/common/doubles.h
[4.883s] -- Up-to-date: /home/pi/ugv_ws/install/apriltag/include/apriltag/common/doubles_floats_impl.h
[4.886s] -- Up-to-date: /home/pi/ugv_ws/install/apriltag/include/apriltag/common/floats.h
[4.891s] -- Up-to-date: /home/pi/ugv_ws/install/apriltag/include/apriltag/common/g2d.h
[4.894s] -- Up-to-date: /home/pi/ugv_ws/install/apriltag/include/apriltag/common/getopt.h
[4.897s] -- Up-to-date: /home/pi/ugv_ws/install/apriltag/include/apriltag/common/homography.h
[4.908s] -- Up-to-date: /home/pi/ugv_ws/install/apriltag/include/apriltag/common/image_types.h
[4.911s] -- Up-to-date: /home/pi/ugv_ws/install/apriltag/include/apriltag/common/image_u8.h
[4.914s] -- Up-to-date: /home/pi/ugv_ws/install/apriltag/include/apriltag/common/image_u8x3.h
[4.917s] -- Up-to-date: /home/pi/ugv_ws/install/apriltag/include/apriltag/common/image_u8x4.h
[4.920s] -- Up-to-date: /home/pi/ugv_ws/install/apriltag/include/apriltag/common/matd.h
[4.922s] -- Up-to-date: /home/pi/ugv_ws/install/apriltag/include/apriltag/common/math_util.h
[4.926s] -- Up-to-date: /home/pi/ugv_ws/install/apriltag/include/apriltag/common/pam.h
[4.929s] -- Up-to-date: /home/pi/ugv_ws/install/apriltag/include/apriltag/common/pjpeg.h
[4.931s] -- Up-to-date: /home/pi/ugv_ws/install/apriltag/include/apriltag/common/pnm.h
[4.936s] -- Up-to-date: /home/pi/ugv_ws/install/apriltag/include/apriltag/common/postscript_utils.h
[4.939s] -- Up-to-date: /home/pi/ugv_ws/install/apriltag/include/apriltag/common/pthreads_cross.h
[4.942s] -- Up-to-date: /home/pi/ugv_ws/install/apriltag/include/apriltag/common/string_util.h
[4.945s] -- Up-to-date: /home/pi/ugv_ws/install/apriltag/include/apriltag/common/svd22.h
[4.948s] -- Up-to-date: /home/pi/ugv_ws/install/apriltag/include/apriltag/common/time_util.h
[4.951s] -- Up-to-date: /home/pi/ugv_ws/install/apriltag/include/apriltag/common/timeprofile.h
[4.954s] -- Up-to-date: /home/pi/ugv_ws/install/apriltag/include/apriltag/common/unionfind.h
[4.956s] -- Up-to-date: /home/pi/ugv_ws/install/apriltag/include/apriltag/common/workerpool.h
[4.960s] -- Up-to-date: /home/pi/ugv_ws/install/apriltag/include/apriltag/common/zarray.h
[4.960s] -- Up-to-date: /home/pi/ugv_ws/install/apriltag/include/apriltag/common/zhash.h
[4.965s] -- Up-to-date: /home/pi/ugv_ws/install/apriltag/include/apriltag/common/zmaxheap.h
[4.965s] -- Up-to-date: /home/pi/ugv_ws/install/apriltag/include/apriltag/tag16h5.h
[4.971s] -- Up-to-date: /home/pi/ugv_ws/install/apriltag/include/apriltag/tag25h9.h
[4.974s] -- Up-to-date: /home/pi/ugv_ws/install/apriltag/include/apriltag/tag36h10.h
[4.975s] -- Up-to-date: /home/pi/ugv_ws/install/apriltag/include/apriltag/tag36h11.h
[4.976s] -- Up-to-date: /home/pi/ugv_ws/install/apriltag/include/apriltag/tagCircle21h7.h
[4.976s] -- Up-to-date: /home/pi/ugv_ws/install/apriltag/include/apriltag/tagCircle49h12.h
[4.992s] -- Up-to-date: /home/pi/ugv_ws/install/apriltag/include/apriltag/tagCustom48h12.h
[4.999s] -- Up-to-date: /home/pi/ugv_ws/install/apriltag/include/apriltag/tagStandard41h12.h
[5.000s] -- Up-to-date: /home/pi/ugv_ws/install/apriltag/include/apriltag/tagStandard52h13.h
[5.000s] -- Up-to-date: /home/pi/ugv_ws/install/apriltag/lib/libapriltag.so.3.4.2
[5.001s] -- Up-to-date: /home/pi/ugv_ws/install/apriltag/lib/libapriltag.so.3
[5.001s] -- Up-to-date: /home/pi/ugv_ws/install/apriltag/lib/libapriltag.so
[5.002s] -- Up-to-date: /home/pi/ugv_ws/install/apriltag/share/apriltag/cmake/apriltagTargets.cmake
[5.003s] -- Up-to-date: /home/pi/ugv_ws/install/apriltag/share/apriltag/cmake/apriltagTargets-release.cmake
[5.016s] -- Up-to-date: /home/pi/ugv_ws/install/apriltag/share/apriltag/cmake/apriltagConfig.cmake
[5.017s] -- Up-to-date: /home/pi/ugv_ws/install/apriltag/share/apriltag/cmake/apriltagConfigVersion.cmake
[5.017s] -- Up-to-date: /home/pi/ugv_ws/install/apriltag/lib/pkgconfig/apriltag.pc
[5.018s] -- Installing: /home/pi/ugv_ws/install/apriltag/lib/python3.10/site-packages/apriltag.cpython-310-aarch64-linux-gnu.so
[5.018s] -- Set runtime path of "/home/pi/ugv_ws/install/apriltag/lib/python3.10/site-packages/apriltag.cpython-310-aarch64-linux-gnu.so" to ""
[5.019s] -- Up-to-date: /home/pi/ugv_ws/install/apriltag/bin/opencv_demo
[5.029s] -- Up-to-date: /home/pi/ugv_ws/install/apriltag/bin/apriltag_demo
[5.044s] Invoked command in '/home/pi/ugv_ws/build/apriltag' returned '0': CMAKE_PREFIX_PATH=/opt/ros/humble /usr/bin/cmake --install /home/pi/ugv_ws/build/apriltag
