[0.105s] Invoking command in '/home/pi/ugv_ws/build/ugv_gazebo': CMAKE_PREFIX_PATH=${CMAKE_PREFIX_PATH}:/home/pi/ugv_ws/install/ugv_web_app:/home/pi/ugv_ws/install/ugv_vision:/home/pi/ugv_ws/install/ugv_tools:/home/pi/ugv_ws/install/ugv_chat_ai:/home/pi/ugv_ws/install/ugv_bringup:/opt/ros/humble /usr/bin/cmake --build /home/pi/ugv_ws/build/ugv_gazebo -- -j4 -l4
[0.384s] Invoked command in '/home/pi/ugv_ws/build/ugv_gazebo' returned '0': CMAKE_PREFIX_PATH=${CMAKE_PREFIX_PATH}:/home/pi/ugv_ws/install/ugv_web_app:/home/pi/ugv_ws/install/ugv_vision:/home/pi/ugv_ws/install/ugv_tools:/home/pi/ugv_ws/install/ugv_chat_ai:/home/pi/ugv_ws/install/ugv_bringup:/opt/ros/humble /usr/bin/cmake --build /home/pi/ugv_ws/build/ugv_gazebo -- -j4 -l4
[0.395s] Invoking command in '/home/pi/ugv_ws/build/ugv_gazebo': CMAKE_PREFIX_PATH=${CMAKE_PREFIX_PATH}:/home/pi/ugv_ws/install/ugv_web_app:/home/pi/ugv_ws/install/ugv_vision:/home/pi/ugv_ws/install/ugv_tools:/home/pi/ugv_ws/install/ugv_chat_ai:/home/pi/ugv_ws/install/ugv_bringup:/opt/ros/humble /usr/bin/cmake --install /home/pi/ugv_ws/build/ugv_gazebo
[0.496s] -- Install configuration: ""
[0.505s] -- Execute custom install script
[0.509s] -- Up-to-date symlink: /home/pi/ugv_ws/install/ugv_gazebo/share/ugv_gazebo/rviz/display.rviz
[0.510s] -- Up-to-date symlink: /home/pi/ugv_ws/install/ugv_gazebo/share/ugv_gazebo/rviz/view_nav_2d.rviz
[0.511s] -- Up-to-date symlink: /home/pi/ugv_ws/install/ugv_gazebo/share/ugv_gazebo/rviz/view_nav_3d.rviz
[0.511s] -- Up-to-date symlink: /home/pi/ugv_ws/install/ugv_gazebo/share/ugv_gazebo/rviz/view_slam_2d.rviz
[0.512s] -- Up-to-date symlink: /home/pi/ugv_ws/install/ugv_gazebo/share/ugv_gazebo/rviz/view_slam_3d.rviz
[0.515s] -- Up-to-date symlink: /home/pi/ugv_ws/install/ugv_gazebo/share/ugv_gazebo/launch/bringup/bringup.launch.py
[0.516s] -- Up-to-date symlink: /home/pi/ugv_ws/install/ugv_gazebo/share/ugv_gazebo/launch/bringup/bringup_test.launch.py
[0.527s] -- Up-to-date symlink: /home/pi/ugv_ws/install/ugv_gazebo/share/ugv_gazebo/launch/bringup/robot_state_publisher.launch.py
[0.528s] -- Up-to-date symlink: /home/pi/ugv_ws/install/ugv_gazebo/share/ugv_gazebo/launch/bringup/spawn_ugv.launch.py
[0.529s] -- Up-to-date symlink: /home/pi/ugv_ws/install/ugv_gazebo/share/ugv_gazebo/launch/display.launch.py
[0.531s] -- Up-to-date symlink: /home/pi/ugv_ws/install/ugv_gazebo/share/ugv_gazebo/launch/nav/nav.launch.py
[0.533s] -- Up-to-date symlink: /home/pi/ugv_ws/install/ugv_gazebo/share/ugv_gazebo/launch/nav/nav_rtabmap.launch.py
[0.534s] -- Up-to-date symlink: /home/pi/ugv_ws/install/ugv_gazebo/share/ugv_gazebo/launch/nav/rtabmap_localization_launch.py
[0.534s] -- Up-to-date symlink: /home/pi/ugv_ws/install/ugv_gazebo/share/ugv_gazebo/launch/nav_bringup/bringup_launch_cartographer.launch.py
[0.543s] -- Up-to-date symlink: /home/pi/ugv_ws/install/ugv_gazebo/share/ugv_gazebo/launch/nav_bringup/localization_launch.py
[0.544s] -- Up-to-date symlink: /home/pi/ugv_ws/install/ugv_gazebo/share/ugv_gazebo/launch/nav_bringup/nav2_bringup.launch.py
[0.549s] -- Up-to-date symlink: /home/pi/ugv_ws/install/ugv_gazebo/share/ugv_gazebo/launch/nav_bringup/navigation_launch.py
[0.550s] -- Up-to-date symlink: /home/pi/ugv_ws/install/ugv_gazebo/share/ugv_gazebo/launch/slam/cartographer.launch.py
[0.551s] -- Up-to-date symlink: /home/pi/ugv_ws/install/ugv_gazebo/share/ugv_gazebo/launch/slam/gmapping.launch.py
[0.553s] -- Up-to-date symlink: /home/pi/ugv_ws/install/ugv_gazebo/share/ugv_gazebo/launch/slam/rtabmap_rgbd.launch.py
[0.555s] -- Up-to-date symlink: /home/pi/ugv_ws/install/ugv_gazebo/share/ugv_gazebo/launch/slam_nav/slam_nav.launch.py
[0.557s] -- Up-to-date symlink: /home/pi/ugv_ws/install/ugv_gazebo/share/ugv_gazebo/urdf/rasp_rover.urdf
[0.558s] -- Up-to-date symlink: /home/pi/ugv_ws/install/ugv_gazebo/share/ugv_gazebo/urdf/ugv_beast.urdf
[0.559s] -- Up-to-date symlink: /home/pi/ugv_ws/install/ugv_gazebo/share/ugv_gazebo/urdf/ugv_rover.urdf
[0.560s] -- Up-to-date symlink: /home/pi/ugv_ws/install/ugv_gazebo/share/ugv_gazebo/worlds/ugv_world.world
[0.563s] -- Up-to-date symlink: /home/pi/ugv_ws/install/ugv_gazebo/share/ugv_gazebo/models/rasp_rover/model.config
[0.564s] -- Up-to-date symlink: /home/pi/ugv_ws/install/ugv_gazebo/share/ugv_gazebo/models/rasp_rover/model.sdf
[0.565s] -- Up-to-date symlink: /home/pi/ugv_ws/install/ugv_gazebo/share/ugv_gazebo/models/ugv_beast/model.config
[0.566s] -- Up-to-date symlink: /home/pi/ugv_ws/install/ugv_gazebo/share/ugv_gazebo/models/ugv_beast/model.sdf
[0.567s] -- Up-to-date symlink: /home/pi/ugv_ws/install/ugv_gazebo/share/ugv_gazebo/models/ugv_rover/model.config
[0.568s] -- Up-to-date symlink: /home/pi/ugv_ws/install/ugv_gazebo/share/ugv_gazebo/models/ugv_rover/model.sdf
[0.569s] -- Up-to-date symlink: /home/pi/ugv_ws/install/ugv_gazebo/share/ugv_gazebo/models/world/model.config
[0.570s] -- Up-to-date symlink: /home/pi/ugv_ws/install/ugv_gazebo/share/ugv_gazebo/models/world/model.sdf
[0.572s] -- Up-to-date symlink: /home/pi/ugv_ws/install/ugv_gazebo/share/ugv_gazebo/param/amcl_dwa.yaml
[0.573s] -- Up-to-date symlink: /home/pi/ugv_ws/install/ugv_gazebo/share/ugv_gazebo/param/amcl_teb.yaml
[0.574s] -- Up-to-date symlink: /home/pi/ugv_ws/install/ugv_gazebo/share/ugv_gazebo/param/emcl_dwa.yaml
[0.576s] -- Up-to-date symlink: /home/pi/ugv_ws/install/ugv_gazebo/share/ugv_gazebo/param/emcl_teb.yaml
[0.584s] -- Up-to-date symlink: /home/pi/ugv_ws/install/ugv_gazebo/share/ugv_gazebo/param/rtabmap_dwa.yaml
[0.585s] -- Up-to-date symlink: /home/pi/ugv_ws/install/ugv_gazebo/share/ugv_gazebo/param/rtabmap_teb.yaml
[0.585s] -- Up-to-date symlink: /home/pi/ugv_ws/install/ugv_gazebo/share/ugv_gazebo/param/slam_nav.yaml
[0.586s] -- Up-to-date symlink: /home/pi/ugv_ws/install/ugv_gazebo/share/ugv_gazebo/maps/map.pbstream
[0.586s] -- Up-to-date symlink: /home/pi/ugv_ws/install/ugv_gazebo/share/ugv_gazebo/maps/map.pgm
[0.587s] -- Up-to-date symlink: /home/pi/ugv_ws/install/ugv_gazebo/share/ugv_gazebo/maps/map.yaml
[0.587s] -- Up-to-date symlink: /home/pi/ugv_ws/install/ugv_gazebo/share/ament_index/resource_index/package_run_dependencies/ugv_gazebo
[0.592s] -- Up-to-date symlink: /home/pi/ugv_ws/install/ugv_gazebo/share/ament_index/resource_index/parent_prefix_path/ugv_gazebo
[0.593s] -- Up-to-date symlink: /home/pi/ugv_ws/install/ugv_gazebo/share/ugv_gazebo/environment/ament_prefix_path.sh
[0.593s] -- Up-to-date symlink: /home/pi/ugv_ws/install/ugv_gazebo/share/ugv_gazebo/environment/ament_prefix_path.dsv
[0.594s] -- Up-to-date symlink: /home/pi/ugv_ws/install/ugv_gazebo/share/ugv_gazebo/environment/path.sh
[0.594s] -- Up-to-date symlink: /home/pi/ugv_ws/install/ugv_gazebo/share/ugv_gazebo/environment/path.dsv
[0.595s] -- Up-to-date symlink: /home/pi/ugv_ws/install/ugv_gazebo/share/ugv_gazebo/local_setup.bash
[0.596s] -- Up-to-date symlink: /home/pi/ugv_ws/install/ugv_gazebo/share/ugv_gazebo/local_setup.sh
[0.597s] -- Up-to-date symlink: /home/pi/ugv_ws/install/ugv_gazebo/share/ugv_gazebo/local_setup.zsh
[0.598s] -- Up-to-date symlink: /home/pi/ugv_ws/install/ugv_gazebo/share/ugv_gazebo/local_setup.dsv
[0.600s] -- Symlinking: /home/pi/ugv_ws/install/ugv_gazebo/share/ugv_gazebo/package.dsv
[0.665s] -- Up-to-date symlink: /home/pi/ugv_ws/install/ugv_gazebo/share/ament_index/resource_index/packages/ugv_gazebo
[0.667s] -- Up-to-date symlink: /home/pi/ugv_ws/install/ugv_gazebo/share/ugv_gazebo/cmake/ament_cmake_export_dependencies-extras.cmake
[0.670s] -- Up-to-date symlink: /home/pi/ugv_ws/install/ugv_gazebo/share/ugv_gazebo/cmake/ugv_gazeboConfig.cmake
[0.670s] -- Up-to-date symlink: /home/pi/ugv_ws/install/ugv_gazebo/share/ugv_gazebo/cmake/ugv_gazeboConfig-version.cmake
[0.681s] -- Up-to-date symlink: /home/pi/ugv_ws/install/ugv_gazebo/share/ugv_gazebo/package.xml
[0.811s] Invoked command in '/home/pi/ugv_ws/build/ugv_gazebo' returned '0': CMAKE_PREFIX_PATH=${CMAKE_PREFIX_PATH}:/home/pi/ugv_ws/install/ugv_web_app:/home/pi/ugv_ws/install/ugv_vision:/home/pi/ugv_ws/install/ugv_tools:/home/pi/ugv_ws/install/ugv_chat_ai:/home/pi/ugv_ws/install/ugv_bringup:/opt/ros/humble /usr/bin/cmake --install /home/pi/ugv_ws/build/ugv_gazebo
