[0.241s] Invoking command in '/home/pi/ugv_ws/build/ugv_base_node': CMAKE_PREFIX_PATH=${CMAKE_PREFIX_PATH}:/home/pi/ugv_ws/install/ugv_web_app:/home/pi/ugv_ws/install/ugv_vision:/home/pi/ugv_ws/install/ugv_tools:/home/pi/ugv_ws/install/ugv_chat_ai:/home/pi/ugv_ws/install/ugv_bringup:/opt/ros/humble /usr/bin/cmake --build /home/pi/ugv_ws/build/ugv_base_node -- -j4 -l4
[1.134s] [ 50%] Built target base_node
[1.212s] [100%] Built target base_node_ekf
[3.720s] Invoked command in '/home/pi/ugv_ws/build/ugv_base_node' returned '0': CMAKE_PREFIX_PATH=${CMAKE_PREFIX_PATH}:/home/pi/ugv_ws/install/ugv_web_app:/home/pi/ugv_ws/install/ugv_vision:/home/pi/ugv_ws/install/ugv_tools:/home/pi/ugv_ws/install/ugv_chat_ai:/home/pi/ugv_ws/install/ugv_bringup:/opt/ros/humble /usr/bin/cmake --build /home/pi/ugv_ws/build/ugv_base_node -- -j4 -l4
[3.722s] Invoking command in '/home/pi/ugv_ws/build/ugv_base_node': CMAKE_PREFIX_PATH=${CMAKE_PREFIX_PATH}:/home/pi/ugv_ws/install/ugv_web_app:/home/pi/ugv_ws/install/ugv_vision:/home/pi/ugv_ws/install/ugv_tools:/home/pi/ugv_ws/install/ugv_chat_ai:/home/pi/ugv_ws/install/ugv_bringup:/opt/ros/humble /usr/bin/cmake --install /home/pi/ugv_ws/build/ugv_base_node
[3.802s] -- Install configuration: ""
[3.805s] -- Execute custom install script
[3.805s] -- Up-to-date symlink: /home/pi/ugv_ws/install/ugv_base_node/lib/ugv_base_node/base_node
[3.812s] -- Up-to-date symlink: /home/pi/ugv_ws/install/ugv_base_node/lib/ugv_base_node/base_node_ekf
[3.812s] -- Up-to-date symlink: /home/pi/ugv_ws/install/ugv_base_node/share/ament_index/resource_index/package_run_dependencies/ugv_base_node
[3.813s] -- Up-to-date symlink: /home/pi/ugv_ws/install/ugv_base_node/share/ament_index/resource_index/parent_prefix_path/ugv_base_node
[3.817s] -- Up-to-date symlink: /home/pi/ugv_ws/install/ugv_base_node/share/ugv_base_node/environment/ament_prefix_path.sh
[3.824s] -- Up-to-date symlink: /home/pi/ugv_ws/install/ugv_base_node/share/ugv_base_node/environment/ament_prefix_path.dsv
[3.827s] -- Up-to-date symlink: /home/pi/ugv_ws/install/ugv_base_node/share/ugv_base_node/environment/path.sh
[3.827s] -- Up-to-date symlink: /home/pi/ugv_ws/install/ugv_base_node/share/ugv_base_node/environment/path.dsv
[3.828s] -- Up-to-date symlink: /home/pi/ugv_ws/install/ugv_base_node/share/ugv_base_node/local_setup.bash
[3.837s] -- Up-to-date symlink: /home/pi/ugv_ws/install/ugv_base_node/share/ugv_base_node/local_setup.sh
[3.845s] -- Up-to-date symlink: /home/pi/ugv_ws/install/ugv_base_node/share/ugv_base_node/local_setup.zsh
[3.849s] -- Up-to-date symlink: /home/pi/ugv_ws/install/ugv_base_node/share/ugv_base_node/local_setup.dsv
[3.849s] -- Symlinking: /home/pi/ugv_ws/install/ugv_base_node/share/ugv_base_node/package.dsv
[3.961s] -- Up-to-date symlink: /home/pi/ugv_ws/install/ugv_base_node/share/ament_index/resource_index/packages/ugv_base_node
[3.962s] -- Up-to-date symlink: /home/pi/ugv_ws/install/ugv_base_node/share/ugv_base_node/cmake/ugv_base_nodeConfig.cmake
[3.964s] -- Up-to-date symlink: /home/pi/ugv_ws/install/ugv_base_node/share/ugv_base_node/cmake/ugv_base_nodeConfig-version.cmake
[3.965s] -- Up-to-date symlink: /home/pi/ugv_ws/install/ugv_base_node/share/ugv_base_node/package.xml
[4.090s] Invoked command in '/home/pi/ugv_ws/build/ugv_base_node' returned '0': CMAKE_PREFIX_PATH=${CMAKE_PREFIX_PATH}:/home/pi/ugv_ws/install/ugv_web_app:/home/pi/ugv_ws/install/ugv_vision:/home/pi/ugv_ws/install/ugv_tools:/home/pi/ugv_ws/install/ugv_chat_ai:/home/pi/ugv_ws/install/ugv_bringup:/opt/ros/humble /usr/bin/cmake --install /home/pi/ugv_ws/build/ugv_base_node
