[0.296s] Invoking command in '/home/pi/ugv_ws/build/explore_lite': CMAKE_PREFIX_PATH=${CMAKE_PREFIX_PATH}:/home/pi/ugv_ws/install/ugv_web_app:/home/pi/ugv_ws/install/ugv_vision:/home/pi/ugv_ws/install/ugv_tools:/home/pi/ugv_ws/install/ugv_chat_ai:/home/pi/ugv_ws/install/ugv_bringup:/opt/ros/humble /usr/bin/cmake --build /home/pi/ugv_ws/build/explore_lite -- -j4 -l4
[0.790s] [ 20%] Built target gtest
[0.829s] [ 40%] Built target gtest_main
[0.986s] [ 80%] Built target explore
[1.016s] [100%] Built target test_explore
[1.135s] Invoked command in '/home/pi/ugv_ws/build/explore_lite' returned '0': CMAKE_PREFIX_PATH=${CMAKE_PREFIX_PATH}:/home/pi/ugv_ws/install/ugv_web_app:/home/pi/ugv_ws/install/ugv_vision:/home/pi/ugv_ws/install/ugv_tools:/home/pi/ugv_ws/install/ugv_chat_ai:/home/pi/ugv_ws/install/ugv_bringup:/opt/ros/humble /usr/bin/cmake --build /home/pi/ugv_ws/build/explore_lite -- -j4 -l4
[1.150s] Invoking command in '/home/pi/ugv_ws/build/explore_lite': CMAKE_PREFIX_PATH=${CMAKE_PREFIX_PATH}:/home/pi/ugv_ws/install/ugv_web_app:/home/pi/ugv_ws/install/ugv_vision:/home/pi/ugv_ws/install/ugv_tools:/home/pi/ugv_ws/install/ugv_chat_ai:/home/pi/ugv_ws/install/ugv_bringup:/opt/ros/humble /usr/bin/cmake --install /home/pi/ugv_ws/build/explore_lite
[1.230s] -- Install configuration: ""
[1.237s] -- Execute custom install script
[1.244s] -- Up-to-date symlink: /home/pi/ugv_ws/install/explore_lite/include/explore//costmap_client.h
[1.246s] -- Up-to-date symlink: /home/pi/ugv_ws/install/explore_lite/include/explore//costmap_tools.h
[1.248s] -- Up-to-date symlink: /home/pi/ugv_ws/install/explore_lite/include/explore//explore.h
[1.253s] -- Up-to-date symlink: /home/pi/ugv_ws/install/explore_lite/include/explore//frontier_search.h
[1.254s] -- Up-to-date symlink: /home/pi/ugv_ws/install/explore_lite/share/explore_lite/config/params.yaml
[1.256s] -- Up-to-date symlink: /home/pi/ugv_ws/install/explore_lite/share/explore_lite/config/params_costmap.yaml
[1.266s] -- Up-to-date symlink: /home/pi/ugv_ws/install/explore_lite/share/explore_lite/launch/explore.launch.py
[1.272s] -- Up-to-date symlink: /home/pi/ugv_ws/install/explore_lite/lib/explore_lite/explore
[1.273s] -- Up-to-date symlink: /home/pi/ugv_ws/install/explore_lite/share/ament_index/resource_index/package_run_dependencies/explore_lite
[1.274s] -- Up-to-date symlink: /home/pi/ugv_ws/install/explore_lite/share/ament_index/resource_index/parent_prefix_path/explore_lite
[1.276s] -- Up-to-date symlink: /home/pi/ugv_ws/install/explore_lite/share/explore_lite/environment/ament_prefix_path.sh
[1.277s] -- Up-to-date symlink: /home/pi/ugv_ws/install/explore_lite/share/explore_lite/environment/ament_prefix_path.dsv
[1.277s] -- Up-to-date symlink: /home/pi/ugv_ws/install/explore_lite/share/explore_lite/environment/path.sh
[1.278s] -- Up-to-date symlink: /home/pi/ugv_ws/install/explore_lite/share/explore_lite/environment/path.dsv
[1.278s] -- Up-to-date symlink: /home/pi/ugv_ws/install/explore_lite/share/explore_lite/local_setup.bash
[1.278s] -- Up-to-date symlink: /home/pi/ugv_ws/install/explore_lite/share/explore_lite/local_setup.sh
[1.279s] -- Up-to-date symlink: /home/pi/ugv_ws/install/explore_lite/share/explore_lite/local_setup.zsh
[1.279s] -- Up-to-date symlink: /home/pi/ugv_ws/install/explore_lite/share/explore_lite/local_setup.dsv
[1.279s] -- Symlinking: /home/pi/ugv_ws/install/explore_lite/share/explore_lite/package.dsv
[1.328s] -- Up-to-date symlink: /home/pi/ugv_ws/install/explore_lite/share/ament_index/resource_index/packages/explore_lite
[1.329s] -- Up-to-date symlink: /home/pi/ugv_ws/install/explore_lite/share/explore_lite/cmake/ament_cmake_export_include_directories-extras.cmake
[1.330s] -- Up-to-date symlink: /home/pi/ugv_ws/install/explore_lite/share/explore_lite/cmake/explore_liteConfig.cmake
[1.330s] -- Up-to-date symlink: /home/pi/ugv_ws/install/explore_lite/share/explore_lite/cmake/explore_liteConfig-version.cmake
[1.331s] -- Up-to-date symlink: /home/pi/ugv_ws/install/explore_lite/share/explore_lite/package.xml
[1.433s] Invoked command in '/home/pi/ugv_ws/build/explore_lite' returned '0': CMAKE_PREFIX_PATH=${CMAKE_PREFIX_PATH}:/home/pi/ugv_ws/install/ugv_web_app:/home/pi/ugv_ws/install/ugv_vision:/home/pi/ugv_ws/install/ugv_tools:/home/pi/ugv_ws/install/ugv_chat_ai:/home/pi/ugv_ws/install/ugv_bringup:/opt/ros/humble /usr/bin/cmake --install /home/pi/ugv_ws/build/explore_lite
