[0.916s] Invoking command in '/home/pi/ugv_ws/build/robot_pose_publisher': CMAKE_PREFIX_PATH=${CMAKE_PREFIX_PATH}:/home/pi/ugv_ws/install/ugv_web_app:/home/pi/ugv_ws/install/ugv_vision:/home/pi/ugv_ws/install/ugv_tools:/home/pi/ugv_ws/install/ugv_chat_ai:/home/pi/ugv_ws/install/ugv_bringup:/opt/ros/humble /usr/bin/cmake --build /home/pi/ugv_ws/build/robot_pose_publisher -- -j4 -l4
[1.687s] [100%] Built target robot_pose_publisher
[1.768s] Invoked command in '/home/pi/ugv_ws/build/robot_pose_publisher' returned '0': CMAKE_PREFIX_PATH=${CMAKE_PREFIX_PATH}:/home/pi/ugv_ws/install/ugv_web_app:/home/pi/ugv_ws/install/ugv_vision:/home/pi/ugv_ws/install/ugv_tools:/home/pi/ugv_ws/install/ugv_chat_ai:/home/pi/ugv_ws/install/ugv_bringup:/opt/ros/humble /usr/bin/cmake --build /home/pi/ugv_ws/build/robot_pose_publisher -- -j4 -l4
[1.775s] Invoking command in '/home/pi/ugv_ws/build/robot_pose_publisher': CMAKE_PREFIX_PATH=${CMAKE_PREFIX_PATH}:/home/pi/ugv_ws/install/ugv_web_app:/home/pi/ugv_ws/install/ugv_vision:/home/pi/ugv_ws/install/ugv_tools:/home/pi/ugv_ws/install/ugv_chat_ai:/home/pi/ugv_ws/install/ugv_bringup:/opt/ros/humble /usr/bin/cmake --install /home/pi/ugv_ws/build/robot_pose_publisher
[1.880s] -- Install configuration: ""
[1.885s] -- Execute custom install script
[1.885s] -- Up-to-date symlink: /home/pi/ugv_ws/install/robot_pose_publisher/lib/robot_pose_publisher/robot_pose_publisher
[1.887s] -- Up-to-date symlink: /home/pi/ugv_ws/install/robot_pose_publisher/share/robot_pose_publisher/launch/robot_pose_publisher_launch.py
[1.888s] -- Up-to-date symlink: /home/pi/ugv_ws/install/robot_pose_publisher/share/ament_index/resource_index/package_run_dependencies/robot_pose_publisher
[1.891s] -- Up-to-date symlink: /home/pi/ugv_ws/install/robot_pose_publisher/share/ament_index/resource_index/parent_prefix_path/robot_pose_publisher
[1.892s] -- Up-to-date symlink: /home/pi/ugv_ws/install/robot_pose_publisher/share/robot_pose_publisher/environment/ament_prefix_path.sh
[1.892s] -- Up-to-date symlink: /home/pi/ugv_ws/install/robot_pose_publisher/share/robot_pose_publisher/environment/ament_prefix_path.dsv
[1.894s] -- Up-to-date symlink: /home/pi/ugv_ws/install/robot_pose_publisher/share/robot_pose_publisher/environment/path.sh
[1.895s] -- Up-to-date symlink: /home/pi/ugv_ws/install/robot_pose_publisher/share/robot_pose_publisher/environment/path.dsv
[1.896s] -- Up-to-date symlink: /home/pi/ugv_ws/install/robot_pose_publisher/share/robot_pose_publisher/local_setup.bash
[1.897s] -- Up-to-date symlink: /home/pi/ugv_ws/install/robot_pose_publisher/share/robot_pose_publisher/local_setup.sh
[1.898s] -- Up-to-date symlink: /home/pi/ugv_ws/install/robot_pose_publisher/share/robot_pose_publisher/local_setup.zsh
[1.899s] -- Up-to-date symlink: /home/pi/ugv_ws/install/robot_pose_publisher/share/robot_pose_publisher/local_setup.dsv
[1.908s] -- Symlinking: /home/pi/ugv_ws/install/robot_pose_publisher/share/robot_pose_publisher/package.dsv
[1.955s] -- Up-to-date symlink: /home/pi/ugv_ws/install/robot_pose_publisher/share/ament_index/resource_index/packages/robot_pose_publisher
[1.956s] -- Up-to-date symlink: /home/pi/ugv_ws/install/robot_pose_publisher/share/robot_pose_publisher/cmake/robot_pose_publisherConfig.cmake
[1.957s] -- Up-to-date symlink: /home/pi/ugv_ws/install/robot_pose_publisher/share/robot_pose_publisher/cmake/robot_pose_publisherConfig-version.cmake
[1.958s] -- Up-to-date symlink: /home/pi/ugv_ws/install/robot_pose_publisher/share/robot_pose_publisher/package.xml
[4.168s] Invoked command in '/home/pi/ugv_ws/build/robot_pose_publisher' returned '0': CMAKE_PREFIX_PATH=${CMAKE_PREFIX_PATH}:/home/pi/ugv_ws/install/ugv_web_app:/home/pi/ugv_ws/install/ugv_vision:/home/pi/ugv_ws/install/ugv_tools:/home/pi/ugv_ws/install/ugv_chat_ai:/home/pi/ugv_ws/install/ugv_bringup:/opt/ros/humble /usr/bin/cmake --install /home/pi/ugv_ws/build/robot_pose_publisher
