[0.165s] Invoking command in '/home/pi/ugv_ws/build/apriltag_msgs': CMAKE_PREFIX_PATH=${CMAKE_PREFIX_PATH}:/home/pi/ugv_ws/install/ugv_web_app:/home/pi/ugv_ws/install/ugv_vision:/home/pi/ugv_ws/install/ugv_tools:/home/pi/ugv_ws/install/ugv_chat_ai:/home/pi/ugv_ws/install/ugv_bringup:/opt/ros/humble /usr/bin/cmake --build /home/pi/ugv_ws/build/apriltag_msgs -- -j4 -l4
[0.931s] [  2%] Built target apriltag_msgs__cpp
[1.006s] [ 12%] Built target apriltag_msgs__rosidl_generator_c
[1.144s] [ 12%] Built target ament_cmake_python_symlink_apriltag_msgs
[1.438s] [ 23%] Built target apriltag_msgs__rosidl_typesupport_cpp
[1.470s] [ 33%] Built target apriltag_msgs__rosidl_typesupport_fastrtps_cpp
[1.624s] [ 43%] Built target apriltag_msgs__rosidl_typesupport_introspection_cpp
[1.767s] [ 53%] Built target apriltag_msgs__rosidl_typesupport_fastrtps_c
[1.877s] [ 64%] Built target apriltag_msgs__rosidl_typesupport_introspection_c
[1.984s] [ 74%] Built target apriltag_msgs__rosidl_typesupport_c
[2.335s] [ 74%] Built target apriltag_msgs
[2.761s] [ 76%] Built target apriltag_msgs__py
[3.184s] [ 84%] Built target apriltag_msgs__rosidl_generator_py
[3.591s] [ 89%] Built target apriltag_msgs__rosidl_typesupport_fastrtps_c__pyext
[3.674s] [ 94%] Built target apriltag_msgs__rosidl_typesupport_introspection_c__pyext
[3.795s] [100%] Built target apriltag_msgs__rosidl_typesupport_c__pyext
[4.989s] running egg_info
[4.993s] writing apriltag_msgs.egg-info/PKG-INFO
[4.994s] writing dependency_links to apriltag_msgs.egg-info/dependency_links.txt
[4.995s] writing top-level names to apriltag_msgs.egg-info/top_level.txt
[5.008s] reading manifest file 'apriltag_msgs.egg-info/SOURCES.txt'
[5.012s] writing manifest file 'apriltag_msgs.egg-info/SOURCES.txt'
[5.266s] [100%] Built target ament_cmake_python_build_apriltag_msgs_egg
[5.433s] Invoked command in '/home/pi/ugv_ws/build/apriltag_msgs' returned '0': CMAKE_PREFIX_PATH=${CMAKE_PREFIX_PATH}:/home/pi/ugv_ws/install/ugv_web_app:/home/pi/ugv_ws/install/ugv_vision:/home/pi/ugv_ws/install/ugv_tools:/home/pi/ugv_ws/install/ugv_chat_ai:/home/pi/ugv_ws/install/ugv_bringup:/opt/ros/humble /usr/bin/cmake --build /home/pi/ugv_ws/build/apriltag_msgs -- -j4 -l4
[5.435s] Invoking command in '/home/pi/ugv_ws/build/apriltag_msgs': CMAKE_PREFIX_PATH=${CMAKE_PREFIX_PATH}:/home/pi/ugv_ws/install/ugv_web_app:/home/pi/ugv_ws/install/ugv_vision:/home/pi/ugv_ws/install/ugv_tools:/home/pi/ugv_ws/install/ugv_chat_ai:/home/pi/ugv_ws/install/ugv_bringup:/opt/ros/humble /usr/bin/cmake --install /home/pi/ugv_ws/build/apriltag_msgs
[5.620s] -- Install configuration: ""
[5.680s] -- Execute custom install script
[5.683s] -- Up-to-date symlink: /home/pi/ugv_ws/install/apriltag_msgs/share/ament_index/resource_index/rosidl_interfaces/apriltag_msgs
[5.684s] -- Up-to-date symlink: /home/pi/ugv_ws/install/apriltag_msgs/include/apriltag_msgs/apriltag_msgs/msg/april_tag_detection.h
[5.684s] -- Up-to-date symlink: /home/pi/ugv_ws/install/apriltag_msgs/include/apriltag_msgs/apriltag_msgs/msg/april_tag_detection_array.h
[5.685s] -- Up-to-date symlink: /home/pi/ugv_ws/install/apriltag_msgs/include/apriltag_msgs/apriltag_msgs/msg/detail/april_tag_detection__functions.h
[5.688s] -- Up-to-date symlink: /home/pi/ugv_ws/install/apriltag_msgs/include/apriltag_msgs/apriltag_msgs/msg/detail/april_tag_detection__struct.h
[5.689s] -- Up-to-date symlink: /home/pi/ugv_ws/install/apriltag_msgs/include/apriltag_msgs/apriltag_msgs/msg/detail/april_tag_detection__type_support.h
[5.690s] -- Up-to-date symlink: /home/pi/ugv_ws/install/apriltag_msgs/include/apriltag_msgs/apriltag_msgs/msg/detail/april_tag_detection_array__functions.h
[5.692s] -- Up-to-date symlink: /home/pi/ugv_ws/install/apriltag_msgs/include/apriltag_msgs/apriltag_msgs/msg/detail/april_tag_detection_array__struct.h
[5.693s] -- Up-to-date symlink: /home/pi/ugv_ws/install/apriltag_msgs/include/apriltag_msgs/apriltag_msgs/msg/detail/april_tag_detection_array__type_support.h
[5.693s] -- Up-to-date symlink: /home/pi/ugv_ws/install/apriltag_msgs/include/apriltag_msgs/apriltag_msgs/msg/rosidl_generator_c__visibility_control.h
[5.711s] -- Up-to-date symlink: /home/pi/ugv_ws/install/apriltag_msgs/share/apriltag_msgs/environment/library_path.sh
[5.713s] -- Up-to-date symlink: /home/pi/ugv_ws/install/apriltag_msgs/share/apriltag_msgs/environment/library_path.dsv
[5.713s] -- Up-to-date symlink: /home/pi/ugv_ws/install/apriltag_msgs/include/apriltag_msgs/apriltag_msgs/msg/detail/april_tag_detection__rosidl_typesupport_fastrtps_c.h
[5.727s] -- Up-to-date symlink: /home/pi/ugv_ws/install/apriltag_msgs/include/apriltag_msgs/apriltag_msgs/msg/detail/april_tag_detection_array__rosidl_typesupport_fastrtps_c.h
[5.728s] -- Up-to-date symlink: /home/pi/ugv_ws/install/apriltag_msgs/include/apriltag_msgs/apriltag_msgs/msg/rosidl_typesupport_fastrtps_c__visibility_control.h
[5.734s] -- Up-to-date symlink: /home/pi/ugv_ws/install/apriltag_msgs/include/apriltag_msgs/apriltag_msgs/msg/april_tag_detection.hpp
[5.741s] -- Up-to-date symlink: /home/pi/ugv_ws/install/apriltag_msgs/include/apriltag_msgs/apriltag_msgs/msg/april_tag_detection_array.hpp
[5.748s] -- Up-to-date symlink: /home/pi/ugv_ws/install/apriltag_msgs/include/apriltag_msgs/apriltag_msgs/msg/detail/april_tag_detection__builder.hpp
[5.754s] -- Up-to-date symlink: /home/pi/ugv_ws/install/apriltag_msgs/include/apriltag_msgs/apriltag_msgs/msg/detail/april_tag_detection__struct.hpp
[5.757s] -- Up-to-date symlink: /home/pi/ugv_ws/install/apriltag_msgs/include/apriltag_msgs/apriltag_msgs/msg/detail/april_tag_detection__traits.hpp
[5.758s] -- Up-to-date symlink: /home/pi/ugv_ws/install/apriltag_msgs/include/apriltag_msgs/apriltag_msgs/msg/detail/april_tag_detection__type_support.hpp
[5.760s] -- Up-to-date symlink: /home/pi/ugv_ws/install/apriltag_msgs/include/apriltag_msgs/apriltag_msgs/msg/detail/april_tag_detection_array__builder.hpp
[5.762s] -- Up-to-date symlink: /home/pi/ugv_ws/install/apriltag_msgs/include/apriltag_msgs/apriltag_msgs/msg/detail/april_tag_detection_array__struct.hpp
[5.774s] -- Up-to-date symlink: /home/pi/ugv_ws/install/apriltag_msgs/include/apriltag_msgs/apriltag_msgs/msg/detail/april_tag_detection_array__traits.hpp
[5.775s] -- Up-to-date symlink: /home/pi/ugv_ws/install/apriltag_msgs/include/apriltag_msgs/apriltag_msgs/msg/detail/april_tag_detection_array__type_support.hpp
[5.775s] -- Up-to-date symlink: /home/pi/ugv_ws/install/apriltag_msgs/include/apriltag_msgs/apriltag_msgs/msg/rosidl_generator_cpp__visibility_control.hpp
[5.783s] -- Up-to-date symlink: /home/pi/ugv_ws/install/apriltag_msgs/include/apriltag_msgs/apriltag_msgs/msg/detail/april_tag_detection__rosidl_typesupport_fastrtps_cpp.hpp
[5.787s] -- Up-to-date symlink: /home/pi/ugv_ws/install/apriltag_msgs/include/apriltag_msgs/apriltag_msgs/msg/detail/april_tag_detection_array__rosidl_typesupport_fastrtps_cpp.hpp
[5.807s] -- Up-to-date symlink: /home/pi/ugv_ws/install/apriltag_msgs/include/apriltag_msgs/apriltag_msgs/msg/rosidl_typesupport_fastrtps_cpp__visibility_control.h
[5.813s] -- Up-to-date symlink: /home/pi/ugv_ws/install/apriltag_msgs/include/apriltag_msgs/apriltag_msgs/msg/detail/april_tag_detection__rosidl_typesupport_introspection_c.h
[5.814s] -- Up-to-date symlink: /home/pi/ugv_ws/install/apriltag_msgs/include/apriltag_msgs/apriltag_msgs/msg/detail/april_tag_detection_array__rosidl_typesupport_introspection_c.h
[5.818s] -- Up-to-date symlink: /home/pi/ugv_ws/install/apriltag_msgs/include/apriltag_msgs/apriltag_msgs/msg/rosidl_typesupport_introspection_c__visibility_control.h
[5.821s] -- Up-to-date symlink: /home/pi/ugv_ws/install/apriltag_msgs/include/apriltag_msgs/apriltag_msgs/msg/detail/april_tag_detection__rosidl_typesupport_introspection_cpp.hpp
[5.823s] -- Up-to-date symlink: /home/pi/ugv_ws/install/apriltag_msgs/include/apriltag_msgs/apriltag_msgs/msg/detail/april_tag_detection_array__rosidl_typesupport_introspection_cpp.hpp
[5.824s] -- Up-to-date symlink: /home/pi/ugv_ws/install/apriltag_msgs/share/apriltag_msgs/environment/pythonpath.sh
[5.834s] -- Up-to-date symlink: /home/pi/ugv_ws/install/apriltag_msgs/share/apriltag_msgs/environment/pythonpath.dsv
[5.841s] -- Up-to-date symlink: /home/pi/ugv_ws/install/apriltag_msgs/local/lib/python3.10/dist-packages/apriltag_msgs-0.0.0-py3.10.egg-info/PKG-INFO
[5.842s] -- Up-to-date symlink: /home/pi/ugv_ws/install/apriltag_msgs/local/lib/python3.10/dist-packages/apriltag_msgs-0.0.0-py3.10.egg-info/SOURCES.txt
[5.843s] -- Up-to-date symlink: /home/pi/ugv_ws/install/apriltag_msgs/local/lib/python3.10/dist-packages/apriltag_msgs-0.0.0-py3.10.egg-info/dependency_links.txt
[5.844s] -- Up-to-date symlink: /home/pi/ugv_ws/install/apriltag_msgs/local/lib/python3.10/dist-packages/apriltag_msgs-0.0.0-py3.10.egg-info/top_level.txt
[5.851s] -- Up-to-date symlink: /home/pi/ugv_ws/install/apriltag_msgs/local/lib/python3.10/dist-packages/apriltag_msgs/__init__.py
[5.857s] -- Up-to-date symlink: /home/pi/ugv_ws/install/apriltag_msgs/local/lib/python3.10/dist-packages/apriltag_msgs/_apriltag_msgs_s.ep.rosidl_typesupport_c.c
[5.858s] -- Up-to-date symlink: /home/pi/ugv_ws/install/apriltag_msgs/local/lib/python3.10/dist-packages/apriltag_msgs/_apriltag_msgs_s.ep.rosidl_typesupport_fastrtps_c.c
[5.859s] -- Up-to-date symlink: /home/pi/ugv_ws/install/apriltag_msgs/local/lib/python3.10/dist-packages/apriltag_msgs/_apriltag_msgs_s.ep.rosidl_typesupport_introspection_c.c
[5.869s] -- Up-to-date symlink: /home/pi/ugv_ws/install/apriltag_msgs/local/lib/python3.10/dist-packages/apriltag_msgs/apriltag_msgs_s__rosidl_typesupport_c.cpython-310-aarch64-linux-gnu.so
[5.873s] -- Up-to-date symlink: /home/pi/ugv_ws/install/apriltag_msgs/local/lib/python3.10/dist-packages/apriltag_msgs/apriltag_msgs_s__rosidl_typesupport_fastrtps_c.cpython-310-aarch64-linux-gnu.so
[5.879s] -- Up-to-date symlink: /home/pi/ugv_ws/install/apriltag_msgs/local/lib/python3.10/dist-packages/apriltag_msgs/apriltag_msgs_s__rosidl_typesupport_introspection_c.cpython-310-aarch64-linux-gnu.so
[5.894s] -- Up-to-date symlink: /home/pi/ugv_ws/install/apriltag_msgs/local/lib/python3.10/dist-packages/apriltag_msgs/libapriltag_msgs__rosidl_generator_py.so
[5.895s] -- Up-to-date symlink: /home/pi/ugv_ws/install/apriltag_msgs/local/lib/python3.10/dist-packages/apriltag_msgs/msg/__init__.py
[5.896s] -- Up-to-date symlink: /home/pi/ugv_ws/install/apriltag_msgs/local/lib/python3.10/dist-packages/apriltag_msgs/msg/_april_tag_detection.py
[5.903s] -- Up-to-date symlink: /home/pi/ugv_ws/install/apriltag_msgs/local/lib/python3.10/dist-packages/apriltag_msgs/msg/_april_tag_detection_array.py
[5.905s] -- Up-to-date symlink: /home/pi/ugv_ws/install/apriltag_msgs/local/lib/python3.10/dist-packages/apriltag_msgs/msg/_april_tag_detection_array_s.c
[5.909s] -- Up-to-date symlink: /home/pi/ugv_ws/install/apriltag_msgs/local/lib/python3.10/dist-packages/apriltag_msgs/msg/_april_tag_detection_s.c
[5.909s] -- Up-to-date symlink: /home/pi/ugv_ws/install/apriltag_msgs/local/lib/python3.10/dist-packages/apriltag_msgs/apriltag_msgs_s__rosidl_typesupport_fastrtps_c.cpython-310-aarch64-linux-gnu.so
[5.910s] -- Up-to-date symlink: /home/pi/ugv_ws/install/apriltag_msgs/local/lib/python3.10/dist-packages/apriltag_msgs/apriltag_msgs_s__rosidl_typesupport_introspection_c.cpython-310-aarch64-linux-gnu.so
[5.924s] -- Up-to-date symlink: /home/pi/ugv_ws/install/apriltag_msgs/local/lib/python3.10/dist-packages/apriltag_msgs/apriltag_msgs_s__rosidl_typesupport_c.cpython-310-aarch64-linux-gnu.so
[5.927s] -- Up-to-date symlink: /home/pi/ugv_ws/install/apriltag_msgs/share/apriltag_msgs/msg/AprilTagDetectionArray.idl
[5.933s] -- Up-to-date symlink: /home/pi/ugv_ws/install/apriltag_msgs/share/apriltag_msgs/msg/AprilTagDetection.idl
[5.941s] -- Up-to-date symlink: /home/pi/ugv_ws/install/apriltag_msgs/share/apriltag_msgs/msg/AprilTagDetectionArray.msg
[5.947s] -- Up-to-date symlink: /home/pi/ugv_ws/install/apriltag_msgs/share/apriltag_msgs/msg/AprilTagDetection.msg
[5.961s] -- Up-to-date symlink: /home/pi/ugv_ws/install/apriltag_msgs/share/ament_index/resource_index/package_run_dependencies/apriltag_msgs
[5.962s] -- Up-to-date symlink: /home/pi/ugv_ws/install/apriltag_msgs/share/ament_index/resource_index/parent_prefix_path/apriltag_msgs
[5.971s] -- Up-to-date symlink: /home/pi/ugv_ws/install/apriltag_msgs/share/apriltag_msgs/environment/ament_prefix_path.sh
[5.972s] -- Up-to-date symlink: /home/pi/ugv_ws/install/apriltag_msgs/share/apriltag_msgs/environment/ament_prefix_path.dsv
[5.983s] -- Up-to-date symlink: /home/pi/ugv_ws/install/apriltag_msgs/share/apriltag_msgs/environment/path.sh
[5.984s] -- Up-to-date symlink: /home/pi/ugv_ws/install/apriltag_msgs/share/apriltag_msgs/environment/path.dsv
[5.987s] -- Up-to-date symlink: /home/pi/ugv_ws/install/apriltag_msgs/share/apriltag_msgs/local_setup.bash
[5.988s] -- Up-to-date symlink: /home/pi/ugv_ws/install/apriltag_msgs/share/apriltag_msgs/local_setup.sh
[6.000s] -- Up-to-date symlink: /home/pi/ugv_ws/install/apriltag_msgs/share/apriltag_msgs/local_setup.zsh
[6.005s] -- Up-to-date symlink: /home/pi/ugv_ws/install/apriltag_msgs/share/apriltag_msgs/local_setup.dsv
[6.008s] -- Symlinking: /home/pi/ugv_ws/install/apriltag_msgs/share/apriltag_msgs/package.dsv
[6.136s] -- Up-to-date symlink: /home/pi/ugv_ws/install/apriltag_msgs/share/ament_index/resource_index/packages/apriltag_msgs
[6.137s] -- Up-to-date symlink: /home/pi/ugv_ws/install/apriltag_msgs/share/apriltag_msgs/cmake/rosidl_cmake-extras.cmake
[6.138s] -- Up-to-date symlink: /home/pi/ugv_ws/install/apriltag_msgs/share/apriltag_msgs/cmake/ament_cmake_export_dependencies-extras.cmake
[6.139s] -- Up-to-date symlink: /home/pi/ugv_ws/install/apriltag_msgs/share/apriltag_msgs/cmake/ament_cmake_export_include_directories-extras.cmake
[6.141s] -- Up-to-date symlink: /home/pi/ugv_ws/install/apriltag_msgs/share/apriltag_msgs/cmake/ament_cmake_export_libraries-extras.cmake
[6.142s] -- Up-to-date symlink: /home/pi/ugv_ws/install/apriltag_msgs/share/apriltag_msgs/cmake/ament_cmake_export_targets-extras.cmake
[6.144s] -- Up-to-date symlink: /home/pi/ugv_ws/install/apriltag_msgs/share/apriltag_msgs/cmake/rosidl_cmake_export_typesupport_targets-extras.cmake
[6.145s] -- Up-to-date symlink: /home/pi/ugv_ws/install/apriltag_msgs/share/apriltag_msgs/cmake/rosidl_cmake_export_typesupport_libraries-extras.cmake
[6.146s] -- Up-to-date symlink: /home/pi/ugv_ws/install/apriltag_msgs/share/apriltag_msgs/cmake/apriltag_msgsConfig.cmake
[6.154s] -- Up-to-date symlink: /home/pi/ugv_ws/install/apriltag_msgs/share/apriltag_msgs/cmake/apriltag_msgsConfig-version.cmake
[6.157s] -- Up-to-date symlink: /home/pi/ugv_ws/install/apriltag_msgs/share/apriltag_msgs/package.xml
[6.160s] -- Up-to-date: /home/pi/ugv_ws/install/apriltag_msgs/lib/libapriltag_msgs__rosidl_generator_c.so
[6.164s] -- Up-to-date: /home/pi/ugv_ws/install/apriltag_msgs/lib/libapriltag_msgs__rosidl_typesupport_fastrtps_c.so
[6.169s] -- Up-to-date: /home/pi/ugv_ws/install/apriltag_msgs/lib/libapriltag_msgs__rosidl_typesupport_fastrtps_cpp.so
[6.173s] -- Up-to-date: /home/pi/ugv_ws/install/apriltag_msgs/lib/libapriltag_msgs__rosidl_typesupport_introspection_c.so
[6.180s] -- Up-to-date: /home/pi/ugv_ws/install/apriltag_msgs/lib/libapriltag_msgs__rosidl_typesupport_c.so
[6.184s] -- Up-to-date: /home/pi/ugv_ws/install/apriltag_msgs/lib/libapriltag_msgs__rosidl_typesupport_introspection_cpp.so
[6.195s] -- Up-to-date: /home/pi/ugv_ws/install/apriltag_msgs/lib/libapriltag_msgs__rosidl_typesupport_cpp.so
[6.476s] Listing '/home/pi/ugv_ws/install/apriltag_msgs/local/lib/python3.10/dist-packages/apriltag_msgs'...
[6.486s] Listing '/home/pi/ugv_ws/install/apriltag_msgs/local/lib/python3.10/dist-packages/apriltag_msgs/msg'...
[6.560s] -- Up-to-date: /home/pi/ugv_ws/install/apriltag_msgs/lib/libapriltag_msgs__rosidl_generator_py.so
[6.562s] -- Up-to-date: /home/pi/ugv_ws/install/apriltag_msgs/share/apriltag_msgs/cmake/export_apriltag_msgs__rosidl_generator_cExport.cmake
[6.577s] -- Up-to-date: /home/pi/ugv_ws/install/apriltag_msgs/share/apriltag_msgs/cmake/export_apriltag_msgs__rosidl_generator_cExport-noconfig.cmake
[6.578s] -- Up-to-date: /home/pi/ugv_ws/install/apriltag_msgs/share/apriltag_msgs/cmake/export_apriltag_msgs__rosidl_typesupport_fastrtps_cExport.cmake
[6.580s] -- Up-to-date: /home/pi/ugv_ws/install/apriltag_msgs/share/apriltag_msgs/cmake/export_apriltag_msgs__rosidl_typesupport_fastrtps_cExport-noconfig.cmake
[6.595s] -- Up-to-date: /home/pi/ugv_ws/install/apriltag_msgs/share/apriltag_msgs/cmake/export_apriltag_msgs__rosidl_generator_cppExport.cmake
[6.596s] -- Up-to-date: /home/pi/ugv_ws/install/apriltag_msgs/share/apriltag_msgs/cmake/export_apriltag_msgs__rosidl_typesupport_fastrtps_cppExport.cmake
[6.620s] -- Up-to-date: /home/pi/ugv_ws/install/apriltag_msgs/share/apriltag_msgs/cmake/export_apriltag_msgs__rosidl_typesupport_fastrtps_cppExport-noconfig.cmake
[6.623s] -- Up-to-date: /home/pi/ugv_ws/install/apriltag_msgs/share/apriltag_msgs/cmake/apriltag_msgs__rosidl_typesupport_introspection_cExport.cmake
[6.624s] -- Up-to-date: /home/pi/ugv_ws/install/apriltag_msgs/share/apriltag_msgs/cmake/apriltag_msgs__rosidl_typesupport_introspection_cExport-noconfig.cmake
[6.626s] -- Up-to-date: /home/pi/ugv_ws/install/apriltag_msgs/share/apriltag_msgs/cmake/apriltag_msgs__rosidl_typesupport_cExport.cmake
[6.627s] -- Up-to-date: /home/pi/ugv_ws/install/apriltag_msgs/share/apriltag_msgs/cmake/apriltag_msgs__rosidl_typesupport_cExport-noconfig.cmake
[6.628s] -- Up-to-date: /home/pi/ugv_ws/install/apriltag_msgs/share/apriltag_msgs/cmake/apriltag_msgs__rosidl_typesupport_introspection_cppExport.cmake
[6.629s] -- Up-to-date: /home/pi/ugv_ws/install/apriltag_msgs/share/apriltag_msgs/cmake/apriltag_msgs__rosidl_typesupport_introspection_cppExport-noconfig.cmake
[6.630s] -- Up-to-date: /home/pi/ugv_ws/install/apriltag_msgs/share/apriltag_msgs/cmake/apriltag_msgs__rosidl_typesupport_cppExport.cmake
[6.631s] -- Up-to-date: /home/pi/ugv_ws/install/apriltag_msgs/share/apriltag_msgs/cmake/apriltag_msgs__rosidl_typesupport_cppExport-noconfig.cmake
[6.632s] -- Up-to-date: /home/pi/ugv_ws/install/apriltag_msgs/share/apriltag_msgs/cmake/export_apriltag_msgs__rosidl_generator_pyExport.cmake
[6.664s] -- Up-to-date: /home/pi/ugv_ws/install/apriltag_msgs/share/apriltag_msgs/cmake/export_apriltag_msgs__rosidl_generator_pyExport-noconfig.cmake
[6.689s] Invoked command in '/home/pi/ugv_ws/build/apriltag_msgs' returned '0': CMAKE_PREFIX_PATH=${CMAKE_PREFIX_PATH}:/home/pi/ugv_ws/install/ugv_web_app:/home/pi/ugv_ws/install/ugv_vision:/home/pi/ugv_ws/install/ugv_tools:/home/pi/ugv_ws/install/ugv_chat_ai:/home/pi/ugv_ws/install/ugv_bringup:/opt/ros/humble /usr/bin/cmake --install /home/pi/ugv_ws/build/apriltag_msgs
