[7.023s] Invoking command in '/home/pi/ugv_ws/build/ugv_vision': PYTHONPATH=/home/pi/ugv_ws/build/ugv_vision/prefix_override:/usr/lib/python3/dist-packages/colcon_core/task/python/colcon_distutils_commands:/home/pi/ugv_ws/install/ugv_vision/lib/python3.10/site-packages:${PYTHONPATH} /usr/bin/python3 -W ignore:setup.py install is deprecated -W ignore:easy_install command is deprecated setup.py develop --editable --build-directory /home/pi/ugv_ws/build/ugv_vision/build --no-deps symlink_data
[9.670s] running develop
[11.718s] running egg_info
[11.721s] writing ugv_vision.egg-info/PKG-INFO
[11.734s] writing dependency_links to ugv_vision.egg-info/dependency_links.txt
[11.735s] writing entry points to ugv_vision.egg-info/entry_points.txt
[11.736s] writing requirements to ugv_vision.egg-info/requires.txt
[11.736s] writing top-level names to ugv_vision.egg-info/top_level.txt
[11.741s] reading manifest file 'ugv_vision.egg-info/SOURCES.txt'
[11.757s] writing manifest file 'ugv_vision.egg-info/SOURCES.txt'
[11.773s] running build_ext
[11.840s] Creating /home/pi/ugv_ws/install/ugv_vision/lib/python3.10/site-packages/ugv-vision.egg-link (link to .)
[11.841s] Installing apriltag_ctrl script to /home/pi/ugv_ws/install/ugv_vision/lib/ugv_vision
[11.842s] Installing apriltag_track_0 script to /home/pi/ugv_ws/install/ugv_vision/lib/ugv_vision
[11.842s] Installing apriltag_track_1 script to /home/pi/ugv_ws/install/ugv_vision/lib/ugv_vision
[11.843s] Installing apriltag_track_2 script to /home/pi/ugv_ws/install/ugv_vision/lib/ugv_vision
[11.844s] Installing color_track script to /home/pi/ugv_ws/install/ugv_vision/lib/ugv_vision
[11.852s] Installing gesture_ctrl script to /home/pi/ugv_ws/install/ugv_vision/lib/ugv_vision
[11.854s] Installing kcf_track script to /home/pi/ugv_ws/install/ugv_vision/lib/ugv_vision
[11.856s] 
[11.857s] Installed /home/pi/ugv_ws/build/ugv_vision
[11.879s] running symlink_data
[12.188s] Invoked command in '/home/pi/ugv_ws/build/ugv_vision' returned '0': PYTHONPATH=/home/pi/ugv_ws/build/ugv_vision/prefix_override:/usr/lib/python3/dist-packages/colcon_core/task/python/colcon_distutils_commands:/home/pi/ugv_ws/install/ugv_vision/lib/python3.10/site-packages:${PYTHONPATH} /usr/bin/python3 -W ignore:setup.py install is deprecated -W ignore:easy_install command is deprecated setup.py develop --editable --build-directory /home/pi/ugv_ws/build/ugv_vision/build --no-deps symlink_data
