[0.196s] Invoking command in '/home/pi/ugv_ws/build/ugv_interface': CMAKE_PREFIX_PATH=${CMAKE_PREFIX_PATH}:/home/pi/ugv_ws/install/ugv_web_app:/home/pi/ugv_ws/install/ugv_vision:/home/pi/ugv_ws/install/ugv_tools:/home/pi/ugv_ws/install/ugv_chat_ai:/home/pi/ugv_ws/install/ugv_bringup:/opt/ros/humble /usr/bin/cmake /home/pi/ugv_ws/src/ugv_main/ugv_interface -DCMAKE_INSTALL_PREFIX=/home/pi/ugv_ws/install/ugv_interface
[0.381s] -- Found ament_cmake: 1.3.11 (/opt/ros/humble/share/ament_cmake/cmake)
[2.073s] -- Override CMake install command with custom implementation using symlinks instead of copying resources
[2.754s] -- Found rosidl_default_generators: 1.2.0 (/opt/ros/humble/share/rosidl_default_generators/cmake)
[2.796s] -- Using all available rosidl_typesupport_c: rosidl_typesupport_fastrtps_c;rosidl_typesupport_introspection_c
[2.849s] -- Found rosidl_adapter: 3.1.6 (/opt/ros/humble/share/rosidl_adapter/cmake)
[3.274s] -- Using all available rosidl_typesupport_cpp: rosidl_typesupport_fastrtps_cpp;rosidl_typesupport_introspection_cpp
[7.425s] -- Found ament_cmake_ros: 0.10.0 (/opt/ros/humble/share/ament_cmake_ros/cmake)
[9.063s] -- Using all available rosidl_typesupport_c: rosidl_typesupport_fastrtps_c;rosidl_typesupport_introspection_c
[11.538s] -- Using all available rosidl_typesupport_cpp: rosidl_typesupport_fastrtps_cpp;rosidl_typesupport_introspection_cpp
[11.723s] -- Found python_cmake_module: 0.10.0 (/opt/ros/humble/share/python_cmake_module/cmake)
[11.996s] -- Using PYTHON_EXECUTABLE: /usr/bin/python3
[11.997s] -- Using PYTHON_INCLUDE_DIRS: /usr/include/python3.10
[11.997s] -- Using PYTHON_LIBRARIES: /usr/lib/aarch64-linux-gnu/libpython3.10.so
[12.444s] -- Found ament_lint_auto: 0.12.11 (/opt/ros/humble/share/ament_lint_auto/cmake)
[12.605s] -- Added test 'copyright' to check source files copyright and LICENSE
[12.643s] -- Added test 'lint_cmake' to check CMake code style
[12.656s] -- Added test 'xmllint' to check XML markup files
[12.766s] -- Configuring done
[13.528s] -- Generating done
[13.753s] -- Build files have been written to: /home/pi/ugv_ws/build/ugv_interface
[13.818s] Invoked command in '/home/pi/ugv_ws/build/ugv_interface' returned '0': CMAKE_PREFIX_PATH=${CMAKE_PREFIX_PATH}:/home/pi/ugv_ws/install/ugv_web_app:/home/pi/ugv_ws/install/ugv_vision:/home/pi/ugv_ws/install/ugv_tools:/home/pi/ugv_ws/install/ugv_chat_ai:/home/pi/ugv_ws/install/ugv_bringup:/opt/ros/humble /usr/bin/cmake /home/pi/ugv_ws/src/ugv_main/ugv_interface -DCMAKE_INSTALL_PREFIX=/home/pi/ugv_ws/install/ugv_interface
[13.820s] Invoking command in '/home/pi/ugv_ws/build/ugv_interface': CMAKE_PREFIX_PATH=${CMAKE_PREFIX_PATH}:/home/pi/ugv_ws/install/ugv_web_app:/home/pi/ugv_ws/install/ugv_vision:/home/pi/ugv_ws/install/ugv_tools:/home/pi/ugv_ws/install/ugv_chat_ai:/home/pi/ugv_ws/install/ugv_bringup:/opt/ros/humble /usr/bin/cmake --build /home/pi/ugv_ws/build/ugv_interface -- -j4 -l4
[14.480s] [  2%] Built target ugv_interface__cpp
[14.793s] [  2%] Built target ament_cmake_python_symlink_ugv_interface
[14.990s] [35m[1mConsolidate compiler generated dependencies of target ugv_interface__rosidl_typesupport_fastrtps_cpp[0m
[15.444s] [ 12%] Built target ugv_interface__rosidl_typesupport_fastrtps_cpp
[15.565s] [35m[1mConsolidate compiler generated dependencies of target ugv_interface__rosidl_typesupport_introspection_cpp[0m
[15.830s] [ 23%] Built target ugv_interface__rosidl_typesupport_introspection_cpp
[19.068s] running egg_info
[19.072s] writing ugv_interface.egg-info/PKG-INFO
[19.073s] writing dependency_links to ugv_interface.egg-info/dependency_links.txt
[19.074s] writing top-level names to ugv_interface.egg-info/top_level.txt
[19.089s] reading manifest file 'ugv_interface.egg-info/SOURCES.txt'
[19.092s] writing manifest file 'ugv_interface.egg-info/SOURCES.txt'
[19.291s] [ 23%] Built target ament_cmake_python_build_ugv_interface_egg
[19.364s] [35m[1mConsolidate compiler generated dependencies of target ugv_interface__rosidl_typesupport_cpp[0m
[19.463s] [ 33%] Built target ugv_interface__rosidl_typesupport_cpp
[19.537s] [35m[1mConsolidate compiler generated dependencies of target ugv_interface__rosidl_generator_c[0m
[19.619s] [ 43%] Built target ugv_interface__rosidl_generator_c
[19.694s] [35m[1mConsolidate compiler generated dependencies of target ugv_interface__rosidl_typesupport_fastrtps_c[0m
[19.794s] [ 53%] Built target ugv_interface__rosidl_typesupport_fastrtps_c
[19.865s] [35m[1mConsolidate compiler generated dependencies of target ugv_interface__rosidl_typesupport_c[0m
[19.947s] [ 64%] Built target ugv_interface__rosidl_typesupport_c
[20.116s] [35m[1mConsolidate compiler generated dependencies of target ugv_interface__rosidl_typesupport_introspection_c[0m
[20.222s] [ 74%] Built target ugv_interface__rosidl_typesupport_introspection_c
[20.575s] [ 74%] Built target ugv_interface
[20.839s] [ 76%] Built target ugv_interface__py
[20.953s] [35m[1mConsolidate compiler generated dependencies of target ugv_interface__rosidl_generator_py[0m
[21.153s] [ 84%] Built target ugv_interface__rosidl_generator_py
[21.260s] [35m[1mConsolidate compiler generated dependencies of target ugv_interface__rosidl_typesupport_fastrtps_c__pyext[0m
[21.467s] [ 89%] Built target ugv_interface__rosidl_typesupport_fastrtps_c__pyext
[21.633s] [35m[1mConsolidate compiler generated dependencies of target ugv_interface__rosidl_typesupport_c__pyext[0m
[21.835s] [ 94%] Built target ugv_interface__rosidl_typesupport_c__pyext
[21.990s] [35m[1mConsolidate compiler generated dependencies of target ugv_interface__rosidl_typesupport_introspection_c__pyext[0m
[22.221s] [100%] Built target ugv_interface__rosidl_typesupport_introspection_c__pyext
[22.396s] Invoked command in '/home/pi/ugv_ws/build/ugv_interface' returned '0': CMAKE_PREFIX_PATH=${CMAKE_PREFIX_PATH}:/home/pi/ugv_ws/install/ugv_web_app:/home/pi/ugv_ws/install/ugv_vision:/home/pi/ugv_ws/install/ugv_tools:/home/pi/ugv_ws/install/ugv_chat_ai:/home/pi/ugv_ws/install/ugv_bringup:/opt/ros/humble /usr/bin/cmake --build /home/pi/ugv_ws/build/ugv_interface -- -j4 -l4
[22.419s] Invoking command in '/home/pi/ugv_ws/build/ugv_interface': CMAKE_PREFIX_PATH=${CMAKE_PREFIX_PATH}:/home/pi/ugv_ws/install/ugv_web_app:/home/pi/ugv_ws/install/ugv_vision:/home/pi/ugv_ws/install/ugv_tools:/home/pi/ugv_ws/install/ugv_chat_ai:/home/pi/ugv_ws/install/ugv_bringup:/opt/ros/humble /usr/bin/cmake --install /home/pi/ugv_ws/build/ugv_interface
[22.488s] -- Install configuration: ""
[22.490s] -- Execute custom install script
[22.492s] -- Up-to-date symlink: /home/pi/ugv_ws/install/ugv_interface/share/ament_index/resource_index/rosidl_interfaces/ugv_interface
[22.496s] -- Up-to-date symlink: /home/pi/ugv_ws/install/ugv_interface/include/ugv_interface/ugv_interface/action/behavior.h
[22.497s] -- Up-to-date symlink: /home/pi/ugv_ws/install/ugv_interface/include/ugv_interface/ugv_interface/action/detail/behavior__functions.h
[22.498s] -- Up-to-date symlink: /home/pi/ugv_ws/install/ugv_interface/include/ugv_interface/ugv_interface/action/detail/behavior__struct.h
[22.499s] -- Up-to-date symlink: /home/pi/ugv_ws/install/ugv_interface/include/ugv_interface/ugv_interface/action/detail/behavior__type_support.h
[22.500s] -- Up-to-date symlink: /home/pi/ugv_ws/install/ugv_interface/include/ugv_interface/ugv_interface/msg/rosidl_generator_c__visibility_control.h
[22.501s] -- Up-to-date symlink: /home/pi/ugv_ws/install/ugv_interface/include/ugv_interface/ugv_interface/srv/detail/map_save__functions.h
[22.502s] -- Up-to-date symlink: /home/pi/ugv_ws/install/ugv_interface/include/ugv_interface/ugv_interface/srv/detail/map_save__struct.h
[22.503s] -- Up-to-date symlink: /home/pi/ugv_ws/install/ugv_interface/include/ugv_interface/ugv_interface/srv/detail/map_save__type_support.h
[22.504s] -- Up-to-date symlink: /home/pi/ugv_ws/install/ugv_interface/include/ugv_interface/ugv_interface/srv/map_save.h
[22.505s] -- Up-to-date symlink: /home/pi/ugv_ws/install/ugv_interface/share/ugv_interface/environment/library_path.sh
[22.506s] -- Up-to-date symlink: /home/pi/ugv_ws/install/ugv_interface/share/ugv_interface/environment/library_path.dsv
[22.511s] -- Up-to-date symlink: /home/pi/ugv_ws/install/ugv_interface/include/ugv_interface/ugv_interface/action/detail/behavior__rosidl_typesupport_fastrtps_c.h
[22.512s] -- Up-to-date symlink: /home/pi/ugv_ws/install/ugv_interface/include/ugv_interface/ugv_interface/msg/rosidl_typesupport_fastrtps_c__visibility_control.h
[22.513s] -- Up-to-date symlink: /home/pi/ugv_ws/install/ugv_interface/include/ugv_interface/ugv_interface/srv/detail/map_save__rosidl_typesupport_fastrtps_c.h
[22.516s] -- Up-to-date symlink: /home/pi/ugv_ws/install/ugv_interface/include/ugv_interface/ugv_interface/action/detail/behavior__rosidl_typesupport_introspection_c.h
[22.517s] -- Up-to-date symlink: /home/pi/ugv_ws/install/ugv_interface/include/ugv_interface/ugv_interface/msg/rosidl_typesupport_introspection_c__visibility_control.h
[22.518s] -- Up-to-date symlink: /home/pi/ugv_ws/install/ugv_interface/include/ugv_interface/ugv_interface/srv/detail/map_save__rosidl_typesupport_introspection_c.h
[22.521s] -- Up-to-date symlink: /home/pi/ugv_ws/install/ugv_interface/include/ugv_interface/ugv_interface/action/behavior.hpp
[22.522s] -- Up-to-date symlink: /home/pi/ugv_ws/install/ugv_interface/include/ugv_interface/ugv_interface/action/detail/behavior__builder.hpp
[22.523s] -- Up-to-date symlink: /home/pi/ugv_ws/install/ugv_interface/include/ugv_interface/ugv_interface/action/detail/behavior__struct.hpp
[22.524s] -- Up-to-date symlink: /home/pi/ugv_ws/install/ugv_interface/include/ugv_interface/ugv_interface/action/detail/behavior__traits.hpp
[22.526s] -- Up-to-date symlink: /home/pi/ugv_ws/install/ugv_interface/include/ugv_interface/ugv_interface/action/detail/behavior__type_support.hpp
[22.528s] -- Up-to-date symlink: /home/pi/ugv_ws/install/ugv_interface/include/ugv_interface/ugv_interface/msg/rosidl_generator_cpp__visibility_control.hpp
[22.529s] -- Up-to-date symlink: /home/pi/ugv_ws/install/ugv_interface/include/ugv_interface/ugv_interface/srv/detail/map_save__builder.hpp
[22.530s] -- Up-to-date symlink: /home/pi/ugv_ws/install/ugv_interface/include/ugv_interface/ugv_interface/srv/detail/map_save__struct.hpp
[22.541s] -- Up-to-date symlink: /home/pi/ugv_ws/install/ugv_interface/include/ugv_interface/ugv_interface/srv/detail/map_save__traits.hpp
[22.542s] -- Up-to-date symlink: /home/pi/ugv_ws/install/ugv_interface/include/ugv_interface/ugv_interface/srv/detail/map_save__type_support.hpp
[22.543s] -- Up-to-date symlink: /home/pi/ugv_ws/install/ugv_interface/include/ugv_interface/ugv_interface/srv/map_save.hpp
[22.544s] -- Up-to-date symlink: /home/pi/ugv_ws/install/ugv_interface/include/ugv_interface/ugv_interface/action/detail/behavior__rosidl_typesupport_fastrtps_cpp.hpp
[22.545s] -- Up-to-date symlink: /home/pi/ugv_ws/install/ugv_interface/include/ugv_interface/ugv_interface/msg/rosidl_typesupport_fastrtps_cpp__visibility_control.h
[22.545s] -- Up-to-date symlink: /home/pi/ugv_ws/install/ugv_interface/include/ugv_interface/ugv_interface/srv/detail/map_save__rosidl_typesupport_fastrtps_cpp.hpp
[22.546s] -- Up-to-date symlink: /home/pi/ugv_ws/install/ugv_interface/include/ugv_interface/ugv_interface/action/detail/behavior__rosidl_typesupport_introspection_cpp.hpp
[22.547s] -- Up-to-date symlink: /home/pi/ugv_ws/install/ugv_interface/include/ugv_interface/ugv_interface/srv/detail/map_save__rosidl_typesupport_introspection_cpp.hpp
[22.547s] -- Up-to-date symlink: /home/pi/ugv_ws/install/ugv_interface/share/ugv_interface/environment/pythonpath.sh
[22.548s] -- Up-to-date symlink: /home/pi/ugv_ws/install/ugv_interface/share/ugv_interface/environment/pythonpath.dsv
[22.567s] -- Up-to-date symlink: /home/pi/ugv_ws/install/ugv_interface/local/lib/python3.10/dist-packages/ugv_interface-0.0.0-py3.10.egg-info/PKG-INFO
[22.568s] -- Up-to-date symlink: /home/pi/ugv_ws/install/ugv_interface/local/lib/python3.10/dist-packages/ugv_interface-0.0.0-py3.10.egg-info/SOURCES.txt
[22.569s] -- Up-to-date symlink: /home/pi/ugv_ws/install/ugv_interface/local/lib/python3.10/dist-packages/ugv_interface-0.0.0-py3.10.egg-info/dependency_links.txt
[22.570s] -- Up-to-date symlink: /home/pi/ugv_ws/install/ugv_interface/local/lib/python3.10/dist-packages/ugv_interface-0.0.0-py3.10.egg-info/top_level.txt
[22.570s] -- Up-to-date symlink: /home/pi/ugv_ws/install/ugv_interface/local/lib/python3.10/dist-packages/ugv_interface/__init__.py
[22.571s] -- Up-to-date symlink: /home/pi/ugv_ws/install/ugv_interface/local/lib/python3.10/dist-packages/ugv_interface/_ugv_interface_s.ep.rosidl_typesupport_c.c
[22.575s] -- Up-to-date symlink: /home/pi/ugv_ws/install/ugv_interface/local/lib/python3.10/dist-packages/ugv_interface/_ugv_interface_s.ep.rosidl_typesupport_fastrtps_c.c
[22.576s] -- Up-to-date symlink: /home/pi/ugv_ws/install/ugv_interface/local/lib/python3.10/dist-packages/ugv_interface/_ugv_interface_s.ep.rosidl_typesupport_introspection_c.c
[22.576s] -- Up-to-date symlink: /home/pi/ugv_ws/install/ugv_interface/local/lib/python3.10/dist-packages/ugv_interface/action/__init__.py
[22.577s] -- Up-to-date symlink: /home/pi/ugv_ws/install/ugv_interface/local/lib/python3.10/dist-packages/ugv_interface/action/_behavior.py
[22.583s] -- Up-to-date symlink: /home/pi/ugv_ws/install/ugv_interface/local/lib/python3.10/dist-packages/ugv_interface/action/_behavior_s.c
[22.587s] -- Up-to-date symlink: /home/pi/ugv_ws/install/ugv_interface/local/lib/python3.10/dist-packages/ugv_interface/libugv_interface__rosidl_generator_py.so
[22.588s] -- Up-to-date symlink: /home/pi/ugv_ws/install/ugv_interface/local/lib/python3.10/dist-packages/ugv_interface/srv/__init__.py
[22.595s] -- Up-to-date symlink: /home/pi/ugv_ws/install/ugv_interface/local/lib/python3.10/dist-packages/ugv_interface/srv/_map_save.py
[22.603s] -- Up-to-date symlink: /home/pi/ugv_ws/install/ugv_interface/local/lib/python3.10/dist-packages/ugv_interface/srv/_map_save_s.c
[22.604s] -- Up-to-date symlink: /home/pi/ugv_ws/install/ugv_interface/local/lib/python3.10/dist-packages/ugv_interface/ugv_interface_s__rosidl_typesupport_c.cpython-310-aarch64-linux-gnu.so
[22.604s] -- Up-to-date symlink: /home/pi/ugv_ws/install/ugv_interface/local/lib/python3.10/dist-packages/ugv_interface/ugv_interface_s__rosidl_typesupport_fastrtps_c.cpython-310-aarch64-linux-gnu.so
[22.605s] -- Up-to-date symlink: /home/pi/ugv_ws/install/ugv_interface/local/lib/python3.10/dist-packages/ugv_interface/ugv_interface_s__rosidl_typesupport_introspection_c.cpython-310-aarch64-linux-gnu.so
[22.606s] -- Up-to-date symlink: /home/pi/ugv_ws/install/ugv_interface/local/lib/python3.10/dist-packages/ugv_interface/ugv_interface_s__rosidl_typesupport_fastrtps_c.cpython-310-aarch64-linux-gnu.so
[22.606s] -- Up-to-date symlink: /home/pi/ugv_ws/install/ugv_interface/local/lib/python3.10/dist-packages/ugv_interface/ugv_interface_s__rosidl_typesupport_introspection_c.cpython-310-aarch64-linux-gnu.so
[22.606s] -- Up-to-date symlink: /home/pi/ugv_ws/install/ugv_interface/local/lib/python3.10/dist-packages/ugv_interface/ugv_interface_s__rosidl_typesupport_c.cpython-310-aarch64-linux-gnu.so
[22.607s] -- Up-to-date symlink: /home/pi/ugv_ws/install/ugv_interface/share/ugv_interface/srv/MapSave.idl
[22.608s] -- Up-to-date symlink: /home/pi/ugv_ws/install/ugv_interface/share/ugv_interface/action/Behavior.idl
[22.615s] -- Up-to-date symlink: /home/pi/ugv_ws/install/ugv_interface/share/ugv_interface/srv/MapSave.srv
[22.616s] -- Up-to-date symlink: /home/pi/ugv_ws/install/ugv_interface/share/ugv_interface/srv/MapSave_Request.msg
[22.616s] -- Up-to-date symlink: /home/pi/ugv_ws/install/ugv_interface/share/ugv_interface/srv/MapSave_Response.msg
[22.616s] -- Up-to-date symlink: /home/pi/ugv_ws/install/ugv_interface/share/ugv_interface/action/Behavior.action
[22.617s] -- Up-to-date symlink: /home/pi/ugv_ws/install/ugv_interface/share/ugv_interface/srv/MapSave.srv
[22.617s] -- Up-to-date symlink: /home/pi/ugv_ws/install/ugv_interface/share/ugv_interface/action/Behavior.action
[22.618s] -- Up-to-date symlink: /home/pi/ugv_ws/install/ugv_interface/share/ament_index/resource_index/package_run_dependencies/ugv_interface
[22.618s] -- Up-to-date symlink: /home/pi/ugv_ws/install/ugv_interface/share/ament_index/resource_index/parent_prefix_path/ugv_interface
[22.618s] -- Up-to-date symlink: /home/pi/ugv_ws/install/ugv_interface/share/ugv_interface/environment/ament_prefix_path.sh
[22.619s] -- Up-to-date symlink: /home/pi/ugv_ws/install/ugv_interface/share/ugv_interface/environment/ament_prefix_path.dsv
[22.627s] -- Up-to-date symlink: /home/pi/ugv_ws/install/ugv_interface/share/ugv_interface/environment/path.sh
[22.628s] -- Up-to-date symlink: /home/pi/ugv_ws/install/ugv_interface/share/ugv_interface/environment/path.dsv
[22.628s] -- Up-to-date symlink: /home/pi/ugv_ws/install/ugv_interface/share/ugv_interface/local_setup.bash
[22.628s] -- Up-to-date symlink: /home/pi/ugv_ws/install/ugv_interface/share/ugv_interface/local_setup.sh
[22.629s] -- Up-to-date symlink: /home/pi/ugv_ws/install/ugv_interface/share/ugv_interface/local_setup.zsh
[22.629s] -- Up-to-date symlink: /home/pi/ugv_ws/install/ugv_interface/share/ugv_interface/local_setup.dsv
[22.630s] -- Symlinking: /home/pi/ugv_ws/install/ugv_interface/share/ugv_interface/package.dsv
[22.662s] -- Up-to-date symlink: /home/pi/ugv_ws/install/ugv_interface/share/ament_index/resource_index/packages/ugv_interface
[22.664s] -- Up-to-date symlink: /home/pi/ugv_ws/install/ugv_interface/share/ugv_interface/cmake/rosidl_cmake-extras.cmake
[22.665s] -- Up-to-date symlink: /home/pi/ugv_ws/install/ugv_interface/share/ugv_interface/cmake/ament_cmake_export_dependencies-extras.cmake
[22.666s] -- Up-to-date symlink: /home/pi/ugv_ws/install/ugv_interface/share/ugv_interface/cmake/ament_cmake_export_include_directories-extras.cmake
[22.668s] -- Up-to-date symlink: /home/pi/ugv_ws/install/ugv_interface/share/ugv_interface/cmake/ament_cmake_export_libraries-extras.cmake
[22.670s] -- Up-to-date symlink: /home/pi/ugv_ws/install/ugv_interface/share/ugv_interface/cmake/ament_cmake_export_targets-extras.cmake
[22.671s] -- Up-to-date symlink: /home/pi/ugv_ws/install/ugv_interface/share/ugv_interface/cmake/rosidl_cmake_export_typesupport_targets-extras.cmake
[22.672s] -- Up-to-date symlink: /home/pi/ugv_ws/install/ugv_interface/share/ugv_interface/cmake/rosidl_cmake_export_typesupport_libraries-extras.cmake
[22.673s] -- Up-to-date symlink: /home/pi/ugv_ws/install/ugv_interface/share/ugv_interface/cmake/ugv_interfaceConfig.cmake
[22.674s] -- Up-to-date symlink: /home/pi/ugv_ws/install/ugv_interface/share/ugv_interface/cmake/ugv_interfaceConfig-version.cmake
[22.675s] -- Up-to-date symlink: /home/pi/ugv_ws/install/ugv_interface/share/ugv_interface/package.xml
[22.677s] -- Up-to-date: /home/pi/ugv_ws/install/ugv_interface/lib/libugv_interface__rosidl_generator_c.so
[22.679s] -- Up-to-date: /home/pi/ugv_ws/install/ugv_interface/lib/libugv_interface__rosidl_typesupport_fastrtps_c.so
[22.681s] -- Up-to-date: /home/pi/ugv_ws/install/ugv_interface/lib/libugv_interface__rosidl_typesupport_introspection_c.so
[22.684s] -- Up-to-date: /home/pi/ugv_ws/install/ugv_interface/lib/libugv_interface__rosidl_typesupport_c.so
[22.686s] -- Up-to-date: /home/pi/ugv_ws/install/ugv_interface/lib/libugv_interface__rosidl_typesupport_fastrtps_cpp.so
[22.688s] -- Up-to-date: /home/pi/ugv_ws/install/ugv_interface/lib/libugv_interface__rosidl_typesupport_introspection_cpp.so
[22.690s] -- Up-to-date: /home/pi/ugv_ws/install/ugv_interface/lib/libugv_interface__rosidl_typesupport_cpp.so
[22.992s] Listing '/home/pi/ugv_ws/install/ugv_interface/local/lib/python3.10/dist-packages/ugv_interface'...
[22.993s] Compiling '/home/pi/ugv_ws/install/ugv_interface/local/lib/python3.10/dist-packages/ugv_interface/__init__.py'...
[22.993s] Listing '/home/pi/ugv_ws/install/ugv_interface/local/lib/python3.10/dist-packages/ugv_interface/action'...
[22.993s] Listing '/home/pi/ugv_ws/install/ugv_interface/local/lib/python3.10/dist-packages/ugv_interface/srv'...
[23.034s] -- Up-to-date: /home/pi/ugv_ws/install/ugv_interface/lib/libugv_interface__rosidl_generator_py.so
[23.035s] -- Up-to-date: /home/pi/ugv_ws/install/ugv_interface/share/ugv_interface/cmake/export_ugv_interface__rosidl_generator_cExport.cmake
[23.040s] -- Up-to-date: /home/pi/ugv_ws/install/ugv_interface/share/ugv_interface/cmake/export_ugv_interface__rosidl_generator_cExport-noconfig.cmake
[23.040s] -- Up-to-date: /home/pi/ugv_ws/install/ugv_interface/share/ugv_interface/cmake/export_ugv_interface__rosidl_typesupport_fastrtps_cExport.cmake
[23.041s] -- Up-to-date: /home/pi/ugv_ws/install/ugv_interface/share/ugv_interface/cmake/export_ugv_interface__rosidl_typesupport_fastrtps_cExport-noconfig.cmake
[23.042s] -- Up-to-date: /home/pi/ugv_ws/install/ugv_interface/share/ugv_interface/cmake/ugv_interface__rosidl_typesupport_introspection_cExport.cmake
[23.043s] -- Up-to-date: /home/pi/ugv_ws/install/ugv_interface/share/ugv_interface/cmake/ugv_interface__rosidl_typesupport_introspection_cExport-noconfig.cmake
[23.045s] -- Up-to-date: /home/pi/ugv_ws/install/ugv_interface/share/ugv_interface/cmake/ugv_interface__rosidl_typesupport_cExport.cmake
[23.047s] -- Up-to-date: /home/pi/ugv_ws/install/ugv_interface/share/ugv_interface/cmake/ugv_interface__rosidl_typesupport_cExport-noconfig.cmake
[23.049s] -- Up-to-date: /home/pi/ugv_ws/install/ugv_interface/share/ugv_interface/cmake/export_ugv_interface__rosidl_generator_cppExport.cmake
[23.050s] -- Up-to-date: /home/pi/ugv_ws/install/ugv_interface/share/ugv_interface/cmake/export_ugv_interface__rosidl_typesupport_fastrtps_cppExport.cmake
[23.052s] -- Up-to-date: /home/pi/ugv_ws/install/ugv_interface/share/ugv_interface/cmake/export_ugv_interface__rosidl_typesupport_fastrtps_cppExport-noconfig.cmake
[23.054s] -- Up-to-date: /home/pi/ugv_ws/install/ugv_interface/share/ugv_interface/cmake/ugv_interface__rosidl_typesupport_introspection_cppExport.cmake
[23.055s] -- Up-to-date: /home/pi/ugv_ws/install/ugv_interface/share/ugv_interface/cmake/ugv_interface__rosidl_typesupport_introspection_cppExport-noconfig.cmake
[23.057s] -- Up-to-date: /home/pi/ugv_ws/install/ugv_interface/share/ugv_interface/cmake/ugv_interface__rosidl_typesupport_cppExport.cmake
[23.059s] -- Up-to-date: /home/pi/ugv_ws/install/ugv_interface/share/ugv_interface/cmake/ugv_interface__rosidl_typesupport_cppExport-noconfig.cmake
[23.061s] -- Up-to-date: /home/pi/ugv_ws/install/ugv_interface/share/ugv_interface/cmake/export_ugv_interface__rosidl_generator_pyExport.cmake
[23.062s] -- Up-to-date: /home/pi/ugv_ws/install/ugv_interface/share/ugv_interface/cmake/export_ugv_interface__rosidl_generator_pyExport-noconfig.cmake
[23.075s] Invoked command in '/home/pi/ugv_ws/build/ugv_interface' returned '0': CMAKE_PREFIX_PATH=${CMAKE_PREFIX_PATH}:/home/pi/ugv_ws/install/ugv_web_app:/home/pi/ugv_ws/install/ugv_vision:/home/pi/ugv_ws/install/ugv_tools:/home/pi/ugv_ws/install/ugv_chat_ai:/home/pi/ugv_ws/install/ugv_bringup:/opt/ros/humble /usr/bin/cmake --install /home/pi/ugv_ws/build/ugv_interface
