[0.045s] Invoking command in '/home/pi/ugv_ws/build/ugv_base_node': CMAKE_PREFIX_PATH=/opt/ros/humble /usr/bin/cmake /home/pi/ugv_ws/src/ugv_main/ugv_base_node -DAMENT_CMAKE_SYMLINK_INSTALL=1 -DCMAKE_INSTALL_PREFIX=/home/pi/ugv_ws/install/ugv_base_node
[0.451s] -- The C compiler identification is GNU 11.4.0
[0.856s] -- The CXX compiler identification is GNU 11.4.0
[0.905s] -- Detecting C compiler ABI info
[1.438s] -- Detecting C compiler ABI info - done
[1.475s] -- Check for working C compiler: /usr/bin/cc - skipped
[1.480s] -- Detecting C compile features
[1.485s] -- Detecting C compile features - done
[1.511s] -- Detecting CXX compiler ABI info
[2.122s] -- Detecting CXX compiler ABI info - done
[2.164s] -- Check for working CXX compiler: /usr/bin/c++ - skipped
[2.168s] -- Detecting CXX compile features
[2.172s] -- Detecting CXX compile features - done
[2.220s] -- Found ament_cmake: 1.3.11 (/opt/ros/humble/share/ament_cmake/cmake)
[3.729s] -- Found Python3: /usr/bin/python3 (found version "3.10.12") found components: Interpreter 
[4.400s] -- Override CMake install command with custom implementation using symlinks instead of copying resources
[4.839s] -- Found tf2: 0.25.11 (/opt/ros/humble/share/tf2/cmake)
[5.494s] -- Found rosidl_generator_c: 3.1.6 (/opt/ros/humble/share/rosidl_generator_c/cmake)
[5.565s] -- Found rosidl_adapter: 3.1.6 (/opt/ros/humble/share/rosidl_adapter/cmake)
[5.666s] -- Found rosidl_generator_cpp: 3.1.6 (/opt/ros/humble/share/rosidl_generator_cpp/cmake)
[5.800s] -- Using all available rosidl_typesupport_c: rosidl_typesupport_fastrtps_c;rosidl_typesupport_introspection_c
[5.990s] -- Using all available rosidl_typesupport_cpp: rosidl_typesupport_fastrtps_cpp;rosidl_typesupport_introspection_cpp
[6.391s] -- Found tf2_ros: 0.25.11 (/opt/ros/humble/share/tf2_ros/cmake)
[7.076s] -- Found rmw_implementation_cmake: 6.1.2 (/opt/ros/humble/share/rmw_implementation_cmake/cmake)
[7.109s] -- Found rmw_fastrtps_cpp: 6.2.7 (/opt/ros/humble/share/rmw_fastrtps_cpp/cmake)
[7.826s] -- Found OpenSSL: /usr/lib/aarch64-linux-gnu/libcrypto.so (found version "3.0.2")  
[8.145s] -- Found FastRTPS: /opt/ros/humble/include  
[8.662s] -- Using RMW implementation 'rmw_fastrtps_cpp' as default
[8.778s] -- Looking for pthread.h
[9.228s] -- Looking for pthread.h - found
[9.230s] -- Performing Test CMAKE_HAVE_LIBC_PTHREAD
[9.659s] -- Performing Test CMAKE_HAVE_LIBC_PTHREAD - Success
[9.665s] -- Found Threads: TRUE  
[10.431s] -- Found nav_msgs: 4.2.4 (/opt/ros/humble/share/nav_msgs/cmake)
[10.558s] -- Found sensor_msgs: 4.2.4 (/opt/ros/humble/share/sensor_msgs/cmake)
[10.686s] -- Found ament_lint_auto: 0.12.11 (/opt/ros/humble/share/ament_lint_auto/cmake)
[11.482s] -- Added test 'copyright' to check source files copyright and LICENSE
[11.490s] -- Added test 'cppcheck' to perform static code analysis on C / C++ code
[11.491s] -- Configured cppcheck include dirs: 
[11.492s] -- Configured cppcheck exclude dirs and/or files: 
[11.498s] -- Added test 'cpplint' to check C / C++ code against the Google style
[11.499s] -- Configured cpplint exclude dirs and/or files: 
[11.504s] -- Added test 'lint_cmake' to check CMake code style
[11.513s] -- Added test 'uncrustify' to check C / C++ code style
[11.514s] -- Configured uncrustify additional arguments: 
[11.517s] -- Added test 'xmllint' to check XML markup files
[11.530s] -- Configuring done
[11.667s] -- Generating done
[11.712s] -- Build files have been written to: /home/pi/ugv_ws/build/ugv_base_node
[11.795s] Invoked command in '/home/pi/ugv_ws/build/ugv_base_node' returned '0': CMAKE_PREFIX_PATH=/opt/ros/humble /usr/bin/cmake /home/pi/ugv_ws/src/ugv_main/ugv_base_node -DAMENT_CMAKE_SYMLINK_INSTALL=1 -DCMAKE_INSTALL_PREFIX=/home/pi/ugv_ws/install/ugv_base_node
[11.797s] Invoking command in '/home/pi/ugv_ws/build/ugv_base_node': CMAKE_PREFIX_PATH=/opt/ros/humble /usr/bin/cmake --build /home/pi/ugv_ws/build/ugv_base_node -- -j4 -l4
[12.110s] [ 25%] [32mBuilding CXX object CMakeFiles/base_node.dir/src/base_node.cpp.o[0m
[89.372s] [ 50%] [32m[1mLinking CXX executable base_node[0m
[93.310s] [ 50%] Built target base_node
[93.420s] [ 75%] [32mBuilding CXX object CMakeFiles/base_node_ekf.dir/src/base_node_ekf.cpp.o[0m
[169.258s] [100%] [32m[1mLinking CXX executable base_node_ekf[0m
[173.467s] [100%] Built target base_node_ekf
[173.535s] Invoked command in '/home/pi/ugv_ws/build/ugv_base_node' returned '0': CMAKE_PREFIX_PATH=/opt/ros/humble /usr/bin/cmake --build /home/pi/ugv_ws/build/ugv_base_node -- -j4 -l4
[173.537s] Invoking command in '/home/pi/ugv_ws/build/ugv_base_node': CMAKE_PREFIX_PATH=/opt/ros/humble /usr/bin/cmake --install /home/pi/ugv_ws/build/ugv_base_node
[173.585s] -- Install configuration: ""
[173.589s] -- Execute custom install script
[173.592s] -- Symlinking: /home/pi/ugv_ws/install/ugv_base_node/lib/ugv_base_node/base_node
[173.639s] -- Symlinking: /home/pi/ugv_ws/install/ugv_base_node/lib/ugv_base_node/base_node_ekf
[173.682s] -- Symlinking: /home/pi/ugv_ws/install/ugv_base_node/share/ament_index/resource_index/package_run_dependencies/ugv_base_node
[173.723s] -- Symlinking: /home/pi/ugv_ws/install/ugv_base_node/share/ament_index/resource_index/parent_prefix_path/ugv_base_node
[173.766s] -- Symlinking: /home/pi/ugv_ws/install/ugv_base_node/share/ugv_base_node/environment/ament_prefix_path.sh
[173.815s] -- Symlinking: /home/pi/ugv_ws/install/ugv_base_node/share/ugv_base_node/environment/ament_prefix_path.dsv
[173.856s] -- Symlinking: /home/pi/ugv_ws/install/ugv_base_node/share/ugv_base_node/environment/path.sh
[173.904s] -- Symlinking: /home/pi/ugv_ws/install/ugv_base_node/share/ugv_base_node/environment/path.dsv
[173.955s] -- Symlinking: /home/pi/ugv_ws/install/ugv_base_node/share/ugv_base_node/local_setup.bash
[173.999s] -- Symlinking: /home/pi/ugv_ws/install/ugv_base_node/share/ugv_base_node/local_setup.sh
[174.040s] -- Symlinking: /home/pi/ugv_ws/install/ugv_base_node/share/ugv_base_node/local_setup.zsh
[174.082s] -- Symlinking: /home/pi/ugv_ws/install/ugv_base_node/share/ugv_base_node/local_setup.dsv
[174.124s] -- Symlinking: /home/pi/ugv_ws/install/ugv_base_node/share/ugv_base_node/package.dsv
[174.169s] -- Symlinking: /home/pi/ugv_ws/install/ugv_base_node/share/ament_index/resource_index/packages/ugv_base_node
[174.218s] -- Symlinking: /home/pi/ugv_ws/install/ugv_base_node/share/ugv_base_node/cmake/ugv_base_nodeConfig.cmake
[174.267s] -- Symlinking: /home/pi/ugv_ws/install/ugv_base_node/share/ugv_base_node/cmake/ugv_base_nodeConfig-version.cmake
[174.316s] -- Symlinking: /home/pi/ugv_ws/install/ugv_base_node/share/ugv_base_node/package.xml
[174.372s] Invoked command in '/home/pi/ugv_ws/build/ugv_base_node' returned '0': CMAKE_PREFIX_PATH=/opt/ros/humble /usr/bin/cmake --install /home/pi/ugv_ws/build/ugv_base_node
