[0.152s] Invoking command in '/home/pi/ugv_ws/build/cartographer': CMAKE_PREFIX_PATH=${CMAKE_PREFIX_PATH}:/home/pi/ugv_ws/install/ugv_web_app:/home/pi/ugv_ws/install/ugv_vision:/home/pi/ugv_ws/install/ugv_tools:/home/pi/ugv_ws/install/ugv_chat_ai:/home/pi/ugv_ws/install/ugv_bringup:/opt/ros/humble /usr/bin/cmake --build /home/pi/ugv_ws/build/cartographer -- -j4 -l4
[0.548s] Invoked command in '/home/pi/ugv_ws/build/cartographer' returned '0': CMAKE_PREFIX_PATH=${CMAKE_PREFIX_PATH}:/home/pi/ugv_ws/install/ugv_web_app:/home/pi/ugv_ws/install/ugv_vision:/home/pi/ugv_ws/install/ugv_tools:/home/pi/ugv_ws/install/ugv_chat_ai:/home/pi/ugv_ws/install/ugv_bringup:/opt/ros/humble /usr/bin/cmake --build /home/pi/ugv_ws/build/cartographer -- -j4 -l4
[0.551s] Invoking command in '/home/pi/ugv_ws/build/cartographer': CMAKE_PREFIX_PATH=${CMAKE_PREFIX_PATH}:/home/pi/ugv_ws/install/ugv_web_app:/home/pi/ugv_ws/install/ugv_vision:/home/pi/ugv_ws/install/ugv_tools:/home/pi/ugv_ws/install/ugv_chat_ai:/home/pi/ugv_ws/install/ugv_bringup:/opt/ros/humble /usr/bin/cmake --install /home/pi/ugv_ws/build/cartographer
[0.603s] -- Install configuration: ""
[0.605s] -- Execute custom install script
[0.607s] -- Up-to-date symlink: /home/pi/ugv_ws/install/cartographer/share/cartographer/config/localization_2d.lua
[0.619s] -- Up-to-date symlink: /home/pi/ugv_ws/install/cartographer/share/cartographer/config/mapping_2d.lua
[0.621s] -- Up-to-date symlink: /home/pi/ugv_ws/install/cartographer/share/cartographer/launch/localization.launch.py
[0.623s] -- Up-to-date symlink: /home/pi/ugv_ws/install/cartographer/share/cartographer/launch/mapping.launch.py
[0.630s] -- Up-to-date symlink: /home/pi/ugv_ws/install/cartographer/share/cartographer/launch/occupancy_grid.launch.py
[0.632s] -- Up-to-date symlink: /home/pi/ugv_ws/install/cartographer/share/ament_index/resource_index/package_run_dependencies/cartographer
[0.634s] -- Up-to-date symlink: /home/pi/ugv_ws/install/cartographer/share/ament_index/resource_index/parent_prefix_path/cartographer
[0.637s] -- Up-to-date symlink: /home/pi/ugv_ws/install/cartographer/share/cartographer/environment/ament_prefix_path.sh
[0.637s] -- Up-to-date symlink: /home/pi/ugv_ws/install/cartographer/share/cartographer/environment/ament_prefix_path.dsv
[0.638s] -- Up-to-date symlink: /home/pi/ugv_ws/install/cartographer/share/cartographer/environment/path.sh
[0.640s] -- Up-to-date symlink: /home/pi/ugv_ws/install/cartographer/share/cartographer/environment/path.dsv
[0.641s] -- Up-to-date symlink: /home/pi/ugv_ws/install/cartographer/share/cartographer/local_setup.bash
[0.641s] -- Up-to-date symlink: /home/pi/ugv_ws/install/cartographer/share/cartographer/local_setup.sh
[0.664s] -- Up-to-date symlink: /home/pi/ugv_ws/install/cartographer/share/cartographer/local_setup.zsh
[0.666s] -- Up-to-date symlink: /home/pi/ugv_ws/install/cartographer/share/cartographer/local_setup.dsv
[0.671s] -- Symlinking: /home/pi/ugv_ws/install/cartographer/share/cartographer/package.dsv
[0.725s] -- Up-to-date symlink: /home/pi/ugv_ws/install/cartographer/share/ament_index/resource_index/packages/cartographer
[0.725s] -- Up-to-date symlink: /home/pi/ugv_ws/install/cartographer/share/cartographer/cmake/cartographerConfig.cmake
[0.726s] -- Up-to-date symlink: /home/pi/ugv_ws/install/cartographer/share/cartographer/cmake/cartographerConfig-version.cmake
[0.752s] -- Up-to-date symlink: /home/pi/ugv_ws/install/cartographer/share/cartographer/package.xml
[0.764s] Invoked command in '/home/pi/ugv_ws/build/cartographer' returned '0': CMAKE_PREFIX_PATH=${CMAKE_PREFIX_PATH}:/home/pi/ugv_ws/install/ugv_web_app:/home/pi/ugv_ws/install/ugv_vision:/home/pi/ugv_ws/install/ugv_tools:/home/pi/ugv_ws/install/ugv_chat_ai:/home/pi/ugv_ws/install/ugv_bringup:/opt/ros/humble /usr/bin/cmake --install /home/pi/ugv_ws/build/cartographer
