[0.093s] Invoking command in '/home/pi/ugv_ws/build/ugv_nav': CMAKE_PREFIX_PATH=${CMAKE_PREFIX_PATH}:/home/pi/ugv_ws/install/ugv_web_app:/home/pi/ugv_ws/install/ugv_vision:/home/pi/ugv_ws/install/ugv_tools:/home/pi/ugv_ws/install/ugv_chat_ai:/home/pi/ugv_ws/install/ugv_bringup:/opt/ros/humble /usr/bin/cmake --build /home/pi/ugv_ws/build/ugv_nav -- -j4 -l4
[0.398s] Invoked command in '/home/pi/ugv_ws/build/ugv_nav' returned '0': CMAKE_PREFIX_PATH=${CMAKE_PREFIX_PATH}:/home/pi/ugv_ws/install/ugv_web_app:/home/pi/ugv_ws/install/ugv_vision:/home/pi/ugv_ws/install/ugv_tools:/home/pi/ugv_ws/install/ugv_chat_ai:/home/pi/ugv_ws/install/ugv_bringup:/opt/ros/humble /usr/bin/cmake --build /home/pi/ugv_ws/build/ugv_nav -- -j4 -l4
[0.419s] Invoking command in '/home/pi/ugv_ws/build/ugv_nav': CMAKE_PREFIX_PATH=${CMAKE_PREFIX_PATH}:/home/pi/ugv_ws/install/ugv_web_app:/home/pi/ugv_ws/install/ugv_vision:/home/pi/ugv_ws/install/ugv_tools:/home/pi/ugv_ws/install/ugv_chat_ai:/home/pi/ugv_ws/install/ugv_bringup:/opt/ros/humble /usr/bin/cmake --install /home/pi/ugv_ws/build/ugv_nav
[0.490s] -- Install configuration: ""
[0.493s] -- Execute custom install script
[0.510s] -- Up-to-date symlink: /home/pi/ugv_ws/install/ugv_nav/share/ugv_nav/launch/bringup_launch.py
[0.511s] -- Up-to-date symlink: /home/pi/ugv_ws/install/ugv_nav/share/ugv_nav/launch/nav.launch.py
[0.513s] -- Up-to-date symlink: /home/pi/ugv_ws/install/ugv_nav/share/ugv_nav/launch/nav_bringup/bringup_launch_cartographer.launch.py
[0.515s] -- Up-to-date symlink: /home/pi/ugv_ws/install/ugv_nav/share/ugv_nav/launch/nav_bringup/cartographer_localization.launch.py
[0.517s] -- Up-to-date symlink: /home/pi/ugv_ws/install/ugv_nav/share/ugv_nav/launch/nav_bringup/localization_launch.py
[0.519s] -- Up-to-date symlink: /home/pi/ugv_ws/install/ugv_nav/share/ugv_nav/launch/nav_bringup/nav2_bringup.launch.py
[0.520s] -- Up-to-date symlink: /home/pi/ugv_ws/install/ugv_nav/share/ugv_nav/launch/nav_rtabmap.launch.py
[0.522s] -- Up-to-date symlink: /home/pi/ugv_ws/install/ugv_nav/share/ugv_nav/launch/rtabmap_localization_launch.py
[0.524s] -- Up-to-date symlink: /home/pi/ugv_ws/install/ugv_nav/share/ugv_nav/launch/slam_nav.launch.py
[0.530s] -- Up-to-date symlink: /home/pi/ugv_ws/install/ugv_nav/share/ugv_nav/param/amcl_dwa.yaml
[0.531s] -- Up-to-date symlink: /home/pi/ugv_ws/install/ugv_nav/share/ugv_nav/param/amcl_teb.yaml
[0.532s] -- Up-to-date symlink: /home/pi/ugv_ws/install/ugv_nav/share/ugv_nav/param/emcl_dwa.yaml
[0.534s] -- Up-to-date symlink: /home/pi/ugv_ws/install/ugv_nav/share/ugv_nav/param/emcl_teb.yaml
[0.535s] -- Up-to-date symlink: /home/pi/ugv_ws/install/ugv_nav/share/ugv_nav/param/rtabmap_dwa.yaml
[0.536s] -- Up-to-date symlink: /home/pi/ugv_ws/install/ugv_nav/share/ugv_nav/param/rtabmap_teb.yaml
[0.537s] -- Up-to-date symlink: /home/pi/ugv_ws/install/ugv_nav/share/ugv_nav/param/slam_nav.yaml
[0.545s] -- Up-to-date symlink: /home/pi/ugv_ws/install/ugv_nav/share/ugv_nav/maps/map.pbstream
[0.545s] -- Up-to-date symlink: /home/pi/ugv_ws/install/ugv_nav/share/ugv_nav/maps/map.pgm
[0.546s] -- Up-to-date symlink: /home/pi/ugv_ws/install/ugv_nav/share/ugv_nav/maps/map.yaml
[0.551s] -- Up-to-date symlink: /home/pi/ugv_ws/install/ugv_nav/share/ugv_nav/maps/map_server_params.yaml
[0.554s] -- Up-to-date symlink: /home/pi/ugv_ws/install/ugv_nav/share/ugv_nav/rviz/view_nav_2d.rviz
[0.555s] -- Up-to-date symlink: /home/pi/ugv_ws/install/ugv_nav/share/ugv_nav/rviz/view_nav_3d.rviz
[0.557s] -- Up-to-date symlink: /home/pi/ugv_ws/install/ugv_nav/share/ament_index/resource_index/package_run_dependencies/ugv_nav
[0.559s] -- Up-to-date symlink: /home/pi/ugv_ws/install/ugv_nav/share/ament_index/resource_index/parent_prefix_path/ugv_nav
[0.567s] -- Up-to-date symlink: /home/pi/ugv_ws/install/ugv_nav/share/ugv_nav/environment/ament_prefix_path.sh
[0.568s] -- Up-to-date symlink: /home/pi/ugv_ws/install/ugv_nav/share/ugv_nav/environment/ament_prefix_path.dsv
[0.570s] -- Up-to-date symlink: /home/pi/ugv_ws/install/ugv_nav/share/ugv_nav/environment/path.sh
[0.571s] -- Up-to-date symlink: /home/pi/ugv_ws/install/ugv_nav/share/ugv_nav/environment/path.dsv
[0.573s] -- Up-to-date symlink: /home/pi/ugv_ws/install/ugv_nav/share/ugv_nav/local_setup.bash
[0.576s] -- Up-to-date symlink: /home/pi/ugv_ws/install/ugv_nav/share/ugv_nav/local_setup.sh
[0.578s] -- Up-to-date symlink: /home/pi/ugv_ws/install/ugv_nav/share/ugv_nav/local_setup.zsh
[0.579s] -- Up-to-date symlink: /home/pi/ugv_ws/install/ugv_nav/share/ugv_nav/local_setup.dsv
[0.580s] -- Symlinking: /home/pi/ugv_ws/install/ugv_nav/share/ugv_nav/package.dsv
[0.686s] -- Up-to-date symlink: /home/pi/ugv_ws/install/ugv_nav/share/ament_index/resource_index/packages/ugv_nav
[0.691s] -- Up-to-date symlink: /home/pi/ugv_ws/install/ugv_nav/share/ugv_nav/cmake/ugv_navConfig.cmake
[0.696s] -- Up-to-date symlink: /home/pi/ugv_ws/install/ugv_nav/share/ugv_nav/cmake/ugv_navConfig-version.cmake
[0.698s] -- Up-to-date symlink: /home/pi/ugv_ws/install/ugv_nav/share/ugv_nav/package.xml
[0.712s] Invoked command in '/home/pi/ugv_ws/build/ugv_nav' returned '0': CMAKE_PREFIX_PATH=${CMAKE_PREFIX_PATH}:/home/pi/ugv_ws/install/ugv_web_app:/home/pi/ugv_ws/install/ugv_vision:/home/pi/ugv_ws/install/ugv_tools:/home/pi/ugv_ws/install/ugv_chat_ai:/home/pi/ugv_ws/install/ugv_bringup:/opt/ros/humble /usr/bin/cmake --install /home/pi/ugv_ws/build/ugv_nav
