[0.153s] Invoking command in '/home/pi/ugv_ws/build/apriltag': CMAKE_PREFIX_PATH=${CMAKE_PREFIX_PATH}:/home/pi/ugv_ws/install/ugv_web_app:/home/pi/ugv_ws/install/ugv_vision:/home/pi/ugv_ws/install/ugv_tools:/home/pi/ugv_ws/install/ugv_chat_ai:/home/pi/ugv_ws/install/ugv_bringup:/opt/ros/humble /usr/bin/cmake --build /home/pi/ugv_ws/build/apriltag -- -j4 -l4
[0.614s] [  2%] [34m[1mGenerating apriltag_detect_docstring.h, apriltag_detect_docstring.cxx[0m
[0.618s] [  4%] [34m[1mGenerating apriltag_py_type_docstring.h, apriltag_py_type_docstring.cxx[0m
[0.709s] [ 85%] Built target apriltag
[1.104s] [ 90%] Built target apriltag_demo
[1.286s] [ 95%] Built target opencv_demo
[1.329s] [ 95%] Built target apriltag_py_docstrings
[1.525s] [35m[1mConsolidate compiler generated dependencies of target apriltag.cpython-310-aarch64-linux-gnu[0m
[1.741s] [ 97%] [32mBuilding C object CMakeFiles/apriltag.cpython-310-aarch64-linux-gnu.dir/apriltag_pywrap.c.o[0m
[3.773s] [100%] [32m[1mLinking C shared module apriltag.cpython-310-aarch64-linux-gnu.so[0m
[4.058s] [100%] Built target apriltag.cpython-310-aarch64-linux-gnu
[4.168s] Invoked command in '/home/pi/ugv_ws/build/apriltag' returned '0': CMAKE_PREFIX_PATH=${CMAKE_PREFIX_PATH}:/home/pi/ugv_ws/install/ugv_web_app:/home/pi/ugv_ws/install/ugv_vision:/home/pi/ugv_ws/install/ugv_tools:/home/pi/ugv_ws/install/ugv_chat_ai:/home/pi/ugv_ws/install/ugv_bringup:/opt/ros/humble /usr/bin/cmake --build /home/pi/ugv_ws/build/apriltag -- -j4 -l4
[4.244s] Invoking command in '/home/pi/ugv_ws/build/apriltag': CMAKE_PREFIX_PATH=${CMAKE_PREFIX_PATH}:/home/pi/ugv_ws/install/ugv_web_app:/home/pi/ugv_ws/install/ugv_vision:/home/pi/ugv_ws/install/ugv_tools:/home/pi/ugv_ws/install/ugv_chat_ai:/home/pi/ugv_ws/install/ugv_bringup:/opt/ros/humble /usr/bin/cmake --install /home/pi/ugv_ws/build/apriltag
[4.323s] -- Install configuration: "Release"
[4.326s] -- Up-to-date: /home/pi/ugv_ws/install/apriltag/include/apriltag/apriltag.h
[4.329s] -- Up-to-date: /home/pi/ugv_ws/install/apriltag/include/apriltag/apriltag_math.h
[4.332s] -- Up-to-date: /home/pi/ugv_ws/install/apriltag/include/apriltag/apriltag_pose.h
[4.334s] -- Up-to-date: /home/pi/ugv_ws/install/apriltag/include/apriltag/common/debug_print.h
[4.336s] -- Up-to-date: /home/pi/ugv_ws/install/apriltag/include/apriltag/common/doubles.h
[4.339s] -- Up-to-date: /home/pi/ugv_ws/install/apriltag/include/apriltag/common/doubles_floats_impl.h
[4.341s] -- Up-to-date: /home/pi/ugv_ws/install/apriltag/include/apriltag/common/floats.h
[4.343s] -- Up-to-date: /home/pi/ugv_ws/install/apriltag/include/apriltag/common/g2d.h
[4.347s] -- Up-to-date: /home/pi/ugv_ws/install/apriltag/include/apriltag/common/getopt.h
[4.350s] -- Up-to-date: /home/pi/ugv_ws/install/apriltag/include/apriltag/common/homography.h
[4.352s] -- Up-to-date: /home/pi/ugv_ws/install/apriltag/include/apriltag/common/image_types.h
[4.355s] -- Up-to-date: /home/pi/ugv_ws/install/apriltag/include/apriltag/common/image_u8.h
[4.357s] -- Up-to-date: /home/pi/ugv_ws/install/apriltag/include/apriltag/common/image_u8x3.h
[4.360s] -- Up-to-date: /home/pi/ugv_ws/install/apriltag/include/apriltag/common/image_u8x4.h
[4.363s] -- Up-to-date: /home/pi/ugv_ws/install/apriltag/include/apriltag/common/matd.h
[4.365s] -- Up-to-date: /home/pi/ugv_ws/install/apriltag/include/apriltag/common/math_util.h
[4.366s] -- Up-to-date: /home/pi/ugv_ws/install/apriltag/include/apriltag/common/pam.h
[4.368s] -- Up-to-date: /home/pi/ugv_ws/install/apriltag/include/apriltag/common/pjpeg.h
[4.369s] -- Up-to-date: /home/pi/ugv_ws/install/apriltag/include/apriltag/common/pnm.h
[4.369s] -- Up-to-date: /home/pi/ugv_ws/install/apriltag/include/apriltag/common/postscript_utils.h
[4.372s] -- Up-to-date: /home/pi/ugv_ws/install/apriltag/include/apriltag/common/pthreads_cross.h
[4.373s] -- Up-to-date: /home/pi/ugv_ws/install/apriltag/include/apriltag/common/string_util.h
[4.373s] -- Up-to-date: /home/pi/ugv_ws/install/apriltag/include/apriltag/common/svd22.h
[4.376s] -- Up-to-date: /home/pi/ugv_ws/install/apriltag/include/apriltag/common/time_util.h
[4.377s] -- Up-to-date: /home/pi/ugv_ws/install/apriltag/include/apriltag/common/timeprofile.h
[4.377s] -- Up-to-date: /home/pi/ugv_ws/install/apriltag/include/apriltag/common/unionfind.h
[4.381s] -- Up-to-date: /home/pi/ugv_ws/install/apriltag/include/apriltag/common/workerpool.h
[4.385s] -- Up-to-date: /home/pi/ugv_ws/install/apriltag/include/apriltag/common/zarray.h
[4.391s] -- Up-to-date: /home/pi/ugv_ws/install/apriltag/include/apriltag/common/zhash.h
[4.391s] -- Up-to-date: /home/pi/ugv_ws/install/apriltag/include/apriltag/common/zmaxheap.h
[4.392s] -- Up-to-date: /home/pi/ugv_ws/install/apriltag/include/apriltag/tag16h5.h
[4.393s] -- Up-to-date: /home/pi/ugv_ws/install/apriltag/include/apriltag/tag25h9.h
[4.393s] -- Up-to-date: /home/pi/ugv_ws/install/apriltag/include/apriltag/tag36h10.h
[4.394s] -- Up-to-date: /home/pi/ugv_ws/install/apriltag/include/apriltag/tag36h11.h
[4.394s] -- Up-to-date: /home/pi/ugv_ws/install/apriltag/include/apriltag/tagCircle21h7.h
[4.395s] -- Up-to-date: /home/pi/ugv_ws/install/apriltag/include/apriltag/tagCircle49h12.h
[4.395s] -- Up-to-date: /home/pi/ugv_ws/install/apriltag/include/apriltag/tagCustom48h12.h
[4.396s] -- Up-to-date: /home/pi/ugv_ws/install/apriltag/include/apriltag/tagStandard41h12.h
[4.397s] -- Up-to-date: /home/pi/ugv_ws/install/apriltag/include/apriltag/tagStandard52h13.h
[4.397s] -- Up-to-date: /home/pi/ugv_ws/install/apriltag/lib/libapriltag.so.3.4.2
[4.404s] -- Up-to-date: /home/pi/ugv_ws/install/apriltag/lib/libapriltag.so.3
[4.410s] -- Up-to-date: /home/pi/ugv_ws/install/apriltag/lib/libapriltag.so
[4.411s] -- Up-to-date: /home/pi/ugv_ws/install/apriltag/share/apriltag/cmake/apriltagTargets.cmake
[4.411s] -- Up-to-date: /home/pi/ugv_ws/install/apriltag/share/apriltag/cmake/apriltagTargets-release.cmake
[4.412s] -- Up-to-date: /home/pi/ugv_ws/install/apriltag/share/apriltag/cmake/apriltagConfig.cmake
[4.412s] -- Up-to-date: /home/pi/ugv_ws/install/apriltag/share/apriltag/cmake/apriltagConfigVersion.cmake
[4.413s] -- Up-to-date: /home/pi/ugv_ws/install/apriltag/lib/pkgconfig/apriltag.pc
[4.419s] -- Installing: /home/pi/ugv_ws/install/apriltag/lib/python3.10/site-packages/apriltag.cpython-310-aarch64-linux-gnu.so
[4.421s] -- Set runtime path of "/home/pi/ugv_ws/install/apriltag/lib/python3.10/site-packages/apriltag.cpython-310-aarch64-linux-gnu.so" to ""
[4.421s] -- Up-to-date: /home/pi/ugv_ws/install/apriltag/bin/opencv_demo
[4.423s] -- Up-to-date: /home/pi/ugv_ws/install/apriltag/bin/apriltag_demo
[4.436s] Invoked command in '/home/pi/ugv_ws/build/apriltag' returned '0': CMAKE_PREFIX_PATH=${CMAKE_PREFIX_PATH}:/home/pi/ugv_ws/install/ugv_web_app:/home/pi/ugv_ws/install/ugv_vision:/home/pi/ugv_ws/install/ugv_tools:/home/pi/ugv_ws/install/ugv_chat_ai:/home/pi/ugv_ws/install/ugv_bringup:/opt/ros/humble /usr/bin/cmake --install /home/pi/ugv_ws/build/apriltag
