[7.236s] Invoking command in '/home/pi/ugv_ws/build/ugv_bringup': PYTHONPATH=/home/pi/ugv_ws/build/ugv_bringup/prefix_override:/usr/lib/python3/dist-packages/colcon_core/task/python/colcon_distutils_commands:/home/pi/ugv_ws/install/ugv_bringup/lib/python3.10/site-packages:${PYTHONPATH} /usr/bin/python3 -W ignore:setup.py install is deprecated -W ignore:easy_install command is deprecated setup.py develop --editable --build-directory /home/pi/ugv_ws/build/ugv_bringup/build --no-deps symlink_data
[9.785s] running develop
[11.807s] running egg_info
[11.809s] creating ugv_bringup.egg-info
[11.811s] writing ugv_bringup.egg-info/PKG-INFO
[11.815s] writing dependency_links to ugv_bringup.egg-info/dependency_links.txt
[11.818s] writing entry points to ugv_bringup.egg-info/entry_points.txt
[11.821s] writing requirements to ugv_bringup.egg-info/requires.txt
[11.823s] writing top-level names to ugv_bringup.egg-info/top_level.txt
[11.826s] writing manifest file 'ugv_bringup.egg-info/SOURCES.txt'
[11.840s] reading manifest file 'ugv_bringup.egg-info/SOURCES.txt'
[11.846s] writing manifest file 'ugv_bringup.egg-info/SOURCES.txt'
[11.857s] running build_ext
[11.860s] Creating /home/pi/ugv_ws/install/ugv_bringup/lib/python3.10/site-packages/ugv-bringup.egg-link (link to .)
[11.870s] Installing ugv_bringup script to /home/pi/ugv_ws/install/ugv_bringup/lib/ugv_bringup
[11.873s] Installing ugv_driver script to /home/pi/ugv_ws/install/ugv_bringup/lib/ugv_bringup
[11.877s] 
[11.879s] Installed /home/pi/ugv_ws/build/ugv_bringup
[11.881s] running symlink_data
[11.883s] creating /home/pi/ugv_ws/install/ugv_bringup/share/ament_index
[11.885s] creating /home/pi/ugv_ws/install/ugv_bringup/share/ament_index/resource_index
[11.887s] creating /home/pi/ugv_ws/install/ugv_bringup/share/ament_index/resource_index/packages
[11.890s] symbolically linking /home/pi/ugv_ws/build/ugv_bringup/resource/ugv_bringup -> /home/pi/ugv_ws/install/ugv_bringup/share/ament_index/resource_index/packages
[11.892s] symbolically linking /home/pi/ugv_ws/build/ugv_bringup/package.xml -> /home/pi/ugv_ws/install/ugv_bringup/share/ugv_bringup
[11.895s] creating /home/pi/ugv_ws/install/ugv_bringup/share/ugv_bringup/launch
[11.897s] symbolically linking /home/pi/ugv_ws/build/ugv_bringup/launch/bringup_imu_origin.launch.py -> /home/pi/ugv_ws/install/ugv_bringup/share/ugv_bringup/launch
[11.900s] symbolically linking /home/pi/ugv_ws/build/ugv_bringup/launch/bringup_lidar.launch.py -> /home/pi/ugv_ws/install/ugv_bringup/share/ugv_bringup/launch
[11.902s] symbolically linking /home/pi/ugv_ws/build/ugv_bringup/launch/bringup_imu_ekf.launch.py -> /home/pi/ugv_ws/install/ugv_bringup/share/ugv_bringup/launch
[11.905s] creating /home/pi/ugv_ws/install/ugv_bringup/share/ugv_bringup/rviz
[11.907s] symbolically linking /home/pi/ugv_ws/build/ugv_bringup/rviz/view_bringup.rviz -> /home/pi/ugv_ws/install/ugv_bringup/share/ugv_bringup/rviz
[11.909s] creating /home/pi/ugv_ws/install/ugv_bringup/share/ugv_bringup/param
[11.912s] symbolically linking /home/pi/ugv_ws/build/ugv_bringup/param/ekf.yaml -> /home/pi/ugv_ws/install/ugv_bringup/share/ugv_bringup/param
[11.914s] symbolically linking /home/pi/ugv_ws/build/ugv_bringup/param/imu_filter_param.yaml -> /home/pi/ugv_ws/install/ugv_bringup/share/ugv_bringup/param
[12.142s] Invoked command in '/home/pi/ugv_ws/build/ugv_bringup' returned '0': PYTHONPATH=/home/pi/ugv_ws/build/ugv_bringup/prefix_override:/usr/lib/python3/dist-packages/colcon_core/task/python/colcon_distutils_commands:/home/pi/ugv_ws/install/ugv_bringup/lib/python3.10/site-packages:${PYTHONPATH} /usr/bin/python3 -W ignore:setup.py install is deprecated -W ignore:easy_install command is deprecated setup.py develop --editable --build-directory /home/pi/ugv_ws/build/ugv_bringup/build --no-deps symlink_data
