[0.238s] Invoking command in '/home/pi/ugv_ws/build/sllidar_ros2': CMAKE_PREFIX_PATH=${CMAKE_PREFIX_PATH}:/home/pi/ugv_ws/install/ugv_web_app:/home/pi/ugv_ws/install/ugv_vision:/home/pi/ugv_ws/install/ugv_tools:/home/pi/ugv_ws/install/ugv_chat_ai:/home/pi/ugv_ws/install/ugv_bringup:/opt/ros/humble /usr/bin/cmake --build /home/pi/ugv_ws/build/sllidar_ros2 -- -j4 -l4
[0.594s] [ 10%] Built target sllidar_client
[0.621s] [100%] Built target sllidar_node
[3.421s] Invoked command in '/home/pi/ugv_ws/build/sllidar_ros2' returned '0': CMAKE_PREFIX_PATH=${CMAKE_PREFIX_PATH}:/home/pi/ugv_ws/install/ugv_web_app:/home/pi/ugv_ws/install/ugv_vision:/home/pi/ugv_ws/install/ugv_tools:/home/pi/ugv_ws/install/ugv_chat_ai:/home/pi/ugv_ws/install/ugv_bringup:/opt/ros/humble /usr/bin/cmake --build /home/pi/ugv_ws/build/sllidar_ros2 -- -j4 -l4
[3.433s] Invoking command in '/home/pi/ugv_ws/build/sllidar_ros2': CMAKE_PREFIX_PATH=${CMAKE_PREFIX_PATH}:/home/pi/ugv_ws/install/ugv_web_app:/home/pi/ugv_ws/install/ugv_vision:/home/pi/ugv_ws/install/ugv_tools:/home/pi/ugv_ws/install/ugv_chat_ai:/home/pi/ugv_ws/install/ugv_bringup:/opt/ros/humble /usr/bin/cmake --install /home/pi/ugv_ws/build/sllidar_ros2
[3.478s] -- Install configuration: ""
[3.480s] -- Execute custom install script
[3.484s] -- Up-to-date symlink: /home/pi/ugv_ws/install/sllidar_ros2/share/sllidar_ros2/launch/sllidar_a1_launch.py
[3.488s] -- Up-to-date symlink: /home/pi/ugv_ws/install/sllidar_ros2/share/sllidar_ros2/launch/sllidar_a2m12_launch.py
[3.492s] -- Up-to-date symlink: /home/pi/ugv_ws/install/sllidar_ros2/share/sllidar_ros2/launch/sllidar_a2m7_launch.py
[3.493s] -- Up-to-date symlink: /home/pi/ugv_ws/install/sllidar_ros2/share/sllidar_ros2/launch/sllidar_a2m8_launch.py
[3.493s] -- Up-to-date symlink: /home/pi/ugv_ws/install/sllidar_ros2/share/sllidar_ros2/launch/sllidar_a3_launch.py
[3.494s] -- Up-to-date symlink: /home/pi/ugv_ws/install/sllidar_ros2/share/sllidar_ros2/launch/sllidar_c1_launch.py
[3.495s] -- Up-to-date symlink: /home/pi/ugv_ws/install/sllidar_ros2/share/sllidar_ros2/launch/sllidar_s1_launch.py
[3.495s] -- Up-to-date symlink: /home/pi/ugv_ws/install/sllidar_ros2/share/sllidar_ros2/launch/sllidar_s1_tcp_launch.py
[3.499s] -- Up-to-date symlink: /home/pi/ugv_ws/install/sllidar_ros2/share/sllidar_ros2/launch/sllidar_s2_launch.py
[3.500s] -- Up-to-date symlink: /home/pi/ugv_ws/install/sllidar_ros2/share/sllidar_ros2/launch/sllidar_s2e_launch.py
[3.501s] -- Up-to-date symlink: /home/pi/ugv_ws/install/sllidar_ros2/share/sllidar_ros2/launch/sllidar_s3_launch.py
[3.501s] -- Up-to-date symlink: /home/pi/ugv_ws/install/sllidar_ros2/share/sllidar_ros2/launch/sllidar_t1_launch.py
[3.502s] -- Up-to-date symlink: /home/pi/ugv_ws/install/sllidar_ros2/share/sllidar_ros2/launch/view_sllidar_a1_launch.py
[3.503s] -- Up-to-date symlink: /home/pi/ugv_ws/install/sllidar_ros2/share/sllidar_ros2/launch/view_sllidar_a2m12_launch.py
[3.504s] -- Up-to-date symlink: /home/pi/ugv_ws/install/sllidar_ros2/share/sllidar_ros2/launch/view_sllidar_a2m7_launch.py
[3.506s] -- Up-to-date symlink: /home/pi/ugv_ws/install/sllidar_ros2/share/sllidar_ros2/launch/view_sllidar_a2m8_launch.py
[3.507s] -- Up-to-date symlink: /home/pi/ugv_ws/install/sllidar_ros2/share/sllidar_ros2/launch/view_sllidar_a3_launch.py
[3.508s] -- Up-to-date symlink: /home/pi/ugv_ws/install/sllidar_ros2/share/sllidar_ros2/launch/view_sllidar_c1_launch.py
[3.508s] -- Up-to-date symlink: /home/pi/ugv_ws/install/sllidar_ros2/share/sllidar_ros2/launch/view_sllidar_s1_launch.py
[3.509s] -- Up-to-date symlink: /home/pi/ugv_ws/install/sllidar_ros2/share/sllidar_ros2/launch/view_sllidar_s1_tcp_launch.py
[3.510s] -- Up-to-date symlink: /home/pi/ugv_ws/install/sllidar_ros2/share/sllidar_ros2/launch/view_sllidar_s2_launch.py
[3.511s] -- Up-to-date symlink: /home/pi/ugv_ws/install/sllidar_ros2/share/sllidar_ros2/launch/view_sllidar_s2e_launch.py
[3.512s] -- Up-to-date symlink: /home/pi/ugv_ws/install/sllidar_ros2/share/sllidar_ros2/launch/view_sllidar_s3_launch.py
[3.513s] -- Up-to-date symlink: /home/pi/ugv_ws/install/sllidar_ros2/share/sllidar_ros2/launch/view_sllidar_t1_launch.py
[3.514s] -- Up-to-date symlink: /home/pi/ugv_ws/install/sllidar_ros2/share/sllidar_ros2/rviz/sllidar_ros2.rviz
[3.515s] -- Up-to-date symlink: /home/pi/ugv_ws/install/sllidar_ros2/lib/sllidar_ros2/sllidar_node
[3.516s] -- Up-to-date symlink: /home/pi/ugv_ws/install/sllidar_ros2/lib/sllidar_ros2/sllidar_client
[3.517s] -- Up-to-date symlink: /home/pi/ugv_ws/install/sllidar_ros2/share/ament_index/resource_index/package_run_dependencies/sllidar_ros2
[3.518s] -- Up-to-date symlink: /home/pi/ugv_ws/install/sllidar_ros2/share/ament_index/resource_index/parent_prefix_path/sllidar_ros2
[3.519s] -- Up-to-date symlink: /home/pi/ugv_ws/install/sllidar_ros2/share/sllidar_ros2/environment/ament_prefix_path.sh
[3.521s] -- Up-to-date symlink: /home/pi/ugv_ws/install/sllidar_ros2/share/sllidar_ros2/environment/ament_prefix_path.dsv
[3.521s] -- Up-to-date symlink: /home/pi/ugv_ws/install/sllidar_ros2/share/sllidar_ros2/environment/path.sh
[3.522s] -- Up-to-date symlink: /home/pi/ugv_ws/install/sllidar_ros2/share/sllidar_ros2/environment/path.dsv
[3.523s] -- Up-to-date symlink: /home/pi/ugv_ws/install/sllidar_ros2/share/sllidar_ros2/local_setup.bash
[3.524s] -- Up-to-date symlink: /home/pi/ugv_ws/install/sllidar_ros2/share/sllidar_ros2/local_setup.sh
[3.524s] -- Up-to-date symlink: /home/pi/ugv_ws/install/sllidar_ros2/share/sllidar_ros2/local_setup.zsh
[3.525s] -- Up-to-date symlink: /home/pi/ugv_ws/install/sllidar_ros2/share/sllidar_ros2/local_setup.dsv
[3.526s] -- Symlinking: /home/pi/ugv_ws/install/sllidar_ros2/share/sllidar_ros2/package.dsv
[3.580s] -- Up-to-date symlink: /home/pi/ugv_ws/install/sllidar_ros2/share/ament_index/resource_index/packages/sllidar_ros2
[3.582s] -- Up-to-date symlink: /home/pi/ugv_ws/install/sllidar_ros2/share/sllidar_ros2/cmake/ament_cmake_export_dependencies-extras.cmake
[3.585s] -- Up-to-date symlink: /home/pi/ugv_ws/install/sllidar_ros2/share/sllidar_ros2/cmake/ament_cmake_export_include_directories-extras.cmake
[3.588s] -- Up-to-date symlink: /home/pi/ugv_ws/install/sllidar_ros2/share/sllidar_ros2/cmake/sllidar_ros2Config.cmake
[3.592s] -- Up-to-date symlink: /home/pi/ugv_ws/install/sllidar_ros2/share/sllidar_ros2/cmake/sllidar_ros2Config-version.cmake
[3.595s] -- Up-to-date symlink: /home/pi/ugv_ws/install/sllidar_ros2/share/sllidar_ros2/package.xml
[3.612s] Invoked command in '/home/pi/ugv_ws/build/sllidar_ros2' returned '0': CMAKE_PREFIX_PATH=${CMAKE_PREFIX_PATH}:/home/pi/ugv_ws/install/ugv_web_app:/home/pi/ugv_ws/install/ugv_vision:/home/pi/ugv_ws/install/ugv_tools:/home/pi/ugv_ws/install/ugv_chat_ai:/home/pi/ugv_ws/install/ugv_bringup:/opt/ros/humble /usr/bin/cmake --install /home/pi/ugv_ws/build/sllidar_ros2
