[0.141s] Invoking command in '/home/pi/ugv_ws/build/sllidar_ros2': CMAKE_PREFIX_PATH=${CMAKE_PREFIX_PATH}:/home/pi/ugv_ws/install/ugv_web_app:/home/pi/ugv_ws/install/ugv_vision:/home/pi/ugv_ws/install/ugv_tools:/home/pi/ugv_ws/install/ugv_chat_ai:/home/pi/ugv_ws/install/ugv_bringup:/opt/ros/humble /usr/bin/cmake --build /home/pi/ugv_ws/build/sllidar_ros2 -- -j4 -l4
[1.051s] [ 90%] Built target sllidar_node
[1.297s] [100%] Built target sllidar_client
[3.878s] Invoked command in '/home/pi/ugv_ws/build/sllidar_ros2' returned '0': CMAKE_PREFIX_PATH=${CMAKE_PREFIX_PATH}:/home/pi/ugv_ws/install/ugv_web_app:/home/pi/ugv_ws/install/ugv_vision:/home/pi/ugv_ws/install/ugv_tools:/home/pi/ugv_ws/install/ugv_chat_ai:/home/pi/ugv_ws/install/ugv_bringup:/opt/ros/humble /usr/bin/cmake --build /home/pi/ugv_ws/build/sllidar_ros2 -- -j4 -l4
[3.888s] Invoking command in '/home/pi/ugv_ws/build/sllidar_ros2': CMAKE_PREFIX_PATH=${CMAKE_PREFIX_PATH}:/home/pi/ugv_ws/install/ugv_web_app:/home/pi/ugv_ws/install/ugv_vision:/home/pi/ugv_ws/install/ugv_tools:/home/pi/ugv_ws/install/ugv_chat_ai:/home/pi/ugv_ws/install/ugv_bringup:/opt/ros/humble /usr/bin/cmake --install /home/pi/ugv_ws/build/sllidar_ros2
[4.024s] -- Install configuration: ""
[4.025s] -- Execute custom install script
[4.025s] -- Up-to-date symlink: /home/pi/ugv_ws/install/sllidar_ros2/share/sllidar_ros2/launch/sllidar_a1_launch.py
[4.026s] -- Symlinking: /home/pi/ugv_ws/install/sllidar_ros2/share/sllidar_ros2/launch/sllidar_a2m12_launch.py
[4.082s] -- Up-to-date symlink: /home/pi/ugv_ws/install/sllidar_ros2/share/sllidar_ros2/launch/sllidar_a2m7_launch.py
[4.083s] -- Up-to-date symlink: /home/pi/ugv_ws/install/sllidar_ros2/share/sllidar_ros2/launch/sllidar_a2m8_launch.py
[4.084s] -- Up-to-date symlink: /home/pi/ugv_ws/install/sllidar_ros2/share/sllidar_ros2/launch/sllidar_a3_launch.py
[4.085s] -- Up-to-date symlink: /home/pi/ugv_ws/install/sllidar_ros2/share/sllidar_ros2/launch/sllidar_c1_launch.py
[4.085s] -- Up-to-date symlink: /home/pi/ugv_ws/install/sllidar_ros2/share/sllidar_ros2/launch/sllidar_s1_launch.py
[4.090s] -- Up-to-date symlink: /home/pi/ugv_ws/install/sllidar_ros2/share/sllidar_ros2/launch/sllidar_s1_tcp_launch.py
[4.094s] -- Up-to-date symlink: /home/pi/ugv_ws/install/sllidar_ros2/share/sllidar_ros2/launch/sllidar_s2_launch.py
[4.094s] -- Up-to-date symlink: /home/pi/ugv_ws/install/sllidar_ros2/share/sllidar_ros2/launch/sllidar_s2e_launch.py
[4.098s] -- Up-to-date symlink: /home/pi/ugv_ws/install/sllidar_ros2/share/sllidar_ros2/launch/sllidar_s3_launch.py
[4.105s] -- Up-to-date symlink: /home/pi/ugv_ws/install/sllidar_ros2/share/sllidar_ros2/launch/sllidar_t1_launch.py
[4.115s] -- Up-to-date symlink: /home/pi/ugv_ws/install/sllidar_ros2/share/sllidar_ros2/launch/view_sllidar_a1_launch.py
[4.116s] -- Up-to-date symlink: /home/pi/ugv_ws/install/sllidar_ros2/share/sllidar_ros2/launch/view_sllidar_a2m12_launch.py
[4.120s] -- Up-to-date symlink: /home/pi/ugv_ws/install/sllidar_ros2/share/sllidar_ros2/launch/view_sllidar_a2m7_launch.py
[4.121s] -- Up-to-date symlink: /home/pi/ugv_ws/install/sllidar_ros2/share/sllidar_ros2/launch/view_sllidar_a2m8_launch.py
[4.121s] -- Up-to-date symlink: /home/pi/ugv_ws/install/sllidar_ros2/share/sllidar_ros2/launch/view_sllidar_a3_launch.py
[4.128s] -- Up-to-date symlink: /home/pi/ugv_ws/install/sllidar_ros2/share/sllidar_ros2/launch/view_sllidar_c1_launch.py
[4.130s] -- Up-to-date symlink: /home/pi/ugv_ws/install/sllidar_ros2/share/sllidar_ros2/launch/view_sllidar_s1_launch.py
[4.133s] -- Up-to-date symlink: /home/pi/ugv_ws/install/sllidar_ros2/share/sllidar_ros2/launch/view_sllidar_s1_tcp_launch.py
[4.134s] -- Up-to-date symlink: /home/pi/ugv_ws/install/sllidar_ros2/share/sllidar_ros2/launch/view_sllidar_s2_launch.py
[4.146s] -- Up-to-date symlink: /home/pi/ugv_ws/install/sllidar_ros2/share/sllidar_ros2/launch/view_sllidar_s2e_launch.py
[4.148s] -- Up-to-date symlink: /home/pi/ugv_ws/install/sllidar_ros2/share/sllidar_ros2/launch/view_sllidar_s3_launch.py
[4.150s] -- Up-to-date symlink: /home/pi/ugv_ws/install/sllidar_ros2/share/sllidar_ros2/launch/view_sllidar_t1_launch.py
[4.153s] -- Up-to-date symlink: /home/pi/ugv_ws/install/sllidar_ros2/share/sllidar_ros2/rviz/sllidar_ros2.rviz
[4.156s] -- Up-to-date symlink: /home/pi/ugv_ws/install/sllidar_ros2/lib/sllidar_ros2/sllidar_node
[4.158s] -- Up-to-date symlink: /home/pi/ugv_ws/install/sllidar_ros2/lib/sllidar_ros2/sllidar_client
[4.174s] -- Up-to-date symlink: /home/pi/ugv_ws/install/sllidar_ros2/share/ament_index/resource_index/package_run_dependencies/sllidar_ros2
[4.177s] -- Up-to-date symlink: /home/pi/ugv_ws/install/sllidar_ros2/share/ament_index/resource_index/parent_prefix_path/sllidar_ros2
[4.180s] -- Up-to-date symlink: /home/pi/ugv_ws/install/sllidar_ros2/share/sllidar_ros2/environment/ament_prefix_path.sh
[4.183s] -- Up-to-date symlink: /home/pi/ugv_ws/install/sllidar_ros2/share/sllidar_ros2/environment/ament_prefix_path.dsv
[4.186s] -- Up-to-date symlink: /home/pi/ugv_ws/install/sllidar_ros2/share/sllidar_ros2/environment/path.sh
[4.189s] -- Up-to-date symlink: /home/pi/ugv_ws/install/sllidar_ros2/share/sllidar_ros2/environment/path.dsv
[4.192s] -- Up-to-date symlink: /home/pi/ugv_ws/install/sllidar_ros2/share/sllidar_ros2/local_setup.bash
[4.194s] -- Up-to-date symlink: /home/pi/ugv_ws/install/sllidar_ros2/share/sllidar_ros2/local_setup.sh
[4.206s] -- Up-to-date symlink: /home/pi/ugv_ws/install/sllidar_ros2/share/sllidar_ros2/local_setup.zsh
[4.220s] -- Up-to-date symlink: /home/pi/ugv_ws/install/sllidar_ros2/share/sllidar_ros2/local_setup.dsv
[4.229s] -- Symlinking: /home/pi/ugv_ws/install/sllidar_ros2/share/sllidar_ros2/package.dsv
[4.327s] -- Up-to-date symlink: /home/pi/ugv_ws/install/sllidar_ros2/share/ament_index/resource_index/packages/sllidar_ros2
[4.329s] -- Up-to-date symlink: /home/pi/ugv_ws/install/sllidar_ros2/share/sllidar_ros2/cmake/ament_cmake_export_dependencies-extras.cmake
[4.332s] -- Up-to-date symlink: /home/pi/ugv_ws/install/sllidar_ros2/share/sllidar_ros2/cmake/ament_cmake_export_include_directories-extras.cmake
[4.334s] -- Up-to-date symlink: /home/pi/ugv_ws/install/sllidar_ros2/share/sllidar_ros2/cmake/sllidar_ros2Config.cmake
[4.336s] -- Up-to-date symlink: /home/pi/ugv_ws/install/sllidar_ros2/share/sllidar_ros2/cmake/sllidar_ros2Config-version.cmake
[4.339s] -- Up-to-date symlink: /home/pi/ugv_ws/install/sllidar_ros2/share/sllidar_ros2/package.xml
[7.148s] Invoked command in '/home/pi/ugv_ws/build/sllidar_ros2' returned '0': CMAKE_PREFIX_PATH=${CMAKE_PREFIX_PATH}:/home/pi/ugv_ws/install/ugv_web_app:/home/pi/ugv_ws/install/ugv_vision:/home/pi/ugv_ws/install/ugv_tools:/home/pi/ugv_ws/install/ugv_chat_ai:/home/pi/ugv_ws/install/ugv_bringup:/opt/ros/humble /usr/bin/cmake --install /home/pi/ugv_ws/build/sllidar_ros2
