[  5%] [32mBuilding CXX object CMakeFiles/sllidar_node.dir/src/sllidar_node.cpp.o[0m
In file included from [01m[K/home/pi/ugv_ws/src/ugv_else/sllidar_ros2/./sdk/include/sl_lidar_cmd.h:41[m[K,
                 from [01m[K/home/pi/ugv_ws/src/ugv_else/sllidar_ros2/./sdk/include/sl_lidar_driver.h:54[m[K,
                 from [01m[K/home/pi/ugv_ws/src/ugv_else/sllidar_ros2/./sdk/include/sl_lidar.h:36[m[K,
                 from [01m[K/home/pi/ugv_ws/src/ugv_else/sllidar_ros2/src/sllidar_node.cpp:38[m[K:
[01m[K/home/pi/ugv_ws/src/ugv_else/sllidar_ros2/./sdk/include/sl_lidar_protocol.h:66:16:[m[K [01;35m[Kwarning: [m[KISO C++ forbids zero-size array ‘[01m[Kdata[m[K’ [[01;35m[K]8;;https://gcc.gnu.org/onlinedocs/gcc/Warning-Options.html#index-Wpedantic-Wpedantic]8;;[m[K]
   66 |     sl_u8 data[[01;35m[K0[m[K];
      |                [01;35m[K^[m[K
In file included from [01m[K/home/pi/ugv_ws/src/ugv_else/sllidar_ros2/./sdk/include/sl_lidar_driver.h:54[m[K,
                 from [01m[K/home/pi/ugv_ws/src/ugv_else/sllidar_ros2/./sdk/include/sl_lidar.h:36[m[K,
                 from [01m[K/home/pi/ugv_ws/src/ugv_else/sllidar_ros2/src/sllidar_node.cpp:38[m[K:
[01m[K/home/pi/ugv_ws/src/ugv_else/sllidar_ros2/./sdk/include/sl_lidar_cmd.h:324:20:[m[K [01;35m[Kwarning: [m[KISO C++ forbids zero-size array ‘[01m[Kpayload[m[K’ [[01;35m[K]8;;https://gcc.gnu.org/onlinedocs/gcc/Warning-Options.html#index-Wpedantic-Wpedantic]8;;[m[K]
  324 |     sl_u8  payload[[01;35m[K0[m[K];
      |                    [01;35m[K^[m[K
[ 10%] [32m[1mLinking CXX executable sllidar_node[0m
[ 90%] Built target sllidar_node
[100%] Built target sllidar_client
-- Install configuration: ""
-- Execute custom install script
-- Up-to-date symlink: /home/pi/ugv_ws/install/sllidar_ros2/share/sllidar_ros2/launch/sllidar_a1_launch.py
-- Up-to-date symlink: /home/pi/ugv_ws/install/sllidar_ros2/share/sllidar_ros2/launch/sllidar_a2m12_launch.py
-- Up-to-date symlink: /home/pi/ugv_ws/install/sllidar_ros2/share/sllidar_ros2/launch/sllidar_a2m7_launch.py
-- Up-to-date symlink: /home/pi/ugv_ws/install/sllidar_ros2/share/sllidar_ros2/launch/sllidar_a2m8_launch.py
-- Up-to-date symlink: /home/pi/ugv_ws/install/sllidar_ros2/share/sllidar_ros2/launch/sllidar_a3_launch.py
-- Up-to-date symlink: /home/pi/ugv_ws/install/sllidar_ros2/share/sllidar_ros2/launch/sllidar_c1_launch.py
-- Up-to-date symlink: /home/pi/ugv_ws/install/sllidar_ros2/share/sllidar_ros2/launch/sllidar_s1_launch.py
-- Up-to-date symlink: /home/pi/ugv_ws/install/sllidar_ros2/share/sllidar_ros2/launch/sllidar_s1_tcp_launch.py
-- Up-to-date symlink: /home/pi/ugv_ws/install/sllidar_ros2/share/sllidar_ros2/launch/sllidar_s2_launch.py
-- Up-to-date symlink: /home/pi/ugv_ws/install/sllidar_ros2/share/sllidar_ros2/launch/sllidar_s2e_launch.py
-- Up-to-date symlink: /home/pi/ugv_ws/install/sllidar_ros2/share/sllidar_ros2/launch/sllidar_s3_launch.py
-- Up-to-date symlink: /home/pi/ugv_ws/install/sllidar_ros2/share/sllidar_ros2/launch/sllidar_t1_launch.py
-- Up-to-date symlink: /home/pi/ugv_ws/install/sllidar_ros2/share/sllidar_ros2/launch/view_sllidar_a1_launch.py
-- Up-to-date symlink: /home/pi/ugv_ws/install/sllidar_ros2/share/sllidar_ros2/launch/view_sllidar_a2m12_launch.py
-- Up-to-date symlink: /home/pi/ugv_ws/install/sllidar_ros2/share/sllidar_ros2/launch/view_sllidar_a2m7_launch.py
-- Up-to-date symlink: /home/pi/ugv_ws/install/sllidar_ros2/share/sllidar_ros2/launch/view_sllidar_a2m8_launch.py
-- Up-to-date symlink: /home/pi/ugv_ws/install/sllidar_ros2/share/sllidar_ros2/launch/view_sllidar_a3_launch.py
-- Up-to-date symlink: /home/pi/ugv_ws/install/sllidar_ros2/share/sllidar_ros2/launch/view_sllidar_c1_launch.py
-- Up-to-date symlink: /home/pi/ugv_ws/install/sllidar_ros2/share/sllidar_ros2/launch/view_sllidar_s1_launch.py
-- Up-to-date symlink: /home/pi/ugv_ws/install/sllidar_ros2/share/sllidar_ros2/launch/view_sllidar_s1_tcp_launch.py
-- Up-to-date symlink: /home/pi/ugv_ws/install/sllidar_ros2/share/sllidar_ros2/launch/view_sllidar_s2_launch.py
-- Up-to-date symlink: /home/pi/ugv_ws/install/sllidar_ros2/share/sllidar_ros2/launch/view_sllidar_s2e_launch.py
-- Up-to-date symlink: /home/pi/ugv_ws/install/sllidar_ros2/share/sllidar_ros2/launch/view_sllidar_s3_launch.py
-- Up-to-date symlink: /home/pi/ugv_ws/install/sllidar_ros2/share/sllidar_ros2/launch/view_sllidar_t1_launch.py
-- Up-to-date symlink: /home/pi/ugv_ws/install/sllidar_ros2/share/sllidar_ros2/rviz/sllidar_ros2.rviz
-- Up-to-date symlink: /home/pi/ugv_ws/install/sllidar_ros2/lib/sllidar_ros2/sllidar_node
-- Up-to-date symlink: /home/pi/ugv_ws/install/sllidar_ros2/lib/sllidar_ros2/sllidar_client
-- Up-to-date symlink: /home/pi/ugv_ws/install/sllidar_ros2/share/ament_index/resource_index/package_run_dependencies/sllidar_ros2
-- Up-to-date symlink: /home/pi/ugv_ws/install/sllidar_ros2/share/ament_index/resource_index/parent_prefix_path/sllidar_ros2
-- Up-to-date symlink: /home/pi/ugv_ws/install/sllidar_ros2/share/sllidar_ros2/environment/ament_prefix_path.sh
-- Up-to-date symlink: /home/pi/ugv_ws/install/sllidar_ros2/share/sllidar_ros2/environment/ament_prefix_path.dsv
-- Up-to-date symlink: /home/pi/ugv_ws/install/sllidar_ros2/share/sllidar_ros2/environment/path.sh
-- Up-to-date symlink: /home/pi/ugv_ws/install/sllidar_ros2/share/sllidar_ros2/environment/path.dsv
-- Up-to-date symlink: /home/pi/ugv_ws/install/sllidar_ros2/share/sllidar_ros2/local_setup.bash
-- Up-to-date symlink: /home/pi/ugv_ws/install/sllidar_ros2/share/sllidar_ros2/local_setup.sh
-- Up-to-date symlink: /home/pi/ugv_ws/install/sllidar_ros2/share/sllidar_ros2/local_setup.zsh
-- Up-to-date symlink: /home/pi/ugv_ws/install/sllidar_ros2/share/sllidar_ros2/local_setup.dsv
-- Symlinking: /home/pi/ugv_ws/install/sllidar_ros2/share/sllidar_ros2/package.dsv
-- Up-to-date symlink: /home/pi/ugv_ws/install/sllidar_ros2/share/ament_index/resource_index/packages/sllidar_ros2
-- Up-to-date symlink: /home/pi/ugv_ws/install/sllidar_ros2/share/sllidar_ros2/cmake/ament_cmake_export_dependencies-extras.cmake
-- Up-to-date symlink: /home/pi/ugv_ws/install/sllidar_ros2/share/sllidar_ros2/cmake/ament_cmake_export_include_directories-extras.cmake
-- Up-to-date symlink: /home/pi/ugv_ws/install/sllidar_ros2/share/sllidar_ros2/cmake/sllidar_ros2Config.cmake
-- Up-to-date symlink: /home/pi/ugv_ws/install/sllidar_ros2/share/sllidar_ros2/cmake/sllidar_ros2Config-version.cmake
-- Up-to-date symlink: /home/pi/ugv_ws/install/sllidar_ros2/share/sllidar_ros2/package.xml
