[0.173s] Invoking command in '/home/pi/ugv_ws/build/vizanti_msgs': CMAKE_PREFIX_PATH=${CMAKE_PREFIX_PATH}:/home/pi/ugv_ws/install/ugv_web_app:/home/pi/ugv_ws/install/ugv_vision:/home/pi/ugv_ws/install/ugv_tools:/home/pi/ugv_ws/install/ugv_chat_ai:/home/pi/ugv_ws/install/ugv_bringup:/opt/ros/humble /usr/bin/cmake --build /home/pi/ugv_ws/build/vizanti_msgs -- -j4 -l4
[0.680s] [  0%] Built target vizanti_msgs__cpp
[0.733s] [ 12%] Built target vizanti_msgs__rosidl_generator_c
[0.930s] [ 12%] Built target ament_cmake_python_symlink_vizanti_msgs
[1.265s] [ 23%] Built target vizanti_msgs__rosidl_typesupport_fastrtps_cpp
[1.294s] [ 35%] Built target vizanti_msgs__rosidl_typesupport_cpp
[1.455s] [ 47%] Built target vizanti_msgs__rosidl_typesupport_introspection_cpp
[1.716s] [ 60%] Built target vizanti_msgs__rosidl_typesupport_fastrtps_c
[1.734s] [ 71%] Built target vizanti_msgs__rosidl_typesupport_introspection_c
[1.855s] [ 82%] Built target vizanti_msgs__rosidl_typesupport_c
[2.242s] [ 82%] Built target vizanti_msgs
[2.605s] [ 83%] Built target vizanti_msgs__py
[2.917s] [ 94%] Built target vizanti_msgs__rosidl_generator_py
[3.334s] [ 96%] Built target vizanti_msgs__rosidl_typesupport_fastrtps_c__pyext
[3.369s] [ 98%] Built target vizanti_msgs__rosidl_typesupport_introspection_c__pyext
[3.470s] [100%] Built target vizanti_msgs__rosidl_typesupport_c__pyext
[5.627s] running egg_info
[5.627s] writing vizanti_msgs.egg-info/PKG-INFO
[5.627s] writing dependency_links to vizanti_msgs.egg-info/dependency_links.txt
[5.637s] writing top-level names to vizanti_msgs.egg-info/top_level.txt
[5.637s] reading manifest file 'vizanti_msgs.egg-info/SOURCES.txt'
[5.638s] writing manifest file 'vizanti_msgs.egg-info/SOURCES.txt'
[5.962s] [100%] Built target ament_cmake_python_build_vizanti_msgs_egg
[6.371s] Invoked command in '/home/pi/ugv_ws/build/vizanti_msgs' returned '0': CMAKE_PREFIX_PATH=${CMAKE_PREFIX_PATH}:/home/pi/ugv_ws/install/ugv_web_app:/home/pi/ugv_ws/install/ugv_vision:/home/pi/ugv_ws/install/ugv_tools:/home/pi/ugv_ws/install/ugv_chat_ai:/home/pi/ugv_ws/install/ugv_bringup:/opt/ros/humble /usr/bin/cmake --build /home/pi/ugv_ws/build/vizanti_msgs -- -j4 -l4
[6.384s] Invoking command in '/home/pi/ugv_ws/build/vizanti_msgs': CMAKE_PREFIX_PATH=${CMAKE_PREFIX_PATH}:/home/pi/ugv_ws/install/ugv_web_app:/home/pi/ugv_ws/install/ugv_vision:/home/pi/ugv_ws/install/ugv_tools:/home/pi/ugv_ws/install/ugv_chat_ai:/home/pi/ugv_ws/install/ugv_bringup:/opt/ros/humble /usr/bin/cmake --install /home/pi/ugv_ws/build/vizanti_msgs
[6.480s] -- Install configuration: ""
[6.481s] -- Execute custom install script
[6.487s] -- Up-to-date symlink: /home/pi/ugv_ws/install/vizanti_msgs/share/ament_index/resource_index/rosidl_interfaces/vizanti_msgs
[6.490s] -- Up-to-date symlink: /home/pi/ugv_ws/install/vizanti_msgs/include/vizanti_msgs/vizanti_msgs/msg/rosidl_generator_c__visibility_control.h
[6.492s] -- Up-to-date symlink: /home/pi/ugv_ws/install/vizanti_msgs/include/vizanti_msgs/vizanti_msgs/srv/detail/get_node_parameters__functions.h
[6.492s] -- Up-to-date symlink: /home/pi/ugv_ws/install/vizanti_msgs/include/vizanti_msgs/vizanti_msgs/srv/detail/get_node_parameters__struct.h
[6.495s] -- Up-to-date symlink: /home/pi/ugv_ws/install/vizanti_msgs/include/vizanti_msgs/vizanti_msgs/srv/detail/get_node_parameters__type_support.h
[6.496s] -- Up-to-date symlink: /home/pi/ugv_ws/install/vizanti_msgs/include/vizanti_msgs/vizanti_msgs/srv/detail/launches__functions.h
[6.498s] -- Up-to-date symlink: /home/pi/ugv_ws/install/vizanti_msgs/include/vizanti_msgs/vizanti_msgs/srv/detail/launches__struct.h
[6.498s] -- Up-to-date symlink: /home/pi/ugv_ws/install/vizanti_msgs/include/vizanti_msgs/vizanti_msgs/srv/detail/launches__type_support.h
[6.499s] -- Up-to-date symlink: /home/pi/ugv_ws/install/vizanti_msgs/include/vizanti_msgs/vizanti_msgs/srv/detail/list_executables__functions.h
[6.499s] -- Up-to-date symlink: /home/pi/ugv_ws/install/vizanti_msgs/include/vizanti_msgs/vizanti_msgs/srv/detail/list_executables__struct.h
[6.500s] -- Up-to-date symlink: /home/pi/ugv_ws/install/vizanti_msgs/include/vizanti_msgs/vizanti_msgs/srv/detail/list_executables__type_support.h
[6.500s] -- Up-to-date symlink: /home/pi/ugv_ws/install/vizanti_msgs/include/vizanti_msgs/vizanti_msgs/srv/detail/list_packages__functions.h
[6.501s] -- Up-to-date symlink: /home/pi/ugv_ws/install/vizanti_msgs/include/vizanti_msgs/vizanti_msgs/srv/detail/list_packages__struct.h
[6.501s] -- Up-to-date symlink: /home/pi/ugv_ws/install/vizanti_msgs/include/vizanti_msgs/vizanti_msgs/srv/detail/list_packages__type_support.h
[6.502s] -- Up-to-date symlink: /home/pi/ugv_ws/install/vizanti_msgs/include/vizanti_msgs/vizanti_msgs/srv/detail/load_map__functions.h
[6.502s] -- Up-to-date symlink: /home/pi/ugv_ws/install/vizanti_msgs/include/vizanti_msgs/vizanti_msgs/srv/detail/load_map__struct.h
[6.523s] -- Up-to-date symlink: /home/pi/ugv_ws/install/vizanti_msgs/include/vizanti_msgs/vizanti_msgs/srv/detail/load_map__type_support.h
[6.534s] -- Up-to-date symlink: /home/pi/ugv_ws/install/vizanti_msgs/include/vizanti_msgs/vizanti_msgs/srv/detail/manage_launch__functions.h
[6.535s] -- Up-to-date symlink: /home/pi/ugv_ws/install/vizanti_msgs/include/vizanti_msgs/vizanti_msgs/srv/detail/manage_launch__struct.h
[6.535s] -- Up-to-date symlink: /home/pi/ugv_ws/install/vizanti_msgs/include/vizanti_msgs/vizanti_msgs/srv/detail/manage_launch__type_support.h
[6.538s] -- Up-to-date symlink: /home/pi/ugv_ws/install/vizanti_msgs/include/vizanti_msgs/vizanti_msgs/srv/detail/manage_node__functions.h
[6.540s] -- Up-to-date symlink: /home/pi/ugv_ws/install/vizanti_msgs/include/vizanti_msgs/vizanti_msgs/srv/detail/manage_node__struct.h
[6.540s] -- Up-to-date symlink: /home/pi/ugv_ws/install/vizanti_msgs/include/vizanti_msgs/vizanti_msgs/srv/detail/manage_node__type_support.h
[6.541s] -- Up-to-date symlink: /home/pi/ugv_ws/install/vizanti_msgs/include/vizanti_msgs/vizanti_msgs/srv/detail/record_rosbag__functions.h
[6.542s] -- Up-to-date symlink: /home/pi/ugv_ws/install/vizanti_msgs/include/vizanti_msgs/vizanti_msgs/srv/detail/record_rosbag__struct.h
[6.542s] -- Up-to-date symlink: /home/pi/ugv_ws/install/vizanti_msgs/include/vizanti_msgs/vizanti_msgs/srv/detail/record_rosbag__type_support.h
[6.543s] -- Up-to-date symlink: /home/pi/ugv_ws/install/vizanti_msgs/include/vizanti_msgs/vizanti_msgs/srv/detail/save_map__functions.h
[6.544s] -- Up-to-date symlink: /home/pi/ugv_ws/install/vizanti_msgs/include/vizanti_msgs/vizanti_msgs/srv/detail/save_map__struct.h
[6.545s] -- Up-to-date symlink: /home/pi/ugv_ws/install/vizanti_msgs/include/vizanti_msgs/vizanti_msgs/srv/detail/save_map__type_support.h
[6.545s] -- Up-to-date symlink: /home/pi/ugv_ws/install/vizanti_msgs/include/vizanti_msgs/vizanti_msgs/srv/detail/set_node_parameter__functions.h
[6.547s] -- Up-to-date symlink: /home/pi/ugv_ws/install/vizanti_msgs/include/vizanti_msgs/vizanti_msgs/srv/detail/set_node_parameter__struct.h
[6.550s] -- Up-to-date symlink: /home/pi/ugv_ws/install/vizanti_msgs/include/vizanti_msgs/vizanti_msgs/srv/detail/set_node_parameter__type_support.h
[6.552s] -- Up-to-date symlink: /home/pi/ugv_ws/install/vizanti_msgs/include/vizanti_msgs/vizanti_msgs/srv/get_node_parameters.h
[6.555s] -- Up-to-date symlink: /home/pi/ugv_ws/install/vizanti_msgs/include/vizanti_msgs/vizanti_msgs/srv/launches.h
[6.558s] -- Up-to-date symlink: /home/pi/ugv_ws/install/vizanti_msgs/include/vizanti_msgs/vizanti_msgs/srv/list_executables.h
[6.567s] -- Up-to-date symlink: /home/pi/ugv_ws/install/vizanti_msgs/include/vizanti_msgs/vizanti_msgs/srv/list_packages.h
[6.568s] -- Up-to-date symlink: /home/pi/ugv_ws/install/vizanti_msgs/include/vizanti_msgs/vizanti_msgs/srv/load_map.h
[6.578s] -- Up-to-date symlink: /home/pi/ugv_ws/install/vizanti_msgs/include/vizanti_msgs/vizanti_msgs/srv/manage_launch.h
[6.579s] -- Up-to-date symlink: /home/pi/ugv_ws/install/vizanti_msgs/include/vizanti_msgs/vizanti_msgs/srv/manage_node.h
[6.580s] -- Up-to-date symlink: /home/pi/ugv_ws/install/vizanti_msgs/include/vizanti_msgs/vizanti_msgs/srv/record_rosbag.h
[6.580s] -- Up-to-date symlink: /home/pi/ugv_ws/install/vizanti_msgs/include/vizanti_msgs/vizanti_msgs/srv/save_map.h
[6.581s] -- Up-to-date symlink: /home/pi/ugv_ws/install/vizanti_msgs/include/vizanti_msgs/vizanti_msgs/srv/set_node_parameter.h
[6.581s] -- Up-to-date symlink: /home/pi/ugv_ws/install/vizanti_msgs/share/vizanti_msgs/environment/library_path.sh
[6.588s] -- Up-to-date symlink: /home/pi/ugv_ws/install/vizanti_msgs/share/vizanti_msgs/environment/library_path.dsv
[6.596s] -- Up-to-date symlink: /home/pi/ugv_ws/install/vizanti_msgs/include/vizanti_msgs/vizanti_msgs/msg/rosidl_typesupport_fastrtps_c__visibility_control.h
[6.597s] -- Up-to-date symlink: /home/pi/ugv_ws/install/vizanti_msgs/include/vizanti_msgs/vizanti_msgs/srv/detail/get_node_parameters__rosidl_typesupport_fastrtps_c.h
[6.597s] -- Up-to-date symlink: /home/pi/ugv_ws/install/vizanti_msgs/include/vizanti_msgs/vizanti_msgs/srv/detail/launches__rosidl_typesupport_fastrtps_c.h
[6.598s] -- Up-to-date symlink: /home/pi/ugv_ws/install/vizanti_msgs/include/vizanti_msgs/vizanti_msgs/srv/detail/list_executables__rosidl_typesupport_fastrtps_c.h
[6.598s] -- Up-to-date symlink: /home/pi/ugv_ws/install/vizanti_msgs/include/vizanti_msgs/vizanti_msgs/srv/detail/list_packages__rosidl_typesupport_fastrtps_c.h
[6.599s] -- Up-to-date symlink: /home/pi/ugv_ws/install/vizanti_msgs/include/vizanti_msgs/vizanti_msgs/srv/detail/load_map__rosidl_typesupport_fastrtps_c.h
[6.599s] -- Up-to-date symlink: /home/pi/ugv_ws/install/vizanti_msgs/include/vizanti_msgs/vizanti_msgs/srv/detail/manage_launch__rosidl_typesupport_fastrtps_c.h
[6.599s] -- Up-to-date symlink: /home/pi/ugv_ws/install/vizanti_msgs/include/vizanti_msgs/vizanti_msgs/srv/detail/manage_node__rosidl_typesupport_fastrtps_c.h
[6.600s] -- Up-to-date symlink: /home/pi/ugv_ws/install/vizanti_msgs/include/vizanti_msgs/vizanti_msgs/srv/detail/record_rosbag__rosidl_typesupport_fastrtps_c.h
[6.604s] -- Up-to-date symlink: /home/pi/ugv_ws/install/vizanti_msgs/include/vizanti_msgs/vizanti_msgs/srv/detail/save_map__rosidl_typesupport_fastrtps_c.h
[6.612s] -- Up-to-date symlink: /home/pi/ugv_ws/install/vizanti_msgs/include/vizanti_msgs/vizanti_msgs/srv/detail/set_node_parameter__rosidl_typesupport_fastrtps_c.h
[6.627s] -- Up-to-date symlink: /home/pi/ugv_ws/install/vizanti_msgs/include/vizanti_msgs/vizanti_msgs/msg/rosidl_typesupport_introspection_c__visibility_control.h
[6.627s] -- Up-to-date symlink: /home/pi/ugv_ws/install/vizanti_msgs/include/vizanti_msgs/vizanti_msgs/srv/detail/get_node_parameters__rosidl_typesupport_introspection_c.h
[6.629s] -- Up-to-date symlink: /home/pi/ugv_ws/install/vizanti_msgs/include/vizanti_msgs/vizanti_msgs/srv/detail/launches__rosidl_typesupport_introspection_c.h
[6.629s] -- Up-to-date symlink: /home/pi/ugv_ws/install/vizanti_msgs/include/vizanti_msgs/vizanti_msgs/srv/detail/list_executables__rosidl_typesupport_introspection_c.h
[6.630s] -- Up-to-date symlink: /home/pi/ugv_ws/install/vizanti_msgs/include/vizanti_msgs/vizanti_msgs/srv/detail/list_packages__rosidl_typesupport_introspection_c.h
[6.630s] -- Up-to-date symlink: /home/pi/ugv_ws/install/vizanti_msgs/include/vizanti_msgs/vizanti_msgs/srv/detail/load_map__rosidl_typesupport_introspection_c.h
[6.631s] -- Up-to-date symlink: /home/pi/ugv_ws/install/vizanti_msgs/include/vizanti_msgs/vizanti_msgs/srv/detail/manage_launch__rosidl_typesupport_introspection_c.h
[6.631s] -- Up-to-date symlink: /home/pi/ugv_ws/install/vizanti_msgs/include/vizanti_msgs/vizanti_msgs/srv/detail/manage_node__rosidl_typesupport_introspection_c.h
[6.632s] -- Up-to-date symlink: /home/pi/ugv_ws/install/vizanti_msgs/include/vizanti_msgs/vizanti_msgs/srv/detail/record_rosbag__rosidl_typesupport_introspection_c.h
[6.633s] -- Up-to-date symlink: /home/pi/ugv_ws/install/vizanti_msgs/include/vizanti_msgs/vizanti_msgs/srv/detail/save_map__rosidl_typesupport_introspection_c.h
[6.633s] -- Up-to-date symlink: /home/pi/ugv_ws/install/vizanti_msgs/include/vizanti_msgs/vizanti_msgs/srv/detail/set_node_parameter__rosidl_typesupport_introspection_c.h
[6.633s] -- Up-to-date symlink: /home/pi/ugv_ws/install/vizanti_msgs/include/vizanti_msgs/vizanti_msgs/msg/rosidl_generator_cpp__visibility_control.hpp
[6.634s] -- Up-to-date symlink: /home/pi/ugv_ws/install/vizanti_msgs/include/vizanti_msgs/vizanti_msgs/srv/detail/get_node_parameters__builder.hpp
[6.634s] -- Up-to-date symlink: /home/pi/ugv_ws/install/vizanti_msgs/include/vizanti_msgs/vizanti_msgs/srv/detail/get_node_parameters__struct.hpp
[6.636s] -- Up-to-date symlink: /home/pi/ugv_ws/install/vizanti_msgs/include/vizanti_msgs/vizanti_msgs/srv/detail/get_node_parameters__traits.hpp
[6.645s] -- Up-to-date symlink: /home/pi/ugv_ws/install/vizanti_msgs/include/vizanti_msgs/vizanti_msgs/srv/detail/get_node_parameters__type_support.hpp
[6.645s] -- Up-to-date symlink: /home/pi/ugv_ws/install/vizanti_msgs/include/vizanti_msgs/vizanti_msgs/srv/detail/launches__builder.hpp
[6.646s] -- Up-to-date symlink: /home/pi/ugv_ws/install/vizanti_msgs/include/vizanti_msgs/vizanti_msgs/srv/detail/launches__struct.hpp
[6.647s] -- Up-to-date symlink: /home/pi/ugv_ws/install/vizanti_msgs/include/vizanti_msgs/vizanti_msgs/srv/detail/launches__traits.hpp
[6.648s] -- Up-to-date symlink: /home/pi/ugv_ws/install/vizanti_msgs/include/vizanti_msgs/vizanti_msgs/srv/detail/launches__type_support.hpp
[6.648s] -- Up-to-date symlink: /home/pi/ugv_ws/install/vizanti_msgs/include/vizanti_msgs/vizanti_msgs/srv/detail/list_executables__builder.hpp
[6.649s] -- Up-to-date symlink: /home/pi/ugv_ws/install/vizanti_msgs/include/vizanti_msgs/vizanti_msgs/srv/detail/list_executables__struct.hpp
[6.649s] -- Up-to-date symlink: /home/pi/ugv_ws/install/vizanti_msgs/include/vizanti_msgs/vizanti_msgs/srv/detail/list_executables__traits.hpp
[6.650s] -- Up-to-date symlink: /home/pi/ugv_ws/install/vizanti_msgs/include/vizanti_msgs/vizanti_msgs/srv/detail/list_executables__type_support.hpp
[6.650s] -- Up-to-date symlink: /home/pi/ugv_ws/install/vizanti_msgs/include/vizanti_msgs/vizanti_msgs/srv/detail/list_packages__builder.hpp
[6.650s] -- Up-to-date symlink: /home/pi/ugv_ws/install/vizanti_msgs/include/vizanti_msgs/vizanti_msgs/srv/detail/list_packages__struct.hpp
[6.651s] -- Up-to-date symlink: /home/pi/ugv_ws/install/vizanti_msgs/include/vizanti_msgs/vizanti_msgs/srv/detail/list_packages__traits.hpp
[6.651s] -- Up-to-date symlink: /home/pi/ugv_ws/install/vizanti_msgs/include/vizanti_msgs/vizanti_msgs/srv/detail/list_packages__type_support.hpp
[6.652s] -- Up-to-date symlink: /home/pi/ugv_ws/install/vizanti_msgs/include/vizanti_msgs/vizanti_msgs/srv/detail/load_map__builder.hpp
[6.652s] -- Up-to-date symlink: /home/pi/ugv_ws/install/vizanti_msgs/include/vizanti_msgs/vizanti_msgs/srv/detail/load_map__struct.hpp
[6.653s] -- Up-to-date symlink: /home/pi/ugv_ws/install/vizanti_msgs/include/vizanti_msgs/vizanti_msgs/srv/detail/load_map__traits.hpp
[6.653s] -- Up-to-date symlink: /home/pi/ugv_ws/install/vizanti_msgs/include/vizanti_msgs/vizanti_msgs/srv/detail/load_map__type_support.hpp
[6.653s] -- Up-to-date symlink: /home/pi/ugv_ws/install/vizanti_msgs/include/vizanti_msgs/vizanti_msgs/srv/detail/manage_launch__builder.hpp
[6.654s] -- Up-to-date symlink: /home/pi/ugv_ws/install/vizanti_msgs/include/vizanti_msgs/vizanti_msgs/srv/detail/manage_launch__struct.hpp
[6.656s] -- Up-to-date symlink: /home/pi/ugv_ws/install/vizanti_msgs/include/vizanti_msgs/vizanti_msgs/srv/detail/manage_launch__traits.hpp
[6.656s] -- Up-to-date symlink: /home/pi/ugv_ws/install/vizanti_msgs/include/vizanti_msgs/vizanti_msgs/srv/detail/manage_launch__type_support.hpp
[6.664s] -- Up-to-date symlink: /home/pi/ugv_ws/install/vizanti_msgs/include/vizanti_msgs/vizanti_msgs/srv/detail/manage_node__builder.hpp
[6.665s] -- Up-to-date symlink: /home/pi/ugv_ws/install/vizanti_msgs/include/vizanti_msgs/vizanti_msgs/srv/detail/manage_node__struct.hpp
[6.666s] -- Up-to-date symlink: /home/pi/ugv_ws/install/vizanti_msgs/include/vizanti_msgs/vizanti_msgs/srv/detail/manage_node__traits.hpp
[6.666s] -- Up-to-date symlink: /home/pi/ugv_ws/install/vizanti_msgs/include/vizanti_msgs/vizanti_msgs/srv/detail/manage_node__type_support.hpp
[6.667s] -- Up-to-date symlink: /home/pi/ugv_ws/install/vizanti_msgs/include/vizanti_msgs/vizanti_msgs/srv/detail/record_rosbag__builder.hpp
[6.668s] -- Up-to-date symlink: /home/pi/ugv_ws/install/vizanti_msgs/include/vizanti_msgs/vizanti_msgs/srv/detail/record_rosbag__struct.hpp
[6.668s] -- Up-to-date symlink: /home/pi/ugv_ws/install/vizanti_msgs/include/vizanti_msgs/vizanti_msgs/srv/detail/record_rosbag__traits.hpp
[6.674s] -- Up-to-date symlink: /home/pi/ugv_ws/install/vizanti_msgs/include/vizanti_msgs/vizanti_msgs/srv/detail/record_rosbag__type_support.hpp
[6.675s] -- Up-to-date symlink: /home/pi/ugv_ws/install/vizanti_msgs/include/vizanti_msgs/vizanti_msgs/srv/detail/save_map__builder.hpp
[6.675s] -- Up-to-date symlink: /home/pi/ugv_ws/install/vizanti_msgs/include/vizanti_msgs/vizanti_msgs/srv/detail/save_map__struct.hpp
[6.676s] -- Up-to-date symlink: /home/pi/ugv_ws/install/vizanti_msgs/include/vizanti_msgs/vizanti_msgs/srv/detail/save_map__traits.hpp
[6.676s] -- Up-to-date symlink: /home/pi/ugv_ws/install/vizanti_msgs/include/vizanti_msgs/vizanti_msgs/srv/detail/save_map__type_support.hpp
[6.680s] -- Up-to-date symlink: /home/pi/ugv_ws/install/vizanti_msgs/include/vizanti_msgs/vizanti_msgs/srv/detail/set_node_parameter__builder.hpp
[6.681s] -- Up-to-date symlink: /home/pi/ugv_ws/install/vizanti_msgs/include/vizanti_msgs/vizanti_msgs/srv/detail/set_node_parameter__struct.hpp
[6.681s] -- Up-to-date symlink: /home/pi/ugv_ws/install/vizanti_msgs/include/vizanti_msgs/vizanti_msgs/srv/detail/set_node_parameter__traits.hpp
[6.682s] -- Up-to-date symlink: /home/pi/ugv_ws/install/vizanti_msgs/include/vizanti_msgs/vizanti_msgs/srv/detail/set_node_parameter__type_support.hpp
[6.683s] -- Up-to-date symlink: /home/pi/ugv_ws/install/vizanti_msgs/include/vizanti_msgs/vizanti_msgs/srv/get_node_parameters.hpp
[6.684s] -- Up-to-date symlink: /home/pi/ugv_ws/install/vizanti_msgs/include/vizanti_msgs/vizanti_msgs/srv/launches.hpp
[6.688s] -- Up-to-date symlink: /home/pi/ugv_ws/install/vizanti_msgs/include/vizanti_msgs/vizanti_msgs/srv/list_executables.hpp
[6.689s] -- Up-to-date symlink: /home/pi/ugv_ws/install/vizanti_msgs/include/vizanti_msgs/vizanti_msgs/srv/list_packages.hpp
[6.692s] -- Up-to-date symlink: /home/pi/ugv_ws/install/vizanti_msgs/include/vizanti_msgs/vizanti_msgs/srv/load_map.hpp
[6.692s] -- Up-to-date symlink: /home/pi/ugv_ws/install/vizanti_msgs/include/vizanti_msgs/vizanti_msgs/srv/manage_launch.hpp
[6.693s] -- Up-to-date symlink: /home/pi/ugv_ws/install/vizanti_msgs/include/vizanti_msgs/vizanti_msgs/srv/manage_node.hpp
[6.694s] -- Up-to-date symlink: /home/pi/ugv_ws/install/vizanti_msgs/include/vizanti_msgs/vizanti_msgs/srv/record_rosbag.hpp
[6.694s] -- Up-to-date symlink: /home/pi/ugv_ws/install/vizanti_msgs/include/vizanti_msgs/vizanti_msgs/srv/save_map.hpp
[6.696s] -- Up-to-date symlink: /home/pi/ugv_ws/install/vizanti_msgs/include/vizanti_msgs/vizanti_msgs/srv/set_node_parameter.hpp
[6.697s] -- Up-to-date symlink: /home/pi/ugv_ws/install/vizanti_msgs/include/vizanti_msgs/vizanti_msgs/msg/rosidl_typesupport_fastrtps_cpp__visibility_control.h
[6.697s] -- Up-to-date symlink: /home/pi/ugv_ws/install/vizanti_msgs/include/vizanti_msgs/vizanti_msgs/srv/detail/get_node_parameters__rosidl_typesupport_fastrtps_cpp.hpp
[6.697s] -- Up-to-date symlink: /home/pi/ugv_ws/install/vizanti_msgs/include/vizanti_msgs/vizanti_msgs/srv/detail/launches__rosidl_typesupport_fastrtps_cpp.hpp
[6.698s] -- Up-to-date symlink: /home/pi/ugv_ws/install/vizanti_msgs/include/vizanti_msgs/vizanti_msgs/srv/detail/list_executables__rosidl_typesupport_fastrtps_cpp.hpp
[6.701s] -- Up-to-date symlink: /home/pi/ugv_ws/install/vizanti_msgs/include/vizanti_msgs/vizanti_msgs/srv/detail/list_packages__rosidl_typesupport_fastrtps_cpp.hpp
[6.703s] -- Up-to-date symlink: /home/pi/ugv_ws/install/vizanti_msgs/include/vizanti_msgs/vizanti_msgs/srv/detail/load_map__rosidl_typesupport_fastrtps_cpp.hpp
[6.706s] -- Up-to-date symlink: /home/pi/ugv_ws/install/vizanti_msgs/include/vizanti_msgs/vizanti_msgs/srv/detail/manage_launch__rosidl_typesupport_fastrtps_cpp.hpp
[6.708s] -- Up-to-date symlink: /home/pi/ugv_ws/install/vizanti_msgs/include/vizanti_msgs/vizanti_msgs/srv/detail/manage_node__rosidl_typesupport_fastrtps_cpp.hpp
[6.710s] -- Up-to-date symlink: /home/pi/ugv_ws/install/vizanti_msgs/include/vizanti_msgs/vizanti_msgs/srv/detail/record_rosbag__rosidl_typesupport_fastrtps_cpp.hpp
[6.711s] -- Up-to-date symlink: /home/pi/ugv_ws/install/vizanti_msgs/include/vizanti_msgs/vizanti_msgs/srv/detail/save_map__rosidl_typesupport_fastrtps_cpp.hpp
[6.712s] -- Up-to-date symlink: /home/pi/ugv_ws/install/vizanti_msgs/include/vizanti_msgs/vizanti_msgs/srv/detail/set_node_parameter__rosidl_typesupport_fastrtps_cpp.hpp
[6.714s] -- Up-to-date symlink: /home/pi/ugv_ws/install/vizanti_msgs/include/vizanti_msgs/vizanti_msgs/srv/detail/get_node_parameters__rosidl_typesupport_introspection_cpp.hpp
[6.716s] -- Up-to-date symlink: /home/pi/ugv_ws/install/vizanti_msgs/include/vizanti_msgs/vizanti_msgs/srv/detail/launches__rosidl_typesupport_introspection_cpp.hpp
[6.718s] -- Up-to-date symlink: /home/pi/ugv_ws/install/vizanti_msgs/include/vizanti_msgs/vizanti_msgs/srv/detail/list_executables__rosidl_typesupport_introspection_cpp.hpp
[6.721s] -- Up-to-date symlink: /home/pi/ugv_ws/install/vizanti_msgs/include/vizanti_msgs/vizanti_msgs/srv/detail/list_packages__rosidl_typesupport_introspection_cpp.hpp
[6.723s] -- Up-to-date symlink: /home/pi/ugv_ws/install/vizanti_msgs/include/vizanti_msgs/vizanti_msgs/srv/detail/load_map__rosidl_typesupport_introspection_cpp.hpp
[6.724s] -- Up-to-date symlink: /home/pi/ugv_ws/install/vizanti_msgs/include/vizanti_msgs/vizanti_msgs/srv/detail/manage_launch__rosidl_typesupport_introspection_cpp.hpp
[6.727s] -- Up-to-date symlink: /home/pi/ugv_ws/install/vizanti_msgs/include/vizanti_msgs/vizanti_msgs/srv/detail/manage_node__rosidl_typesupport_introspection_cpp.hpp
[6.727s] -- Up-to-date symlink: /home/pi/ugv_ws/install/vizanti_msgs/include/vizanti_msgs/vizanti_msgs/srv/detail/record_rosbag__rosidl_typesupport_introspection_cpp.hpp
[6.730s] -- Up-to-date symlink: /home/pi/ugv_ws/install/vizanti_msgs/include/vizanti_msgs/vizanti_msgs/srv/detail/save_map__rosidl_typesupport_introspection_cpp.hpp
[6.732s] -- Up-to-date symlink: /home/pi/ugv_ws/install/vizanti_msgs/include/vizanti_msgs/vizanti_msgs/srv/detail/set_node_parameter__rosidl_typesupport_introspection_cpp.hpp
[6.732s] -- Up-to-date symlink: /home/pi/ugv_ws/install/vizanti_msgs/share/vizanti_msgs/environment/pythonpath.sh
[6.734s] -- Up-to-date symlink: /home/pi/ugv_ws/install/vizanti_msgs/share/vizanti_msgs/environment/pythonpath.dsv
[6.737s] -- Up-to-date symlink: /home/pi/ugv_ws/install/vizanti_msgs/local/lib/python3.10/dist-packages/vizanti_msgs-0.1.0-py3.10.egg-info/PKG-INFO
[6.739s] -- Up-to-date symlink: /home/pi/ugv_ws/install/vizanti_msgs/local/lib/python3.10/dist-packages/vizanti_msgs-0.1.0-py3.10.egg-info/SOURCES.txt
[6.741s] -- Up-to-date symlink: /home/pi/ugv_ws/install/vizanti_msgs/local/lib/python3.10/dist-packages/vizanti_msgs-0.1.0-py3.10.egg-info/dependency_links.txt
[6.744s] -- Up-to-date symlink: /home/pi/ugv_ws/install/vizanti_msgs/local/lib/python3.10/dist-packages/vizanti_msgs-0.1.0-py3.10.egg-info/top_level.txt
[6.746s] -- Up-to-date symlink: /home/pi/ugv_ws/install/vizanti_msgs/local/lib/python3.10/dist-packages/vizanti_msgs/__init__.py
[6.747s] -- Up-to-date symlink: /home/pi/ugv_ws/install/vizanti_msgs/local/lib/python3.10/dist-packages/vizanti_msgs/_vizanti_msgs_s.ep.rosidl_typesupport_c.c
[6.756s] -- Up-to-date symlink: /home/pi/ugv_ws/install/vizanti_msgs/local/lib/python3.10/dist-packages/vizanti_msgs/_vizanti_msgs_s.ep.rosidl_typesupport_fastrtps_c.c
[6.757s] -- Up-to-date symlink: /home/pi/ugv_ws/install/vizanti_msgs/local/lib/python3.10/dist-packages/vizanti_msgs/_vizanti_msgs_s.ep.rosidl_typesupport_introspection_c.c
[6.758s] -- Up-to-date symlink: /home/pi/ugv_ws/install/vizanti_msgs/local/lib/python3.10/dist-packages/vizanti_msgs/libvizanti_msgs__rosidl_generator_py.so
[6.775s] -- Up-to-date symlink: /home/pi/ugv_ws/install/vizanti_msgs/local/lib/python3.10/dist-packages/vizanti_msgs/srv/__init__.py
[6.776s] -- Up-to-date symlink: /home/pi/ugv_ws/install/vizanti_msgs/local/lib/python3.10/dist-packages/vizanti_msgs/srv/_get_node_parameters.py
[6.777s] -- Up-to-date symlink: /home/pi/ugv_ws/install/vizanti_msgs/local/lib/python3.10/dist-packages/vizanti_msgs/srv/_get_node_parameters_s.c
[6.777s] -- Up-to-date symlink: /home/pi/ugv_ws/install/vizanti_msgs/local/lib/python3.10/dist-packages/vizanti_msgs/srv/_launches.py
[6.778s] -- Up-to-date symlink: /home/pi/ugv_ws/install/vizanti_msgs/local/lib/python3.10/dist-packages/vizanti_msgs/srv/_launches_s.c
[6.778s] -- Up-to-date symlink: /home/pi/ugv_ws/install/vizanti_msgs/local/lib/python3.10/dist-packages/vizanti_msgs/srv/_list_executables.py
[6.779s] -- Up-to-date symlink: /home/pi/ugv_ws/install/vizanti_msgs/local/lib/python3.10/dist-packages/vizanti_msgs/srv/_list_executables_s.c
[6.779s] -- Up-to-date symlink: /home/pi/ugv_ws/install/vizanti_msgs/local/lib/python3.10/dist-packages/vizanti_msgs/srv/_list_packages.py
[6.779s] -- Up-to-date symlink: /home/pi/ugv_ws/install/vizanti_msgs/local/lib/python3.10/dist-packages/vizanti_msgs/srv/_list_packages_s.c
[6.780s] -- Up-to-date symlink: /home/pi/ugv_ws/install/vizanti_msgs/local/lib/python3.10/dist-packages/vizanti_msgs/srv/_load_map.py
[6.780s] -- Up-to-date symlink: /home/pi/ugv_ws/install/vizanti_msgs/local/lib/python3.10/dist-packages/vizanti_msgs/srv/_load_map_s.c
[6.781s] -- Up-to-date symlink: /home/pi/ugv_ws/install/vizanti_msgs/local/lib/python3.10/dist-packages/vizanti_msgs/srv/_manage_launch.py
[6.781s] -- Up-to-date symlink: /home/pi/ugv_ws/install/vizanti_msgs/local/lib/python3.10/dist-packages/vizanti_msgs/srv/_manage_launch_s.c
[6.782s] -- Up-to-date symlink: /home/pi/ugv_ws/install/vizanti_msgs/local/lib/python3.10/dist-packages/vizanti_msgs/srv/_manage_node.py
[6.782s] -- Up-to-date symlink: /home/pi/ugv_ws/install/vizanti_msgs/local/lib/python3.10/dist-packages/vizanti_msgs/srv/_manage_node_s.c
[6.782s] -- Up-to-date symlink: /home/pi/ugv_ws/install/vizanti_msgs/local/lib/python3.10/dist-packages/vizanti_msgs/srv/_record_rosbag.py
[6.783s] -- Up-to-date symlink: /home/pi/ugv_ws/install/vizanti_msgs/local/lib/python3.10/dist-packages/vizanti_msgs/srv/_record_rosbag_s.c
[6.783s] -- Up-to-date symlink: /home/pi/ugv_ws/install/vizanti_msgs/local/lib/python3.10/dist-packages/vizanti_msgs/srv/_save_map.py
[6.800s] -- Up-to-date symlink: /home/pi/ugv_ws/install/vizanti_msgs/local/lib/python3.10/dist-packages/vizanti_msgs/srv/_save_map_s.c
[6.801s] -- Up-to-date symlink: /home/pi/ugv_ws/install/vizanti_msgs/local/lib/python3.10/dist-packages/vizanti_msgs/srv/_set_node_parameter.py
[6.802s] -- Up-to-date symlink: /home/pi/ugv_ws/install/vizanti_msgs/local/lib/python3.10/dist-packages/vizanti_msgs/srv/_set_node_parameter_s.c
[6.802s] -- Up-to-date symlink: /home/pi/ugv_ws/install/vizanti_msgs/local/lib/python3.10/dist-packages/vizanti_msgs/vizanti_msgs_s__rosidl_typesupport_c.cpython-310-aarch64-linux-gnu.so
[6.803s] -- Up-to-date symlink: /home/pi/ugv_ws/install/vizanti_msgs/local/lib/python3.10/dist-packages/vizanti_msgs/vizanti_msgs_s__rosidl_typesupport_fastrtps_c.cpython-310-aarch64-linux-gnu.so
[6.803s] -- Up-to-date symlink: /home/pi/ugv_ws/install/vizanti_msgs/local/lib/python3.10/dist-packages/vizanti_msgs/vizanti_msgs_s__rosidl_typesupport_introspection_c.cpython-310-aarch64-linux-gnu.so
[6.813s] -- Up-to-date symlink: /home/pi/ugv_ws/install/vizanti_msgs/local/lib/python3.10/dist-packages/vizanti_msgs/vizanti_msgs_s__rosidl_typesupport_fastrtps_c.cpython-310-aarch64-linux-gnu.so
[6.813s] -- Up-to-date symlink: /home/pi/ugv_ws/install/vizanti_msgs/local/lib/python3.10/dist-packages/vizanti_msgs/vizanti_msgs_s__rosidl_typesupport_introspection_c.cpython-310-aarch64-linux-gnu.so
[6.814s] -- Up-to-date symlink: /home/pi/ugv_ws/install/vizanti_msgs/local/lib/python3.10/dist-packages/vizanti_msgs/vizanti_msgs_s__rosidl_typesupport_c.cpython-310-aarch64-linux-gnu.so
[6.814s] -- Up-to-date symlink: /home/pi/ugv_ws/install/vizanti_msgs/share/vizanti_msgs/srv/GetNodeParameters.idl
[6.815s] -- Up-to-date symlink: /home/pi/ugv_ws/install/vizanti_msgs/share/vizanti_msgs/srv/SetNodeParameter.idl
[6.815s] -- Up-to-date symlink: /home/pi/ugv_ws/install/vizanti_msgs/share/vizanti_msgs/srv/SaveMap.idl
[6.816s] -- Up-to-date symlink: /home/pi/ugv_ws/install/vizanti_msgs/share/vizanti_msgs/srv/LoadMap.idl
[6.817s] -- Up-to-date symlink: /home/pi/ugv_ws/install/vizanti_msgs/share/vizanti_msgs/srv/Launches.idl
[6.818s] -- Up-to-date symlink: /home/pi/ugv_ws/install/vizanti_msgs/share/vizanti_msgs/srv/RecordRosbag.idl
[6.819s] -- Up-to-date symlink: /home/pi/ugv_ws/install/vizanti_msgs/share/vizanti_msgs/srv/ManageNode.idl
[6.819s] -- Up-to-date symlink: /home/pi/ugv_ws/install/vizanti_msgs/share/vizanti_msgs/srv/ManageLaunch.idl
[6.820s] -- Up-to-date symlink: /home/pi/ugv_ws/install/vizanti_msgs/share/vizanti_msgs/srv/ListPackages.idl
[6.820s] -- Up-to-date symlink: /home/pi/ugv_ws/install/vizanti_msgs/share/vizanti_msgs/srv/ListExecutables.idl
[6.821s] -- Up-to-date symlink: /home/pi/ugv_ws/install/vizanti_msgs/share/vizanti_msgs/srv/GetNodeParameters.srv
[6.822s] -- Up-to-date symlink: /home/pi/ugv_ws/install/vizanti_msgs/share/vizanti_msgs/srv/GetNodeParameters_Request.msg
[6.822s] -- Up-to-date symlink: /home/pi/ugv_ws/install/vizanti_msgs/share/vizanti_msgs/srv/GetNodeParameters_Response.msg
[6.823s] -- Up-to-date symlink: /home/pi/ugv_ws/install/vizanti_msgs/share/vizanti_msgs/srv/SetNodeParameter.srv
[6.823s] -- Up-to-date symlink: /home/pi/ugv_ws/install/vizanti_msgs/share/vizanti_msgs/srv/SetNodeParameter_Request.msg
[6.833s] -- Up-to-date symlink: /home/pi/ugv_ws/install/vizanti_msgs/share/vizanti_msgs/srv/SetNodeParameter_Response.msg
[6.833s] -- Up-to-date symlink: /home/pi/ugv_ws/install/vizanti_msgs/share/vizanti_msgs/srv/SaveMap.srv
[6.834s] -- Up-to-date symlink: /home/pi/ugv_ws/install/vizanti_msgs/share/vizanti_msgs/srv/SaveMap_Request.msg
[6.834s] -- Up-to-date symlink: /home/pi/ugv_ws/install/vizanti_msgs/share/vizanti_msgs/srv/SaveMap_Response.msg
[6.835s] -- Up-to-date symlink: /home/pi/ugv_ws/install/vizanti_msgs/share/vizanti_msgs/srv/LoadMap.srv
[6.838s] -- Up-to-date symlink: /home/pi/ugv_ws/install/vizanti_msgs/share/vizanti_msgs/srv/LoadMap_Request.msg
[6.844s] -- Up-to-date symlink: /home/pi/ugv_ws/install/vizanti_msgs/share/vizanti_msgs/srv/LoadMap_Response.msg
[6.845s] -- Up-to-date symlink: /home/pi/ugv_ws/install/vizanti_msgs/share/vizanti_msgs/srv/Launches.srv
[6.845s] -- Up-to-date symlink: /home/pi/ugv_ws/install/vizanti_msgs/share/vizanti_msgs/srv/Launches_Request.msg
[6.846s] -- Up-to-date symlink: /home/pi/ugv_ws/install/vizanti_msgs/share/vizanti_msgs/srv/Launches_Response.msg
[6.847s] -- Up-to-date symlink: /home/pi/ugv_ws/install/vizanti_msgs/share/vizanti_msgs/srv/RecordRosbag.srv
[6.847s] -- Up-to-date symlink: /home/pi/ugv_ws/install/vizanti_msgs/share/vizanti_msgs/srv/RecordRosbag_Request.msg
[6.848s] -- Up-to-date symlink: /home/pi/ugv_ws/install/vizanti_msgs/share/vizanti_msgs/srv/RecordRosbag_Response.msg
[6.856s] -- Up-to-date symlink: /home/pi/ugv_ws/install/vizanti_msgs/share/vizanti_msgs/srv/ManageNode.srv
[6.857s] -- Up-to-date symlink: /home/pi/ugv_ws/install/vizanti_msgs/share/vizanti_msgs/srv/ManageNode_Request.msg
[6.858s] -- Up-to-date symlink: /home/pi/ugv_ws/install/vizanti_msgs/share/vizanti_msgs/srv/ManageNode_Response.msg
[6.858s] -- Up-to-date symlink: /home/pi/ugv_ws/install/vizanti_msgs/share/vizanti_msgs/srv/ManageLaunch.srv
[6.859s] -- Up-to-date symlink: /home/pi/ugv_ws/install/vizanti_msgs/share/vizanti_msgs/srv/ManageLaunch_Request.msg
[6.861s] -- Up-to-date symlink: /home/pi/ugv_ws/install/vizanti_msgs/share/vizanti_msgs/srv/ManageLaunch_Response.msg
[6.862s] -- Up-to-date symlink: /home/pi/ugv_ws/install/vizanti_msgs/share/vizanti_msgs/srv/ListPackages.srv
[6.863s] -- Up-to-date symlink: /home/pi/ugv_ws/install/vizanti_msgs/share/vizanti_msgs/srv/ListPackages_Request.msg
[6.863s] -- Up-to-date symlink: /home/pi/ugv_ws/install/vizanti_msgs/share/vizanti_msgs/srv/ListPackages_Response.msg
[6.864s] -- Up-to-date symlink: /home/pi/ugv_ws/install/vizanti_msgs/share/vizanti_msgs/srv/ListExecutables.srv
[6.865s] -- Up-to-date symlink: /home/pi/ugv_ws/install/vizanti_msgs/share/vizanti_msgs/srv/ListExecutables_Request.msg
[6.869s] -- Up-to-date symlink: /home/pi/ugv_ws/install/vizanti_msgs/share/vizanti_msgs/srv/ListExecutables_Response.msg
[6.869s] -- Up-to-date symlink: /home/pi/ugv_ws/install/vizanti_msgs/share/ament_index/resource_index/package_run_dependencies/vizanti_msgs
[6.870s] -- Up-to-date symlink: /home/pi/ugv_ws/install/vizanti_msgs/share/ament_index/resource_index/parent_prefix_path/vizanti_msgs
[6.870s] -- Up-to-date symlink: /home/pi/ugv_ws/install/vizanti_msgs/share/vizanti_msgs/environment/ament_prefix_path.sh
[6.871s] -- Up-to-date symlink: /home/pi/ugv_ws/install/vizanti_msgs/share/vizanti_msgs/environment/ament_prefix_path.dsv
[6.872s] -- Up-to-date symlink: /home/pi/ugv_ws/install/vizanti_msgs/share/vizanti_msgs/environment/path.sh
[6.873s] -- Up-to-date symlink: /home/pi/ugv_ws/install/vizanti_msgs/share/vizanti_msgs/environment/path.dsv
[6.873s] -- Up-to-date symlink: /home/pi/ugv_ws/install/vizanti_msgs/share/vizanti_msgs/local_setup.bash
[6.874s] -- Up-to-date symlink: /home/pi/ugv_ws/install/vizanti_msgs/share/vizanti_msgs/local_setup.sh
[6.875s] -- Up-to-date symlink: /home/pi/ugv_ws/install/vizanti_msgs/share/vizanti_msgs/local_setup.zsh
[6.875s] -- Up-to-date symlink: /home/pi/ugv_ws/install/vizanti_msgs/share/vizanti_msgs/local_setup.dsv
[6.876s] -- Symlinking: /home/pi/ugv_ws/install/vizanti_msgs/share/vizanti_msgs/package.dsv
[6.887s] -- Up-to-date symlink: /home/pi/ugv_ws/install/vizanti_msgs/share/ament_index/resource_index/packages/vizanti_msgs
[6.887s] -- Up-to-date symlink: /home/pi/ugv_ws/install/vizanti_msgs/share/vizanti_msgs/cmake/rosidl_cmake-extras.cmake
[6.888s] -- Up-to-date symlink: /home/pi/ugv_ws/install/vizanti_msgs/share/vizanti_msgs/cmake/ament_cmake_export_dependencies-extras.cmake
[6.888s] -- Up-to-date symlink: /home/pi/ugv_ws/install/vizanti_msgs/share/vizanti_msgs/cmake/ament_cmake_export_include_directories-extras.cmake
[6.889s] -- Up-to-date symlink: /home/pi/ugv_ws/install/vizanti_msgs/share/vizanti_msgs/cmake/ament_cmake_export_libraries-extras.cmake
[6.889s] -- Up-to-date symlink: /home/pi/ugv_ws/install/vizanti_msgs/share/vizanti_msgs/cmake/ament_cmake_export_targets-extras.cmake
[6.890s] -- Up-to-date symlink: /home/pi/ugv_ws/install/vizanti_msgs/share/vizanti_msgs/cmake/rosidl_cmake_export_typesupport_targets-extras.cmake
[6.890s] -- Up-to-date symlink: /home/pi/ugv_ws/install/vizanti_msgs/share/vizanti_msgs/cmake/rosidl_cmake_export_typesupport_libraries-extras.cmake
[6.891s] -- Up-to-date symlink: /home/pi/ugv_ws/install/vizanti_msgs/share/vizanti_msgs/cmake/vizanti_msgsConfig.cmake
[6.891s] -- Up-to-date symlink: /home/pi/ugv_ws/install/vizanti_msgs/share/vizanti_msgs/cmake/vizanti_msgsConfig-version.cmake
[6.892s] -- Up-to-date symlink: /home/pi/ugv_ws/install/vizanti_msgs/share/vizanti_msgs/package.xml
[6.892s] -- Up-to-date: /home/pi/ugv_ws/install/vizanti_msgs/lib/libvizanti_msgs__rosidl_generator_c.so
[6.893s] -- Up-to-date: /home/pi/ugv_ws/install/vizanti_msgs/lib/libvizanti_msgs__rosidl_typesupport_fastrtps_c.so
[6.893s] -- Up-to-date: /home/pi/ugv_ws/install/vizanti_msgs/lib/libvizanti_msgs__rosidl_typesupport_introspection_c.so
[6.893s] -- Up-to-date: /home/pi/ugv_ws/install/vizanti_msgs/lib/libvizanti_msgs__rosidl_typesupport_c.so
[6.894s] -- Up-to-date: /home/pi/ugv_ws/install/vizanti_msgs/lib/libvizanti_msgs__rosidl_typesupport_fastrtps_cpp.so
[6.894s] -- Up-to-date: /home/pi/ugv_ws/install/vizanti_msgs/lib/libvizanti_msgs__rosidl_typesupport_introspection_cpp.so
[6.895s] -- Up-to-date: /home/pi/ugv_ws/install/vizanti_msgs/lib/libvizanti_msgs__rosidl_typesupport_cpp.so
[7.163s] Listing '/home/pi/ugv_ws/install/vizanti_msgs/local/lib/python3.10/dist-packages/vizanti_msgs'...
[7.164s] Listing '/home/pi/ugv_ws/install/vizanti_msgs/local/lib/python3.10/dist-packages/vizanti_msgs/srv'...
[7.193s] -- Up-to-date: /home/pi/ugv_ws/install/vizanti_msgs/lib/libvizanti_msgs__rosidl_generator_py.so
[7.195s] -- Up-to-date: /home/pi/ugv_ws/install/vizanti_msgs/share/vizanti_msgs/cmake/export_vizanti_msgs__rosidl_generator_cExport.cmake
[7.197s] -- Up-to-date: /home/pi/ugv_ws/install/vizanti_msgs/share/vizanti_msgs/cmake/export_vizanti_msgs__rosidl_generator_cExport-noconfig.cmake
[7.197s] -- Up-to-date: /home/pi/ugv_ws/install/vizanti_msgs/share/vizanti_msgs/cmake/export_vizanti_msgs__rosidl_typesupport_fastrtps_cExport.cmake
[7.198s] -- Up-to-date: /home/pi/ugv_ws/install/vizanti_msgs/share/vizanti_msgs/cmake/export_vizanti_msgs__rosidl_typesupport_fastrtps_cExport-noconfig.cmake
[7.199s] -- Up-to-date: /home/pi/ugv_ws/install/vizanti_msgs/share/vizanti_msgs/cmake/vizanti_msgs__rosidl_typesupport_introspection_cExport.cmake
[7.199s] -- Up-to-date: /home/pi/ugv_ws/install/vizanti_msgs/share/vizanti_msgs/cmake/vizanti_msgs__rosidl_typesupport_introspection_cExport-noconfig.cmake
[7.200s] -- Up-to-date: /home/pi/ugv_ws/install/vizanti_msgs/share/vizanti_msgs/cmake/vizanti_msgs__rosidl_typesupport_cExport.cmake
[7.201s] -- Up-to-date: /home/pi/ugv_ws/install/vizanti_msgs/share/vizanti_msgs/cmake/vizanti_msgs__rosidl_typesupport_cExport-noconfig.cmake
[7.202s] -- Up-to-date: /home/pi/ugv_ws/install/vizanti_msgs/share/vizanti_msgs/cmake/export_vizanti_msgs__rosidl_generator_cppExport.cmake
[7.202s] -- Up-to-date: /home/pi/ugv_ws/install/vizanti_msgs/share/vizanti_msgs/cmake/export_vizanti_msgs__rosidl_typesupport_fastrtps_cppExport.cmake
[7.203s] -- Up-to-date: /home/pi/ugv_ws/install/vizanti_msgs/share/vizanti_msgs/cmake/export_vizanti_msgs__rosidl_typesupport_fastrtps_cppExport-noconfig.cmake
[7.204s] -- Up-to-date: /home/pi/ugv_ws/install/vizanti_msgs/share/vizanti_msgs/cmake/vizanti_msgs__rosidl_typesupport_introspection_cppExport.cmake
[7.208s] -- Up-to-date: /home/pi/ugv_ws/install/vizanti_msgs/share/vizanti_msgs/cmake/vizanti_msgs__rosidl_typesupport_introspection_cppExport-noconfig.cmake
[7.209s] -- Up-to-date: /home/pi/ugv_ws/install/vizanti_msgs/share/vizanti_msgs/cmake/vizanti_msgs__rosidl_typesupport_cppExport.cmake
[7.209s] -- Up-to-date: /home/pi/ugv_ws/install/vizanti_msgs/share/vizanti_msgs/cmake/vizanti_msgs__rosidl_typesupport_cppExport-noconfig.cmake
[7.210s] -- Up-to-date: /home/pi/ugv_ws/install/vizanti_msgs/share/vizanti_msgs/cmake/export_vizanti_msgs__rosidl_generator_pyExport.cmake
[7.213s] -- Up-to-date: /home/pi/ugv_ws/install/vizanti_msgs/share/vizanti_msgs/cmake/export_vizanti_msgs__rosidl_generator_pyExport-noconfig.cmake
[7.288s] Invoked command in '/home/pi/ugv_ws/build/vizanti_msgs' returned '0': CMAKE_PREFIX_PATH=${CMAKE_PREFIX_PATH}:/home/pi/ugv_ws/install/ugv_web_app:/home/pi/ugv_ws/install/ugv_vision:/home/pi/ugv_ws/install/ugv_tools:/home/pi/ugv_ws/install/ugv_chat_ai:/home/pi/ugv_ws/install/ugv_bringup:/opt/ros/humble /usr/bin/cmake --install /home/pi/ugv_ws/build/vizanti_msgs
