[0.131s] Invoking command in '/home/pi/ugv_ws/build/sllidar_ros2': CMAKE_PREFIX_PATH=${CMAKE_PREFIX_PATH}:/home/pi/ugv_ws/install/ugv_web_app:/home/pi/ugv_ws/install/ugv_vision:/home/pi/ugv_ws/install/ugv_tools:/home/pi/ugv_ws/install/ugv_chat_ai:/home/pi/ugv_ws/install/ugv_bringup:/opt/ros/humble /usr/bin/cmake --build /home/pi/ugv_ws/build/sllidar_ros2 -- -j4 -l4
[0.655s] [ 10%] Built target sllidar_client
[0.731s] [100%] Built target sllidar_node
[0.787s] Invoked command in '/home/pi/ugv_ws/build/sllidar_ros2' returned '0': CMAKE_PREFIX_PATH=${CMAKE_PREFIX_PATH}:/home/pi/ugv_ws/install/ugv_web_app:/home/pi/ugv_ws/install/ugv_vision:/home/pi/ugv_ws/install/ugv_tools:/home/pi/ugv_ws/install/ugv_chat_ai:/home/pi/ugv_ws/install/ugv_bringup:/opt/ros/humble /usr/bin/cmake --build /home/pi/ugv_ws/build/sllidar_ros2 -- -j4 -l4
[0.844s] Invoking command in '/home/pi/ugv_ws/build/sllidar_ros2': CMAKE_PREFIX_PATH=${CMAKE_PREFIX_PATH}:/home/pi/ugv_ws/install/ugv_web_app:/home/pi/ugv_ws/install/ugv_vision:/home/pi/ugv_ws/install/ugv_tools:/home/pi/ugv_ws/install/ugv_chat_ai:/home/pi/ugv_ws/install/ugv_bringup:/opt/ros/humble /usr/bin/cmake --install /home/pi/ugv_ws/build/sllidar_ros2
[0.954s] -- Install configuration: ""
[0.955s] -- Execute custom install script
[0.956s] -- Up-to-date symlink: /home/pi/ugv_ws/install/sllidar_ros2/share/sllidar_ros2/launch/sllidar_a1_launch.py
[0.957s] -- Up-to-date symlink: /home/pi/ugv_ws/install/sllidar_ros2/share/sllidar_ros2/launch/sllidar_a2m12_launch.py
[0.962s] -- Up-to-date symlink: /home/pi/ugv_ws/install/sllidar_ros2/share/sllidar_ros2/launch/sllidar_a2m7_launch.py
[0.963s] -- Up-to-date symlink: /home/pi/ugv_ws/install/sllidar_ros2/share/sllidar_ros2/launch/sllidar_a2m8_launch.py
[0.965s] -- Up-to-date symlink: /home/pi/ugv_ws/install/sllidar_ros2/share/sllidar_ros2/launch/sllidar_a3_launch.py
[0.971s] -- Up-to-date symlink: /home/pi/ugv_ws/install/sllidar_ros2/share/sllidar_ros2/launch/sllidar_c1_launch.py
[0.976s] -- Up-to-date symlink: /home/pi/ugv_ws/install/sllidar_ros2/share/sllidar_ros2/launch/sllidar_s1_launch.py
[0.985s] -- Up-to-date symlink: /home/pi/ugv_ws/install/sllidar_ros2/share/sllidar_ros2/launch/sllidar_s1_tcp_launch.py
[0.993s] -- Up-to-date symlink: /home/pi/ugv_ws/install/sllidar_ros2/share/sllidar_ros2/launch/sllidar_s2_launch.py
[1.006s] -- Up-to-date symlink: /home/pi/ugv_ws/install/sllidar_ros2/share/sllidar_ros2/launch/sllidar_s2e_launch.py
[1.018s] -- Up-to-date symlink: /home/pi/ugv_ws/install/sllidar_ros2/share/sllidar_ros2/launch/sllidar_s3_launch.py
[1.025s] -- Up-to-date symlink: /home/pi/ugv_ws/install/sllidar_ros2/share/sllidar_ros2/launch/sllidar_t1_launch.py
[1.034s] -- Up-to-date symlink: /home/pi/ugv_ws/install/sllidar_ros2/share/sllidar_ros2/launch/view_sllidar_a1_launch.py
[1.042s] -- Up-to-date symlink: /home/pi/ugv_ws/install/sllidar_ros2/share/sllidar_ros2/launch/view_sllidar_a2m12_launch.py
[1.045s] -- Up-to-date symlink: /home/pi/ugv_ws/install/sllidar_ros2/share/sllidar_ros2/launch/view_sllidar_a2m7_launch.py
[1.046s] -- Up-to-date symlink: /home/pi/ugv_ws/install/sllidar_ros2/share/sllidar_ros2/launch/view_sllidar_a2m8_launch.py
[1.062s] -- Up-to-date symlink: /home/pi/ugv_ws/install/sllidar_ros2/share/sllidar_ros2/launch/view_sllidar_a3_launch.py
[1.073s] -- Up-to-date symlink: /home/pi/ugv_ws/install/sllidar_ros2/share/sllidar_ros2/launch/view_sllidar_c1_launch.py
[1.090s] -- Up-to-date symlink: /home/pi/ugv_ws/install/sllidar_ros2/share/sllidar_ros2/launch/view_sllidar_s1_launch.py
[1.100s] -- Up-to-date symlink: /home/pi/ugv_ws/install/sllidar_ros2/share/sllidar_ros2/launch/view_sllidar_s1_tcp_launch.py
[1.107s] -- Up-to-date symlink: /home/pi/ugv_ws/install/sllidar_ros2/share/sllidar_ros2/launch/view_sllidar_s2_launch.py
[1.107s] -- Up-to-date symlink: /home/pi/ugv_ws/install/sllidar_ros2/share/sllidar_ros2/launch/view_sllidar_s2e_launch.py
[1.110s] -- Up-to-date symlink: /home/pi/ugv_ws/install/sllidar_ros2/share/sllidar_ros2/launch/view_sllidar_s3_launch.py
[1.110s] -- Up-to-date symlink: /home/pi/ugv_ws/install/sllidar_ros2/share/sllidar_ros2/launch/view_sllidar_t1_launch.py
[1.116s] -- Up-to-date symlink: /home/pi/ugv_ws/install/sllidar_ros2/share/sllidar_ros2/rviz/sllidar_ros2.rviz
[1.121s] -- Up-to-date symlink: /home/pi/ugv_ws/install/sllidar_ros2/lib/sllidar_ros2/sllidar_node
[1.123s] -- Up-to-date symlink: /home/pi/ugv_ws/install/sllidar_ros2/lib/sllidar_ros2/sllidar_client
[1.125s] -- Up-to-date symlink: /home/pi/ugv_ws/install/sllidar_ros2/share/ament_index/resource_index/package_run_dependencies/sllidar_ros2
[1.130s] -- Up-to-date symlink: /home/pi/ugv_ws/install/sllidar_ros2/share/ament_index/resource_index/parent_prefix_path/sllidar_ros2
[1.132s] -- Up-to-date symlink: /home/pi/ugv_ws/install/sllidar_ros2/share/sllidar_ros2/environment/ament_prefix_path.sh
[1.135s] -- Up-to-date symlink: /home/pi/ugv_ws/install/sllidar_ros2/share/sllidar_ros2/environment/ament_prefix_path.dsv
[1.136s] -- Up-to-date symlink: /home/pi/ugv_ws/install/sllidar_ros2/share/sllidar_ros2/environment/path.sh
[1.137s] -- Up-to-date symlink: /home/pi/ugv_ws/install/sllidar_ros2/share/sllidar_ros2/environment/path.dsv
[1.140s] -- Up-to-date symlink: /home/pi/ugv_ws/install/sllidar_ros2/share/sllidar_ros2/local_setup.bash
[1.142s] -- Up-to-date symlink: /home/pi/ugv_ws/install/sllidar_ros2/share/sllidar_ros2/local_setup.sh
[1.149s] -- Up-to-date symlink: /home/pi/ugv_ws/install/sllidar_ros2/share/sllidar_ros2/local_setup.zsh
[1.151s] -- Up-to-date symlink: /home/pi/ugv_ws/install/sllidar_ros2/share/sllidar_ros2/local_setup.dsv
[1.152s] -- Symlinking: /home/pi/ugv_ws/install/sllidar_ros2/share/sllidar_ros2/package.dsv
[1.210s] -- Up-to-date symlink: /home/pi/ugv_ws/install/sllidar_ros2/share/ament_index/resource_index/packages/sllidar_ros2
[1.231s] -- Up-to-date symlink: /home/pi/ugv_ws/install/sllidar_ros2/share/sllidar_ros2/cmake/ament_cmake_export_dependencies-extras.cmake
[1.234s] -- Up-to-date symlink: /home/pi/ugv_ws/install/sllidar_ros2/share/sllidar_ros2/cmake/ament_cmake_export_include_directories-extras.cmake
[1.234s] -- Up-to-date symlink: /home/pi/ugv_ws/install/sllidar_ros2/share/sllidar_ros2/cmake/sllidar_ros2Config.cmake
[1.235s] -- Up-to-date symlink: /home/pi/ugv_ws/install/sllidar_ros2/share/sllidar_ros2/cmake/sllidar_ros2Config-version.cmake
[1.235s] -- Up-to-date symlink: /home/pi/ugv_ws/install/sllidar_ros2/share/sllidar_ros2/package.xml
[2.861s] Invoked command in '/home/pi/ugv_ws/build/sllidar_ros2' returned '0': CMAKE_PREFIX_PATH=${CMAKE_PREFIX_PATH}:/home/pi/ugv_ws/install/ugv_web_app:/home/pi/ugv_ws/install/ugv_vision:/home/pi/ugv_ws/install/ugv_tools:/home/pi/ugv_ws/install/ugv_chat_ai:/home/pi/ugv_ws/install/ugv_bringup:/opt/ros/humble /usr/bin/cmake --install /home/pi/ugv_ws/build/sllidar_ros2
