[0.259s] Invoking command in '/home/pi/ugv_ws/build/ugv_description': CMAKE_PREFIX_PATH=${CMAKE_PREFIX_PATH}:/home/pi/ugv_ws/install/ugv_web_app:/home/pi/ugv_ws/install/ugv_vision:/home/pi/ugv_ws/install/ugv_tools:/home/pi/ugv_ws/install/ugv_chat_ai:/home/pi/ugv_ws/install/ugv_bringup:/opt/ros/humble /usr/bin/cmake --build /home/pi/ugv_ws/build/ugv_description -- -j4 -l4
[0.572s] Invoked command in '/home/pi/ugv_ws/build/ugv_description' returned '0': CMAKE_PREFIX_PATH=${CMAKE_PREFIX_PATH}:/home/pi/ugv_ws/install/ugv_web_app:/home/pi/ugv_ws/install/ugv_vision:/home/pi/ugv_ws/install/ugv_tools:/home/pi/ugv_ws/install/ugv_chat_ai:/home/pi/ugv_ws/install/ugv_bringup:/opt/ros/humble /usr/bin/cmake --build /home/pi/ugv_ws/build/ugv_description -- -j4 -l4
[0.588s] Invoking command in '/home/pi/ugv_ws/build/ugv_description': CMAKE_PREFIX_PATH=${CMAKE_PREFIX_PATH}:/home/pi/ugv_ws/install/ugv_web_app:/home/pi/ugv_ws/install/ugv_vision:/home/pi/ugv_ws/install/ugv_tools:/home/pi/ugv_ws/install/ugv_chat_ai:/home/pi/ugv_ws/install/ugv_bringup:/opt/ros/humble /usr/bin/cmake --install /home/pi/ugv_ws/build/ugv_description
[0.641s] -- Install configuration: ""
[0.645s] -- Execute custom install script
[0.650s] -- Up-to-date symlink: /home/pi/ugv_ws/install/ugv_description/share/ugv_description/launch/display.launch.py
[0.661s] -- Up-to-date symlink: /home/pi/ugv_ws/install/ugv_description/share/ugv_description/meshes/rasp_rover/base_lidar_link.stl
[0.663s] -- Up-to-date symlink: /home/pi/ugv_ws/install/ugv_description/share/ugv_description/meshes/rasp_rover/base_link.stl
[0.665s] -- Up-to-date symlink: /home/pi/ugv_ws/install/ugv_description/share/ugv_description/meshes/rasp_rover/left_down_wheel_link.stl
[0.667s] -- Up-to-date symlink: /home/pi/ugv_ws/install/ugv_description/share/ugv_description/meshes/rasp_rover/left_up_wheel_link.stl
[0.669s] -- Up-to-date symlink: /home/pi/ugv_ws/install/ugv_description/share/ugv_description/meshes/rasp_rover/pt_base_link.stl
[0.671s] -- Up-to-date symlink: /home/pi/ugv_ws/install/ugv_description/share/ugv_description/meshes/rasp_rover/pt_camera_link.stl
[0.673s] -- Up-to-date symlink: /home/pi/ugv_ws/install/ugv_description/share/ugv_description/meshes/rasp_rover/pt_link1.stl
[0.675s] -- Up-to-date symlink: /home/pi/ugv_ws/install/ugv_description/share/ugv_description/meshes/rasp_rover/pt_link2.stl
[0.677s] -- Up-to-date symlink: /home/pi/ugv_ws/install/ugv_description/share/ugv_description/meshes/rasp_rover/right_down_wheel_link.stl
[0.679s] -- Up-to-date symlink: /home/pi/ugv_ws/install/ugv_description/share/ugv_description/meshes/rasp_rover/right_up_wheel_link.stl
[0.681s] -- Up-to-date symlink: /home/pi/ugv_ws/install/ugv_description/share/ugv_description/meshes/ugv_beast/3d_camera_link.stl
[0.683s] -- Up-to-date symlink: /home/pi/ugv_ws/install/ugv_description/share/ugv_description/meshes/ugv_beast/base_lidar_link.stl
[0.684s] -- Up-to-date symlink: /home/pi/ugv_ws/install/ugv_description/share/ugv_description/meshes/ugv_beast/base_link.stl
[0.686s] -- Up-to-date symlink: /home/pi/ugv_ws/install/ugv_description/share/ugv_description/meshes/ugv_beast/left_down_wheel_link.stl
[0.688s] -- Up-to-date symlink: /home/pi/ugv_ws/install/ugv_description/share/ugv_description/meshes/ugv_beast/left_up_wheel_link.stl
[0.690s] -- Up-to-date symlink: /home/pi/ugv_ws/install/ugv_description/share/ugv_description/meshes/ugv_beast/pt_base_link.stl
[0.691s] -- Up-to-date symlink: /home/pi/ugv_ws/install/ugv_description/share/ugv_description/meshes/ugv_beast/pt_camera_link.stl
[0.694s] -- Up-to-date symlink: /home/pi/ugv_ws/install/ugv_description/share/ugv_description/meshes/ugv_beast/pt_link1.stl
[0.698s] -- Up-to-date symlink: /home/pi/ugv_ws/install/ugv_description/share/ugv_description/meshes/ugv_beast/pt_link2.stl
[0.703s] -- Up-to-date symlink: /home/pi/ugv_ws/install/ugv_description/share/ugv_description/meshes/ugv_beast/right_down_wheel_link.stl
[0.705s] -- Up-to-date symlink: /home/pi/ugv_ws/install/ugv_description/share/ugv_description/meshes/ugv_beast/right_up_wheel_link.stl
[0.709s] -- Up-to-date symlink: /home/pi/ugv_ws/install/ugv_description/share/ugv_description/meshes/ugv_rover/3d_camera_link.stl
[0.711s] -- Up-to-date symlink: /home/pi/ugv_ws/install/ugv_description/share/ugv_description/meshes/ugv_rover/base_lidar_link.stl
[0.713s] -- Up-to-date symlink: /home/pi/ugv_ws/install/ugv_description/share/ugv_description/meshes/ugv_rover/base_link.stl
[0.716s] -- Up-to-date symlink: /home/pi/ugv_ws/install/ugv_description/share/ugv_description/meshes/ugv_rover/left_down_wheel_link.stl
[0.718s] -- Up-to-date symlink: /home/pi/ugv_ws/install/ugv_description/share/ugv_description/meshes/ugv_rover/left_up_wheel_link.stl
[0.722s] -- Up-to-date symlink: /home/pi/ugv_ws/install/ugv_description/share/ugv_description/meshes/ugv_rover/pt_base_link.stl
[0.727s] -- Up-to-date symlink: /home/pi/ugv_ws/install/ugv_description/share/ugv_description/meshes/ugv_rover/pt_camera_link.stl
[0.732s] -- Up-to-date symlink: /home/pi/ugv_ws/install/ugv_description/share/ugv_description/meshes/ugv_rover/pt_link1.stl
[0.736s] -- Up-to-date symlink: /home/pi/ugv_ws/install/ugv_description/share/ugv_description/meshes/ugv_rover/pt_link2.stl
[0.740s] -- Up-to-date symlink: /home/pi/ugv_ws/install/ugv_description/share/ugv_description/meshes/ugv_rover/right_down_wheel_link.stl
[0.741s] -- Up-to-date symlink: /home/pi/ugv_ws/install/ugv_description/share/ugv_description/meshes/ugv_rover/right_up_wheel_link.stl
[0.743s] -- Up-to-date symlink: /home/pi/ugv_ws/install/ugv_description/share/ugv_description/urdf/rasp_rover.urdf
[0.745s] -- Up-to-date symlink: /home/pi/ugv_ws/install/ugv_description/share/ugv_description/urdf/ugv_beast.urdf
[0.746s] -- Up-to-date symlink: /home/pi/ugv_ws/install/ugv_description/share/ugv_description/urdf/ugv_rover.urdf
[0.754s] -- Up-to-date symlink: /home/pi/ugv_ws/install/ugv_description/share/ugv_description/rviz/view_description.rviz
[0.756s] -- Up-to-date symlink: /home/pi/ugv_ws/install/ugv_description/share/ament_index/resource_index/package_run_dependencies/ugv_description
[0.760s] -- Up-to-date symlink: /home/pi/ugv_ws/install/ugv_description/share/ament_index/resource_index/parent_prefix_path/ugv_description
[0.764s] -- Up-to-date symlink: /home/pi/ugv_ws/install/ugv_description/share/ugv_description/environment/ament_prefix_path.sh
[0.768s] -- Up-to-date symlink: /home/pi/ugv_ws/install/ugv_description/share/ugv_description/environment/ament_prefix_path.dsv
[0.773s] -- Up-to-date symlink: /home/pi/ugv_ws/install/ugv_description/share/ugv_description/environment/path.sh
[0.776s] -- Up-to-date symlink: /home/pi/ugv_ws/install/ugv_description/share/ugv_description/environment/path.dsv
[0.789s] -- Up-to-date symlink: /home/pi/ugv_ws/install/ugv_description/share/ugv_description/local_setup.bash
[0.791s] -- Up-to-date symlink: /home/pi/ugv_ws/install/ugv_description/share/ugv_description/local_setup.sh
[0.792s] -- Up-to-date symlink: /home/pi/ugv_ws/install/ugv_description/share/ugv_description/local_setup.zsh
[0.793s] -- Up-to-date symlink: /home/pi/ugv_ws/install/ugv_description/share/ugv_description/local_setup.dsv
[0.796s] -- Symlinking: /home/pi/ugv_ws/install/ugv_description/share/ugv_description/package.dsv
[0.845s] -- Up-to-date symlink: /home/pi/ugv_ws/install/ugv_description/share/ament_index/resource_index/packages/ugv_description
[0.847s] -- Up-to-date symlink: /home/pi/ugv_ws/install/ugv_description/share/ugv_description/cmake/ament_cmake_export_dependencies-extras.cmake
[0.850s] -- Up-to-date symlink: /home/pi/ugv_ws/install/ugv_description/share/ugv_description/cmake/ugv_descriptionConfig.cmake
[0.852s] -- Up-to-date symlink: /home/pi/ugv_ws/install/ugv_description/share/ugv_description/cmake/ugv_descriptionConfig-version.cmake
[0.853s] -- Up-to-date symlink: /home/pi/ugv_ws/install/ugv_description/share/ugv_description/package.xml
[0.864s] Invoked command in '/home/pi/ugv_ws/build/ugv_description' returned '0': CMAKE_PREFIX_PATH=${CMAKE_PREFIX_PATH}:/home/pi/ugv_ws/install/ugv_web_app:/home/pi/ugv_ws/install/ugv_vision:/home/pi/ugv_ws/install/ugv_tools:/home/pi/ugv_ws/install/ugv_chat_ai:/home/pi/ugv_ws/install/ugv_bringup:/opt/ros/humble /usr/bin/cmake --install /home/pi/ugv_ws/build/ugv_description
