[0.211s] Invoking command in '/home/pi/ugv_ws/build/rf2o_laser_odometry': CMAKE_PREFIX_PATH=${CMAKE_PREFIX_PATH}:/home/pi/ugv_ws/install/ugv_web_app:/home/pi/ugv_ws/install/ugv_vision:/home/pi/ugv_ws/install/ugv_tools:/home/pi/ugv_ws/install/ugv_chat_ai:/home/pi/ugv_ws/install/ugv_bringup:/opt/ros/humble /usr/bin/cmake --build /home/pi/ugv_ws/build/rf2o_laser_odometry -- -j4 -l4
[0.901s] [ 60%] Built target rf2o_laser_odometry_node
[0.931s] [100%] Built target rf2o_laser_odometry
[1.305s] Invoked command in '/home/pi/ugv_ws/build/rf2o_laser_odometry' returned '0': CMAKE_PREFIX_PATH=${CMAKE_PREFIX_PATH}:/home/pi/ugv_ws/install/ugv_web_app:/home/pi/ugv_ws/install/ugv_vision:/home/pi/ugv_ws/install/ugv_tools:/home/pi/ugv_ws/install/ugv_chat_ai:/home/pi/ugv_ws/install/ugv_bringup:/opt/ros/humble /usr/bin/cmake --build /home/pi/ugv_ws/build/rf2o_laser_odometry -- -j4 -l4
[1.327s] Invoking command in '/home/pi/ugv_ws/build/rf2o_laser_odometry': CMAKE_PREFIX_PATH=${CMAKE_PREFIX_PATH}:/home/pi/ugv_ws/install/ugv_web_app:/home/pi/ugv_ws/install/ugv_vision:/home/pi/ugv_ws/install/ugv_tools:/home/pi/ugv_ws/install/ugv_chat_ai:/home/pi/ugv_ws/install/ugv_bringup:/opt/ros/humble /usr/bin/cmake --install /home/pi/ugv_ws/build/rf2o_laser_odometry
[1.424s] -- Install configuration: ""
[1.425s] -- Execute custom install script
[1.426s] -- Up-to-date symlink: /home/pi/ugv_ws/install/rf2o_laser_odometry/lib/rf2o_laser_odometry/rf2o_laser_odometry_node
[1.429s] -- Up-to-date symlink: /home/pi/ugv_ws/install/rf2o_laser_odometry/share/rf2o_laser_odometry/launch/rf2o_laser_odometry.launch.py
[1.457s] -- Up-to-date symlink: /home/pi/ugv_ws/install/rf2o_laser_odometry/share/ament_index/resource_index/package_run_dependencies/rf2o_laser_odometry
[1.458s] -- Up-to-date symlink: /home/pi/ugv_ws/install/rf2o_laser_odometry/share/ament_index/resource_index/parent_prefix_path/rf2o_laser_odometry
[1.458s] -- Up-to-date symlink: /home/pi/ugv_ws/install/rf2o_laser_odometry/share/rf2o_laser_odometry/environment/ament_prefix_path.sh
[1.459s] -- Up-to-date symlink: /home/pi/ugv_ws/install/rf2o_laser_odometry/share/rf2o_laser_odometry/environment/ament_prefix_path.dsv
[1.459s] -- Up-to-date symlink: /home/pi/ugv_ws/install/rf2o_laser_odometry/share/rf2o_laser_odometry/environment/path.sh
[1.460s] -- Up-to-date symlink: /home/pi/ugv_ws/install/rf2o_laser_odometry/share/rf2o_laser_odometry/environment/path.dsv
[1.476s] -- Up-to-date symlink: /home/pi/ugv_ws/install/rf2o_laser_odometry/share/rf2o_laser_odometry/local_setup.bash
[1.477s] -- Up-to-date symlink: /home/pi/ugv_ws/install/rf2o_laser_odometry/share/rf2o_laser_odometry/local_setup.sh
[1.478s] -- Up-to-date symlink: /home/pi/ugv_ws/install/rf2o_laser_odometry/share/rf2o_laser_odometry/local_setup.zsh
[1.478s] -- Up-to-date symlink: /home/pi/ugv_ws/install/rf2o_laser_odometry/share/rf2o_laser_odometry/local_setup.dsv
[1.479s] -- Symlinking: /home/pi/ugv_ws/install/rf2o_laser_odometry/share/rf2o_laser_odometry/package.dsv
[1.561s] -- Up-to-date symlink: /home/pi/ugv_ws/install/rf2o_laser_odometry/share/ament_index/resource_index/packages/rf2o_laser_odometry
[1.562s] -- Up-to-date symlink: /home/pi/ugv_ws/install/rf2o_laser_odometry/share/rf2o_laser_odometry/cmake/rf2o_laser_odometryConfig.cmake
[1.563s] -- Up-to-date symlink: /home/pi/ugv_ws/install/rf2o_laser_odometry/share/rf2o_laser_odometry/cmake/rf2o_laser_odometryConfig-version.cmake
[1.565s] -- Up-to-date symlink: /home/pi/ugv_ws/install/rf2o_laser_odometry/share/rf2o_laser_odometry/package.xml
[1.583s] Invoked command in '/home/pi/ugv_ws/build/rf2o_laser_odometry' returned '0': CMAKE_PREFIX_PATH=${CMAKE_PREFIX_PATH}:/home/pi/ugv_ws/install/ugv_web_app:/home/pi/ugv_ws/install/ugv_vision:/home/pi/ugv_ws/install/ugv_tools:/home/pi/ugv_ws/install/ugv_chat_ai:/home/pi/ugv_ws/install/ugv_bringup:/opt/ros/humble /usr/bin/cmake --install /home/pi/ugv_ws/build/rf2o_laser_odometry
