[0.130s] Invoking command in '/home/pi/ugv_ws/build/openslam_gmapping': CMAKE_PREFIX_PATH=${CMAKE_PREFIX_PATH}:/home/pi/ugv_ws/install/ugv_web_app:/home/pi/ugv_ws/install/ugv_vision:/home/pi/ugv_ws/install/ugv_tools:/home/pi/ugv_ws/install/ugv_chat_ai:/home/pi/ugv_ws/install/ugv_bringup:/opt/ros/humble /usr/bin/cmake --build /home/pi/ugv_ws/build/openslam_gmapping -- -j4 -l4
[0.805s] [ 13%] Built target utils
[0.971s] [ 27%] Built target sensor_base
[1.465s] [ 40%] Built target sensor_range
[1.564s] [ 63%] Built target scanmatcher
[1.590s] [ 77%] Built target sensor_odometry
[1.740s] [100%] Built target gridfastslam
[1.913s] Invoked command in '/home/pi/ugv_ws/build/openslam_gmapping' returned '0': CMAKE_PREFIX_PATH=${CMAKE_PREFIX_PATH}:/home/pi/ugv_ws/install/ugv_web_app:/home/pi/ugv_ws/install/ugv_vision:/home/pi/ugv_ws/install/ugv_tools:/home/pi/ugv_ws/install/ugv_chat_ai:/home/pi/ugv_ws/install/ugv_bringup:/opt/ros/humble /usr/bin/cmake --build /home/pi/ugv_ws/build/openslam_gmapping -- -j4 -l4
[1.923s] Invoking command in '/home/pi/ugv_ws/build/openslam_gmapping': CMAKE_PREFIX_PATH=${CMAKE_PREFIX_PATH}:/home/pi/ugv_ws/install/ugv_web_app:/home/pi/ugv_ws/install/ugv_vision:/home/pi/ugv_ws/install/ugv_tools:/home/pi/ugv_ws/install/ugv_chat_ai:/home/pi/ugv_ws/install/ugv_bringup:/opt/ros/humble /usr/bin/cmake --install /home/pi/ugv_ws/build/openslam_gmapping
[2.085s] -- Install configuration: ""
[2.086s] -- Execute custom install script
[2.089s] -- Up-to-date symlink: /home/pi/ugv_ws/install/openslam_gmapping/lib/libgridfastslam.a
[2.090s] -- Up-to-date symlink: /home/pi/ugv_ws/install/openslam_gmapping/lib/libscanmatcher.a
[2.092s] -- Up-to-date symlink: /home/pi/ugv_ws/install/openslam_gmapping/lib/libsensor_base.a
[2.096s] -- Up-to-date symlink: /home/pi/ugv_ws/install/openslam_gmapping/share/openslam_gmapping/environment/library_path.sh
[2.096s] -- Up-to-date symlink: /home/pi/ugv_ws/install/openslam_gmapping/share/openslam_gmapping/environment/library_path.dsv
[2.098s] -- Up-to-date symlink: /home/pi/ugv_ws/install/openslam_gmapping/share/openslam_gmapping/environment/library_path.sh
[2.105s] -- Up-to-date symlink: /home/pi/ugv_ws/install/openslam_gmapping/share/openslam_gmapping/environment/library_path.dsv
[2.109s] -- Up-to-date symlink: /home/pi/ugv_ws/install/openslam_gmapping/lib/libsensor_odometry.a
[2.113s] -- Up-to-date symlink: /home/pi/ugv_ws/install/openslam_gmapping/lib/libsensor_range.a
[2.115s] -- Up-to-date symlink: /home/pi/ugv_ws/install/openslam_gmapping/lib/libutils.a
[2.125s] -- Up-to-date symlink: /home/pi/ugv_ws/install/openslam_gmapping/share/openslam_gmapping/environment/library_path.sh
[2.125s] -- Up-to-date symlink: /home/pi/ugv_ws/install/openslam_gmapping/share/openslam_gmapping/environment/library_path.dsv
[2.126s] -- Up-to-date symlink: /home/pi/ugv_ws/install/openslam_gmapping/share/openslam_gmapping/environment/library_path.sh
[2.126s] -- Up-to-date symlink: /home/pi/ugv_ws/install/openslam_gmapping/share/openslam_gmapping/environment/library_path.dsv
[2.127s] -- Up-to-date symlink: /home/pi/ugv_ws/install/openslam_gmapping/include//gmapping/grid/accessstate.h
[2.127s] -- Up-to-date symlink: /home/pi/ugv_ws/install/openslam_gmapping/include//gmapping/grid/array2d.h
[2.128s] -- Up-to-date symlink: /home/pi/ugv_ws/install/openslam_gmapping/include//gmapping/grid/harray2d.h
[2.128s] -- Up-to-date symlink: /home/pi/ugv_ws/install/openslam_gmapping/include//gmapping/grid/map.h
[2.129s] -- Up-to-date symlink: /home/pi/ugv_ws/install/openslam_gmapping/include//gmapping/gridfastslam/gridslamprocessor.h
[2.129s] -- Up-to-date symlink: /home/pi/ugv_ws/install/openslam_gmapping/include//gmapping/gridfastslam/gridslamprocessor.hxx
[2.130s] -- Up-to-date symlink: /home/pi/ugv_ws/install/openslam_gmapping/include//gmapping/gridfastslam/motionmodel.h
[2.130s] -- Up-to-date symlink: /home/pi/ugv_ws/install/openslam_gmapping/include//gmapping/log/configuration.h
[2.131s] -- Up-to-date symlink: /home/pi/ugv_ws/install/openslam_gmapping/include//gmapping/log/sensorlog.h
[2.131s] -- Up-to-date symlink: /home/pi/ugv_ws/install/openslam_gmapping/include//gmapping/particlefilter/particlefilter.h
[2.132s] -- Up-to-date symlink: /home/pi/ugv_ws/install/openslam_gmapping/include//gmapping/scanmatcher/icp.h
[2.132s] -- Up-to-date symlink: /home/pi/ugv_ws/install/openslam_gmapping/include//gmapping/scanmatcher/scanmatcher.h
[2.133s] -- Up-to-date symlink: /home/pi/ugv_ws/install/openslam_gmapping/include//gmapping/scanmatcher/smmap.h
[2.133s] -- Up-to-date symlink: /home/pi/ugv_ws/install/openslam_gmapping/include//gmapping/sensor/sensor_base/sensor.h
[2.143s] -- Up-to-date symlink: /home/pi/ugv_ws/install/openslam_gmapping/include//gmapping/sensor/sensor_base/sensorreading.h
[2.143s] -- Up-to-date symlink: /home/pi/ugv_ws/install/openslam_gmapping/include//gmapping/sensor/sensor_odometry/odometryreading.h
[2.144s] -- Up-to-date symlink: /home/pi/ugv_ws/install/openslam_gmapping/include//gmapping/sensor/sensor_odometry/odometrysensor.h
[2.145s] -- Up-to-date symlink: /home/pi/ugv_ws/install/openslam_gmapping/include//gmapping/sensor/sensor_range/rangereading.h
[2.145s] -- Up-to-date symlink: /home/pi/ugv_ws/install/openslam_gmapping/include//gmapping/sensor/sensor_range/rangesensor.h
[2.146s] -- Up-to-date symlink: /home/pi/ugv_ws/install/openslam_gmapping/include//gmapping/utils/autoptr.h
[2.147s] -- Up-to-date symlink: /home/pi/ugv_ws/install/openslam_gmapping/include//gmapping/utils/commandline.h
[2.147s] -- Up-to-date symlink: /home/pi/ugv_ws/install/openslam_gmapping/include//gmapping/utils/gvalues.h
[2.148s] -- Up-to-date symlink: /home/pi/ugv_ws/install/openslam_gmapping/include//gmapping/utils/macro_params.h
[2.157s] -- Up-to-date symlink: /home/pi/ugv_ws/install/openslam_gmapping/include//gmapping/utils/point.h
[2.158s] -- Up-to-date symlink: /home/pi/ugv_ws/install/openslam_gmapping/include//gmapping/utils/stat.h
[2.159s] -- Up-to-date symlink: /home/pi/ugv_ws/install/openslam_gmapping/share/ament_index/resource_index/package_run_dependencies/openslam_gmapping
[2.159s] -- Up-to-date symlink: /home/pi/ugv_ws/install/openslam_gmapping/share/ament_index/resource_index/parent_prefix_path/openslam_gmapping
[2.160s] -- Up-to-date symlink: /home/pi/ugv_ws/install/openslam_gmapping/share/openslam_gmapping/environment/ament_prefix_path.sh
[2.161s] -- Up-to-date symlink: /home/pi/ugv_ws/install/openslam_gmapping/share/openslam_gmapping/environment/ament_prefix_path.dsv
[2.161s] -- Up-to-date symlink: /home/pi/ugv_ws/install/openslam_gmapping/share/openslam_gmapping/environment/path.sh
[2.162s] -- Up-to-date symlink: /home/pi/ugv_ws/install/openslam_gmapping/share/openslam_gmapping/environment/path.dsv
[2.162s] -- Up-to-date symlink: /home/pi/ugv_ws/install/openslam_gmapping/share/openslam_gmapping/local_setup.bash
[2.192s] -- Up-to-date symlink: /home/pi/ugv_ws/install/openslam_gmapping/share/openslam_gmapping/local_setup.sh
[2.193s] -- Up-to-date symlink: /home/pi/ugv_ws/install/openslam_gmapping/share/openslam_gmapping/local_setup.zsh
[2.194s] -- Up-to-date symlink: /home/pi/ugv_ws/install/openslam_gmapping/share/openslam_gmapping/local_setup.dsv
[2.194s] -- Symlinking: /home/pi/ugv_ws/install/openslam_gmapping/share/openslam_gmapping/package.dsv
[2.234s] -- Up-to-date symlink: /home/pi/ugv_ws/install/openslam_gmapping/share/ament_index/resource_index/packages/openslam_gmapping
[2.234s] -- Up-to-date symlink: /home/pi/ugv_ws/install/openslam_gmapping/share/openslam_gmapping/cmake/ament_cmake_export_libraries-extras.cmake
[2.235s] -- Up-to-date symlink: /home/pi/ugv_ws/install/openslam_gmapping/share/openslam_gmapping/cmake/ament_cmake_export_include_directories-extras.cmake
[2.238s] -- Up-to-date symlink: /home/pi/ugv_ws/install/openslam_gmapping/share/openslam_gmapping/cmake/openslam_gmappingConfig.cmake
[2.241s] -- Up-to-date symlink: /home/pi/ugv_ws/install/openslam_gmapping/share/openslam_gmapping/cmake/openslam_gmappingConfig-version.cmake
[2.243s] -- Up-to-date symlink: /home/pi/ugv_ws/install/openslam_gmapping/share/openslam_gmapping/package.xml
[2.276s] Invoked command in '/home/pi/ugv_ws/build/openslam_gmapping' returned '0': CMAKE_PREFIX_PATH=${CMAKE_PREFIX_PATH}:/home/pi/ugv_ws/install/ugv_web_app:/home/pi/ugv_ws/install/ugv_vision:/home/pi/ugv_ws/install/ugv_tools:/home/pi/ugv_ws/install/ugv_chat_ai:/home/pi/ugv_ws/install/ugv_bringup:/opt/ros/humble /usr/bin/cmake --install /home/pi/ugv_ws/build/openslam_gmapping
