[0.283s] Invoking command in '/home/pi/ugv_ws/build/explore_lite': CMAKE_PREFIX_PATH=${CMAKE_PREFIX_PATH}:/home/pi/ugv_ws/install/ugv_web_app:/home/pi/ugv_ws/install/ugv_vision:/home/pi/ugv_ws/install/ugv_tools:/home/pi/ugv_ws/install/ugv_chat_ai:/home/pi/ugv_ws/install/ugv_bringup:/opt/ros/humble /usr/bin/cmake /home/pi/ugv_ws/src/ugv_else/explore_lite -DCMAKE_INSTALL_PREFIX=/home/pi/ugv_ws/install/explore_lite
[0.363s] -- BuilD for ROS2: humble
[0.366s] -- Found ament_cmake: 1.3.11 (/opt/ros/humble/share/ament_cmake/cmake)
[1.539s] -- Override CMake install command with custom implementation using symlinks instead of copying resources
[1.636s] -- Found rclcpp: 16.0.11 (/opt/ros/humble/share/rclcpp/cmake)
[1.904s] -- Found rosidl_generator_c: 3.1.6 (/opt/ros/humble/share/rosidl_generator_c/cmake)
[1.917s] -- Found rosidl_adapter: 3.1.6 (/opt/ros/humble/share/rosidl_adapter/cmake)
[1.946s] -- Found rosidl_generator_cpp: 3.1.6 (/opt/ros/humble/share/rosidl_generator_cpp/cmake)
[2.066s] -- Using all available rosidl_typesupport_c: rosidl_typesupport_fastrtps_c;rosidl_typesupport_introspection_c
[2.075s] -- Using all available rosidl_typesupport_cpp: rosidl_typesupport_fastrtps_cpp;rosidl_typesupport_introspection_cpp
[2.248s] -- Found rmw_implementation_cmake: 6.1.2 (/opt/ros/humble/share/rmw_implementation_cmake/cmake)
[2.261s] -- Found rmw_fastrtps_cpp: 6.2.7 (/opt/ros/humble/share/rmw_fastrtps_cpp/cmake)
[3.615s] -- Using RMW implementation 'rmw_fastrtps_cpp' as default
[3.881s] -- Found sensor_msgs: 4.2.4 (/opt/ros/humble/share/sensor_msgs/cmake)
[4.041s] -- Found tf2_ros: 0.25.11 (/opt/ros/humble/share/tf2_ros/cmake)
[4.475s] -- Found tf2_geometry_msgs: 0.25.11 (/opt/ros/humble/share/tf2_geometry_msgs/cmake)
[4.494s] -- Found eigen3_cmake_module: 0.1.1 (/opt/ros/humble/share/eigen3_cmake_module/cmake)
[4.503s] -- Ensuring Eigen3 include directory is part of orocos-kdl CMake target
[4.523s] -- Found nav2_msgs: 1.1.17 (/opt/ros/humble/share/nav2_msgs/cmake)
[4.821s] -- Found map_msgs: 2.1.0 (/opt/ros/humble/share/map_msgs/cmake)
[5.002s] -- Found visualization_msgs: 4.2.4 (/opt/ros/humble/share/visualization_msgs/cmake)
[5.245s] -- Found nav2_costmap_2d: 1.1.17 (/opt/ros/humble/share/nav2_costmap_2d/cmake)
[6.637s] -- Found ament_lint_auto: 0.12.11 (/opt/ros/humble/share/ament_lint_auto/cmake)
[7.504s] -- Found ament_cmake_gtest: 1.3.11 (/opt/ros/humble/share/ament_cmake_gtest/cmake)
[7.512s] -- Found gtest sources under '/opt/ros/humble/src/gtest_vendor': C++ tests using 'Google Test' will be built
[7.984s] -- Added test 'cppcheck' to perform static code analysis on C / C++ code
[7.991s] -- Configured cppcheck include dirs: /home/pi/ugv_ws/src/ugv_else/explore_lite/include;$<BUILD_INTERFACE:/home/pi/ugv_ws/src/ugv_else/explore_lite/include>
[7.991s] -- Configured cppcheck exclude dirs and/or files: 
[7.994s] -- Added test 'flake8' to check Python code syntax and style conventions
[8.032s] -- Added test 'lint_cmake' to check CMake code style
[8.036s] -- Added test 'pep257' to check Python code against some of the docstring style conventions in PEP 257
[8.076s] -- Added test 'uncrustify' to check C / C++ code style
[8.093s] -- Configured uncrustify additional arguments: 
[8.098s] -- Added test 'xmllint' to check XML markup files
[8.255s] -- Configuring done
[9.926s] -- Generating done
[10.141s] -- Build files have been written to: /home/pi/ugv_ws/build/explore_lite
[10.261s] Invoked command in '/home/pi/ugv_ws/build/explore_lite' returned '0': CMAKE_PREFIX_PATH=${CMAKE_PREFIX_PATH}:/home/pi/ugv_ws/install/ugv_web_app:/home/pi/ugv_ws/install/ugv_vision:/home/pi/ugv_ws/install/ugv_tools:/home/pi/ugv_ws/install/ugv_chat_ai:/home/pi/ugv_ws/install/ugv_bringup:/opt/ros/humble /usr/bin/cmake /home/pi/ugv_ws/src/ugv_else/explore_lite -DCMAKE_INSTALL_PREFIX=/home/pi/ugv_ws/install/explore_lite
[10.264s] Invoking command in '/home/pi/ugv_ws/build/explore_lite': CMAKE_PREFIX_PATH=${CMAKE_PREFIX_PATH}:/home/pi/ugv_ws/install/ugv_web_app:/home/pi/ugv_ws/install/ugv_vision:/home/pi/ugv_ws/install/ugv_tools:/home/pi/ugv_ws/install/ugv_chat_ai:/home/pi/ugv_ws/install/ugv_bringup:/opt/ros/humble /usr/bin/cmake --build /home/pi/ugv_ws/build/explore_lite -- -j4 -l4
[10.837s] [35m[1mConsolidate compiler generated dependencies of target explore[0m
[11.154s] [ 40%] Built target explore
[11.384s] [35m[1mConsolidate compiler generated dependencies of target gtest[0m
[11.614s] [ 60%] Built target gtest
[11.853s] [35m[1mConsolidate compiler generated dependencies of target gtest_main[0m
[12.084s] [ 80%] Built target gtest_main
[12.272s] [35m[1mConsolidate compiler generated dependencies of target test_explore[0m
[12.451s] [100%] Built target test_explore
[12.544s] Invoked command in '/home/pi/ugv_ws/build/explore_lite' returned '0': CMAKE_PREFIX_PATH=${CMAKE_PREFIX_PATH}:/home/pi/ugv_ws/install/ugv_web_app:/home/pi/ugv_ws/install/ugv_vision:/home/pi/ugv_ws/install/ugv_tools:/home/pi/ugv_ws/install/ugv_chat_ai:/home/pi/ugv_ws/install/ugv_bringup:/opt/ros/humble /usr/bin/cmake --build /home/pi/ugv_ws/build/explore_lite -- -j4 -l4
[12.547s] Invoking command in '/home/pi/ugv_ws/build/explore_lite': CMAKE_PREFIX_PATH=${CMAKE_PREFIX_PATH}:/home/pi/ugv_ws/install/ugv_web_app:/home/pi/ugv_ws/install/ugv_vision:/home/pi/ugv_ws/install/ugv_tools:/home/pi/ugv_ws/install/ugv_chat_ai:/home/pi/ugv_ws/install/ugv_bringup:/opt/ros/humble /usr/bin/cmake --install /home/pi/ugv_ws/build/explore_lite
[12.635s] -- Install configuration: ""
[12.652s] -- Execute custom install script
[12.656s] -- Up-to-date symlink: /home/pi/ugv_ws/install/explore_lite/include/explore//costmap_client.h
[12.660s] -- Up-to-date symlink: /home/pi/ugv_ws/install/explore_lite/include/explore//costmap_tools.h
[12.664s] -- Up-to-date symlink: /home/pi/ugv_ws/install/explore_lite/include/explore//explore.h
[12.668s] -- Up-to-date symlink: /home/pi/ugv_ws/install/explore_lite/include/explore//frontier_search.h
[12.672s] -- Up-to-date symlink: /home/pi/ugv_ws/install/explore_lite/share/explore_lite/config/params.yaml
[12.678s] -- Up-to-date symlink: /home/pi/ugv_ws/install/explore_lite/share/explore_lite/config/params_costmap.yaml
[12.683s] -- Up-to-date symlink: /home/pi/ugv_ws/install/explore_lite/share/explore_lite/launch/explore.launch.py
[12.688s] -- Up-to-date symlink: /home/pi/ugv_ws/install/explore_lite/lib/explore_lite/explore
[12.692s] -- Up-to-date symlink: /home/pi/ugv_ws/install/explore_lite/share/ament_index/resource_index/package_run_dependencies/explore_lite
[12.697s] -- Up-to-date symlink: /home/pi/ugv_ws/install/explore_lite/share/ament_index/resource_index/parent_prefix_path/explore_lite
[12.703s] -- Up-to-date symlink: /home/pi/ugv_ws/install/explore_lite/share/explore_lite/environment/ament_prefix_path.sh
[12.708s] -- Up-to-date symlink: /home/pi/ugv_ws/install/explore_lite/share/explore_lite/environment/ament_prefix_path.dsv
[12.720s] -- Up-to-date symlink: /home/pi/ugv_ws/install/explore_lite/share/explore_lite/environment/path.sh
[12.725s] -- Up-to-date symlink: /home/pi/ugv_ws/install/explore_lite/share/explore_lite/environment/path.dsv
[12.729s] -- Up-to-date symlink: /home/pi/ugv_ws/install/explore_lite/share/explore_lite/local_setup.bash
[12.734s] -- Up-to-date symlink: /home/pi/ugv_ws/install/explore_lite/share/explore_lite/local_setup.sh
[12.741s] -- Up-to-date symlink: /home/pi/ugv_ws/install/explore_lite/share/explore_lite/local_setup.zsh
[12.745s] -- Up-to-date symlink: /home/pi/ugv_ws/install/explore_lite/share/explore_lite/local_setup.dsv
[12.749s] -- Symlinking: /home/pi/ugv_ws/install/explore_lite/share/explore_lite/package.dsv
[12.861s] -- Up-to-date symlink: /home/pi/ugv_ws/install/explore_lite/share/ament_index/resource_index/packages/explore_lite
[12.865s] -- Up-to-date symlink: /home/pi/ugv_ws/install/explore_lite/share/explore_lite/cmake/ament_cmake_export_include_directories-extras.cmake
[12.868s] -- Up-to-date symlink: /home/pi/ugv_ws/install/explore_lite/share/explore_lite/cmake/explore_liteConfig.cmake
[12.872s] -- Up-to-date symlink: /home/pi/ugv_ws/install/explore_lite/share/explore_lite/cmake/explore_liteConfig-version.cmake
[12.876s] -- Up-to-date symlink: /home/pi/ugv_ws/install/explore_lite/share/explore_lite/package.xml
[12.918s] Invoked command in '/home/pi/ugv_ws/build/explore_lite' returned '0': CMAKE_PREFIX_PATH=${CMAKE_PREFIX_PATH}:/home/pi/ugv_ws/install/ugv_web_app:/home/pi/ugv_ws/install/ugv_vision:/home/pi/ugv_ws/install/ugv_tools:/home/pi/ugv_ws/install/ugv_chat_ai:/home/pi/ugv_ws/install/ugv_bringup:/opt/ros/humble /usr/bin/cmake --install /home/pi/ugv_ws/build/explore_lite
