[0.164s] Invoking command in '/home/pi/ugv_ws/build/apriltag': CMAKE_PREFIX_PATH=${CMAKE_PREFIX_PATH}:/home/pi/ugv_ws/install/ugv_web_app:/home/pi/ugv_ws/install/ugv_vision:/home/pi/ugv_ws/install/ugv_tools:/home/pi/ugv_ws/install/ugv_chat_ai:/home/pi/ugv_ws/install/ugv_bringup:/opt/ros/humble /usr/bin/cmake --build /home/pi/ugv_ws/build/apriltag -- -j4 -l4
[0.812s] [  2%] [34m[1mGenerating apriltag_detect_docstring.h, apriltag_detect_docstring.cxx[0m
[0.847s] [  4%] [34m[1mGenerating apriltag_py_type_docstring.h, apriltag_py_type_docstring.cxx[0m
[0.900s] [ 85%] Built target apriltag
[1.197s] [ 90%] Built target apriltag_demo
[1.425s] [ 90%] Built target apriltag_py_docstrings
[1.530s] [ 95%] Built target opencv_demo
[1.754s] [35m[1mConsolidate compiler generated dependencies of target apriltag.cpython-310-aarch64-linux-gnu[0m
[2.012s] [ 97%] [32mBuilding C object CMakeFiles/apriltag.cpython-310-aarch64-linux-gnu.dir/apriltag_pywrap.c.o[0m
[6.899s] [100%] [32m[1mLinking C shared module apriltag.cpython-310-aarch64-linux-gnu.so[0m
[7.192s] [100%] Built target apriltag.cpython-310-aarch64-linux-gnu
[7.350s] Invoked command in '/home/pi/ugv_ws/build/apriltag' returned '0': CMAKE_PREFIX_PATH=${CMAKE_PREFIX_PATH}:/home/pi/ugv_ws/install/ugv_web_app:/home/pi/ugv_ws/install/ugv_vision:/home/pi/ugv_ws/install/ugv_tools:/home/pi/ugv_ws/install/ugv_chat_ai:/home/pi/ugv_ws/install/ugv_bringup:/opt/ros/humble /usr/bin/cmake --build /home/pi/ugv_ws/build/apriltag -- -j4 -l4
[7.363s] Invoking command in '/home/pi/ugv_ws/build/apriltag': CMAKE_PREFIX_PATH=${CMAKE_PREFIX_PATH}:/home/pi/ugv_ws/install/ugv_web_app:/home/pi/ugv_ws/install/ugv_vision:/home/pi/ugv_ws/install/ugv_tools:/home/pi/ugv_ws/install/ugv_chat_ai:/home/pi/ugv_ws/install/ugv_bringup:/opt/ros/humble /usr/bin/cmake --install /home/pi/ugv_ws/build/apriltag
[7.417s] -- Install configuration: "Release"
[7.419s] -- Up-to-date: /home/pi/ugv_ws/install/apriltag/include/apriltag/apriltag.h
[7.420s] -- Up-to-date: /home/pi/ugv_ws/install/apriltag/include/apriltag/apriltag_math.h
[7.427s] -- Up-to-date: /home/pi/ugv_ws/install/apriltag/include/apriltag/apriltag_pose.h
[7.427s] -- Up-to-date: /home/pi/ugv_ws/install/apriltag/include/apriltag/common/debug_print.h
[7.446s] -- Up-to-date: /home/pi/ugv_ws/install/apriltag/include/apriltag/common/doubles.h
[7.448s] -- Up-to-date: /home/pi/ugv_ws/install/apriltag/include/apriltag/common/doubles_floats_impl.h
[7.449s] -- Up-to-date: /home/pi/ugv_ws/install/apriltag/include/apriltag/common/floats.h
[7.449s] -- Up-to-date: /home/pi/ugv_ws/install/apriltag/include/apriltag/common/g2d.h
[7.450s] -- Up-to-date: /home/pi/ugv_ws/install/apriltag/include/apriltag/common/getopt.h
[7.450s] -- Up-to-date: /home/pi/ugv_ws/install/apriltag/include/apriltag/common/homography.h
[7.451s] -- Up-to-date: /home/pi/ugv_ws/install/apriltag/include/apriltag/common/image_types.h
[7.451s] -- Up-to-date: /home/pi/ugv_ws/install/apriltag/include/apriltag/common/image_u8.h
[7.453s] -- Up-to-date: /home/pi/ugv_ws/install/apriltag/include/apriltag/common/image_u8x3.h
[7.453s] -- Up-to-date: /home/pi/ugv_ws/install/apriltag/include/apriltag/common/image_u8x4.h
[7.454s] -- Up-to-date: /home/pi/ugv_ws/install/apriltag/include/apriltag/common/matd.h
[7.455s] -- Up-to-date: /home/pi/ugv_ws/install/apriltag/include/apriltag/common/math_util.h
[7.458s] -- Up-to-date: /home/pi/ugv_ws/install/apriltag/include/apriltag/common/pam.h
[7.459s] -- Up-to-date: /home/pi/ugv_ws/install/apriltag/include/apriltag/common/pjpeg.h
[7.459s] -- Up-to-date: /home/pi/ugv_ws/install/apriltag/include/apriltag/common/pnm.h
[7.460s] -- Up-to-date: /home/pi/ugv_ws/install/apriltag/include/apriltag/common/postscript_utils.h
[7.460s] -- Up-to-date: /home/pi/ugv_ws/install/apriltag/include/apriltag/common/pthreads_cross.h
[7.461s] -- Up-to-date: /home/pi/ugv_ws/install/apriltag/include/apriltag/common/string_util.h
[7.461s] -- Up-to-date: /home/pi/ugv_ws/install/apriltag/include/apriltag/common/svd22.h
[7.462s] -- Up-to-date: /home/pi/ugv_ws/install/apriltag/include/apriltag/common/time_util.h
[7.462s] -- Up-to-date: /home/pi/ugv_ws/install/apriltag/include/apriltag/common/timeprofile.h
[7.463s] -- Up-to-date: /home/pi/ugv_ws/install/apriltag/include/apriltag/common/unionfind.h
[7.464s] -- Up-to-date: /home/pi/ugv_ws/install/apriltag/include/apriltag/common/workerpool.h
[7.464s] -- Up-to-date: /home/pi/ugv_ws/install/apriltag/include/apriltag/common/zarray.h
[7.465s] -- Up-to-date: /home/pi/ugv_ws/install/apriltag/include/apriltag/common/zhash.h
[7.465s] -- Up-to-date: /home/pi/ugv_ws/install/apriltag/include/apriltag/common/zmaxheap.h
[7.466s] -- Up-to-date: /home/pi/ugv_ws/install/apriltag/include/apriltag/tag16h5.h
[7.469s] -- Up-to-date: /home/pi/ugv_ws/install/apriltag/include/apriltag/tag25h9.h
[7.469s] -- Up-to-date: /home/pi/ugv_ws/install/apriltag/include/apriltag/tag36h10.h
[7.469s] -- Up-to-date: /home/pi/ugv_ws/install/apriltag/include/apriltag/tag36h11.h
[7.470s] -- Up-to-date: /home/pi/ugv_ws/install/apriltag/include/apriltag/tagCircle21h7.h
[7.470s] -- Up-to-date: /home/pi/ugv_ws/install/apriltag/include/apriltag/tagCircle49h12.h
[7.471s] -- Up-to-date: /home/pi/ugv_ws/install/apriltag/include/apriltag/tagCustom48h12.h
[7.471s] -- Up-to-date: /home/pi/ugv_ws/install/apriltag/include/apriltag/tagStandard41h12.h
[7.471s] -- Up-to-date: /home/pi/ugv_ws/install/apriltag/include/apriltag/tagStandard52h13.h
[7.472s] -- Up-to-date: /home/pi/ugv_ws/install/apriltag/lib/libapriltag.so.3.4.2
[7.472s] -- Up-to-date: /home/pi/ugv_ws/install/apriltag/lib/libapriltag.so.3
[7.473s] -- Up-to-date: /home/pi/ugv_ws/install/apriltag/lib/libapriltag.so
[7.473s] -- Up-to-date: /home/pi/ugv_ws/install/apriltag/share/apriltag/cmake/apriltagTargets.cmake
[7.476s] -- Up-to-date: /home/pi/ugv_ws/install/apriltag/share/apriltag/cmake/apriltagTargets-release.cmake
[7.477s] -- Up-to-date: /home/pi/ugv_ws/install/apriltag/share/apriltag/cmake/apriltagConfig.cmake
[7.477s] -- Up-to-date: /home/pi/ugv_ws/install/apriltag/share/apriltag/cmake/apriltagConfigVersion.cmake
[7.478s] -- Up-to-date: /home/pi/ugv_ws/install/apriltag/lib/pkgconfig/apriltag.pc
[7.478s] -- Installing: /home/pi/ugv_ws/install/apriltag/lib/python3.10/site-packages/apriltag.cpython-310-aarch64-linux-gnu.so
[7.491s] -- Set runtime path of "/home/pi/ugv_ws/install/apriltag/lib/python3.10/site-packages/apriltag.cpython-310-aarch64-linux-gnu.so" to ""
[7.498s] -- Up-to-date: /home/pi/ugv_ws/install/apriltag/bin/opencv_demo
[7.503s] -- Up-to-date: /home/pi/ugv_ws/install/apriltag/bin/apriltag_demo
[7.517s] Invoked command in '/home/pi/ugv_ws/build/apriltag' returned '0': CMAKE_PREFIX_PATH=${CMAKE_PREFIX_PATH}:/home/pi/ugv_ws/install/ugv_web_app:/home/pi/ugv_ws/install/ugv_vision:/home/pi/ugv_ws/install/ugv_tools:/home/pi/ugv_ws/install/ugv_chat_ai:/home/pi/ugv_ws/install/ugv_bringup:/opt/ros/humble /usr/bin/cmake --install /home/pi/ugv_ws/build/apriltag
