[0.081s] Invoking command in '/home/pi/ugv_ws/build/ugv_nav': CMAKE_PREFIX_PATH=${CMAKE_PREFIX_PATH}:/home/pi/ugv_ws/install/ugv_web_app:/home/pi/ugv_ws/install/ugv_vision:/home/pi/ugv_ws/install/ugv_tools:/home/pi/ugv_ws/install/ugv_chat_ai:/home/pi/ugv_ws/install/ugv_bringup:/opt/ros/humble /usr/bin/cmake --build /home/pi/ugv_ws/build/ugv_nav -- -j4 -l4
[0.349s] Invoked command in '/home/pi/ugv_ws/build/ugv_nav' returned '0': CMAKE_PREFIX_PATH=${CMAKE_PREFIX_PATH}:/home/pi/ugv_ws/install/ugv_web_app:/home/pi/ugv_ws/install/ugv_vision:/home/pi/ugv_ws/install/ugv_tools:/home/pi/ugv_ws/install/ugv_chat_ai:/home/pi/ugv_ws/install/ugv_bringup:/opt/ros/humble /usr/bin/cmake --build /home/pi/ugv_ws/build/ugv_nav -- -j4 -l4
[0.367s] Invoking command in '/home/pi/ugv_ws/build/ugv_nav': CMAKE_PREFIX_PATH=${CMAKE_PREFIX_PATH}:/home/pi/ugv_ws/install/ugv_web_app:/home/pi/ugv_ws/install/ugv_vision:/home/pi/ugv_ws/install/ugv_tools:/home/pi/ugv_ws/install/ugv_chat_ai:/home/pi/ugv_ws/install/ugv_bringup:/opt/ros/humble /usr/bin/cmake --install /home/pi/ugv_ws/build/ugv_nav
[0.472s] -- Install configuration: ""
[0.480s] -- Execute custom install script
[0.484s] -- Up-to-date symlink: /home/pi/ugv_ws/install/ugv_nav/share/ugv_nav/launch/bringup_launch.py
[0.486s] -- Up-to-date symlink: /home/pi/ugv_ws/install/ugv_nav/share/ugv_nav/launch/nav.launch.py
[0.489s] -- Up-to-date symlink: /home/pi/ugv_ws/install/ugv_nav/share/ugv_nav/launch/nav_bringup/bringup_launch_cartographer.launch.py
[0.491s] -- Up-to-date symlink: /home/pi/ugv_ws/install/ugv_nav/share/ugv_nav/launch/nav_bringup/cartographer_localization.launch.py
[0.494s] -- Up-to-date symlink: /home/pi/ugv_ws/install/ugv_nav/share/ugv_nav/launch/nav_bringup/localization_launch.py
[0.497s] -- Up-to-date symlink: /home/pi/ugv_ws/install/ugv_nav/share/ugv_nav/launch/nav_bringup/nav2_bringup.launch.py
[0.499s] -- Up-to-date symlink: /home/pi/ugv_ws/install/ugv_nav/share/ugv_nav/launch/nav_rtabmap.launch.py
[0.501s] -- Up-to-date symlink: /home/pi/ugv_ws/install/ugv_nav/share/ugv_nav/launch/rtabmap_localization_launch.py
[0.503s] -- Up-to-date symlink: /home/pi/ugv_ws/install/ugv_nav/share/ugv_nav/launch/slam_nav.launch.py
[0.506s] -- Up-to-date symlink: /home/pi/ugv_ws/install/ugv_nav/share/ugv_nav/param/amcl_dwa.yaml
[0.508s] -- Up-to-date symlink: /home/pi/ugv_ws/install/ugv_nav/share/ugv_nav/param/amcl_teb.yaml
[0.510s] -- Up-to-date symlink: /home/pi/ugv_ws/install/ugv_nav/share/ugv_nav/param/emcl_dwa.yaml
[0.512s] -- Up-to-date symlink: /home/pi/ugv_ws/install/ugv_nav/share/ugv_nav/param/emcl_teb.yaml
[0.515s] -- Up-to-date symlink: /home/pi/ugv_ws/install/ugv_nav/share/ugv_nav/param/rtabmap_dwa.yaml
[0.516s] -- Up-to-date symlink: /home/pi/ugv_ws/install/ugv_nav/share/ugv_nav/param/rtabmap_teb.yaml
[0.519s] -- Up-to-date symlink: /home/pi/ugv_ws/install/ugv_nav/share/ugv_nav/param/slam_nav.yaml
[0.522s] -- Up-to-date symlink: /home/pi/ugv_ws/install/ugv_nav/share/ugv_nav/maps/map.pbstream
[0.525s] -- Up-to-date symlink: /home/pi/ugv_ws/install/ugv_nav/share/ugv_nav/maps/map.pgm
[0.526s] -- Up-to-date symlink: /home/pi/ugv_ws/install/ugv_nav/share/ugv_nav/maps/map.yaml
[0.529s] -- Up-to-date symlink: /home/pi/ugv_ws/install/ugv_nav/share/ugv_nav/maps/map_server_params.yaml
[0.532s] -- Up-to-date symlink: /home/pi/ugv_ws/install/ugv_nav/share/ugv_nav/rviz/view_nav_2d.rviz
[0.534s] -- Up-to-date symlink: /home/pi/ugv_ws/install/ugv_nav/share/ugv_nav/rviz/view_nav_3d.rviz
[0.537s] -- Up-to-date symlink: /home/pi/ugv_ws/install/ugv_nav/share/ament_index/resource_index/package_run_dependencies/ugv_nav
[0.540s] -- Up-to-date symlink: /home/pi/ugv_ws/install/ugv_nav/share/ament_index/resource_index/parent_prefix_path/ugv_nav
[0.547s] -- Up-to-date symlink: /home/pi/ugv_ws/install/ugv_nav/share/ugv_nav/environment/ament_prefix_path.sh
[0.548s] -- Up-to-date symlink: /home/pi/ugv_ws/install/ugv_nav/share/ugv_nav/environment/ament_prefix_path.dsv
[0.551s] -- Up-to-date symlink: /home/pi/ugv_ws/install/ugv_nav/share/ugv_nav/environment/path.sh
[0.555s] -- Up-to-date symlink: /home/pi/ugv_ws/install/ugv_nav/share/ugv_nav/environment/path.dsv
[0.558s] -- Up-to-date symlink: /home/pi/ugv_ws/install/ugv_nav/share/ugv_nav/local_setup.bash
[0.560s] -- Up-to-date symlink: /home/pi/ugv_ws/install/ugv_nav/share/ugv_nav/local_setup.sh
[0.563s] -- Up-to-date symlink: /home/pi/ugv_ws/install/ugv_nav/share/ugv_nav/local_setup.zsh
[0.566s] -- Up-to-date symlink: /home/pi/ugv_ws/install/ugv_nav/share/ugv_nav/local_setup.dsv
[0.583s] -- Symlinking: /home/pi/ugv_ws/install/ugv_nav/share/ugv_nav/package.dsv
[0.619s] -- Up-to-date symlink: /home/pi/ugv_ws/install/ugv_nav/share/ament_index/resource_index/packages/ugv_nav
[0.623s] -- Up-to-date symlink: /home/pi/ugv_ws/install/ugv_nav/share/ugv_nav/cmake/ugv_navConfig.cmake
[0.629s] -- Up-to-date symlink: /home/pi/ugv_ws/install/ugv_nav/share/ugv_nav/cmake/ugv_navConfig-version.cmake
[0.631s] -- Up-to-date symlink: /home/pi/ugv_ws/install/ugv_nav/share/ugv_nav/package.xml
[0.647s] Invoked command in '/home/pi/ugv_ws/build/ugv_nav' returned '0': CMAKE_PREFIX_PATH=${CMAKE_PREFIX_PATH}:/home/pi/ugv_ws/install/ugv_web_app:/home/pi/ugv_ws/install/ugv_vision:/home/pi/ugv_ws/install/ugv_tools:/home/pi/ugv_ws/install/ugv_chat_ai:/home/pi/ugv_ws/install/ugv_bringup:/opt/ros/humble /usr/bin/cmake --install /home/pi/ugv_ws/build/ugv_nav
