[0.185s] Invoking command in '/home/pi/ugv_ws/build/vizanti_msgs': CMAKE_PREFIX_PATH=${CMAKE_PREFIX_PATH}:/home/pi/ugv_ws/install/ugv_web_app:/home/pi/ugv_ws/install/ugv_vision:/home/pi/ugv_ws/install/ugv_tools:/home/pi/ugv_ws/install/ugv_chat_ai:/home/pi/ugv_ws/install/ugv_bringup:/opt/ros/humble /usr/bin/cmake --build /home/pi/ugv_ws/build/vizanti_msgs -- -j4 -l4
[0.708s] [  0%] Built target vizanti_msgs__cpp
[0.921s] [ 12%] Built target vizanti_msgs__rosidl_generator_c
[0.922s] [  0%] Built target ament_cmake_python_symlink_vizanti_msgs
[1.401s] [ 34%] Built target vizanti_msgs__rosidl_typesupport_fastrtps_cpp
[1.406s] [ 35%] Built target vizanti_msgs__rosidl_typesupport_cpp
[1.667s] [ 47%] Built target vizanti_msgs__rosidl_typesupport_introspection_cpp
[1.904s] [ 59%] Built target vizanti_msgs__rosidl_typesupport_introspection_c
[2.246s] [ 71%] Built target vizanti_msgs__rosidl_typesupport_fastrtps_c
[2.275s] [ 82%] Built target vizanti_msgs__rosidl_typesupport_c
[2.695s] [ 82%] Built target vizanti_msgs
[3.129s] [ 83%] Built target vizanti_msgs__py
[3.473s] [ 94%] Built target vizanti_msgs__rosidl_generator_py
[3.920s] [ 96%] Built target vizanti_msgs__rosidl_typesupport_introspection_c__pyext
[4.051s] [ 98%] Built target vizanti_msgs__rosidl_typesupport_fastrtps_c__pyext
[4.089s] [100%] Built target vizanti_msgs__rosidl_typesupport_c__pyext
[6.309s] running egg_info
[6.316s] writing vizanti_msgs.egg-info/PKG-INFO
[6.323s] writing dependency_links to vizanti_msgs.egg-info/dependency_links.txt
[6.328s] writing top-level names to vizanti_msgs.egg-info/top_level.txt
[6.348s] reading manifest file 'vizanti_msgs.egg-info/SOURCES.txt'
[6.355s] writing manifest file 'vizanti_msgs.egg-info/SOURCES.txt'
[6.641s] [100%] Built target ament_cmake_python_build_vizanti_msgs_egg
[6.894s] Invoked command in '/home/pi/ugv_ws/build/vizanti_msgs' returned '0': CMAKE_PREFIX_PATH=${CMAKE_PREFIX_PATH}:/home/pi/ugv_ws/install/ugv_web_app:/home/pi/ugv_ws/install/ugv_vision:/home/pi/ugv_ws/install/ugv_tools:/home/pi/ugv_ws/install/ugv_chat_ai:/home/pi/ugv_ws/install/ugv_bringup:/opt/ros/humble /usr/bin/cmake --build /home/pi/ugv_ws/build/vizanti_msgs -- -j4 -l4
[6.896s] Invoking command in '/home/pi/ugv_ws/build/vizanti_msgs': CMAKE_PREFIX_PATH=${CMAKE_PREFIX_PATH}:/home/pi/ugv_ws/install/ugv_web_app:/home/pi/ugv_ws/install/ugv_vision:/home/pi/ugv_ws/install/ugv_tools:/home/pi/ugv_ws/install/ugv_chat_ai:/home/pi/ugv_ws/install/ugv_bringup:/opt/ros/humble /usr/bin/cmake --install /home/pi/ugv_ws/build/vizanti_msgs
[6.988s] -- Install configuration: ""
[6.996s] -- Execute custom install script
[6.998s] -- Up-to-date symlink: /home/pi/ugv_ws/install/vizanti_msgs/share/ament_index/resource_index/rosidl_interfaces/vizanti_msgs
[7.005s] -- Up-to-date symlink: /home/pi/ugv_ws/install/vizanti_msgs/include/vizanti_msgs/vizanti_msgs/msg/rosidl_generator_c__visibility_control.h
[7.007s] -- Up-to-date symlink: /home/pi/ugv_ws/install/vizanti_msgs/include/vizanti_msgs/vizanti_msgs/srv/detail/get_node_parameters__functions.h
[7.009s] -- Up-to-date symlink: /home/pi/ugv_ws/install/vizanti_msgs/include/vizanti_msgs/vizanti_msgs/srv/detail/get_node_parameters__struct.h
[7.010s] -- Up-to-date symlink: /home/pi/ugv_ws/install/vizanti_msgs/include/vizanti_msgs/vizanti_msgs/srv/detail/get_node_parameters__type_support.h
[7.013s] -- Up-to-date symlink: /home/pi/ugv_ws/install/vizanti_msgs/include/vizanti_msgs/vizanti_msgs/srv/detail/launches__functions.h
[7.016s] -- Up-to-date symlink: /home/pi/ugv_ws/install/vizanti_msgs/include/vizanti_msgs/vizanti_msgs/srv/detail/launches__struct.h
[7.018s] -- Up-to-date symlink: /home/pi/ugv_ws/install/vizanti_msgs/include/vizanti_msgs/vizanti_msgs/srv/detail/launches__type_support.h
[7.020s] -- Up-to-date symlink: /home/pi/ugv_ws/install/vizanti_msgs/include/vizanti_msgs/vizanti_msgs/srv/detail/list_executables__functions.h
[7.029s] -- Up-to-date symlink: /home/pi/ugv_ws/install/vizanti_msgs/include/vizanti_msgs/vizanti_msgs/srv/detail/list_executables__struct.h
[7.030s] -- Up-to-date symlink: /home/pi/ugv_ws/install/vizanti_msgs/include/vizanti_msgs/vizanti_msgs/srv/detail/list_executables__type_support.h
[7.031s] -- Up-to-date symlink: /home/pi/ugv_ws/install/vizanti_msgs/include/vizanti_msgs/vizanti_msgs/srv/detail/list_packages__functions.h
[7.031s] -- Up-to-date symlink: /home/pi/ugv_ws/install/vizanti_msgs/include/vizanti_msgs/vizanti_msgs/srv/detail/list_packages__struct.h
[7.036s] -- Up-to-date symlink: /home/pi/ugv_ws/install/vizanti_msgs/include/vizanti_msgs/vizanti_msgs/srv/detail/list_packages__type_support.h
[7.042s] -- Up-to-date symlink: /home/pi/ugv_ws/install/vizanti_msgs/include/vizanti_msgs/vizanti_msgs/srv/detail/load_map__functions.h
[7.044s] -- Up-to-date symlink: /home/pi/ugv_ws/install/vizanti_msgs/include/vizanti_msgs/vizanti_msgs/srv/detail/load_map__struct.h
[7.049s] -- Up-to-date symlink: /home/pi/ugv_ws/install/vizanti_msgs/include/vizanti_msgs/vizanti_msgs/srv/detail/load_map__type_support.h
[7.049s] -- Up-to-date symlink: /home/pi/ugv_ws/install/vizanti_msgs/include/vizanti_msgs/vizanti_msgs/srv/detail/manage_launch__functions.h
[7.050s] -- Up-to-date symlink: /home/pi/ugv_ws/install/vizanti_msgs/include/vizanti_msgs/vizanti_msgs/srv/detail/manage_launch__struct.h
[7.050s] -- Up-to-date symlink: /home/pi/ugv_ws/install/vizanti_msgs/include/vizanti_msgs/vizanti_msgs/srv/detail/manage_launch__type_support.h
[7.051s] -- Up-to-date symlink: /home/pi/ugv_ws/install/vizanti_msgs/include/vizanti_msgs/vizanti_msgs/srv/detail/manage_node__functions.h
[7.056s] -- Up-to-date symlink: /home/pi/ugv_ws/install/vizanti_msgs/include/vizanti_msgs/vizanti_msgs/srv/detail/manage_node__struct.h
[7.057s] -- Up-to-date symlink: /home/pi/ugv_ws/install/vizanti_msgs/include/vizanti_msgs/vizanti_msgs/srv/detail/manage_node__type_support.h
[7.058s] -- Up-to-date symlink: /home/pi/ugv_ws/install/vizanti_msgs/include/vizanti_msgs/vizanti_msgs/srv/detail/record_rosbag__functions.h
[7.060s] -- Up-to-date symlink: /home/pi/ugv_ws/install/vizanti_msgs/include/vizanti_msgs/vizanti_msgs/srv/detail/record_rosbag__struct.h
[7.063s] -- Up-to-date symlink: /home/pi/ugv_ws/install/vizanti_msgs/include/vizanti_msgs/vizanti_msgs/srv/detail/record_rosbag__type_support.h
[7.065s] -- Up-to-date symlink: /home/pi/ugv_ws/install/vizanti_msgs/include/vizanti_msgs/vizanti_msgs/srv/detail/save_map__functions.h
[7.067s] -- Up-to-date symlink: /home/pi/ugv_ws/install/vizanti_msgs/include/vizanti_msgs/vizanti_msgs/srv/detail/save_map__struct.h
[7.067s] -- Up-to-date symlink: /home/pi/ugv_ws/install/vizanti_msgs/include/vizanti_msgs/vizanti_msgs/srv/detail/save_map__type_support.h
[7.068s] -- Up-to-date symlink: /home/pi/ugv_ws/install/vizanti_msgs/include/vizanti_msgs/vizanti_msgs/srv/detail/set_node_parameter__functions.h
[7.068s] -- Up-to-date symlink: /home/pi/ugv_ws/install/vizanti_msgs/include/vizanti_msgs/vizanti_msgs/srv/detail/set_node_parameter__struct.h
[7.069s] -- Up-to-date symlink: /home/pi/ugv_ws/install/vizanti_msgs/include/vizanti_msgs/vizanti_msgs/srv/detail/set_node_parameter__type_support.h
[7.069s] -- Up-to-date symlink: /home/pi/ugv_ws/install/vizanti_msgs/include/vizanti_msgs/vizanti_msgs/srv/get_node_parameters.h
[7.070s] -- Up-to-date symlink: /home/pi/ugv_ws/install/vizanti_msgs/include/vizanti_msgs/vizanti_msgs/srv/launches.h
[7.070s] -- Up-to-date symlink: /home/pi/ugv_ws/install/vizanti_msgs/include/vizanti_msgs/vizanti_msgs/srv/list_executables.h
[7.071s] -- Up-to-date symlink: /home/pi/ugv_ws/install/vizanti_msgs/include/vizanti_msgs/vizanti_msgs/srv/list_packages.h
[7.072s] -- Up-to-date symlink: /home/pi/ugv_ws/install/vizanti_msgs/include/vizanti_msgs/vizanti_msgs/srv/load_map.h
[7.080s] -- Up-to-date symlink: /home/pi/ugv_ws/install/vizanti_msgs/include/vizanti_msgs/vizanti_msgs/srv/manage_launch.h
[7.081s] -- Up-to-date symlink: /home/pi/ugv_ws/install/vizanti_msgs/include/vizanti_msgs/vizanti_msgs/srv/manage_node.h
[7.081s] -- Up-to-date symlink: /home/pi/ugv_ws/install/vizanti_msgs/include/vizanti_msgs/vizanti_msgs/srv/record_rosbag.h
[7.082s] -- Up-to-date symlink: /home/pi/ugv_ws/install/vizanti_msgs/include/vizanti_msgs/vizanti_msgs/srv/save_map.h
[7.083s] -- Up-to-date symlink: /home/pi/ugv_ws/install/vizanti_msgs/include/vizanti_msgs/vizanti_msgs/srv/set_node_parameter.h
[7.083s] -- Up-to-date symlink: /home/pi/ugv_ws/install/vizanti_msgs/share/vizanti_msgs/environment/library_path.sh
[7.084s] -- Up-to-date symlink: /home/pi/ugv_ws/install/vizanti_msgs/share/vizanti_msgs/environment/library_path.dsv
[7.096s] -- Up-to-date symlink: /home/pi/ugv_ws/install/vizanti_msgs/include/vizanti_msgs/vizanti_msgs/msg/rosidl_typesupport_fastrtps_c__visibility_control.h
[7.100s] -- Up-to-date symlink: /home/pi/ugv_ws/install/vizanti_msgs/include/vizanti_msgs/vizanti_msgs/srv/detail/get_node_parameters__rosidl_typesupport_fastrtps_c.h
[7.104s] -- Up-to-date symlink: /home/pi/ugv_ws/install/vizanti_msgs/include/vizanti_msgs/vizanti_msgs/srv/detail/launches__rosidl_typesupport_fastrtps_c.h
[7.109s] -- Up-to-date symlink: /home/pi/ugv_ws/install/vizanti_msgs/include/vizanti_msgs/vizanti_msgs/srv/detail/list_executables__rosidl_typesupport_fastrtps_c.h
[7.114s] -- Up-to-date symlink: /home/pi/ugv_ws/install/vizanti_msgs/include/vizanti_msgs/vizanti_msgs/srv/detail/list_packages__rosidl_typesupport_fastrtps_c.h
[7.118s] -- Up-to-date symlink: /home/pi/ugv_ws/install/vizanti_msgs/include/vizanti_msgs/vizanti_msgs/srv/detail/load_map__rosidl_typesupport_fastrtps_c.h
[7.124s] -- Up-to-date symlink: /home/pi/ugv_ws/install/vizanti_msgs/include/vizanti_msgs/vizanti_msgs/srv/detail/manage_launch__rosidl_typesupport_fastrtps_c.h
[7.128s] -- Up-to-date symlink: /home/pi/ugv_ws/install/vizanti_msgs/include/vizanti_msgs/vizanti_msgs/srv/detail/manage_node__rosidl_typesupport_fastrtps_c.h
[7.133s] -- Up-to-date symlink: /home/pi/ugv_ws/install/vizanti_msgs/include/vizanti_msgs/vizanti_msgs/srv/detail/record_rosbag__rosidl_typesupport_fastrtps_c.h
[7.137s] -- Up-to-date symlink: /home/pi/ugv_ws/install/vizanti_msgs/include/vizanti_msgs/vizanti_msgs/srv/detail/save_map__rosidl_typesupport_fastrtps_c.h
[7.141s] -- Up-to-date symlink: /home/pi/ugv_ws/install/vizanti_msgs/include/vizanti_msgs/vizanti_msgs/srv/detail/set_node_parameter__rosidl_typesupport_fastrtps_c.h
[7.171s] -- Up-to-date symlink: /home/pi/ugv_ws/install/vizanti_msgs/include/vizanti_msgs/vizanti_msgs/msg/rosidl_typesupport_introspection_c__visibility_control.h
[7.175s] -- Up-to-date symlink: /home/pi/ugv_ws/install/vizanti_msgs/include/vizanti_msgs/vizanti_msgs/srv/detail/get_node_parameters__rosidl_typesupport_introspection_c.h
[7.236s] -- Up-to-date symlink: /home/pi/ugv_ws/install/vizanti_msgs/include/vizanti_msgs/vizanti_msgs/srv/detail/launches__rosidl_typesupport_introspection_c.h
[7.237s] -- Up-to-date symlink: /home/pi/ugv_ws/install/vizanti_msgs/include/vizanti_msgs/vizanti_msgs/srv/detail/list_executables__rosidl_typesupport_introspection_c.h
[7.238s] -- Up-to-date symlink: /home/pi/ugv_ws/install/vizanti_msgs/include/vizanti_msgs/vizanti_msgs/srv/detail/list_packages__rosidl_typesupport_introspection_c.h
[7.241s] -- Up-to-date symlink: /home/pi/ugv_ws/install/vizanti_msgs/include/vizanti_msgs/vizanti_msgs/srv/detail/load_map__rosidl_typesupport_introspection_c.h
[7.242s] -- Up-to-date symlink: /home/pi/ugv_ws/install/vizanti_msgs/include/vizanti_msgs/vizanti_msgs/srv/detail/manage_launch__rosidl_typesupport_introspection_c.h
[7.242s] -- Up-to-date symlink: /home/pi/ugv_ws/install/vizanti_msgs/include/vizanti_msgs/vizanti_msgs/srv/detail/manage_node__rosidl_typesupport_introspection_c.h
[7.247s] -- Up-to-date symlink: /home/pi/ugv_ws/install/vizanti_msgs/include/vizanti_msgs/vizanti_msgs/srv/detail/record_rosbag__rosidl_typesupport_introspection_c.h
[7.247s] -- Up-to-date symlink: /home/pi/ugv_ws/install/vizanti_msgs/include/vizanti_msgs/vizanti_msgs/srv/detail/save_map__rosidl_typesupport_introspection_c.h
[7.253s] -- Up-to-date symlink: /home/pi/ugv_ws/install/vizanti_msgs/include/vizanti_msgs/vizanti_msgs/srv/detail/set_node_parameter__rosidl_typesupport_introspection_c.h
[7.257s] -- Up-to-date symlink: /home/pi/ugv_ws/install/vizanti_msgs/include/vizanti_msgs/vizanti_msgs/msg/rosidl_generator_cpp__visibility_control.hpp
[7.257s] -- Up-to-date symlink: /home/pi/ugv_ws/install/vizanti_msgs/include/vizanti_msgs/vizanti_msgs/srv/detail/get_node_parameters__builder.hpp
[7.258s] -- Up-to-date symlink: /home/pi/ugv_ws/install/vizanti_msgs/include/vizanti_msgs/vizanti_msgs/srv/detail/get_node_parameters__struct.hpp
[7.278s] -- Up-to-date symlink: /home/pi/ugv_ws/install/vizanti_msgs/include/vizanti_msgs/vizanti_msgs/srv/detail/get_node_parameters__traits.hpp
[7.278s] -- Up-to-date symlink: /home/pi/ugv_ws/install/vizanti_msgs/include/vizanti_msgs/vizanti_msgs/srv/detail/get_node_parameters__type_support.hpp
[7.279s] -- Up-to-date symlink: /home/pi/ugv_ws/install/vizanti_msgs/include/vizanti_msgs/vizanti_msgs/srv/detail/launches__builder.hpp
[7.279s] -- Up-to-date symlink: /home/pi/ugv_ws/install/vizanti_msgs/include/vizanti_msgs/vizanti_msgs/srv/detail/launches__struct.hpp
[7.280s] -- Up-to-date symlink: /home/pi/ugv_ws/install/vizanti_msgs/include/vizanti_msgs/vizanti_msgs/srv/detail/launches__traits.hpp
[7.281s] -- Up-to-date symlink: /home/pi/ugv_ws/install/vizanti_msgs/include/vizanti_msgs/vizanti_msgs/srv/detail/launches__type_support.hpp
[7.281s] -- Up-to-date symlink: /home/pi/ugv_ws/install/vizanti_msgs/include/vizanti_msgs/vizanti_msgs/srv/detail/list_executables__builder.hpp
[7.295s] -- Up-to-date symlink: /home/pi/ugv_ws/install/vizanti_msgs/include/vizanti_msgs/vizanti_msgs/srv/detail/list_executables__struct.hpp
[7.296s] -- Up-to-date symlink: /home/pi/ugv_ws/install/vizanti_msgs/include/vizanti_msgs/vizanti_msgs/srv/detail/list_executables__traits.hpp
[7.296s] -- Up-to-date symlink: /home/pi/ugv_ws/install/vizanti_msgs/include/vizanti_msgs/vizanti_msgs/srv/detail/list_executables__type_support.hpp
[7.299s] -- Up-to-date symlink: /home/pi/ugv_ws/install/vizanti_msgs/include/vizanti_msgs/vizanti_msgs/srv/detail/list_packages__builder.hpp
[7.304s] -- Up-to-date symlink: /home/pi/ugv_ws/install/vizanti_msgs/include/vizanti_msgs/vizanti_msgs/srv/detail/list_packages__struct.hpp
[7.307s] -- Up-to-date symlink: /home/pi/ugv_ws/install/vizanti_msgs/include/vizanti_msgs/vizanti_msgs/srv/detail/list_packages__traits.hpp
[7.320s] -- Up-to-date symlink: /home/pi/ugv_ws/install/vizanti_msgs/include/vizanti_msgs/vizanti_msgs/srv/detail/list_packages__type_support.hpp
[7.323s] -- Up-to-date symlink: /home/pi/ugv_ws/install/vizanti_msgs/include/vizanti_msgs/vizanti_msgs/srv/detail/load_map__builder.hpp
[7.325s] -- Up-to-date symlink: /home/pi/ugv_ws/install/vizanti_msgs/include/vizanti_msgs/vizanti_msgs/srv/detail/load_map__struct.hpp
[7.328s] -- Up-to-date symlink: /home/pi/ugv_ws/install/vizanti_msgs/include/vizanti_msgs/vizanti_msgs/srv/detail/load_map__traits.hpp
[7.330s] -- Up-to-date symlink: /home/pi/ugv_ws/install/vizanti_msgs/include/vizanti_msgs/vizanti_msgs/srv/detail/load_map__type_support.hpp
[7.333s] -- Up-to-date symlink: /home/pi/ugv_ws/install/vizanti_msgs/include/vizanti_msgs/vizanti_msgs/srv/detail/manage_launch__builder.hpp
[7.335s] -- Up-to-date symlink: /home/pi/ugv_ws/install/vizanti_msgs/include/vizanti_msgs/vizanti_msgs/srv/detail/manage_launch__struct.hpp
[7.338s] -- Up-to-date symlink: /home/pi/ugv_ws/install/vizanti_msgs/include/vizanti_msgs/vizanti_msgs/srv/detail/manage_launch__traits.hpp
[7.340s] -- Up-to-date symlink: /home/pi/ugv_ws/install/vizanti_msgs/include/vizanti_msgs/vizanti_msgs/srv/detail/manage_launch__type_support.hpp
[7.350s] -- Up-to-date symlink: /home/pi/ugv_ws/install/vizanti_msgs/include/vizanti_msgs/vizanti_msgs/srv/detail/manage_node__builder.hpp
[7.352s] -- Up-to-date symlink: /home/pi/ugv_ws/install/vizanti_msgs/include/vizanti_msgs/vizanti_msgs/srv/detail/manage_node__struct.hpp
[7.355s] -- Up-to-date symlink: /home/pi/ugv_ws/install/vizanti_msgs/include/vizanti_msgs/vizanti_msgs/srv/detail/manage_node__traits.hpp
[7.357s] -- Up-to-date symlink: /home/pi/ugv_ws/install/vizanti_msgs/include/vizanti_msgs/vizanti_msgs/srv/detail/manage_node__type_support.hpp
[7.361s] -- Up-to-date symlink: /home/pi/ugv_ws/install/vizanti_msgs/include/vizanti_msgs/vizanti_msgs/srv/detail/record_rosbag__builder.hpp
[7.364s] -- Up-to-date symlink: /home/pi/ugv_ws/install/vizanti_msgs/include/vizanti_msgs/vizanti_msgs/srv/detail/record_rosbag__struct.hpp
[7.370s] -- Up-to-date symlink: /home/pi/ugv_ws/install/vizanti_msgs/include/vizanti_msgs/vizanti_msgs/srv/detail/record_rosbag__traits.hpp
[7.373s] -- Up-to-date symlink: /home/pi/ugv_ws/install/vizanti_msgs/include/vizanti_msgs/vizanti_msgs/srv/detail/record_rosbag__type_support.hpp
[7.386s] -- Up-to-date symlink: /home/pi/ugv_ws/install/vizanti_msgs/include/vizanti_msgs/vizanti_msgs/srv/detail/save_map__builder.hpp
[7.387s] -- Up-to-date symlink: /home/pi/ugv_ws/install/vizanti_msgs/include/vizanti_msgs/vizanti_msgs/srv/detail/save_map__struct.hpp
[7.388s] -- Up-to-date symlink: /home/pi/ugv_ws/install/vizanti_msgs/include/vizanti_msgs/vizanti_msgs/srv/detail/save_map__traits.hpp
[7.389s] -- Up-to-date symlink: /home/pi/ugv_ws/install/vizanti_msgs/include/vizanti_msgs/vizanti_msgs/srv/detail/save_map__type_support.hpp
[7.390s] -- Up-to-date symlink: /home/pi/ugv_ws/install/vizanti_msgs/include/vizanti_msgs/vizanti_msgs/srv/detail/set_node_parameter__builder.hpp
[7.392s] -- Up-to-date symlink: /home/pi/ugv_ws/install/vizanti_msgs/include/vizanti_msgs/vizanti_msgs/srv/detail/set_node_parameter__struct.hpp
[7.394s] -- Up-to-date symlink: /home/pi/ugv_ws/install/vizanti_msgs/include/vizanti_msgs/vizanti_msgs/srv/detail/set_node_parameter__traits.hpp
[7.398s] -- Up-to-date symlink: /home/pi/ugv_ws/install/vizanti_msgs/include/vizanti_msgs/vizanti_msgs/srv/detail/set_node_parameter__type_support.hpp
[7.399s] -- Up-to-date symlink: /home/pi/ugv_ws/install/vizanti_msgs/include/vizanti_msgs/vizanti_msgs/srv/get_node_parameters.hpp
[7.401s] -- Up-to-date symlink: /home/pi/ugv_ws/install/vizanti_msgs/include/vizanti_msgs/vizanti_msgs/srv/launches.hpp
[7.404s] -- Up-to-date symlink: /home/pi/ugv_ws/install/vizanti_msgs/include/vizanti_msgs/vizanti_msgs/srv/list_executables.hpp
[7.406s] -- Up-to-date symlink: /home/pi/ugv_ws/install/vizanti_msgs/include/vizanti_msgs/vizanti_msgs/srv/list_packages.hpp
[7.425s] -- Up-to-date symlink: /home/pi/ugv_ws/install/vizanti_msgs/include/vizanti_msgs/vizanti_msgs/srv/load_map.hpp
[7.425s] -- Up-to-date symlink: /home/pi/ugv_ws/install/vizanti_msgs/include/vizanti_msgs/vizanti_msgs/srv/manage_launch.hpp
[7.426s] -- Up-to-date symlink: /home/pi/ugv_ws/install/vizanti_msgs/include/vizanti_msgs/vizanti_msgs/srv/manage_node.hpp
[7.427s] -- Up-to-date symlink: /home/pi/ugv_ws/install/vizanti_msgs/include/vizanti_msgs/vizanti_msgs/srv/record_rosbag.hpp
[7.428s] -- Up-to-date symlink: /home/pi/ugv_ws/install/vizanti_msgs/include/vizanti_msgs/vizanti_msgs/srv/save_map.hpp
[7.429s] -- Up-to-date symlink: /home/pi/ugv_ws/install/vizanti_msgs/include/vizanti_msgs/vizanti_msgs/srv/set_node_parameter.hpp
[7.443s] -- Up-to-date symlink: /home/pi/ugv_ws/install/vizanti_msgs/include/vizanti_msgs/vizanti_msgs/msg/rosidl_typesupport_fastrtps_cpp__visibility_control.h
[7.446s] -- Up-to-date symlink: /home/pi/ugv_ws/install/vizanti_msgs/include/vizanti_msgs/vizanti_msgs/srv/detail/get_node_parameters__rosidl_typesupport_fastrtps_cpp.hpp
[7.447s] -- Up-to-date symlink: /home/pi/ugv_ws/install/vizanti_msgs/include/vizanti_msgs/vizanti_msgs/srv/detail/launches__rosidl_typesupport_fastrtps_cpp.hpp
[7.450s] -- Up-to-date symlink: /home/pi/ugv_ws/install/vizanti_msgs/include/vizanti_msgs/vizanti_msgs/srv/detail/list_executables__rosidl_typesupport_fastrtps_cpp.hpp
[7.451s] -- Up-to-date symlink: /home/pi/ugv_ws/install/vizanti_msgs/include/vizanti_msgs/vizanti_msgs/srv/detail/list_packages__rosidl_typesupport_fastrtps_cpp.hpp
[7.453s] -- Up-to-date symlink: /home/pi/ugv_ws/install/vizanti_msgs/include/vizanti_msgs/vizanti_msgs/srv/detail/load_map__rosidl_typesupport_fastrtps_cpp.hpp
[7.456s] -- Up-to-date symlink: /home/pi/ugv_ws/install/vizanti_msgs/include/vizanti_msgs/vizanti_msgs/srv/detail/manage_launch__rosidl_typesupport_fastrtps_cpp.hpp
[7.465s] -- Up-to-date symlink: /home/pi/ugv_ws/install/vizanti_msgs/include/vizanti_msgs/vizanti_msgs/srv/detail/manage_node__rosidl_typesupport_fastrtps_cpp.hpp
[7.469s] -- Up-to-date symlink: /home/pi/ugv_ws/install/vizanti_msgs/include/vizanti_msgs/vizanti_msgs/srv/detail/record_rosbag__rosidl_typesupport_fastrtps_cpp.hpp
[7.475s] -- Up-to-date symlink: /home/pi/ugv_ws/install/vizanti_msgs/include/vizanti_msgs/vizanti_msgs/srv/detail/save_map__rosidl_typesupport_fastrtps_cpp.hpp
[7.475s] -- Up-to-date symlink: /home/pi/ugv_ws/install/vizanti_msgs/include/vizanti_msgs/vizanti_msgs/srv/detail/set_node_parameter__rosidl_typesupport_fastrtps_cpp.hpp
[7.487s] -- Up-to-date symlink: /home/pi/ugv_ws/install/vizanti_msgs/include/vizanti_msgs/vizanti_msgs/srv/detail/get_node_parameters__rosidl_typesupport_introspection_cpp.hpp
[7.496s] -- Up-to-date symlink: /home/pi/ugv_ws/install/vizanti_msgs/include/vizanti_msgs/vizanti_msgs/srv/detail/launches__rosidl_typesupport_introspection_cpp.hpp
[7.496s] -- Up-to-date symlink: /home/pi/ugv_ws/install/vizanti_msgs/include/vizanti_msgs/vizanti_msgs/srv/detail/list_executables__rosidl_typesupport_introspection_cpp.hpp
[7.501s] -- Up-to-date symlink: /home/pi/ugv_ws/install/vizanti_msgs/include/vizanti_msgs/vizanti_msgs/srv/detail/list_packages__rosidl_typesupport_introspection_cpp.hpp
[7.504s] -- Up-to-date symlink: /home/pi/ugv_ws/install/vizanti_msgs/include/vizanti_msgs/vizanti_msgs/srv/detail/load_map__rosidl_typesupport_introspection_cpp.hpp
[7.505s] -- Up-to-date symlink: /home/pi/ugv_ws/install/vizanti_msgs/include/vizanti_msgs/vizanti_msgs/srv/detail/manage_launch__rosidl_typesupport_introspection_cpp.hpp
[7.505s] -- Up-to-date symlink: /home/pi/ugv_ws/install/vizanti_msgs/include/vizanti_msgs/vizanti_msgs/srv/detail/manage_node__rosidl_typesupport_introspection_cpp.hpp
[7.506s] -- Up-to-date symlink: /home/pi/ugv_ws/install/vizanti_msgs/include/vizanti_msgs/vizanti_msgs/srv/detail/record_rosbag__rosidl_typesupport_introspection_cpp.hpp
[7.507s] -- Up-to-date symlink: /home/pi/ugv_ws/install/vizanti_msgs/include/vizanti_msgs/vizanti_msgs/srv/detail/save_map__rosidl_typesupport_introspection_cpp.hpp
[7.515s] -- Up-to-date symlink: /home/pi/ugv_ws/install/vizanti_msgs/include/vizanti_msgs/vizanti_msgs/srv/detail/set_node_parameter__rosidl_typesupport_introspection_cpp.hpp
[7.516s] -- Up-to-date symlink: /home/pi/ugv_ws/install/vizanti_msgs/share/vizanti_msgs/environment/pythonpath.sh
[7.517s] -- Up-to-date symlink: /home/pi/ugv_ws/install/vizanti_msgs/share/vizanti_msgs/environment/pythonpath.dsv
[7.523s] -- Up-to-date symlink: /home/pi/ugv_ws/install/vizanti_msgs/local/lib/python3.10/dist-packages/vizanti_msgs-0.1.0-py3.10.egg-info/PKG-INFO
[7.526s] -- Up-to-date symlink: /home/pi/ugv_ws/install/vizanti_msgs/local/lib/python3.10/dist-packages/vizanti_msgs-0.1.0-py3.10.egg-info/SOURCES.txt
[7.527s] -- Up-to-date symlink: /home/pi/ugv_ws/install/vizanti_msgs/local/lib/python3.10/dist-packages/vizanti_msgs-0.1.0-py3.10.egg-info/dependency_links.txt
[7.535s] -- Up-to-date symlink: /home/pi/ugv_ws/install/vizanti_msgs/local/lib/python3.10/dist-packages/vizanti_msgs-0.1.0-py3.10.egg-info/top_level.txt
[7.554s] -- Up-to-date symlink: /home/pi/ugv_ws/install/vizanti_msgs/local/lib/python3.10/dist-packages/vizanti_msgs/__init__.py
[7.555s] -- Up-to-date symlink: /home/pi/ugv_ws/install/vizanti_msgs/local/lib/python3.10/dist-packages/vizanti_msgs/_vizanti_msgs_s.ep.rosidl_typesupport_c.c
[7.555s] -- Up-to-date symlink: /home/pi/ugv_ws/install/vizanti_msgs/local/lib/python3.10/dist-packages/vizanti_msgs/_vizanti_msgs_s.ep.rosidl_typesupport_fastrtps_c.c
[7.556s] -- Up-to-date symlink: /home/pi/ugv_ws/install/vizanti_msgs/local/lib/python3.10/dist-packages/vizanti_msgs/_vizanti_msgs_s.ep.rosidl_typesupport_introspection_c.c
[7.556s] -- Up-to-date symlink: /home/pi/ugv_ws/install/vizanti_msgs/local/lib/python3.10/dist-packages/vizanti_msgs/libvizanti_msgs__rosidl_generator_py.so
[7.565s] -- Up-to-date symlink: /home/pi/ugv_ws/install/vizanti_msgs/local/lib/python3.10/dist-packages/vizanti_msgs/srv/__init__.py
[7.569s] -- Up-to-date symlink: /home/pi/ugv_ws/install/vizanti_msgs/local/lib/python3.10/dist-packages/vizanti_msgs/srv/_get_node_parameters.py
[7.576s] -- Up-to-date symlink: /home/pi/ugv_ws/install/vizanti_msgs/local/lib/python3.10/dist-packages/vizanti_msgs/srv/_get_node_parameters_s.c
[7.577s] -- Up-to-date symlink: /home/pi/ugv_ws/install/vizanti_msgs/local/lib/python3.10/dist-packages/vizanti_msgs/srv/_launches.py
[7.578s] -- Up-to-date symlink: /home/pi/ugv_ws/install/vizanti_msgs/local/lib/python3.10/dist-packages/vizanti_msgs/srv/_launches_s.c
[7.580s] -- Up-to-date symlink: /home/pi/ugv_ws/install/vizanti_msgs/local/lib/python3.10/dist-packages/vizanti_msgs/srv/_list_executables.py
[7.587s] -- Up-to-date symlink: /home/pi/ugv_ws/install/vizanti_msgs/local/lib/python3.10/dist-packages/vizanti_msgs/srv/_list_executables_s.c
[7.595s] -- Up-to-date symlink: /home/pi/ugv_ws/install/vizanti_msgs/local/lib/python3.10/dist-packages/vizanti_msgs/srv/_list_packages.py
[7.596s] -- Up-to-date symlink: /home/pi/ugv_ws/install/vizanti_msgs/local/lib/python3.10/dist-packages/vizanti_msgs/srv/_list_packages_s.c
[7.597s] -- Up-to-date symlink: /home/pi/ugv_ws/install/vizanti_msgs/local/lib/python3.10/dist-packages/vizanti_msgs/srv/_load_map.py
[7.601s] -- Up-to-date symlink: /home/pi/ugv_ws/install/vizanti_msgs/local/lib/python3.10/dist-packages/vizanti_msgs/srv/_load_map_s.c
[7.603s] -- Up-to-date symlink: /home/pi/ugv_ws/install/vizanti_msgs/local/lib/python3.10/dist-packages/vizanti_msgs/srv/_manage_launch.py
[7.604s] -- Up-to-date symlink: /home/pi/ugv_ws/install/vizanti_msgs/local/lib/python3.10/dist-packages/vizanti_msgs/srv/_manage_launch_s.c
[7.610s] -- Up-to-date symlink: /home/pi/ugv_ws/install/vizanti_msgs/local/lib/python3.10/dist-packages/vizanti_msgs/srv/_manage_node.py
[7.612s] -- Up-to-date symlink: /home/pi/ugv_ws/install/vizanti_msgs/local/lib/python3.10/dist-packages/vizanti_msgs/srv/_manage_node_s.c
[7.616s] -- Up-to-date symlink: /home/pi/ugv_ws/install/vizanti_msgs/local/lib/python3.10/dist-packages/vizanti_msgs/srv/_record_rosbag.py
[7.629s] -- Up-to-date symlink: /home/pi/ugv_ws/install/vizanti_msgs/local/lib/python3.10/dist-packages/vizanti_msgs/srv/_record_rosbag_s.c
[7.630s] -- Up-to-date symlink: /home/pi/ugv_ws/install/vizanti_msgs/local/lib/python3.10/dist-packages/vizanti_msgs/srv/_save_map.py
[7.631s] -- Up-to-date symlink: /home/pi/ugv_ws/install/vizanti_msgs/local/lib/python3.10/dist-packages/vizanti_msgs/srv/_save_map_s.c
[7.647s] -- Up-to-date symlink: /home/pi/ugv_ws/install/vizanti_msgs/local/lib/python3.10/dist-packages/vizanti_msgs/srv/_set_node_parameter.py
[7.648s] -- Up-to-date symlink: /home/pi/ugv_ws/install/vizanti_msgs/local/lib/python3.10/dist-packages/vizanti_msgs/srv/_set_node_parameter_s.c
[7.649s] -- Up-to-date symlink: /home/pi/ugv_ws/install/vizanti_msgs/local/lib/python3.10/dist-packages/vizanti_msgs/vizanti_msgs_s__rosidl_typesupport_c.cpython-310-aarch64-linux-gnu.so
[7.649s] -- Up-to-date symlink: /home/pi/ugv_ws/install/vizanti_msgs/local/lib/python3.10/dist-packages/vizanti_msgs/vizanti_msgs_s__rosidl_typesupport_fastrtps_c.cpython-310-aarch64-linux-gnu.so
[7.649s] -- Up-to-date symlink: /home/pi/ugv_ws/install/vizanti_msgs/local/lib/python3.10/dist-packages/vizanti_msgs/vizanti_msgs_s__rosidl_typesupport_introspection_c.cpython-310-aarch64-linux-gnu.so
[7.651s] -- Up-to-date symlink: /home/pi/ugv_ws/install/vizanti_msgs/local/lib/python3.10/dist-packages/vizanti_msgs/vizanti_msgs_s__rosidl_typesupport_fastrtps_c.cpython-310-aarch64-linux-gnu.so
[7.653s] -- Up-to-date symlink: /home/pi/ugv_ws/install/vizanti_msgs/local/lib/python3.10/dist-packages/vizanti_msgs/vizanti_msgs_s__rosidl_typesupport_introspection_c.cpython-310-aarch64-linux-gnu.so
[7.659s] -- Up-to-date symlink: /home/pi/ugv_ws/install/vizanti_msgs/local/lib/python3.10/dist-packages/vizanti_msgs/vizanti_msgs_s__rosidl_typesupport_c.cpython-310-aarch64-linux-gnu.so
[7.660s] -- Up-to-date symlink: /home/pi/ugv_ws/install/vizanti_msgs/share/vizanti_msgs/srv/GetNodeParameters.idl
[7.661s] -- Up-to-date symlink: /home/pi/ugv_ws/install/vizanti_msgs/share/vizanti_msgs/srv/SetNodeParameter.idl
[7.662s] -- Up-to-date symlink: /home/pi/ugv_ws/install/vizanti_msgs/share/vizanti_msgs/srv/SaveMap.idl
[7.663s] -- Up-to-date symlink: /home/pi/ugv_ws/install/vizanti_msgs/share/vizanti_msgs/srv/LoadMap.idl
[7.678s] -- Up-to-date symlink: /home/pi/ugv_ws/install/vizanti_msgs/share/vizanti_msgs/srv/Launches.idl
[7.685s] -- Up-to-date symlink: /home/pi/ugv_ws/install/vizanti_msgs/share/vizanti_msgs/srv/RecordRosbag.idl
[7.686s] -- Up-to-date symlink: /home/pi/ugv_ws/install/vizanti_msgs/share/vizanti_msgs/srv/ManageNode.idl
[7.687s] -- Up-to-date symlink: /home/pi/ugv_ws/install/vizanti_msgs/share/vizanti_msgs/srv/ManageLaunch.idl
[7.687s] -- Up-to-date symlink: /home/pi/ugv_ws/install/vizanti_msgs/share/vizanti_msgs/srv/ListPackages.idl
[7.688s] -- Up-to-date symlink: /home/pi/ugv_ws/install/vizanti_msgs/share/vizanti_msgs/srv/ListExecutables.idl
[7.689s] -- Up-to-date symlink: /home/pi/ugv_ws/install/vizanti_msgs/share/vizanti_msgs/srv/GetNodeParameters.srv
[7.689s] -- Up-to-date symlink: /home/pi/ugv_ws/install/vizanti_msgs/share/vizanti_msgs/srv/GetNodeParameters_Request.msg
[7.690s] -- Up-to-date symlink: /home/pi/ugv_ws/install/vizanti_msgs/share/vizanti_msgs/srv/GetNodeParameters_Response.msg
[7.696s] -- Up-to-date symlink: /home/pi/ugv_ws/install/vizanti_msgs/share/vizanti_msgs/srv/SetNodeParameter.srv
[7.700s] -- Up-to-date symlink: /home/pi/ugv_ws/install/vizanti_msgs/share/vizanti_msgs/srv/SetNodeParameter_Request.msg
[7.701s] -- Up-to-date symlink: /home/pi/ugv_ws/install/vizanti_msgs/share/vizanti_msgs/srv/SetNodeParameter_Response.msg
[7.706s] -- Up-to-date symlink: /home/pi/ugv_ws/install/vizanti_msgs/share/vizanti_msgs/srv/SaveMap.srv
[7.707s] -- Up-to-date symlink: /home/pi/ugv_ws/install/vizanti_msgs/share/vizanti_msgs/srv/SaveMap_Request.msg
[7.711s] -- Up-to-date symlink: /home/pi/ugv_ws/install/vizanti_msgs/share/vizanti_msgs/srv/SaveMap_Response.msg
[7.714s] -- Up-to-date symlink: /home/pi/ugv_ws/install/vizanti_msgs/share/vizanti_msgs/srv/LoadMap.srv
[7.715s] -- Up-to-date symlink: /home/pi/ugv_ws/install/vizanti_msgs/share/vizanti_msgs/srv/LoadMap_Request.msg
[7.720s] -- Up-to-date symlink: /home/pi/ugv_ws/install/vizanti_msgs/share/vizanti_msgs/srv/LoadMap_Response.msg
[7.721s] -- Up-to-date symlink: /home/pi/ugv_ws/install/vizanti_msgs/share/vizanti_msgs/srv/Launches.srv
[7.729s] -- Up-to-date symlink: /home/pi/ugv_ws/install/vizanti_msgs/share/vizanti_msgs/srv/Launches_Request.msg
[7.730s] -- Up-to-date symlink: /home/pi/ugv_ws/install/vizanti_msgs/share/vizanti_msgs/srv/Launches_Response.msg
[7.730s] -- Up-to-date symlink: /home/pi/ugv_ws/install/vizanti_msgs/share/vizanti_msgs/srv/RecordRosbag.srv
[7.731s] -- Up-to-date symlink: /home/pi/ugv_ws/install/vizanti_msgs/share/vizanti_msgs/srv/RecordRosbag_Request.msg
[7.732s] -- Up-to-date symlink: /home/pi/ugv_ws/install/vizanti_msgs/share/vizanti_msgs/srv/RecordRosbag_Response.msg
[7.732s] -- Up-to-date symlink: /home/pi/ugv_ws/install/vizanti_msgs/share/vizanti_msgs/srv/ManageNode.srv
[7.733s] -- Up-to-date symlink: /home/pi/ugv_ws/install/vizanti_msgs/share/vizanti_msgs/srv/ManageNode_Request.msg
[7.734s] -- Up-to-date symlink: /home/pi/ugv_ws/install/vizanti_msgs/share/vizanti_msgs/srv/ManageNode_Response.msg
[7.735s] -- Up-to-date symlink: /home/pi/ugv_ws/install/vizanti_msgs/share/vizanti_msgs/srv/ManageLaunch.srv
[7.736s] -- Up-to-date symlink: /home/pi/ugv_ws/install/vizanti_msgs/share/vizanti_msgs/srv/ManageLaunch_Request.msg
[7.736s] -- Up-to-date symlink: /home/pi/ugv_ws/install/vizanti_msgs/share/vizanti_msgs/srv/ManageLaunch_Response.msg
[7.737s] -- Up-to-date symlink: /home/pi/ugv_ws/install/vizanti_msgs/share/vizanti_msgs/srv/ListPackages.srv
[7.740s] -- Up-to-date symlink: /home/pi/ugv_ws/install/vizanti_msgs/share/vizanti_msgs/srv/ListPackages_Request.msg
[7.744s] -- Up-to-date symlink: /home/pi/ugv_ws/install/vizanti_msgs/share/vizanti_msgs/srv/ListPackages_Response.msg
[7.745s] -- Up-to-date symlink: /home/pi/ugv_ws/install/vizanti_msgs/share/vizanti_msgs/srv/ListExecutables.srv
[7.749s] -- Up-to-date symlink: /home/pi/ugv_ws/install/vizanti_msgs/share/vizanti_msgs/srv/ListExecutables_Request.msg
[7.754s] -- Up-to-date symlink: /home/pi/ugv_ws/install/vizanti_msgs/share/vizanti_msgs/srv/ListExecutables_Response.msg
[7.754s] -- Up-to-date symlink: /home/pi/ugv_ws/install/vizanti_msgs/share/ament_index/resource_index/package_run_dependencies/vizanti_msgs
[7.755s] -- Up-to-date symlink: /home/pi/ugv_ws/install/vizanti_msgs/share/ament_index/resource_index/parent_prefix_path/vizanti_msgs
[7.755s] -- Up-to-date symlink: /home/pi/ugv_ws/install/vizanti_msgs/share/vizanti_msgs/environment/ament_prefix_path.sh
[7.760s] -- Up-to-date symlink: /home/pi/ugv_ws/install/vizanti_msgs/share/vizanti_msgs/environment/ament_prefix_path.dsv
[7.761s] -- Up-to-date symlink: /home/pi/ugv_ws/install/vizanti_msgs/share/vizanti_msgs/environment/path.sh
[7.763s] -- Up-to-date symlink: /home/pi/ugv_ws/install/vizanti_msgs/share/vizanti_msgs/environment/path.dsv
[7.767s] -- Up-to-date symlink: /home/pi/ugv_ws/install/vizanti_msgs/share/vizanti_msgs/local_setup.bash
[7.774s] -- Up-to-date symlink: /home/pi/ugv_ws/install/vizanti_msgs/share/vizanti_msgs/local_setup.sh
[7.784s] -- Up-to-date symlink: /home/pi/ugv_ws/install/vizanti_msgs/share/vizanti_msgs/local_setup.zsh
[7.785s] -- Up-to-date symlink: /home/pi/ugv_ws/install/vizanti_msgs/share/vizanti_msgs/local_setup.dsv
[7.786s] -- Symlinking: /home/pi/ugv_ws/install/vizanti_msgs/share/vizanti_msgs/package.dsv
[7.956s] -- Up-to-date symlink: /home/pi/ugv_ws/install/vizanti_msgs/share/ament_index/resource_index/packages/vizanti_msgs
[7.959s] -- Up-to-date symlink: /home/pi/ugv_ws/install/vizanti_msgs/share/vizanti_msgs/cmake/rosidl_cmake-extras.cmake
[7.960s] -- Up-to-date symlink: /home/pi/ugv_ws/install/vizanti_msgs/share/vizanti_msgs/cmake/ament_cmake_export_dependencies-extras.cmake
[7.964s] -- Up-to-date symlink: /home/pi/ugv_ws/install/vizanti_msgs/share/vizanti_msgs/cmake/ament_cmake_export_include_directories-extras.cmake
[7.965s] -- Up-to-date symlink: /home/pi/ugv_ws/install/vizanti_msgs/share/vizanti_msgs/cmake/ament_cmake_export_libraries-extras.cmake
[7.975s] -- Up-to-date symlink: /home/pi/ugv_ws/install/vizanti_msgs/share/vizanti_msgs/cmake/ament_cmake_export_targets-extras.cmake
[7.977s] -- Up-to-date symlink: /home/pi/ugv_ws/install/vizanti_msgs/share/vizanti_msgs/cmake/rosidl_cmake_export_typesupport_targets-extras.cmake
[7.979s] -- Up-to-date symlink: /home/pi/ugv_ws/install/vizanti_msgs/share/vizanti_msgs/cmake/rosidl_cmake_export_typesupport_libraries-extras.cmake
[7.980s] -- Up-to-date symlink: /home/pi/ugv_ws/install/vizanti_msgs/share/vizanti_msgs/cmake/vizanti_msgsConfig.cmake
[7.982s] -- Up-to-date symlink: /home/pi/ugv_ws/install/vizanti_msgs/share/vizanti_msgs/cmake/vizanti_msgsConfig-version.cmake
[7.991s] -- Up-to-date symlink: /home/pi/ugv_ws/install/vizanti_msgs/share/vizanti_msgs/package.xml
[7.993s] -- Up-to-date: /home/pi/ugv_ws/install/vizanti_msgs/lib/libvizanti_msgs__rosidl_generator_c.so
[8.003s] -- Up-to-date: /home/pi/ugv_ws/install/vizanti_msgs/lib/libvizanti_msgs__rosidl_typesupport_fastrtps_c.so
[8.006s] -- Up-to-date: /home/pi/ugv_ws/install/vizanti_msgs/lib/libvizanti_msgs__rosidl_typesupport_introspection_c.so
[8.012s] -- Up-to-date: /home/pi/ugv_ws/install/vizanti_msgs/lib/libvizanti_msgs__rosidl_typesupport_c.so
[8.018s] -- Up-to-date: /home/pi/ugv_ws/install/vizanti_msgs/lib/libvizanti_msgs__rosidl_typesupport_fastrtps_cpp.so
[8.026s] -- Up-to-date: /home/pi/ugv_ws/install/vizanti_msgs/lib/libvizanti_msgs__rosidl_typesupport_introspection_cpp.so
[8.033s] -- Up-to-date: /home/pi/ugv_ws/install/vizanti_msgs/lib/libvizanti_msgs__rosidl_typesupport_cpp.so
[8.412s] Listing '/home/pi/ugv_ws/install/vizanti_msgs/local/lib/python3.10/dist-packages/vizanti_msgs'...
[8.413s] Listing '/home/pi/ugv_ws/install/vizanti_msgs/local/lib/python3.10/dist-packages/vizanti_msgs/srv'...
[8.522s] -- Up-to-date: /home/pi/ugv_ws/install/vizanti_msgs/lib/libvizanti_msgs__rosidl_generator_py.so
[8.523s] -- Up-to-date: /home/pi/ugv_ws/install/vizanti_msgs/share/vizanti_msgs/cmake/export_vizanti_msgs__rosidl_generator_cExport.cmake
[8.523s] -- Up-to-date: /home/pi/ugv_ws/install/vizanti_msgs/share/vizanti_msgs/cmake/export_vizanti_msgs__rosidl_generator_cExport-noconfig.cmake
[8.524s] -- Up-to-date: /home/pi/ugv_ws/install/vizanti_msgs/share/vizanti_msgs/cmake/export_vizanti_msgs__rosidl_typesupport_fastrtps_cExport.cmake
[8.525s] -- Up-to-date: /home/pi/ugv_ws/install/vizanti_msgs/share/vizanti_msgs/cmake/export_vizanti_msgs__rosidl_typesupport_fastrtps_cExport-noconfig.cmake
[8.525s] -- Up-to-date: /home/pi/ugv_ws/install/vizanti_msgs/share/vizanti_msgs/cmake/vizanti_msgs__rosidl_typesupport_introspection_cExport.cmake
[8.527s] -- Up-to-date: /home/pi/ugv_ws/install/vizanti_msgs/share/vizanti_msgs/cmake/vizanti_msgs__rosidl_typesupport_introspection_cExport-noconfig.cmake
[8.527s] -- Up-to-date: /home/pi/ugv_ws/install/vizanti_msgs/share/vizanti_msgs/cmake/vizanti_msgs__rosidl_typesupport_cExport.cmake
[8.528s] -- Up-to-date: /home/pi/ugv_ws/install/vizanti_msgs/share/vizanti_msgs/cmake/vizanti_msgs__rosidl_typesupport_cExport-noconfig.cmake
[8.541s] -- Up-to-date: /home/pi/ugv_ws/install/vizanti_msgs/share/vizanti_msgs/cmake/export_vizanti_msgs__rosidl_generator_cppExport.cmake
[8.541s] -- Up-to-date: /home/pi/ugv_ws/install/vizanti_msgs/share/vizanti_msgs/cmake/export_vizanti_msgs__rosidl_typesupport_fastrtps_cppExport.cmake
[8.542s] -- Up-to-date: /home/pi/ugv_ws/install/vizanti_msgs/share/vizanti_msgs/cmake/export_vizanti_msgs__rosidl_typesupport_fastrtps_cppExport-noconfig.cmake
[8.542s] -- Up-to-date: /home/pi/ugv_ws/install/vizanti_msgs/share/vizanti_msgs/cmake/vizanti_msgs__rosidl_typesupport_introspection_cppExport.cmake
[8.543s] -- Up-to-date: /home/pi/ugv_ws/install/vizanti_msgs/share/vizanti_msgs/cmake/vizanti_msgs__rosidl_typesupport_introspection_cppExport-noconfig.cmake
[8.544s] -- Up-to-date: /home/pi/ugv_ws/install/vizanti_msgs/share/vizanti_msgs/cmake/vizanti_msgs__rosidl_typesupport_cppExport.cmake
[8.555s] -- Up-to-date: /home/pi/ugv_ws/install/vizanti_msgs/share/vizanti_msgs/cmake/vizanti_msgs__rosidl_typesupport_cppExport-noconfig.cmake
[8.555s] -- Up-to-date: /home/pi/ugv_ws/install/vizanti_msgs/share/vizanti_msgs/cmake/export_vizanti_msgs__rosidl_generator_pyExport.cmake
[8.556s] -- Up-to-date: /home/pi/ugv_ws/install/vizanti_msgs/share/vizanti_msgs/cmake/export_vizanti_msgs__rosidl_generator_pyExport-noconfig.cmake
[8.678s] Invoked command in '/home/pi/ugv_ws/build/vizanti_msgs' returned '0': CMAKE_PREFIX_PATH=${CMAKE_PREFIX_PATH}:/home/pi/ugv_ws/install/ugv_web_app:/home/pi/ugv_ws/install/ugv_vision:/home/pi/ugv_ws/install/ugv_tools:/home/pi/ugv_ws/install/ugv_chat_ai:/home/pi/ugv_ws/install/ugv_bringup:/opt/ros/humble /usr/bin/cmake --install /home/pi/ugv_ws/build/vizanti_msgs
