[0.512s] Invoking command in '/home/pi/ugv_ws/build/emcl2': CMAKE_PREFIX_PATH=${CMAKE_PREFIX_PATH}:/home/pi/ugv_ws/install/ugv_web_app:/home/pi/ugv_ws/install/ugv_vision:/home/pi/ugv_ws/install/ugv_tools:/home/pi/ugv_ws/install/ugv_chat_ai:/home/pi/ugv_ws/install/ugv_bringup:/opt/ros/humble /usr/bin/cmake --build /home/pi/ugv_ws/build/emcl2 -- -j4 -l4
[0.983s] [100%] Built target emcl2_node
[1.058s] Invoked command in '/home/pi/ugv_ws/build/emcl2' returned '0': CMAKE_PREFIX_PATH=${CMAKE_PREFIX_PATH}:/home/pi/ugv_ws/install/ugv_web_app:/home/pi/ugv_ws/install/ugv_vision:/home/pi/ugv_ws/install/ugv_tools:/home/pi/ugv_ws/install/ugv_chat_ai:/home/pi/ugv_ws/install/ugv_bringup:/opt/ros/humble /usr/bin/cmake --build /home/pi/ugv_ws/build/emcl2 -- -j4 -l4
[1.061s] Invoking command in '/home/pi/ugv_ws/build/emcl2': CMAKE_PREFIX_PATH=${CMAKE_PREFIX_PATH}:/home/pi/ugv_ws/install/ugv_web_app:/home/pi/ugv_ws/install/ugv_vision:/home/pi/ugv_ws/install/ugv_tools:/home/pi/ugv_ws/install/ugv_chat_ai:/home/pi/ugv_ws/install/ugv_bringup:/opt/ros/humble /usr/bin/cmake --install /home/pi/ugv_ws/build/emcl2
[1.133s] -- Install configuration: ""
[1.134s] -- Execute custom install script
[1.140s] -- Up-to-date symlink: /home/pi/ugv_ws/install/emcl2/lib/emcl2/test.bash
[1.150s] -- Up-to-date symlink: /home/pi/ugv_ws/install/emcl2/lib/emcl2/test_gui.bash
[1.155s] -- Up-to-date symlink: /home/pi/ugv_ws/install/emcl2/include/emcl2/ExpResetMcl2.h
[1.157s] -- Up-to-date symlink: /home/pi/ugv_ws/install/emcl2/include/emcl2/LikelihoodFieldMap.h
[1.158s] -- Up-to-date symlink: /home/pi/ugv_ws/install/emcl2/include/emcl2/Mcl.h
[1.168s] -- Up-to-date symlink: /home/pi/ugv_ws/install/emcl2/include/emcl2/OdomModel.h
[1.171s] -- Up-to-date symlink: /home/pi/ugv_ws/install/emcl2/include/emcl2/Particle.h
[1.180s] -- Up-to-date symlink: /home/pi/ugv_ws/install/emcl2/include/emcl2/Pose.h
[1.182s] -- Up-to-date symlink: /home/pi/ugv_ws/install/emcl2/include/emcl2/Scan.h
[1.184s] -- Up-to-date symlink: /home/pi/ugv_ws/install/emcl2/include/emcl2/emcl2_node.h
[1.184s] -- Up-to-date symlink: /home/pi/ugv_ws/install/emcl2/lib/emcl2/emcl2_node
[1.185s] -- Up-to-date symlink: /home/pi/ugv_ws/install/emcl2/share/emcl2/config/emcl2.param.yaml
[1.185s] -- Up-to-date symlink: /home/pi/ugv_ws/install/emcl2/share/emcl2/config/emcl2_quick_start.param.yaml
[1.186s] -- Up-to-date symlink: /home/pi/ugv_ws/install/emcl2/share/emcl2/launch/emcl2.launch.py
[1.186s] -- Up-to-date symlink: /home/pi/ugv_ws/install/emcl2/share/emcl2/test/demo.bash
[1.186s] -- Up-to-date symlink: /home/pi/ugv_ws/install/emcl2/share/emcl2/test/test.bash
[1.187s] -- Up-to-date symlink: /home/pi/ugv_ws/install/emcl2/share/emcl2/test/test.launch.xml
[1.192s] -- Up-to-date symlink: /home/pi/ugv_ws/install/emcl2/share/emcl2/test/test_gui.bash
[1.192s] -- Up-to-date symlink: /home/pi/ugv_ws/install/emcl2/share/ament_index/resource_index/package_run_dependencies/emcl2
[1.193s] -- Up-to-date symlink: /home/pi/ugv_ws/install/emcl2/share/ament_index/resource_index/parent_prefix_path/emcl2
[1.193s] -- Up-to-date symlink: /home/pi/ugv_ws/install/emcl2/share/emcl2/environment/ament_prefix_path.sh
[1.197s] -- Up-to-date symlink: /home/pi/ugv_ws/install/emcl2/share/emcl2/environment/ament_prefix_path.dsv
[1.198s] -- Up-to-date symlink: /home/pi/ugv_ws/install/emcl2/share/emcl2/environment/path.sh
[1.198s] -- Up-to-date symlink: /home/pi/ugv_ws/install/emcl2/share/emcl2/environment/path.dsv
[1.203s] -- Up-to-date symlink: /home/pi/ugv_ws/install/emcl2/share/emcl2/local_setup.bash
[1.204s] -- Up-to-date symlink: /home/pi/ugv_ws/install/emcl2/share/emcl2/local_setup.sh
[1.204s] -- Up-to-date symlink: /home/pi/ugv_ws/install/emcl2/share/emcl2/local_setup.zsh
[1.205s] -- Up-to-date symlink: /home/pi/ugv_ws/install/emcl2/share/emcl2/local_setup.dsv
[1.206s] -- Symlinking: /home/pi/ugv_ws/install/emcl2/share/emcl2/package.dsv
[1.256s] -- Up-to-date symlink: /home/pi/ugv_ws/install/emcl2/share/ament_index/resource_index/packages/emcl2
[1.257s] -- Up-to-date symlink: /home/pi/ugv_ws/install/emcl2/share/emcl2/cmake/ament_cmake_export_dependencies-extras.cmake
[1.257s] -- Up-to-date symlink: /home/pi/ugv_ws/install/emcl2/share/emcl2/cmake/ament_cmake_export_include_directories-extras.cmake
[1.259s] -- Up-to-date symlink: /home/pi/ugv_ws/install/emcl2/share/emcl2/cmake/emcl2Config.cmake
[1.259s] -- Up-to-date symlink: /home/pi/ugv_ws/install/emcl2/share/emcl2/cmake/emcl2Config-version.cmake
[1.260s] -- Up-to-date symlink: /home/pi/ugv_ws/install/emcl2/share/emcl2/package.xml
[1.305s] Invoked command in '/home/pi/ugv_ws/build/emcl2' returned '0': CMAKE_PREFIX_PATH=${CMAKE_PREFIX_PATH}:/home/pi/ugv_ws/install/ugv_web_app:/home/pi/ugv_ws/install/ugv_vision:/home/pi/ugv_ws/install/ugv_tools:/home/pi/ugv_ws/install/ugv_chat_ai:/home/pi/ugv_ws/install/ugv_bringup:/opt/ros/humble /usr/bin/cmake --install /home/pi/ugv_ws/build/emcl2
