[0.314s] Invoking command in '/home/pi/ugv_ws/build/ldlidar': CMAKE_PREFIX_PATH=${CMAKE_PREFIX_PATH}:/home/pi/ugv_ws/install/ugv_web_app:/home/pi/ugv_ws/install/ugv_vision:/home/pi/ugv_ws/install/ugv_tools:/home/pi/ugv_ws/install/ugv_chat_ai:/home/pi/ugv_ws/install/ugv_bringup:/opt/ros/humble /usr/bin/cmake --build /home/pi/ugv_ws/build/ldlidar -- -j4 -l4
[0.756s] [100%] Built target ldlidar_node
[0.828s] Invoked command in '/home/pi/ugv_ws/build/ldlidar' returned '0': CMAKE_PREFIX_PATH=${CMAKE_PREFIX_PATH}:/home/pi/ugv_ws/install/ugv_web_app:/home/pi/ugv_ws/install/ugv_vision:/home/pi/ugv_ws/install/ugv_tools:/home/pi/ugv_ws/install/ugv_chat_ai:/home/pi/ugv_ws/install/ugv_bringup:/opt/ros/humble /usr/bin/cmake --build /home/pi/ugv_ws/build/ldlidar -- -j4 -l4
[0.858s] Invoking command in '/home/pi/ugv_ws/build/ldlidar': CMAKE_PREFIX_PATH=${CMAKE_PREFIX_PATH}:/home/pi/ugv_ws/install/ugv_web_app:/home/pi/ugv_ws/install/ugv_vision:/home/pi/ugv_ws/install/ugv_tools:/home/pi/ugv_ws/install/ugv_chat_ai:/home/pi/ugv_ws/install/ugv_bringup:/opt/ros/humble /usr/bin/cmake --install /home/pi/ugv_ws/build/ldlidar
[0.931s] -- Install configuration: ""
[0.937s] -- Execute custom install script
[0.942s] -- Up-to-date symlink: /home/pi/ugv_ws/install/ldlidar/lib/ldlidar/ldlidar_node
[0.946s] -- Up-to-date symlink: /home/pi/ugv_ws/install/ldlidar/share/ldlidar//launch/ld06.launch.py
[0.949s] -- Up-to-date symlink: /home/pi/ugv_ws/install/ldlidar/share/ldlidar//launch/ld19.launch.py
[0.951s] -- Up-to-date symlink: /home/pi/ugv_ws/install/ldlidar/share/ldlidar//launch/ldlidar.launch.py
[0.955s] -- Up-to-date symlink: /home/pi/ugv_ws/install/ldlidar/share/ldlidar//launch/stl27l.launch.py
[0.957s] -- Up-to-date symlink: /home/pi/ugv_ws/install/ldlidar/share/ldlidar//launch/viewer_ld06.launch.py
[0.959s] -- Up-to-date symlink: /home/pi/ugv_ws/install/ldlidar/share/ldlidar//launch/viewer_ld19.launch.py
[0.961s] -- Up-to-date symlink: /home/pi/ugv_ws/install/ldlidar/share/ldlidar//launch/viewer_ldlidar.launch.py
[0.962s] -- Up-to-date symlink: /home/pi/ugv_ws/install/ldlidar/share/ldlidar//launch/viewer_stl27l.launch.py
[0.965s] -- Up-to-date symlink: /home/pi/ugv_ws/install/ldlidar/share/ldlidar//rviz/view.rviz
[0.966s] -- Up-to-date symlink: /home/pi/ugv_ws/install/ldlidar/share/ament_index/resource_index/package_run_dependencies/ldlidar
[0.968s] -- Up-to-date symlink: /home/pi/ugv_ws/install/ldlidar/share/ament_index/resource_index/parent_prefix_path/ldlidar
[0.969s] -- Up-to-date symlink: /home/pi/ugv_ws/install/ldlidar/share/ldlidar/environment/ament_prefix_path.sh
[0.971s] -- Up-to-date symlink: /home/pi/ugv_ws/install/ldlidar/share/ldlidar/environment/ament_prefix_path.dsv
[0.972s] -- Up-to-date symlink: /home/pi/ugv_ws/install/ldlidar/share/ldlidar/environment/path.sh
[0.975s] -- Up-to-date symlink: /home/pi/ugv_ws/install/ldlidar/share/ldlidar/environment/path.dsv
[0.977s] -- Up-to-date symlink: /home/pi/ugv_ws/install/ldlidar/share/ldlidar/local_setup.bash
[0.979s] -- Up-to-date symlink: /home/pi/ugv_ws/install/ldlidar/share/ldlidar/local_setup.sh
[0.980s] -- Up-to-date symlink: /home/pi/ugv_ws/install/ldlidar/share/ldlidar/local_setup.zsh
[0.980s] -- Up-to-date symlink: /home/pi/ugv_ws/install/ldlidar/share/ldlidar/local_setup.dsv
[0.981s] -- Symlinking: /home/pi/ugv_ws/install/ldlidar/share/ldlidar/package.dsv
[1.032s] -- Up-to-date symlink: /home/pi/ugv_ws/install/ldlidar/share/ament_index/resource_index/packages/ldlidar
[1.034s] -- Up-to-date symlink: /home/pi/ugv_ws/install/ldlidar/share/ldlidar/cmake/ldlidarConfig.cmake
[1.037s] -- Up-to-date symlink: /home/pi/ugv_ws/install/ldlidar/share/ldlidar/cmake/ldlidarConfig-version.cmake
[1.038s] -- Up-to-date symlink: /home/pi/ugv_ws/install/ldlidar/share/ldlidar/package.xml
[1.048s] Invoked command in '/home/pi/ugv_ws/build/ldlidar' returned '0': CMAKE_PREFIX_PATH=${CMAKE_PREFIX_PATH}:/home/pi/ugv_ws/install/ugv_web_app:/home/pi/ugv_ws/install/ugv_vision:/home/pi/ugv_ws/install/ugv_tools:/home/pi/ugv_ws/install/ugv_chat_ai:/home/pi/ugv_ws/install/ugv_bringup:/opt/ros/humble /usr/bin/cmake --install /home/pi/ugv_ws/build/ldlidar
