[0.114s] Invoking command in '/home/pi/ugv_ws/build/ugv_nav': CMAKE_PREFIX_PATH=${CMAKE_PREFIX_PATH}:/home/pi/ugv_ws/install/ugv_web_app:/home/pi/ugv_ws/install/ugv_vision:/home/pi/ugv_ws/install/ugv_tools:/home/pi/ugv_ws/install/ugv_chat_ai:/home/pi/ugv_ws/install/ugv_bringup:/opt/ros/humble /usr/bin/cmake --build /home/pi/ugv_ws/build/ugv_nav -- -j4 -l4
[0.670s] Invoked command in '/home/pi/ugv_ws/build/ugv_nav' returned '0': CMAKE_PREFIX_PATH=${CMAKE_PREFIX_PATH}:/home/pi/ugv_ws/install/ugv_web_app:/home/pi/ugv_ws/install/ugv_vision:/home/pi/ugv_ws/install/ugv_tools:/home/pi/ugv_ws/install/ugv_chat_ai:/home/pi/ugv_ws/install/ugv_bringup:/opt/ros/humble /usr/bin/cmake --build /home/pi/ugv_ws/build/ugv_nav -- -j4 -l4
[0.680s] Invoking command in '/home/pi/ugv_ws/build/ugv_nav': CMAKE_PREFIX_PATH=${CMAKE_PREFIX_PATH}:/home/pi/ugv_ws/install/ugv_web_app:/home/pi/ugv_ws/install/ugv_vision:/home/pi/ugv_ws/install/ugv_tools:/home/pi/ugv_ws/install/ugv_chat_ai:/home/pi/ugv_ws/install/ugv_bringup:/opt/ros/humble /usr/bin/cmake --install /home/pi/ugv_ws/build/ugv_nav
[0.782s] -- Install configuration: ""
[0.785s] -- Execute custom install script
[0.788s] -- Up-to-date symlink: /home/pi/ugv_ws/install/ugv_nav/share/ugv_nav/launch/bringup_launch.py
[0.795s] -- Up-to-date symlink: /home/pi/ugv_ws/install/ugv_nav/share/ugv_nav/launch/nav.launch.py
[0.798s] -- Up-to-date symlink: /home/pi/ugv_ws/install/ugv_nav/share/ugv_nav/launch/nav_bringup/bringup_launch_cartographer.launch.py
[0.801s] -- Up-to-date symlink: /home/pi/ugv_ws/install/ugv_nav/share/ugv_nav/launch/nav_bringup/cartographer_localization.launch.py
[0.803s] -- Up-to-date symlink: /home/pi/ugv_ws/install/ugv_nav/share/ugv_nav/launch/nav_bringup/localization_launch.py
[0.805s] -- Up-to-date symlink: /home/pi/ugv_ws/install/ugv_nav/share/ugv_nav/launch/nav_bringup/nav2_bringup.launch.py
[0.807s] -- Up-to-date symlink: /home/pi/ugv_ws/install/ugv_nav/share/ugv_nav/launch/nav_rtabmap.launch.py
[0.808s] -- Up-to-date symlink: /home/pi/ugv_ws/install/ugv_nav/share/ugv_nav/launch/rtabmap_localization_launch.py
[0.810s] -- Up-to-date symlink: /home/pi/ugv_ws/install/ugv_nav/share/ugv_nav/launch/slam_nav.launch.py
[0.811s] -- Up-to-date symlink: /home/pi/ugv_ws/install/ugv_nav/share/ugv_nav/param/amcl_dwa.yaml
[0.817s] -- Up-to-date symlink: /home/pi/ugv_ws/install/ugv_nav/share/ugv_nav/param/amcl_teb.yaml
[0.818s] -- Up-to-date symlink: /home/pi/ugv_ws/install/ugv_nav/share/ugv_nav/param/emcl_dwa.yaml
[0.829s] -- Up-to-date symlink: /home/pi/ugv_ws/install/ugv_nav/share/ugv_nav/param/emcl_teb.yaml
[0.835s] -- Up-to-date symlink: /home/pi/ugv_ws/install/ugv_nav/share/ugv_nav/param/rtabmap_dwa.yaml
[0.836s] -- Up-to-date symlink: /home/pi/ugv_ws/install/ugv_nav/share/ugv_nav/param/rtabmap_teb.yaml
[0.837s] -- Up-to-date symlink: /home/pi/ugv_ws/install/ugv_nav/share/ugv_nav/param/slam_nav.yaml
[0.842s] -- Up-to-date symlink: /home/pi/ugv_ws/install/ugv_nav/share/ugv_nav/maps/map.pbstream
[0.843s] -- Up-to-date symlink: /home/pi/ugv_ws/install/ugv_nav/share/ugv_nav/maps/map.pgm
[0.844s] -- Up-to-date symlink: /home/pi/ugv_ws/install/ugv_nav/share/ugv_nav/maps/map.yaml
[0.844s] -- Up-to-date symlink: /home/pi/ugv_ws/install/ugv_nav/share/ugv_nav/maps/map_server_params.yaml
[0.845s] -- Up-to-date symlink: /home/pi/ugv_ws/install/ugv_nav/share/ugv_nav/rviz/view_nav_2d.rviz
[0.846s] -- Up-to-date symlink: /home/pi/ugv_ws/install/ugv_nav/share/ugv_nav/rviz/view_nav_3d.rviz
[0.850s] -- Up-to-date symlink: /home/pi/ugv_ws/install/ugv_nav/share/ament_index/resource_index/package_run_dependencies/ugv_nav
[0.851s] -- Up-to-date symlink: /home/pi/ugv_ws/install/ugv_nav/share/ament_index/resource_index/parent_prefix_path/ugv_nav
[0.851s] -- Up-to-date symlink: /home/pi/ugv_ws/install/ugv_nav/share/ugv_nav/environment/ament_prefix_path.sh
[0.852s] -- Up-to-date symlink: /home/pi/ugv_ws/install/ugv_nav/share/ugv_nav/environment/ament_prefix_path.dsv
[0.853s] -- Up-to-date symlink: /home/pi/ugv_ws/install/ugv_nav/share/ugv_nav/environment/path.sh
[0.853s] -- Up-to-date symlink: /home/pi/ugv_ws/install/ugv_nav/share/ugv_nav/environment/path.dsv
[0.863s] -- Up-to-date symlink: /home/pi/ugv_ws/install/ugv_nav/share/ugv_nav/local_setup.bash
[0.864s] -- Up-to-date symlink: /home/pi/ugv_ws/install/ugv_nav/share/ugv_nav/local_setup.sh
[0.865s] -- Up-to-date symlink: /home/pi/ugv_ws/install/ugv_nav/share/ugv_nav/local_setup.zsh
[0.865s] -- Up-to-date symlink: /home/pi/ugv_ws/install/ugv_nav/share/ugv_nav/local_setup.dsv
[0.874s] -- Symlinking: /home/pi/ugv_ws/install/ugv_nav/share/ugv_nav/package.dsv
[0.935s] -- Up-to-date symlink: /home/pi/ugv_ws/install/ugv_nav/share/ament_index/resource_index/packages/ugv_nav
[0.935s] -- Up-to-date symlink: /home/pi/ugv_ws/install/ugv_nav/share/ugv_nav/cmake/ugv_navConfig.cmake
[0.942s] -- Up-to-date symlink: /home/pi/ugv_ws/install/ugv_nav/share/ugv_nav/cmake/ugv_navConfig-version.cmake
[0.952s] -- Up-to-date symlink: /home/pi/ugv_ws/install/ugv_nav/share/ugv_nav/package.xml
[0.953s] Invoked command in '/home/pi/ugv_ws/build/ugv_nav' returned '0': CMAKE_PREFIX_PATH=${CMAKE_PREFIX_PATH}:/home/pi/ugv_ws/install/ugv_web_app:/home/pi/ugv_ws/install/ugv_vision:/home/pi/ugv_ws/install/ugv_tools:/home/pi/ugv_ws/install/ugv_chat_ai:/home/pi/ugv_ws/install/ugv_bringup:/opt/ros/humble /usr/bin/cmake --install /home/pi/ugv_ws/build/ugv_nav
