[0.089s] Invoking command in '/home/pi/ugv_ws/build/costmap_converter': CMAKE_PREFIX_PATH=/home/pi/ugv_ws/install/costmap_converter_msgs:/home/pi/ugv_ws/install/vizanti:/home/pi/ugv_ws/install/vizanti_server:/home/pi/ugv_ws/install/vizanti_demos:/home/pi/ugv_ws/install/vizanti_msgs:/home/pi/ugv_ws/install/vizanti_cpp:/home/pi/ugv_ws/install/ugv_slam:/home/pi/ugv_ws/install/ugv_nav:/home/pi/ugv_ws/install/ugv_interface:/home/pi/ugv_ws/install/ugv_gazebo:/home/pi/ugv_ws/install/ugv_description:/home/pi/ugv_ws/install/ugv_base_node:/home/pi/ugv_ws/install/teb_local_planner:/home/pi/ugv_ws/install/teb_msgs:/home/pi/ugv_ws/install/sllidar_ros2:/home/pi/ugv_ws/install/slam_gmapping:/home/pi/ugv_ws/install/robot_pose_publisher:/home/pi/ugv_ws/install/rf2o_laser_odometry:/home/pi/ugv_ws/install/openslam_gmapping:/home/pi/ugv_ws/install/ldlidar:/home/pi/ugv_ws/install/explore_lite:/home/pi/ugv_ws/install/emcl2:/home/pi/ugv_ws/install/costmap_converter:/home/pi/ugv_ws/install/cartographer:/home/pi/ugv_ws/install/apriltag_ros:/home/pi/ugv_ws/install/apriltag_msgs:/home/pi/ugv_ws/install/apriltag:/home/pi/ugv_ws/install/ugv_web_app:/home/pi/ugv_ws/install/ugv_vision:/home/pi/ugv_ws/install/ugv_tools:/home/pi/ugv_ws/install/ugv_chat_ai:/home/pi/ugv_ws/install/ugv_bringup:/opt/ros/humble LD_LIBRARY_PATH=/home/pi/ugv_ws/install/costmap_converter_msgs/lib:/home/pi/ugv_ws/install/vizanti_msgs/lib:/home/pi/ugv_ws/install/ugv_interface/lib:/home/pi/ugv_ws/install/teb_local_planner/lib:/home/pi/ugv_ws/install/teb_msgs/lib:/home/pi/ugv_ws/install/openslam_gmapping/lib:/home/pi/ugv_ws/install/costmap_converter/lib:/home/pi/ugv_ws/install/apriltag_ros/lib:/home/pi/ugv_ws/install/apriltag_msgs/lib:/home/pi/ugv_ws/install/apriltag/lib:/opt/ros/humble/opt/rviz_ogre_vendor/lib:/opt/ros/humble/lib/aarch64-linux-gnu:/opt/ros/humble/lib /usr/bin/cmake --build /home/pi/ugv_ws/build/costmap_converter -- -j4 -l4
[0.658s] [ 10%] Built target gtest
[0.696s] [ 21%] Built target gtest_main
[0.765s] [ 78%] Built target costmap_converter
[1.029s] [ 89%] Built target standalone_converter
[1.104s] [100%] Built target test_costmap_polygons
[1.246s] Invoked command in '/home/pi/ugv_ws/build/costmap_converter' returned '0': CMAKE_PREFIX_PATH=/home/pi/ugv_ws/install/costmap_converter_msgs:/home/pi/ugv_ws/install/vizanti:/home/pi/ugv_ws/install/vizanti_server:/home/pi/ugv_ws/install/vizanti_demos:/home/pi/ugv_ws/install/vizanti_msgs:/home/pi/ugv_ws/install/vizanti_cpp:/home/pi/ugv_ws/install/ugv_slam:/home/pi/ugv_ws/install/ugv_nav:/home/pi/ugv_ws/install/ugv_interface:/home/pi/ugv_ws/install/ugv_gazebo:/home/pi/ugv_ws/install/ugv_description:/home/pi/ugv_ws/install/ugv_base_node:/home/pi/ugv_ws/install/teb_local_planner:/home/pi/ugv_ws/install/teb_msgs:/home/pi/ugv_ws/install/sllidar_ros2:/home/pi/ugv_ws/install/slam_gmapping:/home/pi/ugv_ws/install/robot_pose_publisher:/home/pi/ugv_ws/install/rf2o_laser_odometry:/home/pi/ugv_ws/install/openslam_gmapping:/home/pi/ugv_ws/install/ldlidar:/home/pi/ugv_ws/install/explore_lite:/home/pi/ugv_ws/install/emcl2:/home/pi/ugv_ws/install/costmap_converter:/home/pi/ugv_ws/install/cartographer:/home/pi/ugv_ws/install/apriltag_ros:/home/pi/ugv_ws/install/apriltag_msgs:/home/pi/ugv_ws/install/apriltag:/home/pi/ugv_ws/install/ugv_web_app:/home/pi/ugv_ws/install/ugv_vision:/home/pi/ugv_ws/install/ugv_tools:/home/pi/ugv_ws/install/ugv_chat_ai:/home/pi/ugv_ws/install/ugv_bringup:/opt/ros/humble LD_LIBRARY_PATH=/home/pi/ugv_ws/install/costmap_converter_msgs/lib:/home/pi/ugv_ws/install/vizanti_msgs/lib:/home/pi/ugv_ws/install/ugv_interface/lib:/home/pi/ugv_ws/install/teb_local_planner/lib:/home/pi/ugv_ws/install/teb_msgs/lib:/home/pi/ugv_ws/install/openslam_gmapping/lib:/home/pi/ugv_ws/install/costmap_converter/lib:/home/pi/ugv_ws/install/apriltag_ros/lib:/home/pi/ugv_ws/install/apriltag_msgs/lib:/home/pi/ugv_ws/install/apriltag/lib:/opt/ros/humble/opt/rviz_ogre_vendor/lib:/opt/ros/humble/lib/aarch64-linux-gnu:/opt/ros/humble/lib /usr/bin/cmake --build /home/pi/ugv_ws/build/costmap_converter -- -j4 -l4
[1.263s] Invoking command in '/home/pi/ugv_ws/build/costmap_converter': CMAKE_PREFIX_PATH=/home/pi/ugv_ws/install/costmap_converter_msgs:/home/pi/ugv_ws/install/vizanti:/home/pi/ugv_ws/install/vizanti_server:/home/pi/ugv_ws/install/vizanti_demos:/home/pi/ugv_ws/install/vizanti_msgs:/home/pi/ugv_ws/install/vizanti_cpp:/home/pi/ugv_ws/install/ugv_slam:/home/pi/ugv_ws/install/ugv_nav:/home/pi/ugv_ws/install/ugv_interface:/home/pi/ugv_ws/install/ugv_gazebo:/home/pi/ugv_ws/install/ugv_description:/home/pi/ugv_ws/install/ugv_base_node:/home/pi/ugv_ws/install/teb_local_planner:/home/pi/ugv_ws/install/teb_msgs:/home/pi/ugv_ws/install/sllidar_ros2:/home/pi/ugv_ws/install/slam_gmapping:/home/pi/ugv_ws/install/robot_pose_publisher:/home/pi/ugv_ws/install/rf2o_laser_odometry:/home/pi/ugv_ws/install/openslam_gmapping:/home/pi/ugv_ws/install/ldlidar:/home/pi/ugv_ws/install/explore_lite:/home/pi/ugv_ws/install/emcl2:/home/pi/ugv_ws/install/costmap_converter:/home/pi/ugv_ws/install/cartographer:/home/pi/ugv_ws/install/apriltag_ros:/home/pi/ugv_ws/install/apriltag_msgs:/home/pi/ugv_ws/install/apriltag:/home/pi/ugv_ws/install/ugv_web_app:/home/pi/ugv_ws/install/ugv_vision:/home/pi/ugv_ws/install/ugv_tools:/home/pi/ugv_ws/install/ugv_chat_ai:/home/pi/ugv_ws/install/ugv_bringup:/opt/ros/humble LD_LIBRARY_PATH=/home/pi/ugv_ws/install/costmap_converter_msgs/lib:/home/pi/ugv_ws/install/vizanti_msgs/lib:/home/pi/ugv_ws/install/ugv_interface/lib:/home/pi/ugv_ws/install/teb_local_planner/lib:/home/pi/ugv_ws/install/teb_msgs/lib:/home/pi/ugv_ws/install/openslam_gmapping/lib:/home/pi/ugv_ws/install/costmap_converter/lib:/home/pi/ugv_ws/install/apriltag_ros/lib:/home/pi/ugv_ws/install/apriltag_msgs/lib:/home/pi/ugv_ws/install/apriltag/lib:/opt/ros/humble/opt/rviz_ogre_vendor/lib:/opt/ros/humble/lib/aarch64-linux-gnu:/opt/ros/humble/lib /usr/bin/cmake --install /home/pi/ugv_ws/build/costmap_converter
[1.311s] -- Install configuration: "Release"
[1.315s] -- Execute custom install script
[1.318s] -- Up-to-date symlink: /home/pi/ugv_ws/install/costmap_converter/lib/libcostmap_converter.so
[1.322s] -- Up-to-date symlink: /home/pi/ugv_ws/install/costmap_converter/bin/standalone_converter
[1.328s] -- Up-to-date symlink: /home/pi/ugv_ws/install/costmap_converter/include//costmap_converter/costmap_converter_interface.h
[1.332s] -- Up-to-date symlink: /home/pi/ugv_ws/install/costmap_converter/include//costmap_converter/costmap_to_dynamic_obstacles/background_subtractor.h
[1.335s] -- Up-to-date symlink: /home/pi/ugv_ws/install/costmap_converter/include//costmap_converter/costmap_to_dynamic_obstacles/blob_detector.h
[1.338s] -- Up-to-date symlink: /home/pi/ugv_ws/install/costmap_converter/include//costmap_converter/costmap_to_dynamic_obstacles/costmap_to_dynamic_obstacles.h
[1.342s] -- Up-to-date symlink: /home/pi/ugv_ws/install/costmap_converter/include//costmap_converter/costmap_to_dynamic_obstacles/multitarget_tracker/Ctracker.h
[1.345s] -- Up-to-date symlink: /home/pi/ugv_ws/install/costmap_converter/include//costmap_converter/costmap_to_dynamic_obstacles/multitarget_tracker/HungarianAlg.h
[1.348s] -- Up-to-date symlink: /home/pi/ugv_ws/install/costmap_converter/include//costmap_converter/costmap_to_dynamic_obstacles/multitarget_tracker/Kalman.h
[1.351s] -- Up-to-date symlink: /home/pi/ugv_ws/install/costmap_converter/include//costmap_converter/costmap_to_dynamic_obstacles/multitarget_tracker/README.md
[1.356s] -- Up-to-date symlink: /home/pi/ugv_ws/install/costmap_converter/include//costmap_converter/costmap_to_dynamic_obstacles/multitarget_tracker/defines.h
[1.358s] -- Up-to-date symlink: /home/pi/ugv_ws/install/costmap_converter/include//costmap_converter/costmap_to_lines_convex_hull.h
[1.361s] -- Up-to-date symlink: /home/pi/ugv_ws/install/costmap_converter/include//costmap_converter/costmap_to_lines_ransac.h
[1.364s] -- Up-to-date symlink: /home/pi/ugv_ws/install/costmap_converter/include//costmap_converter/costmap_to_polygons.h
[1.367s] -- Up-to-date symlink: /home/pi/ugv_ws/install/costmap_converter/include//costmap_converter/costmap_to_polygons_concave.h
[1.370s] -- Up-to-date symlink: /home/pi/ugv_ws/install/costmap_converter/include//costmap_converter/misc.h
[1.374s] -- Up-to-date symlink: /home/pi/ugv_ws/install/costmap_converter/share/costmap_converter/environment/library_path.sh
[1.377s] -- Up-to-date symlink: /home/pi/ugv_ws/install/costmap_converter/share/costmap_converter/environment/library_path.dsv
[1.380s] -- Up-to-date symlink: /home/pi/ugv_ws/install/costmap_converter/share/costmap_converter//costmap_converter_plugins.xml
[1.383s] -- Up-to-date symlink: /home/pi/ugv_ws/install/costmap_converter/share/ament_index/resource_index/package_run_dependencies/costmap_converter
[1.387s] -- Up-to-date symlink: /home/pi/ugv_ws/install/costmap_converter/share/ament_index/resource_index/parent_prefix_path/costmap_converter
[1.390s] -- Up-to-date symlink: /home/pi/ugv_ws/install/costmap_converter/share/costmap_converter/environment/ament_prefix_path.sh
[1.393s] -- Up-to-date symlink: /home/pi/ugv_ws/install/costmap_converter/share/costmap_converter/environment/ament_prefix_path.dsv
[1.396s] -- Up-to-date symlink: /home/pi/ugv_ws/install/costmap_converter/share/costmap_converter/environment/path.sh
[1.398s] -- Up-to-date symlink: /home/pi/ugv_ws/install/costmap_converter/share/costmap_converter/environment/path.dsv
[1.402s] -- Up-to-date symlink: /home/pi/ugv_ws/install/costmap_converter/share/costmap_converter/local_setup.bash
[1.404s] -- Up-to-date symlink: /home/pi/ugv_ws/install/costmap_converter/share/costmap_converter/local_setup.sh
[1.408s] -- Up-to-date symlink: /home/pi/ugv_ws/install/costmap_converter/share/costmap_converter/local_setup.zsh
[1.409s] -- Up-to-date symlink: /home/pi/ugv_ws/install/costmap_converter/share/costmap_converter/local_setup.dsv
[1.410s] -- Symlinking: /home/pi/ugv_ws/install/costmap_converter/share/costmap_converter/package.dsv
[1.465s] -- Up-to-date symlink: /home/pi/ugv_ws/install/costmap_converter/share/ament_index/resource_index/packages/costmap_converter
[1.468s] -- Up-to-date symlink: /home/pi/ugv_ws/install/costmap_converter/share/ament_index/resource_index/costmap_converter__pluginlib__plugin/costmap_converter
[1.470s] -- Up-to-date symlink: /home/pi/ugv_ws/install/costmap_converter/share/costmap_converter/cmake/ament_cmake_export_include_directories-extras.cmake
[1.472s] -- Up-to-date symlink: /home/pi/ugv_ws/install/costmap_converter/share/costmap_converter/cmake/ament_cmake_export_libraries-extras.cmake
[1.474s] -- Up-to-date symlink: /home/pi/ugv_ws/install/costmap_converter/share/costmap_converter/cmake/ament_cmake_export_dependencies-extras.cmake
[1.476s] -- Up-to-date symlink: /home/pi/ugv_ws/install/costmap_converter/share/costmap_converter/cmake/costmap_converterConfig.cmake
[1.488s] -- Up-to-date symlink: /home/pi/ugv_ws/install/costmap_converter/share/costmap_converter/cmake/costmap_converterConfig-version.cmake
[1.490s] -- Up-to-date symlink: /home/pi/ugv_ws/install/costmap_converter/share/costmap_converter/package.xml
[1.502s] Invoked command in '/home/pi/ugv_ws/build/costmap_converter' returned '0': CMAKE_PREFIX_PATH=/home/pi/ugv_ws/install/costmap_converter_msgs:/home/pi/ugv_ws/install/vizanti:/home/pi/ugv_ws/install/vizanti_server:/home/pi/ugv_ws/install/vizanti_demos:/home/pi/ugv_ws/install/vizanti_msgs:/home/pi/ugv_ws/install/vizanti_cpp:/home/pi/ugv_ws/install/ugv_slam:/home/pi/ugv_ws/install/ugv_nav:/home/pi/ugv_ws/install/ugv_interface:/home/pi/ugv_ws/install/ugv_gazebo:/home/pi/ugv_ws/install/ugv_description:/home/pi/ugv_ws/install/ugv_base_node:/home/pi/ugv_ws/install/teb_local_planner:/home/pi/ugv_ws/install/teb_msgs:/home/pi/ugv_ws/install/sllidar_ros2:/home/pi/ugv_ws/install/slam_gmapping:/home/pi/ugv_ws/install/robot_pose_publisher:/home/pi/ugv_ws/install/rf2o_laser_odometry:/home/pi/ugv_ws/install/openslam_gmapping:/home/pi/ugv_ws/install/ldlidar:/home/pi/ugv_ws/install/explore_lite:/home/pi/ugv_ws/install/emcl2:/home/pi/ugv_ws/install/costmap_converter:/home/pi/ugv_ws/install/cartographer:/home/pi/ugv_ws/install/apriltag_ros:/home/pi/ugv_ws/install/apriltag_msgs:/home/pi/ugv_ws/install/apriltag:/home/pi/ugv_ws/install/ugv_web_app:/home/pi/ugv_ws/install/ugv_vision:/home/pi/ugv_ws/install/ugv_tools:/home/pi/ugv_ws/install/ugv_chat_ai:/home/pi/ugv_ws/install/ugv_bringup:/opt/ros/humble LD_LIBRARY_PATH=/home/pi/ugv_ws/install/costmap_converter_msgs/lib:/home/pi/ugv_ws/install/vizanti_msgs/lib:/home/pi/ugv_ws/install/ugv_interface/lib:/home/pi/ugv_ws/install/teb_local_planner/lib:/home/pi/ugv_ws/install/teb_msgs/lib:/home/pi/ugv_ws/install/openslam_gmapping/lib:/home/pi/ugv_ws/install/costmap_converter/lib:/home/pi/ugv_ws/install/apriltag_ros/lib:/home/pi/ugv_ws/install/apriltag_msgs/lib:/home/pi/ugv_ws/install/apriltag/lib:/opt/ros/humble/opt/rviz_ogre_vendor/lib:/opt/ros/humble/lib/aarch64-linux-gnu:/opt/ros/humble/lib /usr/bin/cmake --install /home/pi/ugv_ws/build/costmap_converter
