[0.111s] Invoking command in '/home/pi/ugv_ws/build/ugv_base_node': CMAKE_PREFIX_PATH=${CMAKE_PREFIX_PATH}:/home/pi/ugv_ws/install/ugv_web_app:/home/pi/ugv_ws/install/ugv_vision:/home/pi/ugv_ws/install/ugv_tools:/home/pi/ugv_ws/install/ugv_chat_ai:/home/pi/ugv_ws/install/ugv_bringup:/opt/ros/humble /usr/bin/cmake --build /home/pi/ugv_ws/build/ugv_base_node -- -j4 -l4
[0.680s] [ 50%] Built target base_node
[0.705s] [100%] Built target base_node_ekf
[2.085s] Invoked command in '/home/pi/ugv_ws/build/ugv_base_node' returned '0': CMAKE_PREFIX_PATH=${CMAKE_PREFIX_PATH}:/home/pi/ugv_ws/install/ugv_web_app:/home/pi/ugv_ws/install/ugv_vision:/home/pi/ugv_ws/install/ugv_tools:/home/pi/ugv_ws/install/ugv_chat_ai:/home/pi/ugv_ws/install/ugv_bringup:/opt/ros/humble /usr/bin/cmake --build /home/pi/ugv_ws/build/ugv_base_node -- -j4 -l4
[2.096s] Invoking command in '/home/pi/ugv_ws/build/ugv_base_node': CMAKE_PREFIX_PATH=${CMAKE_PREFIX_PATH}:/home/pi/ugv_ws/install/ugv_web_app:/home/pi/ugv_ws/install/ugv_vision:/home/pi/ugv_ws/install/ugv_tools:/home/pi/ugv_ws/install/ugv_chat_ai:/home/pi/ugv_ws/install/ugv_bringup:/opt/ros/humble /usr/bin/cmake --install /home/pi/ugv_ws/build/ugv_base_node
[2.216s] -- Install configuration: ""
[2.225s] -- Execute custom install script
[2.226s] -- Up-to-date symlink: /home/pi/ugv_ws/install/ugv_base_node/lib/ugv_base_node/base_node
[2.229s] -- Up-to-date symlink: /home/pi/ugv_ws/install/ugv_base_node/lib/ugv_base_node/base_node_ekf
[2.230s] -- Up-to-date symlink: /home/pi/ugv_ws/install/ugv_base_node/share/ament_index/resource_index/package_run_dependencies/ugv_base_node
[2.233s] -- Up-to-date symlink: /home/pi/ugv_ws/install/ugv_base_node/share/ament_index/resource_index/parent_prefix_path/ugv_base_node
[2.237s] -- Up-to-date symlink: /home/pi/ugv_ws/install/ugv_base_node/share/ugv_base_node/environment/ament_prefix_path.sh
[2.238s] -- Up-to-date symlink: /home/pi/ugv_ws/install/ugv_base_node/share/ugv_base_node/environment/ament_prefix_path.dsv
[2.239s] -- Up-to-date symlink: /home/pi/ugv_ws/install/ugv_base_node/share/ugv_base_node/environment/path.sh
[2.240s] -- Up-to-date symlink: /home/pi/ugv_ws/install/ugv_base_node/share/ugv_base_node/environment/path.dsv
[2.240s] -- Up-to-date symlink: /home/pi/ugv_ws/install/ugv_base_node/share/ugv_base_node/local_setup.bash
[2.241s] -- Up-to-date symlink: /home/pi/ugv_ws/install/ugv_base_node/share/ugv_base_node/local_setup.sh
[2.241s] -- Up-to-date symlink: /home/pi/ugv_ws/install/ugv_base_node/share/ugv_base_node/local_setup.zsh
[2.241s] -- Up-to-date symlink: /home/pi/ugv_ws/install/ugv_base_node/share/ugv_base_node/local_setup.dsv
[2.242s] -- Symlinking: /home/pi/ugv_ws/install/ugv_base_node/share/ugv_base_node/package.dsv
[2.242s] -- Up-to-date symlink: /home/pi/ugv_ws/install/ugv_base_node/share/ament_index/resource_index/packages/ugv_base_node
[2.243s] -- Up-to-date symlink: /home/pi/ugv_ws/install/ugv_base_node/share/ugv_base_node/cmake/ugv_base_nodeConfig.cmake
[2.243s] -- Up-to-date symlink: /home/pi/ugv_ws/install/ugv_base_node/share/ugv_base_node/cmake/ugv_base_nodeConfig-version.cmake
[2.244s] -- Up-to-date symlink: /home/pi/ugv_ws/install/ugv_base_node/share/ugv_base_node/package.xml
[3.772s] Invoked command in '/home/pi/ugv_ws/build/ugv_base_node' returned '0': CMAKE_PREFIX_PATH=${CMAKE_PREFIX_PATH}:/home/pi/ugv_ws/install/ugv_web_app:/home/pi/ugv_ws/install/ugv_vision:/home/pi/ugv_ws/install/ugv_tools:/home/pi/ugv_ws/install/ugv_chat_ai:/home/pi/ugv_ws/install/ugv_bringup:/opt/ros/humble /usr/bin/cmake --install /home/pi/ugv_ws/build/ugv_base_node
