[0.096s] Invoking command in '/home/pi/ugv_ws/build/ugv_slam': CMAKE_PREFIX_PATH=${CMAKE_PREFIX_PATH}:/home/pi/ugv_ws/install/ugv_web_app:/home/pi/ugv_ws/install/ugv_vision:/home/pi/ugv_ws/install/ugv_tools:/home/pi/ugv_ws/install/ugv_chat_ai:/home/pi/ugv_ws/install/ugv_bringup:/opt/ros/humble /usr/bin/cmake --build /home/pi/ugv_ws/build/ugv_slam -- -j4 -l4
[0.481s] Invoked command in '/home/pi/ugv_ws/build/ugv_slam' returned '0': CMAKE_PREFIX_PATH=${CMAKE_PREFIX_PATH}:/home/pi/ugv_ws/install/ugv_web_app:/home/pi/ugv_ws/install/ugv_vision:/home/pi/ugv_ws/install/ugv_tools:/home/pi/ugv_ws/install/ugv_chat_ai:/home/pi/ugv_ws/install/ugv_bringup:/opt/ros/humble /usr/bin/cmake --build /home/pi/ugv_ws/build/ugv_slam -- -j4 -l4
[0.497s] Invoking command in '/home/pi/ugv_ws/build/ugv_slam': CMAKE_PREFIX_PATH=${CMAKE_PREFIX_PATH}:/home/pi/ugv_ws/install/ugv_web_app:/home/pi/ugv_ws/install/ugv_vision:/home/pi/ugv_ws/install/ugv_tools:/home/pi/ugv_ws/install/ugv_chat_ai:/home/pi/ugv_ws/install/ugv_bringup:/opt/ros/humble /usr/bin/cmake --install /home/pi/ugv_ws/build/ugv_slam
[0.616s] -- Install configuration: ""
[0.627s] -- Execute custom install script
[0.631s] -- Up-to-date symlink: /home/pi/ugv_ws/install/ugv_slam/share/ugv_slam/launch/cartographer.launch.py
[0.633s] -- Up-to-date symlink: /home/pi/ugv_ws/install/ugv_slam/share/ugv_slam/launch/gmapping.launch.py
[0.635s] -- Up-to-date symlink: /home/pi/ugv_ws/install/ugv_slam/share/ugv_slam/launch/rtabmap_rgbd.launch.py
[0.637s] -- Up-to-date symlink: /home/pi/ugv_ws/install/ugv_slam/share/ugv_slam/rviz/view_slam_2d.rviz
[0.649s] -- Up-to-date symlink: /home/pi/ugv_ws/install/ugv_slam/share/ugv_slam/rviz/view_slam_3d.rviz
[0.651s] -- Up-to-date symlink: /home/pi/ugv_ws/install/ugv_slam/share/ament_index/resource_index/package_run_dependencies/ugv_slam
[0.653s] -- Up-to-date symlink: /home/pi/ugv_ws/install/ugv_slam/share/ament_index/resource_index/parent_prefix_path/ugv_slam
[0.660s] -- Up-to-date symlink: /home/pi/ugv_ws/install/ugv_slam/share/ugv_slam/environment/ament_prefix_path.sh
[0.663s] -- Up-to-date symlink: /home/pi/ugv_ws/install/ugv_slam/share/ugv_slam/environment/ament_prefix_path.dsv
[0.666s] -- Up-to-date symlink: /home/pi/ugv_ws/install/ugv_slam/share/ugv_slam/environment/path.sh
[0.669s] -- Up-to-date symlink: /home/pi/ugv_ws/install/ugv_slam/share/ugv_slam/environment/path.dsv
[0.679s] -- Up-to-date symlink: /home/pi/ugv_ws/install/ugv_slam/share/ugv_slam/local_setup.bash
[0.694s] -- Up-to-date symlink: /home/pi/ugv_ws/install/ugv_slam/share/ugv_slam/local_setup.sh
[0.696s] -- Up-to-date symlink: /home/pi/ugv_ws/install/ugv_slam/share/ugv_slam/local_setup.zsh
[0.697s] -- Up-to-date symlink: /home/pi/ugv_ws/install/ugv_slam/share/ugv_slam/local_setup.dsv
[0.711s] -- Symlinking: /home/pi/ugv_ws/install/ugv_slam/share/ugv_slam/package.dsv
[0.839s] -- Up-to-date symlink: /home/pi/ugv_ws/install/ugv_slam/share/ament_index/resource_index/packages/ugv_slam
[0.840s] -- Up-to-date symlink: /home/pi/ugv_ws/install/ugv_slam/share/ugv_slam/cmake/ugv_slamConfig.cmake
[0.840s] -- Up-to-date symlink: /home/pi/ugv_ws/install/ugv_slam/share/ugv_slam/cmake/ugv_slamConfig-version.cmake
[0.841s] -- Up-to-date symlink: /home/pi/ugv_ws/install/ugv_slam/share/ugv_slam/package.xml
[0.871s] Invoked command in '/home/pi/ugv_ws/build/ugv_slam' returned '0': CMAKE_PREFIX_PATH=${CMAKE_PREFIX_PATH}:/home/pi/ugv_ws/install/ugv_web_app:/home/pi/ugv_ws/install/ugv_vision:/home/pi/ugv_ws/install/ugv_tools:/home/pi/ugv_ws/install/ugv_chat_ai:/home/pi/ugv_ws/install/ugv_bringup:/opt/ros/humble /usr/bin/cmake --install /home/pi/ugv_ws/build/ugv_slam
