[4.712s] Invoking command in '/home/pi/ugv_ws/build/ugv_vision': PYTHONPATH=/home/pi/ugv_ws/build/ugv_vision/prefix_override:/usr/lib/python3/dist-packages/colcon_core/task/python/colcon_distutils_commands:/home/pi/ugv_ws/install/ugv_vision/lib/python3.10/site-packages:${PYTHONPATH} /usr/bin/python3 -W ignore:setup.py install is deprecated -W ignore:easy_install command is deprecated setup.py develop --editable --build-directory /home/pi/ugv_ws/build/ugv_vision/build --no-deps symlink_data
[7.020s] running develop
[8.402s] running egg_info
[8.403s] writing ugv_vision.egg-info/PKG-INFO
[8.404s] writing dependency_links to ugv_vision.egg-info/dependency_links.txt
[8.405s] writing entry points to ugv_vision.egg-info/entry_points.txt
[8.406s] writing requirements to ugv_vision.egg-info/requires.txt
[8.407s] writing top-level names to ugv_vision.egg-info/top_level.txt
[8.419s] reading manifest file 'ugv_vision.egg-info/SOURCES.txt'
[8.429s] writing manifest file 'ugv_vision.egg-info/SOURCES.txt'
[8.437s] running build_ext
[8.438s] Creating /home/pi/ugv_ws/install/ugv_vision/lib/python3.10/site-packages/ugv-vision.egg-link (link to .)
[8.442s] Installing apriltag_ctrl script to /home/pi/ugv_ws/install/ugv_vision/lib/ugv_vision
[8.443s] Installing apriltag_track_0 script to /home/pi/ugv_ws/install/ugv_vision/lib/ugv_vision
[8.444s] Installing apriltag_track_1 script to /home/pi/ugv_ws/install/ugv_vision/lib/ugv_vision
[8.447s] Installing apriltag_track_2 script to /home/pi/ugv_ws/install/ugv_vision/lib/ugv_vision
[8.448s] Installing color_track script to /home/pi/ugv_ws/install/ugv_vision/lib/ugv_vision
[8.448s] Installing gesture_ctrl script to /home/pi/ugv_ws/install/ugv_vision/lib/ugv_vision
[8.449s] Installing kcf_track script to /home/pi/ugv_ws/install/ugv_vision/lib/ugv_vision
[8.451s] 
[8.451s] Installed /home/pi/ugv_ws/build/ugv_vision
[8.452s] running symlink_data
[8.615s] Invoked command in '/home/pi/ugv_ws/build/ugv_vision' returned '0': PYTHONPATH=/home/pi/ugv_ws/build/ugv_vision/prefix_override:/usr/lib/python3/dist-packages/colcon_core/task/python/colcon_distutils_commands:/home/pi/ugv_ws/install/ugv_vision/lib/python3.10/site-packages:${PYTHONPATH} /usr/bin/python3 -W ignore:setup.py install is deprecated -W ignore:easy_install command is deprecated setup.py develop --editable --build-directory /home/pi/ugv_ws/build/ugv_vision/build --no-deps symlink_data
