[0.183s] Invoking command in '/home/pi/ugv_ws/build/vizanti': AMENT_PREFIX_PATH=/home/pi/ugv_ws/install/vizanti_server:/home/pi/ugv_ws/install/vizanti_msgs:${AMENT_PREFIX_PATH} CMAKE_PREFIX_PATH=/home/pi/ugv_ws/install/vizanti_server:/home/pi/ugv_ws/install/vizanti_msgs:/opt/ros/humble LD_LIBRARY_PATH=/home/pi/ugv_ws/install/vizanti_msgs/lib:${LD_LIBRARY_PATH} PYTHONPATH=/home/pi/ugv_ws/install/vizanti_msgs/local/lib/python3.10/dist-packages:${PYTHONPATH} /usr/bin/cmake --build /home/pi/ugv_ws/build/vizanti -- -j4 -l4
[0.601s] Invoked command in '/home/pi/ugv_ws/build/vizanti' returned '0': AMENT_PREFIX_PATH=/home/pi/ugv_ws/install/vizanti_server:/home/pi/ugv_ws/install/vizanti_msgs:${AMENT_PREFIX_PATH} CMAKE_PREFIX_PATH=/home/pi/ugv_ws/install/vizanti_server:/home/pi/ugv_ws/install/vizanti_msgs:/opt/ros/humble LD_LIBRARY_PATH=/home/pi/ugv_ws/install/vizanti_msgs/lib:${LD_LIBRARY_PATH} PYTHONPATH=/home/pi/ugv_ws/install/vizanti_msgs/local/lib/python3.10/dist-packages:${PYTHONPATH} /usr/bin/cmake --build /home/pi/ugv_ws/build/vizanti -- -j4 -l4
[0.604s] Invoking command in '/home/pi/ugv_ws/build/vizanti': AMENT_PREFIX_PATH=/home/pi/ugv_ws/install/vizanti_server:/home/pi/ugv_ws/install/vizanti_msgs:${AMENT_PREFIX_PATH} CMAKE_PREFIX_PATH=/home/pi/ugv_ws/install/vizanti_server:/home/pi/ugv_ws/install/vizanti_msgs:/opt/ros/humble LD_LIBRARY_PATH=/home/pi/ugv_ws/install/vizanti_msgs/lib:${LD_LIBRARY_PATH} PYTHONPATH=/home/pi/ugv_ws/install/vizanti_msgs/local/lib/python3.10/dist-packages:${PYTHONPATH} /usr/bin/cmake --install /home/pi/ugv_ws/build/vizanti
[0.672s] -- Install configuration: ""
[0.675s] -- Execute custom install script
[0.688s] -- Up-to-date symlink: /home/pi/ugv_ws/install/vizanti/share/ament_index/resource_index/package_run_dependencies/vizanti
[0.691s] -- Up-to-date symlink: /home/pi/ugv_ws/install/vizanti/share/ament_index/resource_index/parent_prefix_path/vizanti
[0.693s] -- Up-to-date symlink: /home/pi/ugv_ws/install/vizanti/share/vizanti/environment/ament_prefix_path.sh
[0.695s] -- Up-to-date symlink: /home/pi/ugv_ws/install/vizanti/share/vizanti/environment/ament_prefix_path.dsv
[0.698s] -- Up-to-date symlink: /home/pi/ugv_ws/install/vizanti/share/vizanti/environment/path.sh
[0.700s] -- Up-to-date symlink: /home/pi/ugv_ws/install/vizanti/share/vizanti/environment/path.dsv
[0.702s] -- Up-to-date symlink: /home/pi/ugv_ws/install/vizanti/share/vizanti/local_setup.bash
[0.703s] -- Up-to-date symlink: /home/pi/ugv_ws/install/vizanti/share/vizanti/local_setup.sh
[0.704s] -- Up-to-date symlink: /home/pi/ugv_ws/install/vizanti/share/vizanti/local_setup.zsh
[0.705s] -- Up-to-date symlink: /home/pi/ugv_ws/install/vizanti/share/vizanti/local_setup.dsv
[0.705s] -- Symlinking: /home/pi/ugv_ws/install/vizanti/share/vizanti/package.dsv
[0.834s] -- Up-to-date symlink: /home/pi/ugv_ws/install/vizanti/share/ament_index/resource_index/packages/vizanti
[0.835s] -- Up-to-date symlink: /home/pi/ugv_ws/install/vizanti/share/vizanti/cmake/vizantiConfig.cmake
[0.838s] -- Up-to-date symlink: /home/pi/ugv_ws/install/vizanti/share/vizanti/cmake/vizantiConfig-version.cmake
[0.842s] -- Up-to-date symlink: /home/pi/ugv_ws/install/vizanti/share/vizanti/package.xml
[0.854s] Invoked command in '/home/pi/ugv_ws/build/vizanti' returned '0': AMENT_PREFIX_PATH=/home/pi/ugv_ws/install/vizanti_server:/home/pi/ugv_ws/install/vizanti_msgs:${AMENT_PREFIX_PATH} CMAKE_PREFIX_PATH=/home/pi/ugv_ws/install/vizanti_server:/home/pi/ugv_ws/install/vizanti_msgs:/opt/ros/humble LD_LIBRARY_PATH=/home/pi/ugv_ws/install/vizanti_msgs/lib:${LD_LIBRARY_PATH} PYTHONPATH=/home/pi/ugv_ws/install/vizanti_msgs/local/lib/python3.10/dist-packages:${PYTHONPATH} /usr/bin/cmake --install /home/pi/ugv_ws/build/vizanti
