[0.165s] Invoking command in '/home/pi/ugv_ws/build/vizanti_server': AMENT_PREFIX_PATH=/home/pi/ugv_ws/install/vizanti_msgs:${AMENT_PREFIX_PATH} CMAKE_PREFIX_PATH=/home/pi/ugv_ws/install/vizanti_msgs:/opt/ros/humble LD_LIBRARY_PATH=/home/pi/ugv_ws/install/vizanti_msgs/lib:${LD_LIBRARY_PATH} PYTHONPATH=/home/pi/ugv_ws/install/vizanti_msgs/local/lib/python3.10/dist-packages:${PYTHONPATH} /usr/bin/cmake --build /home/pi/ugv_ws/build/vizanti_server -- -j4 -l4
[0.545s] Invoked command in '/home/pi/ugv_ws/build/vizanti_server' returned '0': AMENT_PREFIX_PATH=/home/pi/ugv_ws/install/vizanti_msgs:${AMENT_PREFIX_PATH} CMAKE_PREFIX_PATH=/home/pi/ugv_ws/install/vizanti_msgs:/opt/ros/humble LD_LIBRARY_PATH=/home/pi/ugv_ws/install/vizanti_msgs/lib:${LD_LIBRARY_PATH} PYTHONPATH=/home/pi/ugv_ws/install/vizanti_msgs/local/lib/python3.10/dist-packages:${PYTHONPATH} /usr/bin/cmake --build /home/pi/ugv_ws/build/vizanti_server -- -j4 -l4
[0.552s] Invoking command in '/home/pi/ugv_ws/build/vizanti_server': AMENT_PREFIX_PATH=/home/pi/ugv_ws/install/vizanti_msgs:${AMENT_PREFIX_PATH} CMAKE_PREFIX_PATH=/home/pi/ugv_ws/install/vizanti_msgs:/opt/ros/humble LD_LIBRARY_PATH=/home/pi/ugv_ws/install/vizanti_msgs/lib:${LD_LIBRARY_PATH} PYTHONPATH=/home/pi/ugv_ws/install/vizanti_msgs/local/lib/python3.10/dist-packages:${PYTHONPATH} /usr/bin/cmake --install /home/pi/ugv_ws/build/vizanti_server
[0.635s] -- Install configuration: ""
[0.637s] -- Execute custom install script
[0.642s] -- Up-to-date symlink: /home/pi/ugv_ws/install/vizanti_server/share/vizanti_server//launch/vizanti_rws.launch.py
[0.645s] -- Up-to-date symlink: /home/pi/ugv_ws/install/vizanti_server/share/vizanti_server//launch/vizanti_server.launch.py
[0.691s] -- Up-to-date symlink: /home/pi/ugv_ws/install/vizanti_server/share/vizanti_server//public/assets/add.svg
[0.703s] -- Up-to-date symlink: /home/pi/ugv_ws/install/vizanti_server/share/vizanti_server//public/assets/altimeter.svg
[0.703s] -- Up-to-date symlink: /home/pi/ugv_ws/install/vizanti_server/share/vizanti_server//public/assets/altimeter_arrow.svg
[0.706s] -- Up-to-date symlink: /home/pi/ugv_ws/install/vizanti_server/share/vizanti_server//public/assets/altimeter_arrow_green.svg
[0.709s] -- Up-to-date symlink: /home/pi/ugv_ws/install/vizanti_server/share/vizanti_server//public/assets/altimeter_green.svg
[0.713s] -- Up-to-date symlink: /home/pi/ugv_ws/install/vizanti_server/share/vizanti_server//public/assets/area.svg
[0.715s] -- Up-to-date symlink: /home/pi/ugv_ws/install/vizanti_server/share/vizanti_server//public/assets/battery_100.svg
[0.722s] -- Up-to-date symlink: /home/pi/ugv_ws/install/vizanti_server/share/vizanti_server//public/assets/battery_20.svg
[0.723s] -- Up-to-date symlink: /home/pi/ugv_ws/install/vizanti_server/share/vizanti_server//public/assets/battery_40.svg
[0.733s] -- Up-to-date symlink: /home/pi/ugv_ws/install/vizanti_server/share/vizanti_server//public/assets/battery_60.svg
[0.736s] -- Up-to-date symlink: /home/pi/ugv_ws/install/vizanti_server/share/vizanti_server//public/assets/battery_80.svg
[0.743s] -- Up-to-date symlink: /home/pi/ugv_ws/install/vizanti_server/share/vizanti_server//public/assets/battery_unknown.svg
[0.752s] -- Up-to-date symlink: /home/pi/ugv_ws/install/vizanti_server/share/vizanti_server//public/assets/button.svg
[0.766s] -- Up-to-date symlink: /home/pi/ugv_ws/install/vizanti_server/share/vizanti_server//public/assets/button_false.svg
[0.769s] -- Up-to-date symlink: /home/pi/ugv_ws/install/vizanti_server/share/vizanti_server//public/assets/button_true.svg
[0.770s] -- Up-to-date symlink: /home/pi/ugv_ws/install/vizanti_server/share/vizanti_server//public/assets/costmap.svg
[0.774s] -- Up-to-date symlink: /home/pi/ugv_ws/install/vizanti_server/share/vizanti_server//public/assets/default_layout.json
[0.775s] -- Up-to-date symlink: /home/pi/ugv_ws/install/vizanti_server/share/vizanti_server//public/assets/folder.svg
[0.790s] -- Up-to-date symlink: /home/pi/ugv_ws/install/vizanti_server/share/vizanti_server//public/assets/grid.svg
[0.791s] -- Up-to-date symlink: /home/pi/ugv_ws/install/vizanti_server/share/vizanti_server//public/assets/gridcells.svg
[0.792s] -- Up-to-date symlink: /home/pi/ugv_ws/install/vizanti_server/share/vizanti_server//public/assets/icon/152.png
[0.793s] -- Up-to-date symlink: /home/pi/ugv_ws/install/vizanti_server/share/vizanti_server//public/assets/icon/16.png
[0.794s] -- Up-to-date symlink: /home/pi/ugv_ws/install/vizanti_server/share/vizanti_server//public/assets/icon/192.png
[0.795s] -- Up-to-date symlink: /home/pi/ugv_ws/install/vizanti_server/share/vizanti_server//public/assets/icon/32.png
[0.796s] -- Up-to-date symlink: /home/pi/ugv_ws/install/vizanti_server/share/vizanti_server//public/assets/icon/512.png
[0.818s] -- Up-to-date symlink: /home/pi/ugv_ws/install/vizanti_server/share/vizanti_server//public/assets/icon/96.png
[0.819s] -- Up-to-date symlink: /home/pi/ugv_ws/install/vizanti_server/share/vizanti_server//public/assets/icon/icon.svg
[0.820s] -- Up-to-date symlink: /home/pi/ugv_ws/install/vizanti_server/share/vizanti_server//public/assets/icon/manifest.json
[0.834s] -- Up-to-date symlink: /home/pi/ugv_ws/install/vizanti_server/share/vizanti_server//public/assets/icon/preview.jpg
[0.836s] -- Up-to-date symlink: /home/pi/ugv_ws/install/vizanti_server/share/vizanti_server//public/assets/image.svg
[0.836s] -- Up-to-date symlink: /home/pi/ugv_ws/install/vizanti_server/share/vizanti_server//public/assets/initialpose.png
[0.837s] -- Up-to-date symlink: /home/pi/ugv_ws/install/vizanti_server/share/vizanti_server//public/assets/initialpose.svg
[0.846s] -- Up-to-date symlink: /home/pi/ugv_ws/install/vizanti_server/share/vizanti_server//public/assets/joypos.svg
[0.852s] -- Up-to-date symlink: /home/pi/ugv_ws/install/vizanti_server/share/vizanti_server//public/assets/joystick.svg
[0.856s] -- Up-to-date symlink: /home/pi/ugv_ws/install/vizanti_server/share/vizanti_server//public/assets/map.svg
[0.862s] -- Up-to-date symlink: /home/pi/ugv_ws/install/vizanti_server/share/vizanti_server//public/assets/marker.svg
[0.870s] -- Up-to-date symlink: /home/pi/ugv_ws/install/vizanti_server/share/vizanti_server//public/assets/markerarray.svg
[0.882s] -- Up-to-date symlink: /home/pi/ugv_ws/install/vizanti_server/share/vizanti_server//public/assets/node_kill.svg
[0.885s] -- Up-to-date symlink: /home/pi/ugv_ws/install/vizanti_server/share/vizanti_server//public/assets/node_restart.svg
[0.895s] -- Up-to-date symlink: /home/pi/ugv_ws/install/vizanti_server/share/vizanti_server//public/assets/nodemgr.svg
[0.902s] -- Up-to-date symlink: /home/pi/ugv_ws/install/vizanti_server/share/vizanti_server//public/assets/path.svg
[0.905s] -- Up-to-date symlink: /home/pi/ugv_ws/install/vizanti_server/share/vizanti_server//public/assets/pointcloud.svg
[0.926s] -- Up-to-date symlink: /home/pi/ugv_ws/install/vizanti_server/share/vizanti_server//public/assets/posearray.svg
[0.927s] -- Up-to-date symlink: /home/pi/ugv_ws/install/vizanti_server/share/vizanti_server//public/assets/posewithcovariancestamped.svg
[0.927s] -- Up-to-date symlink: /home/pi/ugv_ws/install/vizanti_server/share/vizanti_server//public/assets/range.svg
[0.928s] -- Up-to-date symlink: /home/pi/ugv_ws/install/vizanti_server/share/vizanti_server//public/assets/rawmap.svg
[0.929s] -- Up-to-date symlink: /home/pi/ugv_ws/install/vizanti_server/share/vizanti_server//public/assets/reconfigure.svg
[0.935s] -- Up-to-date symlink: /home/pi/ugv_ws/install/vizanti_server/share/vizanti_server//public/assets/robot_model/_2wd.png
[0.943s] -- Up-to-date symlink: /home/pi/ugv_ws/install/vizanti_server/share/vizanti_server//public/assets/robot_model/_4wd.png
[0.944s] -- Up-to-date symlink: /home/pi/ugv_ws/install/vizanti_server/share/vizanti_server//public/assets/robot_model/_arrow.png
[0.965s] -- Up-to-date symlink: /home/pi/ugv_ws/install/vizanti_server/share/vizanti_server//public/assets/robot_model/_dog.png
[0.965s] -- Up-to-date symlink: /home/pi/ugv_ws/install/vizanti_server/share/vizanti_server//public/assets/robot_model/_hatchback.png
[0.966s] -- Up-to-date symlink: /home/pi/ugv_ws/install/vizanti_server/share/vizanti_server//public/assets/robot_model/_orca.png
[0.966s] -- Up-to-date symlink: /home/pi/ugv_ws/install/vizanti_server/share/vizanti_server//public/assets/robot_model/_pancake.png
[0.967s] -- Up-to-date symlink: /home/pi/ugv_ws/install/vizanti_server/share/vizanti_server//public/assets/robot_model/_rccar.png
[0.967s] -- Up-to-date symlink: /home/pi/ugv_ws/install/vizanti_server/share/vizanti_server//public/assets/robot_model/_sandwich.png
[0.968s] -- Up-to-date symlink: /home/pi/ugv_ws/install/vizanti_server/share/vizanti_server//public/assets/robot_model/_tortoise.png
[0.968s] -- Up-to-date symlink: /home/pi/ugv_ws/install/vizanti_server/share/vizanti_server//public/assets/robot_model/_tuna.png
[0.980s] -- Up-to-date symlink: /home/pi/ugv_ws/install/vizanti_server/share/vizanti_server//public/assets/robotmodel.svg
[0.987s] -- Up-to-date symlink: /home/pi/ugv_ws/install/vizanti_server/share/vizanti_server//public/assets/rosbag.svg
[0.991s] -- Up-to-date symlink: /home/pi/ugv_ws/install/vizanti_server/share/vizanti_server//public/assets/rosbag_active.svg
[0.993s] -- Up-to-date symlink: /home/pi/ugv_ws/install/vizanti_server/share/vizanti_server//public/assets/rosbridge_connected.svg
[1.005s] -- Up-to-date symlink: /home/pi/ugv_ws/install/vizanti_server/share/vizanti_server//public/assets/rosbridge_disconnected.svg
[1.007s] -- Up-to-date symlink: /home/pi/ugv_ws/install/vizanti_server/share/vizanti_server//public/assets/rosbridge_reconnect.svg
[1.010s] -- Up-to-date symlink: /home/pi/ugv_ws/install/vizanti_server/share/vizanti_server//public/assets/satelite.svg
[1.018s] -- Up-to-date symlink: /home/pi/ugv_ws/install/vizanti_server/share/vizanti_server//public/assets/scan.svg
[1.026s] -- Up-to-date symlink: /home/pi/ugv_ws/install/vizanti_server/share/vizanti_server//public/assets/settings.svg
[1.026s] -- Up-to-date symlink: /home/pi/ugv_ws/install/vizanti_server/share/vizanti_server//public/assets/simplegoal.png
[1.026s] -- Up-to-date symlink: /home/pi/ugv_ws/install/vizanti_server/share/vizanti_server//public/assets/simplegoal.svg
[1.027s] -- Up-to-date symlink: /home/pi/ugv_ws/install/vizanti_server/share/vizanti_server//public/assets/temp_cold.svg
[1.030s] -- Up-to-date symlink: /home/pi/ugv_ws/install/vizanti_server/share/vizanti_server//public/assets/temp_hot.svg
[1.038s] -- Up-to-date symlink: /home/pi/ugv_ws/install/vizanti_server/share/vizanti_server//public/assets/temp_unknown.svg
[1.040s] -- Up-to-date symlink: /home/pi/ugv_ws/install/vizanti_server/share/vizanti_server//public/assets/temp_warm.svg
[1.044s] -- Up-to-date symlink: /home/pi/ugv_ws/install/vizanti_server/share/vizanti_server//public/assets/tf.svg
[1.046s] -- Up-to-date symlink: /home/pi/ugv_ws/install/vizanti_server/share/vizanti_server//public/assets/tile_error.png
[1.061s] -- Up-to-date symlink: /home/pi/ugv_ws/install/vizanti_server/share/vizanti_server//public/assets/tile_loading.png
[1.087s] -- Up-to-date symlink: /home/pi/ugv_ws/install/vizanti_server/share/vizanti_server//public/assets/waypoints.svg
[1.089s] -- Up-to-date symlink: /home/pi/ugv_ws/install/vizanti_server/share/vizanti_server//public/css/style.css
[1.089s] -- Up-to-date symlink: /home/pi/ugv_ws/install/vizanti_server/share/vizanti_server//public/head.html
[1.090s] -- Up-to-date symlink: /home/pi/ugv_ws/install/vizanti_server/share/vizanti_server//public/iconbar.html
[1.090s] -- Up-to-date symlink: /home/pi/ugv_ws/install/vizanti_server/share/vizanti_server//public/index.html
[1.090s] -- Up-to-date symlink: /home/pi/ugv_ws/install/vizanti_server/share/vizanti_server//public/js/lib/nipplejs.js
[1.091s] -- Up-to-date symlink: /home/pi/ugv_ws/install/vizanti_server/share/vizanti_server//public/js/lib/nipplejs.min.js
[1.091s] -- Up-to-date symlink: /home/pi/ugv_ws/install/vizanti_server/share/vizanti_server//public/js/lib/nipplejs_LICENSE.txt
[1.091s] -- Up-to-date symlink: /home/pi/ugv_ws/install/vizanti_server/share/vizanti_server//public/js/lib/quaternion.min.js
[1.092s] -- Up-to-date symlink: /home/pi/ugv_ws/install/vizanti_server/share/vizanti_server//public/js/lib/quaternionjs_LICENSE.txt
[1.094s] -- Up-to-date symlink: /home/pi/ugv_ws/install/vizanti_server/share/vizanti_server//public/js/lib/roslib.min.js
[1.098s] -- Up-to-date symlink: /home/pi/ugv_ws/install/vizanti_server/share/vizanti_server//public/js/lib/roslibjs_LICENSE.txt
[1.111s] -- Up-to-date symlink: /home/pi/ugv_ws/install/vizanti_server/share/vizanti_server//public/js/main.js
[1.119s] -- Up-to-date symlink: /home/pi/ugv_ws/install/vizanti_server/share/vizanti_server//public/js/modules/database.js
[1.121s] -- Up-to-date symlink: /home/pi/ugv_ws/install/vizanti_server/share/vizanti_server//public/js/modules/elements.js
[1.123s] -- Up-to-date symlink: /home/pi/ugv_ws/install/vizanti_server/share/vizanti_server//public/js/modules/joystick.js
[1.125s] -- Up-to-date symlink: /home/pi/ugv_ws/install/vizanti_server/share/vizanti_server//public/js/modules/navsat.js
[1.139s] -- Up-to-date symlink: /home/pi/ugv_ws/install/vizanti_server/share/vizanti_server//public/js/modules/persistent.js
[1.141s] -- Up-to-date symlink: /home/pi/ugv_ws/install/vizanti_server/share/vizanti_server//public/js/modules/rosbridge.js
[1.143s] -- Up-to-date symlink: /home/pi/ugv_ws/install/vizanti_server/share/vizanti_server//public/js/modules/status.js
[1.150s] -- Up-to-date symlink: /home/pi/ugv_ws/install/vizanti_server/share/vizanti_server//public/js/modules/tf.js
[1.152s] -- Up-to-date symlink: /home/pi/ugv_ws/install/vizanti_server/share/vizanti_server//public/js/modules/util.js
[1.155s] -- Up-to-date symlink: /home/pi/ugv_ws/install/vizanti_server/share/vizanti_server//public/js/modules/view.js
[1.162s] -- Up-to-date symlink: /home/pi/ugv_ws/install/vizanti_server/share/vizanti_server//public/js/setup.js
[1.164s] -- Up-to-date symlink: /home/pi/ugv_ws/install/vizanti_server/share/vizanti_server//public/templates/add/add_icon.html
[1.166s] -- Up-to-date symlink: /home/pi/ugv_ws/install/vizanti_server/share/vizanti_server//public/templates/add/add_modal.html
[1.168s] -- Up-to-date symlink: /home/pi/ugv_ws/install/vizanti_server/share/vizanti_server//public/templates/add/add_script.js
[1.178s] -- Up-to-date symlink: /home/pi/ugv_ws/install/vizanti_server/share/vizanti_server//public/templates/altimeter/altimeter_icon.html
[1.186s] -- Up-to-date symlink: /home/pi/ugv_ws/install/vizanti_server/share/vizanti_server//public/templates/altimeter/altimeter_modal.html
[1.188s] -- Up-to-date symlink: /home/pi/ugv_ws/install/vizanti_server/share/vizanti_server//public/templates/altimeter/altimeter_script.js
[1.191s] -- Up-to-date symlink: /home/pi/ugv_ws/install/vizanti_server/share/vizanti_server//public/templates/altimeter/altimeter_view.html
[1.197s] -- Up-to-date symlink: /home/pi/ugv_ws/install/vizanti_server/share/vizanti_server//public/templates/area/area_icon.html
[1.200s] -- Up-to-date symlink: /home/pi/ugv_ws/install/vizanti_server/share/vizanti_server//public/templates/area/area_modal.html
[1.206s] -- Up-to-date symlink: /home/pi/ugv_ws/install/vizanti_server/share/vizanti_server//public/templates/area/area_script.js
[1.209s] -- Up-to-date symlink: /home/pi/ugv_ws/install/vizanti_server/share/vizanti_server//public/templates/area/area_view.html
[1.214s] -- Up-to-date symlink: /home/pi/ugv_ws/install/vizanti_server/share/vizanti_server//public/templates/battery/battery_icon.html
[1.226s] -- Up-to-date symlink: /home/pi/ugv_ws/install/vizanti_server/share/vizanti_server//public/templates/battery/battery_modal.html
[1.231s] -- Up-to-date symlink: /home/pi/ugv_ws/install/vizanti_server/share/vizanti_server//public/templates/battery/battery_script.js
[1.234s] -- Up-to-date symlink: /home/pi/ugv_ws/install/vizanti_server/share/vizanti_server//public/templates/button/button_icon.html
[1.236s] -- Up-to-date symlink: /home/pi/ugv_ws/install/vizanti_server/share/vizanti_server//public/templates/button/button_modal.html
[1.240s] -- Up-to-date symlink: /home/pi/ugv_ws/install/vizanti_server/share/vizanti_server//public/templates/button/button_script.js
[1.242s] -- Up-to-date symlink: /home/pi/ugv_ws/install/vizanti_server/share/vizanti_server//public/templates/compressedimage/compressedimage_icon.html
[1.245s] -- Up-to-date symlink: /home/pi/ugv_ws/install/vizanti_server/share/vizanti_server//public/templates/compressedimage/compressedimage_modal.html
[1.250s] -- Up-to-date symlink: /home/pi/ugv_ws/install/vizanti_server/share/vizanti_server//public/templates/compressedimage/compressedimage_script.js
[1.252s] -- Up-to-date symlink: /home/pi/ugv_ws/install/vizanti_server/share/vizanti_server//public/templates/compressedimage/compressedimage_view.html
[1.254s] -- Up-to-date symlink: /home/pi/ugv_ws/install/vizanti_server/share/vizanti_server//public/templates/folder/folder_icon.html
[1.270s] -- Up-to-date symlink: /home/pi/ugv_ws/install/vizanti_server/share/vizanti_server//public/templates/folder/folder_modal.html
[1.272s] -- Up-to-date symlink: /home/pi/ugv_ws/install/vizanti_server/share/vizanti_server//public/templates/folder/folder_script.js
[1.274s] -- Up-to-date symlink: /home/pi/ugv_ws/install/vizanti_server/share/vizanti_server//public/templates/grid/grid_icon.html
[1.276s] -- Up-to-date symlink: /home/pi/ugv_ws/install/vizanti_server/share/vizanti_server//public/templates/grid/grid_modal.html
[1.278s] -- Up-to-date symlink: /home/pi/ugv_ws/install/vizanti_server/share/vizanti_server//public/templates/grid/grid_script.js
[1.286s] -- Up-to-date symlink: /home/pi/ugv_ws/install/vizanti_server/share/vizanti_server//public/templates/grid/grid_view.html
[1.288s] -- Up-to-date symlink: /home/pi/ugv_ws/install/vizanti_server/share/vizanti_server//public/templates/gridcells/gridcells_icon.html
[1.291s] -- Up-to-date symlink: /home/pi/ugv_ws/install/vizanti_server/share/vizanti_server//public/templates/gridcells/gridcells_modal.html
[1.294s] -- Up-to-date symlink: /home/pi/ugv_ws/install/vizanti_server/share/vizanti_server//public/templates/gridcells/gridcells_script.js
[1.306s] -- Up-to-date symlink: /home/pi/ugv_ws/install/vizanti_server/share/vizanti_server//public/templates/gridcells/gridcells_view.html
[1.314s] -- Up-to-date symlink: /home/pi/ugv_ws/install/vizanti_server/share/vizanti_server//public/templates/initialpose/initialpose_icon.html
[1.317s] -- Up-to-date symlink: /home/pi/ugv_ws/install/vizanti_server/share/vizanti_server//public/templates/initialpose/initialpose_modal.html
[1.319s] -- Up-to-date symlink: /home/pi/ugv_ws/install/vizanti_server/share/vizanti_server//public/templates/initialpose/initialpose_script.js
[1.321s] -- Up-to-date symlink: /home/pi/ugv_ws/install/vizanti_server/share/vizanti_server//public/templates/initialpose/initialpose_view.html
[1.330s] -- Up-to-date symlink: /home/pi/ugv_ws/install/vizanti_server/share/vizanti_server//public/templates/map/map_icon.html
[1.340s] -- Up-to-date symlink: /home/pi/ugv_ws/install/vizanti_server/share/vizanti_server//public/templates/map/map_modal.html
[1.342s] -- Up-to-date symlink: /home/pi/ugv_ws/install/vizanti_server/share/vizanti_server//public/templates/map/map_script.js
[1.345s] -- Up-to-date symlink: /home/pi/ugv_ws/install/vizanti_server/share/vizanti_server//public/templates/map/map_view.html
[1.348s] -- Up-to-date symlink: /home/pi/ugv_ws/install/vizanti_server/share/vizanti_server//public/templates/map/map_worker.js
[1.358s] -- Up-to-date symlink: /home/pi/ugv_ws/install/vizanti_server/share/vizanti_server//public/templates/markerarray/markerarray_icon.html
[1.360s] -- Up-to-date symlink: /home/pi/ugv_ws/install/vizanti_server/share/vizanti_server//public/templates/markerarray/markerarray_modal.html
[1.363s] -- Up-to-date symlink: /home/pi/ugv_ws/install/vizanti_server/share/vizanti_server//public/templates/markerarray/markerarray_script.js
[1.366s] -- Up-to-date symlink: /home/pi/ugv_ws/install/vizanti_server/share/vizanti_server//public/templates/markerarray/markerarray_view.html
[1.374s] -- Up-to-date symlink: /home/pi/ugv_ws/install/vizanti_server/share/vizanti_server//public/templates/nodemgr/nodemgr_icon.html
[1.376s] -- Up-to-date symlink: /home/pi/ugv_ws/install/vizanti_server/share/vizanti_server//public/templates/nodemgr/nodemgr_modal.html
[1.378s] -- Up-to-date symlink: /home/pi/ugv_ws/install/vizanti_server/share/vizanti_server//public/templates/nodemgr/nodemgr_script.js
[1.380s] -- Up-to-date symlink: /home/pi/ugv_ws/install/vizanti_server/share/vizanti_server//public/templates/path/path_icon.html
[1.382s] -- Up-to-date symlink: /home/pi/ugv_ws/install/vizanti_server/share/vizanti_server//public/templates/path/path_modal.html
[1.398s] -- Up-to-date symlink: /home/pi/ugv_ws/install/vizanti_server/share/vizanti_server//public/templates/path/path_script.js
[1.400s] -- Up-to-date symlink: /home/pi/ugv_ws/install/vizanti_server/share/vizanti_server//public/templates/path/path_view.html
[1.402s] -- Up-to-date symlink: /home/pi/ugv_ws/install/vizanti_server/share/vizanti_server//public/templates/pointcloud/pointcloud_icon.html
[1.404s] -- Up-to-date symlink: /home/pi/ugv_ws/install/vizanti_server/share/vizanti_server//public/templates/pointcloud/pointcloud_modal.html
[1.406s] -- Up-to-date symlink: /home/pi/ugv_ws/install/vizanti_server/share/vizanti_server//public/templates/pointcloud/pointcloud_script.js
[1.418s] -- Up-to-date symlink: /home/pi/ugv_ws/install/vizanti_server/share/vizanti_server//public/templates/pointcloud/pointcloud_view.html
[1.420s] -- Up-to-date symlink: /home/pi/ugv_ws/install/vizanti_server/share/vizanti_server//public/templates/posearray/posearray_icon.html
[1.430s] -- Up-to-date symlink: /home/pi/ugv_ws/install/vizanti_server/share/vizanti_server//public/templates/posearray/posearray_modal.html
[1.432s] -- Up-to-date symlink: /home/pi/ugv_ws/install/vizanti_server/share/vizanti_server//public/templates/posearray/posearray_script.js
[1.434s] -- Up-to-date symlink: /home/pi/ugv_ws/install/vizanti_server/share/vizanti_server//public/templates/posearray/posearray_view.html
[1.435s] -- Up-to-date symlink: /home/pi/ugv_ws/install/vizanti_server/share/vizanti_server//public/templates/posewithcovariancestamped/posewithcovariancestamped_icon.html
[1.439s] -- Up-to-date symlink: /home/pi/ugv_ws/install/vizanti_server/share/vizanti_server//public/templates/posewithcovariancestamped/posewithcovariancestamped_modal.html
[1.441s] -- Up-to-date symlink: /home/pi/ugv_ws/install/vizanti_server/share/vizanti_server//public/templates/posewithcovariancestamped/posewithcovariancestamped_script.js
[1.450s] -- Up-to-date symlink: /home/pi/ugv_ws/install/vizanti_server/share/vizanti_server//public/templates/posewithcovariancestamped/posewithcovariancestamped_view.html
[1.458s] -- Up-to-date symlink: /home/pi/ugv_ws/install/vizanti_server/share/vizanti_server//public/templates/range/range_icon.html
[1.461s] -- Up-to-date symlink: /home/pi/ugv_ws/install/vizanti_server/share/vizanti_server//public/templates/range/range_modal.html
[1.463s] -- Up-to-date symlink: /home/pi/ugv_ws/install/vizanti_server/share/vizanti_server//public/templates/range/range_script.js
[1.465s] -- Up-to-date symlink: /home/pi/ugv_ws/install/vizanti_server/share/vizanti_server//public/templates/range/range_view.html
[1.475s] -- Up-to-date symlink: /home/pi/ugv_ws/install/vizanti_server/share/vizanti_server//public/templates/reconfigure/reconfigure_icon.html
[1.486s] -- Up-to-date symlink: /home/pi/ugv_ws/install/vizanti_server/share/vizanti_server//public/templates/reconfigure/reconfigure_modal.html
[1.489s] -- Up-to-date symlink: /home/pi/ugv_ws/install/vizanti_server/share/vizanti_server//public/templates/reconfigure/reconfigure_script.js
[1.491s] -- Up-to-date symlink: /home/pi/ugv_ws/install/vizanti_server/share/vizanti_server//public/templates/robotmodel/robotmodel_icon.html
[1.493s] -- Up-to-date symlink: /home/pi/ugv_ws/install/vizanti_server/share/vizanti_server//public/templates/robotmodel/robotmodel_modal.html
[1.498s] -- Up-to-date symlink: /home/pi/ugv_ws/install/vizanti_server/share/vizanti_server//public/templates/robotmodel/robotmodel_script.js
[1.501s] -- Up-to-date symlink: /home/pi/ugv_ws/install/vizanti_server/share/vizanti_server//public/templates/robotmodel/robotmodel_view.html
[1.504s] -- Up-to-date symlink: /home/pi/ugv_ws/install/vizanti_server/share/vizanti_server//public/templates/rosbag/rosbag_icon.html
[1.522s] -- Up-to-date symlink: /home/pi/ugv_ws/install/vizanti_server/share/vizanti_server//public/templates/rosbag/rosbag_modal.html
[1.524s] -- Up-to-date symlink: /home/pi/ugv_ws/install/vizanti_server/share/vizanti_server//public/templates/rosbag/rosbag_script.js
[1.525s] -- Up-to-date symlink: /home/pi/ugv_ws/install/vizanti_server/share/vizanti_server//public/templates/rosbridge/rosbridge_icon.html
[1.526s] -- Up-to-date symlink: /home/pi/ugv_ws/install/vizanti_server/share/vizanti_server//public/templates/rosbridge/rosbridge_modal.html
[1.527s] -- Up-to-date symlink: /home/pi/ugv_ws/install/vizanti_server/share/vizanti_server//public/templates/rosbridge/rosbridge_script.js
[1.530s] -- Up-to-date symlink: /home/pi/ugv_ws/install/vizanti_server/share/vizanti_server//public/templates/satelite/satelite_icon.html
[1.530s] -- Up-to-date symlink: /home/pi/ugv_ws/install/vizanti_server/share/vizanti_server//public/templates/satelite/satelite_modal.html
[1.531s] -- Up-to-date symlink: /home/pi/ugv_ws/install/vizanti_server/share/vizanti_server//public/templates/satelite/satelite_script.js
[1.532s] -- Up-to-date symlink: /home/pi/ugv_ws/install/vizanti_server/share/vizanti_server//public/templates/satelite/satelite_view.html
[1.533s] -- Up-to-date symlink: /home/pi/ugv_ws/install/vizanti_server/share/vizanti_server//public/templates/scan/scan_icon.html
[1.534s] -- Up-to-date symlink: /home/pi/ugv_ws/install/vizanti_server/share/vizanti_server//public/templates/scan/scan_modal.html
[1.535s] -- Up-to-date symlink: /home/pi/ugv_ws/install/vizanti_server/share/vizanti_server//public/templates/scan/scan_script.js
[1.536s] -- Up-to-date symlink: /home/pi/ugv_ws/install/vizanti_server/share/vizanti_server//public/templates/scan/scan_view.html
[1.565s] -- Up-to-date symlink: /home/pi/ugv_ws/install/vizanti_server/share/vizanti_server//public/templates/settings/settings_icon.html
[1.566s] -- Up-to-date symlink: /home/pi/ugv_ws/install/vizanti_server/share/vizanti_server//public/templates/settings/settings_modal.html
[1.567s] -- Up-to-date symlink: /home/pi/ugv_ws/install/vizanti_server/share/vizanti_server//public/templates/settings/settings_script.js
[1.569s] -- Up-to-date symlink: /home/pi/ugv_ws/install/vizanti_server/share/vizanti_server//public/templates/simplegoal/simplegoal_icon.html
[1.570s] -- Up-to-date symlink: /home/pi/ugv_ws/install/vizanti_server/share/vizanti_server//public/templates/simplegoal/simplegoal_modal.html
[1.570s] -- Up-to-date symlink: /home/pi/ugv_ws/install/vizanti_server/share/vizanti_server//public/templates/simplegoal/simplegoal_script.js
[1.571s] -- Up-to-date symlink: /home/pi/ugv_ws/install/vizanti_server/share/vizanti_server//public/templates/simplegoal/simplegoal_view.html
[1.585s] -- Up-to-date symlink: /home/pi/ugv_ws/install/vizanti_server/share/vizanti_server//public/templates/teleop/teleop_icon.html
[1.586s] -- Up-to-date symlink: /home/pi/ugv_ws/install/vizanti_server/share/vizanti_server//public/templates/teleop/teleop_modal.html
[1.587s] -- Up-to-date symlink: /home/pi/ugv_ws/install/vizanti_server/share/vizanti_server//public/templates/teleop/teleop_script.js
[1.588s] -- Up-to-date symlink: /home/pi/ugv_ws/install/vizanti_server/share/vizanti_server//public/templates/teleop/teleop_view.html
[1.589s] -- Up-to-date symlink: /home/pi/ugv_ws/install/vizanti_server/share/vizanti_server//public/templates/temperature/temperature_icon.html
[1.589s] -- Up-to-date symlink: /home/pi/ugv_ws/install/vizanti_server/share/vizanti_server//public/templates/temperature/temperature_modal.html
[1.590s] -- Up-to-date symlink: /home/pi/ugv_ws/install/vizanti_server/share/vizanti_server//public/templates/temperature/temperature_script.js
[1.591s] -- Up-to-date symlink: /home/pi/ugv_ws/install/vizanti_server/share/vizanti_server//public/templates/tf/tf_icon.html
[1.592s] -- Up-to-date symlink: /home/pi/ugv_ws/install/vizanti_server/share/vizanti_server//public/templates/tf/tf_modal.html
[1.593s] -- Up-to-date symlink: /home/pi/ugv_ws/install/vizanti_server/share/vizanti_server//public/templates/tf/tf_script.js
[1.594s] -- Up-to-date symlink: /home/pi/ugv_ws/install/vizanti_server/share/vizanti_server//public/templates/tf/tf_view.html
[1.595s] -- Up-to-date symlink: /home/pi/ugv_ws/install/vizanti_server/share/vizanti_server//public/templates/waypoints/waypoints_icon.html
[1.596s] -- Up-to-date symlink: /home/pi/ugv_ws/install/vizanti_server/share/vizanti_server//public/templates/waypoints/waypoints_modal.html
[1.614s] -- Up-to-date symlink: /home/pi/ugv_ws/install/vizanti_server/share/vizanti_server//public/templates/waypoints/waypoints_script.js
[1.615s] -- Up-to-date symlink: /home/pi/ugv_ws/install/vizanti_server/share/vizanti_server//public/templates/waypoints/waypoints_view.html
[1.616s] -- Up-to-date symlink: /home/pi/ugv_ws/install/vizanti_server/lib/vizanti_server/server.py
[1.617s] -- Up-to-date symlink: /home/pi/ugv_ws/install/vizanti_server/lib/vizanti_server/service_handler.py
[1.618s] -- Up-to-date symlink: /home/pi/ugv_ws/install/vizanti_server/lib/vizanti_server/rosapi_launch.py
[1.641s] -- Up-to-date symlink: /home/pi/ugv_ws/install/vizanti_server/share/ament_index/resource_index/package_run_dependencies/vizanti_server
[1.643s] -- Up-to-date symlink: /home/pi/ugv_ws/install/vizanti_server/share/ament_index/resource_index/parent_prefix_path/vizanti_server
[1.644s] -- Up-to-date symlink: /home/pi/ugv_ws/install/vizanti_server/share/vizanti_server/environment/ament_prefix_path.sh
[1.650s] -- Up-to-date symlink: /home/pi/ugv_ws/install/vizanti_server/share/vizanti_server/environment/ament_prefix_path.dsv
[1.651s] -- Up-to-date symlink: /home/pi/ugv_ws/install/vizanti_server/share/vizanti_server/environment/path.sh
[1.653s] -- Up-to-date symlink: /home/pi/ugv_ws/install/vizanti_server/share/vizanti_server/environment/path.dsv
[1.654s] -- Up-to-date symlink: /home/pi/ugv_ws/install/vizanti_server/share/vizanti_server/local_setup.bash
[1.662s] -- Up-to-date symlink: /home/pi/ugv_ws/install/vizanti_server/share/vizanti_server/local_setup.sh
[1.664s] -- Up-to-date symlink: /home/pi/ugv_ws/install/vizanti_server/share/vizanti_server/local_setup.zsh
[1.666s] -- Up-to-date symlink: /home/pi/ugv_ws/install/vizanti_server/share/vizanti_server/local_setup.dsv
[1.682s] -- Symlinking: /home/pi/ugv_ws/install/vizanti_server/share/vizanti_server/package.dsv
[1.799s] -- Up-to-date symlink: /home/pi/ugv_ws/install/vizanti_server/share/ament_index/resource_index/packages/vizanti_server
[1.800s] -- Up-to-date symlink: /home/pi/ugv_ws/install/vizanti_server/share/vizanti_server/cmake/vizanti_serverConfig.cmake
[1.801s] -- Up-to-date symlink: /home/pi/ugv_ws/install/vizanti_server/share/vizanti_server/cmake/vizanti_serverConfig-version.cmake
[1.802s] -- Up-to-date symlink: /home/pi/ugv_ws/install/vizanti_server/share/vizanti_server/package.xml
[1.817s] Invoked command in '/home/pi/ugv_ws/build/vizanti_server' returned '0': AMENT_PREFIX_PATH=/home/pi/ugv_ws/install/vizanti_msgs:${AMENT_PREFIX_PATH} CMAKE_PREFIX_PATH=/home/pi/ugv_ws/install/vizanti_msgs:/opt/ros/humble LD_LIBRARY_PATH=/home/pi/ugv_ws/install/vizanti_msgs/lib:${LD_LIBRARY_PATH} PYTHONPATH=/home/pi/ugv_ws/install/vizanti_msgs/local/lib/python3.10/dist-packages:${PYTHONPATH} /usr/bin/cmake --install /home/pi/ugv_ws/build/vizanti_server
