[15.516s] Invoking command in '/home/pi/ugv_ws/build/ugv_vision': PYTHONPATH=/home/pi/ugv_ws/build/ugv_vision/prefix_override:/usr/lib/python3/dist-packages/colcon_core/task/python/colcon_distutils_commands:/home/pi/ugv_ws/install/ugv_vision/lib/python3.10/site-packages:${PYTHONPATH} /usr/bin/python3 -W ignore:setup.py install is deprecated -W ignore:easy_install command is deprecated setup.py develop --editable --build-directory /home/pi/ugv_ws/build/ugv_vision/build --no-deps symlink_data
[18.872s] running develop
[21.994s] running egg_info
[21.995s] writing ugv_vision.egg-info/PKG-INFO
[22.012s] writing dependency_links to ugv_vision.egg-info/dependency_links.txt
[22.019s] writing entry points to ugv_vision.egg-info/entry_points.txt
[22.028s] writing requirements to ugv_vision.egg-info/requires.txt
[22.036s] writing top-level names to ugv_vision.egg-info/top_level.txt
[22.077s] reading manifest file 'ugv_vision.egg-info/SOURCES.txt'
[22.083s] writing manifest file 'ugv_vision.egg-info/SOURCES.txt'
[22.104s] running build_ext
[22.104s] Creating /home/pi/ugv_ws/install/ugv_vision/lib/python3.10/site-packages/ugv-vision.egg-link (link to .)
[22.119s] Installing apriltag_ctrl script to /home/pi/ugv_ws/install/ugv_vision/lib/ugv_vision
[22.120s] Installing apriltag_track_0 script to /home/pi/ugv_ws/install/ugv_vision/lib/ugv_vision
[22.121s] Installing apriltag_track_1 script to /home/pi/ugv_ws/install/ugv_vision/lib/ugv_vision
[22.122s] Installing apriltag_track_2 script to /home/pi/ugv_ws/install/ugv_vision/lib/ugv_vision
[22.128s] Installing color_track script to /home/pi/ugv_ws/install/ugv_vision/lib/ugv_vision
[22.130s] Installing gesture_ctrl script to /home/pi/ugv_ws/install/ugv_vision/lib/ugv_vision
[22.132s] Installing kcf_track script to /home/pi/ugv_ws/install/ugv_vision/lib/ugv_vision
[22.142s] 
[22.143s] Installed /home/pi/ugv_ws/build/ugv_vision
[22.143s] running symlink_data
[23.052s] Invoked command in '/home/pi/ugv_ws/build/ugv_vision' returned '0': PYTHONPATH=/home/pi/ugv_ws/build/ugv_vision/prefix_override:/usr/lib/python3/dist-packages/colcon_core/task/python/colcon_distutils_commands:/home/pi/ugv_ws/install/ugv_vision/lib/python3.10/site-packages:${PYTHONPATH} /usr/bin/python3 -W ignore:setup.py install is deprecated -W ignore:easy_install command is deprecated setup.py develop --editable --build-directory /home/pi/ugv_ws/build/ugv_vision/build --no-deps symlink_data
