[0.041s] Invoking command in '/home/pi/ugv_ws/build/openslam_gmapping': CMAKE_PREFIX_PATH=/opt/ros/humble /usr/bin/cmake /home/pi/ugv_ws/src/ugv_else/gmapping/openslam_gmapping -DAMENT_CMAKE_SYMLINK_INSTALL=1 -DCMAKE_INSTALL_PREFIX=/home/pi/ugv_ws/install/openslam_gmapping
[0.343s] -- The C compiler identification is GNU 11.4.0
[0.662s] -- The CXX compiler identification is GNU 11.4.0
[0.718s] -- Detecting C compiler ABI info
[1.390s] -- Detecting C compiler ABI info - done
[1.420s] -- Check for working C compiler: /usr/bin/cc - skipped
[1.421s] -- Detecting C compile features
[1.423s] -- Detecting C compile features - done
[1.438s] -- Detecting CXX compiler ABI info
[1.995s] -- Detecting CXX compiler ABI info - done
[2.029s] -- Check for working CXX compiler: /usr/bin/c++ - skipped
[2.032s] -- Detecting CXX compile features
[2.038s] -- Detecting CXX compile features - done
[2.075s] -- Found ament_cmake: 1.3.11 (/opt/ros/humble/share/ament_cmake/cmake)
[3.120s] -- Found Python3: /usr/bin/python3 (found version "3.10.12") found components: Interpreter 
[3.604s] -- Override CMake install command with custom implementation using symlinks instead of copying resources
[4.601s] -- Configuring done
[4.754s] -- Generating done
[4.799s] -- Build files have been written to: /home/pi/ugv_ws/build/openslam_gmapping
[4.841s] Invoked command in '/home/pi/ugv_ws/build/openslam_gmapping' returned '0': CMAKE_PREFIX_PATH=/opt/ros/humble /usr/bin/cmake /home/pi/ugv_ws/src/ugv_else/gmapping/openslam_gmapping -DAMENT_CMAKE_SYMLINK_INSTALL=1 -DCMAKE_INSTALL_PREFIX=/home/pi/ugv_ws/install/openslam_gmapping
[4.844s] Invoking command in '/home/pi/ugv_ws/build/openslam_gmapping': CMAKE_PREFIX_PATH=/opt/ros/humble /usr/bin/cmake --build /home/pi/ugv_ws/build/openslam_gmapping -- -j4 -l4
[5.100s] [  4%] [32mBuilding CXX object utils/CMakeFiles/utils.dir/movement.cpp.o[0m
[9.087s] [  9%] [32mBuilding CXX object utils/CMakeFiles/utils.dir/stat.cpp.o[0m
[10.987s] [ 13%] [32m[1mLinking CXX static library libutils.a[0m
[11.191s] [ 13%] Built target utils
[11.302s] [ 18%] [32mBuilding CXX object sensor/sensor_base/CMakeFiles/sensor_base.dir/sensor.cpp.o[0m
[12.571s] [ 22%] [32mBuilding CXX object sensor/sensor_base/CMakeFiles/sensor_base.dir/sensorreading.cpp.o[0m
[13.762s] [ 27%] [32m[1mLinking CXX static library libsensor_base.a[0m
[13.957s] [ 27%] Built target sensor_base
[14.065s] [ 31%] [32mBuilding CXX object sensor/sensor_range/CMakeFiles/sensor_range.dir/rangereading.cpp.o[0m
[16.701s] [ 36%] [32mBuilding CXX object sensor/sensor_range/CMakeFiles/sensor_range.dir/rangesensor.cpp.o[0m
[18.817s] [ 40%] [32m[1mLinking CXX static library libsensor_range.a[0m
[19.010s] [ 40%] Built target sensor_range
[19.110s] [ 45%] [32mBuilding CXX object sensor/sensor_odometry/CMakeFiles/sensor_odometry.dir/odometryreading.cpp.o[0m
[20.993s] [ 50%] [32mBuilding CXX object sensor/sensor_odometry/CMakeFiles/sensor_odometry.dir/odometrysensor.cpp.o[0m
[22.871s] [ 54%] [32m[1mLinking CXX static library libsensor_odometry.a[0m
[23.067s] [ 54%] Built target sensor_odometry
[23.157s] [ 59%] [32mBuilding CXX object scanmatcher/CMakeFiles/scanmatcher.dir/eig3.cpp.o[0m
[24.101s] [ 63%] [32mBuilding CXX object scanmatcher/CMakeFiles/scanmatcher.dir/smmap.cpp.o[0m
[25.996s] [ 68%] [32mBuilding CXX object scanmatcher/CMakeFiles/scanmatcher.dir/scanmatcherprocessor.cpp.o[0m
[30.093s] [ 72%] [32mBuilding CXX object scanmatcher/CMakeFiles/scanmatcher.dir/scanmatcher.cpp.o[0m
[37.236s] [ 77%] [32m[1mLinking CXX static library libscanmatcher.a[0m
[37.446s] [ 77%] Built target scanmatcher
[37.557s] [ 81%] [32mBuilding CXX object gridfastslam/CMakeFiles/gridfastslam.dir/gfsreader.cpp.o[0m
[43.934s] [ 86%] [32mBuilding CXX object gridfastslam/CMakeFiles/gridfastslam.dir/motionmodel.cpp.o[0m
[45.924s] [ 90%] [32mBuilding CXX object gridfastslam/CMakeFiles/gridfastslam.dir/gridslamprocessor_tree.cpp.o[0m
[50.362s] [ 95%] [32mBuilding CXX object gridfastslam/CMakeFiles/gridfastslam.dir/gridslamprocessor.cpp.o[0m
[59.448s] [100%] [32m[1mLinking CXX static library libgridfastslam.a[0m
[59.628s] [100%] Built target gridfastslam
[59.687s] Invoked command in '/home/pi/ugv_ws/build/openslam_gmapping' returned '0': CMAKE_PREFIX_PATH=/opt/ros/humble /usr/bin/cmake --build /home/pi/ugv_ws/build/openslam_gmapping -- -j4 -l4
[59.689s] Invoking command in '/home/pi/ugv_ws/build/openslam_gmapping': CMAKE_PREFIX_PATH=/opt/ros/humble /usr/bin/cmake --install /home/pi/ugv_ws/build/openslam_gmapping
[59.734s] -- Install configuration: ""
[59.737s] -- Execute custom install script
[59.739s] -- Symlinking: /home/pi/ugv_ws/install/openslam_gmapping/lib/libgridfastslam.a
[59.779s] -- Symlinking: /home/pi/ugv_ws/install/openslam_gmapping/lib/libscanmatcher.a
[59.824s] -- Symlinking: /home/pi/ugv_ws/install/openslam_gmapping/lib/libsensor_base.a
[59.867s] -- Symlinking: /home/pi/ugv_ws/install/openslam_gmapping/share/openslam_gmapping/environment/library_path.sh
[59.907s] -- Symlinking: /home/pi/ugv_ws/install/openslam_gmapping/share/openslam_gmapping/environment/library_path.dsv
[59.951s] -- Up-to-date symlink: /home/pi/ugv_ws/install/openslam_gmapping/share/openslam_gmapping/environment/library_path.sh
[59.953s] -- Up-to-date symlink: /home/pi/ugv_ws/install/openslam_gmapping/share/openslam_gmapping/environment/library_path.dsv
[59.955s] -- Symlinking: /home/pi/ugv_ws/install/openslam_gmapping/lib/libsensor_odometry.a
[60.004s] -- Symlinking: /home/pi/ugv_ws/install/openslam_gmapping/lib/libsensor_range.a
[60.049s] -- Symlinking: /home/pi/ugv_ws/install/openslam_gmapping/lib/libutils.a
[60.093s] -- Up-to-date symlink: /home/pi/ugv_ws/install/openslam_gmapping/share/openslam_gmapping/environment/library_path.sh
[60.095s] -- Up-to-date symlink: /home/pi/ugv_ws/install/openslam_gmapping/share/openslam_gmapping/environment/library_path.dsv
[60.096s] -- Up-to-date symlink: /home/pi/ugv_ws/install/openslam_gmapping/share/openslam_gmapping/environment/library_path.sh
[60.098s] -- Up-to-date symlink: /home/pi/ugv_ws/install/openslam_gmapping/share/openslam_gmapping/environment/library_path.dsv
[60.106s] -- Symlinking: /home/pi/ugv_ws/install/openslam_gmapping/include//gmapping/grid/accessstate.h
[60.149s] -- Symlinking: /home/pi/ugv_ws/install/openslam_gmapping/include//gmapping/grid/array2d.h
[60.189s] -- Symlinking: /home/pi/ugv_ws/install/openslam_gmapping/include//gmapping/grid/harray2d.h
[60.236s] -- Symlinking: /home/pi/ugv_ws/install/openslam_gmapping/include//gmapping/grid/map.h
[60.289s] -- Symlinking: /home/pi/ugv_ws/install/openslam_gmapping/include//gmapping/gridfastslam/gridslamprocessor.h
[60.329s] -- Symlinking: /home/pi/ugv_ws/install/openslam_gmapping/include//gmapping/gridfastslam/gridslamprocessor.hxx
[60.376s] -- Symlinking: /home/pi/ugv_ws/install/openslam_gmapping/include//gmapping/gridfastslam/motionmodel.h
[60.418s] -- Symlinking: /home/pi/ugv_ws/install/openslam_gmapping/include//gmapping/log/configuration.h
[60.466s] -- Symlinking: /home/pi/ugv_ws/install/openslam_gmapping/include//gmapping/log/sensorlog.h
[60.511s] -- Symlinking: /home/pi/ugv_ws/install/openslam_gmapping/include//gmapping/particlefilter/particlefilter.h
[60.559s] -- Symlinking: /home/pi/ugv_ws/install/openslam_gmapping/include//gmapping/scanmatcher/icp.h
[60.609s] -- Symlinking: /home/pi/ugv_ws/install/openslam_gmapping/include//gmapping/scanmatcher/scanmatcher.h
[60.655s] -- Symlinking: /home/pi/ugv_ws/install/openslam_gmapping/include//gmapping/scanmatcher/smmap.h
[60.694s] -- Symlinking: /home/pi/ugv_ws/install/openslam_gmapping/include//gmapping/sensor/sensor_base/sensor.h
[60.733s] -- Symlinking: /home/pi/ugv_ws/install/openslam_gmapping/include//gmapping/sensor/sensor_base/sensorreading.h
[60.777s] -- Symlinking: /home/pi/ugv_ws/install/openslam_gmapping/include//gmapping/sensor/sensor_odometry/odometryreading.h
[60.833s] -- Symlinking: /home/pi/ugv_ws/install/openslam_gmapping/include//gmapping/sensor/sensor_odometry/odometrysensor.h
[60.879s] -- Symlinking: /home/pi/ugv_ws/install/openslam_gmapping/include//gmapping/sensor/sensor_range/rangereading.h
[60.922s] -- Symlinking: /home/pi/ugv_ws/install/openslam_gmapping/include//gmapping/sensor/sensor_range/rangesensor.h
[60.963s] -- Symlinking: /home/pi/ugv_ws/install/openslam_gmapping/include//gmapping/utils/autoptr.h
[61.004s] -- Symlinking: /home/pi/ugv_ws/install/openslam_gmapping/include//gmapping/utils/commandline.h
[61.049s] -- Symlinking: /home/pi/ugv_ws/install/openslam_gmapping/include//gmapping/utils/gvalues.h
[61.103s] -- Symlinking: /home/pi/ugv_ws/install/openslam_gmapping/include//gmapping/utils/macro_params.h
[61.150s] -- Symlinking: /home/pi/ugv_ws/install/openslam_gmapping/include//gmapping/utils/point.h
[61.199s] -- Symlinking: /home/pi/ugv_ws/install/openslam_gmapping/include//gmapping/utils/stat.h
[61.244s] -- Symlinking: /home/pi/ugv_ws/install/openslam_gmapping/share/ament_index/resource_index/package_run_dependencies/openslam_gmapping
[61.295s] -- Symlinking: /home/pi/ugv_ws/install/openslam_gmapping/share/ament_index/resource_index/parent_prefix_path/openslam_gmapping
[61.340s] -- Symlinking: /home/pi/ugv_ws/install/openslam_gmapping/share/openslam_gmapping/environment/ament_prefix_path.sh
[61.384s] -- Symlinking: /home/pi/ugv_ws/install/openslam_gmapping/share/openslam_gmapping/environment/ament_prefix_path.dsv
[61.430s] -- Symlinking: /home/pi/ugv_ws/install/openslam_gmapping/share/openslam_gmapping/environment/path.sh
[61.474s] -- Symlinking: /home/pi/ugv_ws/install/openslam_gmapping/share/openslam_gmapping/environment/path.dsv
[61.513s] -- Symlinking: /home/pi/ugv_ws/install/openslam_gmapping/share/openslam_gmapping/local_setup.bash
[61.556s] -- Symlinking: /home/pi/ugv_ws/install/openslam_gmapping/share/openslam_gmapping/local_setup.sh
[61.603s] -- Symlinking: /home/pi/ugv_ws/install/openslam_gmapping/share/openslam_gmapping/local_setup.zsh
[61.646s] -- Symlinking: /home/pi/ugv_ws/install/openslam_gmapping/share/openslam_gmapping/local_setup.dsv
[61.690s] -- Symlinking: /home/pi/ugv_ws/install/openslam_gmapping/share/openslam_gmapping/package.dsv
[61.730s] -- Symlinking: /home/pi/ugv_ws/install/openslam_gmapping/share/ament_index/resource_index/packages/openslam_gmapping
[61.772s] -- Symlinking: /home/pi/ugv_ws/install/openslam_gmapping/share/openslam_gmapping/cmake/ament_cmake_export_libraries-extras.cmake
[61.817s] -- Symlinking: /home/pi/ugv_ws/install/openslam_gmapping/share/openslam_gmapping/cmake/ament_cmake_export_include_directories-extras.cmake
[61.864s] -- Symlinking: /home/pi/ugv_ws/install/openslam_gmapping/share/openslam_gmapping/cmake/openslam_gmappingConfig.cmake
[61.915s] -- Symlinking: /home/pi/ugv_ws/install/openslam_gmapping/share/openslam_gmapping/cmake/openslam_gmappingConfig-version.cmake
[61.968s] -- Symlinking: /home/pi/ugv_ws/install/openslam_gmapping/share/openslam_gmapping/package.xml
[62.037s] Invoked command in '/home/pi/ugv_ws/build/openslam_gmapping' returned '0': CMAKE_PREFIX_PATH=/opt/ros/humble /usr/bin/cmake --install /home/pi/ugv_ws/build/openslam_gmapping
