[0.034s] Invoking command in '/home/pi/ugv_ws/build/emcl2': CMAKE_PREFIX_PATH=/opt/ros/humble /usr/bin/cmake /home/pi/ugv_ws/src/ugv_else/emcl2_ros2 -DAMENT_CMAKE_SYMLINK_INSTALL=1 -DCMAKE_INSTALL_PREFIX=/home/pi/ugv_ws/install/emcl2
[0.378s] -- The C compiler identification is GNU 11.4.0
[0.689s] -- The CXX compiler identification is GNU 11.4.0
[0.725s] -- Detecting C compiler ABI info
[1.103s] -- Detecting C compiler ABI info - done
[1.133s] -- Check for working C compiler: /usr/bin/cc - skipped
[1.136s] -- Detecting C compile features
[1.139s] -- Detecting C compile features - done
[1.155s] -- Detecting CXX compiler ABI info
[1.564s] -- Detecting CXX compiler ABI info - done
[1.596s] -- Check for working CXX compiler: /usr/bin/c++ - skipped
[1.598s] -- Detecting CXX compile features
[1.602s] -- Detecting CXX compile features - done
[1.632s] -- Found ament_cmake_auto: 1.3.11 (/opt/ros/humble/share/ament_cmake_auto/cmake)
[2.772s] -- Found Python3: /usr/bin/python3 (found version "3.10.12") found components: Interpreter 
[3.207s] -- Override CMake install command with custom implementation using symlinks instead of copying resources
[4.509s] -- Found rosidl_generator_c: 3.1.6 (/opt/ros/humble/share/rosidl_generator_c/cmake)
[4.569s] -- Found rosidl_adapter: 3.1.6 (/opt/ros/humble/share/rosidl_adapter/cmake)
[4.647s] -- Found rosidl_generator_cpp: 3.1.6 (/opt/ros/humble/share/rosidl_generator_cpp/cmake)
[4.750s] -- Using all available rosidl_typesupport_c: rosidl_typesupport_fastrtps_c;rosidl_typesupport_introspection_c
[4.893s] -- Using all available rosidl_typesupport_cpp: rosidl_typesupport_fastrtps_cpp;rosidl_typesupport_introspection_cpp
[5.302s] -- Found rmw_implementation_cmake: 6.1.2 (/opt/ros/humble/share/rmw_implementation_cmake/cmake)
[5.334s] -- Found rmw_fastrtps_cpp: 6.2.7 (/opt/ros/humble/share/rmw_fastrtps_cpp/cmake)
[6.021s] -- Found OpenSSL: /usr/lib/aarch64-linux-gnu/libcrypto.so (found version "3.0.2")  
[6.341s] -- Found FastRTPS: /opt/ros/humble/include  
[6.848s] -- Using RMW implementation 'rmw_fastrtps_cpp' as default
[6.958s] -- Looking for pthread.h
[7.402s] -- Looking for pthread.h - found
[7.405s] -- Performing Test CMAKE_HAVE_LIBC_PTHREAD
[7.825s] -- Performing Test CMAKE_HAVE_LIBC_PTHREAD - Success
[7.831s] -- Found Threads: TRUE  
[9.836s] -- Found eigen3_cmake_module: 0.1.1 (/opt/ros/humble/share/eigen3_cmake_module/cmake)
[9.844s] -- Found Eigen3: TRUE (found version "3.4.0") 
[9.845s] -- Ensuring Eigen3 include directory is part of orocos-kdl CMake target
[9.983s] -- Found ament_lint_auto: 0.12.11 (/opt/ros/humble/share/ament_lint_auto/cmake)
[10.246s] -- Added test 'cppcheck' to perform static code analysis on C / C++ code
[10.247s] -- Configured cppcheck include dirs: /home/pi/ugv_ws/src/ugv_else/emcl2_ros2/include
[10.248s] -- Configured cppcheck exclude dirs and/or files: 
[10.252s] -- Added test 'flake8' to check Python code syntax and style conventions
[10.260s] -- Added test 'lint_cmake' to check CMake code style
[10.265s] -- Added test 'pep257' to check Python code against some of the docstring style conventions in PEP 257
[10.287s] -- Added test 'uncrustify' to check C / C++ code style
[10.288s] -- Configured uncrustify additional arguments: 
[10.292s] -- Added test 'xmllint' to check XML markup files
[10.316s] -- Configuring done
[10.417s] -- Generating done
[10.445s] -- Build files have been written to: /home/pi/ugv_ws/build/emcl2
[10.514s] Invoked command in '/home/pi/ugv_ws/build/emcl2' returned '0': CMAKE_PREFIX_PATH=/opt/ros/humble /usr/bin/cmake /home/pi/ugv_ws/src/ugv_else/emcl2_ros2 -DAMENT_CMAKE_SYMLINK_INSTALL=1 -DCMAKE_INSTALL_PREFIX=/home/pi/ugv_ws/install/emcl2
[10.516s] Invoking command in '/home/pi/ugv_ws/build/emcl2': CMAKE_PREFIX_PATH=/opt/ros/humble /usr/bin/cmake --build /home/pi/ugv_ws/build/emcl2 -- -j4 -l4
[10.770s] [ 11%] [32mBuilding CXX object CMakeFiles/emcl2_node.dir/src/Mcl.cpp.o[0m
[32.275s] [ 22%] [32mBuilding CXX object CMakeFiles/emcl2_node.dir/src/OdomModel.cpp.o[0m
[35.900s] [ 33%] [32mBuilding CXX object CMakeFiles/emcl2_node.dir/src/Pose.cpp.o[0m
[39.402s] [ 44%] [32mBuilding CXX object CMakeFiles/emcl2_node.dir/src/Scan.cpp.o[0m
[42.690s] [ 55%] [32mBuilding CXX object CMakeFiles/emcl2_node.dir/src/LikelihoodFieldMap.cpp.o[0m
[49.558s] [ 66%] [32mBuilding CXX object CMakeFiles/emcl2_node.dir/src/emcl2_node.cpp.o[0m
[187.108s] [ 77%] [32mBuilding CXX object CMakeFiles/emcl2_node.dir/src/Particle.cpp.o[0m
[193.357s] [ 88%] [32mBuilding CXX object CMakeFiles/emcl2_node.dir/src/ExpResetMcl2.cpp.o[0m
[213.665s] [100%] [32m[1mLinking CXX executable emcl2_node[0m
[215.437s] [100%] Built target emcl2_node
[215.506s] Invoked command in '/home/pi/ugv_ws/build/emcl2' returned '0': CMAKE_PREFIX_PATH=/opt/ros/humble /usr/bin/cmake --build /home/pi/ugv_ws/build/emcl2 -- -j4 -l4
[215.509s] Invoking command in '/home/pi/ugv_ws/build/emcl2': CMAKE_PREFIX_PATH=/opt/ros/humble /usr/bin/cmake --install /home/pi/ugv_ws/build/emcl2
[215.561s] -- Install configuration: ""
[215.565s] -- Execute custom install script
[215.569s] -- Symlinking: /home/pi/ugv_ws/install/emcl2/lib/emcl2/test.bash
[215.613s] -- Symlinking: /home/pi/ugv_ws/install/emcl2/lib/emcl2/test_gui.bash
[215.662s] -- Symlinking: /home/pi/ugv_ws/install/emcl2/include/emcl2/ExpResetMcl2.h
[215.703s] -- Symlinking: /home/pi/ugv_ws/install/emcl2/include/emcl2/LikelihoodFieldMap.h
[215.745s] -- Symlinking: /home/pi/ugv_ws/install/emcl2/include/emcl2/Mcl.h
[215.788s] -- Symlinking: /home/pi/ugv_ws/install/emcl2/include/emcl2/OdomModel.h
[215.831s] -- Symlinking: /home/pi/ugv_ws/install/emcl2/include/emcl2/Particle.h
[215.874s] -- Symlinking: /home/pi/ugv_ws/install/emcl2/include/emcl2/Pose.h
[215.922s] -- Symlinking: /home/pi/ugv_ws/install/emcl2/include/emcl2/Scan.h
[215.968s] -- Symlinking: /home/pi/ugv_ws/install/emcl2/include/emcl2/emcl2_node.h
[216.013s] -- Symlinking: /home/pi/ugv_ws/install/emcl2/lib/emcl2/emcl2_node
[216.061s] -- Symlinking: /home/pi/ugv_ws/install/emcl2/share/emcl2/config/emcl2.param.yaml
[216.113s] -- Symlinking: /home/pi/ugv_ws/install/emcl2/share/emcl2/config/emcl2_quick_start.param.yaml
[216.161s] -- Symlinking: /home/pi/ugv_ws/install/emcl2/share/emcl2/launch/emcl2.launch.py
[216.207s] -- Symlinking: /home/pi/ugv_ws/install/emcl2/share/emcl2/test/demo.bash
[216.252s] -- Symlinking: /home/pi/ugv_ws/install/emcl2/share/emcl2/test/test.bash
[216.298s] -- Symlinking: /home/pi/ugv_ws/install/emcl2/share/emcl2/test/test.launch.xml
[216.342s] -- Symlinking: /home/pi/ugv_ws/install/emcl2/share/emcl2/test/test_gui.bash
[216.393s] -- Symlinking: /home/pi/ugv_ws/install/emcl2/share/ament_index/resource_index/package_run_dependencies/emcl2
[216.445s] -- Symlinking: /home/pi/ugv_ws/install/emcl2/share/ament_index/resource_index/parent_prefix_path/emcl2
[216.492s] -- Symlinking: /home/pi/ugv_ws/install/emcl2/share/emcl2/environment/ament_prefix_path.sh
[216.537s] -- Symlinking: /home/pi/ugv_ws/install/emcl2/share/emcl2/environment/ament_prefix_path.dsv
[216.584s] -- Symlinking: /home/pi/ugv_ws/install/emcl2/share/emcl2/environment/path.sh
[216.629s] -- Symlinking: /home/pi/ugv_ws/install/emcl2/share/emcl2/environment/path.dsv
[216.676s] -- Symlinking: /home/pi/ugv_ws/install/emcl2/share/emcl2/local_setup.bash
[216.722s] -- Symlinking: /home/pi/ugv_ws/install/emcl2/share/emcl2/local_setup.sh
[216.775s] -- Symlinking: /home/pi/ugv_ws/install/emcl2/share/emcl2/local_setup.zsh
[216.826s] -- Symlinking: /home/pi/ugv_ws/install/emcl2/share/emcl2/local_setup.dsv
[216.884s] -- Symlinking: /home/pi/ugv_ws/install/emcl2/share/emcl2/package.dsv
[216.934s] -- Symlinking: /home/pi/ugv_ws/install/emcl2/share/ament_index/resource_index/packages/emcl2
[216.986s] -- Symlinking: /home/pi/ugv_ws/install/emcl2/share/emcl2/cmake/ament_cmake_export_dependencies-extras.cmake
[217.034s] -- Symlinking: /home/pi/ugv_ws/install/emcl2/share/emcl2/cmake/ament_cmake_export_include_directories-extras.cmake
[217.086s] -- Symlinking: /home/pi/ugv_ws/install/emcl2/share/emcl2/cmake/emcl2Config.cmake
[217.134s] -- Symlinking: /home/pi/ugv_ws/install/emcl2/share/emcl2/cmake/emcl2Config-version.cmake
[217.181s] -- Symlinking: /home/pi/ugv_ws/install/emcl2/share/emcl2/package.xml
[217.245s] Invoked command in '/home/pi/ugv_ws/build/emcl2' returned '0': CMAKE_PREFIX_PATH=/opt/ros/humble /usr/bin/cmake --install /home/pi/ugv_ws/build/emcl2
