[0.391s] Invoking command in '/home/pi/ugv_ws/build/apriltag_ros': AMENT_PREFIX_PATH=/home/pi/ugv_ws/install/apriltag_msgs:${AMENT_PREFIX_PATH} CMAKE_PREFIX_PATH=/home/pi/ugv_ws/install/apriltag_msgs:/home/pi/ugv_ws/install/apriltag:/opt/ros/humble LD_LIBRARY_PATH=/home/pi/ugv_ws/install/apriltag_msgs/lib:/home/pi/ugv_ws/install/apriltag/lib:${LD_LIBRARY_PATH} PATH=/home/pi/ugv_ws/install/apriltag/bin:${PATH} PKG_CONFIG_PATH=/home/pi/ugv_ws/install/apriltag/lib/aarch64-linux-gnu/pkgconfig:/home/pi/ugv_ws/install/apriltag/lib/pkgconfig PYTHONPATH=/home/pi/ugv_ws/install/apriltag_msgs/local/lib/python3.10/dist-packages:/home/pi/ugv_ws/install/apriltag/lib/python3.10/site-packages:${PYTHONPATH} /usr/bin/cmake --build /home/pi/ugv_ws/build/apriltag_ros -- -j4 -l4
[1.072s] [35m[1mConsolidate compiler generated dependencies of target tag_detector[0m
[1.582s] [ 50%] Built target tag_detector
[1.699s] [35m[1mConsolidate compiler generated dependencies of target AprilTagNode[0m
[2.105s] [100%] Built target AprilTagNode
[2.521s] Invoked command in '/home/pi/ugv_ws/build/apriltag_ros' returned '0': AMENT_PREFIX_PATH=/home/pi/ugv_ws/install/apriltag_msgs:${AMENT_PREFIX_PATH} CMAKE_PREFIX_PATH=/home/pi/ugv_ws/install/apriltag_msgs:/home/pi/ugv_ws/install/apriltag:/opt/ros/humble LD_LIBRARY_PATH=/home/pi/ugv_ws/install/apriltag_msgs/lib:/home/pi/ugv_ws/install/apriltag/lib:${LD_LIBRARY_PATH} PATH=/home/pi/ugv_ws/install/apriltag/bin:${PATH} PKG_CONFIG_PATH=/home/pi/ugv_ws/install/apriltag/lib/aarch64-linux-gnu/pkgconfig:/home/pi/ugv_ws/install/apriltag/lib/pkgconfig PYTHONPATH=/home/pi/ugv_ws/install/apriltag_msgs/local/lib/python3.10/dist-packages:/home/pi/ugv_ws/install/apriltag/lib/python3.10/site-packages:${PYTHONPATH} /usr/bin/cmake --build /home/pi/ugv_ws/build/apriltag_ros -- -j4 -l4
[2.548s] Invoking command in '/home/pi/ugv_ws/build/apriltag_ros': AMENT_PREFIX_PATH=/home/pi/ugv_ws/install/apriltag_msgs:${AMENT_PREFIX_PATH} CMAKE_PREFIX_PATH=/home/pi/ugv_ws/install/apriltag_msgs:/home/pi/ugv_ws/install/apriltag:/opt/ros/humble LD_LIBRARY_PATH=/home/pi/ugv_ws/install/apriltag_msgs/lib:/home/pi/ugv_ws/install/apriltag/lib:${LD_LIBRARY_PATH} PATH=/home/pi/ugv_ws/install/apriltag/bin:${PATH} PKG_CONFIG_PATH=/home/pi/ugv_ws/install/apriltag/lib/aarch64-linux-gnu/pkgconfig:/home/pi/ugv_ws/install/apriltag/lib/pkgconfig PYTHONPATH=/home/pi/ugv_ws/install/apriltag_msgs/local/lib/python3.10/dist-packages:/home/pi/ugv_ws/install/apriltag/lib/python3.10/site-packages:${PYTHONPATH} /usr/bin/cmake --install /home/pi/ugv_ws/build/apriltag_ros
[2.628s] -- Install configuration: ""
[2.629s] -- Execute custom install script
[2.653s] -- Up-to-date symlink: /home/pi/ugv_ws/install/apriltag_ros/share/apriltag_ros/environment/library_path.sh
[2.656s] -- Up-to-date symlink: /home/pi/ugv_ws/install/apriltag_ros/share/apriltag_ros/environment/library_path.dsv
[2.656s] -- Up-to-date symlink: /home/pi/ugv_ws/install/apriltag_ros/share/apriltag_ros/cfg/tags_16h5_all.yaml
[2.657s] -- Up-to-date symlink: /home/pi/ugv_ws/install/apriltag_ros/share/apriltag_ros/cfg/tags_16h5_filtered.yaml
[2.658s] -- Up-to-date symlink: /home/pi/ugv_ws/install/apriltag_ros/share/apriltag_ros/cfg/tags_36h11_all.yaml
[2.659s] -- Up-to-date symlink: /home/pi/ugv_ws/install/apriltag_ros/share/apriltag_ros/cfg/tags_36h11_filter.yaml
[2.659s] -- Up-to-date symlink: /home/pi/ugv_ws/install/apriltag_ros/share/apriltag_ros/launch/bringup.launch.py
[2.660s] -- Up-to-date symlink: /home/pi/ugv_ws/install/apriltag_ros/share/apriltag_ros/launch/tag_gazebo.launch.py
[2.672s] -- Up-to-date symlink: /home/pi/ugv_ws/install/apriltag_ros/share/apriltag_ros/launch/tag_realsense.launch.py
[2.674s] -- Up-to-date symlink: /home/pi/ugv_ws/install/apriltag_ros/share/ament_index/resource_index/package_run_dependencies/apriltag_ros
[2.676s] -- Up-to-date symlink: /home/pi/ugv_ws/install/apriltag_ros/share/ament_index/resource_index/parent_prefix_path/apriltag_ros
[2.679s] -- Up-to-date symlink: /home/pi/ugv_ws/install/apriltag_ros/share/apriltag_ros/environment/ament_prefix_path.sh
[2.680s] -- Up-to-date symlink: /home/pi/ugv_ws/install/apriltag_ros/share/apriltag_ros/environment/ament_prefix_path.dsv
[2.680s] -- Up-to-date symlink: /home/pi/ugv_ws/install/apriltag_ros/share/apriltag_ros/environment/path.sh
[2.691s] -- Up-to-date symlink: /home/pi/ugv_ws/install/apriltag_ros/share/apriltag_ros/environment/path.dsv
[2.693s] -- Up-to-date symlink: /home/pi/ugv_ws/install/apriltag_ros/share/apriltag_ros/local_setup.bash
[2.694s] -- Up-to-date symlink: /home/pi/ugv_ws/install/apriltag_ros/share/apriltag_ros/local_setup.sh
[2.719s] -- Up-to-date symlink: /home/pi/ugv_ws/install/apriltag_ros/share/apriltag_ros/local_setup.zsh
[2.722s] -- Up-to-date symlink: /home/pi/ugv_ws/install/apriltag_ros/share/apriltag_ros/local_setup.dsv
[2.722s] -- Symlinking: /home/pi/ugv_ws/install/apriltag_ros/share/apriltag_ros/package.dsv
[2.819s] -- Up-to-date symlink: /home/pi/ugv_ws/install/apriltag_ros/share/ament_index/resource_index/packages/apriltag_ros
[2.822s] -- Up-to-date symlink: /home/pi/ugv_ws/install/apriltag_ros/share/ament_index/resource_index/rclcpp_components/apriltag_ros
[2.825s] -- Up-to-date symlink: /home/pi/ugv_ws/install/apriltag_ros/share/apriltag_ros/cmake/ament_cmake_export_dependencies-extras.cmake
[2.829s] -- Up-to-date symlink: /home/pi/ugv_ws/install/apriltag_ros/share/apriltag_ros/cmake/apriltag_rosConfig.cmake
[2.832s] -- Up-to-date symlink: /home/pi/ugv_ws/install/apriltag_ros/share/apriltag_ros/cmake/apriltag_rosConfig-version.cmake
[2.837s] -- Up-to-date symlink: /home/pi/ugv_ws/install/apriltag_ros/share/apriltag_ros/package.xml
[2.841s] -- Up-to-date: /home/pi/ugv_ws/install/apriltag_ros/lib/libAprilTagNode.so
[2.858s] -- Up-to-date: /home/pi/ugv_ws/install/apriltag_ros/bin/tag_detector
[2.887s] Invoked command in '/home/pi/ugv_ws/build/apriltag_ros' returned '0': AMENT_PREFIX_PATH=/home/pi/ugv_ws/install/apriltag_msgs:${AMENT_PREFIX_PATH} CMAKE_PREFIX_PATH=/home/pi/ugv_ws/install/apriltag_msgs:/home/pi/ugv_ws/install/apriltag:/opt/ros/humble LD_LIBRARY_PATH=/home/pi/ugv_ws/install/apriltag_msgs/lib:/home/pi/ugv_ws/install/apriltag/lib:${LD_LIBRARY_PATH} PATH=/home/pi/ugv_ws/install/apriltag/bin:${PATH} PKG_CONFIG_PATH=/home/pi/ugv_ws/install/apriltag/lib/aarch64-linux-gnu/pkgconfig:/home/pi/ugv_ws/install/apriltag/lib/pkgconfig PYTHONPATH=/home/pi/ugv_ws/install/apriltag_msgs/local/lib/python3.10/dist-packages:/home/pi/ugv_ws/install/apriltag/lib/python3.10/site-packages:${PYTHONPATH} /usr/bin/cmake --install /home/pi/ugv_ws/build/apriltag_ros
