[6.037s] Invoking command in '/home/pi/ugv_ws/build/ugv_bringup': PYTHONPATH=/home/pi/ugv_ws/build/ugv_bringup/prefix_override:/usr/lib/python3/dist-packages/colcon_core/task/python/colcon_distutils_commands:/home/pi/ugv_ws/install/ugv_bringup/lib/python3.10/site-packages:${PYTHONPATH} /usr/bin/python3 -W ignore:setup.py install is deprecated -W ignore:easy_install command is deprecated setup.py develop --editable --build-directory /home/pi/ugv_ws/build/ugv_bringup/build --no-deps symlink_data --force
[10.004s] running develop
[12.307s] running egg_info
[12.308s] writing ugv_bringup.egg-info/PKG-INFO
[12.309s] writing dependency_links to ugv_bringup.egg-info/dependency_links.txt
[12.310s] writing entry points to ugv_bringup.egg-info/entry_points.txt
[12.311s] writing requirements to ugv_bringup.egg-info/requires.txt
[12.312s] writing top-level names to ugv_bringup.egg-info/top_level.txt
[12.323s] reading manifest file 'ugv_bringup.egg-info/SOURCES.txt'
[12.360s] writing manifest file 'ugv_bringup.egg-info/SOURCES.txt'
[12.386s] running build_ext
[12.387s] Creating /home/pi/ugv_ws/install/ugv_bringup/lib/python3.10/site-packages/ugv-bringup.egg-link (link to .)
[12.387s] Installing ugv_bringup script to /home/pi/ugv_ws/install/ugv_bringup/lib/ugv_bringup
[12.388s] Installing ugv_driver script to /home/pi/ugv_ws/install/ugv_bringup/lib/ugv_bringup
[12.388s] 
[12.389s] Installed /home/pi/ugv_ws/build/ugv_bringup
[12.389s] running symlink_data
[12.391s] symbolically linking /home/pi/ugv_ws/build/ugv_bringup/resource/ugv_bringup -> /home/pi/ugv_ws/install/ugv_bringup/share/ament_index/resource_index/packages
[12.406s] symbolically linking /home/pi/ugv_ws/build/ugv_bringup/package.xml -> /home/pi/ugv_ws/install/ugv_bringup/share/ugv_bringup
[12.408s] symbolically linking /home/pi/ugv_ws/build/ugv_bringup/launch/bringup_imu_origin.launch.py -> /home/pi/ugv_ws/install/ugv_bringup/share/ugv_bringup/launch
[12.409s] symbolically linking /home/pi/ugv_ws/build/ugv_bringup/launch/bringup_lidar.launch.py -> /home/pi/ugv_ws/install/ugv_bringup/share/ugv_bringup/launch
[12.411s] symbolically linking /home/pi/ugv_ws/build/ugv_bringup/launch/bringup_imu_ekf.launch.py -> /home/pi/ugv_ws/install/ugv_bringup/share/ugv_bringup/launch
[12.412s] symbolically linking /home/pi/ugv_ws/build/ugv_bringup/rviz/view_bringup.rviz -> /home/pi/ugv_ws/install/ugv_bringup/share/ugv_bringup/rviz
[12.413s] symbolically linking /home/pi/ugv_ws/build/ugv_bringup/param/ekf.yaml -> /home/pi/ugv_ws/install/ugv_bringup/share/ugv_bringup/param
[12.414s] symbolically linking /home/pi/ugv_ws/build/ugv_bringup/param/imu_filter_param.yaml -> /home/pi/ugv_ws/install/ugv_bringup/share/ugv_bringup/param
[14.941s] Invoked command in '/home/pi/ugv_ws/build/ugv_bringup' returned '0': PYTHONPATH=/home/pi/ugv_ws/build/ugv_bringup/prefix_override:/usr/lib/python3/dist-packages/colcon_core/task/python/colcon_distutils_commands:/home/pi/ugv_ws/install/ugv_bringup/lib/python3.10/site-packages:${PYTHONPATH} /usr/bin/python3 -W ignore:setup.py install is deprecated -W ignore:easy_install command is deprecated setup.py develop --editable --build-directory /home/pi/ugv_ws/build/ugv_bringup/build --no-deps symlink_data --force
