[0.132s] Invoking command in '/home/pi/ugv_ws/build/ugv_gazebo': CMAKE_PREFIX_PATH=${CMAKE_PREFIX_PATH}:/home/pi/ugv_ws/install/ugv_web_app:/home/pi/ugv_ws/install/ugv_vision:/home/pi/ugv_ws/install/ugv_tools:/home/pi/ugv_ws/install/ugv_chat_ai:/home/pi/ugv_ws/install/ugv_bringup:/opt/ros/humble /usr/bin/cmake --build /home/pi/ugv_ws/build/ugv_gazebo -- -j4 -l4
[0.555s] Invoked command in '/home/pi/ugv_ws/build/ugv_gazebo' returned '0': CMAKE_PREFIX_PATH=${CMAKE_PREFIX_PATH}:/home/pi/ugv_ws/install/ugv_web_app:/home/pi/ugv_ws/install/ugv_vision:/home/pi/ugv_ws/install/ugv_tools:/home/pi/ugv_ws/install/ugv_chat_ai:/home/pi/ugv_ws/install/ugv_bringup:/opt/ros/humble /usr/bin/cmake --build /home/pi/ugv_ws/build/ugv_gazebo -- -j4 -l4
[0.572s] Invoking command in '/home/pi/ugv_ws/build/ugv_gazebo': CMAKE_PREFIX_PATH=${CMAKE_PREFIX_PATH}:/home/pi/ugv_ws/install/ugv_web_app:/home/pi/ugv_ws/install/ugv_vision:/home/pi/ugv_ws/install/ugv_tools:/home/pi/ugv_ws/install/ugv_chat_ai:/home/pi/ugv_ws/install/ugv_bringup:/opt/ros/humble /usr/bin/cmake --install /home/pi/ugv_ws/build/ugv_gazebo
[0.618s] -- Install configuration: ""
[0.622s] -- Execute custom install script
[0.626s] -- Up-to-date symlink: /home/pi/ugv_ws/install/ugv_gazebo/share/ugv_gazebo/rviz/display.rviz
[0.628s] -- Up-to-date symlink: /home/pi/ugv_ws/install/ugv_gazebo/share/ugv_gazebo/rviz/view_nav_2d.rviz
[0.630s] -- Up-to-date symlink: /home/pi/ugv_ws/install/ugv_gazebo/share/ugv_gazebo/rviz/view_nav_3d.rviz
[0.636s] -- Up-to-date symlink: /home/pi/ugv_ws/install/ugv_gazebo/share/ugv_gazebo/rviz/view_slam_2d.rviz
[0.641s] -- Up-to-date symlink: /home/pi/ugv_ws/install/ugv_gazebo/share/ugv_gazebo/rviz/view_slam_3d.rviz
[0.654s] -- Up-to-date symlink: /home/pi/ugv_ws/install/ugv_gazebo/share/ugv_gazebo/launch/bringup/bringup.launch.py
[0.658s] -- Up-to-date symlink: /home/pi/ugv_ws/install/ugv_gazebo/share/ugv_gazebo/launch/bringup/bringup_test.launch.py
[0.661s] -- Up-to-date symlink: /home/pi/ugv_ws/install/ugv_gazebo/share/ugv_gazebo/launch/bringup/robot_state_publisher.launch.py
[0.663s] -- Up-to-date symlink: /home/pi/ugv_ws/install/ugv_gazebo/share/ugv_gazebo/launch/bringup/spawn_ugv.launch.py
[0.665s] -- Up-to-date symlink: /home/pi/ugv_ws/install/ugv_gazebo/share/ugv_gazebo/launch/display.launch.py
[0.669s] -- Up-to-date symlink: /home/pi/ugv_ws/install/ugv_gazebo/share/ugv_gazebo/launch/nav/nav.launch.py
[0.669s] -- Up-to-date symlink: /home/pi/ugv_ws/install/ugv_gazebo/share/ugv_gazebo/launch/nav/nav_rtabmap.launch.py
[0.671s] -- Up-to-date symlink: /home/pi/ugv_ws/install/ugv_gazebo/share/ugv_gazebo/launch/nav/rtabmap_localization_launch.py
[0.676s] -- Up-to-date symlink: /home/pi/ugv_ws/install/ugv_gazebo/share/ugv_gazebo/launch/nav_bringup/bringup_launch_cartographer.launch.py
[0.677s] -- Up-to-date symlink: /home/pi/ugv_ws/install/ugv_gazebo/share/ugv_gazebo/launch/nav_bringup/localization_launch.py
[0.681s] -- Up-to-date symlink: /home/pi/ugv_ws/install/ugv_gazebo/share/ugv_gazebo/launch/nav_bringup/nav2_bringup.launch.py
[0.681s] -- Up-to-date symlink: /home/pi/ugv_ws/install/ugv_gazebo/share/ugv_gazebo/launch/nav_bringup/navigation_launch.py
[0.685s] -- Up-to-date symlink: /home/pi/ugv_ws/install/ugv_gazebo/share/ugv_gazebo/launch/slam/cartographer.launch.py
[0.686s] -- Up-to-date symlink: /home/pi/ugv_ws/install/ugv_gazebo/share/ugv_gazebo/launch/slam/gmapping.launch.py
[0.690s] -- Up-to-date symlink: /home/pi/ugv_ws/install/ugv_gazebo/share/ugv_gazebo/launch/slam/rtabmap_rgbd.launch.py
[0.691s] -- Up-to-date symlink: /home/pi/ugv_ws/install/ugv_gazebo/share/ugv_gazebo/launch/slam_nav/slam_nav.launch.py
[0.695s] -- Up-to-date symlink: /home/pi/ugv_ws/install/ugv_gazebo/share/ugv_gazebo/urdf/rasp_rover.urdf
[0.700s] -- Up-to-date symlink: /home/pi/ugv_ws/install/ugv_gazebo/share/ugv_gazebo/urdf/ugv_beast.urdf
[0.701s] -- Up-to-date symlink: /home/pi/ugv_ws/install/ugv_gazebo/share/ugv_gazebo/urdf/ugv_rover.urdf
[0.712s] -- Up-to-date symlink: /home/pi/ugv_ws/install/ugv_gazebo/share/ugv_gazebo/worlds/ugv_world.world
[0.721s] -- Up-to-date symlink: /home/pi/ugv_ws/install/ugv_gazebo/share/ugv_gazebo/models/rasp_rover/model.config
[0.724s] -- Up-to-date symlink: /home/pi/ugv_ws/install/ugv_gazebo/share/ugv_gazebo/models/rasp_rover/model.sdf
[0.727s] -- Up-to-date symlink: /home/pi/ugv_ws/install/ugv_gazebo/share/ugv_gazebo/models/ugv_beast/model.config
[0.728s] -- Up-to-date symlink: /home/pi/ugv_ws/install/ugv_gazebo/share/ugv_gazebo/models/ugv_beast/model.sdf
[0.730s] -- Up-to-date symlink: /home/pi/ugv_ws/install/ugv_gazebo/share/ugv_gazebo/models/ugv_rover/model.config
[0.733s] -- Up-to-date symlink: /home/pi/ugv_ws/install/ugv_gazebo/share/ugv_gazebo/models/ugv_rover/model.sdf
[0.734s] -- Up-to-date symlink: /home/pi/ugv_ws/install/ugv_gazebo/share/ugv_gazebo/models/world/model.config
[0.736s] -- Up-to-date symlink: /home/pi/ugv_ws/install/ugv_gazebo/share/ugv_gazebo/models/world/model.sdf
[0.740s] -- Up-to-date symlink: /home/pi/ugv_ws/install/ugv_gazebo/share/ugv_gazebo/param/amcl_dwa.yaml
[0.741s] -- Up-to-date symlink: /home/pi/ugv_ws/install/ugv_gazebo/share/ugv_gazebo/param/amcl_teb.yaml
[0.742s] -- Up-to-date symlink: /home/pi/ugv_ws/install/ugv_gazebo/share/ugv_gazebo/param/emcl_dwa.yaml
[0.743s] -- Up-to-date symlink: /home/pi/ugv_ws/install/ugv_gazebo/share/ugv_gazebo/param/emcl_teb.yaml
[0.746s] -- Up-to-date symlink: /home/pi/ugv_ws/install/ugv_gazebo/share/ugv_gazebo/param/rtabmap_dwa.yaml
[0.747s] -- Up-to-date symlink: /home/pi/ugv_ws/install/ugv_gazebo/share/ugv_gazebo/param/rtabmap_teb.yaml
[0.748s] -- Up-to-date symlink: /home/pi/ugv_ws/install/ugv_gazebo/share/ugv_gazebo/param/slam_nav.yaml
[0.752s] -- Up-to-date symlink: /home/pi/ugv_ws/install/ugv_gazebo/share/ugv_gazebo/maps/map.pbstream
[0.752s] -- Up-to-date symlink: /home/pi/ugv_ws/install/ugv_gazebo/share/ugv_gazebo/maps/map.pgm
[0.757s] -- Up-to-date symlink: /home/pi/ugv_ws/install/ugv_gazebo/share/ugv_gazebo/maps/map.yaml
[0.758s] -- Up-to-date symlink: /home/pi/ugv_ws/install/ugv_gazebo/share/ament_index/resource_index/package_run_dependencies/ugv_gazebo
[0.761s] -- Up-to-date symlink: /home/pi/ugv_ws/install/ugv_gazebo/share/ament_index/resource_index/parent_prefix_path/ugv_gazebo
[0.763s] -- Up-to-date symlink: /home/pi/ugv_ws/install/ugv_gazebo/share/ugv_gazebo/environment/ament_prefix_path.sh
[0.764s] -- Up-to-date symlink: /home/pi/ugv_ws/install/ugv_gazebo/share/ugv_gazebo/environment/ament_prefix_path.dsv
[0.766s] -- Up-to-date symlink: /home/pi/ugv_ws/install/ugv_gazebo/share/ugv_gazebo/environment/path.sh
[0.768s] -- Up-to-date symlink: /home/pi/ugv_ws/install/ugv_gazebo/share/ugv_gazebo/environment/path.dsv
[0.771s] -- Up-to-date symlink: /home/pi/ugv_ws/install/ugv_gazebo/share/ugv_gazebo/local_setup.bash
[0.772s] -- Up-to-date symlink: /home/pi/ugv_ws/install/ugv_gazebo/share/ugv_gazebo/local_setup.sh
[0.775s] -- Up-to-date symlink: /home/pi/ugv_ws/install/ugv_gazebo/share/ugv_gazebo/local_setup.zsh
[0.776s] -- Up-to-date symlink: /home/pi/ugv_ws/install/ugv_gazebo/share/ugv_gazebo/local_setup.dsv
[0.777s] -- Symlinking: /home/pi/ugv_ws/install/ugv_gazebo/share/ugv_gazebo/package.dsv
[0.834s] -- Up-to-date symlink: /home/pi/ugv_ws/install/ugv_gazebo/share/ament_index/resource_index/packages/ugv_gazebo
[0.836s] -- Up-to-date symlink: /home/pi/ugv_ws/install/ugv_gazebo/share/ugv_gazebo/cmake/ament_cmake_export_dependencies-extras.cmake
[0.839s] -- Up-to-date symlink: /home/pi/ugv_ws/install/ugv_gazebo/share/ugv_gazebo/cmake/ugv_gazeboConfig.cmake
[0.841s] -- Up-to-date symlink: /home/pi/ugv_ws/install/ugv_gazebo/share/ugv_gazebo/cmake/ugv_gazeboConfig-version.cmake
[0.843s] -- Up-to-date symlink: /home/pi/ugv_ws/install/ugv_gazebo/share/ugv_gazebo/package.xml
[0.876s] Invoked command in '/home/pi/ugv_ws/build/ugv_gazebo' returned '0': CMAKE_PREFIX_PATH=${CMAKE_PREFIX_PATH}:/home/pi/ugv_ws/install/ugv_web_app:/home/pi/ugv_ws/install/ugv_vision:/home/pi/ugv_ws/install/ugv_tools:/home/pi/ugv_ws/install/ugv_chat_ai:/home/pi/ugv_ws/install/ugv_bringup:/opt/ros/humble /usr/bin/cmake --install /home/pi/ugv_ws/build/ugv_gazebo
