-- The C compiler identification is GNU 11.4.0
-- The CXX compiler identification is GNU 11.4.0
-- Detecting C compiler ABI info
-- Detecting C compiler ABI info - done
-- Check for working C compiler: /usr/bin/cc - skipped
-- Detecting C compile features
-- Detecting C compile features - done
-- Detecting CXX compiler ABI info
-- Detecting CXX compiler ABI info - done
-- Check for working CXX compiler: /usr/bin/c++ - skipped
-- Detecting CXX compile features
-- Detecting CXX compile features - done
-- Found rclcpp: 16.0.11 (/opt/ros/humble/share/rclcpp/cmake)
-- Found Python3: /usr/bin/python3 (found version "3.10.12") found components: Interpreter 
-- Override CMake install command with custom implementation using symlinks instead of copying resources
-- Found rosidl_generator_c: 3.1.6 (/opt/ros/humble/share/rosidl_generator_c/cmake)
-- Found rosidl_adapter: 3.1.6 (/opt/ros/humble/share/rosidl_adapter/cmake)
-- Found rosidl_generator_cpp: 3.1.6 (/opt/ros/humble/share/rosidl_generator_cpp/cmake)
-- Using all available rosidl_typesupport_c: rosidl_typesupport_fastrtps_c;rosidl_typesupport_introspection_c
-- Using all available rosidl_typesupport_cpp: rosidl_typesupport_fastrtps_cpp;rosidl_typesupport_introspection_cpp
-- Found rmw_implementation_cmake: 6.1.2 (/opt/ros/humble/share/rmw_implementation_cmake/cmake)
-- Found rmw_fastrtps_cpp: 6.2.7 (/opt/ros/humble/share/rmw_fastrtps_cpp/cmake)
-- Found OpenSSL: /usr/lib/aarch64-linux-gnu/libcrypto.so (found version "3.0.2")  
-- Found FastRTPS: /opt/ros/humble/include  
-- Using RMW implementation 'rmw_fastrtps_cpp' as default
-- Looking for pthread.h
-- Looking for pthread.h - found
-- Performing Test CMAKE_HAVE_LIBC_PTHREAD
-- Performing Test CMAKE_HAVE_LIBC_PTHREAD - Success
-- Found Threads: TRUE  
-- Found rclcpp_components: 16.0.11 (/opt/ros/humble/share/rclcpp_components/cmake)
-- Found sensor_msgs: 4.2.4 (/opt/ros/humble/share/sensor_msgs/cmake)
-- Found tf2_msgs: 0.25.11 (/opt/ros/humble/share/tf2_msgs/cmake)
-- Found tf2_ros: 0.25.11 (/opt/ros/humble/share/tf2_ros/cmake)
-- Found image_transport: 3.1.10 (/opt/ros/humble/share/image_transport/cmake)
-- Found image_geometry: 3.2.1 (/opt/ros/humble/share/image_geometry/cmake)
-- Found cv_bridge: 3.2.1 (/opt/ros/humble/share/cv_bridge/cmake)
-- Found apriltag_msgs: 0.0.0 (/home/pi/ugv_ws/install/apriltag_msgs/share/apriltag_msgs/cmake)
-- Found OpenCV: /usr (found version "4.5.4") 
-- Found ament_lint_auto: 0.12.11 (/opt/ros/humble/share/ament_lint_auto/cmake)
-- Added test 'copyright' to check source files copyright and LICENSE
-- Added test 'cppcheck' to perform static code analysis on C / C++ code
-- Configured cppcheck include dirs: /home/pi/ugv_ws/src/ugv_else/apriltag_ros/apriltag_ros/include
-- Configured cppcheck exclude dirs and/or files: 
-- Added test 'cpplint' to check C / C++ code against the Google style
-- Configured cpplint exclude dirs and/or files: 
-- Added test 'flake8' to check Python code syntax and style conventions
-- Added test 'lint_cmake' to check CMake code style
-- Added test 'pep257' to check Python code against some of the docstring style conventions in PEP 257
-- Added test 'uncrustify' to check C / C++ code style
-- Configured uncrustify additional arguments: 
-- Added test 'xmllint' to check XML markup files
-- Configuring done
-- Generating done
-- Build files have been written to: /home/pi/ugv_ws/build/apriltag_ros
[ 25%] [32mBuilding CXX object CMakeFiles/tag_detector.dir/src/AprilTagNode.cpp.o[0m
[ 50%] [32m[1mLinking CXX executable tag_detector[0m
[ 50%] Built target tag_detector
[ 75%] [32mBuilding CXX object CMakeFiles/AprilTagNode.dir/src/AprilTagNode.cpp.o[0m
[100%] [32m[1mLinking CXX shared library libAprilTagNode.so[0m
[100%] Built target AprilTagNode
-- Install configuration: ""
-- Execute custom install script
-- Symlinking: /home/pi/ugv_ws/install/apriltag_ros/share/apriltag_ros/environment/library_path.sh
-- Symlinking: /home/pi/ugv_ws/install/apriltag_ros/share/apriltag_ros/environment/library_path.dsv
-- Symlinking: /home/pi/ugv_ws/install/apriltag_ros/share/apriltag_ros/cfg/tags_16h5_all.yaml
-- Symlinking: /home/pi/ugv_ws/install/apriltag_ros/share/apriltag_ros/cfg/tags_16h5_filtered.yaml
-- Symlinking: /home/pi/ugv_ws/install/apriltag_ros/share/apriltag_ros/cfg/tags_36h11_all.yaml
-- Symlinking: /home/pi/ugv_ws/install/apriltag_ros/share/apriltag_ros/cfg/tags_36h11_filter.yaml
-- Symlinking: /home/pi/ugv_ws/install/apriltag_ros/share/apriltag_ros/launch/bringup.launch.py
-- Symlinking: /home/pi/ugv_ws/install/apriltag_ros/share/apriltag_ros/launch/tag_gazebo.launch.py
-- Symlinking: /home/pi/ugv_ws/install/apriltag_ros/share/apriltag_ros/launch/tag_realsense.launch.py
-- Symlinking: /home/pi/ugv_ws/install/apriltag_ros/share/ament_index/resource_index/package_run_dependencies/apriltag_ros
-- Symlinking: /home/pi/ugv_ws/install/apriltag_ros/share/ament_index/resource_index/parent_prefix_path/apriltag_ros
-- Symlinking: /home/pi/ugv_ws/install/apriltag_ros/share/apriltag_ros/environment/ament_prefix_path.sh
-- Symlinking: /home/pi/ugv_ws/install/apriltag_ros/share/apriltag_ros/environment/ament_prefix_path.dsv
-- Symlinking: /home/pi/ugv_ws/install/apriltag_ros/share/apriltag_ros/environment/path.sh
-- Symlinking: /home/pi/ugv_ws/install/apriltag_ros/share/apriltag_ros/environment/path.dsv
-- Symlinking: /home/pi/ugv_ws/install/apriltag_ros/share/apriltag_ros/local_setup.bash
-- Symlinking: /home/pi/ugv_ws/install/apriltag_ros/share/apriltag_ros/local_setup.sh
-- Symlinking: /home/pi/ugv_ws/install/apriltag_ros/share/apriltag_ros/local_setup.zsh
-- Symlinking: /home/pi/ugv_ws/install/apriltag_ros/share/apriltag_ros/local_setup.dsv
-- Symlinking: /home/pi/ugv_ws/install/apriltag_ros/share/apriltag_ros/package.dsv
-- Symlinking: /home/pi/ugv_ws/install/apriltag_ros/share/ament_index/resource_index/packages/apriltag_ros
-- Symlinking: /home/pi/ugv_ws/install/apriltag_ros/share/ament_index/resource_index/rclcpp_components/apriltag_ros
-- Symlinking: /home/pi/ugv_ws/install/apriltag_ros/share/apriltag_ros/cmake/ament_cmake_export_dependencies-extras.cmake
-- Symlinking: /home/pi/ugv_ws/install/apriltag_ros/share/apriltag_ros/cmake/apriltag_rosConfig.cmake
-- Symlinking: /home/pi/ugv_ws/install/apriltag_ros/share/apriltag_ros/cmake/apriltag_rosConfig-version.cmake
-- Symlinking: /home/pi/ugv_ws/install/apriltag_ros/share/apriltag_ros/package.xml
-- Installing: /home/pi/ugv_ws/install/apriltag_ros/lib/libAprilTagNode.so
-- Set runtime path of "/home/pi/ugv_ws/install/apriltag_ros/lib/libAprilTagNode.so" to ""
-- Installing: /home/pi/ugv_ws/install/apriltag_ros/bin/tag_detector
-- Set runtime path of "/home/pi/ugv_ws/install/apriltag_ros/bin/tag_detector" to ""
