[0.078s] Invoking command in '/home/pi/ugv_ws/build/apriltag_ros': AMENT_PREFIX_PATH=/home/pi/ugv_ws/install/apriltag_msgs:${AMENT_PREFIX_PATH} CMAKE_PREFIX_PATH=/home/pi/ugv_ws/install/apriltag_msgs:/home/pi/ugv_ws/install/apriltag:/opt/ros/humble LD_LIBRARY_PATH=/home/pi/ugv_ws/install/apriltag_msgs/lib:/home/pi/ugv_ws/install/apriltag/lib:${LD_LIBRARY_PATH} PATH=/home/pi/ugv_ws/install/apriltag/bin:${PATH} PKG_CONFIG_PATH=/home/pi/ugv_ws/install/apriltag/lib/aarch64-linux-gnu/pkgconfig:/home/pi/ugv_ws/install/apriltag/lib/pkgconfig PYTHONPATH=/home/pi/ugv_ws/install/apriltag_msgs/local/lib/python3.10/dist-packages:/home/pi/ugv_ws/install/apriltag/lib/python3.10/site-packages:${PYTHONPATH} /usr/bin/cmake /home/pi/ugv_ws/src/ugv_else/apriltag_ros/apriltag_ros -DAMENT_CMAKE_SYMLINK_INSTALL=1 -DCMAKE_INSTALL_PREFIX=/home/pi/ugv_ws/install/apriltag_ros
[0.410s] -- The C compiler identification is GNU 11.4.0
[0.740s] -- The CXX compiler identification is GNU 11.4.0
[0.780s] -- Detecting C compiler ABI info
[1.204s] -- Detecting C compiler ABI info - done
[1.234s] -- Check for working C compiler: /usr/bin/cc - skipped
[1.237s] -- Detecting C compile features
[1.240s] -- Detecting C compile features - done
[1.258s] -- Detecting CXX compiler ABI info
[2.587s] -- Detecting CXX compiler ABI info - done
[2.623s] -- Check for working CXX compiler: /usr/bin/c++ - skipped
[2.625s] -- Detecting CXX compile features
[2.629s] -- Detecting CXX compile features - done
[2.662s] -- Found rclcpp: 16.0.11 (/opt/ros/humble/share/rclcpp/cmake)
[3.907s] -- Found Python3: /usr/bin/python3 (found version "3.10.12") found components: Interpreter 
[4.365s] -- Override CMake install command with custom implementation using symlinks instead of copying resources
[5.327s] -- Found rosidl_generator_c: 3.1.6 (/opt/ros/humble/share/rosidl_generator_c/cmake)
[5.392s] -- Found rosidl_adapter: 3.1.6 (/opt/ros/humble/share/rosidl_adapter/cmake)
[5.476s] -- Found rosidl_generator_cpp: 3.1.6 (/opt/ros/humble/share/rosidl_generator_cpp/cmake)
[5.588s] -- Using all available rosidl_typesupport_c: rosidl_typesupport_fastrtps_c;rosidl_typesupport_introspection_c
[5.752s] -- Using all available rosidl_typesupport_cpp: rosidl_typesupport_fastrtps_cpp;rosidl_typesupport_introspection_cpp
[6.227s] -- Found rmw_implementation_cmake: 6.1.2 (/opt/ros/humble/share/rmw_implementation_cmake/cmake)
[6.264s] -- Found rmw_fastrtps_cpp: 6.2.7 (/opt/ros/humble/share/rmw_fastrtps_cpp/cmake)
[7.049s] -- Found OpenSSL: /usr/lib/aarch64-linux-gnu/libcrypto.so (found version "3.0.2")  
[7.371s] -- Found FastRTPS: /opt/ros/humble/include  
[7.901s] -- Using RMW implementation 'rmw_fastrtps_cpp' as default
[8.019s] -- Looking for pthread.h
[8.481s] -- Looking for pthread.h - found
[8.484s] -- Performing Test CMAKE_HAVE_LIBC_PTHREAD
[8.950s] -- Performing Test CMAKE_HAVE_LIBC_PTHREAD - Success
[8.955s] -- Found Threads: TRUE  
[9.403s] -- Found rclcpp_components: 16.0.11 (/opt/ros/humble/share/rclcpp_components/cmake)
[9.734s] -- Found sensor_msgs: 4.2.4 (/opt/ros/humble/share/sensor_msgs/cmake)
[9.975s] -- Found tf2_msgs: 0.25.11 (/opt/ros/humble/share/tf2_msgs/cmake)
[10.314s] -- Found tf2_ros: 0.25.11 (/opt/ros/humble/share/tf2_ros/cmake)
[10.580s] -- Found image_transport: 3.1.10 (/opt/ros/humble/share/image_transport/cmake)
[10.916s] -- Found image_geometry: 3.2.1 (/opt/ros/humble/share/image_geometry/cmake)
[11.027s] -- Found cv_bridge: 3.2.1 (/opt/ros/humble/share/cv_bridge/cmake)
[11.046s] -- Found apriltag_msgs: 0.0.0 (/home/pi/ugv_ws/install/apriltag_msgs/share/apriltag_msgs/cmake)
[11.293s] -- Found OpenCV: /usr (found version "4.5.4") 
[11.385s] -- Found ament_lint_auto: 0.12.11 (/opt/ros/humble/share/ament_lint_auto/cmake)
[12.433s] -- Added test 'copyright' to check source files copyright and LICENSE
[12.450s] -- Added test 'cppcheck' to perform static code analysis on C / C++ code
[12.454s] -- Configured cppcheck include dirs: /home/pi/ugv_ws/src/ugv_else/apriltag_ros/apriltag_ros/include
[12.455s] -- Configured cppcheck exclude dirs and/or files: 
[12.471s] -- Added test 'cpplint' to check C / C++ code against the Google style
[12.473s] -- Configured cpplint exclude dirs and/or files: 
[12.480s] -- Added test 'flake8' to check Python code syntax and style conventions
[12.488s] -- Added test 'lint_cmake' to check CMake code style
[12.494s] -- Added test 'pep257' to check Python code against some of the docstring style conventions in PEP 257
[12.510s] -- Added test 'uncrustify' to check C / C++ code style
[12.512s] -- Configured uncrustify additional arguments: 
[12.521s] -- Added test 'xmllint' to check XML markup files
[12.543s] -- Configuring done
[12.717s] -- Generating done
[12.759s] -- Build files have been written to: /home/pi/ugv_ws/build/apriltag_ros
[12.841s] Invoked command in '/home/pi/ugv_ws/build/apriltag_ros' returned '0': AMENT_PREFIX_PATH=/home/pi/ugv_ws/install/apriltag_msgs:${AMENT_PREFIX_PATH} CMAKE_PREFIX_PATH=/home/pi/ugv_ws/install/apriltag_msgs:/home/pi/ugv_ws/install/apriltag:/opt/ros/humble LD_LIBRARY_PATH=/home/pi/ugv_ws/install/apriltag_msgs/lib:/home/pi/ugv_ws/install/apriltag/lib:${LD_LIBRARY_PATH} PATH=/home/pi/ugv_ws/install/apriltag/bin:${PATH} PKG_CONFIG_PATH=/home/pi/ugv_ws/install/apriltag/lib/aarch64-linux-gnu/pkgconfig:/home/pi/ugv_ws/install/apriltag/lib/pkgconfig PYTHONPATH=/home/pi/ugv_ws/install/apriltag_msgs/local/lib/python3.10/dist-packages:/home/pi/ugv_ws/install/apriltag/lib/python3.10/site-packages:${PYTHONPATH} /usr/bin/cmake /home/pi/ugv_ws/src/ugv_else/apriltag_ros/apriltag_ros -DAMENT_CMAKE_SYMLINK_INSTALL=1 -DCMAKE_INSTALL_PREFIX=/home/pi/ugv_ws/install/apriltag_ros
[12.844s] Invoking command in '/home/pi/ugv_ws/build/apriltag_ros': AMENT_PREFIX_PATH=/home/pi/ugv_ws/install/apriltag_msgs:${AMENT_PREFIX_PATH} CMAKE_PREFIX_PATH=/home/pi/ugv_ws/install/apriltag_msgs:/home/pi/ugv_ws/install/apriltag:/opt/ros/humble LD_LIBRARY_PATH=/home/pi/ugv_ws/install/apriltag_msgs/lib:/home/pi/ugv_ws/install/apriltag/lib:${LD_LIBRARY_PATH} PATH=/home/pi/ugv_ws/install/apriltag/bin:${PATH} PKG_CONFIG_PATH=/home/pi/ugv_ws/install/apriltag/lib/aarch64-linux-gnu/pkgconfig:/home/pi/ugv_ws/install/apriltag/lib/pkgconfig PYTHONPATH=/home/pi/ugv_ws/install/apriltag_msgs/local/lib/python3.10/dist-packages:/home/pi/ugv_ws/install/apriltag/lib/python3.10/site-packages:${PYTHONPATH} /usr/bin/cmake --build /home/pi/ugv_ws/build/apriltag_ros -- -j4 -l4
[13.155s] [ 25%] [32mBuilding CXX object CMakeFiles/tag_detector.dir/src/AprilTagNode.cpp.o[0m
[44.948s] [01m[K/home/pi/ugv_ws/src/ugv_else/apriltag_ros/apriltag_ros/src/AprilTagNode.cpp:[m[K In constructor ‘[01m[KAprilTagNode::AprilTagNode(rclcpp::NodeOptions)[m[K’:
[44.949s] [01m[K/home/pi/ugv_ws/src/ugv_else/apriltag_ros/apriltag_ros/src/AprilTagNode.cpp:84:59:[m[K [01;35m[Kwarning: [m[Kconverting to ‘[01m[Kconst ParameterDescriptor[m[K’ {aka ‘[01m[Kconst rcl_interfaces::msg::ParameterDescriptor_<std::allocator<void> >[m[K’} from initializer list would use explicit constructor ‘[01m[Krcl_interfaces::msg::ParameterDescriptor_<ContainerAllocator>::ParameterDescriptor_(rosidl_runtime_cpp::MessageInitialization) [with ContainerAllocator = std::allocator<void>][m[K’
[44.950s]    84 |   const auto ids = [01;35m[Kdeclare_parameter<std::vector<int64_t>>("tag_ids", {})[m[K;
[44.951s]       |                    [01;35m[K~~~~~~~~~~~~~~~~~~~~~~~~~~~~~~~~~~~~~~~^~~~~~~~~~~~~~~[m[K
[44.952s] [01m[K/home/pi/ugv_ws/src/ugv_else/apriltag_ros/apriltag_ros/src/AprilTagNode.cpp:84:59:[m[K [01;36m[Knote: [m[Kin C++11 and above a default constructor can be explicit
[44.968s] [01m[K/home/pi/ugv_ws/src/ugv_else/apriltag_ros/apriltag_ros/src/AprilTagNode.cpp:85:66:[m[K [01;35m[Kwarning: [m[Kconverting to ‘[01m[Kconst ParameterDescriptor[m[K’ {aka ‘[01m[Kconst rcl_interfaces::msg::ParameterDescriptor_<std::allocator<void> >[m[K’} from initializer list would use explicit constructor ‘[01m[Krcl_interfaces::msg::ParameterDescriptor_<ContainerAllocator>::ParameterDescriptor_(rosidl_runtime_cpp::MessageInitialization) [with ContainerAllocator = std::allocator<void>][m[K’
[44.969s]    85 |   const auto frames = [01;35m[Kdeclare_parameter<std::vector<std::string>>("tag_frames", {})[m[K;
[44.971s]       |                       [01;35m[K~~~~~~~~~~~~~~~~~~~~~~~~~~~~~~~~~~~~~~~~~~~^~~~~~~~~~~~~~~~~~[m[K
[44.971s] [01m[K/home/pi/ugv_ws/src/ugv_else/apriltag_ros/apriltag_ros/src/AprilTagNode.cpp:85:66:[m[K [01;36m[Knote: [m[Kin C++11 and above a default constructor can be explicit
[44.988s] [01m[K/home/pi/ugv_ws/src/ugv_else/apriltag_ros/apriltag_ros/src/AprilTagNode.cpp:97:60:[m[K [01;35m[Kwarning: [m[Kconverting to ‘[01m[Kconst ParameterDescriptor[m[K’ {aka ‘[01m[Kconst rcl_interfaces::msg::ParameterDescriptor_<std::allocator<void> >[m[K’} from initializer list would use explicit constructor ‘[01m[Krcl_interfaces::msg::ParameterDescriptor_<ContainerAllocator>::ParameterDescriptor_(rosidl_runtime_cpp::MessageInitialization) [with ContainerAllocator = std::allocator<void>][m[K’
[44.988s]    97 |   const auto sizes = [01;35m[Kdeclare_parameter<std::vector<double>>("tag_sizes", {})[m[K;
[44.989s]       |                      [01;35m[K~~~~~~~~~~~~~~~~~~~~~~~~~~~~~~~~~~~~~~^~~~~~~~~~~~~~~~~[m[K
[44.990s] [01m[K/home/pi/ugv_ws/src/ugv_else/apriltag_ros/apriltag_ros/src/AprilTagNode.cpp:97:60:[m[K [01;36m[Knote: [m[Kin C++11 and above a default constructor can be explicit
[70.971s] [ 50%] [32m[1mLinking CXX executable tag_detector[0m
[74.379s] [ 50%] Built target tag_detector
[74.501s] [ 75%] [32mBuilding CXX object CMakeFiles/AprilTagNode.dir/src/AprilTagNode.cpp.o[0m
[104.116s] [01m[K/home/pi/ugv_ws/src/ugv_else/apriltag_ros/apriltag_ros/src/AprilTagNode.cpp:[m[K In constructor ‘[01m[KAprilTagNode::AprilTagNode(rclcpp::NodeOptions)[m[K’:
[104.117s] [01m[K/home/pi/ugv_ws/src/ugv_else/apriltag_ros/apriltag_ros/src/AprilTagNode.cpp:84:59:[m[K [01;35m[Kwarning: [m[Kconverting to ‘[01m[Kconst ParameterDescriptor[m[K’ {aka ‘[01m[Kconst rcl_interfaces::msg::ParameterDescriptor_<std::allocator<void> >[m[K’} from initializer list would use explicit constructor ‘[01m[Krcl_interfaces::msg::ParameterDescriptor_<ContainerAllocator>::ParameterDescriptor_(rosidl_runtime_cpp::MessageInitialization) [with ContainerAllocator = std::allocator<void>][m[K’
[104.117s]    84 |   const auto ids = [01;35m[Kdeclare_parameter<std::vector<int64_t>>("tag_ids", {})[m[K;
[104.118s]       |                    [01;35m[K~~~~~~~~~~~~~~~~~~~~~~~~~~~~~~~~~~~~~~~^~~~~~~~~~~~~~~[m[K
[104.119s] [01m[K/home/pi/ugv_ws/src/ugv_else/apriltag_ros/apriltag_ros/src/AprilTagNode.cpp:84:59:[m[K [01;36m[Knote: [m[Kin C++11 and above a default constructor can be explicit
[104.136s] [01m[K/home/pi/ugv_ws/src/ugv_else/apriltag_ros/apriltag_ros/src/AprilTagNode.cpp:85:66:[m[K [01;35m[Kwarning: [m[Kconverting to ‘[01m[Kconst ParameterDescriptor[m[K’ {aka ‘[01m[Kconst rcl_interfaces::msg::ParameterDescriptor_<std::allocator<void> >[m[K’} from initializer list would use explicit constructor ‘[01m[Krcl_interfaces::msg::ParameterDescriptor_<ContainerAllocator>::ParameterDescriptor_(rosidl_runtime_cpp::MessageInitialization) [with ContainerAllocator = std::allocator<void>][m[K’
[104.138s]    85 |   const auto frames = [01;35m[Kdeclare_parameter<std::vector<std::string>>("tag_frames", {})[m[K;
[104.139s]       |                       [01;35m[K~~~~~~~~~~~~~~~~~~~~~~~~~~~~~~~~~~~~~~~~~~~^~~~~~~~~~~~~~~~~~[m[K
[104.141s] [01m[K/home/pi/ugv_ws/src/ugv_else/apriltag_ros/apriltag_ros/src/AprilTagNode.cpp:85:66:[m[K [01;36m[Knote: [m[Kin C++11 and above a default constructor can be explicit
[104.161s] [01m[K/home/pi/ugv_ws/src/ugv_else/apriltag_ros/apriltag_ros/src/AprilTagNode.cpp:97:60:[m[K [01;35m[Kwarning: [m[Kconverting to ‘[01m[Kconst ParameterDescriptor[m[K’ {aka ‘[01m[Kconst rcl_interfaces::msg::ParameterDescriptor_<std::allocator<void> >[m[K’} from initializer list would use explicit constructor ‘[01m[Krcl_interfaces::msg::ParameterDescriptor_<ContainerAllocator>::ParameterDescriptor_(rosidl_runtime_cpp::MessageInitialization) [with ContainerAllocator = std::allocator<void>][m[K’
[104.163s]    97 |   const auto sizes = [01;35m[Kdeclare_parameter<std::vector<double>>("tag_sizes", {})[m[K;
[104.164s]       |                      [01;35m[K~~~~~~~~~~~~~~~~~~~~~~~~~~~~~~~~~~~~~~^~~~~~~~~~~~~~~~~[m[K
[104.165s] [01m[K/home/pi/ugv_ws/src/ugv_else/apriltag_ros/apriltag_ros/src/AprilTagNode.cpp:97:60:[m[K [01;36m[Knote: [m[Kin C++11 and above a default constructor can be explicit
[125.862s] [100%] [32m[1mLinking CXX shared library libAprilTagNode.so[0m
[128.378s] [100%] Built target AprilTagNode
[128.632s] Invoked command in '/home/pi/ugv_ws/build/apriltag_ros' returned '0': AMENT_PREFIX_PATH=/home/pi/ugv_ws/install/apriltag_msgs:${AMENT_PREFIX_PATH} CMAKE_PREFIX_PATH=/home/pi/ugv_ws/install/apriltag_msgs:/home/pi/ugv_ws/install/apriltag:/opt/ros/humble LD_LIBRARY_PATH=/home/pi/ugv_ws/install/apriltag_msgs/lib:/home/pi/ugv_ws/install/apriltag/lib:${LD_LIBRARY_PATH} PATH=/home/pi/ugv_ws/install/apriltag/bin:${PATH} PKG_CONFIG_PATH=/home/pi/ugv_ws/install/apriltag/lib/aarch64-linux-gnu/pkgconfig:/home/pi/ugv_ws/install/apriltag/lib/pkgconfig PYTHONPATH=/home/pi/ugv_ws/install/apriltag_msgs/local/lib/python3.10/dist-packages:/home/pi/ugv_ws/install/apriltag/lib/python3.10/site-packages:${PYTHONPATH} /usr/bin/cmake --build /home/pi/ugv_ws/build/apriltag_ros -- -j4 -l4
[128.649s] Invoking command in '/home/pi/ugv_ws/build/apriltag_ros': AMENT_PREFIX_PATH=/home/pi/ugv_ws/install/apriltag_msgs:${AMENT_PREFIX_PATH} CMAKE_PREFIX_PATH=/home/pi/ugv_ws/install/apriltag_msgs:/home/pi/ugv_ws/install/apriltag:/opt/ros/humble LD_LIBRARY_PATH=/home/pi/ugv_ws/install/apriltag_msgs/lib:/home/pi/ugv_ws/install/apriltag/lib:${LD_LIBRARY_PATH} PATH=/home/pi/ugv_ws/install/apriltag/bin:${PATH} PKG_CONFIG_PATH=/home/pi/ugv_ws/install/apriltag/lib/aarch64-linux-gnu/pkgconfig:/home/pi/ugv_ws/install/apriltag/lib/pkgconfig PYTHONPATH=/home/pi/ugv_ws/install/apriltag_msgs/local/lib/python3.10/dist-packages:/home/pi/ugv_ws/install/apriltag/lib/python3.10/site-packages:${PYTHONPATH} /usr/bin/cmake --install /home/pi/ugv_ws/build/apriltag_ros
[128.694s] -- Install configuration: ""
[128.697s] -- Execute custom install script
[128.700s] -- Symlinking: /home/pi/ugv_ws/install/apriltag_ros/share/apriltag_ros/environment/library_path.sh
[128.755s] -- Symlinking: /home/pi/ugv_ws/install/apriltag_ros/share/apriltag_ros/environment/library_path.dsv
[128.813s] -- Symlinking: /home/pi/ugv_ws/install/apriltag_ros/share/apriltag_ros/cfg/tags_16h5_all.yaml
[128.867s] -- Symlinking: /home/pi/ugv_ws/install/apriltag_ros/share/apriltag_ros/cfg/tags_16h5_filtered.yaml
[128.919s] -- Symlinking: /home/pi/ugv_ws/install/apriltag_ros/share/apriltag_ros/cfg/tags_36h11_all.yaml
[128.975s] -- Symlinking: /home/pi/ugv_ws/install/apriltag_ros/share/apriltag_ros/cfg/tags_36h11_filter.yaml
[129.033s] -- Symlinking: /home/pi/ugv_ws/install/apriltag_ros/share/apriltag_ros/launch/bringup.launch.py
[129.090s] -- Symlinking: /home/pi/ugv_ws/install/apriltag_ros/share/apriltag_ros/launch/tag_gazebo.launch.py
[129.146s] -- Symlinking: /home/pi/ugv_ws/install/apriltag_ros/share/apriltag_ros/launch/tag_realsense.launch.py
[129.204s] -- Symlinking: /home/pi/ugv_ws/install/apriltag_ros/share/ament_index/resource_index/package_run_dependencies/apriltag_ros
[129.261s] -- Symlinking: /home/pi/ugv_ws/install/apriltag_ros/share/ament_index/resource_index/parent_prefix_path/apriltag_ros
[129.317s] -- Symlinking: /home/pi/ugv_ws/install/apriltag_ros/share/apriltag_ros/environment/ament_prefix_path.sh
[129.374s] -- Symlinking: /home/pi/ugv_ws/install/apriltag_ros/share/apriltag_ros/environment/ament_prefix_path.dsv
[129.426s] -- Symlinking: /home/pi/ugv_ws/install/apriltag_ros/share/apriltag_ros/environment/path.sh
[129.482s] -- Symlinking: /home/pi/ugv_ws/install/apriltag_ros/share/apriltag_ros/environment/path.dsv
[129.542s] -- Symlinking: /home/pi/ugv_ws/install/apriltag_ros/share/apriltag_ros/local_setup.bash
[129.599s] -- Symlinking: /home/pi/ugv_ws/install/apriltag_ros/share/apriltag_ros/local_setup.sh
[129.655s] -- Symlinking: /home/pi/ugv_ws/install/apriltag_ros/share/apriltag_ros/local_setup.zsh
[129.713s] -- Symlinking: /home/pi/ugv_ws/install/apriltag_ros/share/apriltag_ros/local_setup.dsv
[129.770s] -- Symlinking: /home/pi/ugv_ws/install/apriltag_ros/share/apriltag_ros/package.dsv
[129.828s] -- Symlinking: /home/pi/ugv_ws/install/apriltag_ros/share/ament_index/resource_index/packages/apriltag_ros
[129.885s] -- Symlinking: /home/pi/ugv_ws/install/apriltag_ros/share/ament_index/resource_index/rclcpp_components/apriltag_ros
[129.946s] -- Symlinking: /home/pi/ugv_ws/install/apriltag_ros/share/apriltag_ros/cmake/ament_cmake_export_dependencies-extras.cmake
[130.003s] -- Symlinking: /home/pi/ugv_ws/install/apriltag_ros/share/apriltag_ros/cmake/apriltag_rosConfig.cmake
[130.060s] -- Symlinking: /home/pi/ugv_ws/install/apriltag_ros/share/apriltag_ros/cmake/apriltag_rosConfig-version.cmake
[130.118s] -- Symlinking: /home/pi/ugv_ws/install/apriltag_ros/share/apriltag_ros/package.xml
[130.175s] -- Installing: /home/pi/ugv_ws/install/apriltag_ros/lib/libAprilTagNode.so
[130.205s] -- Set runtime path of "/home/pi/ugv_ws/install/apriltag_ros/lib/libAprilTagNode.so" to ""
[130.208s] -- Installing: /home/pi/ugv_ws/install/apriltag_ros/bin/tag_detector
[130.227s] -- Set runtime path of "/home/pi/ugv_ws/install/apriltag_ros/bin/tag_detector" to ""
[130.244s] Invoked command in '/home/pi/ugv_ws/build/apriltag_ros' returned '0': AMENT_PREFIX_PATH=/home/pi/ugv_ws/install/apriltag_msgs:${AMENT_PREFIX_PATH} CMAKE_PREFIX_PATH=/home/pi/ugv_ws/install/apriltag_msgs:/home/pi/ugv_ws/install/apriltag:/opt/ros/humble LD_LIBRARY_PATH=/home/pi/ugv_ws/install/apriltag_msgs/lib:/home/pi/ugv_ws/install/apriltag/lib:${LD_LIBRARY_PATH} PATH=/home/pi/ugv_ws/install/apriltag/bin:${PATH} PKG_CONFIG_PATH=/home/pi/ugv_ws/install/apriltag/lib/aarch64-linux-gnu/pkgconfig:/home/pi/ugv_ws/install/apriltag/lib/pkgconfig PYTHONPATH=/home/pi/ugv_ws/install/apriltag_msgs/local/lib/python3.10/dist-packages:/home/pi/ugv_ws/install/apriltag/lib/python3.10/site-packages:${PYTHONPATH} /usr/bin/cmake --install /home/pi/ugv_ws/build/apriltag_ros
