[0.050s] Invoking command in '/home/pi/ugv_ws/build/ugv_interface': CMAKE_PREFIX_PATH=/opt/ros/humble /usr/bin/cmake /home/pi/ugv_ws/src/ugv_main/ugv_interface -DAMENT_CMAKE_SYMLINK_INSTALL=1 -DCMAKE_INSTALL_PREFIX=/home/pi/ugv_ws/install/ugv_interface
[0.455s] -- The C compiler identification is GNU 11.4.0
[0.868s] -- The CXX compiler identification is GNU 11.4.0
[0.913s] -- Detecting C compiler ABI info
[1.445s] -- Detecting C compiler ABI info - done
[1.482s] -- Check for working C compiler: /usr/bin/cc - skipped
[1.486s] -- Detecting C compile features
[1.491s] -- Detecting C compile features - done
[1.518s] -- Detecting CXX compiler ABI info
[2.001s] -- Detecting CXX compiler ABI info - done
[2.035s] -- Check for working CXX compiler: /usr/bin/c++ - skipped
[2.039s] -- Detecting CXX compile features
[2.043s] -- Detecting CXX compile features - done
[2.080s] -- Found ament_cmake: 1.3.11 (/opt/ros/humble/share/ament_cmake/cmake)
[3.428s] -- Found Python3: /usr/bin/python3 (found version "3.10.12") found components: Interpreter 
[4.021s] -- Override CMake install command with custom implementation using symlinks instead of copying resources
[4.428s] -- Found rosidl_default_generators: 1.2.0 (/opt/ros/humble/share/rosidl_default_generators/cmake)
[4.472s] -- Using all available rosidl_typesupport_c: rosidl_typesupport_fastrtps_c;rosidl_typesupport_introspection_c
[4.559s] -- Found rosidl_adapter: 3.1.6 (/opt/ros/humble/share/rosidl_adapter/cmake)
[5.022s] -- Using all available rosidl_typesupport_cpp: rosidl_typesupport_fastrtps_cpp;rosidl_typesupport_introspection_cpp
[7.399s] -- Found ament_cmake_ros: 0.10.0 (/opt/ros/humble/share/ament_cmake_ros/cmake)
[8.816s] -- Using all available rosidl_typesupport_c: rosidl_typesupport_fastrtps_c;rosidl_typesupport_introspection_c
[10.651s] -- Using all available rosidl_typesupport_cpp: rosidl_typesupport_fastrtps_cpp;rosidl_typesupport_introspection_cpp
[10.832s] -- Found PythonInterp: /usr/bin/python3 (found suitable version "3.10.12", minimum required is "3.6") 
[10.858s] -- Found python_cmake_module: 0.10.0 (/opt/ros/humble/share/python_cmake_module/cmake)
[11.047s] -- Found PythonLibs: /usr/lib/aarch64-linux-gnu/libpython3.10.so (found suitable version "3.10.12", minimum required is "3.5") 
[11.049s] -- Using PYTHON_EXECUTABLE: /usr/bin/python3
[11.051s] -- Using PYTHON_INCLUDE_DIRS: /usr/include/python3.10
[11.054s] -- Using PYTHON_LIBRARIES: /usr/lib/aarch64-linux-gnu/libpython3.10.so
[11.218s] -- Found PythonExtra: .so  
[11.547s] -- Found ament_lint_auto: 0.12.11 (/opt/ros/humble/share/ament_lint_auto/cmake)
[11.874s] -- Added test 'copyright' to check source files copyright and LICENSE
[11.894s] -- Added test 'lint_cmake' to check CMake code style
[11.906s] -- Added test 'xmllint' to check XML markup files
[11.948s] -- Configuring done
[12.298s] -- Generating done
[12.395s] -- Build files have been written to: /home/pi/ugv_ws/build/ugv_interface
[12.471s] Invoked command in '/home/pi/ugv_ws/build/ugv_interface' returned '0': CMAKE_PREFIX_PATH=/opt/ros/humble /usr/bin/cmake /home/pi/ugv_ws/src/ugv_main/ugv_interface -DAMENT_CMAKE_SYMLINK_INSTALL=1 -DCMAKE_INSTALL_PREFIX=/home/pi/ugv_ws/install/ugv_interface
[12.475s] Invoking command in '/home/pi/ugv_ws/build/ugv_interface': CMAKE_PREFIX_PATH=/opt/ros/humble /usr/bin/cmake --build /home/pi/ugv_ws/build/ugv_interface -- -j4 -l4
[12.763s] [  2%] [34m[1mGenerating C++ code for ROS interfaces[0m
[16.299s] [  2%] Built target ugv_interface__cpp
[16.458s] [  2%] Built target ament_cmake_python_symlink_ugv_interface
[16.515s] [  5%] [34m[1mGenerating C++ type support for eProsima Fast-RTPS[0m
[19.564s] [  7%] [32mBuilding CXX object CMakeFiles/ugv_interface__rosidl_typesupport_fastrtps_cpp.dir/rosidl_typesupport_fastrtps_cpp/ugv_interface/srv/detail/dds_fastrtps/map_save__type_support.cpp.o[0m
[22.904s] [ 10%] [32mBuilding CXX object CMakeFiles/ugv_interface__rosidl_typesupport_fastrtps_cpp.dir/rosidl_typesupport_fastrtps_cpp/ugv_interface/action/detail/dds_fastrtps/behavior__type_support.cpp.o[0m
[26.754s] [ 12%] [32m[1mLinking CXX shared library libugv_interface__rosidl_typesupport_fastrtps_cpp.so[0m
[27.159s] [ 12%] Built target ugv_interface__rosidl_typesupport_fastrtps_cpp
[27.213s] [ 15%] [34m[1mGenerating C++ introspection for ROS interfaces[0m
[29.701s] [ 17%] [32mBuilding CXX object CMakeFiles/ugv_interface__rosidl_typesupport_introspection_cpp.dir/rosidl_typesupport_introspection_cpp/ugv_interface/srv/detail/map_save__type_support.cpp.o[0m
[32.449s] [ 20%] [32mBuilding CXX object CMakeFiles/ugv_interface__rosidl_typesupport_introspection_cpp.dir/rosidl_typesupport_introspection_cpp/ugv_interface/action/detail/behavior__type_support.cpp.o[0m
[36.852s] [ 23%] [32m[1mLinking CXX shared library libugv_interface__rosidl_typesupport_introspection_cpp.so[0m
[37.226s] [ 23%] Built target ugv_interface__rosidl_typesupport_introspection_cpp
[39.422s] running egg_info
[39.425s] creating ugv_interface.egg-info
[39.427s] writing ugv_interface.egg-info/PKG-INFO
[39.428s] writing dependency_links to ugv_interface.egg-info/dependency_links.txt
[39.430s] writing top-level names to ugv_interface.egg-info/top_level.txt
[39.432s] writing manifest file 'ugv_interface.egg-info/SOURCES.txt'
[39.447s] reading manifest file 'ugv_interface.egg-info/SOURCES.txt'
[39.450s] writing manifest file 'ugv_interface.egg-info/SOURCES.txt'
[39.633s] [ 23%] Built target ament_cmake_python_build_ugv_interface_egg
[39.685s] [ 25%] [34m[1mGenerating C++ type support dispatch for ROS interfaces[0m
[41.587s] [ 28%] [32mBuilding CXX object CMakeFiles/ugv_interface__rosidl_typesupport_cpp.dir/rosidl_typesupport_cpp/ugv_interface/srv/map_save__type_support.cpp.o[0m
[43.494s] [ 30%] [32mBuilding CXX object CMakeFiles/ugv_interface__rosidl_typesupport_cpp.dir/rosidl_typesupport_cpp/ugv_interface/action/behavior__type_support.cpp.o[0m
[46.962s] [ 33%] [32m[1mLinking CXX shared library libugv_interface__rosidl_typesupport_cpp.so[0m
[47.165s] [ 33%] Built target ugv_interface__rosidl_typesupport_cpp
[47.218s] [ 35%] [34m[1mGenerating C code for ROS interfaces[0m
[50.765s] [ 38%] [32mBuilding C object CMakeFiles/ugv_interface__rosidl_generator_c.dir/rosidl_generator_c/ugv_interface/srv/detail/map_save__functions.c.o[0m
[51.157s] [ 41%] [32mBuilding C object CMakeFiles/ugv_interface__rosidl_generator_c.dir/rosidl_generator_c/ugv_interface/action/detail/behavior__functions.c.o[0m
[51.979s] [ 43%] [32m[1mLinking C shared library libugv_interface__rosidl_generator_c.so[0m
[52.194s] [ 43%] Built target ugv_interface__rosidl_generator_c
[52.250s] [ 46%] [34m[1mGenerating C type support for eProsima Fast-RTPS[0m
[54.865s] [ 48%] [32mBuilding CXX object CMakeFiles/ugv_interface__rosidl_typesupport_fastrtps_c.dir/rosidl_typesupport_fastrtps_c/ugv_interface/srv/detail/map_save__type_support_c.cpp.o[0m
[57.470s] [ 51%] [32mBuilding CXX object CMakeFiles/ugv_interface__rosidl_typesupport_fastrtps_c.dir/rosidl_typesupport_fastrtps_c/ugv_interface/action/detail/behavior__type_support_c.cpp.o[0m
[60.849s] [ 53%] [32m[1mLinking CXX shared library libugv_interface__rosidl_typesupport_fastrtps_c.so[0m
[61.245s] [ 53%] Built target ugv_interface__rosidl_typesupport_fastrtps_c
[61.302s] [ 56%] [34m[1mGenerating C type support dispatch for ROS interfaces[0m
[63.056s] [ 58%] [32mBuilding CXX object CMakeFiles/ugv_interface__rosidl_typesupport_c.dir/rosidl_typesupport_c/ugv_interface/srv/map_save__type_support.cpp.o[0m
[63.247s] [ 61%] [32mBuilding CXX object CMakeFiles/ugv_interface__rosidl_typesupport_c.dir/rosidl_typesupport_c/ugv_interface/action/behavior__type_support.cpp.o[0m
[63.553s] [ 64%] [32m[1mLinking CXX shared library libugv_interface__rosidl_typesupport_c.so[0m
[63.754s] [ 64%] Built target ugv_interface__rosidl_typesupport_c
[63.805s] [ 66%] [34m[1mGenerating C introspection for ROS interfaces[0m
[66.485s] [ 69%] [32mBuilding C object CMakeFiles/ugv_interface__rosidl_typesupport_introspection_c.dir/rosidl_typesupport_introspection_c/ugv_interface/srv/detail/map_save__type_support.c.o[0m
[66.763s] [ 71%] [32mBuilding C object CMakeFiles/ugv_interface__rosidl_typesupport_introspection_c.dir/rosidl_typesupport_introspection_c/ugv_interface/action/detail/behavior__type_support.c.o[0m
[67.201s] [ 74%] [32m[1mLinking C shared library libugv_interface__rosidl_typesupport_introspection_c.so[0m
[67.426s] [ 74%] Built target ugv_interface__rosidl_typesupport_introspection_c
[67.555s] [ 74%] Built target ugv_interface
[67.693s] [ 76%] [34m[1mGenerating Python code for ROS interfaces[0m
[73.245s] [ 76%] Built target ugv_interface__py
[73.348s] [ 79%] [32mBuilding C object CMakeFiles/ugv_interface__rosidl_generator_py.dir/rosidl_generator_py/ugv_interface/srv/_map_save_s.c.o[0m
[73.967s] [ 82%] [32mBuilding C object CMakeFiles/ugv_interface__rosidl_generator_py.dir/rosidl_generator_py/ugv_interface/action/_behavior_s.c.o[0m
[74.790s] [ 84%] [32m[1mLinking C shared library rosidl_generator_py/ugv_interface/libugv_interface__rosidl_generator_py.so[0m
[75.035s] [ 84%] Built target ugv_interface__rosidl_generator_py
[75.141s] [ 87%] [32mBuilding C object CMakeFiles/ugv_interface__rosidl_typesupport_fastrtps_c__pyext.dir/rosidl_generator_py/ugv_interface/_ugv_interface_s.ep.rosidl_typesupport_fastrtps_c.c.o[0m
[77.617s] [ 89%] [32m[1mLinking C shared library rosidl_generator_py/ugv_interface/ugv_interface_s__rosidl_typesupport_fastrtps_c.cpython-310-aarch64-linux-gnu.so[0m
[77.905s] [ 89%] Built target ugv_interface__rosidl_typesupport_fastrtps_c__pyext
[78.023s] [ 92%] [32mBuilding C object CMakeFiles/ugv_interface__rosidl_typesupport_c__pyext.dir/rosidl_generator_py/ugv_interface/_ugv_interface_s.ep.rosidl_typesupport_c.c.o[0m
[78.842s] [ 94%] [32m[1mLinking C shared library rosidl_generator_py/ugv_interface/ugv_interface_s__rosidl_typesupport_c.cpython-310-aarch64-linux-gnu.so[0m
[79.113s] [ 94%] Built target ugv_interface__rosidl_typesupport_c__pyext
[79.219s] [ 97%] [32mBuilding C object CMakeFiles/ugv_interface__rosidl_typesupport_introspection_c__pyext.dir/rosidl_generator_py/ugv_interface/_ugv_interface_s.ep.rosidl_typesupport_introspection_c.c.o[0m
[80.054s] [100%] [32m[1mLinking C shared library rosidl_generator_py/ugv_interface/ugv_interface_s__rosidl_typesupport_introspection_c.cpython-310-aarch64-linux-gnu.so[0m
[80.405s] [100%] Built target ugv_interface__rosidl_typesupport_introspection_c__pyext
[80.503s] Invoked command in '/home/pi/ugv_ws/build/ugv_interface' returned '0': CMAKE_PREFIX_PATH=/opt/ros/humble /usr/bin/cmake --build /home/pi/ugv_ws/build/ugv_interface -- -j4 -l4
[80.507s] Invoking command in '/home/pi/ugv_ws/build/ugv_interface': CMAKE_PREFIX_PATH=/opt/ros/humble /usr/bin/cmake --install /home/pi/ugv_ws/build/ugv_interface
[80.570s] -- Install configuration: ""
[80.575s] -- Execute custom install script
[80.579s] -- Symlinking: /home/pi/ugv_ws/install/ugv_interface/share/ament_index/resource_index/rosidl_interfaces/ugv_interface
[80.629s] -- Symlinking: /home/pi/ugv_ws/install/ugv_interface/include/ugv_interface/ugv_interface/action/behavior.h
[80.672s] -- Symlinking: /home/pi/ugv_ws/install/ugv_interface/include/ugv_interface/ugv_interface/action/detail/behavior__functions.h
[80.714s] -- Symlinking: /home/pi/ugv_ws/install/ugv_interface/include/ugv_interface/ugv_interface/action/detail/behavior__struct.h
[80.755s] -- Symlinking: /home/pi/ugv_ws/install/ugv_interface/include/ugv_interface/ugv_interface/action/detail/behavior__type_support.h
[80.799s] -- Symlinking: /home/pi/ugv_ws/install/ugv_interface/include/ugv_interface/ugv_interface/msg/rosidl_generator_c__visibility_control.h
[80.843s] -- Symlinking: /home/pi/ugv_ws/install/ugv_interface/include/ugv_interface/ugv_interface/srv/detail/map_save__functions.h
[80.890s] -- Symlinking: /home/pi/ugv_ws/install/ugv_interface/include/ugv_interface/ugv_interface/srv/detail/map_save__struct.h
[80.937s] -- Symlinking: /home/pi/ugv_ws/install/ugv_interface/include/ugv_interface/ugv_interface/srv/detail/map_save__type_support.h
[80.984s] -- Symlinking: /home/pi/ugv_ws/install/ugv_interface/include/ugv_interface/ugv_interface/srv/map_save.h
[81.034s] -- Symlinking: /home/pi/ugv_ws/install/ugv_interface/share/ugv_interface/environment/library_path.sh
[81.093s] -- Symlinking: /home/pi/ugv_ws/install/ugv_interface/share/ugv_interface/environment/library_path.dsv
[81.158s] -- Symlinking: /home/pi/ugv_ws/install/ugv_interface/include/ugv_interface/ugv_interface/action/detail/behavior__rosidl_typesupport_fastrtps_c.h
[81.212s] -- Symlinking: /home/pi/ugv_ws/install/ugv_interface/include/ugv_interface/ugv_interface/msg/rosidl_typesupport_fastrtps_c__visibility_control.h
[81.277s] -- Symlinking: /home/pi/ugv_ws/install/ugv_interface/include/ugv_interface/ugv_interface/srv/detail/map_save__rosidl_typesupport_fastrtps_c.h
[81.328s] -- Symlinking: /home/pi/ugv_ws/install/ugv_interface/include/ugv_interface/ugv_interface/action/detail/behavior__rosidl_typesupport_introspection_c.h
[81.386s] -- Symlinking: /home/pi/ugv_ws/install/ugv_interface/include/ugv_interface/ugv_interface/msg/rosidl_typesupport_introspection_c__visibility_control.h
[81.431s] -- Symlinking: /home/pi/ugv_ws/install/ugv_interface/include/ugv_interface/ugv_interface/srv/detail/map_save__rosidl_typesupport_introspection_c.h
[81.484s] -- Symlinking: /home/pi/ugv_ws/install/ugv_interface/include/ugv_interface/ugv_interface/action/behavior.hpp
[81.532s] -- Symlinking: /home/pi/ugv_ws/install/ugv_interface/include/ugv_interface/ugv_interface/action/detail/behavior__builder.hpp
[81.582s] -- Symlinking: /home/pi/ugv_ws/install/ugv_interface/include/ugv_interface/ugv_interface/action/detail/behavior__struct.hpp
[81.626s] -- Symlinking: /home/pi/ugv_ws/install/ugv_interface/include/ugv_interface/ugv_interface/action/detail/behavior__traits.hpp
[81.674s] -- Symlinking: /home/pi/ugv_ws/install/ugv_interface/include/ugv_interface/ugv_interface/action/detail/behavior__type_support.hpp
[81.723s] -- Symlinking: /home/pi/ugv_ws/install/ugv_interface/include/ugv_interface/ugv_interface/msg/rosidl_generator_cpp__visibility_control.hpp
[81.763s] -- Symlinking: /home/pi/ugv_ws/install/ugv_interface/include/ugv_interface/ugv_interface/srv/detail/map_save__builder.hpp
[81.808s] -- Symlinking: /home/pi/ugv_ws/install/ugv_interface/include/ugv_interface/ugv_interface/srv/detail/map_save__struct.hpp
[81.851s] -- Symlinking: /home/pi/ugv_ws/install/ugv_interface/include/ugv_interface/ugv_interface/srv/detail/map_save__traits.hpp
[81.897s] -- Symlinking: /home/pi/ugv_ws/install/ugv_interface/include/ugv_interface/ugv_interface/srv/detail/map_save__type_support.hpp
[81.948s] -- Symlinking: /home/pi/ugv_ws/install/ugv_interface/include/ugv_interface/ugv_interface/srv/map_save.hpp
[82.005s] -- Symlinking: /home/pi/ugv_ws/install/ugv_interface/include/ugv_interface/ugv_interface/action/detail/behavior__rosidl_typesupport_fastrtps_cpp.hpp
[82.048s] -- Symlinking: /home/pi/ugv_ws/install/ugv_interface/include/ugv_interface/ugv_interface/msg/rosidl_typesupport_fastrtps_cpp__visibility_control.h
[82.101s] -- Symlinking: /home/pi/ugv_ws/install/ugv_interface/include/ugv_interface/ugv_interface/srv/detail/map_save__rosidl_typesupport_fastrtps_cpp.hpp
[82.162s] -- Symlinking: /home/pi/ugv_ws/install/ugv_interface/include/ugv_interface/ugv_interface/action/detail/behavior__rosidl_typesupport_introspection_cpp.hpp
[82.216s] -- Symlinking: /home/pi/ugv_ws/install/ugv_interface/include/ugv_interface/ugv_interface/srv/detail/map_save__rosidl_typesupport_introspection_cpp.hpp
[82.278s] -- Symlinking: /home/pi/ugv_ws/install/ugv_interface/share/ugv_interface/environment/pythonpath.sh
[82.341s] -- Symlinking: /home/pi/ugv_ws/install/ugv_interface/share/ugv_interface/environment/pythonpath.dsv
[82.409s] -- Symlinking: /home/pi/ugv_ws/install/ugv_interface/local/lib/python3.10/dist-packages/ugv_interface-0.0.0-py3.10.egg-info/PKG-INFO
[82.462s] -- Symlinking: /home/pi/ugv_ws/install/ugv_interface/local/lib/python3.10/dist-packages/ugv_interface-0.0.0-py3.10.egg-info/SOURCES.txt
[82.516s] -- Symlinking: /home/pi/ugv_ws/install/ugv_interface/local/lib/python3.10/dist-packages/ugv_interface-0.0.0-py3.10.egg-info/dependency_links.txt
[82.575s] -- Symlinking: /home/pi/ugv_ws/install/ugv_interface/local/lib/python3.10/dist-packages/ugv_interface-0.0.0-py3.10.egg-info/top_level.txt
[82.641s] -- Symlinking: /home/pi/ugv_ws/install/ugv_interface/local/lib/python3.10/dist-packages/ugv_interface/__init__.py
[82.699s] -- Symlinking: /home/pi/ugv_ws/install/ugv_interface/local/lib/python3.10/dist-packages/ugv_interface/_ugv_interface_s.ep.rosidl_typesupport_c.c
[82.757s] -- Symlinking: /home/pi/ugv_ws/install/ugv_interface/local/lib/python3.10/dist-packages/ugv_interface/_ugv_interface_s.ep.rosidl_typesupport_fastrtps_c.c
[82.813s] -- Symlinking: /home/pi/ugv_ws/install/ugv_interface/local/lib/python3.10/dist-packages/ugv_interface/_ugv_interface_s.ep.rosidl_typesupport_introspection_c.c
[82.872s] -- Symlinking: /home/pi/ugv_ws/install/ugv_interface/local/lib/python3.10/dist-packages/ugv_interface/action/__init__.py
[82.939s] -- Symlinking: /home/pi/ugv_ws/install/ugv_interface/local/lib/python3.10/dist-packages/ugv_interface/action/_behavior.py
[83.025s] -- Symlinking: /home/pi/ugv_ws/install/ugv_interface/local/lib/python3.10/dist-packages/ugv_interface/action/_behavior_s.c
[83.091s] -- Symlinking: /home/pi/ugv_ws/install/ugv_interface/local/lib/python3.10/dist-packages/ugv_interface/libugv_interface__rosidl_generator_py.so
[83.160s] -- Symlinking: /home/pi/ugv_ws/install/ugv_interface/local/lib/python3.10/dist-packages/ugv_interface/srv/__init__.py
[83.229s] -- Symlinking: /home/pi/ugv_ws/install/ugv_interface/local/lib/python3.10/dist-packages/ugv_interface/srv/_map_save.py
[83.303s] -- Symlinking: /home/pi/ugv_ws/install/ugv_interface/local/lib/python3.10/dist-packages/ugv_interface/srv/_map_save_s.c
[83.368s] -- Symlinking: /home/pi/ugv_ws/install/ugv_interface/local/lib/python3.10/dist-packages/ugv_interface/ugv_interface_s__rosidl_typesupport_c.cpython-310-aarch64-linux-gnu.so
[83.435s] -- Symlinking: /home/pi/ugv_ws/install/ugv_interface/local/lib/python3.10/dist-packages/ugv_interface/ugv_interface_s__rosidl_typesupport_fastrtps_c.cpython-310-aarch64-linux-gnu.so
[83.504s] -- Symlinking: /home/pi/ugv_ws/install/ugv_interface/local/lib/python3.10/dist-packages/ugv_interface/ugv_interface_s__rosidl_typesupport_introspection_c.cpython-310-aarch64-linux-gnu.so
[83.573s] -- Up-to-date symlink: /home/pi/ugv_ws/install/ugv_interface/local/lib/python3.10/dist-packages/ugv_interface/ugv_interface_s__rosidl_typesupport_fastrtps_c.cpython-310-aarch64-linux-gnu.so
[83.578s] -- Up-to-date symlink: /home/pi/ugv_ws/install/ugv_interface/local/lib/python3.10/dist-packages/ugv_interface/ugv_interface_s__rosidl_typesupport_introspection_c.cpython-310-aarch64-linux-gnu.so
[83.585s] -- Up-to-date symlink: /home/pi/ugv_ws/install/ugv_interface/local/lib/python3.10/dist-packages/ugv_interface/ugv_interface_s__rosidl_typesupport_c.cpython-310-aarch64-linux-gnu.so
[83.589s] -- Symlinking: /home/pi/ugv_ws/install/ugv_interface/share/ugv_interface/srv/MapSave.idl
[83.655s] -- Symlinking: /home/pi/ugv_ws/install/ugv_interface/share/ugv_interface/action/Behavior.idl
[83.729s] -- Symlinking: /home/pi/ugv_ws/install/ugv_interface/share/ugv_interface/srv/MapSave.srv
[83.801s] -- Symlinking: /home/pi/ugv_ws/install/ugv_interface/share/ugv_interface/srv/MapSave_Request.msg
[83.865s] -- Symlinking: /home/pi/ugv_ws/install/ugv_interface/share/ugv_interface/srv/MapSave_Response.msg
[83.932s] -- Symlinking: /home/pi/ugv_ws/install/ugv_interface/share/ugv_interface/action/Behavior.action
[84.002s] -- Up-to-date symlink: /home/pi/ugv_ws/install/ugv_interface/share/ugv_interface/srv/MapSave.srv
[84.003s] -- Up-to-date symlink: /home/pi/ugv_ws/install/ugv_interface/share/ugv_interface/action/Behavior.action
[84.005s] -- Symlinking: /home/pi/ugv_ws/install/ugv_interface/share/ament_index/resource_index/package_run_dependencies/ugv_interface
[84.065s] -- Symlinking: /home/pi/ugv_ws/install/ugv_interface/share/ament_index/resource_index/parent_prefix_path/ugv_interface
[84.128s] -- Symlinking: /home/pi/ugv_ws/install/ugv_interface/share/ugv_interface/environment/ament_prefix_path.sh
[84.174s] -- Symlinking: /home/pi/ugv_ws/install/ugv_interface/share/ugv_interface/environment/ament_prefix_path.dsv
[84.224s] -- Symlinking: /home/pi/ugv_ws/install/ugv_interface/share/ugv_interface/environment/path.sh
[84.272s] -- Symlinking: /home/pi/ugv_ws/install/ugv_interface/share/ugv_interface/environment/path.dsv
[84.321s] -- Symlinking: /home/pi/ugv_ws/install/ugv_interface/share/ugv_interface/local_setup.bash
[84.367s] -- Symlinking: /home/pi/ugv_ws/install/ugv_interface/share/ugv_interface/local_setup.sh
[84.419s] -- Symlinking: /home/pi/ugv_ws/install/ugv_interface/share/ugv_interface/local_setup.zsh
[84.456s] -- Symlinking: /home/pi/ugv_ws/install/ugv_interface/share/ugv_interface/local_setup.dsv
[84.495s] -- Symlinking: /home/pi/ugv_ws/install/ugv_interface/share/ugv_interface/package.dsv
[84.554s] -- Symlinking: /home/pi/ugv_ws/install/ugv_interface/share/ament_index/resource_index/packages/ugv_interface
[84.599s] -- Symlinking: /home/pi/ugv_ws/install/ugv_interface/share/ugv_interface/cmake/rosidl_cmake-extras.cmake
[84.644s] -- Symlinking: /home/pi/ugv_ws/install/ugv_interface/share/ugv_interface/cmake/ament_cmake_export_dependencies-extras.cmake
[84.688s] -- Symlinking: /home/pi/ugv_ws/install/ugv_interface/share/ugv_interface/cmake/ament_cmake_export_include_directories-extras.cmake
[84.729s] -- Symlinking: /home/pi/ugv_ws/install/ugv_interface/share/ugv_interface/cmake/ament_cmake_export_libraries-extras.cmake
[84.778s] -- Symlinking: /home/pi/ugv_ws/install/ugv_interface/share/ugv_interface/cmake/ament_cmake_export_targets-extras.cmake
[84.827s] -- Symlinking: /home/pi/ugv_ws/install/ugv_interface/share/ugv_interface/cmake/rosidl_cmake_export_typesupport_targets-extras.cmake
[84.877s] -- Symlinking: /home/pi/ugv_ws/install/ugv_interface/share/ugv_interface/cmake/rosidl_cmake_export_typesupport_libraries-extras.cmake
[84.918s] -- Symlinking: /home/pi/ugv_ws/install/ugv_interface/share/ugv_interface/cmake/ugv_interfaceConfig.cmake
[84.965s] -- Symlinking: /home/pi/ugv_ws/install/ugv_interface/share/ugv_interface/cmake/ugv_interfaceConfig-version.cmake
[85.033s] -- Symlinking: /home/pi/ugv_ws/install/ugv_interface/share/ugv_interface/package.xml
[85.079s] -- Installing: /home/pi/ugv_ws/install/ugv_interface/lib/libugv_interface__rosidl_generator_c.so
[85.083s] -- Set runtime path of "/home/pi/ugv_ws/install/ugv_interface/lib/libugv_interface__rosidl_generator_c.so" to ""
[85.084s] -- Installing: /home/pi/ugv_ws/install/ugv_interface/lib/libugv_interface__rosidl_typesupport_fastrtps_c.so
[85.088s] -- Set runtime path of "/home/pi/ugv_ws/install/ugv_interface/lib/libugv_interface__rosidl_typesupport_fastrtps_c.so" to ""
[85.089s] -- Installing: /home/pi/ugv_ws/install/ugv_interface/lib/libugv_interface__rosidl_typesupport_introspection_c.so
[85.092s] -- Set runtime path of "/home/pi/ugv_ws/install/ugv_interface/lib/libugv_interface__rosidl_typesupport_introspection_c.so" to ""
[85.094s] -- Installing: /home/pi/ugv_ws/install/ugv_interface/lib/libugv_interface__rosidl_typesupport_c.so
[85.096s] -- Set runtime path of "/home/pi/ugv_ws/install/ugv_interface/lib/libugv_interface__rosidl_typesupport_c.so" to ""
[85.098s] -- Installing: /home/pi/ugv_ws/install/ugv_interface/lib/libugv_interface__rosidl_typesupport_fastrtps_cpp.so
[85.102s] -- Set runtime path of "/home/pi/ugv_ws/install/ugv_interface/lib/libugv_interface__rosidl_typesupport_fastrtps_cpp.so" to ""
[85.104s] -- Installing: /home/pi/ugv_ws/install/ugv_interface/lib/libugv_interface__rosidl_typesupport_introspection_cpp.so
[85.109s] -- Set runtime path of "/home/pi/ugv_ws/install/ugv_interface/lib/libugv_interface__rosidl_typesupport_introspection_cpp.so" to ""
[85.111s] -- Installing: /home/pi/ugv_ws/install/ugv_interface/lib/libugv_interface__rosidl_typesupport_cpp.so
[85.116s] -- Set runtime path of "/home/pi/ugv_ws/install/ugv_interface/lib/libugv_interface__rosidl_typesupport_cpp.so" to ""
[85.438s] Listing '/home/pi/ugv_ws/install/ugv_interface/local/lib/python3.10/dist-packages/ugv_interface'...
[85.441s] Compiling '/home/pi/ugv_ws/install/ugv_interface/local/lib/python3.10/dist-packages/ugv_interface/__init__.py'...
[85.442s] Listing '/home/pi/ugv_ws/install/ugv_interface/local/lib/python3.10/dist-packages/ugv_interface/action'...
[85.443s] Compiling '/home/pi/ugv_ws/install/ugv_interface/local/lib/python3.10/dist-packages/ugv_interface/action/__init__.py'...
[85.444s] Compiling '/home/pi/ugv_ws/install/ugv_interface/local/lib/python3.10/dist-packages/ugv_interface/action/_behavior.py'...
[85.445s] Listing '/home/pi/ugv_ws/install/ugv_interface/local/lib/python3.10/dist-packages/ugv_interface/srv'...
[85.446s] Compiling '/home/pi/ugv_ws/install/ugv_interface/local/lib/python3.10/dist-packages/ugv_interface/srv/__init__.py'...
[85.447s] Compiling '/home/pi/ugv_ws/install/ugv_interface/local/lib/python3.10/dist-packages/ugv_interface/srv/_map_save.py'...
[85.509s] -- Installing: /home/pi/ugv_ws/install/ugv_interface/lib/libugv_interface__rosidl_generator_py.so
[85.515s] -- Set runtime path of "/home/pi/ugv_ws/install/ugv_interface/lib/libugv_interface__rosidl_generator_py.so" to ""
[85.517s] -- Installing: /home/pi/ugv_ws/install/ugv_interface/share/ugv_interface/cmake/export_ugv_interface__rosidl_generator_cExport.cmake
[85.524s] -- Installing: /home/pi/ugv_ws/install/ugv_interface/share/ugv_interface/cmake/export_ugv_interface__rosidl_generator_cExport-noconfig.cmake
[85.529s] -- Installing: /home/pi/ugv_ws/install/ugv_interface/share/ugv_interface/cmake/export_ugv_interface__rosidl_typesupport_fastrtps_cExport.cmake
[85.534s] -- Installing: /home/pi/ugv_ws/install/ugv_interface/share/ugv_interface/cmake/export_ugv_interface__rosidl_typesupport_fastrtps_cExport-noconfig.cmake
[85.538s] -- Installing: /home/pi/ugv_ws/install/ugv_interface/share/ugv_interface/cmake/ugv_interface__rosidl_typesupport_introspection_cExport.cmake
[85.542s] -- Installing: /home/pi/ugv_ws/install/ugv_interface/share/ugv_interface/cmake/ugv_interface__rosidl_typesupport_introspection_cExport-noconfig.cmake
[85.548s] -- Installing: /home/pi/ugv_ws/install/ugv_interface/share/ugv_interface/cmake/ugv_interface__rosidl_typesupport_cExport.cmake
[85.553s] -- Installing: /home/pi/ugv_ws/install/ugv_interface/share/ugv_interface/cmake/ugv_interface__rosidl_typesupport_cExport-noconfig.cmake
[85.557s] -- Installing: /home/pi/ugv_ws/install/ugv_interface/share/ugv_interface/cmake/export_ugv_interface__rosidl_generator_cppExport.cmake
[85.561s] -- Installing: /home/pi/ugv_ws/install/ugv_interface/share/ugv_interface/cmake/export_ugv_interface__rosidl_typesupport_fastrtps_cppExport.cmake
[85.565s] -- Installing: /home/pi/ugv_ws/install/ugv_interface/share/ugv_interface/cmake/export_ugv_interface__rosidl_typesupport_fastrtps_cppExport-noconfig.cmake
[85.570s] -- Installing: /home/pi/ugv_ws/install/ugv_interface/share/ugv_interface/cmake/ugv_interface__rosidl_typesupport_introspection_cppExport.cmake
[85.573s] -- Installing: /home/pi/ugv_ws/install/ugv_interface/share/ugv_interface/cmake/ugv_interface__rosidl_typesupport_introspection_cppExport-noconfig.cmake
[85.577s] -- Installing: /home/pi/ugv_ws/install/ugv_interface/share/ugv_interface/cmake/ugv_interface__rosidl_typesupport_cppExport.cmake
[85.580s] -- Installing: /home/pi/ugv_ws/install/ugv_interface/share/ugv_interface/cmake/ugv_interface__rosidl_typesupport_cppExport-noconfig.cmake
[85.583s] -- Installing: /home/pi/ugv_ws/install/ugv_interface/share/ugv_interface/cmake/export_ugv_interface__rosidl_generator_pyExport.cmake
[85.586s] -- Installing: /home/pi/ugv_ws/install/ugv_interface/share/ugv_interface/cmake/export_ugv_interface__rosidl_generator_pyExport-noconfig.cmake
[85.605s] Invoked command in '/home/pi/ugv_ws/build/ugv_interface' returned '0': CMAKE_PREFIX_PATH=/opt/ros/humble /usr/bin/cmake --install /home/pi/ugv_ws/build/ugv_interface
