[5.876s] Invoking command in '/home/pi/ugv_ws/build/ugv_vision': PYTHONPATH=/home/pi/ugv_ws/build/ugv_vision/prefix_override:/usr/lib/python3/dist-packages/colcon_core/task/python/colcon_distutils_commands:/home/pi/ugv_ws/install/ugv_vision/lib/python3.10/site-packages:${PYTHONPATH} /usr/bin/python3 -W ignore:setup.py install is deprecated -W ignore:easy_install command is deprecated setup.py develop --editable --build-directory /home/pi/ugv_ws/build/ugv_vision/build --no-deps symlink_data
[8.534s] running develop
[10.290s] running egg_info
[10.294s] writing ugv_vision.egg-info/PKG-INFO
[10.299s] writing dependency_links to ugv_vision.egg-info/dependency_links.txt
[10.303s] writing entry points to ugv_vision.egg-info/entry_points.txt
[10.308s] writing requirements to ugv_vision.egg-info/requires.txt
[10.312s] writing top-level names to ugv_vision.egg-info/top_level.txt
[10.327s] reading manifest file 'ugv_vision.egg-info/SOURCES.txt'
[10.335s] writing manifest file 'ugv_vision.egg-info/SOURCES.txt'
[10.348s] running build_ext
[10.352s] Creating /home/pi/ugv_ws/install/ugv_vision/lib/python3.10/site-packages/ugv-vision.egg-link (link to .)
[10.361s] Installing apriltag_ctrl script to /home/pi/ugv_ws/install/ugv_vision/lib/ugv_vision
[10.366s] Installing apriltag_track_0 script to /home/pi/ugv_ws/install/ugv_vision/lib/ugv_vision
[10.371s] Installing apriltag_track_1 script to /home/pi/ugv_ws/install/ugv_vision/lib/ugv_vision
[10.400s] Installing apriltag_track_2 script to /home/pi/ugv_ws/install/ugv_vision/lib/ugv_vision
[10.401s] Installing color_track script to /home/pi/ugv_ws/install/ugv_vision/lib/ugv_vision
[10.404s] Installing gesture_ctrl script to /home/pi/ugv_ws/install/ugv_vision/lib/ugv_vision
[10.404s] Installing kcf_track script to /home/pi/ugv_ws/install/ugv_vision/lib/ugv_vision
[10.405s] 
[10.406s] Installed /home/pi/ugv_ws/build/ugv_vision
[10.407s] running symlink_data
[10.611s] Invoked command in '/home/pi/ugv_ws/build/ugv_vision' returned '0': PYTHONPATH=/home/pi/ugv_ws/build/ugv_vision/prefix_override:/usr/lib/python3/dist-packages/colcon_core/task/python/colcon_distutils_commands:/home/pi/ugv_ws/install/ugv_vision/lib/python3.10/site-packages:${PYTHONPATH} /usr/bin/python3 -W ignore:setup.py install is deprecated -W ignore:easy_install command is deprecated setup.py develop --editable --build-directory /home/pi/ugv_ws/build/ugv_vision/build --no-deps symlink_data
