running develop
running egg_info
writing ugv_vision.egg-info/PKG-INFO
writing dependency_links to ugv_vision.egg-info/dependency_links.txt
writing entry points to ugv_vision.egg-info/entry_points.txt
writing requirements to ugv_vision.egg-info/requires.txt
writing top-level names to ugv_vision.egg-info/top_level.txt
reading manifest file 'ugv_vision.egg-info/SOURCES.txt'
writing manifest file 'ugv_vision.egg-info/SOURCES.txt'
running build_ext
Creating /home/pi/ugv_ws/install/ugv_vision/lib/python3.10/site-packages/ugv-vision.egg-link (link to .)
Installing apriltag_ctrl script to /home/pi/ugv_ws/install/ugv_vision/lib/ugv_vision
Installing apriltag_track_0 script to /home/pi/ugv_ws/install/ugv_vision/lib/ugv_vision
Installing apriltag_track_1 script to /home/pi/ugv_ws/install/ugv_vision/lib/ugv_vision
Installing apriltag_track_2 script to /home/pi/ugv_ws/install/ugv_vision/lib/ugv_vision
Installing color_track script to /home/pi/ugv_ws/install/ugv_vision/lib/ugv_vision
Installing gesture_ctrl script to /home/pi/ugv_ws/install/ugv_vision/lib/ugv_vision
Installing kcf_track script to /home/pi/ugv_ws/install/ugv_vision/lib/ugv_vision

Installed /home/pi/ugv_ws/build/ugv_vision
running symlink_data
symbolically linking /home/pi/ugv_ws/build/ugv_vision/resource/ugv_vision -> /home/pi/ugv_ws/install/ugv_vision/share/ament_index/resource_index/packages
symbolically linking /home/pi/ugv_ws/build/ugv_vision/package.xml -> /home/pi/ugv_ws/install/ugv_vision/share/ugv_vision
symbolically linking /home/pi/ugv_ws/build/ugv_vision/launch/oak_d_lite.launch.py -> /home/pi/ugv_ws/install/ugv_vision/share/ugv_vision/launch
symbolically linking /home/pi/ugv_ws/build/ugv_vision/launch/apriltag_track.launch.py -> /home/pi/ugv_ws/install/ugv_vision/share/ugv_vision/launch
symbolically linking /home/pi/ugv_ws/build/ugv_vision/launch/stereo.launch.py -> /home/pi/ugv_ws/install/ugv_vision/share/ugv_vision/launch
symbolically linking /home/pi/ugv_ws/build/ugv_vision/launch/camera.launch.py -> /home/pi/ugv_ws/install/ugv_vision/share/ugv_vision/launch
symbolically linking /home/pi/ugv_ws/build/ugv_vision/config/camera_info.yaml -> /home/pi/ugv_ws/install/ugv_vision/share/ugv_vision/config
symbolically linking /home/pi/ugv_ws/build/ugv_vision/config/stereo.yaml -> /home/pi/ugv_ws/install/ugv_vision/share/ugv_vision/config
symbolically linking /home/pi/ugv_ws/build/ugv_vision/config/params.yaml -> /home/pi/ugv_ws/install/ugv_vision/share/ugv_vision/config
symbolically linking /home/pi/ugv_ws/build/ugv_vision/config/oak_d_lite.yaml -> /home/pi/ugv_ws/install/ugv_vision/share/ugv_vision/config
