[6.372s] Invoking command in '/home/pi/ugv_ws/build/ugv_vision': PYTHONPATH=/home/pi/ugv_ws/build/ugv_vision/prefix_override:/usr/lib/python3/dist-packages/colcon_core/task/python/colcon_distutils_commands:/home/pi/ugv_ws/install/ugv_vision/lib/python3.10/site-packages:${PYTHONPATH} /usr/bin/python3 -W ignore:setup.py install is deprecated -W ignore:easy_install command is deprecated setup.py develop --editable --build-directory /home/pi/ugv_ws/build/ugv_vision/build --no-deps symlink_data --force
[8.596s] running develop
[10.640s] running egg_info
[10.642s] writing ugv_vision.egg-info/PKG-INFO
[10.643s] writing dependency_links to ugv_vision.egg-info/dependency_links.txt
[10.646s] writing entry points to ugv_vision.egg-info/entry_points.txt
[10.646s] writing requirements to ugv_vision.egg-info/requires.txt
[10.647s] writing top-level names to ugv_vision.egg-info/top_level.txt
[10.654s] reading manifest file 'ugv_vision.egg-info/SOURCES.txt'
[10.669s] writing manifest file 'ugv_vision.egg-info/SOURCES.txt'
[10.693s] running build_ext
[10.695s] Creating /home/pi/ugv_ws/install/ugv_vision/lib/python3.10/site-packages/ugv-vision.egg-link (link to .)
[10.710s] Installing apriltag_ctrl script to /home/pi/ugv_ws/install/ugv_vision/lib/ugv_vision
[10.712s] Installing apriltag_track_0 script to /home/pi/ugv_ws/install/ugv_vision/lib/ugv_vision
[10.714s] Installing apriltag_track_1 script to /home/pi/ugv_ws/install/ugv_vision/lib/ugv_vision
[10.716s] Installing apriltag_track_2 script to /home/pi/ugv_ws/install/ugv_vision/lib/ugv_vision
[10.716s] Installing color_track script to /home/pi/ugv_ws/install/ugv_vision/lib/ugv_vision
[10.721s] Installing gesture_ctrl script to /home/pi/ugv_ws/install/ugv_vision/lib/ugv_vision
[10.722s] Installing kcf_track script to /home/pi/ugv_ws/install/ugv_vision/lib/ugv_vision
[10.723s] 
[10.723s] Installed /home/pi/ugv_ws/build/ugv_vision
[10.723s] running symlink_data
[10.726s] symbolically linking /home/pi/ugv_ws/build/ugv_vision/resource/ugv_vision -> /home/pi/ugv_ws/install/ugv_vision/share/ament_index/resource_index/packages
[10.727s] symbolically linking /home/pi/ugv_ws/build/ugv_vision/package.xml -> /home/pi/ugv_ws/install/ugv_vision/share/ugv_vision
[10.728s] symbolically linking /home/pi/ugv_ws/build/ugv_vision/launch/oak_d_lite.launch.py -> /home/pi/ugv_ws/install/ugv_vision/share/ugv_vision/launch
[10.729s] symbolically linking /home/pi/ugv_ws/build/ugv_vision/launch/apriltag_track.launch.py -> /home/pi/ugv_ws/install/ugv_vision/share/ugv_vision/launch
[10.729s] symbolically linking /home/pi/ugv_ws/build/ugv_vision/launch/stereo.launch.py -> /home/pi/ugv_ws/install/ugv_vision/share/ugv_vision/launch
[10.730s] symbolically linking /home/pi/ugv_ws/build/ugv_vision/launch/camera.launch.py -> /home/pi/ugv_ws/install/ugv_vision/share/ugv_vision/launch
[10.732s] symbolically linking /home/pi/ugv_ws/build/ugv_vision/config/camera_info.yaml -> /home/pi/ugv_ws/install/ugv_vision/share/ugv_vision/config
[10.749s] symbolically linking /home/pi/ugv_ws/build/ugv_vision/config/stereo.yaml -> /home/pi/ugv_ws/install/ugv_vision/share/ugv_vision/config
[10.750s] symbolically linking /home/pi/ugv_ws/build/ugv_vision/config/params.yaml -> /home/pi/ugv_ws/install/ugv_vision/share/ugv_vision/config
[10.750s] symbolically linking /home/pi/ugv_ws/build/ugv_vision/config/oak_d_lite.yaml -> /home/pi/ugv_ws/install/ugv_vision/share/ugv_vision/config
[10.985s] Invoked command in '/home/pi/ugv_ws/build/ugv_vision' returned '0': PYTHONPATH=/home/pi/ugv_ws/build/ugv_vision/prefix_override:/usr/lib/python3/dist-packages/colcon_core/task/python/colcon_distutils_commands:/home/pi/ugv_ws/install/ugv_vision/lib/python3.10/site-packages:${PYTHONPATH} /usr/bin/python3 -W ignore:setup.py install is deprecated -W ignore:easy_install command is deprecated setup.py develop --editable --build-directory /home/pi/ugv_ws/build/ugv_vision/build --no-deps symlink_data --force
