[0.048s] Invoking command in '/home/pi/ugv_ws/build/ugv_slam': CMAKE_PREFIX_PATH=/opt/ros/humble /usr/bin/cmake /home/pi/ugv_ws/src/ugv_main/ugv_slam -DAMENT_CMAKE_SYMLINK_INSTALL=1 -DCMAKE_INSTALL_PREFIX=/home/pi/ugv_ws/install/ugv_slam
[0.378s] -- The C compiler identification is GNU 11.4.0
[0.713s] -- The CXX compiler identification is GNU 11.4.0
[0.752s] -- Detecting C compiler ABI info
[1.212s] -- Detecting C compiler ABI info - done
[1.246s] -- Check for working C compiler: /usr/bin/cc - skipped
[1.249s] -- Detecting C compile features
[1.252s] -- Detecting C compile features - done
[1.270s] -- Detecting CXX compiler ABI info
[1.770s] -- Detecting CXX compiler ABI info - done
[1.802s] -- Check for working CXX compiler: /usr/bin/c++ - skipped
[1.804s] -- Detecting CXX compile features
[1.808s] -- Detecting CXX compile features - done
[1.847s] -- Found ament_cmake: 1.3.11 (/opt/ros/humble/share/ament_cmake/cmake)
[2.934s] -- Found Python3: /usr/bin/python3 (found version "3.10.12") found components: Interpreter 
[3.390s] -- Override CMake install command with custom implementation using symlinks instead of copying resources
[3.762s] -- Found ament_lint_auto: 0.12.11 (/opt/ros/humble/share/ament_lint_auto/cmake)
[4.481s] -- Added test 'copyright' to check source files copyright and LICENSE
[4.498s] -- Added test 'flake8' to check Python code syntax and style conventions
[4.503s] -- Added test 'lint_cmake' to check CMake code style
[4.507s] -- Added test 'pep257' to check Python code against some of the docstring style conventions in PEP 257
[4.519s] -- Added test 'xmllint' to check XML markup files
[4.531s] -- Configuring done
[4.560s] -- Generating done
[4.574s] -- Build files have been written to: /home/pi/ugv_ws/build/ugv_slam
[4.605s] Invoked command in '/home/pi/ugv_ws/build/ugv_slam' returned '0': CMAKE_PREFIX_PATH=/opt/ros/humble /usr/bin/cmake /home/pi/ugv_ws/src/ugv_main/ugv_slam -DAMENT_CMAKE_SYMLINK_INSTALL=1 -DCMAKE_INSTALL_PREFIX=/home/pi/ugv_ws/install/ugv_slam
[4.607s] Invoking command in '/home/pi/ugv_ws/build/ugv_slam': CMAKE_PREFIX_PATH=/opt/ros/humble /usr/bin/cmake --build /home/pi/ugv_ws/build/ugv_slam -- -j4 -l4
[4.819s] Invoked command in '/home/pi/ugv_ws/build/ugv_slam' returned '0': CMAKE_PREFIX_PATH=/opt/ros/humble /usr/bin/cmake --build /home/pi/ugv_ws/build/ugv_slam -- -j4 -l4
[4.821s] Invoking command in '/home/pi/ugv_ws/build/ugv_slam': CMAKE_PREFIX_PATH=/opt/ros/humble /usr/bin/cmake --install /home/pi/ugv_ws/build/ugv_slam
[4.866s] -- Install configuration: ""
[4.869s] -- Execute custom install script
[4.874s] -- Symlinking: /home/pi/ugv_ws/install/ugv_slam/share/ugv_slam/launch/cartographer.launch.py
[4.933s] -- Symlinking: /home/pi/ugv_ws/install/ugv_slam/share/ugv_slam/launch/gmapping.launch.py
[4.983s] -- Symlinking: /home/pi/ugv_ws/install/ugv_slam/share/ugv_slam/launch/rtabmap_rgbd.launch.py
[5.024s] -- Symlinking: /home/pi/ugv_ws/install/ugv_slam/share/ugv_slam/rviz/view_slam_2d.rviz
[5.071s] -- Symlinking: /home/pi/ugv_ws/install/ugv_slam/share/ugv_slam/rviz/view_slam_3d.rviz
[5.115s] -- Symlinking: /home/pi/ugv_ws/install/ugv_slam/share/ament_index/resource_index/package_run_dependencies/ugv_slam
[5.163s] -- Symlinking: /home/pi/ugv_ws/install/ugv_slam/share/ament_index/resource_index/parent_prefix_path/ugv_slam
[5.204s] -- Symlinking: /home/pi/ugv_ws/install/ugv_slam/share/ugv_slam/environment/ament_prefix_path.sh
[5.245s] -- Symlinking: /home/pi/ugv_ws/install/ugv_slam/share/ugv_slam/environment/ament_prefix_path.dsv
[5.289s] -- Symlinking: /home/pi/ugv_ws/install/ugv_slam/share/ugv_slam/environment/path.sh
[5.333s] -- Symlinking: /home/pi/ugv_ws/install/ugv_slam/share/ugv_slam/environment/path.dsv
[5.377s] -- Symlinking: /home/pi/ugv_ws/install/ugv_slam/share/ugv_slam/local_setup.bash
[5.425s] -- Symlinking: /home/pi/ugv_ws/install/ugv_slam/share/ugv_slam/local_setup.sh
[5.478s] -- Symlinking: /home/pi/ugv_ws/install/ugv_slam/share/ugv_slam/local_setup.zsh
[5.524s] -- Symlinking: /home/pi/ugv_ws/install/ugv_slam/share/ugv_slam/local_setup.dsv
[5.573s] -- Symlinking: /home/pi/ugv_ws/install/ugv_slam/share/ugv_slam/package.dsv
[5.624s] -- Symlinking: /home/pi/ugv_ws/install/ugv_slam/share/ament_index/resource_index/packages/ugv_slam
[5.673s] -- Symlinking: /home/pi/ugv_ws/install/ugv_slam/share/ugv_slam/cmake/ugv_slamConfig.cmake
[5.719s] -- Symlinking: /home/pi/ugv_ws/install/ugv_slam/share/ugv_slam/cmake/ugv_slamConfig-version.cmake
[5.766s] -- Symlinking: /home/pi/ugv_ws/install/ugv_slam/share/ugv_slam/package.xml
[7.699s] Invoked command in '/home/pi/ugv_ws/build/ugv_slam' returned '0': CMAKE_PREFIX_PATH=/opt/ros/humble /usr/bin/cmake --install /home/pi/ugv_ws/build/ugv_slam
