[0.098s] Invoking command in '/home/pi/ugv_ws/build/apriltag': CMAKE_PREFIX_PATH=/opt/ros/humble /usr/bin/cmake /home/pi/ugv_ws/src/ugv_else/apriltag_ros/apriltag -DCMAKE_INSTALL_PREFIX=/home/pi/ugv_ws/install/apriltag
[1.476s] -- The C compiler identification is GNU 11.4.0
[4.835s] -- Detecting C compiler ABI info
[5.287s] -- Detecting C compiler ABI info - done
[5.315s] -- Check for working C compiler: /usr/bin/cc - skipped
[5.317s] -- Detecting C compile features
[5.329s] -- Detecting C compile features - done
[5.334s] -- Setting build type to 'Release' as none was specified.
[5.363s] -- Looking for pthread.h
[5.882s] -- Looking for pthread.h - found
[5.883s] -- Performing Test CMAKE_HAVE_LIBC_PTHREAD
[6.292s] -- Performing Test CMAKE_HAVE_LIBC_PTHREAD - Success
[6.350s] -- Found Threads: TRUE  
[10.497s] -- The CXX compiler identification is GNU 11.4.0
[10.535s] -- Detecting CXX compiler ABI info
[11.007s] -- Detecting CXX compiler ABI info - done
[11.038s] -- Check for working CXX compiler: /usr/bin/c++ - skipped
[11.041s] -- Detecting CXX compile features
[11.044s] -- Detecting CXX compile features - done
[11.050s] -- Configuring done
[11.137s] -- Generating done
[11.162s] -- Build files have been written to: /home/pi/ugv_ws/build/apriltag
[11.184s] Invoked command in '/home/pi/ugv_ws/build/apriltag' returned '0': CMAKE_PREFIX_PATH=/opt/ros/humble /usr/bin/cmake /home/pi/ugv_ws/src/ugv_else/apriltag_ros/apriltag -DCMAKE_INSTALL_PREFIX=/home/pi/ugv_ws/install/apriltag
[11.192s] Invoking command in '/home/pi/ugv_ws/build/apriltag': CMAKE_PREFIX_PATH=/opt/ros/humble /usr/bin/cmake --build /home/pi/ugv_ws/build/apriltag -- -j4 -l4
[11.465s] [  2%] [34m[1mGenerating apriltag_detect_docstring.h, apriltag_detect_docstring.cxx[0m
[11.514s] [  4%] [34m[1mGenerating apriltag_py_type_docstring.h, apriltag_py_type_docstring.cxx[0m
[11.573s] [  7%] [32mBuilding C object CMakeFiles/apriltag.dir/apriltag.c.o[0m
[11.601s] [  9%] [32mBuilding C object CMakeFiles/apriltag.dir/apriltag_pose.c.o[0m
[11.610s] [ 12%] [32mBuilding C object CMakeFiles/apriltag.dir/apriltag_quad_thresh.c.o[0m
[11.807s] [ 12%] Built target apriltag_py_docstrings
[11.852s] [ 14%] [32mBuilding C object CMakeFiles/apriltag.dir/common/g2d.c.o[0m
[15.229s] [ 17%] [32mBuilding C object CMakeFiles/apriltag.dir/common/getopt.c.o[0m
[15.909s] [ 19%] [32mBuilding C object CMakeFiles/apriltag.dir/common/homography.c.o[0m
[17.201s] [ 21%] [32mBuilding C object CMakeFiles/apriltag.dir/common/image_u8.c.o[0m
[17.765s] [ 24%] [32mBuilding C object CMakeFiles/apriltag.dir/common/image_u8x3.c.o[0m
[18.516s] [ 26%] [32mBuilding C object CMakeFiles/apriltag.dir/common/image_u8x4.c.o[0m
[19.431s] [ 29%] [32mBuilding C object CMakeFiles/apriltag.dir/common/matd.c.o[0m
[19.701s] [ 31%] [32mBuilding C object CMakeFiles/apriltag.dir/common/pam.c.o[0m
[20.063s] [ 34%] [32mBuilding C object CMakeFiles/apriltag.dir/common/pjpeg-idct.c.o[0m
[20.849s] [ 36%] [32mBuilding C object CMakeFiles/apriltag.dir/common/pjpeg.c.o[0m
[21.985s] [ 39%] [32mBuilding C object CMakeFiles/apriltag.dir/common/pnm.c.o[0m
[22.094s] [ 41%] [32mBuilding C object CMakeFiles/apriltag.dir/common/pthreads_cross.c.o[0m
[22.462s] [ 43%] [32mBuilding C object CMakeFiles/apriltag.dir/common/string_util.c.o[0m
[22.518s] [ 46%] [32mBuilding C object CMakeFiles/apriltag.dir/common/svd22.c.o[0m
[23.120s] [ 48%] [32mBuilding C object CMakeFiles/apriltag.dir/common/time_util.c.o[0m
[23.671s] [ 51%] [32mBuilding C object CMakeFiles/apriltag.dir/common/unionfind.c.o[0m
[24.203s] [ 53%] [32mBuilding C object CMakeFiles/apriltag.dir/common/workerpool.c.o[0m
[26.175s] [ 56%] [32mBuilding C object CMakeFiles/apriltag.dir/common/zarray.c.o[0m
[26.256s] [ 58%] [32mBuilding C object CMakeFiles/apriltag.dir/common/zhash.c.o[0m
[26.758s] [ 60%] [32mBuilding C object CMakeFiles/apriltag.dir/common/zmaxheap.c.o[0m
[27.195s] [ 63%] [32mBuilding C object CMakeFiles/apriltag.dir/tag16h5.c.o[0m
[27.831s] [ 65%] [32mBuilding C object CMakeFiles/apriltag.dir/tag25h9.c.o[0m
[27.986s] [ 68%] [32mBuilding C object CMakeFiles/apriltag.dir/tag36h10.c.o[0m
[28.825s] [ 70%] [32mBuilding C object CMakeFiles/apriltag.dir/tag36h11.c.o[0m
[28.926s] [ 73%] [32mBuilding C object CMakeFiles/apriltag.dir/tagCircle21h7.c.o[0m
[29.360s] [ 75%] [32mBuilding C object CMakeFiles/apriltag.dir/tagCircle49h12.c.o[0m
[29.431s] [ 78%] [32mBuilding C object CMakeFiles/apriltag.dir/tagCustom48h12.c.o[0m
[31.600s] [ 80%] [32mBuilding C object CMakeFiles/apriltag.dir/tagStandard52h13.c.o[0m
[32.528s] [ 82%] [32mBuilding C object CMakeFiles/apriltag.dir/tagStandard41h12.c.o[0m
[32.936s] [ 85%] [32m[1mLinking C shared library libapriltag.so[0m
[33.548s] [ 85%] Built target apriltag
[33.804s] [ 87%] [32mBuilding C object CMakeFiles/apriltag.cpython-310-aarch64-linux-gnu.dir/apriltag_pywrap.c.o[0m
[35.565s] [ 90%] [32m[1mLinking C shared module apriltag.cpython-310-aarch64-linux-gnu.so[0m
[35.817s] [ 90%] Built target apriltag.cpython-310-aarch64-linux-gnu
[35.933s] [ 92%] [32mBuilding CXX object CMakeFiles/opencv_demo.dir/example/opencv_demo.cc.o[0m
[49.728s] [ 95%] [32m[1mLinking CXX executable opencv_demo[0m
[52.391s] [ 95%] Built target opencv_demo
[52.505s] [ 97%] [32mBuilding C object CMakeFiles/apriltag_demo.dir/example/apriltag_demo.c.o[0m
[53.247s] [100%] [32m[1mLinking C executable apriltag_demo[0m
[53.495s] [100%] Built target apriltag_demo
[53.550s] Invoked command in '/home/pi/ugv_ws/build/apriltag' returned '0': CMAKE_PREFIX_PATH=/opt/ros/humble /usr/bin/cmake --build /home/pi/ugv_ws/build/apriltag -- -j4 -l4
[53.599s] Invoking command in '/home/pi/ugv_ws/build/apriltag': CMAKE_PREFIX_PATH=/opt/ros/humble /usr/bin/cmake --install /home/pi/ugv_ws/build/apriltag
[53.644s] -- Install configuration: "Release"
[53.646s] -- Installing: /home/pi/ugv_ws/install/apriltag/include/apriltag/apriltag.h
[53.650s] -- Installing: /home/pi/ugv_ws/install/apriltag/include/apriltag/apriltag_math.h
[53.653s] -- Installing: /home/pi/ugv_ws/install/apriltag/include/apriltag/apriltag_pose.h
[53.656s] -- Installing: /home/pi/ugv_ws/install/apriltag/include/apriltag/common/debug_print.h
[53.658s] -- Installing: /home/pi/ugv_ws/install/apriltag/include/apriltag/common/doubles.h
[53.661s] -- Installing: /home/pi/ugv_ws/install/apriltag/include/apriltag/common/doubles_floats_impl.h
[53.665s] -- Installing: /home/pi/ugv_ws/install/apriltag/include/apriltag/common/floats.h
[53.668s] -- Installing: /home/pi/ugv_ws/install/apriltag/include/apriltag/common/g2d.h
[53.671s] -- Installing: /home/pi/ugv_ws/install/apriltag/include/apriltag/common/getopt.h
[53.673s] -- Installing: /home/pi/ugv_ws/install/apriltag/include/apriltag/common/homography.h
[53.676s] -- Installing: /home/pi/ugv_ws/install/apriltag/include/apriltag/common/image_types.h
[53.680s] -- Installing: /home/pi/ugv_ws/install/apriltag/include/apriltag/common/image_u8.h
[53.682s] -- Installing: /home/pi/ugv_ws/install/apriltag/include/apriltag/common/image_u8x3.h
[53.684s] -- Installing: /home/pi/ugv_ws/install/apriltag/include/apriltag/common/image_u8x4.h
[53.685s] -- Installing: /home/pi/ugv_ws/install/apriltag/include/apriltag/common/matd.h
[53.687s] -- Installing: /home/pi/ugv_ws/install/apriltag/include/apriltag/common/math_util.h
[53.688s] -- Installing: /home/pi/ugv_ws/install/apriltag/include/apriltag/common/pam.h
[53.690s] -- Installing: /home/pi/ugv_ws/install/apriltag/include/apriltag/common/pjpeg.h
[53.691s] -- Installing: /home/pi/ugv_ws/install/apriltag/include/apriltag/common/pnm.h
[53.692s] -- Installing: /home/pi/ugv_ws/install/apriltag/include/apriltag/common/postscript_utils.h
[53.694s] -- Installing: /home/pi/ugv_ws/install/apriltag/include/apriltag/common/pthreads_cross.h
[53.695s] -- Installing: /home/pi/ugv_ws/install/apriltag/include/apriltag/common/string_util.h
[53.697s] -- Installing: /home/pi/ugv_ws/install/apriltag/include/apriltag/common/svd22.h
[53.699s] -- Installing: /home/pi/ugv_ws/install/apriltag/include/apriltag/common/time_util.h
[53.700s] -- Installing: /home/pi/ugv_ws/install/apriltag/include/apriltag/common/timeprofile.h
[53.702s] -- Installing: /home/pi/ugv_ws/install/apriltag/include/apriltag/common/unionfind.h
[53.703s] -- Installing: /home/pi/ugv_ws/install/apriltag/include/apriltag/common/workerpool.h
[53.704s] -- Installing: /home/pi/ugv_ws/install/apriltag/include/apriltag/common/zarray.h
[53.706s] -- Installing: /home/pi/ugv_ws/install/apriltag/include/apriltag/common/zhash.h
[53.708s] -- Installing: /home/pi/ugv_ws/install/apriltag/include/apriltag/common/zmaxheap.h
[53.709s] -- Installing: /home/pi/ugv_ws/install/apriltag/include/apriltag/tag16h5.h
[53.711s] -- Installing: /home/pi/ugv_ws/install/apriltag/include/apriltag/tag25h9.h
[53.713s] -- Installing: /home/pi/ugv_ws/install/apriltag/include/apriltag/tag36h10.h
[53.714s] -- Installing: /home/pi/ugv_ws/install/apriltag/include/apriltag/tag36h11.h
[53.716s] -- Installing: /home/pi/ugv_ws/install/apriltag/include/apriltag/tagCircle21h7.h
[53.718s] -- Installing: /home/pi/ugv_ws/install/apriltag/include/apriltag/tagCircle49h12.h
[53.720s] -- Installing: /home/pi/ugv_ws/install/apriltag/include/apriltag/tagCustom48h12.h
[53.721s] -- Installing: /home/pi/ugv_ws/install/apriltag/include/apriltag/tagStandard41h12.h
[53.723s] -- Installing: /home/pi/ugv_ws/install/apriltag/include/apriltag/tagStandard52h13.h
[53.725s] -- Installing: /home/pi/ugv_ws/install/apriltag/lib/libapriltag.so.3.4.2
[53.740s] -- Installing: /home/pi/ugv_ws/install/apriltag/lib/libapriltag.so.3
[53.741s] -- Installing: /home/pi/ugv_ws/install/apriltag/lib/libapriltag.so
[53.743s] -- Installing: /home/pi/ugv_ws/install/apriltag/share/apriltag/cmake/apriltagTargets.cmake
[53.745s] -- Installing: /home/pi/ugv_ws/install/apriltag/share/apriltag/cmake/apriltagTargets-release.cmake
[53.747s] -- Installing: /home/pi/ugv_ws/install/apriltag/share/apriltag/cmake/apriltagConfig.cmake
[53.750s] -- Installing: /home/pi/ugv_ws/install/apriltag/share/apriltag/cmake/apriltagConfigVersion.cmake
[53.754s] -- Installing: /home/pi/ugv_ws/install/apriltag/lib/pkgconfig/apriltag.pc
[53.758s] -- Installing: /home/pi/ugv_ws/install/apriltag/lib/python3.10/site-packages/apriltag.cpython-310-aarch64-linux-gnu.so
[53.763s] -- Set runtime path of "/home/pi/ugv_ws/install/apriltag/lib/python3.10/site-packages/apriltag.cpython-310-aarch64-linux-gnu.so" to ""
[53.765s] -- Installing: /home/pi/ugv_ws/install/apriltag/bin/opencv_demo
[53.770s] -- Set runtime path of "/home/pi/ugv_ws/install/apriltag/bin/opencv_demo" to ""
[53.772s] -- Installing: /home/pi/ugv_ws/install/apriltag/bin/apriltag_demo
[53.776s] -- Set runtime path of "/home/pi/ugv_ws/install/apriltag/bin/apriltag_demo" to ""
[53.787s] Invoked command in '/home/pi/ugv_ws/build/apriltag' returned '0': CMAKE_PREFIX_PATH=/opt/ros/humble /usr/bin/cmake --install /home/pi/ugv_ws/build/apriltag
