[5.775s] Invoking command in '/home/pi/ugv_ws/build/ugv_vision': PYTHONPATH=/home/pi/ugv_ws/build/ugv_vision/prefix_override:/usr/lib/python3/dist-packages/colcon_core/task/python/colcon_distutils_commands:/home/pi/ugv_ws/install/ugv_vision/lib/python3.10/site-packages:${PYTHONPATH} /usr/bin/python3 -W ignore:setup.py install is deprecated -W ignore:easy_install command is deprecated setup.py develop --editable --build-directory /home/pi/ugv_ws/build/ugv_vision/build --no-deps symlink_data
[8.569s] running develop
[10.239s] running egg_info
[10.240s] writing ugv_vision.egg-info/PKG-INFO
[10.241s] writing dependency_links to ugv_vision.egg-info/dependency_links.txt
[10.242s] writing entry points to ugv_vision.egg-info/entry_points.txt
[10.244s] writing requirements to ugv_vision.egg-info/requires.txt
[10.245s] writing top-level names to ugv_vision.egg-info/top_level.txt
[10.257s] reading manifest file 'ugv_vision.egg-info/SOURCES.txt'
[10.262s] writing manifest file 'ugv_vision.egg-info/SOURCES.txt'
[10.270s] running build_ext
[10.271s] Creating /home/pi/ugv_ws/install/ugv_vision/lib/python3.10/site-packages/ugv-vision.egg-link (link to .)
[10.277s] Installing apriltag_ctrl script to /home/pi/ugv_ws/install/ugv_vision/lib/ugv_vision
[10.278s] Installing apriltag_track_0 script to /home/pi/ugv_ws/install/ugv_vision/lib/ugv_vision
[10.280s] Installing apriltag_track_1 script to /home/pi/ugv_ws/install/ugv_vision/lib/ugv_vision
[10.281s] Installing apriltag_track_2 script to /home/pi/ugv_ws/install/ugv_vision/lib/ugv_vision
[10.282s] Installing color_track script to /home/pi/ugv_ws/install/ugv_vision/lib/ugv_vision
[10.283s] Installing gesture_ctrl script to /home/pi/ugv_ws/install/ugv_vision/lib/ugv_vision
[10.284s] Installing kcf_track script to /home/pi/ugv_ws/install/ugv_vision/lib/ugv_vision
[10.286s] 
[10.286s] Installed /home/pi/ugv_ws/build/ugv_vision
[10.287s] running symlink_data
[10.625s] Invoked command in '/home/pi/ugv_ws/build/ugv_vision' returned '0': PYTHONPATH=/home/pi/ugv_ws/build/ugv_vision/prefix_override:/usr/lib/python3/dist-packages/colcon_core/task/python/colcon_distutils_commands:/home/pi/ugv_ws/install/ugv_vision/lib/python3.10/site-packages:${PYTHONPATH} /usr/bin/python3 -W ignore:setup.py install is deprecated -W ignore:easy_install command is deprecated setup.py develop --editable --build-directory /home/pi/ugv_ws/build/ugv_vision/build --no-deps symlink_data
