[0.178s] Invoking command in '/home/pi/ugv_ws/build/ugv_description': CMAKE_PREFIX_PATH=${CMAKE_PREFIX_PATH}:/home/pi/ugv_ws/install/ugv_web_app:/home/pi/ugv_ws/install/ugv_vision:/home/pi/ugv_ws/install/ugv_tools:/home/pi/ugv_ws/install/ugv_chat_ai:/home/pi/ugv_ws/install/ugv_bringup:/opt/ros/humble /usr/bin/cmake --build /home/pi/ugv_ws/build/ugv_description -- -j4 -l4
[0.564s] Invoked command in '/home/pi/ugv_ws/build/ugv_description' returned '0': CMAKE_PREFIX_PATH=${CMAKE_PREFIX_PATH}:/home/pi/ugv_ws/install/ugv_web_app:/home/pi/ugv_ws/install/ugv_vision:/home/pi/ugv_ws/install/ugv_tools:/home/pi/ugv_ws/install/ugv_chat_ai:/home/pi/ugv_ws/install/ugv_bringup:/opt/ros/humble /usr/bin/cmake --build /home/pi/ugv_ws/build/ugv_description -- -j4 -l4
[0.566s] Invoking command in '/home/pi/ugv_ws/build/ugv_description': CMAKE_PREFIX_PATH=${CMAKE_PREFIX_PATH}:/home/pi/ugv_ws/install/ugv_web_app:/home/pi/ugv_ws/install/ugv_vision:/home/pi/ugv_ws/install/ugv_tools:/home/pi/ugv_ws/install/ugv_chat_ai:/home/pi/ugv_ws/install/ugv_bringup:/opt/ros/humble /usr/bin/cmake --install /home/pi/ugv_ws/build/ugv_description
[0.631s] -- Install configuration: ""
[0.635s] -- Execute custom install script
[0.639s] -- Up-to-date symlink: /home/pi/ugv_ws/install/ugv_description/share/ugv_description/launch/display.launch.py
[0.646s] -- Up-to-date symlink: /home/pi/ugv_ws/install/ugv_description/share/ugv_description/meshes/rasp_rover/base_lidar_link.stl
[0.649s] -- Up-to-date symlink: /home/pi/ugv_ws/install/ugv_description/share/ugv_description/meshes/rasp_rover/base_link.stl
[0.652s] -- Up-to-date symlink: /home/pi/ugv_ws/install/ugv_description/share/ugv_description/meshes/rasp_rover/left_down_wheel_link.stl
[0.654s] -- Up-to-date symlink: /home/pi/ugv_ws/install/ugv_description/share/ugv_description/meshes/rasp_rover/left_up_wheel_link.stl
[0.657s] -- Up-to-date symlink: /home/pi/ugv_ws/install/ugv_description/share/ugv_description/meshes/rasp_rover/pt_base_link.stl
[0.658s] -- Up-to-date symlink: /home/pi/ugv_ws/install/ugv_description/share/ugv_description/meshes/rasp_rover/pt_camera_link.stl
[0.661s] -- Up-to-date symlink: /home/pi/ugv_ws/install/ugv_description/share/ugv_description/meshes/rasp_rover/pt_link1.stl
[0.664s] -- Up-to-date symlink: /home/pi/ugv_ws/install/ugv_description/share/ugv_description/meshes/rasp_rover/pt_link2.stl
[0.666s] -- Up-to-date symlink: /home/pi/ugv_ws/install/ugv_description/share/ugv_description/meshes/rasp_rover/right_down_wheel_link.stl
[0.668s] -- Up-to-date symlink: /home/pi/ugv_ws/install/ugv_description/share/ugv_description/meshes/rasp_rover/right_up_wheel_link.stl
[0.671s] -- Up-to-date symlink: /home/pi/ugv_ws/install/ugv_description/share/ugv_description/meshes/ugv_beast/3d_camera_link.stl
[0.674s] -- Up-to-date symlink: /home/pi/ugv_ws/install/ugv_description/share/ugv_description/meshes/ugv_beast/base_lidar_link.stl
[0.677s] -- Up-to-date symlink: /home/pi/ugv_ws/install/ugv_description/share/ugv_description/meshes/ugv_beast/base_link.stl
[0.680s] -- Up-to-date symlink: /home/pi/ugv_ws/install/ugv_description/share/ugv_description/meshes/ugv_beast/left_down_wheel_link.stl
[0.683s] -- Up-to-date symlink: /home/pi/ugv_ws/install/ugv_description/share/ugv_description/meshes/ugv_beast/left_up_wheel_link.stl
[0.685s] -- Up-to-date symlink: /home/pi/ugv_ws/install/ugv_description/share/ugv_description/meshes/ugv_beast/pt_base_link.stl
[0.688s] -- Up-to-date symlink: /home/pi/ugv_ws/install/ugv_description/share/ugv_description/meshes/ugv_beast/pt_camera_link.stl
[0.691s] -- Up-to-date symlink: /home/pi/ugv_ws/install/ugv_description/share/ugv_description/meshes/ugv_beast/pt_link1.stl
[0.693s] -- Up-to-date symlink: /home/pi/ugv_ws/install/ugv_description/share/ugv_description/meshes/ugv_beast/pt_link2.stl
[0.695s] -- Up-to-date symlink: /home/pi/ugv_ws/install/ugv_description/share/ugv_description/meshes/ugv_beast/right_down_wheel_link.stl
[0.697s] -- Up-to-date symlink: /home/pi/ugv_ws/install/ugv_description/share/ugv_description/meshes/ugv_beast/right_up_wheel_link.stl
[0.700s] -- Up-to-date symlink: /home/pi/ugv_ws/install/ugv_description/share/ugv_description/meshes/ugv_rover/3d_camera_link.stl
[0.704s] -- Up-to-date symlink: /home/pi/ugv_ws/install/ugv_description/share/ugv_description/meshes/ugv_rover/base_lidar_link.stl
[0.714s] -- Up-to-date symlink: /home/pi/ugv_ws/install/ugv_description/share/ugv_description/meshes/ugv_rover/base_link.stl
[0.715s] -- Up-to-date symlink: /home/pi/ugv_ws/install/ugv_description/share/ugv_description/meshes/ugv_rover/left_down_wheel_link.stl
[0.716s] -- Up-to-date symlink: /home/pi/ugv_ws/install/ugv_description/share/ugv_description/meshes/ugv_rover/left_up_wheel_link.stl
[0.717s] -- Up-to-date symlink: /home/pi/ugv_ws/install/ugv_description/share/ugv_description/meshes/ugv_rover/pt_base_link.stl
[0.718s] -- Up-to-date symlink: /home/pi/ugv_ws/install/ugv_description/share/ugv_description/meshes/ugv_rover/pt_camera_link.stl
[0.719s] -- Up-to-date symlink: /home/pi/ugv_ws/install/ugv_description/share/ugv_description/meshes/ugv_rover/pt_link1.stl
[0.720s] -- Up-to-date symlink: /home/pi/ugv_ws/install/ugv_description/share/ugv_description/meshes/ugv_rover/pt_link2.stl
[0.721s] -- Up-to-date symlink: /home/pi/ugv_ws/install/ugv_description/share/ugv_description/meshes/ugv_rover/right_down_wheel_link.stl
[0.722s] -- Up-to-date symlink: /home/pi/ugv_ws/install/ugv_description/share/ugv_description/meshes/ugv_rover/right_up_wheel_link.stl
[0.738s] -- Up-to-date symlink: /home/pi/ugv_ws/install/ugv_description/share/ugv_description/urdf/rasp_rover.urdf
[0.738s] -- Up-to-date symlink: /home/pi/ugv_ws/install/ugv_description/share/ugv_description/urdf/ugv_beast.urdf
[0.740s] -- Up-to-date symlink: /home/pi/ugv_ws/install/ugv_description/share/ugv_description/urdf/ugv_rover.urdf
[0.745s] -- Up-to-date symlink: /home/pi/ugv_ws/install/ugv_description/share/ugv_description/rviz/view_description.rviz
[0.746s] -- Up-to-date symlink: /home/pi/ugv_ws/install/ugv_description/share/ament_index/resource_index/package_run_dependencies/ugv_description
[0.748s] -- Up-to-date symlink: /home/pi/ugv_ws/install/ugv_description/share/ament_index/resource_index/parent_prefix_path/ugv_description
[0.748s] -- Up-to-date symlink: /home/pi/ugv_ws/install/ugv_description/share/ugv_description/environment/ament_prefix_path.sh
[0.750s] -- Up-to-date symlink: /home/pi/ugv_ws/install/ugv_description/share/ugv_description/environment/ament_prefix_path.dsv
[0.753s] -- Up-to-date symlink: /home/pi/ugv_ws/install/ugv_description/share/ugv_description/environment/path.sh
[0.759s] -- Up-to-date symlink: /home/pi/ugv_ws/install/ugv_description/share/ugv_description/environment/path.dsv
[0.761s] -- Up-to-date symlink: /home/pi/ugv_ws/install/ugv_description/share/ugv_description/local_setup.bash
[0.761s] -- Up-to-date symlink: /home/pi/ugv_ws/install/ugv_description/share/ugv_description/local_setup.sh
[0.762s] -- Up-to-date symlink: /home/pi/ugv_ws/install/ugv_description/share/ugv_description/local_setup.zsh
[0.762s] -- Up-to-date symlink: /home/pi/ugv_ws/install/ugv_description/share/ugv_description/local_setup.dsv
[0.763s] -- Symlinking: /home/pi/ugv_ws/install/ugv_description/share/ugv_description/package.dsv
[0.837s] -- Up-to-date symlink: /home/pi/ugv_ws/install/ugv_description/share/ament_index/resource_index/packages/ugv_description
[0.840s] -- Up-to-date symlink: /home/pi/ugv_ws/install/ugv_description/share/ugv_description/cmake/ament_cmake_export_dependencies-extras.cmake
[0.840s] -- Up-to-date symlink: /home/pi/ugv_ws/install/ugv_description/share/ugv_description/cmake/ugv_descriptionConfig.cmake
[0.841s] -- Up-to-date symlink: /home/pi/ugv_ws/install/ugv_description/share/ugv_description/cmake/ugv_descriptionConfig-version.cmake
[0.842s] -- Up-to-date symlink: /home/pi/ugv_ws/install/ugv_description/share/ugv_description/package.xml
[0.994s] Invoked command in '/home/pi/ugv_ws/build/ugv_description' returned '0': CMAKE_PREFIX_PATH=${CMAKE_PREFIX_PATH}:/home/pi/ugv_ws/install/ugv_web_app:/home/pi/ugv_ws/install/ugv_vision:/home/pi/ugv_ws/install/ugv_tools:/home/pi/ugv_ws/install/ugv_chat_ai:/home/pi/ugv_ws/install/ugv_bringup:/opt/ros/humble /usr/bin/cmake --install /home/pi/ugv_ws/build/ugv_description
