[5.282s] Invoking command in '/home/pi/ugv_ws/build/ugv_vision': PYTHONPATH=/home/pi/ugv_ws/build/ugv_vision/prefix_override:/usr/lib/python3/dist-packages/colcon_core/task/python/colcon_distutils_commands:/home/pi/ugv_ws/install/ugv_vision/lib/python3.10/site-packages:${PYTHONPATH} /usr/bin/python3 -W ignore:setup.py install is deprecated -W ignore:easy_install command is deprecated setup.py develop --editable --build-directory /home/pi/ugv_ws/build/ugv_vision/build --no-deps symlink_data
[7.426s] running develop
[9.213s] running egg_info
[9.215s] writing ugv_vision.egg-info/PKG-INFO
[9.216s] writing dependency_links to ugv_vision.egg-info/dependency_links.txt
[9.219s] writing entry points to ugv_vision.egg-info/entry_points.txt
[9.220s] writing requirements to ugv_vision.egg-info/requires.txt
[9.220s] writing top-level names to ugv_vision.egg-info/top_level.txt
[9.228s] reading manifest file 'ugv_vision.egg-info/SOURCES.txt'
[9.233s] writing manifest file 'ugv_vision.egg-info/SOURCES.txt'
[9.243s] running build_ext
[9.246s] Creating /home/pi/ugv_ws/install/ugv_vision/lib/python3.10/site-packages/ugv-vision.egg-link (link to .)
[9.250s] Installing apriltag_ctrl script to /home/pi/ugv_ws/install/ugv_vision/lib/ugv_vision
[9.253s] Installing apriltag_track_0 script to /home/pi/ugv_ws/install/ugv_vision/lib/ugv_vision
[9.254s] Installing apriltag_track_1 script to /home/pi/ugv_ws/install/ugv_vision/lib/ugv_vision
[9.254s] Installing apriltag_track_2 script to /home/pi/ugv_ws/install/ugv_vision/lib/ugv_vision
[9.259s] Installing color_track script to /home/pi/ugv_ws/install/ugv_vision/lib/ugv_vision
[9.259s] Installing gesture_ctrl script to /home/pi/ugv_ws/install/ugv_vision/lib/ugv_vision
[9.260s] Installing kcf_track script to /home/pi/ugv_ws/install/ugv_vision/lib/ugv_vision
[9.260s] 
[9.261s] Installed /home/pi/ugv_ws/build/ugv_vision
[9.261s] running symlink_data
[9.456s] Invoked command in '/home/pi/ugv_ws/build/ugv_vision' returned '0': PYTHONPATH=/home/pi/ugv_ws/build/ugv_vision/prefix_override:/usr/lib/python3/dist-packages/colcon_core/task/python/colcon_distutils_commands:/home/pi/ugv_ws/install/ugv_vision/lib/python3.10/site-packages:${PYTHONPATH} /usr/bin/python3 -W ignore:setup.py install is deprecated -W ignore:easy_install command is deprecated setup.py develop --editable --build-directory /home/pi/ugv_ws/build/ugv_vision/build --no-deps symlink_data
