[0.309s] Invoking command in '/home/pi/ugv_ws/build/emcl2': CMAKE_PREFIX_PATH=${CMAKE_PREFIX_PATH}:/home/pi/ugv_ws/install/ugv_web_app:/home/pi/ugv_ws/install/ugv_vision:/home/pi/ugv_ws/install/ugv_tools:/home/pi/ugv_ws/install/ugv_chat_ai:/home/pi/ugv_ws/install/ugv_bringup:/opt/ros/humble /usr/bin/cmake --build /home/pi/ugv_ws/build/emcl2 -- -j4 -l4
[1.056s] [100%] Built target emcl2_node
[1.137s] Invoked command in '/home/pi/ugv_ws/build/emcl2' returned '0': CMAKE_PREFIX_PATH=${CMAKE_PREFIX_PATH}:/home/pi/ugv_ws/install/ugv_web_app:/home/pi/ugv_ws/install/ugv_vision:/home/pi/ugv_ws/install/ugv_tools:/home/pi/ugv_ws/install/ugv_chat_ai:/home/pi/ugv_ws/install/ugv_bringup:/opt/ros/humble /usr/bin/cmake --build /home/pi/ugv_ws/build/emcl2 -- -j4 -l4
[1.143s] Invoking command in '/home/pi/ugv_ws/build/emcl2': CMAKE_PREFIX_PATH=${CMAKE_PREFIX_PATH}:/home/pi/ugv_ws/install/ugv_web_app:/home/pi/ugv_ws/install/ugv_vision:/home/pi/ugv_ws/install/ugv_tools:/home/pi/ugv_ws/install/ugv_chat_ai:/home/pi/ugv_ws/install/ugv_bringup:/opt/ros/humble /usr/bin/cmake --install /home/pi/ugv_ws/build/emcl2
[1.283s] -- Install configuration: ""
[1.284s] -- Execute custom install script
[1.285s] -- Up-to-date symlink: /home/pi/ugv_ws/install/emcl2/lib/emcl2/test.bash
[1.285s] -- Up-to-date symlink: /home/pi/ugv_ws/install/emcl2/lib/emcl2/test_gui.bash
[1.286s] -- Up-to-date symlink: /home/pi/ugv_ws/install/emcl2/include/emcl2/ExpResetMcl2.h
[1.286s] -- Up-to-date symlink: /home/pi/ugv_ws/install/emcl2/include/emcl2/LikelihoodFieldMap.h
[1.287s] -- Up-to-date symlink: /home/pi/ugv_ws/install/emcl2/include/emcl2/Mcl.h
[1.288s] -- Up-to-date symlink: /home/pi/ugv_ws/install/emcl2/include/emcl2/OdomModel.h
[1.289s] -- Up-to-date symlink: /home/pi/ugv_ws/install/emcl2/include/emcl2/Particle.h
[1.290s] -- Up-to-date symlink: /home/pi/ugv_ws/install/emcl2/include/emcl2/Pose.h
[1.291s] -- Up-to-date symlink: /home/pi/ugv_ws/install/emcl2/include/emcl2/Scan.h
[1.291s] -- Up-to-date symlink: /home/pi/ugv_ws/install/emcl2/include/emcl2/emcl2_node.h
[1.292s] -- Up-to-date symlink: /home/pi/ugv_ws/install/emcl2/lib/emcl2/emcl2_node
[1.293s] -- Up-to-date symlink: /home/pi/ugv_ws/install/emcl2/share/emcl2/config/emcl2.param.yaml
[1.294s] -- Up-to-date symlink: /home/pi/ugv_ws/install/emcl2/share/emcl2/config/emcl2_quick_start.param.yaml
[1.294s] -- Up-to-date symlink: /home/pi/ugv_ws/install/emcl2/share/emcl2/launch/emcl2.launch.py
[1.295s] -- Up-to-date symlink: /home/pi/ugv_ws/install/emcl2/share/emcl2/test/demo.bash
[1.295s] -- Up-to-date symlink: /home/pi/ugv_ws/install/emcl2/share/emcl2/test/test.bash
[1.296s] -- Up-to-date symlink: /home/pi/ugv_ws/install/emcl2/share/emcl2/test/test.launch.xml
[1.297s] -- Up-to-date symlink: /home/pi/ugv_ws/install/emcl2/share/emcl2/test/test_gui.bash
[1.297s] -- Up-to-date symlink: /home/pi/ugv_ws/install/emcl2/share/ament_index/resource_index/package_run_dependencies/emcl2
[1.298s] -- Up-to-date symlink: /home/pi/ugv_ws/install/emcl2/share/ament_index/resource_index/parent_prefix_path/emcl2
[1.298s] -- Up-to-date symlink: /home/pi/ugv_ws/install/emcl2/share/emcl2/environment/ament_prefix_path.sh
[1.299s] -- Up-to-date symlink: /home/pi/ugv_ws/install/emcl2/share/emcl2/environment/ament_prefix_path.dsv
[1.299s] -- Up-to-date symlink: /home/pi/ugv_ws/install/emcl2/share/emcl2/environment/path.sh
[1.300s] -- Up-to-date symlink: /home/pi/ugv_ws/install/emcl2/share/emcl2/environment/path.dsv
[1.300s] -- Up-to-date symlink: /home/pi/ugv_ws/install/emcl2/share/emcl2/local_setup.bash
[1.300s] -- Up-to-date symlink: /home/pi/ugv_ws/install/emcl2/share/emcl2/local_setup.sh
[1.301s] -- Up-to-date symlink: /home/pi/ugv_ws/install/emcl2/share/emcl2/local_setup.zsh
[1.301s] -- Up-to-date symlink: /home/pi/ugv_ws/install/emcl2/share/emcl2/local_setup.dsv
[1.302s] -- Symlinking: /home/pi/ugv_ws/install/emcl2/share/emcl2/package.dsv
[1.302s] -- Up-to-date symlink: /home/pi/ugv_ws/install/emcl2/share/ament_index/resource_index/packages/emcl2
[1.303s] -- Up-to-date symlink: /home/pi/ugv_ws/install/emcl2/share/emcl2/cmake/ament_cmake_export_dependencies-extras.cmake
[1.303s] -- Up-to-date symlink: /home/pi/ugv_ws/install/emcl2/share/emcl2/cmake/ament_cmake_export_include_directories-extras.cmake
[1.304s] -- Up-to-date symlink: /home/pi/ugv_ws/install/emcl2/share/emcl2/cmake/emcl2Config.cmake
[1.304s] -- Up-to-date symlink: /home/pi/ugv_ws/install/emcl2/share/emcl2/cmake/emcl2Config-version.cmake
[1.305s] -- Up-to-date symlink: /home/pi/ugv_ws/install/emcl2/share/emcl2/package.xml
[1.375s] Invoked command in '/home/pi/ugv_ws/build/emcl2' returned '0': CMAKE_PREFIX_PATH=${CMAKE_PREFIX_PATH}:/home/pi/ugv_ws/install/ugv_web_app:/home/pi/ugv_ws/install/ugv_vision:/home/pi/ugv_ws/install/ugv_tools:/home/pi/ugv_ws/install/ugv_chat_ai:/home/pi/ugv_ws/install/ugv_bringup:/opt/ros/humble /usr/bin/cmake --install /home/pi/ugv_ws/build/emcl2
