[0.177s] Invoking command in '/home/pi/ugv_ws/build/ldlidar': CMAKE_PREFIX_PATH=${CMAKE_PREFIX_PATH}:/home/pi/ugv_ws/install/ugv_web_app:/home/pi/ugv_ws/install/ugv_vision:/home/pi/ugv_ws/install/ugv_tools:/home/pi/ugv_ws/install/ugv_chat_ai:/home/pi/ugv_ws/install/ugv_bringup:/opt/ros/humble /usr/bin/cmake /home/pi/ugv_ws/src/ugv_else/ldlidar -DAMENT_CMAKE_SYMLINK_INSTALL=1 -DCMAKE_INSTALL_PREFIX=/home/pi/ugv_ws/install/ldlidar
[0.283s] -- Found ament_cmake: 1.3.11 (/opt/ros/humble/share/ament_cmake/cmake)
[1.441s] -- Override CMake install command with custom implementation using symlinks instead of copying resources
[1.543s] -- Found rclcpp: 16.0.11 (/opt/ros/humble/share/rclcpp/cmake)
[2.129s] -- Found rosidl_generator_c: 3.1.6 (/opt/ros/humble/share/rosidl_generator_c/cmake)
[2.148s] -- Found rosidl_adapter: 3.1.6 (/opt/ros/humble/share/rosidl_adapter/cmake)
[2.182s] -- Found rosidl_generator_cpp: 3.1.6 (/opt/ros/humble/share/rosidl_generator_cpp/cmake)
[2.238s] -- Using all available rosidl_typesupport_c: rosidl_typesupport_fastrtps_c;rosidl_typesupport_introspection_c
[2.318s] -- Using all available rosidl_typesupport_cpp: rosidl_typesupport_fastrtps_cpp;rosidl_typesupport_introspection_cpp
[2.536s] -- Found rmw_implementation_cmake: 6.1.2 (/opt/ros/humble/share/rmw_implementation_cmake/cmake)
[2.576s] -- Found rmw_fastrtps_cpp: 6.2.7 (/opt/ros/humble/share/rmw_fastrtps_cpp/cmake)
[4.329s] -- Using RMW implementation 'rmw_fastrtps_cpp' as default
[4.628s] -- Found sensor_msgs: 4.2.4 (/opt/ros/humble/share/sensor_msgs/cmake)
[4.842s] -- Found ament_lint_auto: 0.12.11 (/opt/ros/humble/share/ament_lint_auto/cmake)
[5.617s] -- Added test 'copyright' to check source files copyright and LICENSE
[5.663s] -- Added test 'cppcheck' to perform static code analysis on C / C++ code
[5.666s] -- Configured cppcheck include dirs: /home/pi/ugv_ws/src/ugv_else/ldlidar/include;/home/pi/ugv_ws/src/ugv_else/ldlidar/ldlidar_driver/include/core;/home/pi/ugv_ws/src/ugv_else/ldlidar/ldlidar_driver/include/dataprocess;/home/pi/ugv_ws/src/ugv_else/ldlidar/ldlidar_driver/include/filter;/home/pi/ugv_ws/src/ugv_else/ldlidar/ldlidar_driver/include/logger;/home/pi/ugv_ws/src/ugv_else/ldlidar/ldlidar_driver/include/networkcom;/home/pi/ugv_ws/src/ugv_else/ldlidar/ldlidar_driver/include/serialcom
[5.666s] -- Configured cppcheck exclude dirs and/or files: 
[5.702s] -- Added test 'cpplint' to check C / C++ code against the Google style
[5.703s] -- Configured cpplint exclude dirs and/or files: 
[5.708s] -- Added test 'flake8' to check Python code syntax and style conventions
[5.717s] -- Added test 'lint_cmake' to check CMake code style
[5.722s] -- Added test 'pep257' to check Python code against some of the docstring style conventions in PEP 257
[5.755s] -- Added test 'uncrustify' to check C / C++ code style
[5.756s] -- Configured uncrustify additional arguments: 
[5.761s] -- Added test 'xmllint' to check XML markup files
[5.782s] -- Configuring done
[6.013s] -- Generating done
[6.053s] -- Build files have been written to: /home/pi/ugv_ws/build/ldlidar
[6.145s] Invoked command in '/home/pi/ugv_ws/build/ldlidar' returned '0': CMAKE_PREFIX_PATH=${CMAKE_PREFIX_PATH}:/home/pi/ugv_ws/install/ugv_web_app:/home/pi/ugv_ws/install/ugv_vision:/home/pi/ugv_ws/install/ugv_tools:/home/pi/ugv_ws/install/ugv_chat_ai:/home/pi/ugv_ws/install/ugv_bringup:/opt/ros/humble /usr/bin/cmake /home/pi/ugv_ws/src/ugv_else/ldlidar -DAMENT_CMAKE_SYMLINK_INSTALL=1 -DCMAKE_INSTALL_PREFIX=/home/pi/ugv_ws/install/ldlidar
[6.147s] Invoking command in '/home/pi/ugv_ws/build/ldlidar': CMAKE_PREFIX_PATH=${CMAKE_PREFIX_PATH}:/home/pi/ugv_ws/install/ugv_web_app:/home/pi/ugv_ws/install/ugv_vision:/home/pi/ugv_ws/install/ugv_tools:/home/pi/ugv_ws/install/ugv_chat_ai:/home/pi/ugv_ws/install/ugv_bringup:/opt/ros/humble /usr/bin/cmake --build /home/pi/ugv_ws/build/ldlidar -- -j4 -l4
[6.748s] [35m[1mConsolidate compiler generated dependencies of target ldlidar_node[0m
[7.014s] [100%] Built target ldlidar_node
[7.090s] Invoked command in '/home/pi/ugv_ws/build/ldlidar' returned '0': CMAKE_PREFIX_PATH=${CMAKE_PREFIX_PATH}:/home/pi/ugv_ws/install/ugv_web_app:/home/pi/ugv_ws/install/ugv_vision:/home/pi/ugv_ws/install/ugv_tools:/home/pi/ugv_ws/install/ugv_chat_ai:/home/pi/ugv_ws/install/ugv_bringup:/opt/ros/humble /usr/bin/cmake --build /home/pi/ugv_ws/build/ldlidar -- -j4 -l4
[7.129s] Invoking command in '/home/pi/ugv_ws/build/ldlidar': CMAKE_PREFIX_PATH=${CMAKE_PREFIX_PATH}:/home/pi/ugv_ws/install/ugv_web_app:/home/pi/ugv_ws/install/ugv_vision:/home/pi/ugv_ws/install/ugv_tools:/home/pi/ugv_ws/install/ugv_chat_ai:/home/pi/ugv_ws/install/ugv_bringup:/opt/ros/humble /usr/bin/cmake --install /home/pi/ugv_ws/build/ldlidar
[7.196s] -- Install configuration: ""
[7.205s] -- Execute custom install script
[7.211s] -- Up-to-date symlink: /home/pi/ugv_ws/install/ldlidar/lib/ldlidar/ldlidar_node
[7.216s] -- Up-to-date symlink: /home/pi/ugv_ws/install/ldlidar/share/ldlidar//launch/ld06.launch.py
[7.220s] -- Up-to-date symlink: /home/pi/ugv_ws/install/ldlidar/share/ldlidar//launch/ld19.launch.py
[7.223s] -- Up-to-date symlink: /home/pi/ugv_ws/install/ldlidar/share/ldlidar//launch/ldlidar.launch.py
[7.227s] -- Up-to-date symlink: /home/pi/ugv_ws/install/ldlidar/share/ldlidar//launch/stl27l.launch.py
[7.232s] -- Up-to-date symlink: /home/pi/ugv_ws/install/ldlidar/share/ldlidar//launch/viewer_ld06.launch.py
[7.236s] -- Up-to-date symlink: /home/pi/ugv_ws/install/ldlidar/share/ldlidar//launch/viewer_ld19.launch.py
[7.240s] -- Up-to-date symlink: /home/pi/ugv_ws/install/ldlidar/share/ldlidar//launch/viewer_ldlidar.launch.py
[7.243s] -- Up-to-date symlink: /home/pi/ugv_ws/install/ldlidar/share/ldlidar//launch/viewer_stl27l.launch.py
[7.248s] -- Up-to-date symlink: /home/pi/ugv_ws/install/ldlidar/share/ldlidar//rviz/view.rviz
[7.252s] -- Up-to-date symlink: /home/pi/ugv_ws/install/ldlidar/share/ament_index/resource_index/package_run_dependencies/ldlidar
[7.256s] -- Up-to-date symlink: /home/pi/ugv_ws/install/ldlidar/share/ament_index/resource_index/parent_prefix_path/ldlidar
[7.260s] -- Up-to-date symlink: /home/pi/ugv_ws/install/ldlidar/share/ldlidar/environment/ament_prefix_path.sh
[7.264s] -- Up-to-date symlink: /home/pi/ugv_ws/install/ldlidar/share/ldlidar/environment/ament_prefix_path.dsv
[7.268s] -- Up-to-date symlink: /home/pi/ugv_ws/install/ldlidar/share/ldlidar/environment/path.sh
[7.272s] -- Up-to-date symlink: /home/pi/ugv_ws/install/ldlidar/share/ldlidar/environment/path.dsv
[7.276s] -- Up-to-date symlink: /home/pi/ugv_ws/install/ldlidar/share/ldlidar/local_setup.bash
[7.280s] -- Up-to-date symlink: /home/pi/ugv_ws/install/ldlidar/share/ldlidar/local_setup.sh
[7.285s] -- Up-to-date symlink: /home/pi/ugv_ws/install/ldlidar/share/ldlidar/local_setup.zsh
[7.289s] -- Up-to-date symlink: /home/pi/ugv_ws/install/ldlidar/share/ldlidar/local_setup.dsv
[7.292s] -- Symlinking: /home/pi/ugv_ws/install/ldlidar/share/ldlidar/package.dsv
[7.367s] -- Up-to-date symlink: /home/pi/ugv_ws/install/ldlidar/share/ament_index/resource_index/packages/ldlidar
[7.371s] -- Up-to-date symlink: /home/pi/ugv_ws/install/ldlidar/share/ldlidar/cmake/ldlidarConfig.cmake
[7.372s] -- Up-to-date symlink: /home/pi/ugv_ws/install/ldlidar/share/ldlidar/cmake/ldlidarConfig-version.cmake
[7.376s] -- Up-to-date symlink: /home/pi/ugv_ws/install/ldlidar/share/ldlidar/package.xml
[7.387s] Invoked command in '/home/pi/ugv_ws/build/ldlidar' returned '0': CMAKE_PREFIX_PATH=${CMAKE_PREFIX_PATH}:/home/pi/ugv_ws/install/ugv_web_app:/home/pi/ugv_ws/install/ugv_vision:/home/pi/ugv_ws/install/ugv_tools:/home/pi/ugv_ws/install/ugv_chat_ai:/home/pi/ugv_ws/install/ugv_bringup:/opt/ros/humble /usr/bin/cmake --install /home/pi/ugv_ws/build/ldlidar
