[2.667s] Invoking command in '/home/pi/ugv_ws/build/vizanti_cpp': CMAKE_PREFIX_PATH=${CMAKE_PREFIX_PATH}:/home/pi/ugv_ws/install/ugv_web_app:/home/pi/ugv_ws/install/ugv_vision:/home/pi/ugv_ws/install/ugv_tools:/home/pi/ugv_ws/install/ugv_chat_ai:/home/pi/ugv_ws/install/ugv_bringup:/opt/ros/humble /usr/bin/cmake --build /home/pi/ugv_ws/build/vizanti_cpp -- -j4 -l4
[3.497s] [100%] Built target tf_consolidator
[3.610s] Invoked command in '/home/pi/ugv_ws/build/vizanti_cpp' returned '0': CMAKE_PREFIX_PATH=${CMAKE_PREFIX_PATH}:/home/pi/ugv_ws/install/ugv_web_app:/home/pi/ugv_ws/install/ugv_vision:/home/pi/ugv_ws/install/ugv_tools:/home/pi/ugv_ws/install/ugv_chat_ai:/home/pi/ugv_ws/install/ugv_bringup:/opt/ros/humble /usr/bin/cmake --build /home/pi/ugv_ws/build/vizanti_cpp -- -j4 -l4
[3.635s] Invoking command in '/home/pi/ugv_ws/build/vizanti_cpp': CMAKE_PREFIX_PATH=${CMAKE_PREFIX_PATH}:/home/pi/ugv_ws/install/ugv_web_app:/home/pi/ugv_ws/install/ugv_vision:/home/pi/ugv_ws/install/ugv_tools:/home/pi/ugv_ws/install/ugv_chat_ai:/home/pi/ugv_ws/install/ugv_bringup:/opt/ros/humble /usr/bin/cmake --install /home/pi/ugv_ws/build/vizanti_cpp
[3.750s] -- Install configuration: ""
[3.772s] -- Execute custom install script
[3.775s] -- Up-to-date symlink: /home/pi/ugv_ws/install/vizanti_cpp/lib/vizanti_cpp/tf_consolidator
[3.782s] -- Up-to-date symlink: /home/pi/ugv_ws/install/vizanti_cpp/share/ament_index/resource_index/package_run_dependencies/vizanti_cpp
[3.787s] -- Up-to-date symlink: /home/pi/ugv_ws/install/vizanti_cpp/share/ament_index/resource_index/parent_prefix_path/vizanti_cpp
[3.793s] -- Up-to-date symlink: /home/pi/ugv_ws/install/vizanti_cpp/share/vizanti_cpp/environment/ament_prefix_path.sh
[3.821s] -- Up-to-date symlink: /home/pi/ugv_ws/install/vizanti_cpp/share/vizanti_cpp/environment/ament_prefix_path.dsv
[3.830s] -- Up-to-date symlink: /home/pi/ugv_ws/install/vizanti_cpp/share/vizanti_cpp/environment/path.sh
[3.838s] -- Up-to-date symlink: /home/pi/ugv_ws/install/vizanti_cpp/share/vizanti_cpp/environment/path.dsv
[3.852s] -- Up-to-date symlink: /home/pi/ugv_ws/install/vizanti_cpp/share/vizanti_cpp/local_setup.bash
[3.857s] -- Up-to-date symlink: /home/pi/ugv_ws/install/vizanti_cpp/share/vizanti_cpp/local_setup.sh
[3.864s] -- Up-to-date symlink: /home/pi/ugv_ws/install/vizanti_cpp/share/vizanti_cpp/local_setup.zsh
[3.868s] -- Up-to-date symlink: /home/pi/ugv_ws/install/vizanti_cpp/share/vizanti_cpp/local_setup.dsv
[3.877s] -- Symlinking: /home/pi/ugv_ws/install/vizanti_cpp/share/vizanti_cpp/package.dsv
[3.923s] -- Up-to-date symlink: /home/pi/ugv_ws/install/vizanti_cpp/share/ament_index/resource_index/packages/vizanti_cpp
[3.924s] -- Up-to-date symlink: /home/pi/ugv_ws/install/vizanti_cpp/share/vizanti_cpp/cmake/vizanti_cppConfig.cmake
[3.934s] -- Up-to-date symlink: /home/pi/ugv_ws/install/vizanti_cpp/share/vizanti_cpp/cmake/vizanti_cppConfig-version.cmake
[3.934s] -- Up-to-date symlink: /home/pi/ugv_ws/install/vizanti_cpp/share/vizanti_cpp/package.xml
[3.942s] Invoked command in '/home/pi/ugv_ws/build/vizanti_cpp' returned '0': CMAKE_PREFIX_PATH=${CMAKE_PREFIX_PATH}:/home/pi/ugv_ws/install/ugv_web_app:/home/pi/ugv_ws/install/ugv_vision:/home/pi/ugv_ws/install/ugv_tools:/home/pi/ugv_ws/install/ugv_chat_ai:/home/pi/ugv_ws/install/ugv_bringup:/opt/ros/humble /usr/bin/cmake --install /home/pi/ugv_ws/build/vizanti_cpp
