[0.053s] Invoking command in '/home/pi/ugv_ws/build/ugv_nav': CMAKE_PREFIX_PATH=/opt/ros/humble /usr/bin/cmake /home/pi/ugv_ws/src/ugv_main/ugv_nav -DAMENT_CMAKE_SYMLINK_INSTALL=1 -DCMAKE_INSTALL_PREFIX=/home/pi/ugv_ws/install/ugv_nav
[0.409s] -- The C compiler identification is GNU 11.4.0
[0.756s] -- The CXX compiler identification is GNU 11.4.0
[0.798s] -- Detecting C compiler ABI info
[1.244s] -- Detecting C compiler ABI info - done
[1.302s] -- Check for working C compiler: /usr/bin/cc - skipped
[1.303s] -- Detecting C compile features
[1.304s] -- Detecting C compile features - done
[1.314s] -- Detecting CXX compiler ABI info
[1.768s] -- Detecting CXX compiler ABI info - done
[1.800s] -- Check for working CXX compiler: /usr/bin/c++ - skipped
[1.801s] -- Detecting CXX compile features
[1.809s] -- Detecting CXX compile features - done
[1.847s] -- Found ament_cmake: 1.3.11 (/opt/ros/humble/share/ament_cmake/cmake)
[2.999s] -- Found Python3: /usr/bin/python3 (found version "3.10.12") found components: Interpreter 
[3.445s] -- Override CMake install command with custom implementation using symlinks instead of copying resources
[3.827s] -- Found nav2_bringup: 1.1.17 (/opt/ros/humble/share/nav2_bringup/cmake)
[3.850s] -- Found ament_lint_auto: 0.12.11 (/opt/ros/humble/share/ament_lint_auto/cmake)
[4.532s] -- Added test 'flake8' to check Python code syntax and style conventions
[4.539s] -- Added test 'lint_cmake' to check CMake code style
[4.543s] -- Added test 'pep257' to check Python code against some of the docstring style conventions in PEP 257
[4.565s] -- Added test 'xmllint' to check XML markup files
[4.578s] -- Configuring done
[4.618s] -- Generating done
[4.633s] -- Build files have been written to: /home/pi/ugv_ws/build/ugv_nav
[4.671s] Invoked command in '/home/pi/ugv_ws/build/ugv_nav' returned '0': CMAKE_PREFIX_PATH=/opt/ros/humble /usr/bin/cmake /home/pi/ugv_ws/src/ugv_main/ugv_nav -DAMENT_CMAKE_SYMLINK_INSTALL=1 -DCMAKE_INSTALL_PREFIX=/home/pi/ugv_ws/install/ugv_nav
[4.673s] Invoking command in '/home/pi/ugv_ws/build/ugv_nav': CMAKE_PREFIX_PATH=/opt/ros/humble /usr/bin/cmake --build /home/pi/ugv_ws/build/ugv_nav -- -j4 -l4
[4.851s] Invoked command in '/home/pi/ugv_ws/build/ugv_nav' returned '0': CMAKE_PREFIX_PATH=/opt/ros/humble /usr/bin/cmake --build /home/pi/ugv_ws/build/ugv_nav -- -j4 -l4
[4.853s] Invoking command in '/home/pi/ugv_ws/build/ugv_nav': CMAKE_PREFIX_PATH=/opt/ros/humble /usr/bin/cmake --install /home/pi/ugv_ws/build/ugv_nav
[4.895s] -- Install configuration: ""
[4.898s] -- Execute custom install script
[4.903s] -- Symlinking: /home/pi/ugv_ws/install/ugv_nav/share/ugv_nav/launch/bringup_launch.py
[4.944s] -- Symlinking: /home/pi/ugv_ws/install/ugv_nav/share/ugv_nav/launch/nav.launch.py
[4.983s] -- Symlinking: /home/pi/ugv_ws/install/ugv_nav/share/ugv_nav/launch/nav_bringup/bringup_launch_cartographer.launch.py
[5.024s] -- Symlinking: /home/pi/ugv_ws/install/ugv_nav/share/ugv_nav/launch/nav_bringup/cartographer_localization.launch.py
[5.067s] -- Symlinking: /home/pi/ugv_ws/install/ugv_nav/share/ugv_nav/launch/nav_bringup/localization_launch.py
[5.111s] -- Symlinking: /home/pi/ugv_ws/install/ugv_nav/share/ugv_nav/launch/nav_bringup/nav2_bringup.launch.py
[5.160s] -- Symlinking: /home/pi/ugv_ws/install/ugv_nav/share/ugv_nav/launch/nav_rtabmap.launch.py
[5.203s] -- Symlinking: /home/pi/ugv_ws/install/ugv_nav/share/ugv_nav/launch/rtabmap_localization_launch.py
[5.248s] -- Symlinking: /home/pi/ugv_ws/install/ugv_nav/share/ugv_nav/launch/slam_nav.launch.py
[5.295s] -- Symlinking: /home/pi/ugv_ws/install/ugv_nav/share/ugv_nav/param/amcl_dwa.yaml
[5.341s] -- Symlinking: /home/pi/ugv_ws/install/ugv_nav/share/ugv_nav/param/amcl_teb.yaml
[5.384s] -- Symlinking: /home/pi/ugv_ws/install/ugv_nav/share/ugv_nav/param/emcl_dwa.yaml
[5.440s] -- Symlinking: /home/pi/ugv_ws/install/ugv_nav/share/ugv_nav/param/emcl_teb.yaml
[5.491s] -- Symlinking: /home/pi/ugv_ws/install/ugv_nav/share/ugv_nav/param/rtabmap_dwa.yaml
[5.531s] -- Symlinking: /home/pi/ugv_ws/install/ugv_nav/share/ugv_nav/param/rtabmap_teb.yaml
[5.572s] -- Symlinking: /home/pi/ugv_ws/install/ugv_nav/share/ugv_nav/param/slam_nav.yaml
[5.612s] -- Symlinking: /home/pi/ugv_ws/install/ugv_nav/share/ugv_nav/maps/map.pbstream
[5.654s] -- Symlinking: /home/pi/ugv_ws/install/ugv_nav/share/ugv_nav/maps/map.pgm
[5.705s] -- Symlinking: /home/pi/ugv_ws/install/ugv_nav/share/ugv_nav/maps/map.yaml
[5.753s] -- Symlinking: /home/pi/ugv_ws/install/ugv_nav/share/ugv_nav/maps/map_server_params.yaml
[5.800s] -- Symlinking: /home/pi/ugv_ws/install/ugv_nav/share/ugv_nav/rviz/view_nav_2d.rviz
[5.845s] -- Symlinking: /home/pi/ugv_ws/install/ugv_nav/share/ugv_nav/rviz/view_nav_3d.rviz
[5.898s] -- Symlinking: /home/pi/ugv_ws/install/ugv_nav/share/ament_index/resource_index/package_run_dependencies/ugv_nav
[5.955s] -- Symlinking: /home/pi/ugv_ws/install/ugv_nav/share/ament_index/resource_index/parent_prefix_path/ugv_nav
[6.000s] -- Symlinking: /home/pi/ugv_ws/install/ugv_nav/share/ugv_nav/environment/ament_prefix_path.sh
[6.044s] -- Symlinking: /home/pi/ugv_ws/install/ugv_nav/share/ugv_nav/environment/ament_prefix_path.dsv
[6.093s] -- Symlinking: /home/pi/ugv_ws/install/ugv_nav/share/ugv_nav/environment/path.sh
[6.130s] -- Symlinking: /home/pi/ugv_ws/install/ugv_nav/share/ugv_nav/environment/path.dsv
[6.172s] -- Symlinking: /home/pi/ugv_ws/install/ugv_nav/share/ugv_nav/local_setup.bash
[6.214s] -- Symlinking: /home/pi/ugv_ws/install/ugv_nav/share/ugv_nav/local_setup.sh
[6.257s] -- Symlinking: /home/pi/ugv_ws/install/ugv_nav/share/ugv_nav/local_setup.zsh
[6.302s] -- Symlinking: /home/pi/ugv_ws/install/ugv_nav/share/ugv_nav/local_setup.dsv
[6.355s] -- Symlinking: /home/pi/ugv_ws/install/ugv_nav/share/ugv_nav/package.dsv
[6.399s] -- Symlinking: /home/pi/ugv_ws/install/ugv_nav/share/ament_index/resource_index/packages/ugv_nav
[6.442s] -- Symlinking: /home/pi/ugv_ws/install/ugv_nav/share/ugv_nav/cmake/ugv_navConfig.cmake
[6.485s] -- Symlinking: /home/pi/ugv_ws/install/ugv_nav/share/ugv_nav/cmake/ugv_navConfig-version.cmake
[6.531s] -- Symlinking: /home/pi/ugv_ws/install/ugv_nav/share/ugv_nav/package.xml
[6.587s] Invoked command in '/home/pi/ugv_ws/build/ugv_nav' returned '0': CMAKE_PREFIX_PATH=/opt/ros/humble /usr/bin/cmake --install /home/pi/ugv_ws/build/ugv_nav
