[0.372s] Invoking command in '/home/pi/ugv_ws/build/emcl2': CMAKE_PREFIX_PATH=${CMAKE_PREFIX_PATH}:/home/pi/ugv_ws/install/ugv_web_app:/home/pi/ugv_ws/install/ugv_vision:/home/pi/ugv_ws/install/ugv_tools:/home/pi/ugv_ws/install/ugv_chat_ai:/home/pi/ugv_ws/install/ugv_bringup:/opt/ros/humble /usr/bin/cmake --build /home/pi/ugv_ws/build/emcl2 -- -j4 -l4
[1.030s] [100%] Built target emcl2_node
[1.189s] Invoked command in '/home/pi/ugv_ws/build/emcl2' returned '0': CMAKE_PREFIX_PATH=${CMAKE_PREFIX_PATH}:/home/pi/ugv_ws/install/ugv_web_app:/home/pi/ugv_ws/install/ugv_vision:/home/pi/ugv_ws/install/ugv_tools:/home/pi/ugv_ws/install/ugv_chat_ai:/home/pi/ugv_ws/install/ugv_bringup:/opt/ros/humble /usr/bin/cmake --build /home/pi/ugv_ws/build/emcl2 -- -j4 -l4
[1.196s] Invoking command in '/home/pi/ugv_ws/build/emcl2': CMAKE_PREFIX_PATH=${CMAKE_PREFIX_PATH}:/home/pi/ugv_ws/install/ugv_web_app:/home/pi/ugv_ws/install/ugv_vision:/home/pi/ugv_ws/install/ugv_tools:/home/pi/ugv_ws/install/ugv_chat_ai:/home/pi/ugv_ws/install/ugv_bringup:/opt/ros/humble /usr/bin/cmake --install /home/pi/ugv_ws/build/emcl2
[1.325s] -- Install configuration: ""
[1.326s] -- Execute custom install script
[1.327s] -- Up-to-date symlink: /home/pi/ugv_ws/install/emcl2/lib/emcl2/test.bash
[1.328s] -- Up-to-date symlink: /home/pi/ugv_ws/install/emcl2/lib/emcl2/test_gui.bash
[1.329s] -- Up-to-date symlink: /home/pi/ugv_ws/install/emcl2/include/emcl2/ExpResetMcl2.h
[1.330s] -- Up-to-date symlink: /home/pi/ugv_ws/install/emcl2/include/emcl2/LikelihoodFieldMap.h
[1.336s] -- Up-to-date symlink: /home/pi/ugv_ws/install/emcl2/include/emcl2/Mcl.h
[1.340s] -- Up-to-date symlink: /home/pi/ugv_ws/install/emcl2/include/emcl2/OdomModel.h
[1.341s] -- Up-to-date symlink: /home/pi/ugv_ws/install/emcl2/include/emcl2/Particle.h
[1.342s] -- Up-to-date symlink: /home/pi/ugv_ws/install/emcl2/include/emcl2/Pose.h
[1.347s] -- Up-to-date symlink: /home/pi/ugv_ws/install/emcl2/include/emcl2/Scan.h
[1.349s] -- Up-to-date symlink: /home/pi/ugv_ws/install/emcl2/include/emcl2/emcl2_node.h
[1.350s] -- Up-to-date symlink: /home/pi/ugv_ws/install/emcl2/lib/emcl2/emcl2_node
[1.364s] -- Up-to-date symlink: /home/pi/ugv_ws/install/emcl2/share/emcl2/config/emcl2.param.yaml
[1.365s] -- Up-to-date symlink: /home/pi/ugv_ws/install/emcl2/share/emcl2/config/emcl2_quick_start.param.yaml
[1.365s] -- Up-to-date symlink: /home/pi/ugv_ws/install/emcl2/share/emcl2/launch/emcl2.launch.py
[1.366s] -- Up-to-date symlink: /home/pi/ugv_ws/install/emcl2/share/emcl2/test/demo.bash
[1.366s] -- Up-to-date symlink: /home/pi/ugv_ws/install/emcl2/share/emcl2/test/test.bash
[1.399s] -- Up-to-date symlink: /home/pi/ugv_ws/install/emcl2/share/emcl2/test/test.launch.xml
[1.400s] -- Up-to-date symlink: /home/pi/ugv_ws/install/emcl2/share/emcl2/test/test_gui.bash
[1.402s] -- Up-to-date symlink: /home/pi/ugv_ws/install/emcl2/share/ament_index/resource_index/package_run_dependencies/emcl2
[1.403s] -- Up-to-date symlink: /home/pi/ugv_ws/install/emcl2/share/ament_index/resource_index/parent_prefix_path/emcl2
[1.403s] -- Up-to-date symlink: /home/pi/ugv_ws/install/emcl2/share/emcl2/environment/ament_prefix_path.sh
[1.404s] -- Up-to-date symlink: /home/pi/ugv_ws/install/emcl2/share/emcl2/environment/ament_prefix_path.dsv
[1.404s] -- Up-to-date symlink: /home/pi/ugv_ws/install/emcl2/share/emcl2/environment/path.sh
[1.405s] -- Up-to-date symlink: /home/pi/ugv_ws/install/emcl2/share/emcl2/environment/path.dsv
[1.405s] -- Up-to-date symlink: /home/pi/ugv_ws/install/emcl2/share/emcl2/local_setup.bash
[1.406s] -- Up-to-date symlink: /home/pi/ugv_ws/install/emcl2/share/emcl2/local_setup.sh
[1.406s] -- Up-to-date symlink: /home/pi/ugv_ws/install/emcl2/share/emcl2/local_setup.zsh
[1.416s] -- Up-to-date symlink: /home/pi/ugv_ws/install/emcl2/share/emcl2/local_setup.dsv
[1.417s] -- Symlinking: /home/pi/ugv_ws/install/emcl2/share/emcl2/package.dsv
[1.542s] -- Up-to-date symlink: /home/pi/ugv_ws/install/emcl2/share/ament_index/resource_index/packages/emcl2
[1.544s] -- Up-to-date symlink: /home/pi/ugv_ws/install/emcl2/share/emcl2/cmake/ament_cmake_export_dependencies-extras.cmake
[1.547s] -- Up-to-date symlink: /home/pi/ugv_ws/install/emcl2/share/emcl2/cmake/ament_cmake_export_include_directories-extras.cmake
[1.548s] -- Up-to-date symlink: /home/pi/ugv_ws/install/emcl2/share/emcl2/cmake/emcl2Config.cmake
[1.550s] -- Up-to-date symlink: /home/pi/ugv_ws/install/emcl2/share/emcl2/cmake/emcl2Config-version.cmake
[1.550s] -- Up-to-date symlink: /home/pi/ugv_ws/install/emcl2/share/emcl2/package.xml
[1.568s] Invoked command in '/home/pi/ugv_ws/build/emcl2' returned '0': CMAKE_PREFIX_PATH=${CMAKE_PREFIX_PATH}:/home/pi/ugv_ws/install/ugv_web_app:/home/pi/ugv_ws/install/ugv_vision:/home/pi/ugv_ws/install/ugv_tools:/home/pi/ugv_ws/install/ugv_chat_ai:/home/pi/ugv_ws/install/ugv_bringup:/opt/ros/humble /usr/bin/cmake --install /home/pi/ugv_ws/build/emcl2
