[0.162s] Invoking command in '/home/pi/ugv_ws/build/apriltag_msgs': CMAKE_PREFIX_PATH=${CMAKE_PREFIX_PATH}:/home/pi/ugv_ws/install/ugv_web_app:/home/pi/ugv_ws/install/ugv_vision:/home/pi/ugv_ws/install/ugv_tools:/home/pi/ugv_ws/install/ugv_chat_ai:/home/pi/ugv_ws/install/ugv_bringup:/opt/ros/humble /usr/bin/cmake --build /home/pi/ugv_ws/build/apriltag_msgs -- -j4 -l4
[0.819s] [ 10%] Built target apriltag_msgs__rosidl_generator_c
[0.894s] [ 12%] Built target apriltag_msgs__cpp
[1.052s] [ 12%] Built target ament_cmake_python_symlink_apriltag_msgs
[1.425s] [ 23%] Built target apriltag_msgs__rosidl_typesupport_introspection_c
[1.440s] [ 33%] Built target apriltag_msgs__rosidl_typesupport_c
[1.467s] [ 43%] Built target apriltag_msgs__rosidl_typesupport_fastrtps_c
[1.671s] [ 53%] Built target apriltag_msgs__rosidl_typesupport_introspection_cpp
[1.889s] [ 64%] Built target apriltag_msgs__rosidl_typesupport_fastrtps_cpp
[2.055s] [ 74%] Built target apriltag_msgs__rosidl_typesupport_cpp
[2.402s] [ 74%] Built target apriltag_msgs
[2.770s] [ 76%] Built target apriltag_msgs__py
[3.175s] [ 84%] Built target apriltag_msgs__rosidl_generator_py
[3.604s] [ 89%] Built target apriltag_msgs__rosidl_typesupport_c__pyext
[3.664s] [ 94%] Built target apriltag_msgs__rosidl_typesupport_fastrtps_c__pyext
[3.734s] [100%] Built target apriltag_msgs__rosidl_typesupport_introspection_c__pyext
[4.350s] Traceback (most recent call last):
[4.353s]   File "/home/pi/ugv_ws/build/apriltag_msgs/ament_cmake_python/apriltag_msgs/setup.py", line 1, in <module>
[4.354s]     from setuptools import find_packages
[4.356s]   File "/usr/lib/python3/dist-packages/setuptools/__init__.py", line 16, in <module>
[4.418s]     import setuptools.version
[4.429s]   File "/usr/lib/python3/dist-packages/setuptools/version.py", line 1, in <module>
[4.434s]     import pkg_resources
[4.455s]   File "/usr/lib/python3/dist-packages/pkg_resources/__init__.py", line 3267, in <module>
[4.608s]     def _initialize_master_working_set():
[4.609s]   File "/usr/lib/python3/dist-packages/pkg_resources/__init__.py", line 3241, in _call_aside
[4.611s]     f(*args, **kwargs)
[4.612s]   File "/usr/lib/python3/dist-packages/pkg_resources/__init__.py", line 3279, in _initialize_master_working_set
[4.660s]     working_set = WorkingSet._build_master()
[4.661s]   File "/usr/lib/python3/dist-packages/pkg_resources/__init__.py", line 564, in _build_master
[4.662s]     ws = cls()
[4.663s]   File "/usr/lib/python3/dist-packages/pkg_resources/__init__.py", line 557, in __init__
[4.663s]     self.add_entry(entry)
[4.664s]   File "/usr/lib/python3/dist-packages/pkg_resources/__init__.py", line 613, in add_entry
[4.665s]     for dist in find_distributions(entry, True):
[4.666s]   File "/usr/lib/python3/dist-packages/pkg_resources/__init__.py", line 2077, in find_on_path
[4.666s]     for dist in factory(fullpath):
[4.667s]   File "/usr/lib/python3/dist-packages/pkg_resources/__init__.py", line 2142, in distributions_from_metadata
[4.668s]     yield Distribution.from_location(
[4.669s]   File "/usr/lib/python3/dist-packages/pkg_resources/__init__.py", line 2606, in from_location
[4.694s]     )._reload_version()
[4.694s]   File "/usr/lib/python3/dist-packages/pkg_resources/__init__.py", line 3004, in _reload_version
[4.695s]     md_version = self._get_version()
[4.695s]   File "/usr/lib/python3/dist-packages/pkg_resources/__init__.py", line 2785, in _get_version
[4.696s]     version = _version_from_file(lines)
[4.697s]   File "/usr/lib/python3/dist-packages/pkg_resources/__init__.py", line 2571, in _version_from_file
[4.698s]     return safe_version(value.strip()) or None
[4.698s]   File "/usr/lib/python3/dist-packages/pkg_resources/__init__.py", line 1323, in safe_version
[4.699s]     return str(packaging.version.Version(version))
[4.700s]   File "/usr/lib/python3/dist-packages/pkg_resources/_vendor/packaging/version.py", line 271, in __init__
[4.703s]     release=tuple(int(i) for i in match.group("release").split(".")),
[4.706s] KeyboardInterrupt
[4.737s] gmake[2]: *** [CMakeFiles/ament_cmake_python_build_apriltag_msgs_egg.dir/build.make:70: CMakeFiles/ament_cmake_python_build_apriltag_msgs_egg] Interrupt
[4.739s] gmake[1]: *** [CMakeFiles/Makefile2:447: CMakeFiles/ament_cmake_python_build_apriltag_msgs_egg.dir/all] Interrupt
[4.739s] gmake: *** [Makefile:146: all] Interrupt
