[0.322s] Invoking command in '/home/pi/ugv_ws/build/vizanti_cpp': CMAKE_PREFIX_PATH=${CMAKE_PREFIX_PATH}:/home/pi/ugv_ws/install/ugv_web_app:/home/pi/ugv_ws/install/ugv_vision:/home/pi/ugv_ws/install/ugv_tools:/home/pi/ugv_ws/install/ugv_chat_ai:/home/pi/ugv_ws/install/ugv_bringup:/opt/ros/humble /usr/bin/cmake --build /home/pi/ugv_ws/build/vizanti_cpp -- -j4 -l4
[1.247s] [100%] Built target tf_consolidator
[1.348s] Invoked command in '/home/pi/ugv_ws/build/vizanti_cpp' returned '0': CMAKE_PREFIX_PATH=${CMAKE_PREFIX_PATH}:/home/pi/ugv_ws/install/ugv_web_app:/home/pi/ugv_ws/install/ugv_vision:/home/pi/ugv_ws/install/ugv_tools:/home/pi/ugv_ws/install/ugv_chat_ai:/home/pi/ugv_ws/install/ugv_bringup:/opt/ros/humble /usr/bin/cmake --build /home/pi/ugv_ws/build/vizanti_cpp -- -j4 -l4
[1.351s] Invoking command in '/home/pi/ugv_ws/build/vizanti_cpp': CMAKE_PREFIX_PATH=${CMAKE_PREFIX_PATH}:/home/pi/ugv_ws/install/ugv_web_app:/home/pi/ugv_ws/install/ugv_vision:/home/pi/ugv_ws/install/ugv_tools:/home/pi/ugv_ws/install/ugv_chat_ai:/home/pi/ugv_ws/install/ugv_bringup:/opt/ros/humble /usr/bin/cmake --install /home/pi/ugv_ws/build/vizanti_cpp
[1.448s] -- Install configuration: ""
[1.450s] -- Execute custom install script
[1.453s] -- Up-to-date symlink: /home/pi/ugv_ws/install/vizanti_cpp/lib/vizanti_cpp/tf_consolidator
[1.456s] -- Up-to-date symlink: /home/pi/ugv_ws/install/vizanti_cpp/share/ament_index/resource_index/package_run_dependencies/vizanti_cpp
[1.456s] -- Up-to-date symlink: /home/pi/ugv_ws/install/vizanti_cpp/share/ament_index/resource_index/parent_prefix_path/vizanti_cpp
[1.461s] -- Up-to-date symlink: /home/pi/ugv_ws/install/vizanti_cpp/share/vizanti_cpp/environment/ament_prefix_path.sh
[1.466s] -- Up-to-date symlink: /home/pi/ugv_ws/install/vizanti_cpp/share/vizanti_cpp/environment/ament_prefix_path.dsv
[1.470s] -- Up-to-date symlink: /home/pi/ugv_ws/install/vizanti_cpp/share/vizanti_cpp/environment/path.sh
[1.477s] -- Up-to-date symlink: /home/pi/ugv_ws/install/vizanti_cpp/share/vizanti_cpp/environment/path.dsv
[1.496s] -- Up-to-date symlink: /home/pi/ugv_ws/install/vizanti_cpp/share/vizanti_cpp/local_setup.bash
[1.512s] -- Up-to-date symlink: /home/pi/ugv_ws/install/vizanti_cpp/share/vizanti_cpp/local_setup.sh
[1.517s] -- Up-to-date symlink: /home/pi/ugv_ws/install/vizanti_cpp/share/vizanti_cpp/local_setup.zsh
[1.522s] -- Up-to-date symlink: /home/pi/ugv_ws/install/vizanti_cpp/share/vizanti_cpp/local_setup.dsv
[1.527s] -- Symlinking: /home/pi/ugv_ws/install/vizanti_cpp/share/vizanti_cpp/package.dsv
[1.653s] -- Up-to-date symlink: /home/pi/ugv_ws/install/vizanti_cpp/share/ament_index/resource_index/packages/vizanti_cpp
[1.656s] -- Up-to-date symlink: /home/pi/ugv_ws/install/vizanti_cpp/share/vizanti_cpp/cmake/vizanti_cppConfig.cmake
[1.658s] -- Up-to-date symlink: /home/pi/ugv_ws/install/vizanti_cpp/share/vizanti_cpp/cmake/vizanti_cppConfig-version.cmake
[1.661s] -- Up-to-date symlink: /home/pi/ugv_ws/install/vizanti_cpp/share/vizanti_cpp/package.xml
[1.676s] Invoked command in '/home/pi/ugv_ws/build/vizanti_cpp' returned '0': CMAKE_PREFIX_PATH=${CMAKE_PREFIX_PATH}:/home/pi/ugv_ws/install/ugv_web_app:/home/pi/ugv_ws/install/ugv_vision:/home/pi/ugv_ws/install/ugv_tools:/home/pi/ugv_ws/install/ugv_chat_ai:/home/pi/ugv_ws/install/ugv_bringup:/opt/ros/humble /usr/bin/cmake --install /home/pi/ugv_ws/build/vizanti_cpp
