[0.263s] Invoking command in '/home/pi/ugv_ws/build/vizanti_demos': CMAKE_PREFIX_PATH=/home/pi/ugv_ws/install/vizanti_msgs:/home/pi/ugv_ws/install/vizanti:/home/pi/ugv_ws/install/vizanti_server:/home/pi/ugv_ws/install/vizanti_demos:/home/pi/ugv_ws/install/vizanti_cpp:/home/pi/ugv_ws/install/ugv_slam:/home/pi/ugv_ws/install/ugv_nav:/home/pi/ugv_ws/install/ugv_interface:/home/pi/ugv_ws/install/ugv_gazebo:/home/pi/ugv_ws/install/ugv_description:/home/pi/ugv_ws/install/ugv_base_node:/home/pi/ugv_ws/install/teb_local_planner:/home/pi/ugv_ws/install/teb_msgs:/home/pi/ugv_ws/install/sllidar_ros2:/home/pi/ugv_ws/install/slam_gmapping:/home/pi/ugv_ws/install/robot_pose_publisher:/home/pi/ugv_ws/install/rf2o_laser_odometry:/home/pi/ugv_ws/install/openslam_gmapping:/home/pi/ugv_ws/install/ldlidar:/home/pi/ugv_ws/install/explore_lite:/home/pi/ugv_ws/install/emcl2:/home/pi/ugv_ws/install/costmap_converter:/home/pi/ugv_ws/install/costmap_converter_msgs:/home/pi/ugv_ws/install/cartographer:/home/pi/ugv_ws/install/apriltag_ros:/home/pi/ugv_ws/install/apriltag_msgs:/home/pi/ugv_ws/install/apriltag:/home/pi/ugv_ws/install/ugv_web_app:/home/pi/ugv_ws/install/ugv_vision:/home/pi/ugv_ws/install/ugv_tools:/home/pi/ugv_ws/install/ugv_chat_ai:/home/pi/ugv_ws/install/ugv_bringup:/opt/ros/humble /usr/bin/cmake --build /home/pi/ugv_ws/build/vizanti_demos -- -j4 -l4
[0.605s] Invoked command in '/home/pi/ugv_ws/build/vizanti_demos' returned '0': CMAKE_PREFIX_PATH=/home/pi/ugv_ws/install/vizanti_msgs:/home/pi/ugv_ws/install/vizanti:/home/pi/ugv_ws/install/vizanti_server:/home/pi/ugv_ws/install/vizanti_demos:/home/pi/ugv_ws/install/vizanti_cpp:/home/pi/ugv_ws/install/ugv_slam:/home/pi/ugv_ws/install/ugv_nav:/home/pi/ugv_ws/install/ugv_interface:/home/pi/ugv_ws/install/ugv_gazebo:/home/pi/ugv_ws/install/ugv_description:/home/pi/ugv_ws/install/ugv_base_node:/home/pi/ugv_ws/install/teb_local_planner:/home/pi/ugv_ws/install/teb_msgs:/home/pi/ugv_ws/install/sllidar_ros2:/home/pi/ugv_ws/install/slam_gmapping:/home/pi/ugv_ws/install/robot_pose_publisher:/home/pi/ugv_ws/install/rf2o_laser_odometry:/home/pi/ugv_ws/install/openslam_gmapping:/home/pi/ugv_ws/install/ldlidar:/home/pi/ugv_ws/install/explore_lite:/home/pi/ugv_ws/install/emcl2:/home/pi/ugv_ws/install/costmap_converter:/home/pi/ugv_ws/install/costmap_converter_msgs:/home/pi/ugv_ws/install/cartographer:/home/pi/ugv_ws/install/apriltag_ros:/home/pi/ugv_ws/install/apriltag_msgs:/home/pi/ugv_ws/install/apriltag:/home/pi/ugv_ws/install/ugv_web_app:/home/pi/ugv_ws/install/ugv_vision:/home/pi/ugv_ws/install/ugv_tools:/home/pi/ugv_ws/install/ugv_chat_ai:/home/pi/ugv_ws/install/ugv_bringup:/opt/ros/humble /usr/bin/cmake --build /home/pi/ugv_ws/build/vizanti_demos -- -j4 -l4
[0.650s] Invoking command in '/home/pi/ugv_ws/build/vizanti_demos': CMAKE_PREFIX_PATH=/home/pi/ugv_ws/install/vizanti_msgs:/home/pi/ugv_ws/install/vizanti:/home/pi/ugv_ws/install/vizanti_server:/home/pi/ugv_ws/install/vizanti_demos:/home/pi/ugv_ws/install/vizanti_cpp:/home/pi/ugv_ws/install/ugv_slam:/home/pi/ugv_ws/install/ugv_nav:/home/pi/ugv_ws/install/ugv_interface:/home/pi/ugv_ws/install/ugv_gazebo:/home/pi/ugv_ws/install/ugv_description:/home/pi/ugv_ws/install/ugv_base_node:/home/pi/ugv_ws/install/teb_local_planner:/home/pi/ugv_ws/install/teb_msgs:/home/pi/ugv_ws/install/sllidar_ros2:/home/pi/ugv_ws/install/slam_gmapping:/home/pi/ugv_ws/install/robot_pose_publisher:/home/pi/ugv_ws/install/rf2o_laser_odometry:/home/pi/ugv_ws/install/openslam_gmapping:/home/pi/ugv_ws/install/ldlidar:/home/pi/ugv_ws/install/explore_lite:/home/pi/ugv_ws/install/emcl2:/home/pi/ugv_ws/install/costmap_converter:/home/pi/ugv_ws/install/costmap_converter_msgs:/home/pi/ugv_ws/install/cartographer:/home/pi/ugv_ws/install/apriltag_ros:/home/pi/ugv_ws/install/apriltag_msgs:/home/pi/ugv_ws/install/apriltag:/home/pi/ugv_ws/install/ugv_web_app:/home/pi/ugv_ws/install/ugv_vision:/home/pi/ugv_ws/install/ugv_tools:/home/pi/ugv_ws/install/ugv_chat_ai:/home/pi/ugv_ws/install/ugv_bringup:/opt/ros/humble /usr/bin/cmake --install /home/pi/ugv_ws/build/vizanti_demos
[1.853s] -- Install configuration: ""
[2.898s] -- Execute custom install script
[2.902s] -- Up-to-date symlink: /home/pi/ugv_ws/install/vizanti_demos/share/vizanti_demos//launch/test.launch.py
[2.904s] -- Up-to-date symlink: /home/pi/ugv_ws/install/vizanti_demos/lib/vizanti_demos/particle_cloud_to_pose_array.py
[2.905s] -- Up-to-date symlink: /home/pi/ugv_ws/install/vizanti_demos/lib/vizanti_demos/path_to_nav2poses.py
[2.907s] -- Up-to-date symlink: /home/pi/ugv_ws/install/vizanti_demos/lib/vizanti_demos/test_grid_cells.py
[2.907s] -- Up-to-date symlink: /home/pi/ugv_ws/install/vizanti_demos/lib/vizanti_demos/test_marker_array.py
[2.915s] -- Up-to-date symlink: /home/pi/ugv_ws/install/vizanti_demos/lib/vizanti_demos/test_tf.py
[2.920s] -- Up-to-date symlink: /home/pi/ugv_ws/install/vizanti_demos/share/ament_index/resource_index/package_run_dependencies/vizanti_demos
[2.922s] -- Up-to-date symlink: /home/pi/ugv_ws/install/vizanti_demos/share/ament_index/resource_index/parent_prefix_path/vizanti_demos
[2.932s] -- Up-to-date symlink: /home/pi/ugv_ws/install/vizanti_demos/share/vizanti_demos/environment/ament_prefix_path.sh
[2.933s] -- Up-to-date symlink: /home/pi/ugv_ws/install/vizanti_demos/share/vizanti_demos/environment/ament_prefix_path.dsv
[2.937s] -- Up-to-date symlink: /home/pi/ugv_ws/install/vizanti_demos/share/vizanti_demos/environment/path.sh
[2.938s] -- Up-to-date symlink: /home/pi/ugv_ws/install/vizanti_demos/share/vizanti_demos/environment/path.dsv
[2.941s] -- Up-to-date symlink: /home/pi/ugv_ws/install/vizanti_demos/share/vizanti_demos/local_setup.bash
[2.945s] -- Up-to-date symlink: /home/pi/ugv_ws/install/vizanti_demos/share/vizanti_demos/local_setup.sh
[2.946s] -- Up-to-date symlink: /home/pi/ugv_ws/install/vizanti_demos/share/vizanti_demos/local_setup.zsh
[2.947s] -- Up-to-date symlink: /home/pi/ugv_ws/install/vizanti_demos/share/vizanti_demos/local_setup.dsv
[2.948s] -- Symlinking: /home/pi/ugv_ws/install/vizanti_demos/share/vizanti_demos/package.dsv
[3.012s] -- Up-to-date symlink: /home/pi/ugv_ws/install/vizanti_demos/share/ament_index/resource_index/packages/vizanti_demos
[3.016s] -- Up-to-date symlink: /home/pi/ugv_ws/install/vizanti_demos/share/vizanti_demos/cmake/vizanti_demosConfig.cmake
[3.017s] -- Up-to-date symlink: /home/pi/ugv_ws/install/vizanti_demos/share/vizanti_demos/cmake/vizanti_demosConfig-version.cmake
[3.018s] -- Up-to-date symlink: /home/pi/ugv_ws/install/vizanti_demos/share/vizanti_demos/package.xml
[3.032s] Invoked command in '/home/pi/ugv_ws/build/vizanti_demos' returned '0': CMAKE_PREFIX_PATH=/home/pi/ugv_ws/install/vizanti_msgs:/home/pi/ugv_ws/install/vizanti:/home/pi/ugv_ws/install/vizanti_server:/home/pi/ugv_ws/install/vizanti_demos:/home/pi/ugv_ws/install/vizanti_cpp:/home/pi/ugv_ws/install/ugv_slam:/home/pi/ugv_ws/install/ugv_nav:/home/pi/ugv_ws/install/ugv_interface:/home/pi/ugv_ws/install/ugv_gazebo:/home/pi/ugv_ws/install/ugv_description:/home/pi/ugv_ws/install/ugv_base_node:/home/pi/ugv_ws/install/teb_local_planner:/home/pi/ugv_ws/install/teb_msgs:/home/pi/ugv_ws/install/sllidar_ros2:/home/pi/ugv_ws/install/slam_gmapping:/home/pi/ugv_ws/install/robot_pose_publisher:/home/pi/ugv_ws/install/rf2o_laser_odometry:/home/pi/ugv_ws/install/openslam_gmapping:/home/pi/ugv_ws/install/ldlidar:/home/pi/ugv_ws/install/explore_lite:/home/pi/ugv_ws/install/emcl2:/home/pi/ugv_ws/install/costmap_converter:/home/pi/ugv_ws/install/costmap_converter_msgs:/home/pi/ugv_ws/install/cartographer:/home/pi/ugv_ws/install/apriltag_ros:/home/pi/ugv_ws/install/apriltag_msgs:/home/pi/ugv_ws/install/apriltag:/home/pi/ugv_ws/install/ugv_web_app:/home/pi/ugv_ws/install/ugv_vision:/home/pi/ugv_ws/install/ugv_tools:/home/pi/ugv_ws/install/ugv_chat_ai:/home/pi/ugv_ws/install/ugv_bringup:/opt/ros/humble /usr/bin/cmake --install /home/pi/ugv_ws/build/vizanti_demos
