[0.082s] Invoking command in '/home/pi/ugv_ws/build/vizanti_demos': CMAKE_PREFIX_PATH=/home/pi/ugv_ws/install/vizanti_msgs:/home/pi/ugv_ws/install/vizanti:/home/pi/ugv_ws/install/vizanti_server:/home/pi/ugv_ws/install/vizanti_demos:/home/pi/ugv_ws/install/vizanti_cpp:/home/pi/ugv_ws/install/ugv_slam:/home/pi/ugv_ws/install/ugv_nav:/home/pi/ugv_ws/install/ugv_interface:/home/pi/ugv_ws/install/ugv_gazebo:/home/pi/ugv_ws/install/ugv_description:/home/pi/ugv_ws/install/ugv_base_node:/home/pi/ugv_ws/install/teb_local_planner:/home/pi/ugv_ws/install/teb_msgs:/home/pi/ugv_ws/install/sllidar_ros2:/home/pi/ugv_ws/install/slam_gmapping:/home/pi/ugv_ws/install/robot_pose_publisher:/home/pi/ugv_ws/install/rf2o_laser_odometry:/home/pi/ugv_ws/install/openslam_gmapping:/home/pi/ugv_ws/install/ldlidar:/home/pi/ugv_ws/install/explore_lite:/home/pi/ugv_ws/install/emcl2:/home/pi/ugv_ws/install/costmap_converter:/home/pi/ugv_ws/install/costmap_converter_msgs:/home/pi/ugv_ws/install/cartographer:/home/pi/ugv_ws/install/apriltag_ros:/home/pi/ugv_ws/install/apriltag_msgs:/home/pi/ugv_ws/install/apriltag:/home/pi/ugv_ws/install/ugv_web_app:/home/pi/ugv_ws/install/ugv_vision:/home/pi/ugv_ws/install/ugv_tools:/home/pi/ugv_ws/install/ugv_chat_ai:/home/pi/ugv_ws/install/ugv_bringup:/opt/ros/humble /usr/bin/cmake --build /home/pi/ugv_ws/build/vizanti_demos -- -j4 -l4
[0.429s] Invoked command in '/home/pi/ugv_ws/build/vizanti_demos' returned '0': CMAKE_PREFIX_PATH=/home/pi/ugv_ws/install/vizanti_msgs:/home/pi/ugv_ws/install/vizanti:/home/pi/ugv_ws/install/vizanti_server:/home/pi/ugv_ws/install/vizanti_demos:/home/pi/ugv_ws/install/vizanti_cpp:/home/pi/ugv_ws/install/ugv_slam:/home/pi/ugv_ws/install/ugv_nav:/home/pi/ugv_ws/install/ugv_interface:/home/pi/ugv_ws/install/ugv_gazebo:/home/pi/ugv_ws/install/ugv_description:/home/pi/ugv_ws/install/ugv_base_node:/home/pi/ugv_ws/install/teb_local_planner:/home/pi/ugv_ws/install/teb_msgs:/home/pi/ugv_ws/install/sllidar_ros2:/home/pi/ugv_ws/install/slam_gmapping:/home/pi/ugv_ws/install/robot_pose_publisher:/home/pi/ugv_ws/install/rf2o_laser_odometry:/home/pi/ugv_ws/install/openslam_gmapping:/home/pi/ugv_ws/install/ldlidar:/home/pi/ugv_ws/install/explore_lite:/home/pi/ugv_ws/install/emcl2:/home/pi/ugv_ws/install/costmap_converter:/home/pi/ugv_ws/install/costmap_converter_msgs:/home/pi/ugv_ws/install/cartographer:/home/pi/ugv_ws/install/apriltag_ros:/home/pi/ugv_ws/install/apriltag_msgs:/home/pi/ugv_ws/install/apriltag:/home/pi/ugv_ws/install/ugv_web_app:/home/pi/ugv_ws/install/ugv_vision:/home/pi/ugv_ws/install/ugv_tools:/home/pi/ugv_ws/install/ugv_chat_ai:/home/pi/ugv_ws/install/ugv_bringup:/opt/ros/humble /usr/bin/cmake --build /home/pi/ugv_ws/build/vizanti_demos -- -j4 -l4
[0.444s] Invoking command in '/home/pi/ugv_ws/build/vizanti_demos': CMAKE_PREFIX_PATH=/home/pi/ugv_ws/install/vizanti_msgs:/home/pi/ugv_ws/install/vizanti:/home/pi/ugv_ws/install/vizanti_server:/home/pi/ugv_ws/install/vizanti_demos:/home/pi/ugv_ws/install/vizanti_cpp:/home/pi/ugv_ws/install/ugv_slam:/home/pi/ugv_ws/install/ugv_nav:/home/pi/ugv_ws/install/ugv_interface:/home/pi/ugv_ws/install/ugv_gazebo:/home/pi/ugv_ws/install/ugv_description:/home/pi/ugv_ws/install/ugv_base_node:/home/pi/ugv_ws/install/teb_local_planner:/home/pi/ugv_ws/install/teb_msgs:/home/pi/ugv_ws/install/sllidar_ros2:/home/pi/ugv_ws/install/slam_gmapping:/home/pi/ugv_ws/install/robot_pose_publisher:/home/pi/ugv_ws/install/rf2o_laser_odometry:/home/pi/ugv_ws/install/openslam_gmapping:/home/pi/ugv_ws/install/ldlidar:/home/pi/ugv_ws/install/explore_lite:/home/pi/ugv_ws/install/emcl2:/home/pi/ugv_ws/install/costmap_converter:/home/pi/ugv_ws/install/costmap_converter_msgs:/home/pi/ugv_ws/install/cartographer:/home/pi/ugv_ws/install/apriltag_ros:/home/pi/ugv_ws/install/apriltag_msgs:/home/pi/ugv_ws/install/apriltag:/home/pi/ugv_ws/install/ugv_web_app:/home/pi/ugv_ws/install/ugv_vision:/home/pi/ugv_ws/install/ugv_tools:/home/pi/ugv_ws/install/ugv_chat_ai:/home/pi/ugv_ws/install/ugv_bringup:/opt/ros/humble /usr/bin/cmake --install /home/pi/ugv_ws/build/vizanti_demos
[0.527s] -- Install configuration: ""
[0.530s] -- Execute custom install script
[0.531s] -- Up-to-date symlink: /home/pi/ugv_ws/install/vizanti_demos/share/vizanti_demos//launch/test.launch.py
[0.545s] -- Up-to-date symlink: /home/pi/ugv_ws/install/vizanti_demos/lib/vizanti_demos/particle_cloud_to_pose_array.py
[0.545s] -- Up-to-date symlink: /home/pi/ugv_ws/install/vizanti_demos/lib/vizanti_demos/path_to_nav2poses.py
[0.546s] -- Up-to-date symlink: /home/pi/ugv_ws/install/vizanti_demos/lib/vizanti_demos/test_grid_cells.py
[0.547s] -- Up-to-date symlink: /home/pi/ugv_ws/install/vizanti_demos/lib/vizanti_demos/test_marker_array.py
[0.548s] -- Up-to-date symlink: /home/pi/ugv_ws/install/vizanti_demos/lib/vizanti_demos/test_tf.py
[0.550s] -- Up-to-date symlink: /home/pi/ugv_ws/install/vizanti_demos/share/ament_index/resource_index/package_run_dependencies/vizanti_demos
[0.550s] -- Up-to-date symlink: /home/pi/ugv_ws/install/vizanti_demos/share/ament_index/resource_index/parent_prefix_path/vizanti_demos
[0.551s] -- Up-to-date symlink: /home/pi/ugv_ws/install/vizanti_demos/share/vizanti_demos/environment/ament_prefix_path.sh
[0.555s] -- Up-to-date symlink: /home/pi/ugv_ws/install/vizanti_demos/share/vizanti_demos/environment/ament_prefix_path.dsv
[0.555s] -- Up-to-date symlink: /home/pi/ugv_ws/install/vizanti_demos/share/vizanti_demos/environment/path.sh
[0.556s] -- Up-to-date symlink: /home/pi/ugv_ws/install/vizanti_demos/share/vizanti_demos/environment/path.dsv
[0.556s] -- Up-to-date symlink: /home/pi/ugv_ws/install/vizanti_demos/share/vizanti_demos/local_setup.bash
[0.559s] -- Up-to-date symlink: /home/pi/ugv_ws/install/vizanti_demos/share/vizanti_demos/local_setup.sh
[0.562s] -- Up-to-date symlink: /home/pi/ugv_ws/install/vizanti_demos/share/vizanti_demos/local_setup.zsh
[0.564s] -- Up-to-date symlink: /home/pi/ugv_ws/install/vizanti_demos/share/vizanti_demos/local_setup.dsv
[0.566s] -- Symlinking: /home/pi/ugv_ws/install/vizanti_demos/share/vizanti_demos/package.dsv
[0.601s] -- Up-to-date symlink: /home/pi/ugv_ws/install/vizanti_demos/share/ament_index/resource_index/packages/vizanti_demos
[0.603s] -- Up-to-date symlink: /home/pi/ugv_ws/install/vizanti_demos/share/vizanti_demos/cmake/vizanti_demosConfig.cmake
[0.604s] -- Up-to-date symlink: /home/pi/ugv_ws/install/vizanti_demos/share/vizanti_demos/cmake/vizanti_demosConfig-version.cmake
[0.604s] -- Up-to-date symlink: /home/pi/ugv_ws/install/vizanti_demos/share/vizanti_demos/package.xml
[0.662s] Invoked command in '/home/pi/ugv_ws/build/vizanti_demos' returned '0': CMAKE_PREFIX_PATH=/home/pi/ugv_ws/install/vizanti_msgs:/home/pi/ugv_ws/install/vizanti:/home/pi/ugv_ws/install/vizanti_server:/home/pi/ugv_ws/install/vizanti_demos:/home/pi/ugv_ws/install/vizanti_cpp:/home/pi/ugv_ws/install/ugv_slam:/home/pi/ugv_ws/install/ugv_nav:/home/pi/ugv_ws/install/ugv_interface:/home/pi/ugv_ws/install/ugv_gazebo:/home/pi/ugv_ws/install/ugv_description:/home/pi/ugv_ws/install/ugv_base_node:/home/pi/ugv_ws/install/teb_local_planner:/home/pi/ugv_ws/install/teb_msgs:/home/pi/ugv_ws/install/sllidar_ros2:/home/pi/ugv_ws/install/slam_gmapping:/home/pi/ugv_ws/install/robot_pose_publisher:/home/pi/ugv_ws/install/rf2o_laser_odometry:/home/pi/ugv_ws/install/openslam_gmapping:/home/pi/ugv_ws/install/ldlidar:/home/pi/ugv_ws/install/explore_lite:/home/pi/ugv_ws/install/emcl2:/home/pi/ugv_ws/install/costmap_converter:/home/pi/ugv_ws/install/costmap_converter_msgs:/home/pi/ugv_ws/install/cartographer:/home/pi/ugv_ws/install/apriltag_ros:/home/pi/ugv_ws/install/apriltag_msgs:/home/pi/ugv_ws/install/apriltag:/home/pi/ugv_ws/install/ugv_web_app:/home/pi/ugv_ws/install/ugv_vision:/home/pi/ugv_ws/install/ugv_tools:/home/pi/ugv_ws/install/ugv_chat_ai:/home/pi/ugv_ws/install/ugv_bringup:/opt/ros/humble /usr/bin/cmake --install /home/pi/ugv_ws/build/vizanti_demos
