[0.477s] Invoking command in '/home/pi/ugv_ws/build/ugv_interface': CMAKE_PREFIX_PATH=${CMAKE_PREFIX_PATH}:/home/pi/ugv_ws/install/ugv_web_app:/home/pi/ugv_ws/install/ugv_vision:/home/pi/ugv_ws/install/ugv_tools:/home/pi/ugv_ws/install/ugv_chat_ai:/home/pi/ugv_ws/install/ugv_bringup:/opt/ros/humble /usr/bin/cmake --build /home/pi/ugv_ws/build/ugv_interface -- -j4 -l4
[1.242s] [  2%] Built target ugv_interface__cpp
[1.855s] [  2%] Built target ament_cmake_python_symlink_ugv_interface
[2.191s] [ 12%] Built target ugv_interface__rosidl_typesupport_fastrtps_cpp
[2.568s] [ 23%] Built target ugv_interface__rosidl_typesupport_introspection_cpp
[5.833s] running egg_info
[5.837s] writing ugv_interface.egg-info/PKG-INFO
[5.840s] writing dependency_links to ugv_interface.egg-info/dependency_links.txt
[5.842s] writing top-level names to ugv_interface.egg-info/top_level.txt
[5.861s] reading manifest file 'ugv_interface.egg-info/SOURCES.txt'
[5.866s] writing manifest file 'ugv_interface.egg-info/SOURCES.txt'
[6.102s] [ 23%] Built target ament_cmake_python_build_ugv_interface_egg
[6.337s] [ 33%] Built target ugv_interface__rosidl_typesupport_cpp
[6.648s] [ 43%] Built target ugv_interface__rosidl_generator_c
[7.028s] [ 53%] Built target ugv_interface__rosidl_typesupport_fastrtps_c
[7.436s] [ 64%] Built target ugv_interface__rosidl_typesupport_c
[7.661s] [ 74%] Built target ugv_interface__rosidl_typesupport_introspection_c
[7.974s] [ 74%] Built target ugv_interface
[8.246s] [ 76%] Built target ugv_interface__py
[8.448s] [ 84%] Built target ugv_interface__rosidl_generator_py
[8.787s] [ 89%] Built target ugv_interface__rosidl_typesupport_fastrtps_c__pyext
[9.041s] [ 94%] Built target ugv_interface__rosidl_typesupport_c__pyext
[9.225s] [100%] Built target ugv_interface__rosidl_typesupport_introspection_c__pyext
[10.852s] Invoked command in '/home/pi/ugv_ws/build/ugv_interface' returned '0': CMAKE_PREFIX_PATH=${CMAKE_PREFIX_PATH}:/home/pi/ugv_ws/install/ugv_web_app:/home/pi/ugv_ws/install/ugv_vision:/home/pi/ugv_ws/install/ugv_tools:/home/pi/ugv_ws/install/ugv_chat_ai:/home/pi/ugv_ws/install/ugv_bringup:/opt/ros/humble /usr/bin/cmake --build /home/pi/ugv_ws/build/ugv_interface -- -j4 -l4
[10.872s] Invoking command in '/home/pi/ugv_ws/build/ugv_interface': CMAKE_PREFIX_PATH=${CMAKE_PREFIX_PATH}:/home/pi/ugv_ws/install/ugv_web_app:/home/pi/ugv_ws/install/ugv_vision:/home/pi/ugv_ws/install/ugv_tools:/home/pi/ugv_ws/install/ugv_chat_ai:/home/pi/ugv_ws/install/ugv_bringup:/opt/ros/humble /usr/bin/cmake --install /home/pi/ugv_ws/build/ugv_interface
[10.971s] -- Install configuration: ""
[10.980s] -- Execute custom install script
[10.984s] -- Up-to-date symlink: /home/pi/ugv_ws/install/ugv_interface/share/ament_index/resource_index/rosidl_interfaces/ugv_interface
[10.997s] -- Up-to-date symlink: /home/pi/ugv_ws/install/ugv_interface/include/ugv_interface/ugv_interface/action/behavior.h
[11.000s] -- Up-to-date symlink: /home/pi/ugv_ws/install/ugv_interface/include/ugv_interface/ugv_interface/action/detail/behavior__functions.h
[11.003s] -- Up-to-date symlink: /home/pi/ugv_ws/install/ugv_interface/include/ugv_interface/ugv_interface/action/detail/behavior__struct.h
[11.006s] -- Up-to-date symlink: /home/pi/ugv_ws/install/ugv_interface/include/ugv_interface/ugv_interface/action/detail/behavior__type_support.h
[11.009s] -- Up-to-date symlink: /home/pi/ugv_ws/install/ugv_interface/include/ugv_interface/ugv_interface/msg/rosidl_generator_c__visibility_control.h
[11.014s] -- Up-to-date symlink: /home/pi/ugv_ws/install/ugv_interface/include/ugv_interface/ugv_interface/srv/detail/map_save__functions.h
[11.017s] -- Up-to-date symlink: /home/pi/ugv_ws/install/ugv_interface/include/ugv_interface/ugv_interface/srv/detail/map_save__struct.h
[11.038s] -- Up-to-date symlink: /home/pi/ugv_ws/install/ugv_interface/include/ugv_interface/ugv_interface/srv/detail/map_save__type_support.h
[11.041s] -- Up-to-date symlink: /home/pi/ugv_ws/install/ugv_interface/include/ugv_interface/ugv_interface/srv/map_save.h
[11.044s] -- Up-to-date symlink: /home/pi/ugv_ws/install/ugv_interface/share/ugv_interface/environment/library_path.sh
[11.047s] -- Up-to-date symlink: /home/pi/ugv_ws/install/ugv_interface/share/ugv_interface/environment/library_path.dsv
[11.065s] -- Up-to-date symlink: /home/pi/ugv_ws/install/ugv_interface/include/ugv_interface/ugv_interface/action/detail/behavior__rosidl_typesupport_fastrtps_c.h
[11.068s] -- Up-to-date symlink: /home/pi/ugv_ws/install/ugv_interface/include/ugv_interface/ugv_interface/msg/rosidl_typesupport_fastrtps_c__visibility_control.h
[11.070s] -- Up-to-date symlink: /home/pi/ugv_ws/install/ugv_interface/include/ugv_interface/ugv_interface/srv/detail/map_save__rosidl_typesupport_fastrtps_c.h
[11.076s] -- Up-to-date symlink: /home/pi/ugv_ws/install/ugv_interface/include/ugv_interface/ugv_interface/action/detail/behavior__rosidl_typesupport_introspection_c.h
[11.089s] -- Up-to-date symlink: /home/pi/ugv_ws/install/ugv_interface/include/ugv_interface/ugv_interface/msg/rosidl_typesupport_introspection_c__visibility_control.h
[11.091s] -- Up-to-date symlink: /home/pi/ugv_ws/install/ugv_interface/include/ugv_interface/ugv_interface/srv/detail/map_save__rosidl_typesupport_introspection_c.h
[11.097s] -- Up-to-date symlink: /home/pi/ugv_ws/install/ugv_interface/include/ugv_interface/ugv_interface/action/behavior.hpp
[11.099s] -- Up-to-date symlink: /home/pi/ugv_ws/install/ugv_interface/include/ugv_interface/ugv_interface/action/detail/behavior__builder.hpp
[11.102s] -- Up-to-date symlink: /home/pi/ugv_ws/install/ugv_interface/include/ugv_interface/ugv_interface/action/detail/behavior__struct.hpp
[11.104s] -- Up-to-date symlink: /home/pi/ugv_ws/install/ugv_interface/include/ugv_interface/ugv_interface/action/detail/behavior__traits.hpp
[11.117s] -- Up-to-date symlink: /home/pi/ugv_ws/install/ugv_interface/include/ugv_interface/ugv_interface/action/detail/behavior__type_support.hpp
[11.119s] -- Up-to-date symlink: /home/pi/ugv_ws/install/ugv_interface/include/ugv_interface/ugv_interface/msg/rosidl_generator_cpp__visibility_control.hpp
[11.122s] -- Up-to-date symlink: /home/pi/ugv_ws/install/ugv_interface/include/ugv_interface/ugv_interface/srv/detail/map_save__builder.hpp
[11.124s] -- Up-to-date symlink: /home/pi/ugv_ws/install/ugv_interface/include/ugv_interface/ugv_interface/srv/detail/map_save__struct.hpp
[11.126s] -- Up-to-date symlink: /home/pi/ugv_ws/install/ugv_interface/include/ugv_interface/ugv_interface/srv/detail/map_save__traits.hpp
[11.129s] -- Up-to-date symlink: /home/pi/ugv_ws/install/ugv_interface/include/ugv_interface/ugv_interface/srv/detail/map_save__type_support.hpp
[11.131s] -- Up-to-date symlink: /home/pi/ugv_ws/install/ugv_interface/include/ugv_interface/ugv_interface/srv/map_save.hpp
[11.149s] -- Up-to-date symlink: /home/pi/ugv_ws/install/ugv_interface/include/ugv_interface/ugv_interface/action/detail/behavior__rosidl_typesupport_fastrtps_cpp.hpp
[11.152s] -- Up-to-date symlink: /home/pi/ugv_ws/install/ugv_interface/include/ugv_interface/ugv_interface/msg/rosidl_typesupport_fastrtps_cpp__visibility_control.h
[11.154s] -- Up-to-date symlink: /home/pi/ugv_ws/install/ugv_interface/include/ugv_interface/ugv_interface/srv/detail/map_save__rosidl_typesupport_fastrtps_cpp.hpp
[11.159s] -- Up-to-date symlink: /home/pi/ugv_ws/install/ugv_interface/include/ugv_interface/ugv_interface/action/detail/behavior__rosidl_typesupport_introspection_cpp.hpp
[11.168s] -- Up-to-date symlink: /home/pi/ugv_ws/install/ugv_interface/include/ugv_interface/ugv_interface/srv/detail/map_save__rosidl_typesupport_introspection_cpp.hpp
[11.171s] -- Up-to-date symlink: /home/pi/ugv_ws/install/ugv_interface/share/ugv_interface/environment/pythonpath.sh
[11.174s] -- Up-to-date symlink: /home/pi/ugv_ws/install/ugv_interface/share/ugv_interface/environment/pythonpath.dsv
[11.191s] -- Up-to-date symlink: /home/pi/ugv_ws/install/ugv_interface/local/lib/python3.10/dist-packages/ugv_interface-0.0.0-py3.10.egg-info/PKG-INFO
[11.193s] -- Up-to-date symlink: /home/pi/ugv_ws/install/ugv_interface/local/lib/python3.10/dist-packages/ugv_interface-0.0.0-py3.10.egg-info/SOURCES.txt
[11.195s] -- Up-to-date symlink: /home/pi/ugv_ws/install/ugv_interface/local/lib/python3.10/dist-packages/ugv_interface-0.0.0-py3.10.egg-info/dependency_links.txt
[11.198s] -- Up-to-date symlink: /home/pi/ugv_ws/install/ugv_interface/local/lib/python3.10/dist-packages/ugv_interface-0.0.0-py3.10.egg-info/top_level.txt
[11.206s] -- Up-to-date symlink: /home/pi/ugv_ws/install/ugv_interface/local/lib/python3.10/dist-packages/ugv_interface/__init__.py
[11.219s] -- Up-to-date symlink: /home/pi/ugv_ws/install/ugv_interface/local/lib/python3.10/dist-packages/ugv_interface/_ugv_interface_s.ep.rosidl_typesupport_c.c
[11.222s] -- Up-to-date symlink: /home/pi/ugv_ws/install/ugv_interface/local/lib/python3.10/dist-packages/ugv_interface/_ugv_interface_s.ep.rosidl_typesupport_fastrtps_c.c
[11.224s] -- Up-to-date symlink: /home/pi/ugv_ws/install/ugv_interface/local/lib/python3.10/dist-packages/ugv_interface/_ugv_interface_s.ep.rosidl_typesupport_introspection_c.c
[11.226s] -- Up-to-date symlink: /home/pi/ugv_ws/install/ugv_interface/local/lib/python3.10/dist-packages/ugv_interface/action/__init__.py
[11.229s] -- Up-to-date symlink: /home/pi/ugv_ws/install/ugv_interface/local/lib/python3.10/dist-packages/ugv_interface/action/_behavior.py
[11.231s] -- Up-to-date symlink: /home/pi/ugv_ws/install/ugv_interface/local/lib/python3.10/dist-packages/ugv_interface/action/_behavior_s.c
[11.234s] -- Up-to-date symlink: /home/pi/ugv_ws/install/ugv_interface/local/lib/python3.10/dist-packages/ugv_interface/libugv_interface__rosidl_generator_py.so
[11.236s] -- Up-to-date symlink: /home/pi/ugv_ws/install/ugv_interface/local/lib/python3.10/dist-packages/ugv_interface/srv/__init__.py
[11.249s] -- Up-to-date symlink: /home/pi/ugv_ws/install/ugv_interface/local/lib/python3.10/dist-packages/ugv_interface/srv/_map_save.py
[11.252s] -- Up-to-date symlink: /home/pi/ugv_ws/install/ugv_interface/local/lib/python3.10/dist-packages/ugv_interface/srv/_map_save_s.c
[11.254s] -- Up-to-date symlink: /home/pi/ugv_ws/install/ugv_interface/local/lib/python3.10/dist-packages/ugv_interface/ugv_interface_s__rosidl_typesupport_c.cpython-310-aarch64-linux-gnu.so
[11.256s] -- Up-to-date symlink: /home/pi/ugv_ws/install/ugv_interface/local/lib/python3.10/dist-packages/ugv_interface/ugv_interface_s__rosidl_typesupport_fastrtps_c.cpython-310-aarch64-linux-gnu.so
[11.259s] -- Up-to-date symlink: /home/pi/ugv_ws/install/ugv_interface/local/lib/python3.10/dist-packages/ugv_interface/ugv_interface_s__rosidl_typesupport_introspection_c.cpython-310-aarch64-linux-gnu.so
[11.265s] -- Up-to-date symlink: /home/pi/ugv_ws/install/ugv_interface/local/lib/python3.10/dist-packages/ugv_interface/ugv_interface_s__rosidl_typesupport_fastrtps_c.cpython-310-aarch64-linux-gnu.so
[11.267s] -- Up-to-date symlink: /home/pi/ugv_ws/install/ugv_interface/local/lib/python3.10/dist-packages/ugv_interface/ugv_interface_s__rosidl_typesupport_introspection_c.cpython-310-aarch64-linux-gnu.so
[11.275s] -- Up-to-date symlink: /home/pi/ugv_ws/install/ugv_interface/local/lib/python3.10/dist-packages/ugv_interface/ugv_interface_s__rosidl_typesupport_c.cpython-310-aarch64-linux-gnu.so
[11.288s] -- Up-to-date symlink: /home/pi/ugv_ws/install/ugv_interface/share/ugv_interface/srv/MapSave.idl
[11.296s] -- Up-to-date symlink: /home/pi/ugv_ws/install/ugv_interface/share/ugv_interface/action/Behavior.idl
[11.297s] -- Up-to-date symlink: /home/pi/ugv_ws/install/ugv_interface/share/ugv_interface/srv/MapSave.srv
[11.297s] -- Up-to-date symlink: /home/pi/ugv_ws/install/ugv_interface/share/ugv_interface/srv/MapSave_Request.msg
[11.298s] -- Up-to-date symlink: /home/pi/ugv_ws/install/ugv_interface/share/ugv_interface/srv/MapSave_Response.msg
[11.300s] -- Up-to-date symlink: /home/pi/ugv_ws/install/ugv_interface/share/ugv_interface/action/Behavior.action
[11.317s] -- Up-to-date symlink: /home/pi/ugv_ws/install/ugv_interface/share/ugv_interface/srv/MapSave.srv
[11.320s] -- Up-to-date symlink: /home/pi/ugv_ws/install/ugv_interface/share/ugv_interface/action/Behavior.action
[11.323s] -- Up-to-date symlink: /home/pi/ugv_ws/install/ugv_interface/share/ament_index/resource_index/package_run_dependencies/ugv_interface
[11.326s] -- Up-to-date symlink: /home/pi/ugv_ws/install/ugv_interface/share/ament_index/resource_index/parent_prefix_path/ugv_interface
[11.328s] -- Up-to-date symlink: /home/pi/ugv_ws/install/ugv_interface/share/ugv_interface/environment/ament_prefix_path.sh
[11.331s] -- Up-to-date symlink: /home/pi/ugv_ws/install/ugv_interface/share/ugv_interface/environment/ament_prefix_path.dsv
[11.335s] -- Up-to-date symlink: /home/pi/ugv_ws/install/ugv_interface/share/ugv_interface/environment/path.sh
[11.349s] -- Up-to-date symlink: /home/pi/ugv_ws/install/ugv_interface/share/ugv_interface/environment/path.dsv
[11.352s] -- Up-to-date symlink: /home/pi/ugv_ws/install/ugv_interface/share/ugv_interface/local_setup.bash
[11.355s] -- Up-to-date symlink: /home/pi/ugv_ws/install/ugv_interface/share/ugv_interface/local_setup.sh
[11.358s] -- Up-to-date symlink: /home/pi/ugv_ws/install/ugv_interface/share/ugv_interface/local_setup.zsh
[11.360s] -- Up-to-date symlink: /home/pi/ugv_ws/install/ugv_interface/share/ugv_interface/local_setup.dsv
[11.365s] -- Symlinking: /home/pi/ugv_ws/install/ugv_interface/share/ugv_interface/package.dsv
[11.448s] -- Up-to-date symlink: /home/pi/ugv_ws/install/ugv_interface/share/ament_index/resource_index/packages/ugv_interface
[11.449s] -- Up-to-date symlink: /home/pi/ugv_ws/install/ugv_interface/share/ugv_interface/cmake/rosidl_cmake-extras.cmake
[11.450s] -- Up-to-date symlink: /home/pi/ugv_ws/install/ugv_interface/share/ugv_interface/cmake/ament_cmake_export_dependencies-extras.cmake
[11.452s] -- Up-to-date symlink: /home/pi/ugv_ws/install/ugv_interface/share/ugv_interface/cmake/ament_cmake_export_include_directories-extras.cmake
[11.458s] -- Up-to-date symlink: /home/pi/ugv_ws/install/ugv_interface/share/ugv_interface/cmake/ament_cmake_export_libraries-extras.cmake
[11.461s] -- Up-to-date symlink: /home/pi/ugv_ws/install/ugv_interface/share/ugv_interface/cmake/ament_cmake_export_targets-extras.cmake
[11.476s] -- Up-to-date symlink: /home/pi/ugv_ws/install/ugv_interface/share/ugv_interface/cmake/rosidl_cmake_export_typesupport_targets-extras.cmake
[11.480s] -- Up-to-date symlink: /home/pi/ugv_ws/install/ugv_interface/share/ugv_interface/cmake/rosidl_cmake_export_typesupport_libraries-extras.cmake
[11.483s] -- Up-to-date symlink: /home/pi/ugv_ws/install/ugv_interface/share/ugv_interface/cmake/ugv_interfaceConfig.cmake
[11.485s] -- Up-to-date symlink: /home/pi/ugv_ws/install/ugv_interface/share/ugv_interface/cmake/ugv_interfaceConfig-version.cmake
[11.489s] -- Up-to-date symlink: /home/pi/ugv_ws/install/ugv_interface/share/ugv_interface/package.xml
[11.491s] -- Up-to-date: /home/pi/ugv_ws/install/ugv_interface/lib/libugv_interface__rosidl_generator_c.so
[11.506s] -- Up-to-date: /home/pi/ugv_ws/install/ugv_interface/lib/libugv_interface__rosidl_typesupport_fastrtps_c.so
[11.516s] -- Up-to-date: /home/pi/ugv_ws/install/ugv_interface/lib/libugv_interface__rosidl_typesupport_introspection_c.so
[11.532s] -- Up-to-date: /home/pi/ugv_ws/install/ugv_interface/lib/libugv_interface__rosidl_typesupport_c.so
[11.536s] -- Up-to-date: /home/pi/ugv_ws/install/ugv_interface/lib/libugv_interface__rosidl_typesupport_fastrtps_cpp.so
[11.541s] -- Up-to-date: /home/pi/ugv_ws/install/ugv_interface/lib/libugv_interface__rosidl_typesupport_introspection_cpp.so
[11.554s] -- Up-to-date: /home/pi/ugv_ws/install/ugv_interface/lib/libugv_interface__rosidl_typesupport_cpp.so
[11.922s] Listing '/home/pi/ugv_ws/install/ugv_interface/local/lib/python3.10/dist-packages/ugv_interface'...
[11.923s] Listing '/home/pi/ugv_ws/install/ugv_interface/local/lib/python3.10/dist-packages/ugv_interface/action'...
[11.925s] Listing '/home/pi/ugv_ws/install/ugv_interface/local/lib/python3.10/dist-packages/ugv_interface/srv'...
[11.964s] -- Up-to-date: /home/pi/ugv_ws/install/ugv_interface/lib/libugv_interface__rosidl_generator_py.so
[11.969s] -- Up-to-date: /home/pi/ugv_ws/install/ugv_interface/share/ugv_interface/cmake/export_ugv_interface__rosidl_generator_cExport.cmake
[11.972s] -- Up-to-date: /home/pi/ugv_ws/install/ugv_interface/share/ugv_interface/cmake/export_ugv_interface__rosidl_generator_cExport-noconfig.cmake
[11.975s] -- Up-to-date: /home/pi/ugv_ws/install/ugv_interface/share/ugv_interface/cmake/export_ugv_interface__rosidl_typesupport_fastrtps_cExport.cmake
[11.979s] -- Up-to-date: /home/pi/ugv_ws/install/ugv_interface/share/ugv_interface/cmake/export_ugv_interface__rosidl_typesupport_fastrtps_cExport-noconfig.cmake
[11.984s] -- Up-to-date: /home/pi/ugv_ws/install/ugv_interface/share/ugv_interface/cmake/ugv_interface__rosidl_typesupport_introspection_cExport.cmake
[11.985s] -- Up-to-date: /home/pi/ugv_ws/install/ugv_interface/share/ugv_interface/cmake/ugv_interface__rosidl_typesupport_introspection_cExport-noconfig.cmake
[11.986s] -- Up-to-date: /home/pi/ugv_ws/install/ugv_interface/share/ugv_interface/cmake/ugv_interface__rosidl_typesupport_cExport.cmake
[11.986s] -- Up-to-date: /home/pi/ugv_ws/install/ugv_interface/share/ugv_interface/cmake/ugv_interface__rosidl_typesupport_cExport-noconfig.cmake
[12.011s] -- Up-to-date: /home/pi/ugv_ws/install/ugv_interface/share/ugv_interface/cmake/export_ugv_interface__rosidl_generator_cppExport.cmake
[12.012s] -- Up-to-date: /home/pi/ugv_ws/install/ugv_interface/share/ugv_interface/cmake/export_ugv_interface__rosidl_typesupport_fastrtps_cppExport.cmake
[12.013s] -- Up-to-date: /home/pi/ugv_ws/install/ugv_interface/share/ugv_interface/cmake/export_ugv_interface__rosidl_typesupport_fastrtps_cppExport-noconfig.cmake
[12.013s] -- Up-to-date: /home/pi/ugv_ws/install/ugv_interface/share/ugv_interface/cmake/ugv_interface__rosidl_typesupport_introspection_cppExport.cmake
[12.020s] -- Up-to-date: /home/pi/ugv_ws/install/ugv_interface/share/ugv_interface/cmake/ugv_interface__rosidl_typesupport_introspection_cppExport-noconfig.cmake
[12.021s] -- Up-to-date: /home/pi/ugv_ws/install/ugv_interface/share/ugv_interface/cmake/ugv_interface__rosidl_typesupport_cppExport.cmake
[12.021s] -- Up-to-date: /home/pi/ugv_ws/install/ugv_interface/share/ugv_interface/cmake/ugv_interface__rosidl_typesupport_cppExport-noconfig.cmake
[12.022s] -- Up-to-date: /home/pi/ugv_ws/install/ugv_interface/share/ugv_interface/cmake/export_ugv_interface__rosidl_generator_pyExport.cmake
[12.023s] -- Up-to-date: /home/pi/ugv_ws/install/ugv_interface/share/ugv_interface/cmake/export_ugv_interface__rosidl_generator_pyExport-noconfig.cmake
[12.040s] Invoked command in '/home/pi/ugv_ws/build/ugv_interface' returned '0': CMAKE_PREFIX_PATH=${CMAKE_PREFIX_PATH}:/home/pi/ugv_ws/install/ugv_web_app:/home/pi/ugv_ws/install/ugv_vision:/home/pi/ugv_ws/install/ugv_tools:/home/pi/ugv_ws/install/ugv_chat_ai:/home/pi/ugv_ws/install/ugv_bringup:/opt/ros/humble /usr/bin/cmake --install /home/pi/ugv_ws/build/ugv_interface
