[0.096s] Invoking command in '/home/pi/ugv_ws/build/robot_pose_publisher': CMAKE_PREFIX_PATH=${CMAKE_PREFIX_PATH}:/home/pi/ugv_ws/install/ugv_web_app:/home/pi/ugv_ws/install/ugv_vision:/home/pi/ugv_ws/install/ugv_tools:/home/pi/ugv_ws/install/ugv_chat_ai:/home/pi/ugv_ws/install/ugv_bringup:/opt/ros/humble /usr/bin/cmake /home/pi/ugv_ws/src/ugv_else/robot_pose_publisher -DCMAKE_INSTALL_PREFIX=/home/pi/ugv_ws/install/robot_pose_publisher
[0.273s] -- Found ament_cmake: 1.3.11 (/opt/ros/humble/share/ament_cmake/cmake)
[1.367s] -- Override CMake install command with custom implementation using symlinks instead of copying resources
[1.457s] -- Found rclcpp: 16.0.11 (/opt/ros/humble/share/rclcpp/cmake)
[1.782s] -- Found rosidl_generator_c: 3.1.6 (/opt/ros/humble/share/rosidl_generator_c/cmake)
[1.816s] -- Found rosidl_adapter: 3.1.6 (/opt/ros/humble/share/rosidl_adapter/cmake)
[1.895s] -- Found rosidl_generator_cpp: 3.1.6 (/opt/ros/humble/share/rosidl_generator_cpp/cmake)
[1.979s] -- Using all available rosidl_typesupport_c: rosidl_typesupport_fastrtps_c;rosidl_typesupport_introspection_c
[2.175s] -- Using all available rosidl_typesupport_cpp: rosidl_typesupport_fastrtps_cpp;rosidl_typesupport_introspection_cpp
[2.428s] -- Found rmw_implementation_cmake: 6.1.2 (/opt/ros/humble/share/rmw_implementation_cmake/cmake)
[2.442s] -- Found rmw_fastrtps_cpp: 6.2.7 (/opt/ros/humble/share/rmw_fastrtps_cpp/cmake)
[4.546s] -- Using RMW implementation 'rmw_fastrtps_cpp' as default
[5.154s] -- Found geometry_msgs: 4.2.4 (/opt/ros/humble/share/geometry_msgs/cmake)
[5.250s] -- Found tf2_ros: 0.25.11 (/opt/ros/humble/share/tf2_ros/cmake)
[6.806s] -- Configuring done
[7.033s] -- Generating done
[7.079s] -- Build files have been written to: /home/pi/ugv_ws/build/robot_pose_publisher
[7.148s] Invoked command in '/home/pi/ugv_ws/build/robot_pose_publisher' returned '0': CMAKE_PREFIX_PATH=${CMAKE_PREFIX_PATH}:/home/pi/ugv_ws/install/ugv_web_app:/home/pi/ugv_ws/install/ugv_vision:/home/pi/ugv_ws/install/ugv_tools:/home/pi/ugv_ws/install/ugv_chat_ai:/home/pi/ugv_ws/install/ugv_bringup:/opt/ros/humble /usr/bin/cmake /home/pi/ugv_ws/src/ugv_else/robot_pose_publisher -DCMAKE_INSTALL_PREFIX=/home/pi/ugv_ws/install/robot_pose_publisher
[7.153s] Invoking command in '/home/pi/ugv_ws/build/robot_pose_publisher': CMAKE_PREFIX_PATH=${CMAKE_PREFIX_PATH}:/home/pi/ugv_ws/install/ugv_web_app:/home/pi/ugv_ws/install/ugv_vision:/home/pi/ugv_ws/install/ugv_tools:/home/pi/ugv_ws/install/ugv_chat_ai:/home/pi/ugv_ws/install/ugv_bringup:/opt/ros/humble /usr/bin/cmake --build /home/pi/ugv_ws/build/robot_pose_publisher -- -j4 -l4
[7.453s] [35m[1mConsolidate compiler generated dependencies of target robot_pose_publisher[0m
[7.816s] [100%] Built target robot_pose_publisher
[7.931s] Invoked command in '/home/pi/ugv_ws/build/robot_pose_publisher' returned '0': CMAKE_PREFIX_PATH=${CMAKE_PREFIX_PATH}:/home/pi/ugv_ws/install/ugv_web_app:/home/pi/ugv_ws/install/ugv_vision:/home/pi/ugv_ws/install/ugv_tools:/home/pi/ugv_ws/install/ugv_chat_ai:/home/pi/ugv_ws/install/ugv_bringup:/opt/ros/humble /usr/bin/cmake --build /home/pi/ugv_ws/build/robot_pose_publisher -- -j4 -l4
[7.933s] Invoking command in '/home/pi/ugv_ws/build/robot_pose_publisher': CMAKE_PREFIX_PATH=${CMAKE_PREFIX_PATH}:/home/pi/ugv_ws/install/ugv_web_app:/home/pi/ugv_ws/install/ugv_vision:/home/pi/ugv_ws/install/ugv_tools:/home/pi/ugv_ws/install/ugv_chat_ai:/home/pi/ugv_ws/install/ugv_bringup:/opt/ros/humble /usr/bin/cmake --install /home/pi/ugv_ws/build/robot_pose_publisher
[8.051s] -- Install configuration: ""
[8.054s] -- Execute custom install script
[8.055s] -- Up-to-date symlink: /home/pi/ugv_ws/install/robot_pose_publisher/lib/robot_pose_publisher/robot_pose_publisher
[8.058s] -- Up-to-date symlink: /home/pi/ugv_ws/install/robot_pose_publisher/share/robot_pose_publisher/launch/robot_pose_publisher_launch.py
[8.062s] -- Up-to-date symlink: /home/pi/ugv_ws/install/robot_pose_publisher/share/ament_index/resource_index/package_run_dependencies/robot_pose_publisher
[8.062s] -- Up-to-date symlink: /home/pi/ugv_ws/install/robot_pose_publisher/share/ament_index/resource_index/parent_prefix_path/robot_pose_publisher
[8.067s] -- Up-to-date symlink: /home/pi/ugv_ws/install/robot_pose_publisher/share/robot_pose_publisher/environment/ament_prefix_path.sh
[8.071s] -- Up-to-date symlink: /home/pi/ugv_ws/install/robot_pose_publisher/share/robot_pose_publisher/environment/ament_prefix_path.dsv
[8.072s] -- Up-to-date symlink: /home/pi/ugv_ws/install/robot_pose_publisher/share/robot_pose_publisher/environment/path.sh
[8.072s] -- Up-to-date symlink: /home/pi/ugv_ws/install/robot_pose_publisher/share/robot_pose_publisher/environment/path.dsv
[8.078s] -- Up-to-date symlink: /home/pi/ugv_ws/install/robot_pose_publisher/share/robot_pose_publisher/local_setup.bash
[8.079s] -- Up-to-date symlink: /home/pi/ugv_ws/install/robot_pose_publisher/share/robot_pose_publisher/local_setup.sh
[8.080s] -- Up-to-date symlink: /home/pi/ugv_ws/install/robot_pose_publisher/share/robot_pose_publisher/local_setup.zsh
[8.080s] -- Up-to-date symlink: /home/pi/ugv_ws/install/robot_pose_publisher/share/robot_pose_publisher/local_setup.dsv
[8.081s] -- Symlinking: /home/pi/ugv_ws/install/robot_pose_publisher/share/robot_pose_publisher/package.dsv
[8.209s] -- Up-to-date symlink: /home/pi/ugv_ws/install/robot_pose_publisher/share/ament_index/resource_index/packages/robot_pose_publisher
[8.213s] -- Up-to-date symlink: /home/pi/ugv_ws/install/robot_pose_publisher/share/robot_pose_publisher/cmake/robot_pose_publisherConfig.cmake
[8.219s] -- Up-to-date symlink: /home/pi/ugv_ws/install/robot_pose_publisher/share/robot_pose_publisher/cmake/robot_pose_publisherConfig-version.cmake
[8.220s] -- Up-to-date symlink: /home/pi/ugv_ws/install/robot_pose_publisher/share/robot_pose_publisher/package.xml
[8.437s] Invoked command in '/home/pi/ugv_ws/build/robot_pose_publisher' returned '0': CMAKE_PREFIX_PATH=${CMAKE_PREFIX_PATH}:/home/pi/ugv_ws/install/ugv_web_app:/home/pi/ugv_ws/install/ugv_vision:/home/pi/ugv_ws/install/ugv_tools:/home/pi/ugv_ws/install/ugv_chat_ai:/home/pi/ugv_ws/install/ugv_bringup:/opt/ros/humble /usr/bin/cmake --install /home/pi/ugv_ws/build/robot_pose_publisher
