[0.673s] Invoking command in '/home/pi/ugv_ws/build/ugv_base_node': CMAKE_PREFIX_PATH=${CMAKE_PREFIX_PATH}:/home/pi/ugv_ws/install/ugv_web_app:/home/pi/ugv_ws/install/ugv_vision:/home/pi/ugv_ws/install/ugv_tools:/home/pi/ugv_ws/install/ugv_chat_ai:/home/pi/ugv_ws/install/ugv_bringup:/opt/ros/humble /usr/bin/cmake --build /home/pi/ugv_ws/build/ugv_base_node -- -j4 -l4
[1.154s] [ 50%] Built target base_node
[1.162s] [100%] Built target base_node_ekf
[5.539s] Invoked command in '/home/pi/ugv_ws/build/ugv_base_node' returned '0': CMAKE_PREFIX_PATH=${CMAKE_PREFIX_PATH}:/home/pi/ugv_ws/install/ugv_web_app:/home/pi/ugv_ws/install/ugv_vision:/home/pi/ugv_ws/install/ugv_tools:/home/pi/ugv_ws/install/ugv_chat_ai:/home/pi/ugv_ws/install/ugv_bringup:/opt/ros/humble /usr/bin/cmake --build /home/pi/ugv_ws/build/ugv_base_node -- -j4 -l4
[5.551s] Invoking command in '/home/pi/ugv_ws/build/ugv_base_node': CMAKE_PREFIX_PATH=${CMAKE_PREFIX_PATH}:/home/pi/ugv_ws/install/ugv_web_app:/home/pi/ugv_ws/install/ugv_vision:/home/pi/ugv_ws/install/ugv_tools:/home/pi/ugv_ws/install/ugv_chat_ai:/home/pi/ugv_ws/install/ugv_bringup:/opt/ros/humble /usr/bin/cmake --install /home/pi/ugv_ws/build/ugv_base_node
[5.654s] -- Install configuration: ""
[5.656s] -- Execute custom install script
[5.657s] -- Up-to-date symlink: /home/pi/ugv_ws/install/ugv_base_node/lib/ugv_base_node/base_node
[5.658s] -- Up-to-date symlink: /home/pi/ugv_ws/install/ugv_base_node/lib/ugv_base_node/base_node_ekf
[5.659s] -- Up-to-date symlink: /home/pi/ugv_ws/install/ugv_base_node/share/ament_index/resource_index/package_run_dependencies/ugv_base_node
[5.659s] -- Up-to-date symlink: /home/pi/ugv_ws/install/ugv_base_node/share/ament_index/resource_index/parent_prefix_path/ugv_base_node
[5.660s] -- Up-to-date symlink: /home/pi/ugv_ws/install/ugv_base_node/share/ugv_base_node/environment/ament_prefix_path.sh
[5.662s] -- Up-to-date symlink: /home/pi/ugv_ws/install/ugv_base_node/share/ugv_base_node/environment/ament_prefix_path.dsv
[5.662s] -- Up-to-date symlink: /home/pi/ugv_ws/install/ugv_base_node/share/ugv_base_node/environment/path.sh
[5.663s] -- Up-to-date symlink: /home/pi/ugv_ws/install/ugv_base_node/share/ugv_base_node/environment/path.dsv
[5.664s] -- Up-to-date symlink: /home/pi/ugv_ws/install/ugv_base_node/share/ugv_base_node/local_setup.bash
[5.667s] -- Up-to-date symlink: /home/pi/ugv_ws/install/ugv_base_node/share/ugv_base_node/local_setup.sh
[5.668s] -- Up-to-date symlink: /home/pi/ugv_ws/install/ugv_base_node/share/ugv_base_node/local_setup.zsh
[5.672s] -- Up-to-date symlink: /home/pi/ugv_ws/install/ugv_base_node/share/ugv_base_node/local_setup.dsv
[5.676s] -- Symlinking: /home/pi/ugv_ws/install/ugv_base_node/share/ugv_base_node/package.dsv
[5.762s] -- Up-to-date symlink: /home/pi/ugv_ws/install/ugv_base_node/share/ament_index/resource_index/packages/ugv_base_node
[5.764s] -- Up-to-date symlink: /home/pi/ugv_ws/install/ugv_base_node/share/ugv_base_node/cmake/ugv_base_nodeConfig.cmake
[5.768s] -- Up-to-date symlink: /home/pi/ugv_ws/install/ugv_base_node/share/ugv_base_node/cmake/ugv_base_nodeConfig-version.cmake
[5.771s] -- Up-to-date symlink: /home/pi/ugv_ws/install/ugv_base_node/share/ugv_base_node/package.xml
[5.806s] Invoked command in '/home/pi/ugv_ws/build/ugv_base_node' returned '0': CMAKE_PREFIX_PATH=${CMAKE_PREFIX_PATH}:/home/pi/ugv_ws/install/ugv_web_app:/home/pi/ugv_ws/install/ugv_vision:/home/pi/ugv_ws/install/ugv_tools:/home/pi/ugv_ws/install/ugv_chat_ai:/home/pi/ugv_ws/install/ugv_bringup:/opt/ros/humble /usr/bin/cmake --install /home/pi/ugv_ws/build/ugv_base_node
