[0.102s] Invoking command in '/home/pi/ugv_ws/build/vizanti_server': CMAKE_PREFIX_PATH=/home/pi/ugv_ws/install/vizanti_msgs:/home/pi/ugv_ws/install/vizanti:/home/pi/ugv_ws/install/vizanti_server:/home/pi/ugv_ws/install/vizanti_demos:/home/pi/ugv_ws/install/vizanti_cpp:/home/pi/ugv_ws/install/ugv_slam:/home/pi/ugv_ws/install/ugv_nav:/home/pi/ugv_ws/install/ugv_interface:/home/pi/ugv_ws/install/ugv_gazebo:/home/pi/ugv_ws/install/ugv_description:/home/pi/ugv_ws/install/ugv_base_node:/home/pi/ugv_ws/install/teb_local_planner:/home/pi/ugv_ws/install/teb_msgs:/home/pi/ugv_ws/install/sllidar_ros2:/home/pi/ugv_ws/install/slam_gmapping:/home/pi/ugv_ws/install/robot_pose_publisher:/home/pi/ugv_ws/install/rf2o_laser_odometry:/home/pi/ugv_ws/install/openslam_gmapping:/home/pi/ugv_ws/install/ldlidar:/home/pi/ugv_ws/install/explore_lite:/home/pi/ugv_ws/install/emcl2:/home/pi/ugv_ws/install/costmap_converter:/home/pi/ugv_ws/install/costmap_converter_msgs:/home/pi/ugv_ws/install/cartographer:/home/pi/ugv_ws/install/apriltag_ros:/home/pi/ugv_ws/install/apriltag_msgs:/home/pi/ugv_ws/install/apriltag:/home/pi/ugv_ws/install/ugv_web_app:/home/pi/ugv_ws/install/ugv_vision:/home/pi/ugv_ws/install/ugv_tools:/home/pi/ugv_ws/install/ugv_chat_ai:/home/pi/ugv_ws/install/ugv_bringup:/opt/ros/humble /usr/bin/cmake --build /home/pi/ugv_ws/build/vizanti_server -- -j4 -l4
[0.412s] Invoked command in '/home/pi/ugv_ws/build/vizanti_server' returned '0': CMAKE_PREFIX_PATH=/home/pi/ugv_ws/install/vizanti_msgs:/home/pi/ugv_ws/install/vizanti:/home/pi/ugv_ws/install/vizanti_server:/home/pi/ugv_ws/install/vizanti_demos:/home/pi/ugv_ws/install/vizanti_cpp:/home/pi/ugv_ws/install/ugv_slam:/home/pi/ugv_ws/install/ugv_nav:/home/pi/ugv_ws/install/ugv_interface:/home/pi/ugv_ws/install/ugv_gazebo:/home/pi/ugv_ws/install/ugv_description:/home/pi/ugv_ws/install/ugv_base_node:/home/pi/ugv_ws/install/teb_local_planner:/home/pi/ugv_ws/install/teb_msgs:/home/pi/ugv_ws/install/sllidar_ros2:/home/pi/ugv_ws/install/slam_gmapping:/home/pi/ugv_ws/install/robot_pose_publisher:/home/pi/ugv_ws/install/rf2o_laser_odometry:/home/pi/ugv_ws/install/openslam_gmapping:/home/pi/ugv_ws/install/ldlidar:/home/pi/ugv_ws/install/explore_lite:/home/pi/ugv_ws/install/emcl2:/home/pi/ugv_ws/install/costmap_converter:/home/pi/ugv_ws/install/costmap_converter_msgs:/home/pi/ugv_ws/install/cartographer:/home/pi/ugv_ws/install/apriltag_ros:/home/pi/ugv_ws/install/apriltag_msgs:/home/pi/ugv_ws/install/apriltag:/home/pi/ugv_ws/install/ugv_web_app:/home/pi/ugv_ws/install/ugv_vision:/home/pi/ugv_ws/install/ugv_tools:/home/pi/ugv_ws/install/ugv_chat_ai:/home/pi/ugv_ws/install/ugv_bringup:/opt/ros/humble /usr/bin/cmake --build /home/pi/ugv_ws/build/vizanti_server -- -j4 -l4
[0.414s] Invoking command in '/home/pi/ugv_ws/build/vizanti_server': CMAKE_PREFIX_PATH=/home/pi/ugv_ws/install/vizanti_msgs:/home/pi/ugv_ws/install/vizanti:/home/pi/ugv_ws/install/vizanti_server:/home/pi/ugv_ws/install/vizanti_demos:/home/pi/ugv_ws/install/vizanti_cpp:/home/pi/ugv_ws/install/ugv_slam:/home/pi/ugv_ws/install/ugv_nav:/home/pi/ugv_ws/install/ugv_interface:/home/pi/ugv_ws/install/ugv_gazebo:/home/pi/ugv_ws/install/ugv_description:/home/pi/ugv_ws/install/ugv_base_node:/home/pi/ugv_ws/install/teb_local_planner:/home/pi/ugv_ws/install/teb_msgs:/home/pi/ugv_ws/install/sllidar_ros2:/home/pi/ugv_ws/install/slam_gmapping:/home/pi/ugv_ws/install/robot_pose_publisher:/home/pi/ugv_ws/install/rf2o_laser_odometry:/home/pi/ugv_ws/install/openslam_gmapping:/home/pi/ugv_ws/install/ldlidar:/home/pi/ugv_ws/install/explore_lite:/home/pi/ugv_ws/install/emcl2:/home/pi/ugv_ws/install/costmap_converter:/home/pi/ugv_ws/install/costmap_converter_msgs:/home/pi/ugv_ws/install/cartographer:/home/pi/ugv_ws/install/apriltag_ros:/home/pi/ugv_ws/install/apriltag_msgs:/home/pi/ugv_ws/install/apriltag:/home/pi/ugv_ws/install/ugv_web_app:/home/pi/ugv_ws/install/ugv_vision:/home/pi/ugv_ws/install/ugv_tools:/home/pi/ugv_ws/install/ugv_chat_ai:/home/pi/ugv_ws/install/ugv_bringup:/opt/ros/humble /usr/bin/cmake --install /home/pi/ugv_ws/build/vizanti_server
[0.471s] -- Install configuration: ""
[0.476s] -- Execute custom install script
[0.479s] -- Up-to-date symlink: /home/pi/ugv_ws/install/vizanti_server/share/vizanti_server//launch/vizanti_rws.launch.py
[0.482s] -- Up-to-date symlink: /home/pi/ugv_ws/install/vizanti_server/share/vizanti_server//launch/vizanti_server.launch.py
[0.540s] -- Up-to-date symlink: /home/pi/ugv_ws/install/vizanti_server/share/vizanti_server//public/assets/add.svg
[0.543s] -- Up-to-date symlink: /home/pi/ugv_ws/install/vizanti_server/share/vizanti_server//public/assets/altimeter.svg
[0.543s] -- Up-to-date symlink: /home/pi/ugv_ws/install/vizanti_server/share/vizanti_server//public/assets/altimeter_arrow.svg
[0.544s] -- Up-to-date symlink: /home/pi/ugv_ws/install/vizanti_server/share/vizanti_server//public/assets/altimeter_arrow_green.svg
[0.545s] -- Up-to-date symlink: /home/pi/ugv_ws/install/vizanti_server/share/vizanti_server//public/assets/altimeter_green.svg
[0.545s] -- Up-to-date symlink: /home/pi/ugv_ws/install/vizanti_server/share/vizanti_server//public/assets/area.svg
[0.546s] -- Up-to-date symlink: /home/pi/ugv_ws/install/vizanti_server/share/vizanti_server//public/assets/battery_100.svg
[0.548s] -- Up-to-date symlink: /home/pi/ugv_ws/install/vizanti_server/share/vizanti_server//public/assets/battery_20.svg
[0.548s] -- Up-to-date symlink: /home/pi/ugv_ws/install/vizanti_server/share/vizanti_server//public/assets/battery_40.svg
[0.549s] -- Up-to-date symlink: /home/pi/ugv_ws/install/vizanti_server/share/vizanti_server//public/assets/battery_60.svg
[0.550s] -- Up-to-date symlink: /home/pi/ugv_ws/install/vizanti_server/share/vizanti_server//public/assets/battery_80.svg
[0.551s] -- Up-to-date symlink: /home/pi/ugv_ws/install/vizanti_server/share/vizanti_server//public/assets/battery_unknown.svg
[0.551s] -- Up-to-date symlink: /home/pi/ugv_ws/install/vizanti_server/share/vizanti_server//public/assets/button.svg
[0.552s] -- Up-to-date symlink: /home/pi/ugv_ws/install/vizanti_server/share/vizanti_server//public/assets/button_false.svg
[0.554s] -- Up-to-date symlink: /home/pi/ugv_ws/install/vizanti_server/share/vizanti_server//public/assets/button_true.svg
[0.555s] -- Up-to-date symlink: /home/pi/ugv_ws/install/vizanti_server/share/vizanti_server//public/assets/costmap.svg
[0.555s] -- Up-to-date symlink: /home/pi/ugv_ws/install/vizanti_server/share/vizanti_server//public/assets/default_layout.json
[0.556s] -- Up-to-date symlink: /home/pi/ugv_ws/install/vizanti_server/share/vizanti_server//public/assets/folder.svg
[0.558s] -- Up-to-date symlink: /home/pi/ugv_ws/install/vizanti_server/share/vizanti_server//public/assets/grid.svg
[0.559s] -- Up-to-date symlink: /home/pi/ugv_ws/install/vizanti_server/share/vizanti_server//public/assets/gridcells.svg
[0.560s] -- Up-to-date symlink: /home/pi/ugv_ws/install/vizanti_server/share/vizanti_server//public/assets/icon/152.png
[0.561s] -- Up-to-date symlink: /home/pi/ugv_ws/install/vizanti_server/share/vizanti_server//public/assets/icon/16.png
[0.565s] -- Up-to-date symlink: /home/pi/ugv_ws/install/vizanti_server/share/vizanti_server//public/assets/icon/192.png
[0.566s] -- Up-to-date symlink: /home/pi/ugv_ws/install/vizanti_server/share/vizanti_server//public/assets/icon/32.png
[0.567s] -- Up-to-date symlink: /home/pi/ugv_ws/install/vizanti_server/share/vizanti_server//public/assets/icon/512.png
[0.567s] -- Up-to-date symlink: /home/pi/ugv_ws/install/vizanti_server/share/vizanti_server//public/assets/icon/96.png
[0.568s] -- Up-to-date symlink: /home/pi/ugv_ws/install/vizanti_server/share/vizanti_server//public/assets/icon/icon.svg
[0.570s] -- Up-to-date symlink: /home/pi/ugv_ws/install/vizanti_server/share/vizanti_server//public/assets/icon/manifest.json
[0.570s] -- Up-to-date symlink: /home/pi/ugv_ws/install/vizanti_server/share/vizanti_server//public/assets/icon/preview.jpg
[0.571s] -- Up-to-date symlink: /home/pi/ugv_ws/install/vizanti_server/share/vizanti_server//public/assets/image.svg
[0.580s] -- Up-to-date symlink: /home/pi/ugv_ws/install/vizanti_server/share/vizanti_server//public/assets/initialpose.png
[0.582s] -- Up-to-date symlink: /home/pi/ugv_ws/install/vizanti_server/share/vizanti_server//public/assets/initialpose.svg
[0.583s] -- Up-to-date symlink: /home/pi/ugv_ws/install/vizanti_server/share/vizanti_server//public/assets/joypos.svg
[0.585s] -- Up-to-date symlink: /home/pi/ugv_ws/install/vizanti_server/share/vizanti_server//public/assets/joystick.svg
[0.586s] -- Up-to-date symlink: /home/pi/ugv_ws/install/vizanti_server/share/vizanti_server//public/assets/map.svg
[0.587s] -- Up-to-date symlink: /home/pi/ugv_ws/install/vizanti_server/share/vizanti_server//public/assets/marker.svg
[0.588s] -- Up-to-date symlink: /home/pi/ugv_ws/install/vizanti_server/share/vizanti_server//public/assets/markerarray.svg
[0.589s] -- Up-to-date symlink: /home/pi/ugv_ws/install/vizanti_server/share/vizanti_server//public/assets/node_kill.svg
[0.590s] -- Up-to-date symlink: /home/pi/ugv_ws/install/vizanti_server/share/vizanti_server//public/assets/node_restart.svg
[0.591s] -- Up-to-date symlink: /home/pi/ugv_ws/install/vizanti_server/share/vizanti_server//public/assets/nodemgr.svg
[0.593s] -- Up-to-date symlink: /home/pi/ugv_ws/install/vizanti_server/share/vizanti_server//public/assets/path.svg
[0.594s] -- Up-to-date symlink: /home/pi/ugv_ws/install/vizanti_server/share/vizanti_server//public/assets/pointcloud.svg
[0.595s] -- Up-to-date symlink: /home/pi/ugv_ws/install/vizanti_server/share/vizanti_server//public/assets/posearray.svg
[0.596s] -- Up-to-date symlink: /home/pi/ugv_ws/install/vizanti_server/share/vizanti_server//public/assets/posewithcovariancestamped.svg
[0.597s] -- Up-to-date symlink: /home/pi/ugv_ws/install/vizanti_server/share/vizanti_server//public/assets/range.svg
[0.598s] -- Up-to-date symlink: /home/pi/ugv_ws/install/vizanti_server/share/vizanti_server//public/assets/rawmap.svg
[0.599s] -- Up-to-date symlink: /home/pi/ugv_ws/install/vizanti_server/share/vizanti_server//public/assets/reconfigure.svg
[0.600s] -- Up-to-date symlink: /home/pi/ugv_ws/install/vizanti_server/share/vizanti_server//public/assets/robot_model/_2wd.png
[0.600s] -- Up-to-date symlink: /home/pi/ugv_ws/install/vizanti_server/share/vizanti_server//public/assets/robot_model/_4wd.png
[0.601s] -- Up-to-date symlink: /home/pi/ugv_ws/install/vizanti_server/share/vizanti_server//public/assets/robot_model/_arrow.png
[0.602s] -- Up-to-date symlink: /home/pi/ugv_ws/install/vizanti_server/share/vizanti_server//public/assets/robot_model/_dog.png
[0.603s] -- Up-to-date symlink: /home/pi/ugv_ws/install/vizanti_server/share/vizanti_server//public/assets/robot_model/_hatchback.png
[0.607s] -- Up-to-date symlink: /home/pi/ugv_ws/install/vizanti_server/share/vizanti_server//public/assets/robot_model/_orca.png
[0.607s] -- Up-to-date symlink: /home/pi/ugv_ws/install/vizanti_server/share/vizanti_server//public/assets/robot_model/_pancake.png
[0.608s] -- Up-to-date symlink: /home/pi/ugv_ws/install/vizanti_server/share/vizanti_server//public/assets/robot_model/_rccar.png
[0.609s] -- Up-to-date symlink: /home/pi/ugv_ws/install/vizanti_server/share/vizanti_server//public/assets/robot_model/_sandwich.png
[0.613s] -- Up-to-date symlink: /home/pi/ugv_ws/install/vizanti_server/share/vizanti_server//public/assets/robot_model/_tortoise.png
[0.616s] -- Up-to-date symlink: /home/pi/ugv_ws/install/vizanti_server/share/vizanti_server//public/assets/robot_model/_tuna.png
[0.617s] -- Up-to-date symlink: /home/pi/ugv_ws/install/vizanti_server/share/vizanti_server//public/assets/robotmodel.svg
[0.619s] -- Up-to-date symlink: /home/pi/ugv_ws/install/vizanti_server/share/vizanti_server//public/assets/rosbag.svg
[0.619s] -- Up-to-date symlink: /home/pi/ugv_ws/install/vizanti_server/share/vizanti_server//public/assets/rosbag_active.svg
[0.622s] -- Up-to-date symlink: /home/pi/ugv_ws/install/vizanti_server/share/vizanti_server//public/assets/rosbridge_connected.svg
[0.623s] -- Up-to-date symlink: /home/pi/ugv_ws/install/vizanti_server/share/vizanti_server//public/assets/rosbridge_disconnected.svg
[0.625s] -- Up-to-date symlink: /home/pi/ugv_ws/install/vizanti_server/share/vizanti_server//public/assets/rosbridge_reconnect.svg
[0.626s] -- Up-to-date symlink: /home/pi/ugv_ws/install/vizanti_server/share/vizanti_server//public/assets/satelite.svg
[0.629s] -- Up-to-date symlink: /home/pi/ugv_ws/install/vizanti_server/share/vizanti_server//public/assets/scan.svg
[0.629s] -- Up-to-date symlink: /home/pi/ugv_ws/install/vizanti_server/share/vizanti_server//public/assets/settings.svg
[0.630s] -- Up-to-date symlink: /home/pi/ugv_ws/install/vizanti_server/share/vizanti_server//public/assets/simplegoal.png
[0.633s] -- Up-to-date symlink: /home/pi/ugv_ws/install/vizanti_server/share/vizanti_server//public/assets/simplegoal.svg
[0.633s] -- Up-to-date symlink: /home/pi/ugv_ws/install/vizanti_server/share/vizanti_server//public/assets/temp_cold.svg
[0.636s] -- Up-to-date symlink: /home/pi/ugv_ws/install/vizanti_server/share/vizanti_server//public/assets/temp_hot.svg
[0.637s] -- Up-to-date symlink: /home/pi/ugv_ws/install/vizanti_server/share/vizanti_server//public/assets/temp_unknown.svg
[0.638s] -- Up-to-date symlink: /home/pi/ugv_ws/install/vizanti_server/share/vizanti_server//public/assets/temp_warm.svg
[0.641s] -- Up-to-date symlink: /home/pi/ugv_ws/install/vizanti_server/share/vizanti_server//public/assets/tf.svg
[0.641s] -- Up-to-date symlink: /home/pi/ugv_ws/install/vizanti_server/share/vizanti_server//public/assets/tile_error.png
[0.646s] -- Up-to-date symlink: /home/pi/ugv_ws/install/vizanti_server/share/vizanti_server//public/assets/tile_loading.png
[0.647s] -- Up-to-date symlink: /home/pi/ugv_ws/install/vizanti_server/share/vizanti_server//public/assets/waypoints.svg
[0.648s] -- Up-to-date symlink: /home/pi/ugv_ws/install/vizanti_server/share/vizanti_server//public/css/style.css
[0.650s] -- Up-to-date symlink: /home/pi/ugv_ws/install/vizanti_server/share/vizanti_server//public/head.html
[0.653s] -- Up-to-date symlink: /home/pi/ugv_ws/install/vizanti_server/share/vizanti_server//public/iconbar.html
[0.654s] -- Up-to-date symlink: /home/pi/ugv_ws/install/vizanti_server/share/vizanti_server//public/index.html
[0.657s] -- Up-to-date symlink: /home/pi/ugv_ws/install/vizanti_server/share/vizanti_server//public/js/lib/nipplejs.js
[0.658s] -- Up-to-date symlink: /home/pi/ugv_ws/install/vizanti_server/share/vizanti_server//public/js/lib/nipplejs.min.js
[0.660s] -- Up-to-date symlink: /home/pi/ugv_ws/install/vizanti_server/share/vizanti_server//public/js/lib/nipplejs_LICENSE.txt
[0.664s] -- Up-to-date symlink: /home/pi/ugv_ws/install/vizanti_server/share/vizanti_server//public/js/lib/quaternion.min.js
[0.664s] -- Up-to-date symlink: /home/pi/ugv_ws/install/vizanti_server/share/vizanti_server//public/js/lib/quaternionjs_LICENSE.txt
[0.676s] -- Up-to-date symlink: /home/pi/ugv_ws/install/vizanti_server/share/vizanti_server//public/js/lib/roslib.min.js
[0.677s] -- Up-to-date symlink: /home/pi/ugv_ws/install/vizanti_server/share/vizanti_server//public/js/lib/roslibjs_LICENSE.txt
[0.677s] -- Up-to-date symlink: /home/pi/ugv_ws/install/vizanti_server/share/vizanti_server//public/js/main.js
[0.678s] -- Up-to-date symlink: /home/pi/ugv_ws/install/vizanti_server/share/vizanti_server//public/js/modules/database.js
[0.678s] -- Up-to-date symlink: /home/pi/ugv_ws/install/vizanti_server/share/vizanti_server//public/js/modules/elements.js
[0.679s] -- Up-to-date symlink: /home/pi/ugv_ws/install/vizanti_server/share/vizanti_server//public/js/modules/joystick.js
[0.680s] -- Up-to-date symlink: /home/pi/ugv_ws/install/vizanti_server/share/vizanti_server//public/js/modules/navsat.js
[0.680s] -- Up-to-date symlink: /home/pi/ugv_ws/install/vizanti_server/share/vizanti_server//public/js/modules/persistent.js
[0.681s] -- Up-to-date symlink: /home/pi/ugv_ws/install/vizanti_server/share/vizanti_server//public/js/modules/rosbridge.js
[0.682s] -- Up-to-date symlink: /home/pi/ugv_ws/install/vizanti_server/share/vizanti_server//public/js/modules/status.js
[0.682s] -- Up-to-date symlink: /home/pi/ugv_ws/install/vizanti_server/share/vizanti_server//public/js/modules/tf.js
[0.683s] -- Up-to-date symlink: /home/pi/ugv_ws/install/vizanti_server/share/vizanti_server//public/js/modules/util.js
[0.690s] -- Up-to-date symlink: /home/pi/ugv_ws/install/vizanti_server/share/vizanti_server//public/js/modules/view.js
[0.691s] -- Up-to-date symlink: /home/pi/ugv_ws/install/vizanti_server/share/vizanti_server//public/js/setup.js
[0.692s] -- Up-to-date symlink: /home/pi/ugv_ws/install/vizanti_server/share/vizanti_server//public/templates/add/add_icon.html
[0.692s] -- Up-to-date symlink: /home/pi/ugv_ws/install/vizanti_server/share/vizanti_server//public/templates/add/add_modal.html
[0.693s] -- Up-to-date symlink: /home/pi/ugv_ws/install/vizanti_server/share/vizanti_server//public/templates/add/add_script.js
[0.694s] -- Up-to-date symlink: /home/pi/ugv_ws/install/vizanti_server/share/vizanti_server//public/templates/altimeter/altimeter_icon.html
[0.695s] -- Up-to-date symlink: /home/pi/ugv_ws/install/vizanti_server/share/vizanti_server//public/templates/altimeter/altimeter_modal.html
[0.696s] -- Up-to-date symlink: /home/pi/ugv_ws/install/vizanti_server/share/vizanti_server//public/templates/altimeter/altimeter_script.js
[0.697s] -- Up-to-date symlink: /home/pi/ugv_ws/install/vizanti_server/share/vizanti_server//public/templates/altimeter/altimeter_view.html
[0.697s] -- Up-to-date symlink: /home/pi/ugv_ws/install/vizanti_server/share/vizanti_server//public/templates/area/area_icon.html
[0.698s] -- Up-to-date symlink: /home/pi/ugv_ws/install/vizanti_server/share/vizanti_server//public/templates/area/area_modal.html
[0.699s] -- Up-to-date symlink: /home/pi/ugv_ws/install/vizanti_server/share/vizanti_server//public/templates/area/area_script.js
[0.700s] -- Up-to-date symlink: /home/pi/ugv_ws/install/vizanti_server/share/vizanti_server//public/templates/area/area_view.html
[0.700s] -- Up-to-date symlink: /home/pi/ugv_ws/install/vizanti_server/share/vizanti_server//public/templates/battery/battery_icon.html
[0.701s] -- Up-to-date symlink: /home/pi/ugv_ws/install/vizanti_server/share/vizanti_server//public/templates/battery/battery_modal.html
[0.702s] -- Up-to-date symlink: /home/pi/ugv_ws/install/vizanti_server/share/vizanti_server//public/templates/battery/battery_script.js
[0.712s] -- Up-to-date symlink: /home/pi/ugv_ws/install/vizanti_server/share/vizanti_server//public/templates/button/button_icon.html
[0.712s] -- Up-to-date symlink: /home/pi/ugv_ws/install/vizanti_server/share/vizanti_server//public/templates/button/button_modal.html
[0.713s] -- Up-to-date symlink: /home/pi/ugv_ws/install/vizanti_server/share/vizanti_server//public/templates/button/button_script.js
[0.716s] -- Up-to-date symlink: /home/pi/ugv_ws/install/vizanti_server/share/vizanti_server//public/templates/compressedimage/compressedimage_icon.html
[0.716s] -- Up-to-date symlink: /home/pi/ugv_ws/install/vizanti_server/share/vizanti_server//public/templates/compressedimage/compressedimage_modal.html
[0.717s] -- Up-to-date symlink: /home/pi/ugv_ws/install/vizanti_server/share/vizanti_server//public/templates/compressedimage/compressedimage_script.js
[0.719s] -- Up-to-date symlink: /home/pi/ugv_ws/install/vizanti_server/share/vizanti_server//public/templates/compressedimage/compressedimage_view.html
[0.720s] -- Up-to-date symlink: /home/pi/ugv_ws/install/vizanti_server/share/vizanti_server//public/templates/folder/folder_icon.html
[0.722s] -- Up-to-date symlink: /home/pi/ugv_ws/install/vizanti_server/share/vizanti_server//public/templates/folder/folder_modal.html
[0.724s] -- Up-to-date symlink: /home/pi/ugv_ws/install/vizanti_server/share/vizanti_server//public/templates/folder/folder_script.js
[0.727s] -- Up-to-date symlink: /home/pi/ugv_ws/install/vizanti_server/share/vizanti_server//public/templates/grid/grid_icon.html
[0.728s] -- Up-to-date symlink: /home/pi/ugv_ws/install/vizanti_server/share/vizanti_server//public/templates/grid/grid_modal.html
[0.729s] -- Up-to-date symlink: /home/pi/ugv_ws/install/vizanti_server/share/vizanti_server//public/templates/grid/grid_script.js
[0.731s] -- Up-to-date symlink: /home/pi/ugv_ws/install/vizanti_server/share/vizanti_server//public/templates/grid/grid_view.html
[0.734s] -- Up-to-date symlink: /home/pi/ugv_ws/install/vizanti_server/share/vizanti_server//public/templates/gridcells/gridcells_icon.html
[0.735s] -- Up-to-date symlink: /home/pi/ugv_ws/install/vizanti_server/share/vizanti_server//public/templates/gridcells/gridcells_modal.html
[0.746s] -- Up-to-date symlink: /home/pi/ugv_ws/install/vizanti_server/share/vizanti_server//public/templates/gridcells/gridcells_script.js
[0.746s] -- Up-to-date symlink: /home/pi/ugv_ws/install/vizanti_server/share/vizanti_server//public/templates/gridcells/gridcells_view.html
[0.749s] -- Up-to-date symlink: /home/pi/ugv_ws/install/vizanti_server/share/vizanti_server//public/templates/initialpose/initialpose_icon.html
[0.750s] -- Up-to-date symlink: /home/pi/ugv_ws/install/vizanti_server/share/vizanti_server//public/templates/initialpose/initialpose_modal.html
[0.751s] -- Up-to-date symlink: /home/pi/ugv_ws/install/vizanti_server/share/vizanti_server//public/templates/initialpose/initialpose_script.js
[0.752s] -- Up-to-date symlink: /home/pi/ugv_ws/install/vizanti_server/share/vizanti_server//public/templates/initialpose/initialpose_view.html
[0.752s] -- Up-to-date symlink: /home/pi/ugv_ws/install/vizanti_server/share/vizanti_server//public/templates/map/map_icon.html
[0.753s] -- Up-to-date symlink: /home/pi/ugv_ws/install/vizanti_server/share/vizanti_server//public/templates/map/map_modal.html
[0.758s] -- Up-to-date symlink: /home/pi/ugv_ws/install/vizanti_server/share/vizanti_server//public/templates/map/map_script.js
[0.759s] -- Up-to-date symlink: /home/pi/ugv_ws/install/vizanti_server/share/vizanti_server//public/templates/map/map_view.html
[0.760s] -- Up-to-date symlink: /home/pi/ugv_ws/install/vizanti_server/share/vizanti_server//public/templates/map/map_worker.js
[0.761s] -- Up-to-date symlink: /home/pi/ugv_ws/install/vizanti_server/share/vizanti_server//public/templates/markerarray/markerarray_icon.html
[0.762s] -- Up-to-date symlink: /home/pi/ugv_ws/install/vizanti_server/share/vizanti_server//public/templates/markerarray/markerarray_modal.html
[0.762s] -- Up-to-date symlink: /home/pi/ugv_ws/install/vizanti_server/share/vizanti_server//public/templates/markerarray/markerarray_script.js
[0.770s] -- Up-to-date symlink: /home/pi/ugv_ws/install/vizanti_server/share/vizanti_server//public/templates/markerarray/markerarray_view.html
[0.771s] -- Up-to-date symlink: /home/pi/ugv_ws/install/vizanti_server/share/vizanti_server//public/templates/nodemgr/nodemgr_icon.html
[0.772s] -- Up-to-date symlink: /home/pi/ugv_ws/install/vizanti_server/share/vizanti_server//public/templates/nodemgr/nodemgr_modal.html
[0.773s] -- Up-to-date symlink: /home/pi/ugv_ws/install/vizanti_server/share/vizanti_server//public/templates/nodemgr/nodemgr_script.js
[0.773s] -- Up-to-date symlink: /home/pi/ugv_ws/install/vizanti_server/share/vizanti_server//public/templates/path/path_icon.html
[0.773s] -- Up-to-date symlink: /home/pi/ugv_ws/install/vizanti_server/share/vizanti_server//public/templates/path/path_modal.html
[0.774s] -- Up-to-date symlink: /home/pi/ugv_ws/install/vizanti_server/share/vizanti_server//public/templates/path/path_script.js
[0.774s] -- Up-to-date symlink: /home/pi/ugv_ws/install/vizanti_server/share/vizanti_server//public/templates/path/path_view.html
[0.774s] -- Up-to-date symlink: /home/pi/ugv_ws/install/vizanti_server/share/vizanti_server//public/templates/pointcloud/pointcloud_icon.html
[0.775s] -- Up-to-date symlink: /home/pi/ugv_ws/install/vizanti_server/share/vizanti_server//public/templates/pointcloud/pointcloud_modal.html
[0.776s] -- Up-to-date symlink: /home/pi/ugv_ws/install/vizanti_server/share/vizanti_server//public/templates/pointcloud/pointcloud_script.js
[0.776s] -- Up-to-date symlink: /home/pi/ugv_ws/install/vizanti_server/share/vizanti_server//public/templates/pointcloud/pointcloud_view.html
[0.776s] -- Up-to-date symlink: /home/pi/ugv_ws/install/vizanti_server/share/vizanti_server//public/templates/posearray/posearray_icon.html
[0.777s] -- Up-to-date symlink: /home/pi/ugv_ws/install/vizanti_server/share/vizanti_server//public/templates/posearray/posearray_modal.html
[0.777s] -- Up-to-date symlink: /home/pi/ugv_ws/install/vizanti_server/share/vizanti_server//public/templates/posearray/posearray_script.js
[0.777s] -- Up-to-date symlink: /home/pi/ugv_ws/install/vizanti_server/share/vizanti_server//public/templates/posearray/posearray_view.html
[0.778s] -- Up-to-date symlink: /home/pi/ugv_ws/install/vizanti_server/share/vizanti_server//public/templates/posewithcovariancestamped/posewithcovariancestamped_icon.html
[0.779s] -- Up-to-date symlink: /home/pi/ugv_ws/install/vizanti_server/share/vizanti_server//public/templates/posewithcovariancestamped/posewithcovariancestamped_modal.html
[0.779s] -- Up-to-date symlink: /home/pi/ugv_ws/install/vizanti_server/share/vizanti_server//public/templates/posewithcovariancestamped/posewithcovariancestamped_script.js
[0.780s] -- Up-to-date symlink: /home/pi/ugv_ws/install/vizanti_server/share/vizanti_server//public/templates/posewithcovariancestamped/posewithcovariancestamped_view.html
[0.780s] -- Up-to-date symlink: /home/pi/ugv_ws/install/vizanti_server/share/vizanti_server//public/templates/range/range_icon.html
[0.780s] -- Up-to-date symlink: /home/pi/ugv_ws/install/vizanti_server/share/vizanti_server//public/templates/range/range_modal.html
[0.781s] -- Up-to-date symlink: /home/pi/ugv_ws/install/vizanti_server/share/vizanti_server//public/templates/range/range_script.js
[0.782s] -- Up-to-date symlink: /home/pi/ugv_ws/install/vizanti_server/share/vizanti_server//public/templates/range/range_view.html
[0.787s] -- Up-to-date symlink: /home/pi/ugv_ws/install/vizanti_server/share/vizanti_server//public/templates/reconfigure/reconfigure_icon.html
[0.788s] -- Up-to-date symlink: /home/pi/ugv_ws/install/vizanti_server/share/vizanti_server//public/templates/reconfigure/reconfigure_modal.html
[0.790s] -- Up-to-date symlink: /home/pi/ugv_ws/install/vizanti_server/share/vizanti_server//public/templates/reconfigure/reconfigure_script.js
[0.791s] -- Up-to-date symlink: /home/pi/ugv_ws/install/vizanti_server/share/vizanti_server//public/templates/robotmodel/robotmodel_icon.html
[0.792s] -- Up-to-date symlink: /home/pi/ugv_ws/install/vizanti_server/share/vizanti_server//public/templates/robotmodel/robotmodel_modal.html
[0.793s] -- Up-to-date symlink: /home/pi/ugv_ws/install/vizanti_server/share/vizanti_server//public/templates/robotmodel/robotmodel_script.js
[0.800s] -- Up-to-date symlink: /home/pi/ugv_ws/install/vizanti_server/share/vizanti_server//public/templates/robotmodel/robotmodel_view.html
[0.801s] -- Up-to-date symlink: /home/pi/ugv_ws/install/vizanti_server/share/vizanti_server//public/templates/rosbag/rosbag_icon.html
[0.801s] -- Up-to-date symlink: /home/pi/ugv_ws/install/vizanti_server/share/vizanti_server//public/templates/rosbag/rosbag_modal.html
[0.802s] -- Up-to-date symlink: /home/pi/ugv_ws/install/vizanti_server/share/vizanti_server//public/templates/rosbag/rosbag_script.js
[0.802s] -- Up-to-date symlink: /home/pi/ugv_ws/install/vizanti_server/share/vizanti_server//public/templates/rosbridge/rosbridge_icon.html
[0.803s] -- Up-to-date symlink: /home/pi/ugv_ws/install/vizanti_server/share/vizanti_server//public/templates/rosbridge/rosbridge_modal.html
[0.803s] -- Up-to-date symlink: /home/pi/ugv_ws/install/vizanti_server/share/vizanti_server//public/templates/rosbridge/rosbridge_script.js
[0.804s] -- Up-to-date symlink: /home/pi/ugv_ws/install/vizanti_server/share/vizanti_server//public/templates/satelite/satelite_icon.html
[0.805s] -- Up-to-date symlink: /home/pi/ugv_ws/install/vizanti_server/share/vizanti_server//public/templates/satelite/satelite_modal.html
[0.805s] -- Up-to-date symlink: /home/pi/ugv_ws/install/vizanti_server/share/vizanti_server//public/templates/satelite/satelite_script.js
[0.806s] -- Up-to-date symlink: /home/pi/ugv_ws/install/vizanti_server/share/vizanti_server//public/templates/satelite/satelite_view.html
[0.806s] -- Up-to-date symlink: /home/pi/ugv_ws/install/vizanti_server/share/vizanti_server//public/templates/scan/scan_icon.html
[0.807s] -- Up-to-date symlink: /home/pi/ugv_ws/install/vizanti_server/share/vizanti_server//public/templates/scan/scan_modal.html
[0.807s] -- Up-to-date symlink: /home/pi/ugv_ws/install/vizanti_server/share/vizanti_server//public/templates/scan/scan_script.js
[0.808s] -- Up-to-date symlink: /home/pi/ugv_ws/install/vizanti_server/share/vizanti_server//public/templates/scan/scan_view.html
[0.808s] -- Up-to-date symlink: /home/pi/ugv_ws/install/vizanti_server/share/vizanti_server//public/templates/settings/settings_icon.html
[0.809s] -- Up-to-date symlink: /home/pi/ugv_ws/install/vizanti_server/share/vizanti_server//public/templates/settings/settings_modal.html
[0.809s] -- Up-to-date symlink: /home/pi/ugv_ws/install/vizanti_server/share/vizanti_server//public/templates/settings/settings_script.js
[0.810s] -- Up-to-date symlink: /home/pi/ugv_ws/install/vizanti_server/share/vizanti_server//public/templates/simplegoal/simplegoal_icon.html
[0.821s] -- Up-to-date symlink: /home/pi/ugv_ws/install/vizanti_server/share/vizanti_server//public/templates/simplegoal/simplegoal_modal.html
[0.827s] -- Up-to-date symlink: /home/pi/ugv_ws/install/vizanti_server/share/vizanti_server//public/templates/simplegoal/simplegoal_script.js
[0.828s] -- Up-to-date symlink: /home/pi/ugv_ws/install/vizanti_server/share/vizanti_server//public/templates/simplegoal/simplegoal_view.html
[0.833s] -- Up-to-date symlink: /home/pi/ugv_ws/install/vizanti_server/share/vizanti_server//public/templates/teleop/teleop_icon.html
[0.835s] -- Up-to-date symlink: /home/pi/ugv_ws/install/vizanti_server/share/vizanti_server//public/templates/teleop/teleop_modal.html
[0.836s] -- Up-to-date symlink: /home/pi/ugv_ws/install/vizanti_server/share/vizanti_server//public/templates/teleop/teleop_script.js
[0.836s] -- Up-to-date symlink: /home/pi/ugv_ws/install/vizanti_server/share/vizanti_server//public/templates/teleop/teleop_view.html
[0.837s] -- Up-to-date symlink: /home/pi/ugv_ws/install/vizanti_server/share/vizanti_server//public/templates/temperature/temperature_icon.html
[0.839s] -- Up-to-date symlink: /home/pi/ugv_ws/install/vizanti_server/share/vizanti_server//public/templates/temperature/temperature_modal.html
[0.839s] -- Up-to-date symlink: /home/pi/ugv_ws/install/vizanti_server/share/vizanti_server//public/templates/temperature/temperature_script.js
[0.841s] -- Up-to-date symlink: /home/pi/ugv_ws/install/vizanti_server/share/vizanti_server//public/templates/tf/tf_icon.html
[0.841s] -- Up-to-date symlink: /home/pi/ugv_ws/install/vizanti_server/share/vizanti_server//public/templates/tf/tf_modal.html
[0.842s] -- Up-to-date symlink: /home/pi/ugv_ws/install/vizanti_server/share/vizanti_server//public/templates/tf/tf_script.js
[0.843s] -- Up-to-date symlink: /home/pi/ugv_ws/install/vizanti_server/share/vizanti_server//public/templates/tf/tf_view.html
[0.843s] -- Up-to-date symlink: /home/pi/ugv_ws/install/vizanti_server/share/vizanti_server//public/templates/waypoints/waypoints_icon.html
[0.844s] -- Up-to-date symlink: /home/pi/ugv_ws/install/vizanti_server/share/vizanti_server//public/templates/waypoints/waypoints_modal.html
[0.845s] -- Up-to-date symlink: /home/pi/ugv_ws/install/vizanti_server/share/vizanti_server//public/templates/waypoints/waypoints_script.js
[0.846s] -- Up-to-date symlink: /home/pi/ugv_ws/install/vizanti_server/share/vizanti_server//public/templates/waypoints/waypoints_view.html
[0.848s] -- Up-to-date symlink: /home/pi/ugv_ws/install/vizanti_server/lib/vizanti_server/server.py
[0.848s] -- Up-to-date symlink: /home/pi/ugv_ws/install/vizanti_server/lib/vizanti_server/service_handler.py
[0.849s] -- Up-to-date symlink: /home/pi/ugv_ws/install/vizanti_server/lib/vizanti_server/rosapi_launch.py
[0.849s] -- Up-to-date symlink: /home/pi/ugv_ws/install/vizanti_server/share/ament_index/resource_index/package_run_dependencies/vizanti_server
[0.850s] -- Up-to-date symlink: /home/pi/ugv_ws/install/vizanti_server/share/ament_index/resource_index/parent_prefix_path/vizanti_server
[0.850s] -- Up-to-date symlink: /home/pi/ugv_ws/install/vizanti_server/share/vizanti_server/environment/ament_prefix_path.sh
[0.853s] -- Up-to-date symlink: /home/pi/ugv_ws/install/vizanti_server/share/vizanti_server/environment/ament_prefix_path.dsv
[0.863s] -- Up-to-date symlink: /home/pi/ugv_ws/install/vizanti_server/share/vizanti_server/environment/path.sh
[0.865s] -- Up-to-date symlink: /home/pi/ugv_ws/install/vizanti_server/share/vizanti_server/environment/path.dsv
[0.866s] -- Up-to-date symlink: /home/pi/ugv_ws/install/vizanti_server/share/vizanti_server/local_setup.bash
[0.867s] -- Up-to-date symlink: /home/pi/ugv_ws/install/vizanti_server/share/vizanti_server/local_setup.sh
[0.867s] -- Up-to-date symlink: /home/pi/ugv_ws/install/vizanti_server/share/vizanti_server/local_setup.zsh
[0.869s] -- Up-to-date symlink: /home/pi/ugv_ws/install/vizanti_server/share/vizanti_server/local_setup.dsv
[0.869s] -- Symlinking: /home/pi/ugv_ws/install/vizanti_server/share/vizanti_server/package.dsv
[0.885s] -- Up-to-date symlink: /home/pi/ugv_ws/install/vizanti_server/share/ament_index/resource_index/packages/vizanti_server
[0.886s] -- Up-to-date symlink: /home/pi/ugv_ws/install/vizanti_server/share/vizanti_server/cmake/vizanti_serverConfig.cmake
[0.887s] -- Up-to-date symlink: /home/pi/ugv_ws/install/vizanti_server/share/vizanti_server/cmake/vizanti_serverConfig-version.cmake
[0.888s] -- Up-to-date symlink: /home/pi/ugv_ws/install/vizanti_server/share/vizanti_server/package.xml
[0.905s] Invoked command in '/home/pi/ugv_ws/build/vizanti_server' returned '0': CMAKE_PREFIX_PATH=/home/pi/ugv_ws/install/vizanti_msgs:/home/pi/ugv_ws/install/vizanti:/home/pi/ugv_ws/install/vizanti_server:/home/pi/ugv_ws/install/vizanti_demos:/home/pi/ugv_ws/install/vizanti_cpp:/home/pi/ugv_ws/install/ugv_slam:/home/pi/ugv_ws/install/ugv_nav:/home/pi/ugv_ws/install/ugv_interface:/home/pi/ugv_ws/install/ugv_gazebo:/home/pi/ugv_ws/install/ugv_description:/home/pi/ugv_ws/install/ugv_base_node:/home/pi/ugv_ws/install/teb_local_planner:/home/pi/ugv_ws/install/teb_msgs:/home/pi/ugv_ws/install/sllidar_ros2:/home/pi/ugv_ws/install/slam_gmapping:/home/pi/ugv_ws/install/robot_pose_publisher:/home/pi/ugv_ws/install/rf2o_laser_odometry:/home/pi/ugv_ws/install/openslam_gmapping:/home/pi/ugv_ws/install/ldlidar:/home/pi/ugv_ws/install/explore_lite:/home/pi/ugv_ws/install/emcl2:/home/pi/ugv_ws/install/costmap_converter:/home/pi/ugv_ws/install/costmap_converter_msgs:/home/pi/ugv_ws/install/cartographer:/home/pi/ugv_ws/install/apriltag_ros:/home/pi/ugv_ws/install/apriltag_msgs:/home/pi/ugv_ws/install/apriltag:/home/pi/ugv_ws/install/ugv_web_app:/home/pi/ugv_ws/install/ugv_vision:/home/pi/ugv_ws/install/ugv_tools:/home/pi/ugv_ws/install/ugv_chat_ai:/home/pi/ugv_ws/install/ugv_bringup:/opt/ros/humble /usr/bin/cmake --install /home/pi/ugv_ws/build/vizanti_server
