[0.131s] Invoking command in '/home/pi/ugv_ws/build/emcl2': CMAKE_PREFIX_PATH=${CMAKE_PREFIX_PATH}:/home/pi/ugv_ws/install/ugv_web_app:/home/pi/ugv_ws/install/ugv_vision:/home/pi/ugv_ws/install/ugv_tools:/home/pi/ugv_ws/install/ugv_chat_ai:/home/pi/ugv_ws/install/ugv_bringup:/opt/ros/humble /usr/bin/cmake --build /home/pi/ugv_ws/build/emcl2 -- -j4 -l4
[0.825s] [100%] Built target emcl2_node
[1.073s] Invoked command in '/home/pi/ugv_ws/build/emcl2' returned '0': CMAKE_PREFIX_PATH=${CMAKE_PREFIX_PATH}:/home/pi/ugv_ws/install/ugv_web_app:/home/pi/ugv_ws/install/ugv_vision:/home/pi/ugv_ws/install/ugv_tools:/home/pi/ugv_ws/install/ugv_chat_ai:/home/pi/ugv_ws/install/ugv_bringup:/opt/ros/humble /usr/bin/cmake --build /home/pi/ugv_ws/build/emcl2 -- -j4 -l4
[1.079s] Invoking command in '/home/pi/ugv_ws/build/emcl2': CMAKE_PREFIX_PATH=${CMAKE_PREFIX_PATH}:/home/pi/ugv_ws/install/ugv_web_app:/home/pi/ugv_ws/install/ugv_vision:/home/pi/ugv_ws/install/ugv_tools:/home/pi/ugv_ws/install/ugv_chat_ai:/home/pi/ugv_ws/install/ugv_bringup:/opt/ros/humble /usr/bin/cmake --install /home/pi/ugv_ws/build/emcl2
[1.140s] -- Install configuration: ""
[1.140s] -- Execute custom install script
[1.142s] -- Up-to-date symlink: /home/pi/ugv_ws/install/emcl2/lib/emcl2/test.bash
[1.142s] -- Up-to-date symlink: /home/pi/ugv_ws/install/emcl2/lib/emcl2/test_gui.bash
[1.145s] -- Up-to-date symlink: /home/pi/ugv_ws/install/emcl2/include/emcl2/ExpResetMcl2.h
[1.145s] -- Up-to-date symlink: /home/pi/ugv_ws/install/emcl2/include/emcl2/LikelihoodFieldMap.h
[1.146s] -- Up-to-date symlink: /home/pi/ugv_ws/install/emcl2/include/emcl2/Mcl.h
[1.147s] -- Up-to-date symlink: /home/pi/ugv_ws/install/emcl2/include/emcl2/OdomModel.h
[1.148s] -- Up-to-date symlink: /home/pi/ugv_ws/install/emcl2/include/emcl2/Particle.h
[1.148s] -- Up-to-date symlink: /home/pi/ugv_ws/install/emcl2/include/emcl2/Pose.h
[1.149s] -- Up-to-date symlink: /home/pi/ugv_ws/install/emcl2/include/emcl2/Scan.h
[1.151s] -- Up-to-date symlink: /home/pi/ugv_ws/install/emcl2/include/emcl2/emcl2_node.h
[1.152s] -- Up-to-date symlink: /home/pi/ugv_ws/install/emcl2/lib/emcl2/emcl2_node
[1.164s] -- Up-to-date symlink: /home/pi/ugv_ws/install/emcl2/share/emcl2/config/emcl2.param.yaml
[1.165s] -- Up-to-date symlink: /home/pi/ugv_ws/install/emcl2/share/emcl2/config/emcl2_quick_start.param.yaml
[1.166s] -- Up-to-date symlink: /home/pi/ugv_ws/install/emcl2/share/emcl2/launch/emcl2.launch.py
[1.167s] -- Up-to-date symlink: /home/pi/ugv_ws/install/emcl2/share/emcl2/test/demo.bash
[1.167s] -- Up-to-date symlink: /home/pi/ugv_ws/install/emcl2/share/emcl2/test/test.bash
[1.168s] -- Up-to-date symlink: /home/pi/ugv_ws/install/emcl2/share/emcl2/test/test.launch.xml
[1.169s] -- Up-to-date symlink: /home/pi/ugv_ws/install/emcl2/share/emcl2/test/test_gui.bash
[1.169s] -- Up-to-date symlink: /home/pi/ugv_ws/install/emcl2/share/ament_index/resource_index/package_run_dependencies/emcl2
[1.170s] -- Up-to-date symlink: /home/pi/ugv_ws/install/emcl2/share/ament_index/resource_index/parent_prefix_path/emcl2
[1.171s] -- Up-to-date symlink: /home/pi/ugv_ws/install/emcl2/share/emcl2/environment/ament_prefix_path.sh
[1.187s] -- Up-to-date symlink: /home/pi/ugv_ws/install/emcl2/share/emcl2/environment/ament_prefix_path.dsv
[1.188s] -- Up-to-date symlink: /home/pi/ugv_ws/install/emcl2/share/emcl2/environment/path.sh
[1.193s] -- Up-to-date symlink: /home/pi/ugv_ws/install/emcl2/share/emcl2/environment/path.dsv
[1.193s] -- Up-to-date symlink: /home/pi/ugv_ws/install/emcl2/share/emcl2/local_setup.bash
[1.203s] -- Up-to-date symlink: /home/pi/ugv_ws/install/emcl2/share/emcl2/local_setup.sh
[1.204s] -- Up-to-date symlink: /home/pi/ugv_ws/install/emcl2/share/emcl2/local_setup.zsh
[1.205s] -- Up-to-date symlink: /home/pi/ugv_ws/install/emcl2/share/emcl2/local_setup.dsv
[1.205s] -- Symlinking: /home/pi/ugv_ws/install/emcl2/share/emcl2/package.dsv
[1.244s] -- Up-to-date symlink: /home/pi/ugv_ws/install/emcl2/share/ament_index/resource_index/packages/emcl2
[1.245s] -- Up-to-date symlink: /home/pi/ugv_ws/install/emcl2/share/emcl2/cmake/ament_cmake_export_dependencies-extras.cmake
[1.246s] -- Up-to-date symlink: /home/pi/ugv_ws/install/emcl2/share/emcl2/cmake/ament_cmake_export_include_directories-extras.cmake
[1.248s] -- Up-to-date symlink: /home/pi/ugv_ws/install/emcl2/share/emcl2/cmake/emcl2Config.cmake
[1.250s] -- Up-to-date symlink: /home/pi/ugv_ws/install/emcl2/share/emcl2/cmake/emcl2Config-version.cmake
[1.251s] -- Up-to-date symlink: /home/pi/ugv_ws/install/emcl2/share/emcl2/package.xml
[1.269s] Invoked command in '/home/pi/ugv_ws/build/emcl2' returned '0': CMAKE_PREFIX_PATH=${CMAKE_PREFIX_PATH}:/home/pi/ugv_ws/install/ugv_web_app:/home/pi/ugv_ws/install/ugv_vision:/home/pi/ugv_ws/install/ugv_tools:/home/pi/ugv_ws/install/ugv_chat_ai:/home/pi/ugv_ws/install/ugv_bringup:/opt/ros/humble /usr/bin/cmake --install /home/pi/ugv_ws/build/emcl2
