[0.204s] Invoking command in '/home/pi/ugv_ws/build/vizanti': AMENT_PREFIX_PATH=/home/pi/ugv_ws/install/vizanti_server:/home/pi/ugv_ws/install/vizanti_msgs:${AMENT_PREFIX_PATH} CMAKE_PREFIX_PATH=/home/pi/ugv_ws/install/vizanti_server:/home/pi/ugv_ws/install/vizanti_msgs:/opt/ros/humble LD_LIBRARY_PATH=/home/pi/ugv_ws/install/vizanti_msgs/lib:${LD_LIBRARY_PATH} PYTHONPATH=/home/pi/ugv_ws/install/vizanti_msgs/local/lib/python3.10/dist-packages:${PYTHONPATH} /usr/bin/cmake --build /home/pi/ugv_ws/build/vizanti -- -j4 -l4
[0.554s] Invoked command in '/home/pi/ugv_ws/build/vizanti' returned '0': AMENT_PREFIX_PATH=/home/pi/ugv_ws/install/vizanti_server:/home/pi/ugv_ws/install/vizanti_msgs:${AMENT_PREFIX_PATH} CMAKE_PREFIX_PATH=/home/pi/ugv_ws/install/vizanti_server:/home/pi/ugv_ws/install/vizanti_msgs:/opt/ros/humble LD_LIBRARY_PATH=/home/pi/ugv_ws/install/vizanti_msgs/lib:${LD_LIBRARY_PATH} PYTHONPATH=/home/pi/ugv_ws/install/vizanti_msgs/local/lib/python3.10/dist-packages:${PYTHONPATH} /usr/bin/cmake --build /home/pi/ugv_ws/build/vizanti -- -j4 -l4
[0.557s] Invoking command in '/home/pi/ugv_ws/build/vizanti': AMENT_PREFIX_PATH=/home/pi/ugv_ws/install/vizanti_server:/home/pi/ugv_ws/install/vizanti_msgs:${AMENT_PREFIX_PATH} CMAKE_PREFIX_PATH=/home/pi/ugv_ws/install/vizanti_server:/home/pi/ugv_ws/install/vizanti_msgs:/opt/ros/humble LD_LIBRARY_PATH=/home/pi/ugv_ws/install/vizanti_msgs/lib:${LD_LIBRARY_PATH} PYTHONPATH=/home/pi/ugv_ws/install/vizanti_msgs/local/lib/python3.10/dist-packages:${PYTHONPATH} /usr/bin/cmake --install /home/pi/ugv_ws/build/vizanti
[0.628s] -- Install configuration: ""
[0.634s] -- Execute custom install script
[0.640s] -- Up-to-date symlink: /home/pi/ugv_ws/install/vizanti/share/ament_index/resource_index/package_run_dependencies/vizanti
[0.647s] -- Up-to-date symlink: /home/pi/ugv_ws/install/vizanti/share/ament_index/resource_index/parent_prefix_path/vizanti
[0.652s] -- Up-to-date symlink: /home/pi/ugv_ws/install/vizanti/share/vizanti/environment/ament_prefix_path.sh
[0.661s] -- Up-to-date symlink: /home/pi/ugv_ws/install/vizanti/share/vizanti/environment/ament_prefix_path.dsv
[0.668s] -- Up-to-date symlink: /home/pi/ugv_ws/install/vizanti/share/vizanti/environment/path.sh
[0.675s] -- Up-to-date symlink: /home/pi/ugv_ws/install/vizanti/share/vizanti/environment/path.dsv
[0.679s] -- Up-to-date symlink: /home/pi/ugv_ws/install/vizanti/share/vizanti/local_setup.bash
[0.685s] -- Up-to-date symlink: /home/pi/ugv_ws/install/vizanti/share/vizanti/local_setup.sh
[0.690s] -- Up-to-date symlink: /home/pi/ugv_ws/install/vizanti/share/vizanti/local_setup.zsh
[0.697s] -- Up-to-date symlink: /home/pi/ugv_ws/install/vizanti/share/vizanti/local_setup.dsv
[0.703s] -- Symlinking: /home/pi/ugv_ws/install/vizanti/share/vizanti/package.dsv
[0.765s] -- Up-to-date symlink: /home/pi/ugv_ws/install/vizanti/share/ament_index/resource_index/packages/vizanti
[0.768s] -- Up-to-date symlink: /home/pi/ugv_ws/install/vizanti/share/vizanti/cmake/vizantiConfig.cmake
[0.771s] -- Up-to-date symlink: /home/pi/ugv_ws/install/vizanti/share/vizanti/cmake/vizantiConfig-version.cmake
[0.776s] -- Up-to-date symlink: /home/pi/ugv_ws/install/vizanti/share/vizanti/package.xml
[0.830s] Invoked command in '/home/pi/ugv_ws/build/vizanti' returned '0': AMENT_PREFIX_PATH=/home/pi/ugv_ws/install/vizanti_server:/home/pi/ugv_ws/install/vizanti_msgs:${AMENT_PREFIX_PATH} CMAKE_PREFIX_PATH=/home/pi/ugv_ws/install/vizanti_server:/home/pi/ugv_ws/install/vizanti_msgs:/opt/ros/humble LD_LIBRARY_PATH=/home/pi/ugv_ws/install/vizanti_msgs/lib:${LD_LIBRARY_PATH} PYTHONPATH=/home/pi/ugv_ws/install/vizanti_msgs/local/lib/python3.10/dist-packages:${PYTHONPATH} /usr/bin/cmake --install /home/pi/ugv_ws/build/vizanti
