[0.069s] Invoking command in '/home/pi/ugv_ws/build/openslam_gmapping': CMAKE_PREFIX_PATH=/opt/ros/humble /usr/bin/cmake --build /home/pi/ugv_ws/build/openslam_gmapping -- -j4 -l4
[0.709s] [ 13%] Built target utils
[0.735s] [ 27%] Built target sensor_base
[0.914s] [ 40%] Built target sensor_range
[1.040s] [ 54%] Built target sensor_odometry
[1.127s] [ 77%] Built target scanmatcher
[1.182s] [100%] Built target gridfastslam
[1.298s] Invoked command in '/home/pi/ugv_ws/build/openslam_gmapping' returned '0': CMAKE_PREFIX_PATH=/opt/ros/humble /usr/bin/cmake --build /home/pi/ugv_ws/build/openslam_gmapping -- -j4 -l4
[1.306s] Invoking command in '/home/pi/ugv_ws/build/openslam_gmapping': CMAKE_PREFIX_PATH=/opt/ros/humble /usr/bin/cmake --install /home/pi/ugv_ws/build/openslam_gmapping
[1.712s] -- Install configuration: ""
[1.712s] -- Execute custom install script
[1.713s] -- Up-to-date symlink: /home/pi/ugv_ws/install/openslam_gmapping/lib/libgridfastslam.a
[1.714s] -- Up-to-date symlink: /home/pi/ugv_ws/install/openslam_gmapping/lib/libscanmatcher.a
[1.715s] -- Up-to-date symlink: /home/pi/ugv_ws/install/openslam_gmapping/lib/libsensor_base.a
[1.716s] -- Up-to-date symlink: /home/pi/ugv_ws/install/openslam_gmapping/share/openslam_gmapping/environment/library_path.sh
[1.717s] -- Up-to-date symlink: /home/pi/ugv_ws/install/openslam_gmapping/share/openslam_gmapping/environment/library_path.dsv
[1.717s] -- Up-to-date symlink: /home/pi/ugv_ws/install/openslam_gmapping/share/openslam_gmapping/environment/library_path.sh
[1.718s] -- Up-to-date symlink: /home/pi/ugv_ws/install/openslam_gmapping/share/openslam_gmapping/environment/library_path.dsv
[1.718s] -- Up-to-date symlink: /home/pi/ugv_ws/install/openslam_gmapping/lib/libsensor_odometry.a
[1.719s] -- Up-to-date symlink: /home/pi/ugv_ws/install/openslam_gmapping/lib/libsensor_range.a
[1.719s] -- Up-to-date symlink: /home/pi/ugv_ws/install/openslam_gmapping/lib/libutils.a
[1.720s] -- Up-to-date symlink: /home/pi/ugv_ws/install/openslam_gmapping/share/openslam_gmapping/environment/library_path.sh
[1.721s] -- Up-to-date symlink: /home/pi/ugv_ws/install/openslam_gmapping/share/openslam_gmapping/environment/library_path.dsv
[1.721s] -- Up-to-date symlink: /home/pi/ugv_ws/install/openslam_gmapping/share/openslam_gmapping/environment/library_path.sh
[1.722s] -- Up-to-date symlink: /home/pi/ugv_ws/install/openslam_gmapping/share/openslam_gmapping/environment/library_path.dsv
[1.722s] -- Up-to-date symlink: /home/pi/ugv_ws/install/openslam_gmapping/include//gmapping/grid/accessstate.h
[1.723s] -- Up-to-date symlink: /home/pi/ugv_ws/install/openslam_gmapping/include//gmapping/grid/array2d.h
[1.723s] -- Up-to-date symlink: /home/pi/ugv_ws/install/openslam_gmapping/include//gmapping/grid/harray2d.h
[1.724s] -- Up-to-date symlink: /home/pi/ugv_ws/install/openslam_gmapping/include//gmapping/grid/map.h
[1.725s] -- Up-to-date symlink: /home/pi/ugv_ws/install/openslam_gmapping/include//gmapping/gridfastslam/gridslamprocessor.h
[1.725s] -- Up-to-date symlink: /home/pi/ugv_ws/install/openslam_gmapping/include//gmapping/gridfastslam/gridslamprocessor.hxx
[1.726s] -- Up-to-date symlink: /home/pi/ugv_ws/install/openslam_gmapping/include//gmapping/gridfastslam/motionmodel.h
[1.726s] -- Up-to-date symlink: /home/pi/ugv_ws/install/openslam_gmapping/include//gmapping/log/configuration.h
[1.727s] -- Up-to-date symlink: /home/pi/ugv_ws/install/openslam_gmapping/include//gmapping/log/sensorlog.h
[1.744s] -- Up-to-date symlink: /home/pi/ugv_ws/install/openslam_gmapping/include//gmapping/particlefilter/particlefilter.h
[1.745s] -- Up-to-date symlink: /home/pi/ugv_ws/install/openslam_gmapping/include//gmapping/scanmatcher/icp.h
[1.746s] -- Up-to-date symlink: /home/pi/ugv_ws/install/openslam_gmapping/include//gmapping/scanmatcher/scanmatcher.h
[1.746s] -- Up-to-date symlink: /home/pi/ugv_ws/install/openslam_gmapping/include//gmapping/scanmatcher/smmap.h
[1.747s] -- Up-to-date symlink: /home/pi/ugv_ws/install/openslam_gmapping/include//gmapping/sensor/sensor_base/sensor.h
[1.747s] -- Up-to-date symlink: /home/pi/ugv_ws/install/openslam_gmapping/include//gmapping/sensor/sensor_base/sensorreading.h
[1.748s] -- Up-to-date symlink: /home/pi/ugv_ws/install/openslam_gmapping/include//gmapping/sensor/sensor_odometry/odometryreading.h
[1.749s] -- Up-to-date symlink: /home/pi/ugv_ws/install/openslam_gmapping/include//gmapping/sensor/sensor_odometry/odometrysensor.h
[1.749s] -- Up-to-date symlink: /home/pi/ugv_ws/install/openslam_gmapping/include//gmapping/sensor/sensor_range/rangereading.h
[1.750s] -- Up-to-date symlink: /home/pi/ugv_ws/install/openslam_gmapping/include//gmapping/sensor/sensor_range/rangesensor.h
[1.750s] -- Up-to-date symlink: /home/pi/ugv_ws/install/openslam_gmapping/include//gmapping/utils/autoptr.h
[1.751s] -- Up-to-date symlink: /home/pi/ugv_ws/install/openslam_gmapping/include//gmapping/utils/commandline.h
[1.752s] -- Up-to-date symlink: /home/pi/ugv_ws/install/openslam_gmapping/include//gmapping/utils/gvalues.h
[1.752s] -- Up-to-date symlink: /home/pi/ugv_ws/install/openslam_gmapping/include//gmapping/utils/macro_params.h
[1.753s] -- Up-to-date symlink: /home/pi/ugv_ws/install/openslam_gmapping/include//gmapping/utils/point.h
[1.753s] -- Up-to-date symlink: /home/pi/ugv_ws/install/openslam_gmapping/include//gmapping/utils/stat.h
[1.754s] -- Up-to-date symlink: /home/pi/ugv_ws/install/openslam_gmapping/share/ament_index/resource_index/package_run_dependencies/openslam_gmapping
[1.755s] -- Up-to-date symlink: /home/pi/ugv_ws/install/openslam_gmapping/share/ament_index/resource_index/parent_prefix_path/openslam_gmapping
[1.755s] -- Up-to-date symlink: /home/pi/ugv_ws/install/openslam_gmapping/share/openslam_gmapping/environment/ament_prefix_path.sh
[1.782s] -- Up-to-date symlink: /home/pi/ugv_ws/install/openslam_gmapping/share/openslam_gmapping/environment/ament_prefix_path.dsv
[1.783s] -- Up-to-date symlink: /home/pi/ugv_ws/install/openslam_gmapping/share/openslam_gmapping/environment/path.sh
[1.783s] -- Up-to-date symlink: /home/pi/ugv_ws/install/openslam_gmapping/share/openslam_gmapping/environment/path.dsv
[1.784s] -- Up-to-date symlink: /home/pi/ugv_ws/install/openslam_gmapping/share/openslam_gmapping/local_setup.bash
[1.784s] -- Up-to-date symlink: /home/pi/ugv_ws/install/openslam_gmapping/share/openslam_gmapping/local_setup.sh
[1.785s] -- Up-to-date symlink: /home/pi/ugv_ws/install/openslam_gmapping/share/openslam_gmapping/local_setup.zsh
[1.785s] -- Up-to-date symlink: /home/pi/ugv_ws/install/openslam_gmapping/share/openslam_gmapping/local_setup.dsv
[1.786s] -- Symlinking: /home/pi/ugv_ws/install/openslam_gmapping/share/openslam_gmapping/package.dsv
[1.786s] -- Up-to-date symlink: /home/pi/ugv_ws/install/openslam_gmapping/share/ament_index/resource_index/packages/openslam_gmapping
[1.787s] -- Up-to-date symlink: /home/pi/ugv_ws/install/openslam_gmapping/share/openslam_gmapping/cmake/ament_cmake_export_libraries-extras.cmake
[1.787s] -- Up-to-date symlink: /home/pi/ugv_ws/install/openslam_gmapping/share/openslam_gmapping/cmake/ament_cmake_export_include_directories-extras.cmake
[1.788s] -- Up-to-date symlink: /home/pi/ugv_ws/install/openslam_gmapping/share/openslam_gmapping/cmake/openslam_gmappingConfig.cmake
[1.788s] -- Up-to-date symlink: /home/pi/ugv_ws/install/openslam_gmapping/share/openslam_gmapping/cmake/openslam_gmappingConfig-version.cmake
[1.789s] -- Up-to-date symlink: /home/pi/ugv_ws/install/openslam_gmapping/share/openslam_gmapping/package.xml
[1.968s] Invoked command in '/home/pi/ugv_ws/build/openslam_gmapping' returned '0': CMAKE_PREFIX_PATH=/opt/ros/humble /usr/bin/cmake --install /home/pi/ugv_ws/build/openslam_gmapping
