[0.318s] Invoking command in '/home/pi/ugv_ws/build/apriltag_ros': AMENT_PREFIX_PATH=/home/pi/ugv_ws/install/apriltag_msgs:${AMENT_PREFIX_PATH} CMAKE_PREFIX_PATH=/home/pi/ugv_ws/install/apriltag_msgs:/home/pi/ugv_ws/install/apriltag:/opt/ros/humble LD_LIBRARY_PATH=/home/pi/ugv_ws/install/apriltag_msgs/lib:/home/pi/ugv_ws/install/apriltag/lib:${LD_LIBRARY_PATH} PATH=/home/pi/ugv_ws/install/apriltag/bin:${PATH} PKG_CONFIG_PATH=/home/pi/ugv_ws/install/apriltag/lib/aarch64-linux-gnu/pkgconfig:/home/pi/ugv_ws/install/apriltag/lib/pkgconfig PYTHONPATH=/home/pi/ugv_ws/install/apriltag_msgs/local/lib/python3.10/dist-packages:/home/pi/ugv_ws/install/apriltag/lib/python3.10/site-packages:${PYTHONPATH} /usr/bin/cmake --build /home/pi/ugv_ws/build/apriltag_ros -- -j4 -l4
[1.023s] [ 50%] Built target tag_detector
[1.139s] [100%] Built target AprilTagNode
[1.282s] Invoked command in '/home/pi/ugv_ws/build/apriltag_ros' returned '0': AMENT_PREFIX_PATH=/home/pi/ugv_ws/install/apriltag_msgs:${AMENT_PREFIX_PATH} CMAKE_PREFIX_PATH=/home/pi/ugv_ws/install/apriltag_msgs:/home/pi/ugv_ws/install/apriltag:/opt/ros/humble LD_LIBRARY_PATH=/home/pi/ugv_ws/install/apriltag_msgs/lib:/home/pi/ugv_ws/install/apriltag/lib:${LD_LIBRARY_PATH} PATH=/home/pi/ugv_ws/install/apriltag/bin:${PATH} PKG_CONFIG_PATH=/home/pi/ugv_ws/install/apriltag/lib/aarch64-linux-gnu/pkgconfig:/home/pi/ugv_ws/install/apriltag/lib/pkgconfig PYTHONPATH=/home/pi/ugv_ws/install/apriltag_msgs/local/lib/python3.10/dist-packages:/home/pi/ugv_ws/install/apriltag/lib/python3.10/site-packages:${PYTHONPATH} /usr/bin/cmake --build /home/pi/ugv_ws/build/apriltag_ros -- -j4 -l4
[1.307s] Invoking command in '/home/pi/ugv_ws/build/apriltag_ros': AMENT_PREFIX_PATH=/home/pi/ugv_ws/install/apriltag_msgs:${AMENT_PREFIX_PATH} CMAKE_PREFIX_PATH=/home/pi/ugv_ws/install/apriltag_msgs:/home/pi/ugv_ws/install/apriltag:/opt/ros/humble LD_LIBRARY_PATH=/home/pi/ugv_ws/install/apriltag_msgs/lib:/home/pi/ugv_ws/install/apriltag/lib:${LD_LIBRARY_PATH} PATH=/home/pi/ugv_ws/install/apriltag/bin:${PATH} PKG_CONFIG_PATH=/home/pi/ugv_ws/install/apriltag/lib/aarch64-linux-gnu/pkgconfig:/home/pi/ugv_ws/install/apriltag/lib/pkgconfig PYTHONPATH=/home/pi/ugv_ws/install/apriltag_msgs/local/lib/python3.10/dist-packages:/home/pi/ugv_ws/install/apriltag/lib/python3.10/site-packages:${PYTHONPATH} /usr/bin/cmake --install /home/pi/ugv_ws/build/apriltag_ros
[1.385s] -- Install configuration: ""
[1.389s] -- Execute custom install script
[1.404s] -- Up-to-date symlink: /home/pi/ugv_ws/install/apriltag_ros/share/apriltag_ros/environment/library_path.sh
[1.407s] -- Up-to-date symlink: /home/pi/ugv_ws/install/apriltag_ros/share/apriltag_ros/environment/library_path.dsv
[1.410s] -- Up-to-date symlink: /home/pi/ugv_ws/install/apriltag_ros/share/apriltag_ros/cfg/tags_16h5_all.yaml
[1.413s] -- Up-to-date symlink: /home/pi/ugv_ws/install/apriltag_ros/share/apriltag_ros/cfg/tags_16h5_filtered.yaml
[1.417s] -- Up-to-date symlink: /home/pi/ugv_ws/install/apriltag_ros/share/apriltag_ros/cfg/tags_36h11_all.yaml
[1.420s] -- Up-to-date symlink: /home/pi/ugv_ws/install/apriltag_ros/share/apriltag_ros/cfg/tags_36h11_filter.yaml
[1.423s] -- Up-to-date symlink: /home/pi/ugv_ws/install/apriltag_ros/share/apriltag_ros/launch/bringup.launch.py
[1.435s] -- Up-to-date symlink: /home/pi/ugv_ws/install/apriltag_ros/share/apriltag_ros/launch/tag_gazebo.launch.py
[1.437s] -- Up-to-date symlink: /home/pi/ugv_ws/install/apriltag_ros/share/apriltag_ros/launch/tag_realsense.launch.py
[1.440s] -- Up-to-date symlink: /home/pi/ugv_ws/install/apriltag_ros/share/ament_index/resource_index/package_run_dependencies/apriltag_ros
[1.443s] -- Up-to-date symlink: /home/pi/ugv_ws/install/apriltag_ros/share/ament_index/resource_index/parent_prefix_path/apriltag_ros
[1.446s] -- Up-to-date symlink: /home/pi/ugv_ws/install/apriltag_ros/share/apriltag_ros/environment/ament_prefix_path.sh
[1.451s] -- Up-to-date symlink: /home/pi/ugv_ws/install/apriltag_ros/share/apriltag_ros/environment/ament_prefix_path.dsv
[1.454s] -- Up-to-date symlink: /home/pi/ugv_ws/install/apriltag_ros/share/apriltag_ros/environment/path.sh
[1.467s] -- Up-to-date symlink: /home/pi/ugv_ws/install/apriltag_ros/share/apriltag_ros/environment/path.dsv
[1.470s] -- Up-to-date symlink: /home/pi/ugv_ws/install/apriltag_ros/share/apriltag_ros/local_setup.bash
[1.472s] -- Up-to-date symlink: /home/pi/ugv_ws/install/apriltag_ros/share/apriltag_ros/local_setup.sh
[1.475s] -- Up-to-date symlink: /home/pi/ugv_ws/install/apriltag_ros/share/apriltag_ros/local_setup.zsh
[1.478s] -- Up-to-date symlink: /home/pi/ugv_ws/install/apriltag_ros/share/apriltag_ros/local_setup.dsv
[1.480s] -- Symlinking: /home/pi/ugv_ws/install/apriltag_ros/share/apriltag_ros/package.dsv
[1.580s] -- Up-to-date symlink: /home/pi/ugv_ws/install/apriltag_ros/share/ament_index/resource_index/packages/apriltag_ros
[1.581s] -- Up-to-date symlink: /home/pi/ugv_ws/install/apriltag_ros/share/ament_index/resource_index/rclcpp_components/apriltag_ros
[1.583s] -- Up-to-date symlink: /home/pi/ugv_ws/install/apriltag_ros/share/apriltag_ros/cmake/ament_cmake_export_dependencies-extras.cmake
[1.584s] -- Up-to-date symlink: /home/pi/ugv_ws/install/apriltag_ros/share/apriltag_ros/cmake/apriltag_rosConfig.cmake
[1.585s] -- Up-to-date symlink: /home/pi/ugv_ws/install/apriltag_ros/share/apriltag_ros/cmake/apriltag_rosConfig-version.cmake
[1.586s] -- Up-to-date symlink: /home/pi/ugv_ws/install/apriltag_ros/share/apriltag_ros/package.xml
[1.588s] -- Up-to-date: /home/pi/ugv_ws/install/apriltag_ros/lib/libAprilTagNode.so
[1.591s] -- Up-to-date: /home/pi/ugv_ws/install/apriltag_ros/bin/tag_detector
[1.610s] Invoked command in '/home/pi/ugv_ws/build/apriltag_ros' returned '0': AMENT_PREFIX_PATH=/home/pi/ugv_ws/install/apriltag_msgs:${AMENT_PREFIX_PATH} CMAKE_PREFIX_PATH=/home/pi/ugv_ws/install/apriltag_msgs:/home/pi/ugv_ws/install/apriltag:/opt/ros/humble LD_LIBRARY_PATH=/home/pi/ugv_ws/install/apriltag_msgs/lib:/home/pi/ugv_ws/install/apriltag/lib:${LD_LIBRARY_PATH} PATH=/home/pi/ugv_ws/install/apriltag/bin:${PATH} PKG_CONFIG_PATH=/home/pi/ugv_ws/install/apriltag/lib/aarch64-linux-gnu/pkgconfig:/home/pi/ugv_ws/install/apriltag/lib/pkgconfig PYTHONPATH=/home/pi/ugv_ws/install/apriltag_msgs/local/lib/python3.10/dist-packages:/home/pi/ugv_ws/install/apriltag/lib/python3.10/site-packages:${PYTHONPATH} /usr/bin/cmake --install /home/pi/ugv_ws/build/apriltag_ros
