[0.339s] Invoking command in '/home/pi/ugv_ws/build/apriltag_ros': AMENT_PREFIX_PATH=/home/pi/ugv_ws/install/apriltag_msgs:${AMENT_PREFIX_PATH} CMAKE_PREFIX_PATH=/home/pi/ugv_ws/install/apriltag_msgs:/home/pi/ugv_ws/install/apriltag:/opt/ros/humble LD_LIBRARY_PATH=/home/pi/ugv_ws/install/apriltag_msgs/lib:/home/pi/ugv_ws/install/apriltag/lib:${LD_LIBRARY_PATH} PATH=/home/pi/ugv_ws/install/apriltag/bin:${PATH} PKG_CONFIG_PATH=/home/pi/ugv_ws/install/apriltag/lib/aarch64-linux-gnu/pkgconfig:/home/pi/ugv_ws/install/apriltag/lib/pkgconfig PYTHONPATH=/home/pi/ugv_ws/install/apriltag_msgs/local/lib/python3.10/dist-packages:/home/pi/ugv_ws/install/apriltag/lib/python3.10/site-packages:${PYTHONPATH} /usr/bin/cmake --build /home/pi/ugv_ws/build/apriltag_ros -- -j4 -l4
[0.865s] [ 50%] Built target tag_detector
[1.042s] [100%] Built target AprilTagNode
[1.121s] Invoked command in '/home/pi/ugv_ws/build/apriltag_ros' returned '0': AMENT_PREFIX_PATH=/home/pi/ugv_ws/install/apriltag_msgs:${AMENT_PREFIX_PATH} CMAKE_PREFIX_PATH=/home/pi/ugv_ws/install/apriltag_msgs:/home/pi/ugv_ws/install/apriltag:/opt/ros/humble LD_LIBRARY_PATH=/home/pi/ugv_ws/install/apriltag_msgs/lib:/home/pi/ugv_ws/install/apriltag/lib:${LD_LIBRARY_PATH} PATH=/home/pi/ugv_ws/install/apriltag/bin:${PATH} PKG_CONFIG_PATH=/home/pi/ugv_ws/install/apriltag/lib/aarch64-linux-gnu/pkgconfig:/home/pi/ugv_ws/install/apriltag/lib/pkgconfig PYTHONPATH=/home/pi/ugv_ws/install/apriltag_msgs/local/lib/python3.10/dist-packages:/home/pi/ugv_ws/install/apriltag/lib/python3.10/site-packages:${PYTHONPATH} /usr/bin/cmake --build /home/pi/ugv_ws/build/apriltag_ros -- -j4 -l4
[1.123s] Invoking command in '/home/pi/ugv_ws/build/apriltag_ros': AMENT_PREFIX_PATH=/home/pi/ugv_ws/install/apriltag_msgs:${AMENT_PREFIX_PATH} CMAKE_PREFIX_PATH=/home/pi/ugv_ws/install/apriltag_msgs:/home/pi/ugv_ws/install/apriltag:/opt/ros/humble LD_LIBRARY_PATH=/home/pi/ugv_ws/install/apriltag_msgs/lib:/home/pi/ugv_ws/install/apriltag/lib:${LD_LIBRARY_PATH} PATH=/home/pi/ugv_ws/install/apriltag/bin:${PATH} PKG_CONFIG_PATH=/home/pi/ugv_ws/install/apriltag/lib/aarch64-linux-gnu/pkgconfig:/home/pi/ugv_ws/install/apriltag/lib/pkgconfig PYTHONPATH=/home/pi/ugv_ws/install/apriltag_msgs/local/lib/python3.10/dist-packages:/home/pi/ugv_ws/install/apriltag/lib/python3.10/site-packages:${PYTHONPATH} /usr/bin/cmake --install /home/pi/ugv_ws/build/apriltag_ros
[1.213s] -- Install configuration: ""
[1.223s] -- Execute custom install script
[1.225s] -- Up-to-date symlink: /home/pi/ugv_ws/install/apriltag_ros/share/apriltag_ros/environment/library_path.sh
[1.227s] -- Up-to-date symlink: /home/pi/ugv_ws/install/apriltag_ros/share/apriltag_ros/environment/library_path.dsv
[1.228s] -- Up-to-date symlink: /home/pi/ugv_ws/install/apriltag_ros/share/apriltag_ros/cfg/tags_16h5_all.yaml
[1.230s] -- Up-to-date symlink: /home/pi/ugv_ws/install/apriltag_ros/share/apriltag_ros/cfg/tags_16h5_filtered.yaml
[1.233s] -- Up-to-date symlink: /home/pi/ugv_ws/install/apriltag_ros/share/apriltag_ros/cfg/tags_36h11_all.yaml
[1.233s] -- Up-to-date symlink: /home/pi/ugv_ws/install/apriltag_ros/share/apriltag_ros/cfg/tags_36h11_filter.yaml
[1.265s] -- Up-to-date symlink: /home/pi/ugv_ws/install/apriltag_ros/share/apriltag_ros/launch/bringup.launch.py
[1.267s] -- Up-to-date symlink: /home/pi/ugv_ws/install/apriltag_ros/share/apriltag_ros/launch/tag_gazebo.launch.py
[1.267s] -- Up-to-date symlink: /home/pi/ugv_ws/install/apriltag_ros/share/apriltag_ros/launch/tag_realsense.launch.py
[1.271s] -- Up-to-date symlink: /home/pi/ugv_ws/install/apriltag_ros/share/ament_index/resource_index/package_run_dependencies/apriltag_ros
[1.272s] -- Up-to-date symlink: /home/pi/ugv_ws/install/apriltag_ros/share/ament_index/resource_index/parent_prefix_path/apriltag_ros
[1.274s] -- Up-to-date symlink: /home/pi/ugv_ws/install/apriltag_ros/share/apriltag_ros/environment/ament_prefix_path.sh
[1.288s] -- Up-to-date symlink: /home/pi/ugv_ws/install/apriltag_ros/share/apriltag_ros/environment/ament_prefix_path.dsv
[1.291s] -- Up-to-date symlink: /home/pi/ugv_ws/install/apriltag_ros/share/apriltag_ros/environment/path.sh
[1.293s] -- Up-to-date symlink: /home/pi/ugv_ws/install/apriltag_ros/share/apriltag_ros/environment/path.dsv
[1.294s] -- Up-to-date symlink: /home/pi/ugv_ws/install/apriltag_ros/share/apriltag_ros/local_setup.bash
[1.294s] -- Up-to-date symlink: /home/pi/ugv_ws/install/apriltag_ros/share/apriltag_ros/local_setup.sh
[1.298s] -- Up-to-date symlink: /home/pi/ugv_ws/install/apriltag_ros/share/apriltag_ros/local_setup.zsh
[1.306s] -- Up-to-date symlink: /home/pi/ugv_ws/install/apriltag_ros/share/apriltag_ros/local_setup.dsv
[1.313s] -- Symlinking: /home/pi/ugv_ws/install/apriltag_ros/share/apriltag_ros/package.dsv
[1.423s] -- Up-to-date symlink: /home/pi/ugv_ws/install/apriltag_ros/share/ament_index/resource_index/packages/apriltag_ros
[1.425s] -- Up-to-date symlink: /home/pi/ugv_ws/install/apriltag_ros/share/ament_index/resource_index/rclcpp_components/apriltag_ros
[1.427s] -- Up-to-date symlink: /home/pi/ugv_ws/install/apriltag_ros/share/apriltag_ros/cmake/ament_cmake_export_dependencies-extras.cmake
[1.428s] -- Up-to-date symlink: /home/pi/ugv_ws/install/apriltag_ros/share/apriltag_ros/cmake/apriltag_rosConfig.cmake
[1.431s] -- Up-to-date symlink: /home/pi/ugv_ws/install/apriltag_ros/share/apriltag_ros/cmake/apriltag_rosConfig-version.cmake
[1.432s] -- Up-to-date symlink: /home/pi/ugv_ws/install/apriltag_ros/share/apriltag_ros/package.xml
[1.438s] -- Up-to-date: /home/pi/ugv_ws/install/apriltag_ros/lib/libAprilTagNode.so
[1.443s] -- Up-to-date: /home/pi/ugv_ws/install/apriltag_ros/bin/tag_detector
[1.473s] Invoked command in '/home/pi/ugv_ws/build/apriltag_ros' returned '0': AMENT_PREFIX_PATH=/home/pi/ugv_ws/install/apriltag_msgs:${AMENT_PREFIX_PATH} CMAKE_PREFIX_PATH=/home/pi/ugv_ws/install/apriltag_msgs:/home/pi/ugv_ws/install/apriltag:/opt/ros/humble LD_LIBRARY_PATH=/home/pi/ugv_ws/install/apriltag_msgs/lib:/home/pi/ugv_ws/install/apriltag/lib:${LD_LIBRARY_PATH} PATH=/home/pi/ugv_ws/install/apriltag/bin:${PATH} PKG_CONFIG_PATH=/home/pi/ugv_ws/install/apriltag/lib/aarch64-linux-gnu/pkgconfig:/home/pi/ugv_ws/install/apriltag/lib/pkgconfig PYTHONPATH=/home/pi/ugv_ws/install/apriltag_msgs/local/lib/python3.10/dist-packages:/home/pi/ugv_ws/install/apriltag/lib/python3.10/site-packages:${PYTHONPATH} /usr/bin/cmake --install /home/pi/ugv_ws/build/apriltag_ros
