[0.569s] Invoking command in '/home/pi/ugv_ws/build/sllidar_ros2': CMAKE_PREFIX_PATH=${CMAKE_PREFIX_PATH}:/home/pi/ugv_ws/install/ugv_web_app:/home/pi/ugv_ws/install/ugv_vision:/home/pi/ugv_ws/install/ugv_tools:/home/pi/ugv_ws/install/ugv_chat_ai:/home/pi/ugv_ws/install/ugv_bringup:/opt/ros/humble /usr/bin/cmake --build /home/pi/ugv_ws/build/sllidar_ros2 -- -j4 -l4
[0.979s] [35m[1mConsolidate compiler generated dependencies of target sllidar_node[0m
[1.093s] [ 10%] Built target sllidar_client
[1.440s] [100%] Built target sllidar_node
[6.489s] Invoked command in '/home/pi/ugv_ws/build/sllidar_ros2' returned '0': CMAKE_PREFIX_PATH=${CMAKE_PREFIX_PATH}:/home/pi/ugv_ws/install/ugv_web_app:/home/pi/ugv_ws/install/ugv_vision:/home/pi/ugv_ws/install/ugv_tools:/home/pi/ugv_ws/install/ugv_chat_ai:/home/pi/ugv_ws/install/ugv_bringup:/opt/ros/humble /usr/bin/cmake --build /home/pi/ugv_ws/build/sllidar_ros2 -- -j4 -l4
[6.499s] Invoking command in '/home/pi/ugv_ws/build/sllidar_ros2': CMAKE_PREFIX_PATH=${CMAKE_PREFIX_PATH}:/home/pi/ugv_ws/install/ugv_web_app:/home/pi/ugv_ws/install/ugv_vision:/home/pi/ugv_ws/install/ugv_tools:/home/pi/ugv_ws/install/ugv_chat_ai:/home/pi/ugv_ws/install/ugv_bringup:/opt/ros/humble /usr/bin/cmake --install /home/pi/ugv_ws/build/sllidar_ros2
[6.579s] -- Install configuration: ""
[6.580s] -- Execute custom install script
[6.580s] -- Up-to-date symlink: /home/pi/ugv_ws/install/sllidar_ros2/share/sllidar_ros2/launch/sllidar_a1_launch.py
[6.581s] -- Up-to-date symlink: /home/pi/ugv_ws/install/sllidar_ros2/share/sllidar_ros2/launch/sllidar_a2m12_launch.py
[6.581s] -- Up-to-date symlink: /home/pi/ugv_ws/install/sllidar_ros2/share/sllidar_ros2/launch/sllidar_a2m7_launch.py
[6.582s] -- Up-to-date symlink: /home/pi/ugv_ws/install/sllidar_ros2/share/sllidar_ros2/launch/sllidar_a2m8_launch.py
[6.582s] -- Up-to-date symlink: /home/pi/ugv_ws/install/sllidar_ros2/share/sllidar_ros2/launch/sllidar_a3_launch.py
[6.585s] -- Up-to-date symlink: /home/pi/ugv_ws/install/sllidar_ros2/share/sllidar_ros2/launch/sllidar_c1_launch.py
[6.589s] -- Up-to-date symlink: /home/pi/ugv_ws/install/sllidar_ros2/share/sllidar_ros2/launch/sllidar_s1_launch.py
[6.593s] -- Up-to-date symlink: /home/pi/ugv_ws/install/sllidar_ros2/share/sllidar_ros2/launch/sllidar_s1_tcp_launch.py
[6.594s] -- Up-to-date symlink: /home/pi/ugv_ws/install/sllidar_ros2/share/sllidar_ros2/launch/sllidar_s2_launch.py
[6.598s] -- Up-to-date symlink: /home/pi/ugv_ws/install/sllidar_ros2/share/sllidar_ros2/launch/sllidar_s2e_launch.py
[6.602s] -- Up-to-date symlink: /home/pi/ugv_ws/install/sllidar_ros2/share/sllidar_ros2/launch/sllidar_s3_launch.py
[6.616s] -- Up-to-date symlink: /home/pi/ugv_ws/install/sllidar_ros2/share/sllidar_ros2/launch/sllidar_t1_launch.py
[6.617s] -- Up-to-date symlink: /home/pi/ugv_ws/install/sllidar_ros2/share/sllidar_ros2/launch/view_sllidar_a1_launch.py
[6.618s] -- Up-to-date symlink: /home/pi/ugv_ws/install/sllidar_ros2/share/sllidar_ros2/launch/view_sllidar_a2m12_launch.py
[6.618s] -- Up-to-date symlink: /home/pi/ugv_ws/install/sllidar_ros2/share/sllidar_ros2/launch/view_sllidar_a2m7_launch.py
[6.619s] -- Up-to-date symlink: /home/pi/ugv_ws/install/sllidar_ros2/share/sllidar_ros2/launch/view_sllidar_a2m8_launch.py
[6.619s] -- Up-to-date symlink: /home/pi/ugv_ws/install/sllidar_ros2/share/sllidar_ros2/launch/view_sllidar_a3_launch.py
[6.620s] -- Up-to-date symlink: /home/pi/ugv_ws/install/sllidar_ros2/share/sllidar_ros2/launch/view_sllidar_c1_launch.py
[6.620s] -- Up-to-date symlink: /home/pi/ugv_ws/install/sllidar_ros2/share/sllidar_ros2/launch/view_sllidar_s1_launch.py
[6.623s] -- Up-to-date symlink: /home/pi/ugv_ws/install/sllidar_ros2/share/sllidar_ros2/launch/view_sllidar_s1_tcp_launch.py
[6.625s] -- Up-to-date symlink: /home/pi/ugv_ws/install/sllidar_ros2/share/sllidar_ros2/launch/view_sllidar_s2_launch.py
[6.627s] -- Up-to-date symlink: /home/pi/ugv_ws/install/sllidar_ros2/share/sllidar_ros2/launch/view_sllidar_s2e_launch.py
[6.629s] -- Up-to-date symlink: /home/pi/ugv_ws/install/sllidar_ros2/share/sllidar_ros2/launch/view_sllidar_s3_launch.py
[6.632s] -- Up-to-date symlink: /home/pi/ugv_ws/install/sllidar_ros2/share/sllidar_ros2/launch/view_sllidar_t1_launch.py
[6.636s] -- Up-to-date symlink: /home/pi/ugv_ws/install/sllidar_ros2/share/sllidar_ros2/rviz/sllidar_ros2.rviz
[6.639s] -- Up-to-date symlink: /home/pi/ugv_ws/install/sllidar_ros2/lib/sllidar_ros2/sllidar_node
[6.642s] -- Up-to-date symlink: /home/pi/ugv_ws/install/sllidar_ros2/lib/sllidar_ros2/sllidar_client
[6.646s] -- Up-to-date symlink: /home/pi/ugv_ws/install/sllidar_ros2/share/ament_index/resource_index/package_run_dependencies/sllidar_ros2
[6.665s] -- Up-to-date symlink: /home/pi/ugv_ws/install/sllidar_ros2/share/ament_index/resource_index/parent_prefix_path/sllidar_ros2
[6.666s] -- Up-to-date symlink: /home/pi/ugv_ws/install/sllidar_ros2/share/sllidar_ros2/environment/ament_prefix_path.sh
[6.666s] -- Up-to-date symlink: /home/pi/ugv_ws/install/sllidar_ros2/share/sllidar_ros2/environment/ament_prefix_path.dsv
[6.667s] -- Up-to-date symlink: /home/pi/ugv_ws/install/sllidar_ros2/share/sllidar_ros2/environment/path.sh
[6.667s] -- Up-to-date symlink: /home/pi/ugv_ws/install/sllidar_ros2/share/sllidar_ros2/environment/path.dsv
[6.668s] -- Up-to-date symlink: /home/pi/ugv_ws/install/sllidar_ros2/share/sllidar_ros2/local_setup.bash
[6.669s] -- Up-to-date symlink: /home/pi/ugv_ws/install/sllidar_ros2/share/sllidar_ros2/local_setup.sh
[6.669s] -- Up-to-date symlink: /home/pi/ugv_ws/install/sllidar_ros2/share/sllidar_ros2/local_setup.zsh
[6.696s] -- Up-to-date symlink: /home/pi/ugv_ws/install/sllidar_ros2/share/sllidar_ros2/local_setup.dsv
[6.697s] -- Symlinking: /home/pi/ugv_ws/install/sllidar_ros2/share/sllidar_ros2/package.dsv
[6.747s] -- Up-to-date symlink: /home/pi/ugv_ws/install/sllidar_ros2/share/ament_index/resource_index/packages/sllidar_ros2
[6.748s] -- Up-to-date symlink: /home/pi/ugv_ws/install/sllidar_ros2/share/sllidar_ros2/cmake/ament_cmake_export_dependencies-extras.cmake
[6.749s] -- Up-to-date symlink: /home/pi/ugv_ws/install/sllidar_ros2/share/sllidar_ros2/cmake/ament_cmake_export_include_directories-extras.cmake
[6.752s] -- Up-to-date symlink: /home/pi/ugv_ws/install/sllidar_ros2/share/sllidar_ros2/cmake/sllidar_ros2Config.cmake
[6.753s] -- Up-to-date symlink: /home/pi/ugv_ws/install/sllidar_ros2/share/sllidar_ros2/cmake/sllidar_ros2Config-version.cmake
[6.754s] -- Up-to-date symlink: /home/pi/ugv_ws/install/sllidar_ros2/share/sllidar_ros2/package.xml
[6.945s] Invoked command in '/home/pi/ugv_ws/build/sllidar_ros2' returned '0': CMAKE_PREFIX_PATH=${CMAKE_PREFIX_PATH}:/home/pi/ugv_ws/install/ugv_web_app:/home/pi/ugv_ws/install/ugv_vision:/home/pi/ugv_ws/install/ugv_tools:/home/pi/ugv_ws/install/ugv_chat_ai:/home/pi/ugv_ws/install/ugv_bringup:/opt/ros/humble /usr/bin/cmake --install /home/pi/ugv_ws/build/sllidar_ros2
