[0.130s] Invoking command in '/home/pi/ugv_ws/build/ldlidar': CMAKE_PREFIX_PATH=${CMAKE_PREFIX_PATH}:/home/pi/ugv_ws/install/ugv_web_app:/home/pi/ugv_ws/install/ugv_vision:/home/pi/ugv_ws/install/ugv_tools:/home/pi/ugv_ws/install/ugv_chat_ai:/home/pi/ugv_ws/install/ugv_bringup:/opt/ros/humble /usr/bin/cmake --build /home/pi/ugv_ws/build/ldlidar -- -j4 -l4
[0.858s] [100%] Built target ldlidar_node
[1.106s] Invoked command in '/home/pi/ugv_ws/build/ldlidar' returned '0': CMAKE_PREFIX_PATH=${CMAKE_PREFIX_PATH}:/home/pi/ugv_ws/install/ugv_web_app:/home/pi/ugv_ws/install/ugv_vision:/home/pi/ugv_ws/install/ugv_tools:/home/pi/ugv_ws/install/ugv_chat_ai:/home/pi/ugv_ws/install/ugv_bringup:/opt/ros/humble /usr/bin/cmake --build /home/pi/ugv_ws/build/ldlidar -- -j4 -l4
[1.113s] Invoking command in '/home/pi/ugv_ws/build/ldlidar': CMAKE_PREFIX_PATH=${CMAKE_PREFIX_PATH}:/home/pi/ugv_ws/install/ugv_web_app:/home/pi/ugv_ws/install/ugv_vision:/home/pi/ugv_ws/install/ugv_tools:/home/pi/ugv_ws/install/ugv_chat_ai:/home/pi/ugv_ws/install/ugv_bringup:/opt/ros/humble /usr/bin/cmake --install /home/pi/ugv_ws/build/ldlidar
[1.325s] -- Install configuration: ""
[1.351s] -- Execute custom install script
[1.359s] -- Up-to-date symlink: /home/pi/ugv_ws/install/ldlidar/lib/ldlidar/ldlidar_node
[1.365s] -- Up-to-date symlink: /home/pi/ugv_ws/install/ldlidar/share/ldlidar//launch/ld06.launch.py
[1.385s] -- Up-to-date symlink: /home/pi/ugv_ws/install/ldlidar/share/ldlidar//launch/ld19.launch.py
[1.391s] -- Up-to-date symlink: /home/pi/ugv_ws/install/ldlidar/share/ldlidar//launch/ldlidar.launch.py
[1.391s] -- Up-to-date symlink: /home/pi/ugv_ws/install/ldlidar/share/ldlidar//launch/stl27l.launch.py
[1.392s] -- Up-to-date symlink: /home/pi/ugv_ws/install/ldlidar/share/ldlidar//launch/viewer_ld06.launch.py
[1.393s] -- Up-to-date symlink: /home/pi/ugv_ws/install/ldlidar/share/ldlidar//launch/viewer_ld19.launch.py
[1.393s] -- Up-to-date symlink: /home/pi/ugv_ws/install/ldlidar/share/ldlidar//launch/viewer_ldlidar.launch.py
[1.403s] -- Up-to-date symlink: /home/pi/ugv_ws/install/ldlidar/share/ldlidar//launch/viewer_stl27l.launch.py
[1.408s] -- Up-to-date symlink: /home/pi/ugv_ws/install/ldlidar/share/ldlidar//rviz/view.rviz
[1.411s] -- Up-to-date symlink: /home/pi/ugv_ws/install/ldlidar/share/ament_index/resource_index/package_run_dependencies/ldlidar
[1.418s] -- Up-to-date symlink: /home/pi/ugv_ws/install/ldlidar/share/ament_index/resource_index/parent_prefix_path/ldlidar
[1.427s] -- Up-to-date symlink: /home/pi/ugv_ws/install/ldlidar/share/ldlidar/environment/ament_prefix_path.sh
[1.428s] -- Up-to-date symlink: /home/pi/ugv_ws/install/ldlidar/share/ldlidar/environment/ament_prefix_path.dsv
[1.431s] -- Up-to-date symlink: /home/pi/ugv_ws/install/ldlidar/share/ldlidar/environment/path.sh
[1.433s] -- Up-to-date symlink: /home/pi/ugv_ws/install/ldlidar/share/ldlidar/environment/path.dsv
[1.434s] -- Up-to-date symlink: /home/pi/ugv_ws/install/ldlidar/share/ldlidar/local_setup.bash
[1.434s] -- Up-to-date symlink: /home/pi/ugv_ws/install/ldlidar/share/ldlidar/local_setup.sh
[1.435s] -- Up-to-date symlink: /home/pi/ugv_ws/install/ldlidar/share/ldlidar/local_setup.zsh
[1.454s] -- Up-to-date symlink: /home/pi/ugv_ws/install/ldlidar/share/ldlidar/local_setup.dsv
[1.455s] -- Symlinking: /home/pi/ugv_ws/install/ldlidar/share/ldlidar/package.dsv
[1.537s] -- Up-to-date symlink: /home/pi/ugv_ws/install/ldlidar/share/ament_index/resource_index/packages/ldlidar
[1.538s] -- Up-to-date symlink: /home/pi/ugv_ws/install/ldlidar/share/ldlidar/cmake/ldlidarConfig.cmake
[1.538s] -- Up-to-date symlink: /home/pi/ugv_ws/install/ldlidar/share/ldlidar/cmake/ldlidarConfig-version.cmake
[1.539s] -- Up-to-date symlink: /home/pi/ugv_ws/install/ldlidar/share/ldlidar/package.xml
[1.542s] Invoked command in '/home/pi/ugv_ws/build/ldlidar' returned '0': CMAKE_PREFIX_PATH=${CMAKE_PREFIX_PATH}:/home/pi/ugv_ws/install/ugv_web_app:/home/pi/ugv_ws/install/ugv_vision:/home/pi/ugv_ws/install/ugv_tools:/home/pi/ugv_ws/install/ugv_chat_ai:/home/pi/ugv_ws/install/ugv_bringup:/opt/ros/humble /usr/bin/cmake --install /home/pi/ugv_ws/build/ldlidar
