[0.288s] Invoking command in '/home/pi/ugv_ws/build/vizanti_server': CMAKE_PREFIX_PATH=/home/pi/ugv_ws/install/vizanti_msgs:/home/pi/ugv_ws/install/vizanti:/home/pi/ugv_ws/install/vizanti_server:/home/pi/ugv_ws/install/vizanti_demos:/home/pi/ugv_ws/install/vizanti_cpp:/home/pi/ugv_ws/install/ugv_slam:/home/pi/ugv_ws/install/ugv_nav:/home/pi/ugv_ws/install/ugv_interface:/home/pi/ugv_ws/install/ugv_gazebo:/home/pi/ugv_ws/install/ugv_description:/home/pi/ugv_ws/install/ugv_base_node:/home/pi/ugv_ws/install/teb_local_planner:/home/pi/ugv_ws/install/teb_msgs:/home/pi/ugv_ws/install/sllidar_ros2:/home/pi/ugv_ws/install/slam_gmapping:/home/pi/ugv_ws/install/robot_pose_publisher:/home/pi/ugv_ws/install/rf2o_laser_odometry:/home/pi/ugv_ws/install/openslam_gmapping:/home/pi/ugv_ws/install/ldlidar:/home/pi/ugv_ws/install/explore_lite:/home/pi/ugv_ws/install/emcl2:/home/pi/ugv_ws/install/costmap_converter:/home/pi/ugv_ws/install/costmap_converter_msgs:/home/pi/ugv_ws/install/cartographer:/home/pi/ugv_ws/install/apriltag_ros:/home/pi/ugv_ws/install/apriltag_msgs:/home/pi/ugv_ws/install/apriltag:/home/pi/ugv_ws/install/ugv_web_app:/home/pi/ugv_ws/install/ugv_vision:/home/pi/ugv_ws/install/ugv_tools:/home/pi/ugv_ws/install/ugv_chat_ai:/home/pi/ugv_ws/install/ugv_bringup:/opt/ros/humble /usr/bin/cmake --build /home/pi/ugv_ws/build/vizanti_server -- -j4 -l4
[0.668s] Invoked command in '/home/pi/ugv_ws/build/vizanti_server' returned '0': CMAKE_PREFIX_PATH=/home/pi/ugv_ws/install/vizanti_msgs:/home/pi/ugv_ws/install/vizanti:/home/pi/ugv_ws/install/vizanti_server:/home/pi/ugv_ws/install/vizanti_demos:/home/pi/ugv_ws/install/vizanti_cpp:/home/pi/ugv_ws/install/ugv_slam:/home/pi/ugv_ws/install/ugv_nav:/home/pi/ugv_ws/install/ugv_interface:/home/pi/ugv_ws/install/ugv_gazebo:/home/pi/ugv_ws/install/ugv_description:/home/pi/ugv_ws/install/ugv_base_node:/home/pi/ugv_ws/install/teb_local_planner:/home/pi/ugv_ws/install/teb_msgs:/home/pi/ugv_ws/install/sllidar_ros2:/home/pi/ugv_ws/install/slam_gmapping:/home/pi/ugv_ws/install/robot_pose_publisher:/home/pi/ugv_ws/install/rf2o_laser_odometry:/home/pi/ugv_ws/install/openslam_gmapping:/home/pi/ugv_ws/install/ldlidar:/home/pi/ugv_ws/install/explore_lite:/home/pi/ugv_ws/install/emcl2:/home/pi/ugv_ws/install/costmap_converter:/home/pi/ugv_ws/install/costmap_converter_msgs:/home/pi/ugv_ws/install/cartographer:/home/pi/ugv_ws/install/apriltag_ros:/home/pi/ugv_ws/install/apriltag_msgs:/home/pi/ugv_ws/install/apriltag:/home/pi/ugv_ws/install/ugv_web_app:/home/pi/ugv_ws/install/ugv_vision:/home/pi/ugv_ws/install/ugv_tools:/home/pi/ugv_ws/install/ugv_chat_ai:/home/pi/ugv_ws/install/ugv_bringup:/opt/ros/humble /usr/bin/cmake --build /home/pi/ugv_ws/build/vizanti_server -- -j4 -l4
[0.694s] Invoking command in '/home/pi/ugv_ws/build/vizanti_server': CMAKE_PREFIX_PATH=/home/pi/ugv_ws/install/vizanti_msgs:/home/pi/ugv_ws/install/vizanti:/home/pi/ugv_ws/install/vizanti_server:/home/pi/ugv_ws/install/vizanti_demos:/home/pi/ugv_ws/install/vizanti_cpp:/home/pi/ugv_ws/install/ugv_slam:/home/pi/ugv_ws/install/ugv_nav:/home/pi/ugv_ws/install/ugv_interface:/home/pi/ugv_ws/install/ugv_gazebo:/home/pi/ugv_ws/install/ugv_description:/home/pi/ugv_ws/install/ugv_base_node:/home/pi/ugv_ws/install/teb_local_planner:/home/pi/ugv_ws/install/teb_msgs:/home/pi/ugv_ws/install/sllidar_ros2:/home/pi/ugv_ws/install/slam_gmapping:/home/pi/ugv_ws/install/robot_pose_publisher:/home/pi/ugv_ws/install/rf2o_laser_odometry:/home/pi/ugv_ws/install/openslam_gmapping:/home/pi/ugv_ws/install/ldlidar:/home/pi/ugv_ws/install/explore_lite:/home/pi/ugv_ws/install/emcl2:/home/pi/ugv_ws/install/costmap_converter:/home/pi/ugv_ws/install/costmap_converter_msgs:/home/pi/ugv_ws/install/cartographer:/home/pi/ugv_ws/install/apriltag_ros:/home/pi/ugv_ws/install/apriltag_msgs:/home/pi/ugv_ws/install/apriltag:/home/pi/ugv_ws/install/ugv_web_app:/home/pi/ugv_ws/install/ugv_vision:/home/pi/ugv_ws/install/ugv_tools:/home/pi/ugv_ws/install/ugv_chat_ai:/home/pi/ugv_ws/install/ugv_bringup:/opt/ros/humble /usr/bin/cmake --install /home/pi/ugv_ws/build/vizanti_server
[0.738s] -- Install configuration: ""
[0.741s] -- Execute custom install script
[0.745s] -- Up-to-date symlink: /home/pi/ugv_ws/install/vizanti_server/share/vizanti_server//launch/vizanti_rws.launch.py
[0.747s] -- Up-to-date symlink: /home/pi/ugv_ws/install/vizanti_server/share/vizanti_server//launch/vizanti_server.launch.py
[0.810s] -- Up-to-date symlink: /home/pi/ugv_ws/install/vizanti_server/share/vizanti_server//public/assets/add.svg
[0.816s] -- Up-to-date symlink: /home/pi/ugv_ws/install/vizanti_server/share/vizanti_server//public/assets/altimeter.svg
[0.818s] -- Up-to-date symlink: /home/pi/ugv_ws/install/vizanti_server/share/vizanti_server//public/assets/altimeter_arrow.svg
[0.820s] -- Up-to-date symlink: /home/pi/ugv_ws/install/vizanti_server/share/vizanti_server//public/assets/altimeter_arrow_green.svg
[0.822s] -- Up-to-date symlink: /home/pi/ugv_ws/install/vizanti_server/share/vizanti_server//public/assets/altimeter_green.svg
[0.824s] -- Up-to-date symlink: /home/pi/ugv_ws/install/vizanti_server/share/vizanti_server//public/assets/area.svg
[0.825s] -- Up-to-date symlink: /home/pi/ugv_ws/install/vizanti_server/share/vizanti_server//public/assets/battery_100.svg
[0.827s] -- Up-to-date symlink: /home/pi/ugv_ws/install/vizanti_server/share/vizanti_server//public/assets/battery_20.svg
[0.829s] -- Up-to-date symlink: /home/pi/ugv_ws/install/vizanti_server/share/vizanti_server//public/assets/battery_40.svg
[0.831s] -- Up-to-date symlink: /home/pi/ugv_ws/install/vizanti_server/share/vizanti_server//public/assets/battery_60.svg
[0.833s] -- Up-to-date symlink: /home/pi/ugv_ws/install/vizanti_server/share/vizanti_server//public/assets/battery_80.svg
[0.835s] -- Up-to-date symlink: /home/pi/ugv_ws/install/vizanti_server/share/vizanti_server//public/assets/battery_unknown.svg
[0.837s] -- Up-to-date symlink: /home/pi/ugv_ws/install/vizanti_server/share/vizanti_server//public/assets/button.svg
[0.839s] -- Up-to-date symlink: /home/pi/ugv_ws/install/vizanti_server/share/vizanti_server//public/assets/button_false.svg
[0.841s] -- Up-to-date symlink: /home/pi/ugv_ws/install/vizanti_server/share/vizanti_server//public/assets/button_true.svg
[0.842s] -- Up-to-date symlink: /home/pi/ugv_ws/install/vizanti_server/share/vizanti_server//public/assets/costmap.svg
[0.844s] -- Up-to-date symlink: /home/pi/ugv_ws/install/vizanti_server/share/vizanti_server//public/assets/default_layout.json
[0.846s] -- Up-to-date symlink: /home/pi/ugv_ws/install/vizanti_server/share/vizanti_server//public/assets/folder.svg
[0.848s] -- Up-to-date symlink: /home/pi/ugv_ws/install/vizanti_server/share/vizanti_server//public/assets/grid.svg
[0.850s] -- Up-to-date symlink: /home/pi/ugv_ws/install/vizanti_server/share/vizanti_server//public/assets/gridcells.svg
[0.852s] -- Up-to-date symlink: /home/pi/ugv_ws/install/vizanti_server/share/vizanti_server//public/assets/icon/152.png
[0.854s] -- Up-to-date symlink: /home/pi/ugv_ws/install/vizanti_server/share/vizanti_server//public/assets/icon/16.png
[0.856s] -- Up-to-date symlink: /home/pi/ugv_ws/install/vizanti_server/share/vizanti_server//public/assets/icon/192.png
[0.859s] -- Up-to-date symlink: /home/pi/ugv_ws/install/vizanti_server/share/vizanti_server//public/assets/icon/32.png
[0.862s] -- Up-to-date symlink: /home/pi/ugv_ws/install/vizanti_server/share/vizanti_server//public/assets/icon/512.png
[0.864s] -- Up-to-date symlink: /home/pi/ugv_ws/install/vizanti_server/share/vizanti_server//public/assets/icon/96.png
[0.868s] -- Up-to-date symlink: /home/pi/ugv_ws/install/vizanti_server/share/vizanti_server//public/assets/icon/icon.svg
[0.869s] -- Up-to-date symlink: /home/pi/ugv_ws/install/vizanti_server/share/vizanti_server//public/assets/icon/manifest.json
[0.871s] -- Up-to-date symlink: /home/pi/ugv_ws/install/vizanti_server/share/vizanti_server//public/assets/icon/preview.jpg
[0.873s] -- Up-to-date symlink: /home/pi/ugv_ws/install/vizanti_server/share/vizanti_server//public/assets/image.svg
[0.875s] -- Up-to-date symlink: /home/pi/ugv_ws/install/vizanti_server/share/vizanti_server//public/assets/initialpose.png
[0.877s] -- Up-to-date symlink: /home/pi/ugv_ws/install/vizanti_server/share/vizanti_server//public/assets/initialpose.svg
[0.878s] -- Up-to-date symlink: /home/pi/ugv_ws/install/vizanti_server/share/vizanti_server//public/assets/joypos.svg
[0.881s] -- Up-to-date symlink: /home/pi/ugv_ws/install/vizanti_server/share/vizanti_server//public/assets/joystick.svg
[0.883s] -- Up-to-date symlink: /home/pi/ugv_ws/install/vizanti_server/share/vizanti_server//public/assets/map.svg
[0.889s] -- Up-to-date symlink: /home/pi/ugv_ws/install/vizanti_server/share/vizanti_server//public/assets/marker.svg
[0.893s] -- Up-to-date symlink: /home/pi/ugv_ws/install/vizanti_server/share/vizanti_server//public/assets/markerarray.svg
[0.896s] -- Up-to-date symlink: /home/pi/ugv_ws/install/vizanti_server/share/vizanti_server//public/assets/node_kill.svg
[0.896s] -- Up-to-date symlink: /home/pi/ugv_ws/install/vizanti_server/share/vizanti_server//public/assets/node_restart.svg
[0.898s] -- Up-to-date symlink: /home/pi/ugv_ws/install/vizanti_server/share/vizanti_server//public/assets/nodemgr.svg
[0.900s] -- Up-to-date symlink: /home/pi/ugv_ws/install/vizanti_server/share/vizanti_server//public/assets/path.svg
[0.903s] -- Up-to-date symlink: /home/pi/ugv_ws/install/vizanti_server/share/vizanti_server//public/assets/pointcloud.svg
[0.906s] -- Up-to-date symlink: /home/pi/ugv_ws/install/vizanti_server/share/vizanti_server//public/assets/posearray.svg
[0.910s] -- Up-to-date symlink: /home/pi/ugv_ws/install/vizanti_server/share/vizanti_server//public/assets/posewithcovariancestamped.svg
[0.911s] -- Up-to-date symlink: /home/pi/ugv_ws/install/vizanti_server/share/vizanti_server//public/assets/range.svg
[0.913s] -- Up-to-date symlink: /home/pi/ugv_ws/install/vizanti_server/share/vizanti_server//public/assets/rawmap.svg
[0.915s] -- Up-to-date symlink: /home/pi/ugv_ws/install/vizanti_server/share/vizanti_server//public/assets/reconfigure.svg
[0.918s] -- Up-to-date symlink: /home/pi/ugv_ws/install/vizanti_server/share/vizanti_server//public/assets/robot_model/_2wd.png
[0.920s] -- Up-to-date symlink: /home/pi/ugv_ws/install/vizanti_server/share/vizanti_server//public/assets/robot_model/_4wd.png
[0.921s] -- Up-to-date symlink: /home/pi/ugv_ws/install/vizanti_server/share/vizanti_server//public/assets/robot_model/_arrow.png
[0.923s] -- Up-to-date symlink: /home/pi/ugv_ws/install/vizanti_server/share/vizanti_server//public/assets/robot_model/_dog.png
[0.925s] -- Up-to-date symlink: /home/pi/ugv_ws/install/vizanti_server/share/vizanti_server//public/assets/robot_model/_hatchback.png
[0.927s] -- Up-to-date symlink: /home/pi/ugv_ws/install/vizanti_server/share/vizanti_server//public/assets/robot_model/_orca.png
[0.932s] -- Up-to-date symlink: /home/pi/ugv_ws/install/vizanti_server/share/vizanti_server//public/assets/robot_model/_pancake.png
[0.934s] -- Up-to-date symlink: /home/pi/ugv_ws/install/vizanti_server/share/vizanti_server//public/assets/robot_model/_rccar.png
[0.944s] -- Up-to-date symlink: /home/pi/ugv_ws/install/vizanti_server/share/vizanti_server//public/assets/robot_model/_sandwich.png
[0.946s] -- Up-to-date symlink: /home/pi/ugv_ws/install/vizanti_server/share/vizanti_server//public/assets/robot_model/_tortoise.png
[0.949s] -- Up-to-date symlink: /home/pi/ugv_ws/install/vizanti_server/share/vizanti_server//public/assets/robot_model/_tuna.png
[0.951s] -- Up-to-date symlink: /home/pi/ugv_ws/install/vizanti_server/share/vizanti_server//public/assets/robotmodel.svg
[0.953s] -- Up-to-date symlink: /home/pi/ugv_ws/install/vizanti_server/share/vizanti_server//public/assets/rosbag.svg
[0.955s] -- Up-to-date symlink: /home/pi/ugv_ws/install/vizanti_server/share/vizanti_server//public/assets/rosbag_active.svg
[0.957s] -- Up-to-date symlink: /home/pi/ugv_ws/install/vizanti_server/share/vizanti_server//public/assets/rosbridge_connected.svg
[0.968s] -- Up-to-date symlink: /home/pi/ugv_ws/install/vizanti_server/share/vizanti_server//public/assets/rosbridge_disconnected.svg
[0.972s] -- Up-to-date symlink: /home/pi/ugv_ws/install/vizanti_server/share/vizanti_server//public/assets/rosbridge_reconnect.svg
[0.974s] -- Up-to-date symlink: /home/pi/ugv_ws/install/vizanti_server/share/vizanti_server//public/assets/satelite.svg
[0.975s] -- Up-to-date symlink: /home/pi/ugv_ws/install/vizanti_server/share/vizanti_server//public/assets/scan.svg
[0.980s] -- Up-to-date symlink: /home/pi/ugv_ws/install/vizanti_server/share/vizanti_server//public/assets/settings.svg
[0.980s] -- Up-to-date symlink: /home/pi/ugv_ws/install/vizanti_server/share/vizanti_server//public/assets/simplegoal.png
[0.984s] -- Up-to-date symlink: /home/pi/ugv_ws/install/vizanti_server/share/vizanti_server//public/assets/simplegoal.svg
[0.986s] -- Up-to-date symlink: /home/pi/ugv_ws/install/vizanti_server/share/vizanti_server//public/assets/temp_cold.svg
[1.009s] -- Up-to-date symlink: /home/pi/ugv_ws/install/vizanti_server/share/vizanti_server//public/assets/temp_hot.svg
[1.010s] -- Up-to-date symlink: /home/pi/ugv_ws/install/vizanti_server/share/vizanti_server//public/assets/temp_unknown.svg
[1.010s] -- Up-to-date symlink: /home/pi/ugv_ws/install/vizanti_server/share/vizanti_server//public/assets/temp_warm.svg
[1.016s] -- Up-to-date symlink: /home/pi/ugv_ws/install/vizanti_server/share/vizanti_server//public/assets/tf.svg
[1.017s] -- Up-to-date symlink: /home/pi/ugv_ws/install/vizanti_server/share/vizanti_server//public/assets/tile_error.png
[1.017s] -- Up-to-date symlink: /home/pi/ugv_ws/install/vizanti_server/share/vizanti_server//public/assets/tile_loading.png
[1.020s] -- Up-to-date symlink: /home/pi/ugv_ws/install/vizanti_server/share/vizanti_server//public/assets/waypoints.svg
[1.023s] -- Up-to-date symlink: /home/pi/ugv_ws/install/vizanti_server/share/vizanti_server//public/css/style.css
[1.025s] -- Up-to-date symlink: /home/pi/ugv_ws/install/vizanti_server/share/vizanti_server//public/head.html
[1.028s] -- Up-to-date symlink: /home/pi/ugv_ws/install/vizanti_server/share/vizanti_server//public/iconbar.html
[1.028s] -- Up-to-date symlink: /home/pi/ugv_ws/install/vizanti_server/share/vizanti_server//public/index.html
[1.034s] -- Up-to-date symlink: /home/pi/ugv_ws/install/vizanti_server/share/vizanti_server//public/js/lib/nipplejs.js
[1.040s] -- Up-to-date symlink: /home/pi/ugv_ws/install/vizanti_server/share/vizanti_server//public/js/lib/nipplejs.min.js
[1.042s] -- Up-to-date symlink: /home/pi/ugv_ws/install/vizanti_server/share/vizanti_server//public/js/lib/nipplejs_LICENSE.txt
[1.050s] -- Up-to-date symlink: /home/pi/ugv_ws/install/vizanti_server/share/vizanti_server//public/js/lib/quaternion.min.js
[1.056s] -- Up-to-date symlink: /home/pi/ugv_ws/install/vizanti_server/share/vizanti_server//public/js/lib/quaternionjs_LICENSE.txt
[1.061s] -- Up-to-date symlink: /home/pi/ugv_ws/install/vizanti_server/share/vizanti_server//public/js/lib/roslib.min.js
[1.061s] -- Up-to-date symlink: /home/pi/ugv_ws/install/vizanti_server/share/vizanti_server//public/js/lib/roslibjs_LICENSE.txt
[1.062s] -- Up-to-date symlink: /home/pi/ugv_ws/install/vizanti_server/share/vizanti_server//public/js/main.js
[1.066s] -- Up-to-date symlink: /home/pi/ugv_ws/install/vizanti_server/share/vizanti_server//public/js/modules/database.js
[1.070s] -- Up-to-date symlink: /home/pi/ugv_ws/install/vizanti_server/share/vizanti_server//public/js/modules/elements.js
[1.073s] -- Up-to-date symlink: /home/pi/ugv_ws/install/vizanti_server/share/vizanti_server//public/js/modules/joystick.js
[1.075s] -- Up-to-date symlink: /home/pi/ugv_ws/install/vizanti_server/share/vizanti_server//public/js/modules/navsat.js
[1.077s] -- Up-to-date symlink: /home/pi/ugv_ws/install/vizanti_server/share/vizanti_server//public/js/modules/persistent.js
[1.079s] -- Up-to-date symlink: /home/pi/ugv_ws/install/vizanti_server/share/vizanti_server//public/js/modules/rosbridge.js
[1.081s] -- Up-to-date symlink: /home/pi/ugv_ws/install/vizanti_server/share/vizanti_server//public/js/modules/status.js
[1.083s] -- Up-to-date symlink: /home/pi/ugv_ws/install/vizanti_server/share/vizanti_server//public/js/modules/tf.js
[1.086s] -- Up-to-date symlink: /home/pi/ugv_ws/install/vizanti_server/share/vizanti_server//public/js/modules/util.js
[1.089s] -- Up-to-date symlink: /home/pi/ugv_ws/install/vizanti_server/share/vizanti_server//public/js/modules/view.js
[1.098s] -- Up-to-date symlink: /home/pi/ugv_ws/install/vizanti_server/share/vizanti_server//public/js/setup.js
[1.103s] -- Up-to-date symlink: /home/pi/ugv_ws/install/vizanti_server/share/vizanti_server//public/templates/add/add_icon.html
[1.106s] -- Up-to-date symlink: /home/pi/ugv_ws/install/vizanti_server/share/vizanti_server//public/templates/add/add_modal.html
[1.107s] -- Up-to-date symlink: /home/pi/ugv_ws/install/vizanti_server/share/vizanti_server//public/templates/add/add_script.js
[1.110s] -- Up-to-date symlink: /home/pi/ugv_ws/install/vizanti_server/share/vizanti_server//public/templates/altimeter/altimeter_icon.html
[1.112s] -- Up-to-date symlink: /home/pi/ugv_ws/install/vizanti_server/share/vizanti_server//public/templates/altimeter/altimeter_modal.html
[1.114s] -- Up-to-date symlink: /home/pi/ugv_ws/install/vizanti_server/share/vizanti_server//public/templates/altimeter/altimeter_script.js
[1.123s] -- Up-to-date symlink: /home/pi/ugv_ws/install/vizanti_server/share/vizanti_server//public/templates/altimeter/altimeter_view.html
[1.124s] -- Up-to-date symlink: /home/pi/ugv_ws/install/vizanti_server/share/vizanti_server//public/templates/area/area_icon.html
[1.124s] -- Up-to-date symlink: /home/pi/ugv_ws/install/vizanti_server/share/vizanti_server//public/templates/area/area_modal.html
[1.129s] -- Up-to-date symlink: /home/pi/ugv_ws/install/vizanti_server/share/vizanti_server//public/templates/area/area_script.js
[1.129s] -- Up-to-date symlink: /home/pi/ugv_ws/install/vizanti_server/share/vizanti_server//public/templates/area/area_view.html
[1.132s] -- Up-to-date symlink: /home/pi/ugv_ws/install/vizanti_server/share/vizanti_server//public/templates/battery/battery_icon.html
[1.135s] -- Up-to-date symlink: /home/pi/ugv_ws/install/vizanti_server/share/vizanti_server//public/templates/battery/battery_modal.html
[1.138s] -- Up-to-date symlink: /home/pi/ugv_ws/install/vizanti_server/share/vizanti_server//public/templates/battery/battery_script.js
[1.142s] -- Up-to-date symlink: /home/pi/ugv_ws/install/vizanti_server/share/vizanti_server//public/templates/button/button_icon.html
[1.145s] -- Up-to-date symlink: /home/pi/ugv_ws/install/vizanti_server/share/vizanti_server//public/templates/button/button_modal.html
[1.147s] -- Up-to-date symlink: /home/pi/ugv_ws/install/vizanti_server/share/vizanti_server//public/templates/button/button_script.js
[1.150s] -- Up-to-date symlink: /home/pi/ugv_ws/install/vizanti_server/share/vizanti_server//public/templates/compressedimage/compressedimage_icon.html
[1.153s] -- Up-to-date symlink: /home/pi/ugv_ws/install/vizanti_server/share/vizanti_server//public/templates/compressedimage/compressedimage_modal.html
[1.156s] -- Up-to-date symlink: /home/pi/ugv_ws/install/vizanti_server/share/vizanti_server//public/templates/compressedimage/compressedimage_script.js
[1.159s] -- Up-to-date symlink: /home/pi/ugv_ws/install/vizanti_server/share/vizanti_server//public/templates/compressedimage/compressedimage_view.html
[1.167s] -- Up-to-date symlink: /home/pi/ugv_ws/install/vizanti_server/share/vizanti_server//public/templates/folder/folder_icon.html
[1.169s] -- Up-to-date symlink: /home/pi/ugv_ws/install/vizanti_server/share/vizanti_server//public/templates/folder/folder_modal.html
[1.172s] -- Up-to-date symlink: /home/pi/ugv_ws/install/vizanti_server/share/vizanti_server//public/templates/folder/folder_script.js
[1.180s] -- Up-to-date symlink: /home/pi/ugv_ws/install/vizanti_server/share/vizanti_server//public/templates/grid/grid_icon.html
[1.183s] -- Up-to-date symlink: /home/pi/ugv_ws/install/vizanti_server/share/vizanti_server//public/templates/grid/grid_modal.html
[1.185s] -- Up-to-date symlink: /home/pi/ugv_ws/install/vizanti_server/share/vizanti_server//public/templates/grid/grid_script.js
[1.188s] -- Up-to-date symlink: /home/pi/ugv_ws/install/vizanti_server/share/vizanti_server//public/templates/grid/grid_view.html
[1.216s] -- Up-to-date symlink: /home/pi/ugv_ws/install/vizanti_server/share/vizanti_server//public/templates/gridcells/gridcells_icon.html
[1.226s] -- Up-to-date symlink: /home/pi/ugv_ws/install/vizanti_server/share/vizanti_server//public/templates/gridcells/gridcells_modal.html
[1.228s] -- Up-to-date symlink: /home/pi/ugv_ws/install/vizanti_server/share/vizanti_server//public/templates/gridcells/gridcells_script.js
[1.229s] -- Up-to-date symlink: /home/pi/ugv_ws/install/vizanti_server/share/vizanti_server//public/templates/gridcells/gridcells_view.html
[1.233s] -- Up-to-date symlink: /home/pi/ugv_ws/install/vizanti_server/share/vizanti_server//public/templates/initialpose/initialpose_icon.html
[1.235s] -- Up-to-date symlink: /home/pi/ugv_ws/install/vizanti_server/share/vizanti_server//public/templates/initialpose/initialpose_modal.html
[1.237s] -- Up-to-date symlink: /home/pi/ugv_ws/install/vizanti_server/share/vizanti_server//public/templates/initialpose/initialpose_script.js
[1.240s] -- Up-to-date symlink: /home/pi/ugv_ws/install/vizanti_server/share/vizanti_server//public/templates/initialpose/initialpose_view.html
[1.242s] -- Up-to-date symlink: /home/pi/ugv_ws/install/vizanti_server/share/vizanti_server//public/templates/map/map_icon.html
[1.246s] -- Up-to-date symlink: /home/pi/ugv_ws/install/vizanti_server/share/vizanti_server//public/templates/map/map_modal.html
[1.248s] -- Up-to-date symlink: /home/pi/ugv_ws/install/vizanti_server/share/vizanti_server//public/templates/map/map_script.js
[1.254s] -- Up-to-date symlink: /home/pi/ugv_ws/install/vizanti_server/share/vizanti_server//public/templates/map/map_view.html
[1.254s] -- Up-to-date symlink: /home/pi/ugv_ws/install/vizanti_server/share/vizanti_server//public/templates/map/map_worker.js
[1.262s] -- Up-to-date symlink: /home/pi/ugv_ws/install/vizanti_server/share/vizanti_server//public/templates/markerarray/markerarray_icon.html
[1.265s] -- Up-to-date symlink: /home/pi/ugv_ws/install/vizanti_server/share/vizanti_server//public/templates/markerarray/markerarray_modal.html
[1.267s] -- Up-to-date symlink: /home/pi/ugv_ws/install/vizanti_server/share/vizanti_server//public/templates/markerarray/markerarray_script.js
[1.269s] -- Up-to-date symlink: /home/pi/ugv_ws/install/vizanti_server/share/vizanti_server//public/templates/markerarray/markerarray_view.html
[1.272s] -- Up-to-date symlink: /home/pi/ugv_ws/install/vizanti_server/share/vizanti_server//public/templates/nodemgr/nodemgr_icon.html
[1.273s] -- Up-to-date symlink: /home/pi/ugv_ws/install/vizanti_server/share/vizanti_server//public/templates/nodemgr/nodemgr_modal.html
[1.275s] -- Up-to-date symlink: /home/pi/ugv_ws/install/vizanti_server/share/vizanti_server//public/templates/nodemgr/nodemgr_script.js
[1.281s] -- Up-to-date symlink: /home/pi/ugv_ws/install/vizanti_server/share/vizanti_server//public/templates/path/path_icon.html
[1.288s] -- Up-to-date symlink: /home/pi/ugv_ws/install/vizanti_server/share/vizanti_server//public/templates/path/path_modal.html
[1.289s] -- Up-to-date symlink: /home/pi/ugv_ws/install/vizanti_server/share/vizanti_server//public/templates/path/path_script.js
[1.292s] -- Up-to-date symlink: /home/pi/ugv_ws/install/vizanti_server/share/vizanti_server//public/templates/path/path_view.html
[1.295s] -- Up-to-date symlink: /home/pi/ugv_ws/install/vizanti_server/share/vizanti_server//public/templates/pointcloud/pointcloud_icon.html
[1.304s] -- Up-to-date symlink: /home/pi/ugv_ws/install/vizanti_server/share/vizanti_server//public/templates/pointcloud/pointcloud_modal.html
[1.308s] -- Up-to-date symlink: /home/pi/ugv_ws/install/vizanti_server/share/vizanti_server//public/templates/pointcloud/pointcloud_script.js
[1.308s] -- Up-to-date symlink: /home/pi/ugv_ws/install/vizanti_server/share/vizanti_server//public/templates/pointcloud/pointcloud_view.html
[1.311s] -- Up-to-date symlink: /home/pi/ugv_ws/install/vizanti_server/share/vizanti_server//public/templates/posearray/posearray_icon.html
[1.312s] -- Up-to-date symlink: /home/pi/ugv_ws/install/vizanti_server/share/vizanti_server//public/templates/posearray/posearray_modal.html
[1.314s] -- Up-to-date symlink: /home/pi/ugv_ws/install/vizanti_server/share/vizanti_server//public/templates/posearray/posearray_script.js
[1.316s] -- Up-to-date symlink: /home/pi/ugv_ws/install/vizanti_server/share/vizanti_server//public/templates/posearray/posearray_view.html
[1.319s] -- Up-to-date symlink: /home/pi/ugv_ws/install/vizanti_server/share/vizanti_server//public/templates/posewithcovariancestamped/posewithcovariancestamped_icon.html
[1.321s] -- Up-to-date symlink: /home/pi/ugv_ws/install/vizanti_server/share/vizanti_server//public/templates/posewithcovariancestamped/posewithcovariancestamped_modal.html
[1.324s] -- Up-to-date symlink: /home/pi/ugv_ws/install/vizanti_server/share/vizanti_server//public/templates/posewithcovariancestamped/posewithcovariancestamped_script.js
[1.325s] -- Up-to-date symlink: /home/pi/ugv_ws/install/vizanti_server/share/vizanti_server//public/templates/posewithcovariancestamped/posewithcovariancestamped_view.html
[1.328s] -- Up-to-date symlink: /home/pi/ugv_ws/install/vizanti_server/share/vizanti_server//public/templates/range/range_icon.html
[1.331s] -- Up-to-date symlink: /home/pi/ugv_ws/install/vizanti_server/share/vizanti_server//public/templates/range/range_modal.html
[1.339s] -- Up-to-date symlink: /home/pi/ugv_ws/install/vizanti_server/share/vizanti_server//public/templates/range/range_script.js
[1.343s] -- Up-to-date symlink: /home/pi/ugv_ws/install/vizanti_server/share/vizanti_server//public/templates/range/range_view.html
[1.345s] -- Up-to-date symlink: /home/pi/ugv_ws/install/vizanti_server/share/vizanti_server//public/templates/reconfigure/reconfigure_icon.html
[1.347s] -- Up-to-date symlink: /home/pi/ugv_ws/install/vizanti_server/share/vizanti_server//public/templates/reconfigure/reconfigure_modal.html
[1.348s] -- Up-to-date symlink: /home/pi/ugv_ws/install/vizanti_server/share/vizanti_server//public/templates/reconfigure/reconfigure_script.js
[1.349s] -- Up-to-date symlink: /home/pi/ugv_ws/install/vizanti_server/share/vizanti_server//public/templates/robotmodel/robotmodel_icon.html
[1.350s] -- Up-to-date symlink: /home/pi/ugv_ws/install/vizanti_server/share/vizanti_server//public/templates/robotmodel/robotmodel_modal.html
[1.351s] -- Up-to-date symlink: /home/pi/ugv_ws/install/vizanti_server/share/vizanti_server//public/templates/robotmodel/robotmodel_script.js
[1.353s] -- Up-to-date symlink: /home/pi/ugv_ws/install/vizanti_server/share/vizanti_server//public/templates/robotmodel/robotmodel_view.html
[1.357s] -- Up-to-date symlink: /home/pi/ugv_ws/install/vizanti_server/share/vizanti_server//public/templates/rosbag/rosbag_icon.html
[1.358s] -- Up-to-date symlink: /home/pi/ugv_ws/install/vizanti_server/share/vizanti_server//public/templates/rosbag/rosbag_modal.html
[1.360s] -- Up-to-date symlink: /home/pi/ugv_ws/install/vizanti_server/share/vizanti_server//public/templates/rosbag/rosbag_script.js
[1.362s] -- Up-to-date symlink: /home/pi/ugv_ws/install/vizanti_server/share/vizanti_server//public/templates/rosbridge/rosbridge_icon.html
[1.364s] -- Up-to-date symlink: /home/pi/ugv_ws/install/vizanti_server/share/vizanti_server//public/templates/rosbridge/rosbridge_modal.html
[1.365s] -- Up-to-date symlink: /home/pi/ugv_ws/install/vizanti_server/share/vizanti_server//public/templates/rosbridge/rosbridge_script.js
[1.368s] -- Up-to-date symlink: /home/pi/ugv_ws/install/vizanti_server/share/vizanti_server//public/templates/satelite/satelite_icon.html
[1.369s] -- Up-to-date symlink: /home/pi/ugv_ws/install/vizanti_server/share/vizanti_server//public/templates/satelite/satelite_modal.html
[1.372s] -- Up-to-date symlink: /home/pi/ugv_ws/install/vizanti_server/share/vizanti_server//public/templates/satelite/satelite_script.js
[1.373s] -- Up-to-date symlink: /home/pi/ugv_ws/install/vizanti_server/share/vizanti_server//public/templates/satelite/satelite_view.html
[1.375s] -- Up-to-date symlink: /home/pi/ugv_ws/install/vizanti_server/share/vizanti_server//public/templates/scan/scan_icon.html
[1.377s] -- Up-to-date symlink: /home/pi/ugv_ws/install/vizanti_server/share/vizanti_server//public/templates/scan/scan_modal.html
[1.379s] -- Up-to-date symlink: /home/pi/ugv_ws/install/vizanti_server/share/vizanti_server//public/templates/scan/scan_script.js
[1.381s] -- Up-to-date symlink: /home/pi/ugv_ws/install/vizanti_server/share/vizanti_server//public/templates/scan/scan_view.html
[1.383s] -- Up-to-date symlink: /home/pi/ugv_ws/install/vizanti_server/share/vizanti_server//public/templates/settings/settings_icon.html
[1.385s] -- Up-to-date symlink: /home/pi/ugv_ws/install/vizanti_server/share/vizanti_server//public/templates/settings/settings_modal.html
[1.386s] -- Up-to-date symlink: /home/pi/ugv_ws/install/vizanti_server/share/vizanti_server//public/templates/settings/settings_script.js
[1.388s] -- Up-to-date symlink: /home/pi/ugv_ws/install/vizanti_server/share/vizanti_server//public/templates/simplegoal/simplegoal_icon.html
[1.391s] -- Up-to-date symlink: /home/pi/ugv_ws/install/vizanti_server/share/vizanti_server//public/templates/simplegoal/simplegoal_modal.html
[1.392s] -- Up-to-date symlink: /home/pi/ugv_ws/install/vizanti_server/share/vizanti_server//public/templates/simplegoal/simplegoal_script.js
[1.393s] -- Up-to-date symlink: /home/pi/ugv_ws/install/vizanti_server/share/vizanti_server//public/templates/simplegoal/simplegoal_view.html
[1.396s] -- Up-to-date symlink: /home/pi/ugv_ws/install/vizanti_server/share/vizanti_server//public/templates/teleop/teleop_icon.html
[1.397s] -- Up-to-date symlink: /home/pi/ugv_ws/install/vizanti_server/share/vizanti_server//public/templates/teleop/teleop_modal.html
[1.399s] -- Up-to-date symlink: /home/pi/ugv_ws/install/vizanti_server/share/vizanti_server//public/templates/teleop/teleop_script.js
[1.400s] -- Up-to-date symlink: /home/pi/ugv_ws/install/vizanti_server/share/vizanti_server//public/templates/teleop/teleop_view.html
[1.403s] -- Up-to-date symlink: /home/pi/ugv_ws/install/vizanti_server/share/vizanti_server//public/templates/temperature/temperature_icon.html
[1.404s] -- Up-to-date symlink: /home/pi/ugv_ws/install/vizanti_server/share/vizanti_server//public/templates/temperature/temperature_modal.html
[1.409s] -- Up-to-date symlink: /home/pi/ugv_ws/install/vizanti_server/share/vizanti_server//public/templates/temperature/temperature_script.js
[1.410s] -- Up-to-date symlink: /home/pi/ugv_ws/install/vizanti_server/share/vizanti_server//public/templates/tf/tf_icon.html
[1.413s] -- Up-to-date symlink: /home/pi/ugv_ws/install/vizanti_server/share/vizanti_server//public/templates/tf/tf_modal.html
[1.416s] -- Up-to-date symlink: /home/pi/ugv_ws/install/vizanti_server/share/vizanti_server//public/templates/tf/tf_script.js
[1.417s] -- Up-to-date symlink: /home/pi/ugv_ws/install/vizanti_server/share/vizanti_server//public/templates/tf/tf_view.html
[1.420s] -- Up-to-date symlink: /home/pi/ugv_ws/install/vizanti_server/share/vizanti_server//public/templates/waypoints/waypoints_icon.html
[1.420s] -- Up-to-date symlink: /home/pi/ugv_ws/install/vizanti_server/share/vizanti_server//public/templates/waypoints/waypoints_modal.html
[1.422s] -- Up-to-date symlink: /home/pi/ugv_ws/install/vizanti_server/share/vizanti_server//public/templates/waypoints/waypoints_script.js
[1.433s] -- Up-to-date symlink: /home/pi/ugv_ws/install/vizanti_server/share/vizanti_server//public/templates/waypoints/waypoints_view.html
[1.433s] -- Up-to-date symlink: /home/pi/ugv_ws/install/vizanti_server/lib/vizanti_server/server.py
[1.434s] -- Up-to-date symlink: /home/pi/ugv_ws/install/vizanti_server/lib/vizanti_server/service_handler.py
[1.435s] -- Up-to-date symlink: /home/pi/ugv_ws/install/vizanti_server/lib/vizanti_server/rosapi_launch.py
[1.436s] -- Up-to-date symlink: /home/pi/ugv_ws/install/vizanti_server/share/ament_index/resource_index/package_run_dependencies/vizanti_server
[1.439s] -- Up-to-date symlink: /home/pi/ugv_ws/install/vizanti_server/share/ament_index/resource_index/parent_prefix_path/vizanti_server
[1.439s] -- Up-to-date symlink: /home/pi/ugv_ws/install/vizanti_server/share/vizanti_server/environment/ament_prefix_path.sh
[1.441s] -- Up-to-date symlink: /home/pi/ugv_ws/install/vizanti_server/share/vizanti_server/environment/ament_prefix_path.dsv
[1.449s] -- Up-to-date symlink: /home/pi/ugv_ws/install/vizanti_server/share/vizanti_server/environment/path.sh
[1.452s] -- Up-to-date symlink: /home/pi/ugv_ws/install/vizanti_server/share/vizanti_server/environment/path.dsv
[1.452s] -- Up-to-date symlink: /home/pi/ugv_ws/install/vizanti_server/share/vizanti_server/local_setup.bash
[1.452s] -- Up-to-date symlink: /home/pi/ugv_ws/install/vizanti_server/share/vizanti_server/local_setup.sh
[1.453s] -- Up-to-date symlink: /home/pi/ugv_ws/install/vizanti_server/share/vizanti_server/local_setup.zsh
[1.453s] -- Up-to-date symlink: /home/pi/ugv_ws/install/vizanti_server/share/vizanti_server/local_setup.dsv
[1.453s] -- Symlinking: /home/pi/ugv_ws/install/vizanti_server/share/vizanti_server/package.dsv
[1.509s] -- Up-to-date symlink: /home/pi/ugv_ws/install/vizanti_server/share/ament_index/resource_index/packages/vizanti_server
[1.518s] -- Up-to-date symlink: /home/pi/ugv_ws/install/vizanti_server/share/vizanti_server/cmake/vizanti_serverConfig.cmake
[1.519s] -- Up-to-date symlink: /home/pi/ugv_ws/install/vizanti_server/share/vizanti_server/cmake/vizanti_serverConfig-version.cmake
[1.526s] -- Up-to-date symlink: /home/pi/ugv_ws/install/vizanti_server/share/vizanti_server/package.xml
[1.531s] Invoked command in '/home/pi/ugv_ws/build/vizanti_server' returned '0': CMAKE_PREFIX_PATH=/home/pi/ugv_ws/install/vizanti_msgs:/home/pi/ugv_ws/install/vizanti:/home/pi/ugv_ws/install/vizanti_server:/home/pi/ugv_ws/install/vizanti_demos:/home/pi/ugv_ws/install/vizanti_cpp:/home/pi/ugv_ws/install/ugv_slam:/home/pi/ugv_ws/install/ugv_nav:/home/pi/ugv_ws/install/ugv_interface:/home/pi/ugv_ws/install/ugv_gazebo:/home/pi/ugv_ws/install/ugv_description:/home/pi/ugv_ws/install/ugv_base_node:/home/pi/ugv_ws/install/teb_local_planner:/home/pi/ugv_ws/install/teb_msgs:/home/pi/ugv_ws/install/sllidar_ros2:/home/pi/ugv_ws/install/slam_gmapping:/home/pi/ugv_ws/install/robot_pose_publisher:/home/pi/ugv_ws/install/rf2o_laser_odometry:/home/pi/ugv_ws/install/openslam_gmapping:/home/pi/ugv_ws/install/ldlidar:/home/pi/ugv_ws/install/explore_lite:/home/pi/ugv_ws/install/emcl2:/home/pi/ugv_ws/install/costmap_converter:/home/pi/ugv_ws/install/costmap_converter_msgs:/home/pi/ugv_ws/install/cartographer:/home/pi/ugv_ws/install/apriltag_ros:/home/pi/ugv_ws/install/apriltag_msgs:/home/pi/ugv_ws/install/apriltag:/home/pi/ugv_ws/install/ugv_web_app:/home/pi/ugv_ws/install/ugv_vision:/home/pi/ugv_ws/install/ugv_tools:/home/pi/ugv_ws/install/ugv_chat_ai:/home/pi/ugv_ws/install/ugv_bringup:/opt/ros/humble /usr/bin/cmake --install /home/pi/ugv_ws/build/vizanti_server
