[6.251s] Invoking command in '/home/pi/ugv_ws/build/ugv_chat_ai': PYTHONPATH=/home/pi/ugv_ws/build/ugv_chat_ai/prefix_override:/usr/lib/python3/dist-packages/colcon_core/task/python/colcon_distutils_commands:/home/pi/ugv_ws/install/ugv_chat_ai/lib/python3.10/site-packages:${PYTHONPATH} /usr/bin/python3 -W ignore:setup.py install is deprecated -W ignore:easy_install command is deprecated setup.py develop --editable --build-directory /home/pi/ugv_ws/build/ugv_chat_ai/build --no-deps symlink_data
[8.735s] running develop
[10.693s] running egg_info
[10.694s] creating ugv_chat_ai.egg-info
[10.696s] writing ugv_chat_ai.egg-info/PKG-INFO
[10.698s] writing dependency_links to ugv_chat_ai.egg-info/dependency_links.txt
[10.700s] writing entry points to ugv_chat_ai.egg-info/entry_points.txt
[10.702s] writing requirements to ugv_chat_ai.egg-info/requires.txt
[10.703s] writing top-level names to ugv_chat_ai.egg-info/top_level.txt
[10.705s] writing manifest file 'ugv_chat_ai.egg-info/SOURCES.txt'
[10.718s] reading manifest file 'ugv_chat_ai.egg-info/SOURCES.txt'
[10.722s] writing manifest file 'ugv_chat_ai.egg-info/SOURCES.txt'
[10.733s] running build_ext
[10.734s] Creating /home/pi/ugv_ws/install/ugv_chat_ai/lib/python3.10/site-packages/ugv-chat-ai.egg-link (link to .)
[10.741s] Installing app script to /home/pi/ugv_ws/install/ugv_chat_ai/lib/ugv_chat_ai
[10.745s] 
[10.745s] Installed /home/pi/ugv_ws/build/ugv_chat_ai
[10.746s] running symlink_data
[10.747s] creating /home/pi/ugv_ws/install/ugv_chat_ai/share/ament_index
[10.748s] creating /home/pi/ugv_ws/install/ugv_chat_ai/share/ament_index/resource_index
[10.749s] creating /home/pi/ugv_ws/install/ugv_chat_ai/share/ament_index/resource_index/packages
[10.749s] symbolically linking /home/pi/ugv_ws/build/ugv_chat_ai/resource/ugv_chat_ai -> /home/pi/ugv_ws/install/ugv_chat_ai/share/ament_index/resource_index/packages
[10.750s] symbolically linking /home/pi/ugv_ws/build/ugv_chat_ai/package.xml -> /home/pi/ugv_ws/install/ugv_chat_ai/share/ugv_chat_ai
[10.752s] creating /home/pi/ugv_ws/install/ugv_chat_ai/share/ugv_chat_ai/launch
[10.977s] Invoked command in '/home/pi/ugv_ws/build/ugv_chat_ai' returned '0': PYTHONPATH=/home/pi/ugv_ws/build/ugv_chat_ai/prefix_override:/usr/lib/python3/dist-packages/colcon_core/task/python/colcon_distutils_commands:/home/pi/ugv_ws/install/ugv_chat_ai/lib/python3.10/site-packages:${PYTHONPATH} /usr/bin/python3 -W ignore:setup.py install is deprecated -W ignore:easy_install command is deprecated setup.py develop --editable --build-directory /home/pi/ugv_ws/build/ugv_chat_ai/build --no-deps symlink_data
