[0.353s] Invoking command in '/home/pi/ugv_ws/build/cartographer': CMAKE_PREFIX_PATH=${CMAKE_PREFIX_PATH}:/home/pi/ugv_ws/install/ugv_web_app:/home/pi/ugv_ws/install/ugv_vision:/home/pi/ugv_ws/install/ugv_tools:/home/pi/ugv_ws/install/ugv_chat_ai:/home/pi/ugv_ws/install/ugv_bringup:/opt/ros/humble /usr/bin/cmake --build /home/pi/ugv_ws/build/cartographer -- -j4 -l4
[0.714s] Invoked command in '/home/pi/ugv_ws/build/cartographer' returned '0': CMAKE_PREFIX_PATH=${CMAKE_PREFIX_PATH}:/home/pi/ugv_ws/install/ugv_web_app:/home/pi/ugv_ws/install/ugv_vision:/home/pi/ugv_ws/install/ugv_tools:/home/pi/ugv_ws/install/ugv_chat_ai:/home/pi/ugv_ws/install/ugv_bringup:/opt/ros/humble /usr/bin/cmake --build /home/pi/ugv_ws/build/cartographer -- -j4 -l4
[0.727s] Invoking command in '/home/pi/ugv_ws/build/cartographer': CMAKE_PREFIX_PATH=${CMAKE_PREFIX_PATH}:/home/pi/ugv_ws/install/ugv_web_app:/home/pi/ugv_ws/install/ugv_vision:/home/pi/ugv_ws/install/ugv_tools:/home/pi/ugv_ws/install/ugv_chat_ai:/home/pi/ugv_ws/install/ugv_bringup:/opt/ros/humble /usr/bin/cmake --install /home/pi/ugv_ws/build/cartographer
[0.801s] -- Install configuration: ""
[0.807s] -- Execute custom install script
[0.814s] -- Up-to-date symlink: /home/pi/ugv_ws/install/cartographer/share/cartographer/config/localization_2d.lua
[0.817s] -- Up-to-date symlink: /home/pi/ugv_ws/install/cartographer/share/cartographer/config/mapping_2d.lua
[0.822s] -- Up-to-date symlink: /home/pi/ugv_ws/install/cartographer/share/cartographer/launch/localization.launch.py
[0.824s] -- Up-to-date symlink: /home/pi/ugv_ws/install/cartographer/share/cartographer/launch/mapping.launch.py
[0.827s] -- Up-to-date symlink: /home/pi/ugv_ws/install/cartographer/share/cartographer/launch/occupancy_grid.launch.py
[0.828s] -- Up-to-date symlink: /home/pi/ugv_ws/install/cartographer/share/ament_index/resource_index/package_run_dependencies/cartographer
[0.831s] -- Up-to-date symlink: /home/pi/ugv_ws/install/cartographer/share/ament_index/resource_index/parent_prefix_path/cartographer
[0.835s] -- Up-to-date symlink: /home/pi/ugv_ws/install/cartographer/share/cartographer/environment/ament_prefix_path.sh
[0.836s] -- Up-to-date symlink: /home/pi/ugv_ws/install/cartographer/share/cartographer/environment/ament_prefix_path.dsv
[0.839s] -- Up-to-date symlink: /home/pi/ugv_ws/install/cartographer/share/cartographer/environment/path.sh
[0.840s] -- Up-to-date symlink: /home/pi/ugv_ws/install/cartographer/share/cartographer/environment/path.dsv
[0.840s] -- Up-to-date symlink: /home/pi/ugv_ws/install/cartographer/share/cartographer/local_setup.bash
[0.843s] -- Up-to-date symlink: /home/pi/ugv_ws/install/cartographer/share/cartographer/local_setup.sh
[0.850s] -- Up-to-date symlink: /home/pi/ugv_ws/install/cartographer/share/cartographer/local_setup.zsh
[0.862s] -- Up-to-date symlink: /home/pi/ugv_ws/install/cartographer/share/cartographer/local_setup.dsv
[0.863s] -- Symlinking: /home/pi/ugv_ws/install/cartographer/share/cartographer/package.dsv
[0.905s] -- Up-to-date symlink: /home/pi/ugv_ws/install/cartographer/share/ament_index/resource_index/packages/cartographer
[0.915s] -- Up-to-date symlink: /home/pi/ugv_ws/install/cartographer/share/cartographer/cmake/cartographerConfig.cmake
[0.918s] -- Up-to-date symlink: /home/pi/ugv_ws/install/cartographer/share/cartographer/cmake/cartographerConfig-version.cmake
[0.920s] -- Up-to-date symlink: /home/pi/ugv_ws/install/cartographer/share/cartographer/package.xml
[0.932s] Invoked command in '/home/pi/ugv_ws/build/cartographer' returned '0': CMAKE_PREFIX_PATH=${CMAKE_PREFIX_PATH}:/home/pi/ugv_ws/install/ugv_web_app:/home/pi/ugv_ws/install/ugv_vision:/home/pi/ugv_ws/install/ugv_tools:/home/pi/ugv_ws/install/ugv_chat_ai:/home/pi/ugv_ws/install/ugv_bringup:/opt/ros/humble /usr/bin/cmake --install /home/pi/ugv_ws/build/cartographer
