[5.188s] Invoking command in '/home/pi/ugv_ws/build/ugv_vision': PYTHONPATH=/home/pi/ugv_ws/build/ugv_vision/prefix_override:/usr/lib/python3/dist-packages/colcon_core/task/python/colcon_distutils_commands:/home/pi/ugv_ws/install/ugv_vision/lib/python3.10/site-packages:${PYTHONPATH} /usr/bin/python3 -W ignore:setup.py install is deprecated -W ignore:easy_install command is deprecated setup.py develop --editable --build-directory /home/pi/ugv_ws/build/ugv_vision/build --no-deps symlink_data
[7.445s] running develop
[9.208s] running egg_info
[9.209s] writing ugv_vision.egg-info/PKG-INFO
[9.210s] writing dependency_links to ugv_vision.egg-info/dependency_links.txt
[9.211s] writing entry points to ugv_vision.egg-info/entry_points.txt
[9.212s] writing requirements to ugv_vision.egg-info/requires.txt
[9.213s] writing top-level names to ugv_vision.egg-info/top_level.txt
[9.223s] reading manifest file 'ugv_vision.egg-info/SOURCES.txt'
[9.227s] writing manifest file 'ugv_vision.egg-info/SOURCES.txt'
[9.235s] running build_ext
[9.236s] Creating /home/pi/ugv_ws/install/ugv_vision/lib/python3.10/site-packages/ugv-vision.egg-link (link to .)
[9.240s] Installing apriltag_ctrl script to /home/pi/ugv_ws/install/ugv_vision/lib/ugv_vision
[9.241s] Installing apriltag_track_0 script to /home/pi/ugv_ws/install/ugv_vision/lib/ugv_vision
[9.242s] Installing apriltag_track_1 script to /home/pi/ugv_ws/install/ugv_vision/lib/ugv_vision
[9.243s] Installing apriltag_track_2 script to /home/pi/ugv_ws/install/ugv_vision/lib/ugv_vision
[9.244s] Installing color_track script to /home/pi/ugv_ws/install/ugv_vision/lib/ugv_vision
[9.245s] Installing gesture_ctrl script to /home/pi/ugv_ws/install/ugv_vision/lib/ugv_vision
[9.246s] Installing kcf_track script to /home/pi/ugv_ws/install/ugv_vision/lib/ugv_vision
[9.247s] 
[9.248s] Installed /home/pi/ugv_ws/build/ugv_vision
[9.248s] running symlink_data
[9.421s] Invoked command in '/home/pi/ugv_ws/build/ugv_vision' returned '0': PYTHONPATH=/home/pi/ugv_ws/build/ugv_vision/prefix_override:/usr/lib/python3/dist-packages/colcon_core/task/python/colcon_distutils_commands:/home/pi/ugv_ws/install/ugv_vision/lib/python3.10/site-packages:${PYTHONPATH} /usr/bin/python3 -W ignore:setup.py install is deprecated -W ignore:easy_install command is deprecated setup.py develop --editable --build-directory /home/pi/ugv_ws/build/ugv_vision/build --no-deps symlink_data
