[0.250s] Invoking command in '/home/pi/ugv_ws/build/vizanti': AMENT_PREFIX_PATH=/home/pi/ugv_ws/install/vizanti_server:/home/pi/ugv_ws/install/vizanti_msgs:${AMENT_PREFIX_PATH} CMAKE_PREFIX_PATH=/home/pi/ugv_ws/install/vizanti_server:/home/pi/ugv_ws/install/vizanti_msgs:/opt/ros/humble LD_LIBRARY_PATH=/home/pi/ugv_ws/install/vizanti_msgs/lib:${LD_LIBRARY_PATH} PYTHONPATH=/home/pi/ugv_ws/install/vizanti_msgs/local/lib/python3.10/dist-packages:${PYTHONPATH} /usr/bin/cmake --build /home/pi/ugv_ws/build/vizanti -- -j4 -l4
[0.706s] Invoked command in '/home/pi/ugv_ws/build/vizanti' returned '0': AMENT_PREFIX_PATH=/home/pi/ugv_ws/install/vizanti_server:/home/pi/ugv_ws/install/vizanti_msgs:${AMENT_PREFIX_PATH} CMAKE_PREFIX_PATH=/home/pi/ugv_ws/install/vizanti_server:/home/pi/ugv_ws/install/vizanti_msgs:/opt/ros/humble LD_LIBRARY_PATH=/home/pi/ugv_ws/install/vizanti_msgs/lib:${LD_LIBRARY_PATH} PYTHONPATH=/home/pi/ugv_ws/install/vizanti_msgs/local/lib/python3.10/dist-packages:${PYTHONPATH} /usr/bin/cmake --build /home/pi/ugv_ws/build/vizanti -- -j4 -l4
[0.708s] Invoking command in '/home/pi/ugv_ws/build/vizanti': AMENT_PREFIX_PATH=/home/pi/ugv_ws/install/vizanti_server:/home/pi/ugv_ws/install/vizanti_msgs:${AMENT_PREFIX_PATH} CMAKE_PREFIX_PATH=/home/pi/ugv_ws/install/vizanti_server:/home/pi/ugv_ws/install/vizanti_msgs:/opt/ros/humble LD_LIBRARY_PATH=/home/pi/ugv_ws/install/vizanti_msgs/lib:${LD_LIBRARY_PATH} PYTHONPATH=/home/pi/ugv_ws/install/vizanti_msgs/local/lib/python3.10/dist-packages:${PYTHONPATH} /usr/bin/cmake --install /home/pi/ugv_ws/build/vizanti
[0.786s] -- Install configuration: ""
[0.789s] -- Execute custom install script
[0.790s] -- Up-to-date symlink: /home/pi/ugv_ws/install/vizanti/share/ament_index/resource_index/package_run_dependencies/vizanti
[0.792s] -- Up-to-date symlink: /home/pi/ugv_ws/install/vizanti/share/ament_index/resource_index/parent_prefix_path/vizanti
[0.793s] -- Up-to-date symlink: /home/pi/ugv_ws/install/vizanti/share/vizanti/environment/ament_prefix_path.sh
[0.794s] -- Up-to-date symlink: /home/pi/ugv_ws/install/vizanti/share/vizanti/environment/ament_prefix_path.dsv
[0.796s] -- Up-to-date symlink: /home/pi/ugv_ws/install/vizanti/share/vizanti/environment/path.sh
[0.797s] -- Up-to-date symlink: /home/pi/ugv_ws/install/vizanti/share/vizanti/environment/path.dsv
[0.798s] -- Up-to-date symlink: /home/pi/ugv_ws/install/vizanti/share/vizanti/local_setup.bash
[0.800s] -- Up-to-date symlink: /home/pi/ugv_ws/install/vizanti/share/vizanti/local_setup.sh
[0.808s] -- Up-to-date symlink: /home/pi/ugv_ws/install/vizanti/share/vizanti/local_setup.zsh
[0.809s] -- Up-to-date symlink: /home/pi/ugv_ws/install/vizanti/share/vizanti/local_setup.dsv
[0.810s] -- Symlinking: /home/pi/ugv_ws/install/vizanti/share/vizanti/package.dsv
[0.849s] -- Up-to-date symlink: /home/pi/ugv_ws/install/vizanti/share/ament_index/resource_index/packages/vizanti
[0.850s] -- Up-to-date symlink: /home/pi/ugv_ws/install/vizanti/share/vizanti/cmake/vizantiConfig.cmake
[0.851s] -- Up-to-date symlink: /home/pi/ugv_ws/install/vizanti/share/vizanti/cmake/vizantiConfig-version.cmake
[0.852s] -- Up-to-date symlink: /home/pi/ugv_ws/install/vizanti/share/vizanti/package.xml
[0.876s] Invoked command in '/home/pi/ugv_ws/build/vizanti' returned '0': AMENT_PREFIX_PATH=/home/pi/ugv_ws/install/vizanti_server:/home/pi/ugv_ws/install/vizanti_msgs:${AMENT_PREFIX_PATH} CMAKE_PREFIX_PATH=/home/pi/ugv_ws/install/vizanti_server:/home/pi/ugv_ws/install/vizanti_msgs:/opt/ros/humble LD_LIBRARY_PATH=/home/pi/ugv_ws/install/vizanti_msgs/lib:${LD_LIBRARY_PATH} PYTHONPATH=/home/pi/ugv_ws/install/vizanti_msgs/local/lib/python3.10/dist-packages:${PYTHONPATH} /usr/bin/cmake --install /home/pi/ugv_ws/build/vizanti
