[0.070s] Invoking command in '/home/pi/ugv_ws/build/openslam_gmapping': CMAKE_PREFIX_PATH=${CMAKE_PREFIX_PATH}:/home/pi/ugv_ws/install/ugv_web_app:/home/pi/ugv_ws/install/ugv_vision:/home/pi/ugv_ws/install/ugv_tools:/home/pi/ugv_ws/install/ugv_chat_ai:/home/pi/ugv_ws/install/ugv_bringup:/opt/ros/humble /usr/bin/cmake /home/pi/ugv_ws/src/ugv_else/gmapping/openslam_gmapping -DAMENT_CMAKE_SYMLINK_INSTALL=1 -DCMAKE_INSTALL_PREFIX=/home/pi/ugv_ws/install/openslam_gmapping
[0.161s] -- Found ament_cmake: 1.3.11 (/opt/ros/humble/share/ament_cmake/cmake)
[1.239s] -- Override CMake install command with custom implementation using symlinks instead of copying resources
[2.003s] -- Configuring done
[2.326s] -- Generating done
[2.433s] -- Build files have been written to: /home/pi/ugv_ws/build/openslam_gmapping
[2.461s] Invoked command in '/home/pi/ugv_ws/build/openslam_gmapping' returned '0': CMAKE_PREFIX_PATH=${CMAKE_PREFIX_PATH}:/home/pi/ugv_ws/install/ugv_web_app:/home/pi/ugv_ws/install/ugv_vision:/home/pi/ugv_ws/install/ugv_tools:/home/pi/ugv_ws/install/ugv_chat_ai:/home/pi/ugv_ws/install/ugv_bringup:/opt/ros/humble /usr/bin/cmake /home/pi/ugv_ws/src/ugv_else/gmapping/openslam_gmapping -DAMENT_CMAKE_SYMLINK_INSTALL=1 -DCMAKE_INSTALL_PREFIX=/home/pi/ugv_ws/install/openslam_gmapping
[2.482s] Invoking command in '/home/pi/ugv_ws/build/openslam_gmapping': CMAKE_PREFIX_PATH=${CMAKE_PREFIX_PATH}:/home/pi/ugv_ws/install/ugv_web_app:/home/pi/ugv_ws/install/ugv_vision:/home/pi/ugv_ws/install/ugv_tools:/home/pi/ugv_ws/install/ugv_chat_ai:/home/pi/ugv_ws/install/ugv_bringup:/opt/ros/humble /usr/bin/cmake --build /home/pi/ugv_ws/build/openslam_gmapping -- -j4 -l4
[2.791s] [35m[1mConsolidate compiler generated dependencies of target utils[0m
[2.879s] [ 13%] Built target utils
[2.890s] [35m[1mConsolidate compiler generated dependencies of target sensor_base[0m
[2.993s] [ 27%] Built target sensor_base
[3.063s] [35m[1mConsolidate compiler generated dependencies of target sensor_range[0m
[3.109s] [35m[1mConsolidate compiler generated dependencies of target sensor_odometry[0m
[3.250s] [ 40%] Built target sensor_odometry
[3.280s] [ 54%] Built target sensor_range
[3.368s] [35m[1mConsolidate compiler generated dependencies of target scanmatcher[0m
[3.475s] [ 77%] Built target scanmatcher
[3.550s] [35m[1mConsolidate compiler generated dependencies of target gridfastslam[0m
[3.718s] [100%] Built target gridfastslam
[3.832s] Invoked command in '/home/pi/ugv_ws/build/openslam_gmapping' returned '0': CMAKE_PREFIX_PATH=${CMAKE_PREFIX_PATH}:/home/pi/ugv_ws/install/ugv_web_app:/home/pi/ugv_ws/install/ugv_vision:/home/pi/ugv_ws/install/ugv_tools:/home/pi/ugv_ws/install/ugv_chat_ai:/home/pi/ugv_ws/install/ugv_bringup:/opt/ros/humble /usr/bin/cmake --build /home/pi/ugv_ws/build/openslam_gmapping -- -j4 -l4
[3.845s] Invoking command in '/home/pi/ugv_ws/build/openslam_gmapping': CMAKE_PREFIX_PATH=${CMAKE_PREFIX_PATH}:/home/pi/ugv_ws/install/ugv_web_app:/home/pi/ugv_ws/install/ugv_vision:/home/pi/ugv_ws/install/ugv_tools:/home/pi/ugv_ws/install/ugv_chat_ai:/home/pi/ugv_ws/install/ugv_bringup:/opt/ros/humble /usr/bin/cmake --install /home/pi/ugv_ws/build/openslam_gmapping
[3.915s] -- Install configuration: ""
[3.924s] -- Execute custom install script
[3.931s] -- Up-to-date symlink: /home/pi/ugv_ws/install/openslam_gmapping/lib/libgridfastslam.a
[3.936s] -- Up-to-date symlink: /home/pi/ugv_ws/install/openslam_gmapping/lib/libscanmatcher.a
[3.941s] -- Up-to-date symlink: /home/pi/ugv_ws/install/openslam_gmapping/lib/libsensor_base.a
[3.945s] -- Up-to-date symlink: /home/pi/ugv_ws/install/openslam_gmapping/share/openslam_gmapping/environment/library_path.sh
[3.948s] -- Up-to-date symlink: /home/pi/ugv_ws/install/openslam_gmapping/share/openslam_gmapping/environment/library_path.dsv
[3.951s] -- Up-to-date symlink: /home/pi/ugv_ws/install/openslam_gmapping/share/openslam_gmapping/environment/library_path.sh
[3.953s] -- Up-to-date symlink: /home/pi/ugv_ws/install/openslam_gmapping/share/openslam_gmapping/environment/library_path.dsv
[3.956s] -- Up-to-date symlink: /home/pi/ugv_ws/install/openslam_gmapping/lib/libsensor_odometry.a
[3.959s] -- Up-to-date symlink: /home/pi/ugv_ws/install/openslam_gmapping/lib/libsensor_range.a
[3.961s] -- Up-to-date symlink: /home/pi/ugv_ws/install/openslam_gmapping/lib/libutils.a
[3.963s] -- Up-to-date symlink: /home/pi/ugv_ws/install/openslam_gmapping/share/openslam_gmapping/environment/library_path.sh
[3.966s] -- Up-to-date symlink: /home/pi/ugv_ws/install/openslam_gmapping/share/openslam_gmapping/environment/library_path.dsv
[3.968s] -- Up-to-date symlink: /home/pi/ugv_ws/install/openslam_gmapping/share/openslam_gmapping/environment/library_path.sh
[3.970s] -- Up-to-date symlink: /home/pi/ugv_ws/install/openslam_gmapping/share/openslam_gmapping/environment/library_path.dsv
[3.977s] -- Up-to-date symlink: /home/pi/ugv_ws/install/openslam_gmapping/include//gmapping/grid/accessstate.h
[3.979s] -- Up-to-date symlink: /home/pi/ugv_ws/install/openslam_gmapping/include//gmapping/grid/array2d.h
[3.981s] -- Up-to-date symlink: /home/pi/ugv_ws/install/openslam_gmapping/include//gmapping/grid/harray2d.h
[3.983s] -- Up-to-date symlink: /home/pi/ugv_ws/install/openslam_gmapping/include//gmapping/grid/map.h
[3.985s] -- Up-to-date symlink: /home/pi/ugv_ws/install/openslam_gmapping/include//gmapping/gridfastslam/gridslamprocessor.h
[3.989s] -- Up-to-date symlink: /home/pi/ugv_ws/install/openslam_gmapping/include//gmapping/gridfastslam/gridslamprocessor.hxx
[3.991s] -- Up-to-date symlink: /home/pi/ugv_ws/install/openslam_gmapping/include//gmapping/gridfastslam/motionmodel.h
[3.994s] -- Up-to-date symlink: /home/pi/ugv_ws/install/openslam_gmapping/include//gmapping/log/configuration.h
[3.996s] -- Up-to-date symlink: /home/pi/ugv_ws/install/openslam_gmapping/include//gmapping/log/sensorlog.h
[3.998s] -- Up-to-date symlink: /home/pi/ugv_ws/install/openslam_gmapping/include//gmapping/particlefilter/particlefilter.h
[4.000s] -- Up-to-date symlink: /home/pi/ugv_ws/install/openslam_gmapping/include//gmapping/scanmatcher/icp.h
[4.003s] -- Up-to-date symlink: /home/pi/ugv_ws/install/openslam_gmapping/include//gmapping/scanmatcher/scanmatcher.h
[4.005s] -- Up-to-date symlink: /home/pi/ugv_ws/install/openslam_gmapping/include//gmapping/scanmatcher/smmap.h
[4.007s] -- Up-to-date symlink: /home/pi/ugv_ws/install/openslam_gmapping/include//gmapping/sensor/sensor_base/sensor.h
[4.009s] -- Up-to-date symlink: /home/pi/ugv_ws/install/openslam_gmapping/include//gmapping/sensor/sensor_base/sensorreading.h
[4.012s] -- Up-to-date symlink: /home/pi/ugv_ws/install/openslam_gmapping/include//gmapping/sensor/sensor_odometry/odometryreading.h
[4.014s] -- Up-to-date symlink: /home/pi/ugv_ws/install/openslam_gmapping/include//gmapping/sensor/sensor_odometry/odometrysensor.h
[4.016s] -- Up-to-date symlink: /home/pi/ugv_ws/install/openslam_gmapping/include//gmapping/sensor/sensor_range/rangereading.h
[4.019s] -- Up-to-date symlink: /home/pi/ugv_ws/install/openslam_gmapping/include//gmapping/sensor/sensor_range/rangesensor.h
[4.021s] -- Up-to-date symlink: /home/pi/ugv_ws/install/openslam_gmapping/include//gmapping/utils/autoptr.h
[4.023s] -- Up-to-date symlink: /home/pi/ugv_ws/install/openslam_gmapping/include//gmapping/utils/commandline.h
[4.025s] -- Up-to-date symlink: /home/pi/ugv_ws/install/openslam_gmapping/include//gmapping/utils/gvalues.h
[4.027s] -- Up-to-date symlink: /home/pi/ugv_ws/install/openslam_gmapping/include//gmapping/utils/macro_params.h
[4.030s] -- Up-to-date symlink: /home/pi/ugv_ws/install/openslam_gmapping/include//gmapping/utils/point.h
[4.032s] -- Up-to-date symlink: /home/pi/ugv_ws/install/openslam_gmapping/include//gmapping/utils/stat.h
[4.035s] -- Up-to-date symlink: /home/pi/ugv_ws/install/openslam_gmapping/share/ament_index/resource_index/package_run_dependencies/openslam_gmapping
[4.037s] -- Up-to-date symlink: /home/pi/ugv_ws/install/openslam_gmapping/share/ament_index/resource_index/parent_prefix_path/openslam_gmapping
[4.039s] -- Up-to-date symlink: /home/pi/ugv_ws/install/openslam_gmapping/share/openslam_gmapping/environment/ament_prefix_path.sh
[4.041s] -- Up-to-date symlink: /home/pi/ugv_ws/install/openslam_gmapping/share/openslam_gmapping/environment/ament_prefix_path.dsv
[4.043s] -- Up-to-date symlink: /home/pi/ugv_ws/install/openslam_gmapping/share/openslam_gmapping/environment/path.sh
[4.045s] -- Up-to-date symlink: /home/pi/ugv_ws/install/openslam_gmapping/share/openslam_gmapping/environment/path.dsv
[4.047s] -- Up-to-date symlink: /home/pi/ugv_ws/install/openslam_gmapping/share/openslam_gmapping/local_setup.bash
[4.049s] -- Up-to-date symlink: /home/pi/ugv_ws/install/openslam_gmapping/share/openslam_gmapping/local_setup.sh
[4.051s] -- Up-to-date symlink: /home/pi/ugv_ws/install/openslam_gmapping/share/openslam_gmapping/local_setup.zsh
[4.053s] -- Up-to-date symlink: /home/pi/ugv_ws/install/openslam_gmapping/share/openslam_gmapping/local_setup.dsv
[4.057s] -- Symlinking: /home/pi/ugv_ws/install/openslam_gmapping/share/openslam_gmapping/package.dsv
[4.113s] -- Up-to-date symlink: /home/pi/ugv_ws/install/openslam_gmapping/share/ament_index/resource_index/packages/openslam_gmapping
[4.115s] -- Up-to-date symlink: /home/pi/ugv_ws/install/openslam_gmapping/share/openslam_gmapping/cmake/ament_cmake_export_libraries-extras.cmake
[4.118s] -- Up-to-date symlink: /home/pi/ugv_ws/install/openslam_gmapping/share/openslam_gmapping/cmake/ament_cmake_export_include_directories-extras.cmake
[4.120s] -- Up-to-date symlink: /home/pi/ugv_ws/install/openslam_gmapping/share/openslam_gmapping/cmake/openslam_gmappingConfig.cmake
[4.122s] -- Up-to-date symlink: /home/pi/ugv_ws/install/openslam_gmapping/share/openslam_gmapping/cmake/openslam_gmappingConfig-version.cmake
[4.125s] -- Up-to-date symlink: /home/pi/ugv_ws/install/openslam_gmapping/share/openslam_gmapping/package.xml
[4.144s] Invoked command in '/home/pi/ugv_ws/build/openslam_gmapping' returned '0': CMAKE_PREFIX_PATH=${CMAKE_PREFIX_PATH}:/home/pi/ugv_ws/install/ugv_web_app:/home/pi/ugv_ws/install/ugv_vision:/home/pi/ugv_ws/install/ugv_tools:/home/pi/ugv_ws/install/ugv_chat_ai:/home/pi/ugv_ws/install/ugv_bringup:/opt/ros/humble /usr/bin/cmake --install /home/pi/ugv_ws/build/openslam_gmapping
