[0.067s] Invoking command in '/home/pi/ugv_ws/build/ugv_slam': CMAKE_PREFIX_PATH=/opt/ros/humble /usr/bin/cmake --build /home/pi/ugv_ws/build/ugv_slam -- -j4 -l4
[0.508s] Invoked command in '/home/pi/ugv_ws/build/ugv_slam' returned '0': CMAKE_PREFIX_PATH=/opt/ros/humble /usr/bin/cmake --build /home/pi/ugv_ws/build/ugv_slam -- -j4 -l4
[0.517s] Invoking command in '/home/pi/ugv_ws/build/ugv_slam': CMAKE_PREFIX_PATH=/opt/ros/humble /usr/bin/cmake --install /home/pi/ugv_ws/build/ugv_slam
[0.606s] -- Install configuration: ""
[0.623s] -- Execute custom install script
[0.628s] -- Up-to-date symlink: /home/pi/ugv_ws/install/ugv_slam/share/ugv_slam/launch/cartographer.launch.py
[0.631s] -- Up-to-date symlink: /home/pi/ugv_ws/install/ugv_slam/share/ugv_slam/launch/gmapping.launch.py
[0.651s] -- Up-to-date symlink: /home/pi/ugv_ws/install/ugv_slam/share/ugv_slam/launch/rtabmap_rgbd.launch.py
[0.658s] -- Up-to-date symlink: /home/pi/ugv_ws/install/ugv_slam/share/ugv_slam/rviz/view_slam_2d.rviz
[0.661s] -- Up-to-date symlink: /home/pi/ugv_ws/install/ugv_slam/share/ugv_slam/rviz/view_slam_3d.rviz
[0.665s] -- Up-to-date symlink: /home/pi/ugv_ws/install/ugv_slam/share/ament_index/resource_index/package_run_dependencies/ugv_slam
[0.669s] -- Up-to-date symlink: /home/pi/ugv_ws/install/ugv_slam/share/ament_index/resource_index/parent_prefix_path/ugv_slam
[0.673s] -- Up-to-date symlink: /home/pi/ugv_ws/install/ugv_slam/share/ugv_slam/environment/ament_prefix_path.sh
[0.685s] -- Up-to-date symlink: /home/pi/ugv_ws/install/ugv_slam/share/ugv_slam/environment/ament_prefix_path.dsv
[0.689s] -- Up-to-date symlink: /home/pi/ugv_ws/install/ugv_slam/share/ugv_slam/environment/path.sh
[0.696s] -- Up-to-date symlink: /home/pi/ugv_ws/install/ugv_slam/share/ugv_slam/environment/path.dsv
[0.700s] -- Up-to-date symlink: /home/pi/ugv_ws/install/ugv_slam/share/ugv_slam/local_setup.bash
[0.709s] -- Up-to-date symlink: /home/pi/ugv_ws/install/ugv_slam/share/ugv_slam/local_setup.sh
[0.712s] -- Up-to-date symlink: /home/pi/ugv_ws/install/ugv_slam/share/ugv_slam/local_setup.zsh
[0.716s] -- Up-to-date symlink: /home/pi/ugv_ws/install/ugv_slam/share/ugv_slam/local_setup.dsv
[0.720s] -- Symlinking: /home/pi/ugv_ws/install/ugv_slam/share/ugv_slam/package.dsv
[0.791s] -- Up-to-date symlink: /home/pi/ugv_ws/install/ugv_slam/share/ament_index/resource_index/packages/ugv_slam
[0.796s] -- Up-to-date symlink: /home/pi/ugv_ws/install/ugv_slam/share/ugv_slam/cmake/ugv_slamConfig.cmake
[0.800s] -- Up-to-date symlink: /home/pi/ugv_ws/install/ugv_slam/share/ugv_slam/cmake/ugv_slamConfig-version.cmake
[0.804s] -- Up-to-date symlink: /home/pi/ugv_ws/install/ugv_slam/share/ugv_slam/package.xml
[0.820s] Invoked command in '/home/pi/ugv_ws/build/ugv_slam' returned '0': CMAKE_PREFIX_PATH=/opt/ros/humble /usr/bin/cmake --install /home/pi/ugv_ws/build/ugv_slam
