[0.173s] Invoking command in '/home/pi/ugv_ws/build/apriltag': CMAKE_PREFIX_PATH=${CMAKE_PREFIX_PATH}:/home/pi/ugv_ws/install/ugv_web_app:/home/pi/ugv_ws/install/ugv_vision:/home/pi/ugv_ws/install/ugv_tools:/home/pi/ugv_ws/install/ugv_chat_ai:/home/pi/ugv_ws/install/ugv_bringup:/opt/ros/humble /usr/bin/cmake --build /home/pi/ugv_ws/build/apriltag -- -j4 -l4
[0.888s] [  4%] [34m[1mGenerating apriltag_py_type_docstring.h, apriltag_py_type_docstring.cxx[0m
[0.890s] [  4%] [34m[1mGenerating apriltag_detect_docstring.h, apriltag_detect_docstring.cxx[0m
[1.277s] [  4%] Built target apriltag_py_docstrings
[1.455s] [ 85%] Built target apriltag
[1.689s] [35m[1mConsolidate compiler generated dependencies of target apriltag.cpython-310-aarch64-linux-gnu[0m
[1.910s] [ 90%] Built target opencv_demo
[2.006s] [ 95%] Built target apriltag_demo
[2.089s] [ 97%] [32mBuilding C object CMakeFiles/apriltag.cpython-310-aarch64-linux-gnu.dir/apriltag_pywrap.c.o[0m
[6.121s] [100%] [32m[1mLinking C shared module apriltag.cpython-310-aarch64-linux-gnu.so[0m
[7.092s] [100%] Built target apriltag.cpython-310-aarch64-linux-gnu
[7.229s] Invoked command in '/home/pi/ugv_ws/build/apriltag' returned '0': CMAKE_PREFIX_PATH=${CMAKE_PREFIX_PATH}:/home/pi/ugv_ws/install/ugv_web_app:/home/pi/ugv_ws/install/ugv_vision:/home/pi/ugv_ws/install/ugv_tools:/home/pi/ugv_ws/install/ugv_chat_ai:/home/pi/ugv_ws/install/ugv_bringup:/opt/ros/humble /usr/bin/cmake --build /home/pi/ugv_ws/build/apriltag -- -j4 -l4
[7.248s] Invoking command in '/home/pi/ugv_ws/build/apriltag': CMAKE_PREFIX_PATH=${CMAKE_PREFIX_PATH}:/home/pi/ugv_ws/install/ugv_web_app:/home/pi/ugv_ws/install/ugv_vision:/home/pi/ugv_ws/install/ugv_tools:/home/pi/ugv_ws/install/ugv_chat_ai:/home/pi/ugv_ws/install/ugv_bringup:/opt/ros/humble /usr/bin/cmake --install /home/pi/ugv_ws/build/apriltag
[7.399s] -- Install configuration: "Release"
[7.400s] -- Up-to-date: /home/pi/ugv_ws/install/apriltag/include/apriltag/apriltag.h
[7.401s] -- Up-to-date: /home/pi/ugv_ws/install/apriltag/include/apriltag/apriltag_math.h
[7.402s] -- Up-to-date: /home/pi/ugv_ws/install/apriltag/include/apriltag/apriltag_pose.h
[7.403s] -- Up-to-date: /home/pi/ugv_ws/install/apriltag/include/apriltag/common/debug_print.h
[7.403s] -- Up-to-date: /home/pi/ugv_ws/install/apriltag/include/apriltag/common/doubles.h
[7.404s] -- Up-to-date: /home/pi/ugv_ws/install/apriltag/include/apriltag/common/doubles_floats_impl.h
[7.404s] -- Up-to-date: /home/pi/ugv_ws/install/apriltag/include/apriltag/common/floats.h
[7.405s] -- Up-to-date: /home/pi/ugv_ws/install/apriltag/include/apriltag/common/g2d.h
[7.406s] -- Up-to-date: /home/pi/ugv_ws/install/apriltag/include/apriltag/common/getopt.h
[7.406s] -- Up-to-date: /home/pi/ugv_ws/install/apriltag/include/apriltag/common/homography.h
[7.407s] -- Up-to-date: /home/pi/ugv_ws/install/apriltag/include/apriltag/common/image_types.h
[7.407s] -- Up-to-date: /home/pi/ugv_ws/install/apriltag/include/apriltag/common/image_u8.h
[7.408s] -- Up-to-date: /home/pi/ugv_ws/install/apriltag/include/apriltag/common/image_u8x3.h
[7.409s] -- Up-to-date: /home/pi/ugv_ws/install/apriltag/include/apriltag/common/image_u8x4.h
[7.409s] -- Up-to-date: /home/pi/ugv_ws/install/apriltag/include/apriltag/common/matd.h
[7.410s] -- Up-to-date: /home/pi/ugv_ws/install/apriltag/include/apriltag/common/math_util.h
[7.411s] -- Up-to-date: /home/pi/ugv_ws/install/apriltag/include/apriltag/common/pam.h
[7.411s] -- Up-to-date: /home/pi/ugv_ws/install/apriltag/include/apriltag/common/pjpeg.h
[7.412s] -- Up-to-date: /home/pi/ugv_ws/install/apriltag/include/apriltag/common/pnm.h
[7.413s] -- Up-to-date: /home/pi/ugv_ws/install/apriltag/include/apriltag/common/postscript_utils.h
[7.414s] -- Up-to-date: /home/pi/ugv_ws/install/apriltag/include/apriltag/common/pthreads_cross.h
[7.414s] -- Up-to-date: /home/pi/ugv_ws/install/apriltag/include/apriltag/common/string_util.h
[7.415s] -- Up-to-date: /home/pi/ugv_ws/install/apriltag/include/apriltag/common/svd22.h
[7.416s] -- Up-to-date: /home/pi/ugv_ws/install/apriltag/include/apriltag/common/time_util.h
[7.417s] -- Up-to-date: /home/pi/ugv_ws/install/apriltag/include/apriltag/common/timeprofile.h
[7.417s] -- Up-to-date: /home/pi/ugv_ws/install/apriltag/include/apriltag/common/unionfind.h
[7.418s] -- Up-to-date: /home/pi/ugv_ws/install/apriltag/include/apriltag/common/workerpool.h
[7.418s] -- Up-to-date: /home/pi/ugv_ws/install/apriltag/include/apriltag/common/zarray.h
[7.419s] -- Up-to-date: /home/pi/ugv_ws/install/apriltag/include/apriltag/common/zhash.h
[7.420s] -- Up-to-date: /home/pi/ugv_ws/install/apriltag/include/apriltag/common/zmaxheap.h
[7.420s] -- Up-to-date: /home/pi/ugv_ws/install/apriltag/include/apriltag/tag16h5.h
[7.421s] -- Up-to-date: /home/pi/ugv_ws/install/apriltag/include/apriltag/tag25h9.h
[7.422s] -- Up-to-date: /home/pi/ugv_ws/install/apriltag/include/apriltag/tag36h10.h
[7.423s] -- Up-to-date: /home/pi/ugv_ws/install/apriltag/include/apriltag/tag36h11.h
[7.423s] -- Up-to-date: /home/pi/ugv_ws/install/apriltag/include/apriltag/tagCircle21h7.h
[7.424s] -- Up-to-date: /home/pi/ugv_ws/install/apriltag/include/apriltag/tagCircle49h12.h
[7.425s] -- Up-to-date: /home/pi/ugv_ws/install/apriltag/include/apriltag/tagCustom48h12.h
[7.426s] -- Up-to-date: /home/pi/ugv_ws/install/apriltag/include/apriltag/tagStandard41h12.h
[7.427s] -- Up-to-date: /home/pi/ugv_ws/install/apriltag/include/apriltag/tagStandard52h13.h
[7.427s] -- Up-to-date: /home/pi/ugv_ws/install/apriltag/lib/libapriltag.so.3.4.2
[7.428s] -- Up-to-date: /home/pi/ugv_ws/install/apriltag/lib/libapriltag.so.3
[7.428s] -- Up-to-date: /home/pi/ugv_ws/install/apriltag/lib/libapriltag.so
[7.429s] -- Up-to-date: /home/pi/ugv_ws/install/apriltag/share/apriltag/cmake/apriltagTargets.cmake
[7.430s] -- Up-to-date: /home/pi/ugv_ws/install/apriltag/share/apriltag/cmake/apriltagTargets-release.cmake
[7.431s] -- Up-to-date: /home/pi/ugv_ws/install/apriltag/share/apriltag/cmake/apriltagConfig.cmake
[7.432s] -- Up-to-date: /home/pi/ugv_ws/install/apriltag/share/apriltag/cmake/apriltagConfigVersion.cmake
[7.433s] -- Up-to-date: /home/pi/ugv_ws/install/apriltag/lib/pkgconfig/apriltag.pc
[7.433s] -- Installing: /home/pi/ugv_ws/install/apriltag/lib/python3.10/site-packages/apriltag.cpython-310-aarch64-linux-gnu.so
[7.434s] -- Set runtime path of "/home/pi/ugv_ws/install/apriltag/lib/python3.10/site-packages/apriltag.cpython-310-aarch64-linux-gnu.so" to ""
[7.435s] -- Up-to-date: /home/pi/ugv_ws/install/apriltag/bin/opencv_demo
[7.435s] -- Up-to-date: /home/pi/ugv_ws/install/apriltag/bin/apriltag_demo
[7.499s] Invoked command in '/home/pi/ugv_ws/build/apriltag' returned '0': CMAKE_PREFIX_PATH=${CMAKE_PREFIX_PATH}:/home/pi/ugv_ws/install/ugv_web_app:/home/pi/ugv_ws/install/ugv_vision:/home/pi/ugv_ws/install/ugv_tools:/home/pi/ugv_ws/install/ugv_chat_ai:/home/pi/ugv_ws/install/ugv_bringup:/opt/ros/humble /usr/bin/cmake --install /home/pi/ugv_ws/build/apriltag
