[0.130s] Invoking command in '/home/pi/ugv_ws/build/slam_gmapping': CMAKE_PREFIX_PATH=/home/pi/ugv_ws/install/openslam_gmapping:/home/pi/ugv_ws/install/vizanti:/home/pi/ugv_ws/install/vizanti_server:/home/pi/ugv_ws/install/vizanti_demos:/home/pi/ugv_ws/install/vizanti_msgs:/home/pi/ugv_ws/install/vizanti_cpp:/home/pi/ugv_ws/install/ugv_slam:/home/pi/ugv_ws/install/ugv_nav:/home/pi/ugv_ws/install/ugv_interface:/home/pi/ugv_ws/install/ugv_gazebo:/home/pi/ugv_ws/install/ugv_description:/home/pi/ugv_ws/install/ugv_base_node:/home/pi/ugv_ws/install/teb_local_planner:/home/pi/ugv_ws/install/teb_msgs:/home/pi/ugv_ws/install/sllidar_ros2:/home/pi/ugv_ws/install/slam_gmapping:/home/pi/ugv_ws/install/robot_pose_publisher:/home/pi/ugv_ws/install/rf2o_laser_odometry:/home/pi/ugv_ws/install/ldlidar:/home/pi/ugv_ws/install/explore_lite:/home/pi/ugv_ws/install/emcl2:/home/pi/ugv_ws/install/costmap_converter:/home/pi/ugv_ws/install/costmap_converter_msgs:/home/pi/ugv_ws/install/cartographer:/home/pi/ugv_ws/install/apriltag_ros:/home/pi/ugv_ws/install/apriltag_msgs:/home/pi/ugv_ws/install/apriltag:/home/pi/ugv_ws/install/ugv_web_app:/home/pi/ugv_ws/install/ugv_vision:/home/pi/ugv_ws/install/ugv_tools:/home/pi/ugv_ws/install/ugv_chat_ai:/home/pi/ugv_ws/install/ugv_bringup:/opt/ros/humble /usr/bin/cmake /home/pi/ugv_ws/src/ugv_else/gmapping/slam_gmapping -DAMENT_CMAKE_SYMLINK_INSTALL=1 -DCMAKE_INSTALL_PREFIX=/home/pi/ugv_ws/install/slam_gmapping
[0.241s] [0m -fuse-ld=lld -Wl,--disable-new-dtags[0m
[0.244s] -- Found ament_cmake: 1.3.11 (/opt/ros/humble/share/ament_cmake/cmake)
[1.371s] -- Override CMake install command with custom implementation using symlinks instead of copying resources
[1.545s] -- Found std_msgs: 4.2.4 (/opt/ros/humble/share/std_msgs/cmake)
[1.927s] -- Found rosidl_generator_c: 3.1.6 (/opt/ros/humble/share/rosidl_generator_c/cmake)
[1.939s] -- Found rosidl_adapter: 3.1.6 (/opt/ros/humble/share/rosidl_adapter/cmake)
[1.967s] -- Found rosidl_generator_cpp: 3.1.6 (/opt/ros/humble/share/rosidl_generator_cpp/cmake)
[2.015s] -- Using all available rosidl_typesupport_c: rosidl_typesupport_fastrtps_c;rosidl_typesupport_introspection_c
[2.074s] -- Using all available rosidl_typesupport_cpp: rosidl_typesupport_fastrtps_cpp;rosidl_typesupport_introspection_cpp
[2.176s] -- Found nav_msgs: 4.2.4 (/opt/ros/humble/share/nav_msgs/cmake)
[2.312s] -- Found tf2: 0.25.11 (/opt/ros/humble/share/tf2/cmake)
[2.331s] -- Found tf2_ros: 0.25.11 (/opt/ros/humble/share/tf2_ros/cmake)
[2.556s] -- Found rmw_implementation_cmake: 6.1.2 (/opt/ros/humble/share/rmw_implementation_cmake/cmake)
[2.568s] -- Found rmw_fastrtps_cpp: 6.2.7 (/opt/ros/humble/share/rmw_fastrtps_cpp/cmake)
[3.918s] -- Using RMW implementation 'rmw_fastrtps_cpp' as default
[4.397s] -- Found tf2_geometry_msgs: 0.25.11 (/opt/ros/humble/share/tf2_geometry_msgs/cmake)
[4.419s] -- Found eigen3_cmake_module: 0.1.1 (/opt/ros/humble/share/eigen3_cmake_module/cmake)
[4.428s] -- Ensuring Eigen3 include directory is part of orocos-kdl CMake target
[4.438s] -- Found sensor_msgs: 4.2.4 (/opt/ros/humble/share/sensor_msgs/cmake)
[4.530s] -- Found visualization_msgs: 4.2.4 (/opt/ros/humble/share/visualization_msgs/cmake)
[4.634s] -- Found openslam_gmapping: 0.1.2 (/home/pi/ugv_ws/install/openslam_gmapping/share/openslam_gmapping/cmake)
[4.646s] -- Found ament_lint_auto: 0.12.11 (/opt/ros/humble/share/ament_lint_auto/cmake)
[5.208s] -- Added test 'cppcheck' to perform static code analysis on C / C++ code
[5.210s] -- Configured cppcheck include dirs: /home/pi/ugv_ws/src/ugv_else/gmapping/slam_gmapping/include
[5.210s] -- Configured cppcheck exclude dirs and/or files: 
[5.212s] -- Added test 'flake8' to check Python code syntax and style conventions
[5.215s] -- Added test 'lint_cmake' to check CMake code style
[5.217s] -- Added test 'pep257' to check Python code against some of the docstring style conventions in PEP 257
[5.225s] -- Added test 'uncrustify' to check C / C++ code style
[5.226s] -- Configured uncrustify additional arguments: 
[5.228s] -- Added test 'xmllint' to check XML markup files
[5.236s] -- Configuring done
[5.364s] -- Generating done
[5.395s] -- Build files have been written to: /home/pi/ugv_ws/build/slam_gmapping
[5.450s] Invoked command in '/home/pi/ugv_ws/build/slam_gmapping' returned '0': CMAKE_PREFIX_PATH=/home/pi/ugv_ws/install/openslam_gmapping:/home/pi/ugv_ws/install/vizanti:/home/pi/ugv_ws/install/vizanti_server:/home/pi/ugv_ws/install/vizanti_demos:/home/pi/ugv_ws/install/vizanti_msgs:/home/pi/ugv_ws/install/vizanti_cpp:/home/pi/ugv_ws/install/ugv_slam:/home/pi/ugv_ws/install/ugv_nav:/home/pi/ugv_ws/install/ugv_interface:/home/pi/ugv_ws/install/ugv_gazebo:/home/pi/ugv_ws/install/ugv_description:/home/pi/ugv_ws/install/ugv_base_node:/home/pi/ugv_ws/install/teb_local_planner:/home/pi/ugv_ws/install/teb_msgs:/home/pi/ugv_ws/install/sllidar_ros2:/home/pi/ugv_ws/install/slam_gmapping:/home/pi/ugv_ws/install/robot_pose_publisher:/home/pi/ugv_ws/install/rf2o_laser_odometry:/home/pi/ugv_ws/install/ldlidar:/home/pi/ugv_ws/install/explore_lite:/home/pi/ugv_ws/install/emcl2:/home/pi/ugv_ws/install/costmap_converter:/home/pi/ugv_ws/install/costmap_converter_msgs:/home/pi/ugv_ws/install/cartographer:/home/pi/ugv_ws/install/apriltag_ros:/home/pi/ugv_ws/install/apriltag_msgs:/home/pi/ugv_ws/install/apriltag:/home/pi/ugv_ws/install/ugv_web_app:/home/pi/ugv_ws/install/ugv_vision:/home/pi/ugv_ws/install/ugv_tools:/home/pi/ugv_ws/install/ugv_chat_ai:/home/pi/ugv_ws/install/ugv_bringup:/opt/ros/humble /usr/bin/cmake /home/pi/ugv_ws/src/ugv_else/gmapping/slam_gmapping -DAMENT_CMAKE_SYMLINK_INSTALL=1 -DCMAKE_INSTALL_PREFIX=/home/pi/ugv_ws/install/slam_gmapping
[5.452s] Invoking command in '/home/pi/ugv_ws/build/slam_gmapping': CMAKE_PREFIX_PATH=/home/pi/ugv_ws/install/openslam_gmapping:/home/pi/ugv_ws/install/vizanti:/home/pi/ugv_ws/install/vizanti_server:/home/pi/ugv_ws/install/vizanti_demos:/home/pi/ugv_ws/install/vizanti_msgs:/home/pi/ugv_ws/install/vizanti_cpp:/home/pi/ugv_ws/install/ugv_slam:/home/pi/ugv_ws/install/ugv_nav:/home/pi/ugv_ws/install/ugv_interface:/home/pi/ugv_ws/install/ugv_gazebo:/home/pi/ugv_ws/install/ugv_description:/home/pi/ugv_ws/install/ugv_base_node:/home/pi/ugv_ws/install/teb_local_planner:/home/pi/ugv_ws/install/teb_msgs:/home/pi/ugv_ws/install/sllidar_ros2:/home/pi/ugv_ws/install/slam_gmapping:/home/pi/ugv_ws/install/robot_pose_publisher:/home/pi/ugv_ws/install/rf2o_laser_odometry:/home/pi/ugv_ws/install/ldlidar:/home/pi/ugv_ws/install/explore_lite:/home/pi/ugv_ws/install/emcl2:/home/pi/ugv_ws/install/costmap_converter:/home/pi/ugv_ws/install/costmap_converter_msgs:/home/pi/ugv_ws/install/cartographer:/home/pi/ugv_ws/install/apriltag_ros:/home/pi/ugv_ws/install/apriltag_msgs:/home/pi/ugv_ws/install/apriltag:/home/pi/ugv_ws/install/ugv_web_app:/home/pi/ugv_ws/install/ugv_vision:/home/pi/ugv_ws/install/ugv_tools:/home/pi/ugv_ws/install/ugv_chat_ai:/home/pi/ugv_ws/install/ugv_bringup:/opt/ros/humble /usr/bin/cmake --build /home/pi/ugv_ws/build/slam_gmapping -- -j4 -l4
[5.780s] [35m[1mConsolidate compiler generated dependencies of target slam_gmapping[0m
[5.930s] [100%] Built target slam_gmapping
[6.048s] Invoked command in '/home/pi/ugv_ws/build/slam_gmapping' returned '0': CMAKE_PREFIX_PATH=/home/pi/ugv_ws/install/openslam_gmapping:/home/pi/ugv_ws/install/vizanti:/home/pi/ugv_ws/install/vizanti_server:/home/pi/ugv_ws/install/vizanti_demos:/home/pi/ugv_ws/install/vizanti_msgs:/home/pi/ugv_ws/install/vizanti_cpp:/home/pi/ugv_ws/install/ugv_slam:/home/pi/ugv_ws/install/ugv_nav:/home/pi/ugv_ws/install/ugv_interface:/home/pi/ugv_ws/install/ugv_gazebo:/home/pi/ugv_ws/install/ugv_description:/home/pi/ugv_ws/install/ugv_base_node:/home/pi/ugv_ws/install/teb_local_planner:/home/pi/ugv_ws/install/teb_msgs:/home/pi/ugv_ws/install/sllidar_ros2:/home/pi/ugv_ws/install/slam_gmapping:/home/pi/ugv_ws/install/robot_pose_publisher:/home/pi/ugv_ws/install/rf2o_laser_odometry:/home/pi/ugv_ws/install/ldlidar:/home/pi/ugv_ws/install/explore_lite:/home/pi/ugv_ws/install/emcl2:/home/pi/ugv_ws/install/costmap_converter:/home/pi/ugv_ws/install/costmap_converter_msgs:/home/pi/ugv_ws/install/cartographer:/home/pi/ugv_ws/install/apriltag_ros:/home/pi/ugv_ws/install/apriltag_msgs:/home/pi/ugv_ws/install/apriltag:/home/pi/ugv_ws/install/ugv_web_app:/home/pi/ugv_ws/install/ugv_vision:/home/pi/ugv_ws/install/ugv_tools:/home/pi/ugv_ws/install/ugv_chat_ai:/home/pi/ugv_ws/install/ugv_bringup:/opt/ros/humble /usr/bin/cmake --build /home/pi/ugv_ws/build/slam_gmapping -- -j4 -l4
[6.059s] Invoking command in '/home/pi/ugv_ws/build/slam_gmapping': CMAKE_PREFIX_PATH=/home/pi/ugv_ws/install/openslam_gmapping:/home/pi/ugv_ws/install/vizanti:/home/pi/ugv_ws/install/vizanti_server:/home/pi/ugv_ws/install/vizanti_demos:/home/pi/ugv_ws/install/vizanti_msgs:/home/pi/ugv_ws/install/vizanti_cpp:/home/pi/ugv_ws/install/ugv_slam:/home/pi/ugv_ws/install/ugv_nav:/home/pi/ugv_ws/install/ugv_interface:/home/pi/ugv_ws/install/ugv_gazebo:/home/pi/ugv_ws/install/ugv_description:/home/pi/ugv_ws/install/ugv_base_node:/home/pi/ugv_ws/install/teb_local_planner:/home/pi/ugv_ws/install/teb_msgs:/home/pi/ugv_ws/install/sllidar_ros2:/home/pi/ugv_ws/install/slam_gmapping:/home/pi/ugv_ws/install/robot_pose_publisher:/home/pi/ugv_ws/install/rf2o_laser_odometry:/home/pi/ugv_ws/install/ldlidar:/home/pi/ugv_ws/install/explore_lite:/home/pi/ugv_ws/install/emcl2:/home/pi/ugv_ws/install/costmap_converter:/home/pi/ugv_ws/install/costmap_converter_msgs:/home/pi/ugv_ws/install/cartographer:/home/pi/ugv_ws/install/apriltag_ros:/home/pi/ugv_ws/install/apriltag_msgs:/home/pi/ugv_ws/install/apriltag:/home/pi/ugv_ws/install/ugv_web_app:/home/pi/ugv_ws/install/ugv_vision:/home/pi/ugv_ws/install/ugv_tools:/home/pi/ugv_ws/install/ugv_chat_ai:/home/pi/ugv_ws/install/ugv_bringup:/opt/ros/humble /usr/bin/cmake --install /home/pi/ugv_ws/build/slam_gmapping
[6.143s] -- Install configuration: ""
[6.148s] -- Execute custom install script
[6.152s] -- Up-to-date symlink: /home/pi/ugv_ws/install/slam_gmapping/lib/slam_gmapping/slam_gmapping
[6.158s] -- Up-to-date symlink: /home/pi/ugv_ws/install/slam_gmapping/share/slam_gmapping/launch/mapping.launch.py
[6.162s] -- Up-to-date symlink: /home/pi/ugv_ws/install/slam_gmapping/share/ament_index/resource_index/package_run_dependencies/slam_gmapping
[6.166s] -- Up-to-date symlink: /home/pi/ugv_ws/install/slam_gmapping/share/ament_index/resource_index/parent_prefix_path/slam_gmapping
[6.170s] -- Up-to-date symlink: /home/pi/ugv_ws/install/slam_gmapping/share/slam_gmapping/environment/ament_prefix_path.sh
[6.173s] -- Up-to-date symlink: /home/pi/ugv_ws/install/slam_gmapping/share/slam_gmapping/environment/ament_prefix_path.dsv
[6.178s] -- Up-to-date symlink: /home/pi/ugv_ws/install/slam_gmapping/share/slam_gmapping/environment/path.sh
[6.182s] -- Up-to-date symlink: /home/pi/ugv_ws/install/slam_gmapping/share/slam_gmapping/environment/path.dsv
[6.185s] -- Up-to-date symlink: /home/pi/ugv_ws/install/slam_gmapping/share/slam_gmapping/local_setup.bash
[6.186s] -- Up-to-date symlink: /home/pi/ugv_ws/install/slam_gmapping/share/slam_gmapping/local_setup.sh
[6.189s] -- Up-to-date symlink: /home/pi/ugv_ws/install/slam_gmapping/share/slam_gmapping/local_setup.zsh
[6.191s] -- Up-to-date symlink: /home/pi/ugv_ws/install/slam_gmapping/share/slam_gmapping/local_setup.dsv
[6.193s] -- Symlinking: /home/pi/ugv_ws/install/slam_gmapping/share/slam_gmapping/package.dsv
[6.289s] -- Up-to-date symlink: /home/pi/ugv_ws/install/slam_gmapping/share/ament_index/resource_index/packages/slam_gmapping
[6.289s] -- Up-to-date symlink: /home/pi/ugv_ws/install/slam_gmapping/share/slam_gmapping/cmake/slam_gmappingConfig.cmake
[6.290s] -- Up-to-date symlink: /home/pi/ugv_ws/install/slam_gmapping/share/slam_gmapping/cmake/slam_gmappingConfig-version.cmake
[6.291s] -- Up-to-date symlink: /home/pi/ugv_ws/install/slam_gmapping/share/slam_gmapping/package.xml
[6.300s] Invoked command in '/home/pi/ugv_ws/build/slam_gmapping' returned '0': CMAKE_PREFIX_PATH=/home/pi/ugv_ws/install/openslam_gmapping:/home/pi/ugv_ws/install/vizanti:/home/pi/ugv_ws/install/vizanti_server:/home/pi/ugv_ws/install/vizanti_demos:/home/pi/ugv_ws/install/vizanti_msgs:/home/pi/ugv_ws/install/vizanti_cpp:/home/pi/ugv_ws/install/ugv_slam:/home/pi/ugv_ws/install/ugv_nav:/home/pi/ugv_ws/install/ugv_interface:/home/pi/ugv_ws/install/ugv_gazebo:/home/pi/ugv_ws/install/ugv_description:/home/pi/ugv_ws/install/ugv_base_node:/home/pi/ugv_ws/install/teb_local_planner:/home/pi/ugv_ws/install/teb_msgs:/home/pi/ugv_ws/install/sllidar_ros2:/home/pi/ugv_ws/install/slam_gmapping:/home/pi/ugv_ws/install/robot_pose_publisher:/home/pi/ugv_ws/install/rf2o_laser_odometry:/home/pi/ugv_ws/install/ldlidar:/home/pi/ugv_ws/install/explore_lite:/home/pi/ugv_ws/install/emcl2:/home/pi/ugv_ws/install/costmap_converter:/home/pi/ugv_ws/install/costmap_converter_msgs:/home/pi/ugv_ws/install/cartographer:/home/pi/ugv_ws/install/apriltag_ros:/home/pi/ugv_ws/install/apriltag_msgs:/home/pi/ugv_ws/install/apriltag:/home/pi/ugv_ws/install/ugv_web_app:/home/pi/ugv_ws/install/ugv_vision:/home/pi/ugv_ws/install/ugv_tools:/home/pi/ugv_ws/install/ugv_chat_ai:/home/pi/ugv_ws/install/ugv_bringup:/opt/ros/humble /usr/bin/cmake --install /home/pi/ugv_ws/build/slam_gmapping
