[0.211s] Invoking command in '/home/pi/ugv_ws/build/cartographer': CMAKE_PREFIX_PATH=${CMAKE_PREFIX_PATH}:/home/pi/ugv_ws/install/ugv_web_app:/home/pi/ugv_ws/install/ugv_vision:/home/pi/ugv_ws/install/ugv_tools:/home/pi/ugv_ws/install/ugv_chat_ai:/home/pi/ugv_ws/install/ugv_bringup:/opt/ros/humble /usr/bin/cmake --build /home/pi/ugv_ws/build/cartographer -- -j4 -l4
[1.062s] Invoked command in '/home/pi/ugv_ws/build/cartographer' returned '0': CMAKE_PREFIX_PATH=${CMAKE_PREFIX_PATH}:/home/pi/ugv_ws/install/ugv_web_app:/home/pi/ugv_ws/install/ugv_vision:/home/pi/ugv_ws/install/ugv_tools:/home/pi/ugv_ws/install/ugv_chat_ai:/home/pi/ugv_ws/install/ugv_bringup:/opt/ros/humble /usr/bin/cmake --build /home/pi/ugv_ws/build/cartographer -- -j4 -l4
[1.067s] Invoking command in '/home/pi/ugv_ws/build/cartographer': CMAKE_PREFIX_PATH=${CMAKE_PREFIX_PATH}:/home/pi/ugv_ws/install/ugv_web_app:/home/pi/ugv_ws/install/ugv_vision:/home/pi/ugv_ws/install/ugv_tools:/home/pi/ugv_ws/install/ugv_chat_ai:/home/pi/ugv_ws/install/ugv_bringup:/opt/ros/humble /usr/bin/cmake --install /home/pi/ugv_ws/build/cartographer
[1.145s] -- Install configuration: ""
[1.148s] -- Execute custom install script
[1.152s] -- Up-to-date symlink: /home/pi/ugv_ws/install/cartographer/share/cartographer/config/localization_2d.lua
[1.154s] -- Up-to-date symlink: /home/pi/ugv_ws/install/cartographer/share/cartographer/config/mapping_2d.lua
[1.157s] -- Up-to-date symlink: /home/pi/ugv_ws/install/cartographer/share/cartographer/launch/localization.launch.py
[1.159s] -- Up-to-date symlink: /home/pi/ugv_ws/install/cartographer/share/cartographer/launch/mapping.launch.py
[1.162s] -- Up-to-date symlink: /home/pi/ugv_ws/install/cartographer/share/cartographer/launch/occupancy_grid.launch.py
[1.164s] -- Up-to-date symlink: /home/pi/ugv_ws/install/cartographer/share/ament_index/resource_index/package_run_dependencies/cartographer
[1.167s] -- Up-to-date symlink: /home/pi/ugv_ws/install/cartographer/share/ament_index/resource_index/parent_prefix_path/cartographer
[1.170s] -- Up-to-date symlink: /home/pi/ugv_ws/install/cartographer/share/cartographer/environment/ament_prefix_path.sh
[1.172s] -- Up-to-date symlink: /home/pi/ugv_ws/install/cartographer/share/cartographer/environment/ament_prefix_path.dsv
[1.175s] -- Up-to-date symlink: /home/pi/ugv_ws/install/cartographer/share/cartographer/environment/path.sh
[1.177s] -- Up-to-date symlink: /home/pi/ugv_ws/install/cartographer/share/cartographer/environment/path.dsv
[1.180s] -- Up-to-date symlink: /home/pi/ugv_ws/install/cartographer/share/cartographer/local_setup.bash
[1.185s] -- Up-to-date symlink: /home/pi/ugv_ws/install/cartographer/share/cartographer/local_setup.sh
[1.188s] -- Up-to-date symlink: /home/pi/ugv_ws/install/cartographer/share/cartographer/local_setup.zsh
[1.191s] -- Up-to-date symlink: /home/pi/ugv_ws/install/cartographer/share/cartographer/local_setup.dsv
[1.193s] -- Symlinking: /home/pi/ugv_ws/install/cartographer/share/cartographer/package.dsv
[1.318s] -- Up-to-date symlink: /home/pi/ugv_ws/install/cartographer/share/ament_index/resource_index/packages/cartographer
[1.319s] -- Up-to-date symlink: /home/pi/ugv_ws/install/cartographer/share/cartographer/cmake/cartographerConfig.cmake
[1.320s] -- Up-to-date symlink: /home/pi/ugv_ws/install/cartographer/share/cartographer/cmake/cartographerConfig-version.cmake
[1.321s] -- Up-to-date symlink: /home/pi/ugv_ws/install/cartographer/share/cartographer/package.xml
[1.361s] Invoked command in '/home/pi/ugv_ws/build/cartographer' returned '0': CMAKE_PREFIX_PATH=${CMAKE_PREFIX_PATH}:/home/pi/ugv_ws/install/ugv_web_app:/home/pi/ugv_ws/install/ugv_vision:/home/pi/ugv_ws/install/ugv_tools:/home/pi/ugv_ws/install/ugv_chat_ai:/home/pi/ugv_ws/install/ugv_bringup:/opt/ros/humble /usr/bin/cmake --install /home/pi/ugv_ws/build/cartographer
