[0.063s] Invoking command in '/home/pi/ugv_ws/build/slam_gmapping': AMENT_PREFIX_PATH=/home/pi/ugv_ws/install/openslam_gmapping:${AMENT_PREFIX_PATH} CMAKE_PREFIX_PATH=/home/pi/ugv_ws/install/openslam_gmapping:/opt/ros/humble LD_LIBRARY_PATH=/home/pi/ugv_ws/install/openslam_gmapping/lib:${LD_LIBRARY_PATH} /usr/bin/cmake --build /home/pi/ugv_ws/build/slam_gmapping -- -j4 -l4
[0.777s] [100%] Built target slam_gmapping
[0.923s] Invoked command in '/home/pi/ugv_ws/build/slam_gmapping' returned '0': AMENT_PREFIX_PATH=/home/pi/ugv_ws/install/openslam_gmapping:${AMENT_PREFIX_PATH} CMAKE_PREFIX_PATH=/home/pi/ugv_ws/install/openslam_gmapping:/opt/ros/humble LD_LIBRARY_PATH=/home/pi/ugv_ws/install/openslam_gmapping/lib:${LD_LIBRARY_PATH} /usr/bin/cmake --build /home/pi/ugv_ws/build/slam_gmapping -- -j4 -l4
[0.926s] Invoking command in '/home/pi/ugv_ws/build/slam_gmapping': AMENT_PREFIX_PATH=/home/pi/ugv_ws/install/openslam_gmapping:${AMENT_PREFIX_PATH} CMAKE_PREFIX_PATH=/home/pi/ugv_ws/install/openslam_gmapping:/opt/ros/humble LD_LIBRARY_PATH=/home/pi/ugv_ws/install/openslam_gmapping/lib:${LD_LIBRARY_PATH} /usr/bin/cmake --install /home/pi/ugv_ws/build/slam_gmapping
[0.987s] -- Install configuration: ""
[0.999s] -- Execute custom install script
[1.002s] -- Up-to-date symlink: /home/pi/ugv_ws/install/slam_gmapping/lib/slam_gmapping/slam_gmapping
[1.007s] -- Up-to-date symlink: /home/pi/ugv_ws/install/slam_gmapping/share/slam_gmapping/launch/mapping.launch.py
[1.018s] -- Up-to-date symlink: /home/pi/ugv_ws/install/slam_gmapping/share/ament_index/resource_index/package_run_dependencies/slam_gmapping
[1.020s] -- Up-to-date symlink: /home/pi/ugv_ws/install/slam_gmapping/share/ament_index/resource_index/parent_prefix_path/slam_gmapping
[1.022s] -- Up-to-date symlink: /home/pi/ugv_ws/install/slam_gmapping/share/slam_gmapping/environment/ament_prefix_path.sh
[1.023s] -- Up-to-date symlink: /home/pi/ugv_ws/install/slam_gmapping/share/slam_gmapping/environment/ament_prefix_path.dsv
[1.030s] -- Up-to-date symlink: /home/pi/ugv_ws/install/slam_gmapping/share/slam_gmapping/environment/path.sh
[1.031s] -- Up-to-date symlink: /home/pi/ugv_ws/install/slam_gmapping/share/slam_gmapping/environment/path.dsv
[1.033s] -- Up-to-date symlink: /home/pi/ugv_ws/install/slam_gmapping/share/slam_gmapping/local_setup.bash
[1.034s] -- Up-to-date symlink: /home/pi/ugv_ws/install/slam_gmapping/share/slam_gmapping/local_setup.sh
[1.035s] -- Up-to-date symlink: /home/pi/ugv_ws/install/slam_gmapping/share/slam_gmapping/local_setup.zsh
[1.036s] -- Up-to-date symlink: /home/pi/ugv_ws/install/slam_gmapping/share/slam_gmapping/local_setup.dsv
[1.045s] -- Symlinking: /home/pi/ugv_ws/install/slam_gmapping/share/slam_gmapping/package.dsv
[1.155s] -- Up-to-date symlink: /home/pi/ugv_ws/install/slam_gmapping/share/ament_index/resource_index/packages/slam_gmapping
[1.161s] -- Up-to-date symlink: /home/pi/ugv_ws/install/slam_gmapping/share/slam_gmapping/cmake/slam_gmappingConfig.cmake
[1.162s] -- Up-to-date symlink: /home/pi/ugv_ws/install/slam_gmapping/share/slam_gmapping/cmake/slam_gmappingConfig-version.cmake
[1.168s] -- Up-to-date symlink: /home/pi/ugv_ws/install/slam_gmapping/share/slam_gmapping/package.xml
[1.199s] Invoked command in '/home/pi/ugv_ws/build/slam_gmapping' returned '0': AMENT_PREFIX_PATH=/home/pi/ugv_ws/install/openslam_gmapping:${AMENT_PREFIX_PATH} CMAKE_PREFIX_PATH=/home/pi/ugv_ws/install/openslam_gmapping:/opt/ros/humble LD_LIBRARY_PATH=/home/pi/ugv_ws/install/openslam_gmapping/lib:${LD_LIBRARY_PATH} /usr/bin/cmake --install /home/pi/ugv_ws/build/slam_gmapping
