[0.190s] Invoking command in '/home/pi/ugv_ws/build/costmap_converter_msgs': CMAKE_PREFIX_PATH=${CMAKE_PREFIX_PATH}:/home/pi/ugv_ws/install/ugv_web_app:/home/pi/ugv_ws/install/ugv_vision:/home/pi/ugv_ws/install/ugv_tools:/home/pi/ugv_ws/install/ugv_chat_ai:/home/pi/ugv_ws/install/ugv_bringup:/opt/ros/humble /usr/bin/cmake --build /home/pi/ugv_ws/build/costmap_converter_msgs -- -j4 -l4
[0.687s] [  2%] Built target costmap_converter_msgs__cpp
[0.892s] [  2%] Built target ament_cmake_python_symlink_costmap_converter_msgs
[1.084s] [ 12%] Built target costmap_converter_msgs__rosidl_typesupport_fastrtps_cpp
[1.282s] [ 23%] Built target costmap_converter_msgs__rosidl_typesupport_introspection_cpp
[4.147s] running egg_info
[4.149s] writing costmap_converter_msgs.egg-info/PKG-INFO
[4.152s] writing dependency_links to costmap_converter_msgs.egg-info/dependency_links.txt
[4.154s] writing top-level names to costmap_converter_msgs.egg-info/top_level.txt
[4.278s] reading manifest file 'costmap_converter_msgs.egg-info/SOURCES.txt'
[4.290s] writing manifest file 'costmap_converter_msgs.egg-info/SOURCES.txt'
[4.606s] [ 23%] Built target ament_cmake_python_build_costmap_converter_msgs_egg
[4.777s] [ 33%] Built target costmap_converter_msgs__rosidl_typesupport_cpp
[4.964s] [ 43%] Built target costmap_converter_msgs__rosidl_generator_c
[5.157s] [ 53%] Built target costmap_converter_msgs__rosidl_typesupport_fastrtps_c
[5.324s] [ 64%] Built target costmap_converter_msgs__rosidl_typesupport_c
[5.500s] [ 74%] Built target costmap_converter_msgs__rosidl_typesupport_introspection_c
[5.654s] [ 74%] Built target costmap_converter_msgs
[5.903s] [ 76%] Built target costmap_converter_msgs__py
[6.177s] [ 84%] Built target costmap_converter_msgs__rosidl_generator_py
[6.467s] [ 89%] Built target costmap_converter_msgs__rosidl_typesupport_fastrtps_c__pyext
[6.669s] [ 94%] Built target costmap_converter_msgs__rosidl_typesupport_c__pyext
[6.919s] [100%] Built target costmap_converter_msgs__rosidl_typesupport_introspection_c__pyext
[7.031s] Invoked command in '/home/pi/ugv_ws/build/costmap_converter_msgs' returned '0': CMAKE_PREFIX_PATH=${CMAKE_PREFIX_PATH}:/home/pi/ugv_ws/install/ugv_web_app:/home/pi/ugv_ws/install/ugv_vision:/home/pi/ugv_ws/install/ugv_tools:/home/pi/ugv_ws/install/ugv_chat_ai:/home/pi/ugv_ws/install/ugv_bringup:/opt/ros/humble /usr/bin/cmake --build /home/pi/ugv_ws/build/costmap_converter_msgs -- -j4 -l4
[7.042s] Invoking command in '/home/pi/ugv_ws/build/costmap_converter_msgs': CMAKE_PREFIX_PATH=${CMAKE_PREFIX_PATH}:/home/pi/ugv_ws/install/ugv_web_app:/home/pi/ugv_ws/install/ugv_vision:/home/pi/ugv_ws/install/ugv_tools:/home/pi/ugv_ws/install/ugv_chat_ai:/home/pi/ugv_ws/install/ugv_bringup:/opt/ros/humble /usr/bin/cmake --install /home/pi/ugv_ws/build/costmap_converter_msgs
[7.231s] -- Install configuration: ""
[7.232s] -- Execute custom install script
[7.233s] -- Up-to-date symlink: /home/pi/ugv_ws/install/costmap_converter_msgs/share/ament_index/resource_index/rosidl_interfaces/costmap_converter_msgs
[7.248s] -- Up-to-date symlink: /home/pi/ugv_ws/install/costmap_converter_msgs/include/costmap_converter_msgs/costmap_converter_msgs/msg/detail/obstacle_array_msg__functions.h
[7.248s] -- Up-to-date symlink: /home/pi/ugv_ws/install/costmap_converter_msgs/include/costmap_converter_msgs/costmap_converter_msgs/msg/detail/obstacle_array_msg__struct.h
[7.249s] -- Up-to-date symlink: /home/pi/ugv_ws/install/costmap_converter_msgs/include/costmap_converter_msgs/costmap_converter_msgs/msg/detail/obstacle_array_msg__type_support.h
[7.261s] -- Up-to-date symlink: /home/pi/ugv_ws/install/costmap_converter_msgs/include/costmap_converter_msgs/costmap_converter_msgs/msg/detail/obstacle_msg__functions.h
[7.262s] -- Up-to-date symlink: /home/pi/ugv_ws/install/costmap_converter_msgs/include/costmap_converter_msgs/costmap_converter_msgs/msg/detail/obstacle_msg__struct.h
[7.275s] -- Up-to-date symlink: /home/pi/ugv_ws/install/costmap_converter_msgs/include/costmap_converter_msgs/costmap_converter_msgs/msg/detail/obstacle_msg__type_support.h
[7.276s] -- Up-to-date symlink: /home/pi/ugv_ws/install/costmap_converter_msgs/include/costmap_converter_msgs/costmap_converter_msgs/msg/obstacle_array_msg.h
[7.278s] -- Up-to-date symlink: /home/pi/ugv_ws/install/costmap_converter_msgs/include/costmap_converter_msgs/costmap_converter_msgs/msg/obstacle_msg.h
[7.282s] -- Up-to-date symlink: /home/pi/ugv_ws/install/costmap_converter_msgs/include/costmap_converter_msgs/costmap_converter_msgs/msg/rosidl_generator_c__visibility_control.h
[7.283s] -- Up-to-date symlink: /home/pi/ugv_ws/install/costmap_converter_msgs/share/costmap_converter_msgs/environment/library_path.sh
[7.284s] -- Up-to-date symlink: /home/pi/ugv_ws/install/costmap_converter_msgs/share/costmap_converter_msgs/environment/library_path.dsv
[7.287s] -- Up-to-date symlink: /home/pi/ugv_ws/install/costmap_converter_msgs/include/costmap_converter_msgs/costmap_converter_msgs/msg/detail/obstacle_array_msg__rosidl_typesupport_fastrtps_c.h
[7.290s] -- Up-to-date symlink: /home/pi/ugv_ws/install/costmap_converter_msgs/include/costmap_converter_msgs/costmap_converter_msgs/msg/detail/obstacle_msg__rosidl_typesupport_fastrtps_c.h
[7.290s] -- Up-to-date symlink: /home/pi/ugv_ws/install/costmap_converter_msgs/include/costmap_converter_msgs/costmap_converter_msgs/msg/rosidl_typesupport_fastrtps_c__visibility_control.h
[7.291s] -- Up-to-date symlink: /home/pi/ugv_ws/install/costmap_converter_msgs/include/costmap_converter_msgs/costmap_converter_msgs/msg/detail/obstacle_array_msg__builder.hpp
[7.299s] -- Up-to-date symlink: /home/pi/ugv_ws/install/costmap_converter_msgs/include/costmap_converter_msgs/costmap_converter_msgs/msg/detail/obstacle_array_msg__struct.hpp
[7.300s] -- Up-to-date symlink: /home/pi/ugv_ws/install/costmap_converter_msgs/include/costmap_converter_msgs/costmap_converter_msgs/msg/detail/obstacle_array_msg__traits.hpp
[7.305s] -- Up-to-date symlink: /home/pi/ugv_ws/install/costmap_converter_msgs/include/costmap_converter_msgs/costmap_converter_msgs/msg/detail/obstacle_array_msg__type_support.hpp
[7.306s] -- Up-to-date symlink: /home/pi/ugv_ws/install/costmap_converter_msgs/include/costmap_converter_msgs/costmap_converter_msgs/msg/detail/obstacle_msg__builder.hpp
[7.317s] -- Up-to-date symlink: /home/pi/ugv_ws/install/costmap_converter_msgs/include/costmap_converter_msgs/costmap_converter_msgs/msg/detail/obstacle_msg__struct.hpp
[7.325s] -- Up-to-date symlink: /home/pi/ugv_ws/install/costmap_converter_msgs/include/costmap_converter_msgs/costmap_converter_msgs/msg/detail/obstacle_msg__traits.hpp
[7.326s] -- Up-to-date symlink: /home/pi/ugv_ws/install/costmap_converter_msgs/include/costmap_converter_msgs/costmap_converter_msgs/msg/detail/obstacle_msg__type_support.hpp
[7.327s] -- Up-to-date symlink: /home/pi/ugv_ws/install/costmap_converter_msgs/include/costmap_converter_msgs/costmap_converter_msgs/msg/obstacle_array_msg.hpp
[7.328s] -- Up-to-date symlink: /home/pi/ugv_ws/install/costmap_converter_msgs/include/costmap_converter_msgs/costmap_converter_msgs/msg/obstacle_msg.hpp
[7.328s] -- Up-to-date symlink: /home/pi/ugv_ws/install/costmap_converter_msgs/include/costmap_converter_msgs/costmap_converter_msgs/msg/rosidl_generator_cpp__visibility_control.hpp
[7.331s] -- Up-to-date symlink: /home/pi/ugv_ws/install/costmap_converter_msgs/include/costmap_converter_msgs/costmap_converter_msgs/msg/detail/obstacle_array_msg__rosidl_typesupport_fastrtps_cpp.hpp
[7.331s] -- Up-to-date symlink: /home/pi/ugv_ws/install/costmap_converter_msgs/include/costmap_converter_msgs/costmap_converter_msgs/msg/detail/obstacle_msg__rosidl_typesupport_fastrtps_cpp.hpp
[7.332s] -- Up-to-date symlink: /home/pi/ugv_ws/install/costmap_converter_msgs/include/costmap_converter_msgs/costmap_converter_msgs/msg/rosidl_typesupport_fastrtps_cpp__visibility_control.h
[7.347s] -- Up-to-date symlink: /home/pi/ugv_ws/install/costmap_converter_msgs/include/costmap_converter_msgs/costmap_converter_msgs/msg/detail/obstacle_array_msg__rosidl_typesupport_introspection_c.h
[7.348s] -- Up-to-date symlink: /home/pi/ugv_ws/install/costmap_converter_msgs/include/costmap_converter_msgs/costmap_converter_msgs/msg/detail/obstacle_msg__rosidl_typesupport_introspection_c.h
[7.355s] -- Up-to-date symlink: /home/pi/ugv_ws/install/costmap_converter_msgs/include/costmap_converter_msgs/costmap_converter_msgs/msg/rosidl_typesupport_introspection_c__visibility_control.h
[7.356s] -- Up-to-date symlink: /home/pi/ugv_ws/install/costmap_converter_msgs/include/costmap_converter_msgs/costmap_converter_msgs/msg/detail/obstacle_array_msg__rosidl_typesupport_introspection_cpp.hpp
[7.357s] -- Up-to-date symlink: /home/pi/ugv_ws/install/costmap_converter_msgs/include/costmap_converter_msgs/costmap_converter_msgs/msg/detail/obstacle_msg__rosidl_typesupport_introspection_cpp.hpp
[7.361s] -- Up-to-date symlink: /home/pi/ugv_ws/install/costmap_converter_msgs/share/costmap_converter_msgs/environment/pythonpath.sh
[7.364s] -- Up-to-date symlink: /home/pi/ugv_ws/install/costmap_converter_msgs/share/costmap_converter_msgs/environment/pythonpath.dsv
[7.371s] -- Up-to-date symlink: /home/pi/ugv_ws/install/costmap_converter_msgs/local/lib/python3.10/dist-packages/costmap_converter_msgs-0.1.2-py3.10.egg-info/PKG-INFO
[7.377s] -- Up-to-date symlink: /home/pi/ugv_ws/install/costmap_converter_msgs/local/lib/python3.10/dist-packages/costmap_converter_msgs-0.1.2-py3.10.egg-info/SOURCES.txt
[7.404s] -- Up-to-date symlink: /home/pi/ugv_ws/install/costmap_converter_msgs/local/lib/python3.10/dist-packages/costmap_converter_msgs-0.1.2-py3.10.egg-info/dependency_links.txt
[7.405s] -- Up-to-date symlink: /home/pi/ugv_ws/install/costmap_converter_msgs/local/lib/python3.10/dist-packages/costmap_converter_msgs-0.1.2-py3.10.egg-info/top_level.txt
[7.410s] -- Up-to-date symlink: /home/pi/ugv_ws/install/costmap_converter_msgs/local/lib/python3.10/dist-packages/costmap_converter_msgs/__init__.py
[7.410s] -- Up-to-date symlink: /home/pi/ugv_ws/install/costmap_converter_msgs/local/lib/python3.10/dist-packages/costmap_converter_msgs/_costmap_converter_msgs_s.ep.rosidl_typesupport_c.c
[7.411s] -- Up-to-date symlink: /home/pi/ugv_ws/install/costmap_converter_msgs/local/lib/python3.10/dist-packages/costmap_converter_msgs/_costmap_converter_msgs_s.ep.rosidl_typesupport_fastrtps_c.c
[7.412s] -- Up-to-date symlink: /home/pi/ugv_ws/install/costmap_converter_msgs/local/lib/python3.10/dist-packages/costmap_converter_msgs/_costmap_converter_msgs_s.ep.rosidl_typesupport_introspection_c.c
[7.413s] -- Up-to-date symlink: /home/pi/ugv_ws/install/costmap_converter_msgs/local/lib/python3.10/dist-packages/costmap_converter_msgs/costmap_converter_msgs_s__rosidl_typesupport_c.cpython-310-aarch64-linux-gnu.so
[7.415s] -- Up-to-date symlink: /home/pi/ugv_ws/install/costmap_converter_msgs/local/lib/python3.10/dist-packages/costmap_converter_msgs/costmap_converter_msgs_s__rosidl_typesupport_fastrtps_c.cpython-310-aarch64-linux-gnu.so
[7.431s] -- Up-to-date symlink: /home/pi/ugv_ws/install/costmap_converter_msgs/local/lib/python3.10/dist-packages/costmap_converter_msgs/costmap_converter_msgs_s__rosidl_typesupport_introspection_c.cpython-310-aarch64-linux-gnu.so
[7.432s] -- Up-to-date symlink: /home/pi/ugv_ws/install/costmap_converter_msgs/local/lib/python3.10/dist-packages/costmap_converter_msgs/libcostmap_converter_msgs__rosidl_generator_py.so
[7.432s] -- Up-to-date symlink: /home/pi/ugv_ws/install/costmap_converter_msgs/local/lib/python3.10/dist-packages/costmap_converter_msgs/msg/__init__.py
[7.434s] -- Up-to-date symlink: /home/pi/ugv_ws/install/costmap_converter_msgs/local/lib/python3.10/dist-packages/costmap_converter_msgs/msg/_obstacle_array_msg.py
[7.435s] -- Up-to-date symlink: /home/pi/ugv_ws/install/costmap_converter_msgs/local/lib/python3.10/dist-packages/costmap_converter_msgs/msg/_obstacle_array_msg_s.c
[7.436s] -- Up-to-date symlink: /home/pi/ugv_ws/install/costmap_converter_msgs/local/lib/python3.10/dist-packages/costmap_converter_msgs/msg/_obstacle_msg.py
[7.442s] -- Up-to-date symlink: /home/pi/ugv_ws/install/costmap_converter_msgs/local/lib/python3.10/dist-packages/costmap_converter_msgs/msg/_obstacle_msg_s.c
[7.453s] -- Up-to-date symlink: /home/pi/ugv_ws/install/costmap_converter_msgs/local/lib/python3.10/dist-packages/costmap_converter_msgs/costmap_converter_msgs_s__rosidl_typesupport_fastrtps_c.cpython-310-aarch64-linux-gnu.so
[7.455s] -- Up-to-date symlink: /home/pi/ugv_ws/install/costmap_converter_msgs/local/lib/python3.10/dist-packages/costmap_converter_msgs/costmap_converter_msgs_s__rosidl_typesupport_introspection_c.cpython-310-aarch64-linux-gnu.so
[7.456s] -- Up-to-date symlink: /home/pi/ugv_ws/install/costmap_converter_msgs/local/lib/python3.10/dist-packages/costmap_converter_msgs/costmap_converter_msgs_s__rosidl_typesupport_c.cpython-310-aarch64-linux-gnu.so
[7.457s] -- Up-to-date symlink: /home/pi/ugv_ws/install/costmap_converter_msgs/share/costmap_converter_msgs/msg/ObstacleMsg.idl
[7.458s] -- Up-to-date symlink: /home/pi/ugv_ws/install/costmap_converter_msgs/share/costmap_converter_msgs/msg/ObstacleArrayMsg.idl
[7.458s] -- Up-to-date symlink: /home/pi/ugv_ws/install/costmap_converter_msgs/share/costmap_converter_msgs/msg/ObstacleMsg.msg
[7.469s] -- Up-to-date symlink: /home/pi/ugv_ws/install/costmap_converter_msgs/share/costmap_converter_msgs/msg/ObstacleArrayMsg.msg
[7.472s] -- Up-to-date symlink: /home/pi/ugv_ws/install/costmap_converter_msgs/share/ament_index/resource_index/package_run_dependencies/costmap_converter_msgs
[7.473s] -- Up-to-date symlink: /home/pi/ugv_ws/install/costmap_converter_msgs/share/ament_index/resource_index/parent_prefix_path/costmap_converter_msgs
[7.474s] -- Up-to-date symlink: /home/pi/ugv_ws/install/costmap_converter_msgs/share/costmap_converter_msgs/environment/ament_prefix_path.sh
[7.475s] -- Up-to-date symlink: /home/pi/ugv_ws/install/costmap_converter_msgs/share/costmap_converter_msgs/environment/ament_prefix_path.dsv
[7.475s] -- Up-to-date symlink: /home/pi/ugv_ws/install/costmap_converter_msgs/share/costmap_converter_msgs/environment/path.sh
[7.476s] -- Up-to-date symlink: /home/pi/ugv_ws/install/costmap_converter_msgs/share/costmap_converter_msgs/environment/path.dsv
[7.476s] -- Up-to-date symlink: /home/pi/ugv_ws/install/costmap_converter_msgs/share/costmap_converter_msgs/local_setup.bash
[7.476s] -- Up-to-date symlink: /home/pi/ugv_ws/install/costmap_converter_msgs/share/costmap_converter_msgs/local_setup.sh
[7.492s] -- Up-to-date symlink: /home/pi/ugv_ws/install/costmap_converter_msgs/share/costmap_converter_msgs/local_setup.zsh
[7.493s] -- Up-to-date symlink: /home/pi/ugv_ws/install/costmap_converter_msgs/share/costmap_converter_msgs/local_setup.dsv
[7.499s] -- Symlinking: /home/pi/ugv_ws/install/costmap_converter_msgs/share/costmap_converter_msgs/package.dsv
[7.530s] -- Up-to-date symlink: /home/pi/ugv_ws/install/costmap_converter_msgs/share/ament_index/resource_index/packages/costmap_converter_msgs
[7.531s] -- Up-to-date symlink: /home/pi/ugv_ws/install/costmap_converter_msgs/share/costmap_converter_msgs/cmake/rosidl_cmake-extras.cmake
[7.532s] -- Up-to-date symlink: /home/pi/ugv_ws/install/costmap_converter_msgs/share/costmap_converter_msgs/cmake/ament_cmake_export_dependencies-extras.cmake
[7.532s] -- Up-to-date symlink: /home/pi/ugv_ws/install/costmap_converter_msgs/share/costmap_converter_msgs/cmake/ament_cmake_export_include_directories-extras.cmake
[7.533s] -- Up-to-date symlink: /home/pi/ugv_ws/install/costmap_converter_msgs/share/costmap_converter_msgs/cmake/ament_cmake_export_libraries-extras.cmake
[7.534s] -- Up-to-date symlink: /home/pi/ugv_ws/install/costmap_converter_msgs/share/costmap_converter_msgs/cmake/ament_cmake_export_targets-extras.cmake
[7.537s] -- Up-to-date symlink: /home/pi/ugv_ws/install/costmap_converter_msgs/share/costmap_converter_msgs/cmake/rosidl_cmake_export_typesupport_targets-extras.cmake
[7.537s] -- Up-to-date symlink: /home/pi/ugv_ws/install/costmap_converter_msgs/share/costmap_converter_msgs/cmake/rosidl_cmake_export_typesupport_libraries-extras.cmake
[7.538s] -- Up-to-date symlink: /home/pi/ugv_ws/install/costmap_converter_msgs/share/costmap_converter_msgs/cmake/costmap_converter_msgsConfig.cmake
[7.538s] -- Up-to-date symlink: /home/pi/ugv_ws/install/costmap_converter_msgs/share/costmap_converter_msgs/cmake/costmap_converter_msgsConfig-version.cmake
[7.539s] -- Up-to-date symlink: /home/pi/ugv_ws/install/costmap_converter_msgs/share/costmap_converter_msgs/package.xml
[7.540s] -- Up-to-date: /home/pi/ugv_ws/install/costmap_converter_msgs/lib/libcostmap_converter_msgs__rosidl_generator_c.so
[7.541s] -- Up-to-date: /home/pi/ugv_ws/install/costmap_converter_msgs/lib/libcostmap_converter_msgs__rosidl_typesupport_fastrtps_c.so
[7.556s] -- Up-to-date: /home/pi/ugv_ws/install/costmap_converter_msgs/lib/libcostmap_converter_msgs__rosidl_typesupport_fastrtps_cpp.so
[7.557s] -- Up-to-date: /home/pi/ugv_ws/install/costmap_converter_msgs/lib/libcostmap_converter_msgs__rosidl_typesupport_introspection_c.so
[7.558s] -- Up-to-date: /home/pi/ugv_ws/install/costmap_converter_msgs/lib/libcostmap_converter_msgs__rosidl_typesupport_c.so
[7.558s] -- Up-to-date: /home/pi/ugv_ws/install/costmap_converter_msgs/lib/libcostmap_converter_msgs__rosidl_typesupport_introspection_cpp.so
[7.559s] -- Up-to-date: /home/pi/ugv_ws/install/costmap_converter_msgs/lib/libcostmap_converter_msgs__rosidl_typesupport_cpp.so
[7.730s] Listing '/home/pi/ugv_ws/install/costmap_converter_msgs/local/lib/python3.10/dist-packages/costmap_converter_msgs'...
[7.730s] Listing '/home/pi/ugv_ws/install/costmap_converter_msgs/local/lib/python3.10/dist-packages/costmap_converter_msgs/msg'...
[7.799s] -- Up-to-date: /home/pi/ugv_ws/install/costmap_converter_msgs/lib/libcostmap_converter_msgs__rosidl_generator_py.so
[7.805s] -- Up-to-date: /home/pi/ugv_ws/install/costmap_converter_msgs/share/costmap_converter_msgs/cmake/export_costmap_converter_msgs__rosidl_generator_cExport.cmake
[7.806s] -- Up-to-date: /home/pi/ugv_ws/install/costmap_converter_msgs/share/costmap_converter_msgs/cmake/export_costmap_converter_msgs__rosidl_generator_cExport-noconfig.cmake
[7.810s] -- Up-to-date: /home/pi/ugv_ws/install/costmap_converter_msgs/share/costmap_converter_msgs/cmake/export_costmap_converter_msgs__rosidl_typesupport_fastrtps_cExport.cmake
[7.812s] -- Up-to-date: /home/pi/ugv_ws/install/costmap_converter_msgs/share/costmap_converter_msgs/cmake/export_costmap_converter_msgs__rosidl_typesupport_fastrtps_cExport-noconfig.cmake
[7.812s] -- Up-to-date: /home/pi/ugv_ws/install/costmap_converter_msgs/share/costmap_converter_msgs/cmake/export_costmap_converter_msgs__rosidl_generator_cppExport.cmake
[7.826s] -- Up-to-date: /home/pi/ugv_ws/install/costmap_converter_msgs/share/costmap_converter_msgs/cmake/export_costmap_converter_msgs__rosidl_typesupport_fastrtps_cppExport.cmake
[7.827s] -- Up-to-date: /home/pi/ugv_ws/install/costmap_converter_msgs/share/costmap_converter_msgs/cmake/export_costmap_converter_msgs__rosidl_typesupport_fastrtps_cppExport-noconfig.cmake
[7.827s] -- Up-to-date: /home/pi/ugv_ws/install/costmap_converter_msgs/share/costmap_converter_msgs/cmake/costmap_converter_msgs__rosidl_typesupport_introspection_cExport.cmake
[7.828s] -- Up-to-date: /home/pi/ugv_ws/install/costmap_converter_msgs/share/costmap_converter_msgs/cmake/costmap_converter_msgs__rosidl_typesupport_introspection_cExport-noconfig.cmake
[7.838s] -- Up-to-date: /home/pi/ugv_ws/install/costmap_converter_msgs/share/costmap_converter_msgs/cmake/costmap_converter_msgs__rosidl_typesupport_cExport.cmake
[7.839s] -- Up-to-date: /home/pi/ugv_ws/install/costmap_converter_msgs/share/costmap_converter_msgs/cmake/costmap_converter_msgs__rosidl_typesupport_cExport-noconfig.cmake
[7.841s] -- Up-to-date: /home/pi/ugv_ws/install/costmap_converter_msgs/share/costmap_converter_msgs/cmake/costmap_converter_msgs__rosidl_typesupport_introspection_cppExport.cmake
[7.842s] -- Up-to-date: /home/pi/ugv_ws/install/costmap_converter_msgs/share/costmap_converter_msgs/cmake/costmap_converter_msgs__rosidl_typesupport_introspection_cppExport-noconfig.cmake
[7.844s] -- Up-to-date: /home/pi/ugv_ws/install/costmap_converter_msgs/share/costmap_converter_msgs/cmake/costmap_converter_msgs__rosidl_typesupport_cppExport.cmake
[7.853s] -- Up-to-date: /home/pi/ugv_ws/install/costmap_converter_msgs/share/costmap_converter_msgs/cmake/costmap_converter_msgs__rosidl_typesupport_cppExport-noconfig.cmake
[7.853s] -- Up-to-date: /home/pi/ugv_ws/install/costmap_converter_msgs/share/costmap_converter_msgs/cmake/export_costmap_converter_msgs__rosidl_generator_pyExport.cmake
[7.855s] -- Up-to-date: /home/pi/ugv_ws/install/costmap_converter_msgs/share/costmap_converter_msgs/cmake/export_costmap_converter_msgs__rosidl_generator_pyExport-noconfig.cmake
[7.871s] Invoked command in '/home/pi/ugv_ws/build/costmap_converter_msgs' returned '0': CMAKE_PREFIX_PATH=${CMAKE_PREFIX_PATH}:/home/pi/ugv_ws/install/ugv_web_app:/home/pi/ugv_ws/install/ugv_vision:/home/pi/ugv_ws/install/ugv_tools:/home/pi/ugv_ws/install/ugv_chat_ai:/home/pi/ugv_ws/install/ugv_bringup:/opt/ros/humble /usr/bin/cmake --install /home/pi/ugv_ws/build/costmap_converter_msgs
