[0.247s] Invoking command in '/home/pi/ugv_ws/build/ugv_description': CMAKE_PREFIX_PATH=${CMAKE_PREFIX_PATH}:/home/pi/ugv_ws/install/ugv_web_app:/home/pi/ugv_ws/install/ugv_vision:/home/pi/ugv_ws/install/ugv_tools:/home/pi/ugv_ws/install/ugv_chat_ai:/home/pi/ugv_ws/install/ugv_bringup:/opt/ros/humble /usr/bin/cmake --build /home/pi/ugv_ws/build/ugv_description -- -j4 -l4
[0.521s] Invoked command in '/home/pi/ugv_ws/build/ugv_description' returned '0': CMAKE_PREFIX_PATH=${CMAKE_PREFIX_PATH}:/home/pi/ugv_ws/install/ugv_web_app:/home/pi/ugv_ws/install/ugv_vision:/home/pi/ugv_ws/install/ugv_tools:/home/pi/ugv_ws/install/ugv_chat_ai:/home/pi/ugv_ws/install/ugv_bringup:/opt/ros/humble /usr/bin/cmake --build /home/pi/ugv_ws/build/ugv_description -- -j4 -l4
[0.532s] Invoking command in '/home/pi/ugv_ws/build/ugv_description': CMAKE_PREFIX_PATH=${CMAKE_PREFIX_PATH}:/home/pi/ugv_ws/install/ugv_web_app:/home/pi/ugv_ws/install/ugv_vision:/home/pi/ugv_ws/install/ugv_tools:/home/pi/ugv_ws/install/ugv_chat_ai:/home/pi/ugv_ws/install/ugv_bringup:/opt/ros/humble /usr/bin/cmake --install /home/pi/ugv_ws/build/ugv_description
[0.589s] -- Install configuration: ""
[0.593s] -- Execute custom install script
[0.597s] -- Up-to-date symlink: /home/pi/ugv_ws/install/ugv_description/share/ugv_description/launch/display.launch.py
[0.602s] -- Up-to-date symlink: /home/pi/ugv_ws/install/ugv_description/share/ugv_description/meshes/rasp_rover/base_lidar_link.stl
[0.604s] -- Up-to-date symlink: /home/pi/ugv_ws/install/ugv_description/share/ugv_description/meshes/rasp_rover/base_link.stl
[0.606s] -- Up-to-date symlink: /home/pi/ugv_ws/install/ugv_description/share/ugv_description/meshes/rasp_rover/left_down_wheel_link.stl
[0.609s] -- Up-to-date symlink: /home/pi/ugv_ws/install/ugv_description/share/ugv_description/meshes/rasp_rover/left_up_wheel_link.stl
[0.611s] -- Up-to-date symlink: /home/pi/ugv_ws/install/ugv_description/share/ugv_description/meshes/rasp_rover/pt_base_link.stl
[0.613s] -- Up-to-date symlink: /home/pi/ugv_ws/install/ugv_description/share/ugv_description/meshes/rasp_rover/pt_camera_link.stl
[0.615s] -- Up-to-date symlink: /home/pi/ugv_ws/install/ugv_description/share/ugv_description/meshes/rasp_rover/pt_link1.stl
[0.617s] -- Up-to-date symlink: /home/pi/ugv_ws/install/ugv_description/share/ugv_description/meshes/rasp_rover/pt_link2.stl
[0.619s] -- Up-to-date symlink: /home/pi/ugv_ws/install/ugv_description/share/ugv_description/meshes/rasp_rover/right_down_wheel_link.stl
[0.621s] -- Up-to-date symlink: /home/pi/ugv_ws/install/ugv_description/share/ugv_description/meshes/rasp_rover/right_up_wheel_link.stl
[0.623s] -- Up-to-date symlink: /home/pi/ugv_ws/install/ugv_description/share/ugv_description/meshes/ugv_beast/3d_camera_link.stl
[0.626s] -- Up-to-date symlink: /home/pi/ugv_ws/install/ugv_description/share/ugv_description/meshes/ugv_beast/base_lidar_link.stl
[0.628s] -- Up-to-date symlink: /home/pi/ugv_ws/install/ugv_description/share/ugv_description/meshes/ugv_beast/base_link.stl
[0.630s] -- Up-to-date symlink: /home/pi/ugv_ws/install/ugv_description/share/ugv_description/meshes/ugv_beast/left_down_wheel_link.stl
[0.632s] -- Up-to-date symlink: /home/pi/ugv_ws/install/ugv_description/share/ugv_description/meshes/ugv_beast/left_up_wheel_link.stl
[0.634s] -- Up-to-date symlink: /home/pi/ugv_ws/install/ugv_description/share/ugv_description/meshes/ugv_beast/pt_base_link.stl
[0.637s] -- Up-to-date symlink: /home/pi/ugv_ws/install/ugv_description/share/ugv_description/meshes/ugv_beast/pt_camera_link.stl
[0.639s] -- Up-to-date symlink: /home/pi/ugv_ws/install/ugv_description/share/ugv_description/meshes/ugv_beast/pt_link1.stl
[0.641s] -- Up-to-date symlink: /home/pi/ugv_ws/install/ugv_description/share/ugv_description/meshes/ugv_beast/pt_link2.stl
[0.644s] -- Up-to-date symlink: /home/pi/ugv_ws/install/ugv_description/share/ugv_description/meshes/ugv_beast/right_down_wheel_link.stl
[0.647s] -- Up-to-date symlink: /home/pi/ugv_ws/install/ugv_description/share/ugv_description/meshes/ugv_beast/right_up_wheel_link.stl
[0.649s] -- Up-to-date symlink: /home/pi/ugv_ws/install/ugv_description/share/ugv_description/meshes/ugv_rover/3d_camera_link.stl
[0.651s] -- Up-to-date symlink: /home/pi/ugv_ws/install/ugv_description/share/ugv_description/meshes/ugv_rover/base_lidar_link.stl
[0.653s] -- Up-to-date symlink: /home/pi/ugv_ws/install/ugv_description/share/ugv_description/meshes/ugv_rover/base_link.stl
[0.656s] -- Up-to-date symlink: /home/pi/ugv_ws/install/ugv_description/share/ugv_description/meshes/ugv_rover/left_down_wheel_link.stl
[0.658s] -- Up-to-date symlink: /home/pi/ugv_ws/install/ugv_description/share/ugv_description/meshes/ugv_rover/left_up_wheel_link.stl
[0.661s] -- Up-to-date symlink: /home/pi/ugv_ws/install/ugv_description/share/ugv_description/meshes/ugv_rover/pt_base_link.stl
[0.663s] -- Up-to-date symlink: /home/pi/ugv_ws/install/ugv_description/share/ugv_description/meshes/ugv_rover/pt_camera_link.stl
[0.666s] -- Up-to-date symlink: /home/pi/ugv_ws/install/ugv_description/share/ugv_description/meshes/ugv_rover/pt_link1.stl
[0.668s] -- Up-to-date symlink: /home/pi/ugv_ws/install/ugv_description/share/ugv_description/meshes/ugv_rover/pt_link2.stl
[0.671s] -- Up-to-date symlink: /home/pi/ugv_ws/install/ugv_description/share/ugv_description/meshes/ugv_rover/right_down_wheel_link.stl
[0.674s] -- Up-to-date symlink: /home/pi/ugv_ws/install/ugv_description/share/ugv_description/meshes/ugv_rover/right_up_wheel_link.stl
[0.677s] -- Up-to-date symlink: /home/pi/ugv_ws/install/ugv_description/share/ugv_description/urdf/rasp_rover.urdf
[0.679s] -- Up-to-date symlink: /home/pi/ugv_ws/install/ugv_description/share/ugv_description/urdf/ugv_beast.urdf
[0.681s] -- Up-to-date symlink: /home/pi/ugv_ws/install/ugv_description/share/ugv_description/urdf/ugv_rover.urdf
[0.684s] -- Up-to-date symlink: /home/pi/ugv_ws/install/ugv_description/share/ugv_description/rviz/view_description.rviz
[0.689s] -- Up-to-date symlink: /home/pi/ugv_ws/install/ugv_description/share/ament_index/resource_index/package_run_dependencies/ugv_description
[0.693s] -- Up-to-date symlink: /home/pi/ugv_ws/install/ugv_description/share/ament_index/resource_index/parent_prefix_path/ugv_description
[0.696s] -- Up-to-date symlink: /home/pi/ugv_ws/install/ugv_description/share/ugv_description/environment/ament_prefix_path.sh
[0.698s] -- Up-to-date symlink: /home/pi/ugv_ws/install/ugv_description/share/ugv_description/environment/ament_prefix_path.dsv
[0.700s] -- Up-to-date symlink: /home/pi/ugv_ws/install/ugv_description/share/ugv_description/environment/path.sh
[0.704s] -- Up-to-date symlink: /home/pi/ugv_ws/install/ugv_description/share/ugv_description/environment/path.dsv
[0.711s] -- Up-to-date symlink: /home/pi/ugv_ws/install/ugv_description/share/ugv_description/local_setup.bash
[0.714s] -- Up-to-date symlink: /home/pi/ugv_ws/install/ugv_description/share/ugv_description/local_setup.sh
[0.717s] -- Up-to-date symlink: /home/pi/ugv_ws/install/ugv_description/share/ugv_description/local_setup.zsh
[0.720s] -- Up-to-date symlink: /home/pi/ugv_ws/install/ugv_description/share/ugv_description/local_setup.dsv
[0.722s] -- Symlinking: /home/pi/ugv_ws/install/ugv_description/share/ugv_description/package.dsv
[0.805s] -- Up-to-date symlink: /home/pi/ugv_ws/install/ugv_description/share/ament_index/resource_index/packages/ugv_description
[0.806s] -- Up-to-date symlink: /home/pi/ugv_ws/install/ugv_description/share/ugv_description/cmake/ament_cmake_export_dependencies-extras.cmake
[0.807s] -- Up-to-date symlink: /home/pi/ugv_ws/install/ugv_description/share/ugv_description/cmake/ugv_descriptionConfig.cmake
[0.809s] -- Up-to-date symlink: /home/pi/ugv_ws/install/ugv_description/share/ugv_description/cmake/ugv_descriptionConfig-version.cmake
[0.810s] -- Up-to-date symlink: /home/pi/ugv_ws/install/ugv_description/share/ugv_description/package.xml
[0.818s] Invoked command in '/home/pi/ugv_ws/build/ugv_description' returned '0': CMAKE_PREFIX_PATH=${CMAKE_PREFIX_PATH}:/home/pi/ugv_ws/install/ugv_web_app:/home/pi/ugv_ws/install/ugv_vision:/home/pi/ugv_ws/install/ugv_tools:/home/pi/ugv_ws/install/ugv_chat_ai:/home/pi/ugv_ws/install/ugv_bringup:/opt/ros/humble /usr/bin/cmake --install /home/pi/ugv_ws/build/ugv_description
