[0.062s] Invoking command in '/home/pi/ugv_ws/build/vizanti_demos': AMENT_PREFIX_PATH=/home/pi/ugv_ws/install/vizanti_msgs:${AMENT_PREFIX_PATH} CMAKE_PREFIX_PATH=/home/pi/ugv_ws/install/vizanti_msgs:/opt/ros/humble LD_LIBRARY_PATH=/home/pi/ugv_ws/install/vizanti_msgs/lib:${LD_LIBRARY_PATH} PYTHONPATH=/home/pi/ugv_ws/install/vizanti_msgs/local/lib/python3.10/dist-packages:${PYTHONPATH} /usr/bin/cmake /home/pi/ugv_ws/src/ugv_else/vizanti/vizanti_demos -DAMENT_CMAKE_SYMLINK_INSTALL=1 -DCMAKE_INSTALL_PREFIX=/home/pi/ugv_ws/install/vizanti_demos
[0.413s] -- The C compiler identification is GNU 11.4.0
[0.741s] -- The CXX compiler identification is GNU 11.4.0
[0.789s] -- Detecting C compiler ABI info
[1.254s] -- Detecting C compiler ABI info - done
[1.290s] -- Check for working C compiler: /usr/bin/cc - skipped
[1.292s] -- Detecting C compile features
[1.296s] -- Detecting C compile features - done
[1.314s] -- Detecting CXX compiler ABI info
[1.791s] -- Detecting CXX compiler ABI info - done
[1.825s] -- Check for working CXX compiler: /usr/bin/c++ - skipped
[1.829s] -- Detecting CXX compile features
[1.832s] -- Detecting CXX compile features - done
[1.874s] -- Found ament_cmake: 1.3.11 (/opt/ros/humble/share/ament_cmake/cmake)
[3.150s] -- Found Python3: /usr/bin/python3 (found version "3.10.12") found components: Interpreter 
[3.631s] -- Override CMake install command with custom implementation using symlinks instead of copying resources
[4.049s] -- Found rclcpp: 16.0.11 (/opt/ros/humble/share/rclcpp/cmake)
[4.565s] -- Found rosidl_generator_c: 3.1.6 (/opt/ros/humble/share/rosidl_generator_c/cmake)
[4.638s] -- Found rosidl_adapter: 3.1.6 (/opt/ros/humble/share/rosidl_adapter/cmake)
[4.732s] -- Found rosidl_generator_cpp: 3.1.6 (/opt/ros/humble/share/rosidl_generator_cpp/cmake)
[4.853s] -- Using all available rosidl_typesupport_c: rosidl_typesupport_fastrtps_c;rosidl_typesupport_introspection_c
[5.019s] -- Using all available rosidl_typesupport_cpp: rosidl_typesupport_fastrtps_cpp;rosidl_typesupport_introspection_cpp
[5.474s] -- Found rmw_implementation_cmake: 6.1.2 (/opt/ros/humble/share/rmw_implementation_cmake/cmake)
[5.510s] -- Found rmw_fastrtps_cpp: 6.2.7 (/opt/ros/humble/share/rmw_fastrtps_cpp/cmake)
[6.266s] -- Found OpenSSL: /usr/lib/aarch64-linux-gnu/libcrypto.so (found version "3.0.2")  
[6.593s] -- Found FastRTPS: /opt/ros/humble/include  
[7.138s] -- Using RMW implementation 'rmw_fastrtps_cpp' as default
[7.254s] -- Looking for pthread.h
[7.742s] -- Looking for pthread.h - found
[7.745s] -- Performing Test CMAKE_HAVE_LIBC_PTHREAD
[8.221s] -- Performing Test CMAKE_HAVE_LIBC_PTHREAD - Success
[8.228s] -- Found Threads: TRUE  
[8.673s] -- Found rclpy: 3.3.15 (/opt/ros/humble/share/rclpy/cmake)
[8.703s] -- Found std_srvs: 4.2.4 (/opt/ros/humble/share/std_srvs/cmake)
[8.797s] -- Found tf2_msgs: 0.25.11 (/opt/ros/humble/share/tf2_msgs/cmake)
[9.213s] -- Found vizanti_msgs: 0.1.0 (/home/pi/ugv_ws/install/vizanti_msgs/share/vizanti_msgs/cmake)
[9.596s] -- Found visualization_msgs: 4.2.4 (/opt/ros/humble/share/visualization_msgs/cmake)
[10.402s] -- Configuring done
[10.458s] -- Generating done
[10.475s] -- Build files have been written to: /home/pi/ugv_ws/build/vizanti_demos
[10.544s] Invoked command in '/home/pi/ugv_ws/build/vizanti_demos' returned '0': AMENT_PREFIX_PATH=/home/pi/ugv_ws/install/vizanti_msgs:${AMENT_PREFIX_PATH} CMAKE_PREFIX_PATH=/home/pi/ugv_ws/install/vizanti_msgs:/opt/ros/humble LD_LIBRARY_PATH=/home/pi/ugv_ws/install/vizanti_msgs/lib:${LD_LIBRARY_PATH} PYTHONPATH=/home/pi/ugv_ws/install/vizanti_msgs/local/lib/python3.10/dist-packages:${PYTHONPATH} /usr/bin/cmake /home/pi/ugv_ws/src/ugv_else/vizanti/vizanti_demos -DAMENT_CMAKE_SYMLINK_INSTALL=1 -DCMAKE_INSTALL_PREFIX=/home/pi/ugv_ws/install/vizanti_demos
[10.546s] Invoking command in '/home/pi/ugv_ws/build/vizanti_demos': AMENT_PREFIX_PATH=/home/pi/ugv_ws/install/vizanti_msgs:${AMENT_PREFIX_PATH} CMAKE_PREFIX_PATH=/home/pi/ugv_ws/install/vizanti_msgs:/opt/ros/humble LD_LIBRARY_PATH=/home/pi/ugv_ws/install/vizanti_msgs/lib:${LD_LIBRARY_PATH} PYTHONPATH=/home/pi/ugv_ws/install/vizanti_msgs/local/lib/python3.10/dist-packages:${PYTHONPATH} /usr/bin/cmake --build /home/pi/ugv_ws/build/vizanti_demos -- -j4 -l4
[10.790s] Invoked command in '/home/pi/ugv_ws/build/vizanti_demos' returned '0': AMENT_PREFIX_PATH=/home/pi/ugv_ws/install/vizanti_msgs:${AMENT_PREFIX_PATH} CMAKE_PREFIX_PATH=/home/pi/ugv_ws/install/vizanti_msgs:/opt/ros/humble LD_LIBRARY_PATH=/home/pi/ugv_ws/install/vizanti_msgs/lib:${LD_LIBRARY_PATH} PYTHONPATH=/home/pi/ugv_ws/install/vizanti_msgs/local/lib/python3.10/dist-packages:${PYTHONPATH} /usr/bin/cmake --build /home/pi/ugv_ws/build/vizanti_demos -- -j4 -l4
[10.802s] Invoking command in '/home/pi/ugv_ws/build/vizanti_demos': AMENT_PREFIX_PATH=/home/pi/ugv_ws/install/vizanti_msgs:${AMENT_PREFIX_PATH} CMAKE_PREFIX_PATH=/home/pi/ugv_ws/install/vizanti_msgs:/opt/ros/humble LD_LIBRARY_PATH=/home/pi/ugv_ws/install/vizanti_msgs/lib:${LD_LIBRARY_PATH} PYTHONPATH=/home/pi/ugv_ws/install/vizanti_msgs/local/lib/python3.10/dist-packages:${PYTHONPATH} /usr/bin/cmake --install /home/pi/ugv_ws/build/vizanti_demos
[10.848s] -- Install configuration: ""
[10.852s] -- Execute custom install script
[10.858s] -- Symlinking: /home/pi/ugv_ws/install/vizanti_demos/share/vizanti_demos//launch/test.launch.py
[10.909s] -- Symlinking: /home/pi/ugv_ws/install/vizanti_demos/lib/vizanti_demos/particle_cloud_to_pose_array.py
[10.959s] -- Symlinking: /home/pi/ugv_ws/install/vizanti_demos/lib/vizanti_demos/path_to_nav2poses.py
[11.010s] -- Symlinking: /home/pi/ugv_ws/install/vizanti_demos/lib/vizanti_demos/test_grid_cells.py
[11.059s] -- Symlinking: /home/pi/ugv_ws/install/vizanti_demos/lib/vizanti_demos/test_marker_array.py
[11.106s] -- Symlinking: /home/pi/ugv_ws/install/vizanti_demos/lib/vizanti_demos/test_tf.py
[11.155s] -- Symlinking: /home/pi/ugv_ws/install/vizanti_demos/share/ament_index/resource_index/package_run_dependencies/vizanti_demos
[11.208s] -- Symlinking: /home/pi/ugv_ws/install/vizanti_demos/share/ament_index/resource_index/parent_prefix_path/vizanti_demos
[11.260s] -- Symlinking: /home/pi/ugv_ws/install/vizanti_demos/share/vizanti_demos/environment/ament_prefix_path.sh
[11.313s] -- Symlinking: /home/pi/ugv_ws/install/vizanti_demos/share/vizanti_demos/environment/ament_prefix_path.dsv
[11.355s] -- Symlinking: /home/pi/ugv_ws/install/vizanti_demos/share/vizanti_demos/environment/path.sh
[11.396s] -- Symlinking: /home/pi/ugv_ws/install/vizanti_demos/share/vizanti_demos/environment/path.dsv
[11.437s] -- Symlinking: /home/pi/ugv_ws/install/vizanti_demos/share/vizanti_demos/local_setup.bash
[11.482s] -- Symlinking: /home/pi/ugv_ws/install/vizanti_demos/share/vizanti_demos/local_setup.sh
[11.523s] -- Symlinking: /home/pi/ugv_ws/install/vizanti_demos/share/vizanti_demos/local_setup.zsh
[11.563s] -- Symlinking: /home/pi/ugv_ws/install/vizanti_demos/share/vizanti_demos/local_setup.dsv
[11.602s] -- Symlinking: /home/pi/ugv_ws/install/vizanti_demos/share/vizanti_demos/package.dsv
[11.641s] -- Symlinking: /home/pi/ugv_ws/install/vizanti_demos/share/ament_index/resource_index/packages/vizanti_demos
[11.686s] -- Symlinking: /home/pi/ugv_ws/install/vizanti_demos/share/vizanti_demos/cmake/vizanti_demosConfig.cmake
[11.743s] -- Symlinking: /home/pi/ugv_ws/install/vizanti_demos/share/vizanti_demos/cmake/vizanti_demosConfig-version.cmake
[11.801s] -- Symlinking: /home/pi/ugv_ws/install/vizanti_demos/share/vizanti_demos/package.xml
[11.868s] Invoked command in '/home/pi/ugv_ws/build/vizanti_demos' returned '0': AMENT_PREFIX_PATH=/home/pi/ugv_ws/install/vizanti_msgs:${AMENT_PREFIX_PATH} CMAKE_PREFIX_PATH=/home/pi/ugv_ws/install/vizanti_msgs:/opt/ros/humble LD_LIBRARY_PATH=/home/pi/ugv_ws/install/vizanti_msgs/lib:${LD_LIBRARY_PATH} PYTHONPATH=/home/pi/ugv_ws/install/vizanti_msgs/local/lib/python3.10/dist-packages:${PYTHONPATH} /usr/bin/cmake --install /home/pi/ugv_ws/build/vizanti_demos
